<?xml version="1.0" encoding="utf-8" standalone="no"?>
<test-run id="0" runstate="Runnable" testcasecount="243" result="Failed" total="243" passed="100" failed="143" warnings="0" inconclusive="0" skipped="0" asserts="253" engine-version="3.18.3.0" clr-version="4.0.30319.42000" start-time="2024-10-27 22:05:41Z" end-time="2024-10-27 22:06:16Z" duration="35.860737">
  <command-line><![CDATA[c:\dev\tools\NUnit.ConsoleRunner.3.18.3\tools\nunit3-console.exe  centazio3.sln]]></command-line>
  <test-suite type="Project" id="1" name="centazio3.sln" fullname="C:\dev\projects\internal_projects\centazio3\centazio3.sln" runstate="Runnable" testcasecount="243" result="Failed" site="Child" total="243" passed="100" failed="143" warnings="0" inconclusive="0" skipped="0" asserts="253">
    <test-suite type="Assembly" id="55-1000" name="Centazio.Test.Lib.dll" fullname="C:\dev\projects\internal_projects\centazio3\src\Centazio.Test.Lib\bin\Debug\net9.0\Centazio.Test.Lib.dll" runstate="NotRunnable" testcasecount="0" result="Failed" label="Invalid" site="SetUp" start-time="2024-10-27T22:05:41.9425445Z" end-time="2024-10-27T22:05:41.9667634Z" duration="0.024235" total="0" passed="0" failed="0" warnings="0" inconclusive="0" skipped="0" asserts="0">
      <environment framework-version="4.0.1.0" clr-version="8.0.8" os-version="Microsoft Windows 10.0.19045" platform="Win32NT" cwd="C:\dev\projects\internal_projects\centazio3" machine-name="PICNETD113" user="guidot" user-domain="PICNET" culture="en-AU" uiculture="en-GB" os-architecture="x64" />
      <settings>
        <setting name="SkipNonTestAssemblies" value="True" />
        <setting name="DisposeRunners" value="True" />
        <setting name="WorkDirectory" value="C:\dev\projects\internal_projects\centazio3" />
        <setting name="ActiveConfig" value="Debug" />
        <setting name="ConfigNames" value="System.Collections.Generic.List`1[System.String]" />
        <setting name="ImageRuntimeVersion" value="4.0.30319" />
        <setting name="ImageTargetFrameworkName" value=".NETCoreApp,Version=v9.0" />
        <setting name="ImageRequiresX86" value="False" />
        <setting name="ImageRequiresDefaultAppDomainAssemblyResolver" value="False" />
        <setting name="TargetRuntimeFramework" value="netcore-9.0" />
        <setting name="NumberOfTestWorkers" value="8" />
      </settings>
      <properties>
        <property name="_SKIPREASON" value="No test fixtures were found." />
        <property name="_PID" value="18364" />
        <property name="_APPDOMAIN" value="nunit-agent" />
      </properties>
      <failure>
        <message><![CDATA[No test fixtures were found.]]></message>
      </failure>
    </test-suite>
    <test-suite type="Assembly" id="56-1" name="Centazio.Core.dll" fullname="C:\dev\projects\internal_projects\centazio3\src\Centazio.Core\bin\Debug\net9.0\Centazio.Core.dll" testcasecount="0" runstate="Runnable" result="Skipped" label="NoTests">
      <properties>
        <property name="_SKIPREASON" value="Skipping non-test assembly" />
      </properties>
      <reason>
        <message>Skipping non-test assembly</message>
      </reason>
    </test-suite>
    <test-suite type="Assembly" id="57-1158" name="Centazio.Core.Tests.dll" fullname="C:\dev\projects\internal_projects\centazio3\tests\Centazio.Core.Tests\bin\Debug\net9.0\Centazio.Core.Tests.dll" runstate="Runnable" testcasecount="120" result="Failed" site="Child" start-time="2024-10-27T22:05:42.5411164Z" end-time="2024-10-27T22:05:43.3734337Z" duration="0.832295" total="120" passed="78" failed="42" warnings="0" inconclusive="0" skipped="0" asserts="209">
      <environment framework-version="4.0.1.0" clr-version="8.0.8" os-version="Microsoft Windows 10.0.19045" platform="Win32NT" cwd="C:\dev\projects\internal_projects\centazio3" machine-name="PICNETD113" user="guidot" user-domain="PICNET" culture="en-AU" uiculture="en-GB" os-architecture="x64" />
      <settings>
        <setting name="SkipNonTestAssemblies" value="True" />
        <setting name="DisposeRunners" value="True" />
        <setting name="WorkDirectory" value="C:\dev\projects\internal_projects\centazio3" />
        <setting name="ActiveConfig" value="Debug" />
        <setting name="ConfigNames" value="System.Collections.Generic.List`1[System.String]" />
        <setting name="ImageRuntimeVersion" value="4.0.30319" />
        <setting name="ImageTargetFrameworkName" value=".NETCoreApp,Version=v9.0" />
        <setting name="ImageRequiresX86" value="False" />
        <setting name="ImageRequiresDefaultAppDomainAssemblyResolver" value="False" />
        <setting name="TargetRuntimeFramework" value="netcore-9.0" />
        <setting name="NumberOfTestWorkers" value="8" />
      </settings>
      <properties>
        <property name="_PID" value="5808" />
        <property name="_APPDOMAIN" value="nunit-agent" />
      </properties>
      <failure>
        <message><![CDATA[One or more child tests had errors]]></message>
      </failure>
      <test-suite type="SetUpFixture" id="57-1000" name="[default namespace]" fullname="Global" classname="Global" runstate="Runnable" testcasecount="120" result="Failed" site="Child" start-time="2024-10-27T22:05:42.5446715Z" end-time="2024-10-27T22:05:43.3734260Z" duration="0.828754" total="120" passed="78" failed="42" warnings="0" inconclusive="0" skipped="0" asserts="209">
        <failure>
          <message><![CDATA[One or more child tests had errors]]></message>
        </failure>
        <test-suite type="TestSuite" id="57-1159" name="Centazio" fullname="Centazio" runstate="Runnable" testcasecount="120" result="Failed" site="Child" start-time="2024-10-27T22:05:42.5679781Z" end-time="2024-10-27T22:05:43.3732604Z" duration="0.805281" total="120" passed="78" failed="42" warnings="0" inconclusive="0" skipped="0" asserts="209">
          <failure>
            <message><![CDATA[One or more child tests had errors]]></message>
          </failure>
          <test-suite type="TestSuite" id="57-1160" name="Core" fullname="Centazio.Core" runstate="Runnable" testcasecount="120" result="Failed" site="Child" start-time="2024-10-27T22:05:42.5680124Z" end-time="2024-10-27T22:05:43.3732572Z" duration="0.805244" total="120" passed="78" failed="42" warnings="0" inconclusive="0" skipped="0" asserts="209">
            <failure>
              <message><![CDATA[One or more child tests had errors]]></message>
            </failure>
            <test-suite type="TestSuite" id="57-1161" name="Tests" fullname="Centazio.Core.Tests" runstate="Runnable" testcasecount="120" result="Failed" site="Child" start-time="2024-10-27T22:05:42.5680233Z" end-time="2024-10-27T22:05:43.3732536Z" duration="0.805230" total="120" passed="78" failed="42" warnings="0" inconclusive="0" skipped="0" asserts="209">
              <failure>
                <message><![CDATA[One or more child tests had errors]]></message>
              </failure>
              <test-suite type="TestSuite" id="57-1176" name="CoreRepo" fullname="Centazio.Core.Tests.CoreRepo" runstate="Runnable" testcasecount="4" result="Passed" start-time="2024-10-27T22:05:42.5680268Z" end-time="2024-10-27T22:05:42.7074591Z" duration="0.139432" total="4" passed="4" failed="0" warnings="0" inconclusive="0" skipped="0" asserts="10">
                <test-suite type="TestFixture" id="57-1153" name="InMemoryBaseCoreStorageRepositoryTests" fullname="Centazio.Core.Tests.CoreRepo.InMemoryBaseCoreStorageRepositoryTests" classname="Centazio.Core.Tests.CoreRepo.InMemoryBaseCoreStorageRepositoryTests" runstate="Runnable" testcasecount="4" result="Passed" start-time="2024-10-27T22:05:42.5681419Z" end-time="2024-10-27T22:05:42.7072570Z" duration="0.139115" total="4" passed="4" failed="0" warnings="0" inconclusive="0" skipped="0" asserts="10">
                  <test-case id="57-1156" name="Test_batch_upsert" fullname="Centazio.Core.Tests.CoreRepo.InMemoryBaseCoreStorageRepositoryTests.Test_batch_upsert" methodname="Test_batch_upsert" classname="Centazio.Test.Lib.BaseProviderTests.BaseCoreStorageRepositoryTests" runstate="Runnable" seed="1831712880" result="Passed" start-time="2024-10-27T22:05:42.5683218Z" end-time="2024-10-27T22:05:42.6851088Z" duration="0.116827" asserts="2" />
                  <test-case id="57-1154" name="Test_get_missing_entity_throws_exception" fullname="Centazio.Core.Tests.CoreRepo.InMemoryBaseCoreStorageRepositoryTests.Test_get_missing_entity_throws_exception" methodname="Test_get_missing_entity_throws_exception" classname="Centazio.Test.Lib.BaseProviderTests.BaseCoreStorageRepositoryTests" runstate="Runnable" seed="1293678888" result="Passed" start-time="2024-10-27T22:05:42.6860721Z" end-time="2024-10-27T22:05:42.6910919Z" duration="0.005020" asserts="2" />
                  <test-case id="57-1155" name="Test_insert_get_update_get" fullname="Centazio.Core.Tests.CoreRepo.InMemoryBaseCoreStorageRepositoryTests.Test_insert_get_update_get" methodname="Test_insert_get_update_get" classname="Centazio.Test.Lib.BaseProviderTests.BaseCoreStorageRepositoryTests" runstate="Runnable" seed="176452705" result="Passed" start-time="2024-10-27T22:05:42.6911162Z" end-time="2024-10-27T22:05:42.6946888Z" duration="0.003573" asserts="5" />
                  <test-case id="57-1157" name="Test_query" fullname="Centazio.Core.Tests.CoreRepo.InMemoryBaseCoreStorageRepositoryTests.Test_query" methodname="Test_query" classname="Centazio.Test.Lib.BaseProviderTests.BaseCoreStorageRepositoryTests" runstate="Runnable" seed="1219642736" result="Passed" start-time="2024-10-27T22:05:42.6947031Z" end-time="2024-10-27T22:05:42.7066457Z" duration="0.011943" asserts="1" />
                </test-suite>
              </test-suite>
              <test-suite type="TestSuite" id="57-1175" name="Ctl" fullname="Centazio.Core.Tests.Ctl" runstate="Runnable" testcasecount="21" result="Failed" site="Child" start-time="2024-10-27T22:05:42.5680317Z" end-time="2024-10-27T22:05:42.8034872Z" duration="0.235453" total="21" passed="13" failed="8" warnings="0" inconclusive="0" skipped="0" asserts="22">
                <failure>
                  <message><![CDATA[One or more child tests had errors]]></message>
                </failure>
                <test-suite type="TestFixture" id="57-1143" name="InMemoryCtlRepoMappingsTests" fullname="Centazio.Core.Tests.Ctl.InMemoryCtlRepoMappingsTests" classname="Centazio.Core.Tests.Ctl.InMemoryCtlRepoMappingsTests" runstate="Runnable" testcasecount="9" result="Failed" site="Child" start-time="2024-10-27T22:05:42.7081697Z" end-time="2024-10-27T22:05:42.7816175Z" duration="0.073448" total="9" passed="1" failed="8" warnings="0" inconclusive="0" skipped="0" asserts="0">
                  <failure>
                    <message><![CDATA[One or more child tests had errors]]></message>
                  </failure>
                  <test-case id="57-1152" name="Reproduce_duplicate_mappings_found_in_simulation" fullname="Centazio.Core.Tests.Ctl.InMemoryCtlRepoMappingsTests.Reproduce_duplicate_mappings_found_in_simulation" methodname="Reproduce_duplicate_mappings_found_in_simulation" classname="Centazio.Test.Lib.BaseProviderTests.BaseCtlRepoMappingsTests" runstate="Runnable" seed="314912925" result="Failed" label="Error" start-time="2024-10-27T22:05:42.7083295Z" end-time="2024-10-27T22:05:42.7463630Z" duration="0.038034" asserts="0">
                    <failure>
                      <message><![CDATA[System.MissingMethodException : Method not found: 'System.TimeSpan System.TimeSpan.FromSeconds(Int64)'.]]></message>
                      <stack-trace><![CDATA[   at Centazio.Test.Lib.TestingUtcDate.Tick(Nullable`1 interval)
   at Centazio.Test.Lib.TestingUtcDate.DoTick(Nullable`1 interval) in C:\dev\projects\internal_projects\centazio3\src\Centazio.Test.Lib\TestingUtcDate.cs:line 12
   at Centazio.Test.Lib.BaseProviderTests.BaseCtlRepoMappingsTests.<>c__DisplayClass14_0.<<Reproduce_duplicate_mappings_found_in_simulation>g__SimulatePromoteOperationRunner|0>d.MoveNext() in C:\dev\projects\internal_projects\centazio3\src\Centazio.Test.Lib\BaseProviderTests\BaseCtlRepoMappingsTests.cs:line 134
--- End of stack trace from previous location ---
   at Centazio.Test.Lib.BaseProviderTests.BaseCtlRepoMappingsTests.Reproduce_duplicate_mappings_found_in_simulation() in C:\dev\projects\internal_projects\centazio3\src\Centazio.Test.Lib\BaseProviderTests\BaseCtlRepoMappingsTests.cs:line 151
   at NUnit.Framework.Internal.TaskAwaitAdapter.GenericAdapter`1.GetResult()
   at NUnit.Framework.Internal.AsyncToSyncAdapter.Await[TResult](Func`1 invoke)
   at NUnit.Framework.Internal.AsyncToSyncAdapter.Await(Func`1 invoke)
   at NUnit.Framework.Internal.Commands.TestMethodCommand.RunTestMethod(TestExecutionContext context)
   at NUnit.Framework.Internal.Commands.TestMethodCommand.Execute(TestExecutionContext context)
   at NUnit.Framework.Internal.Commands.BeforeAndAfterTestCommand.<>c__DisplayClass1_0.<Execute>b__0()
   at NUnit.Framework.Internal.Commands.DelegatingTestCommand.RunTestMethodInThreadAbortSafeZone(TestExecutionContext context, Action action)]]></stack-trace>
                    </failure>
                  </test-case>
                  <test-case id="57-1148" name="Test_creating_duplicates_by_CoreId_throws_error" fullname="Centazio.Core.Tests.Ctl.InMemoryCtlRepoMappingsTests.Test_creating_duplicates_by_CoreId_throws_error" methodname="Test_creating_duplicates_by_CoreId_throws_error" classname="Centazio.Test.Lib.BaseProviderTests.BaseCtlRepoMappingsTests" runstate="Runnable" seed="716590403" result="Failed" label="Error" start-time="2024-10-27T22:05:42.7464455Z" end-time="2024-10-27T22:05:42.7680518Z" duration="0.021607" asserts="0">
                    <failure>
                      <message><![CDATA[System.MissingMethodException : Method not found: 'System.TimeSpan System.TimeSpan.FromSeconds(Int64)'.]]></message>
                      <stack-trace><![CDATA[   at Centazio.Test.Lib.TestingUtcDate.Tick(Nullable`1 interval)
   at Centazio.Test.Lib.TestingUtcDate.DoTick(Nullable`1 interval) in C:\dev\projects\internal_projects\centazio3\src\Centazio.Test.Lib\TestingUtcDate.cs:line 12
   at Centazio.Test.Lib.BaseProviderTests.BaseCtlRepoMappingsTests.Test_creating_duplicates_by_CoreId_throws_error() in C:\dev\projects\internal_projects\centazio3\src\Centazio.Test.Lib\BaseProviderTests\BaseCtlRepoMappingsTests.cs:line 89
   at NUnit.Framework.Internal.TaskAwaitAdapter.GenericAdapter`1.GetResult()
   at NUnit.Framework.Internal.AsyncToSyncAdapter.Await[TResult](Func`1 invoke)
   at NUnit.Framework.Internal.AsyncToSyncAdapter.Await(Func`1 invoke)
   at NUnit.Framework.Internal.Commands.TestMethodCommand.RunTestMethod(TestExecutionContext context)
   at NUnit.Framework.Internal.Commands.TestMethodCommand.Execute(TestExecutionContext context)
   at NUnit.Framework.Internal.Commands.BeforeAndAfterTestCommand.<>c__DisplayClass1_0.<Execute>b__0()
   at NUnit.Framework.Internal.Commands.DelegatingTestCommand.RunTestMethodInThreadAbortSafeZone(TestExecutionContext context, Action action)]]></stack-trace>
                    </failure>
                  </test-case>
                  <test-case id="57-1147" name="Test_creating_duplicates_by_SystemId_throws_error" fullname="Centazio.Core.Tests.Ctl.InMemoryCtlRepoMappingsTests.Test_creating_duplicates_by_SystemId_throws_error" methodname="Test_creating_duplicates_by_SystemId_throws_error" classname="Centazio.Test.Lib.BaseProviderTests.BaseCtlRepoMappingsTests" runstate="Runnable" seed="1780053141" result="Failed" label="Error" start-time="2024-10-27T22:05:42.7680741Z" end-time="2024-10-27T22:05:42.7701433Z" duration="0.002070" asserts="0">
                    <failure>
                      <message><![CDATA[System.MissingMethodException : Method not found: 'System.TimeSpan System.TimeSpan.FromSeconds(Int64)'.]]></message>
                      <stack-trace><![CDATA[   at Centazio.Test.Lib.TestingUtcDate.Tick(Nullable`1 interval)
   at Centazio.Test.Lib.TestingUtcDate.DoTick(Nullable`1 interval) in C:\dev\projects\internal_projects\centazio3\src\Centazio.Test.Lib\TestingUtcDate.cs:line 12
   at Centazio.Test.Lib.BaseProviderTests.BaseCtlRepoMappingsTests.Test_creating_duplicates_by_SystemId_throws_error() in C:\dev\projects\internal_projects\centazio3\src\Centazio.Test.Lib\BaseProviderTests\BaseCtlRepoMappingsTests.cs:line 80
   at NUnit.Framework.Internal.TaskAwaitAdapter.GenericAdapter`1.GetResult()
   at NUnit.Framework.Internal.AsyncToSyncAdapter.Await[TResult](Func`1 invoke)
   at NUnit.Framework.Internal.AsyncToSyncAdapter.Await(Func`1 invoke)
   at NUnit.Framework.Internal.Commands.TestMethodCommand.RunTestMethod(TestExecutionContext context)
   at NUnit.Framework.Internal.Commands.TestMethodCommand.Execute(TestExecutionContext context)
   at NUnit.Framework.Internal.Commands.BeforeAndAfterTestCommand.<>c__DisplayClass1_0.<Execute>b__0()
   at NUnit.Framework.Internal.Commands.DelegatingTestCommand.RunTestMethodInThreadAbortSafeZone(TestExecutionContext context, Action action)]]></stack-trace>
                    </failure>
                  </test-case>
                  <test-case id="57-1146" name="Test_creating_unique_by_SystemId_works" fullname="Centazio.Core.Tests.Ctl.InMemoryCtlRepoMappingsTests.Test_creating_unique_by_SystemId_works" methodname="Test_creating_unique_by_SystemId_works" classname="Centazio.Test.Lib.BaseProviderTests.BaseCtlRepoMappingsTests" runstate="Runnable" seed="1940106376" result="Failed" label="Error" start-time="2024-10-27T22:05:42.7701586Z" end-time="2024-10-27T22:05:42.7714990Z" duration="0.001341" asserts="0">
                    <failure>
                      <message><![CDATA[System.MissingMethodException : Method not found: 'System.TimeSpan System.TimeSpan.FromSeconds(Int64)'.]]></message>
                      <stack-trace><![CDATA[   at Centazio.Test.Lib.TestingUtcDate.Tick(Nullable`1 interval)
   at Centazio.Test.Lib.TestingUtcDate.DoTick(Nullable`1 interval) in C:\dev\projects\internal_projects\centazio3\src\Centazio.Test.Lib\TestingUtcDate.cs:line 12
   at Centazio.Test.Lib.BaseProviderTests.BaseCtlRepoMappingsTests.Test_creating_unique_by_SystemId_works() in C:\dev\projects\internal_projects\centazio3\src\Centazio.Test.Lib\BaseProviderTests\BaseCtlRepoMappingsTests.cs:line 71
   at NUnit.Framework.Internal.TaskAwaitAdapter.GenericAdapter`1.GetResult()
   at NUnit.Framework.Internal.AsyncToSyncAdapter.Await[TResult](Func`1 invoke)
   at NUnit.Framework.Internal.AsyncToSyncAdapter.Await(Func`1 invoke)
   at NUnit.Framework.Internal.Commands.TestMethodCommand.RunTestMethod(TestExecutionContext context)
   at NUnit.Framework.Internal.Commands.TestMethodCommand.Execute(TestExecutionContext context)
   at NUnit.Framework.Internal.Commands.BeforeAndAfterTestCommand.<>c__DisplayClass1_0.<Execute>b__0()
   at NUnit.Framework.Internal.Commands.DelegatingTestCommand.RunTestMethodInThreadAbortSafeZone(TestExecutionContext context, Action action)]]></stack-trace>
                    </failure>
                  </test-case>
                  <test-case id="57-1151" name="Test_duplicate_mappings_found_in_simulation" fullname="Centazio.Core.Tests.Ctl.InMemoryCtlRepoMappingsTests.Test_duplicate_mappings_found_in_simulation" methodname="Test_duplicate_mappings_found_in_simulation" classname="Centazio.Test.Lib.BaseProviderTests.BaseCtlRepoMappingsTests" runstate="Runnable" seed="1780097560" result="Passed" start-time="2024-10-27T22:05:42.7715178Z" end-time="2024-10-27T22:05:42.7781632Z" duration="0.006646" asserts="0" />
                  <test-case id="57-1150" name="Test_updating_missing_by_CoreId_throws_error" fullname="Centazio.Core.Tests.Ctl.InMemoryCtlRepoMappingsTests.Test_updating_missing_by_CoreId_throws_error" methodname="Test_updating_missing_by_CoreId_throws_error" classname="Centazio.Test.Lib.BaseProviderTests.BaseCtlRepoMappingsTests" runstate="Runnable" seed="1021976459" result="Failed" label="Error" start-time="2024-10-27T22:05:42.7781809Z" end-time="2024-10-27T22:05:42.7789981Z" duration="0.000817" asserts="0">
                    <failure>
                      <message><![CDATA[System.MissingMethodException : Method not found: 'System.TimeSpan System.TimeSpan.FromSeconds(Int64)'.]]></message>
                      <stack-trace><![CDATA[   at Centazio.Test.Lib.TestingUtcDate.Tick(Nullable`1 interval)
   at Centazio.Test.Lib.TestingUtcDate.DoTick(Nullable`1 interval) in C:\dev\projects\internal_projects\centazio3\src\Centazio.Test.Lib\TestingUtcDate.cs:line 12
   at Centazio.Test.Lib.BaseProviderTests.BaseCtlRepoMappingsTests.Test_updating_missing_by_CoreId_throws_error() in C:\dev\projects\internal_projects\centazio3\src\Centazio.Test.Lib\BaseProviderTests\BaseCtlRepoMappingsTests.cs:line 108
   at NUnit.Framework.Internal.TaskAwaitAdapter.GenericAdapter`1.GetResult()
   at NUnit.Framework.Internal.AsyncToSyncAdapter.Await[TResult](Func`1 invoke)
   at NUnit.Framework.Internal.AsyncToSyncAdapter.Await(Func`1 invoke)
   at NUnit.Framework.Internal.Commands.TestMethodCommand.RunTestMethod(TestExecutionContext context)
   at NUnit.Framework.Internal.Commands.TestMethodCommand.Execute(TestExecutionContext context)
   at NUnit.Framework.Internal.Commands.BeforeAndAfterTestCommand.<>c__DisplayClass1_0.<Execute>b__0()
   at NUnit.Framework.Internal.Commands.DelegatingTestCommand.RunTestMethodInThreadAbortSafeZone(TestExecutionContext context, Action action)]]></stack-trace>
                    </failure>
                  </test-case>
                  <test-case id="57-1149" name="Test_updating_with_no_missing_works" fullname="Centazio.Core.Tests.Ctl.InMemoryCtlRepoMappingsTests.Test_updating_with_no_missing_works" methodname="Test_updating_with_no_missing_works" classname="Centazio.Test.Lib.BaseProviderTests.BaseCtlRepoMappingsTests" runstate="Runnable" seed="1160896929" result="Failed" label="Error" start-time="2024-10-27T22:05:42.7790122Z" end-time="2024-10-27T22:05:42.7797408Z" duration="0.000729" asserts="0">
                    <failure>
                      <message><![CDATA[System.MissingMethodException : Method not found: 'System.TimeSpan System.TimeSpan.FromSeconds(Int64)'.]]></message>
                      <stack-trace><![CDATA[   at Centazio.Test.Lib.TestingUtcDate.Tick(Nullable`1 interval)
   at Centazio.Test.Lib.TestingUtcDate.DoTick(Nullable`1 interval) in C:\dev\projects\internal_projects\centazio3\src\Centazio.Test.Lib\TestingUtcDate.cs:line 12
   at Centazio.Test.Lib.BaseProviderTests.BaseCtlRepoMappingsTests.Test_updating_with_no_missing_works() in C:\dev\projects\internal_projects\centazio3\src\Centazio.Test.Lib\BaseProviderTests\BaseCtlRepoMappingsTests.cs:line 98
   at NUnit.Framework.Internal.TaskAwaitAdapter.GenericAdapter`1.GetResult()
   at NUnit.Framework.Internal.AsyncToSyncAdapter.Await[TResult](Func`1 invoke)
   at NUnit.Framework.Internal.AsyncToSyncAdapter.Await(Func`1 invoke)
   at NUnit.Framework.Internal.Commands.TestMethodCommand.RunTestMethod(TestExecutionContext context)
   at NUnit.Framework.Internal.Commands.TestMethodCommand.Execute(TestExecutionContext context)
   at NUnit.Framework.Internal.Commands.BeforeAndAfterTestCommand.<>c__DisplayClass1_0.<Execute>b__0()
   at NUnit.Framework.Internal.Commands.DelegatingTestCommand.RunTestMethodInThreadAbortSafeZone(TestExecutionContext context, Action action)]]></stack-trace>
                    </failure>
                  </test-case>
                  <test-case id="57-1145" name="Test_upsert_enum" fullname="Centazio.Core.Tests.Ctl.InMemoryCtlRepoMappingsTests.Test_upsert_enum" methodname="Test_upsert_enum" classname="Centazio.Test.Lib.BaseProviderTests.BaseCtlRepoMappingsTests" runstate="Runnable" seed="1051307897" result="Failed" label="Error" start-time="2024-10-27T22:05:42.7797506Z" end-time="2024-10-27T22:05:42.7807221Z" duration="0.000972" asserts="0">
                    <failure>
                      <message><![CDATA[System.MissingMethodException : Method not found: 'System.TimeSpan System.TimeSpan.FromSeconds(Int64)'.]]></message>
                      <stack-trace><![CDATA[   at Centazio.Test.Lib.TestingUtcDate.Tick(Nullable`1 interval)
   at Centazio.Test.Lib.TestingUtcDate.DoTick(Nullable`1 interval) in C:\dev\projects\internal_projects\centazio3\src\Centazio.Test.Lib\TestingUtcDate.cs:line 12
   at Centazio.Test.Lib.BaseProviderTests.BaseCtlRepoMappingsTests.Test_upsert_enum() in C:\dev\projects\internal_projects\centazio3\src\Centazio.Test.Lib\BaseProviderTests\BaseCtlRepoMappingsTests.cs:line 51
   at NUnit.Framework.Internal.TaskAwaitAdapter.GenericAdapter`1.GetResult()
   at NUnit.Framework.Internal.AsyncToSyncAdapter.Await[TResult](Func`1 invoke)
   at NUnit.Framework.Internal.AsyncToSyncAdapter.Await(Func`1 invoke)
   at NUnit.Framework.Internal.Commands.TestMethodCommand.RunTestMethod(TestExecutionContext context)
   at NUnit.Framework.Internal.Commands.TestMethodCommand.Execute(TestExecutionContext context)
   at NUnit.Framework.Internal.Commands.BeforeAndAfterTestCommand.<>c__DisplayClass1_0.<Execute>b__0()
   at NUnit.Framework.Internal.Commands.DelegatingTestCommand.RunTestMethodInThreadAbortSafeZone(TestExecutionContext context, Action action)]]></stack-trace>
                    </failure>
                  </test-case>
                  <test-case id="57-1144" name="Test_upsert_single" fullname="Centazio.Core.Tests.Ctl.InMemoryCtlRepoMappingsTests.Test_upsert_single" methodname="Test_upsert_single" classname="Centazio.Test.Lib.BaseProviderTests.BaseCtlRepoMappingsTests" runstate="Runnable" seed="727265144" result="Failed" label="Error" start-time="2024-10-27T22:05:42.7807317Z" end-time="2024-10-27T22:05:42.7816018Z" duration="0.000870" asserts="0">
                    <failure>
                      <message><![CDATA[System.MissingMethodException : Method not found: 'System.TimeSpan System.TimeSpan.FromSeconds(Int64)'.]]></message>
                      <stack-trace><![CDATA[   at Centazio.Test.Lib.TestingUtcDate.Tick(Nullable`1 interval)
   at Centazio.Test.Lib.TestingUtcDate.DoTick(Nullable`1 interval) in C:\dev\projects\internal_projects\centazio3\src\Centazio.Test.Lib\TestingUtcDate.cs:line 12
   at Centazio.Test.Lib.BaseProviderTests.BaseCtlRepoMappingsTests.Test_upsert_single() in C:\dev\projects\internal_projects\centazio3\src\Centazio.Test.Lib\BaseProviderTests\BaseCtlRepoMappingsTests.cs:line 31
   at NUnit.Framework.Internal.TaskAwaitAdapter.GenericAdapter`1.GetResult()
   at NUnit.Framework.Internal.AsyncToSyncAdapter.Await[TResult](Func`1 invoke)
   at NUnit.Framework.Internal.AsyncToSyncAdapter.Await(Func`1 invoke)
   at NUnit.Framework.Internal.Commands.TestMethodCommand.RunTestMethod(TestExecutionContext context)
   at NUnit.Framework.Internal.Commands.TestMethodCommand.Execute(TestExecutionContext context)
   at NUnit.Framework.Internal.Commands.BeforeAndAfterTestCommand.<>c__DisplayClass1_0.<Execute>b__0()
   at NUnit.Framework.Internal.Commands.DelegatingTestCommand.RunTestMethodInThreadAbortSafeZone(TestExecutionContext context, Action action)]]></stack-trace>
                    </failure>
                  </test-case>
                </test-suite>
                <test-suite type="TestFixture" id="57-1130" name="InMemoryCtlRepositoryTests" fullname="Centazio.Core.Tests.Ctl.InMemoryCtlRepositoryTests" classname="Centazio.Core.Tests.Ctl.InMemoryCtlRepositoryTests" runstate="Runnable" testcasecount="12" result="Passed" start-time="2024-10-27T22:05:42.7816345Z" end-time="2024-10-27T22:05:42.8034823Z" duration="0.021848" total="12" passed="12" failed="0" warnings="0" inconclusive="0" skipped="0" asserts="22">
                  <test-case id="57-1139" name="Test_CreateObjectState_fails_for_existing_object" fullname="Centazio.Core.Tests.Ctl.InMemoryCtlRepositoryTests.Test_CreateObjectState_fails_for_existing_object" methodname="Test_CreateObjectState_fails_for_existing_object" classname="Centazio.Test.Lib.BaseProviderTests.CtlRepositoryDefaultTests" runstate="Runnable" seed="1777087446" result="Passed" start-time="2024-10-27T22:05:42.7817354Z" end-time="2024-10-27T22:05:42.7852733Z" duration="0.003538" asserts="1" />
                  <test-case id="57-1133" name="Test_CreateSystemState_fails_for_existing_systems" fullname="Centazio.Core.Tests.Ctl.InMemoryCtlRepositoryTests.Test_CreateSystemState_fails_for_existing_systems" methodname="Test_CreateSystemState_fails_for_existing_systems" classname="Centazio.Test.Lib.BaseProviderTests.CtlRepositoryDefaultTests" runstate="Runnable" seed="1178603712" result="Passed" start-time="2024-10-27T22:05:42.7852881Z" end-time="2024-10-27T22:05:42.7861361Z" duration="0.000848" asserts="1" />
                  <test-case id="57-1138" name="Test_GetObjectState_returns_correct_state_for_known_system" fullname="Centazio.Core.Tests.Ctl.InMemoryCtlRepositoryTests.Test_GetObjectState_returns_correct_state_for_known_system" methodname="Test_GetObjectState_returns_correct_state_for_known_system" classname="Centazio.Test.Lib.BaseProviderTests.CtlRepositoryDefaultTests" runstate="Runnable" seed="1425585393" result="Passed" start-time="2024-10-27T22:05:42.7861487Z" end-time="2024-10-27T22:05:42.7869232Z" duration="0.000775" asserts="1" />
                  <test-case id="57-1137" name="Test_GetObjectState_returns_null_on_unknown_systems" fullname="Centazio.Core.Tests.Ctl.InMemoryCtlRepositoryTests.Test_GetObjectState_returns_null_on_unknown_systems" methodname="Test_GetObjectState_returns_null_on_unknown_systems" classname="Centazio.Test.Lib.BaseProviderTests.CtlRepositoryDefaultTests" runstate="Runnable" seed="920273610" result="Passed" start-time="2024-10-27T22:05:42.7869371Z" end-time="2024-10-27T22:05:42.7885529Z" duration="0.001616" asserts="1" />
                  <test-case id="57-1142" name="Test_GetOrCreateObjectState_creates_if_not_existing" fullname="Centazio.Core.Tests.Ctl.InMemoryCtlRepositoryTests.Test_GetOrCreateObjectState_creates_if_not_existing" methodname="Test_GetOrCreateObjectState_creates_if_not_existing" classname="Centazio.Test.Lib.BaseProviderTests.CtlRepositoryDefaultTests" runstate="Runnable" seed="1562975093" result="Passed" start-time="2024-10-27T22:05:42.7885663Z" end-time="2024-10-27T22:05:42.7911694Z" duration="0.002603" asserts="4" />
                  <test-case id="57-1136" name="Test_GetOrCreateSystemState_creates_if_not_existing" fullname="Centazio.Core.Tests.Ctl.InMemoryCtlRepositoryTests.Test_GetOrCreateSystemState_creates_if_not_existing" methodname="Test_GetOrCreateSystemState_creates_if_not_existing" classname="Centazio.Test.Lib.BaseProviderTests.CtlRepositoryDefaultTests" runstate="Runnable" seed="1832745832" result="Passed" start-time="2024-10-27T22:05:42.7911841Z" end-time="2024-10-27T22:05:42.7930115Z" duration="0.001828" asserts="4" />
                  <test-case id="57-1132" name="Test_GetSystemState_returns_correct_state_for_known_system" fullname="Centazio.Core.Tests.Ctl.InMemoryCtlRepositoryTests.Test_GetSystemState_returns_correct_state_for_known_system" methodname="Test_GetSystemState_returns_correct_state_for_known_system" classname="Centazio.Test.Lib.BaseProviderTests.CtlRepositoryDefaultTests" runstate="Runnable" seed="1216197338" result="Passed" start-time="2024-10-27T22:05:42.7930262Z" end-time="2024-10-27T22:05:42.7935768Z" duration="0.000551" asserts="1" />
                  <test-case id="57-1131" name="Test_GetSystemState_returns_null_on_unknown_systems" fullname="Centazio.Core.Tests.Ctl.InMemoryCtlRepositoryTests.Test_GetSystemState_returns_null_on_unknown_systems" methodname="Test_GetSystemState_returns_null_on_unknown_systems" classname="Centazio.Test.Lib.BaseProviderTests.CtlRepositoryDefaultTests" runstate="Runnable" seed="30733551" result="Passed" start-time="2024-10-27T22:05:42.7935898Z" end-time="2024-10-27T22:05:42.7939229Z" duration="0.000333" asserts="1" />
                  <test-case id="57-1141" name="Test_SaveObjectState_fails_if_SystemState_does_not_exist" fullname="Centazio.Core.Tests.Ctl.InMemoryCtlRepositoryTests.Test_SaveObjectState_fails_if_SystemState_does_not_exist" methodname="Test_SaveObjectState_fails_if_SystemState_does_not_exist" classname="Centazio.Test.Lib.BaseProviderTests.CtlRepositoryDefaultTests" runstate="Runnable" seed="1870356554" result="Passed" start-time="2024-10-27T22:05:42.7939367Z" end-time="2024-10-27T22:05:42.8014502Z" duration="0.007514" asserts="1" />
                  <test-case id="57-1140" name="Test_SaveObjectState_updates_existing_state" fullname="Centazio.Core.Tests.Ctl.InMemoryCtlRepositoryTests.Test_SaveObjectState_updates_existing_state" methodname="Test_SaveObjectState_updates_existing_state" classname="Centazio.Test.Lib.BaseProviderTests.CtlRepositoryDefaultTests" runstate="Runnable" seed="1798854716" result="Passed" start-time="2024-10-27T22:05:42.8014695Z" end-time="2024-10-27T22:05:42.8022812Z" duration="0.000812" asserts="3" />
                  <test-case id="57-1135" name="Test_SaveSystemState_fails_if_state_does_not_exist" fullname="Centazio.Core.Tests.Ctl.InMemoryCtlRepositoryTests.Test_SaveSystemState_fails_if_state_does_not_exist" methodname="Test_SaveSystemState_fails_if_state_does_not_exist" classname="Centazio.Test.Lib.BaseProviderTests.CtlRepositoryDefaultTests" runstate="Runnable" seed="1708069959" result="Passed" start-time="2024-10-27T22:05:42.8022938Z" end-time="2024-10-27T22:05:42.8028448Z" duration="0.000551" asserts="1" />
                  <test-case id="57-1134" name="Test_SaveSystemtState_updates_existing_state" fullname="Centazio.Core.Tests.Ctl.InMemoryCtlRepositoryTests.Test_SaveSystemtState_updates_existing_state" methodname="Test_SaveSystemtState_updates_existing_state" classname="Centazio.Test.Lib.BaseProviderTests.CtlRepositoryDefaultTests" runstate="Runnable" seed="147437262" result="Passed" start-time="2024-10-27T22:05:42.8028577Z" end-time="2024-10-27T22:05:42.8034642Z" duration="0.000607" asserts="3" />
                </test-suite>
              </test-suite>
              <test-suite type="TestFixture" id="57-1001" name="DtoHelpersTests" fullname="Centazio.Core.Tests.DtoHelpersTests" classname="Centazio.Core.Tests.DtoHelpersTests" runstate="Runnable" testcasecount="1" result="Passed" start-time="2024-10-27T22:05:42.8035026Z" end-time="2024-10-27T22:05:42.8072558Z" duration="0.003753" total="1" passed="1" failed="0" warnings="0" inconclusive="0" skipped="0" asserts="2">
                <test-case id="57-1002" name="Test_ToDto" fullname="Centazio.Core.Tests.DtoHelpersTests.Test_ToDto" methodname="Test_ToDto" classname="Centazio.Core.Tests.DtoHelpersTests" runstate="Runnable" seed="1953783596" result="Passed" start-time="2024-10-27T22:05:42.8035636Z" end-time="2024-10-27T22:05:42.8072390Z" duration="0.003676" asserts="2" />
              </test-suite>
              <test-suite type="TestSuite" id="57-1174" name="E2E" fullname="Centazio.Core.Tests.E2E" runstate="Runnable" testcasecount="3" result="Failed" site="Child" start-time="2024-10-27T22:05:42.5680404Z" end-time="2024-10-27T22:05:42.8682633Z" duration="0.300223" total="3" passed="1" failed="2" warnings="0" inconclusive="0" skipped="0" asserts="7">
                <failure>
                  <message><![CDATA[One or more child tests had errors]]></message>
                </failure>
                <test-suite type="TestFixture" id="57-1125" name="InMemoryE2ETests" fullname="Centazio.Core.Tests.E2E.InMemoryE2ETests" classname="Centazio.Core.Tests.E2E.InMemoryE2ETests" runstate="Runnable" testcasecount="1" result="Failed" site="Child" start-time="2024-10-27T22:05:42.8072707Z" end-time="2024-10-27T22:05:42.8324598Z" duration="0.025189" total="1" passed="0" failed="1" warnings="0" inconclusive="0" skipped="0" asserts="0">
                  <failure>
                    <message><![CDATA[One or more child tests had errors]]></message>
                  </failure>
                  <test-case id="57-1126" name="Run_e2e_simulation_and_tests" fullname="Centazio.Core.Tests.E2E.InMemoryE2ETests.Run_e2e_simulation_and_tests" methodname="Run_e2e_simulation_and_tests" classname="Centazio.Core.Tests.E2E.InMemoryE2ETests" runstate="Runnable" seed="1417230642" result="Failed" label="Error" start-time="2024-10-27T22:05:42.8073262Z" end-time="2024-10-27T22:05:42.8324310Z" duration="0.025105" asserts="0">
                    <failure>
                      <message><![CDATA[System.MissingMethodException : Method not found: 'System.TimeSpan System.TimeSpan.FromSeconds(Int64)'.]]></message>
                      <stack-trace><![CDATA[   at Centazio.Test.Lib.TestingUtcDate.Tick(Nullable`1 interval)
   at Centazio.Test.Lib.TestingUtcDate.DoTick(Nullable`1 interval) in C:\dev\projects\internal_projects\centazio3\src\Centazio.Test.Lib\TestingUtcDate.cs:line 12
   at Centazio.Test.Lib.E2E.E2EEnvironment.RandomTimeStep() in C:\dev\projects\internal_projects\centazio3\src\Centazio.Test.Lib\E2E\E2EEnvironment.cs:line 90
   at Centazio.Test.Lib.E2E.E2EEnvironment.RunEpoch(Int32 epoch) in C:\dev\projects\internal_projects\centazio3\src\Centazio.Test.Lib\E2E\E2EEnvironment.cs:line 71
   at Centazio.Core.GlobalEnumerableExtensionMethods.Synchronous(IEnumerable`1 tasks) in C:\dev\projects\internal_projects\centazio3\src\Centazio.Core\GlobalEnumerableExtensionMethods.cs:line 40
   at Centazio.Test.Lib.E2E.E2EEnvironment.RunSimulation() in C:\dev\projects\internal_projects\centazio3\src\Centazio.Test.Lib\E2E\E2EEnvironment.cs:line 64
   at Centazio.Core.Tests.E2E.InMemoryE2ETests.Run_e2e_simulation_and_tests() in C:\dev\projects\internal_projects\centazio3\tests\Centazio.Core.Tests\E2E\InMemoryE2ETests.cs:line 7
   at NUnit.Framework.Internal.TaskAwaitAdapter.GenericAdapter`1.GetResult()
   at NUnit.Framework.Internal.AsyncToSyncAdapter.Await[TResult](Func`1 invoke)
   at NUnit.Framework.Internal.AsyncToSyncAdapter.Await(Func`1 invoke)
   at NUnit.Framework.Internal.Commands.TestMethodCommand.RunTestMethod(TestExecutionContext context)
   at NUnit.Framework.Internal.Commands.TestMethodCommand.Execute(TestExecutionContext context)
   at NUnit.Framework.Internal.Execution.SimpleWorkItem.<>c__DisplayClass3_0.<PerformWork>b__0()
   at NUnit.Framework.Internal.ContextUtils.<>c__DisplayClass1_0`1.<DoIsolated>b__0(Object _)
   at System.Threading.ExecutionContext.RunInternal(ExecutionContext executionContext, ContextCallback callback, Object state)
--- End of stack trace from previous location ---
   at System.Threading.ExecutionContext.RunInternal(ExecutionContext executionContext, ContextCallback callback, Object state)
   at NUnit.Framework.Internal.ContextUtils.DoIsolated(ContextCallback callback, Object state)
   at NUnit.Framework.Internal.ContextUtils.DoIsolated[T](Func`1 func)
   at NUnit.Framework.Internal.Execution.SimpleWorkItem.PerformWork()]]></stack-trace>
                    </failure>
                  </test-case>
                </test-suite>
                <test-suite type="TestFixture" id="57-1127" name="SimulationCoreStorageRepositoryTests" fullname="Centazio.Core.Tests.E2E.SimulationCoreStorageRepositoryTests" classname="Centazio.Core.Tests.E2E.SimulationCoreStorageRepositoryTests" runstate="Runnable" testcasecount="2" result="Failed" site="Child" start-time="2024-10-27T22:05:42.8324787Z" end-time="2024-10-27T22:05:42.8682578Z" duration="0.035779" total="2" passed="1" failed="1" warnings="0" inconclusive="0" skipped="0" asserts="7">
                  <failure>
                    <message><![CDATA[One or more child tests had errors]]></message>
                  </failure>
                  <test-case id="57-1128" name="Test_adding_new_entity" fullname="Centazio.Core.Tests.E2E.SimulationCoreStorageRepositoryTests.Test_adding_new_entity" methodname="Test_adding_new_entity" classname="Centazio.Test.Lib.BaseProviderTests.BaseSimulationCoreStorageRepositoryTests" runstate="Runnable" seed="2014528191" result="Passed" start-time="2024-10-27T22:05:42.8326046Z" end-time="2024-10-27T22:05:42.8651801Z" duration="0.032576" asserts="7">
                    <output><![CDATA[[09:05:42 DBG] CoreStorage.Upsert[CoreMembershipType] - Entities(1)[CoreMembershipType(e93a1700-44f8-474a-93c7-5fa9e8d909a4)] Created[1] Updated[0]
]]></output>
                  </test-case>
                  <test-case id="57-1129" name="Test_updating_entity" fullname="Centazio.Core.Tests.E2E.SimulationCoreStorageRepositoryTests.Test_updating_entity" methodname="Test_updating_entity" classname="Centazio.Test.Lib.BaseProviderTests.BaseSimulationCoreStorageRepositoryTests" runstate="Runnable" seed="479683459" result="Failed" label="Error" start-time="2024-10-27T22:05:42.8652032Z" end-time="2024-10-27T22:05:42.8682343Z" duration="0.003031" asserts="0">
                    <failure>
                      <message><![CDATA[System.MissingMethodException : Method not found: 'System.TimeSpan System.TimeSpan.FromSeconds(Int64)'.]]></message>
                      <stack-trace><![CDATA[   at Centazio.Test.Lib.TestingUtcDate.Tick(Nullable`1 interval)
   at Centazio.Test.Lib.TestingUtcDate.DoTick(Nullable`1 interval) in C:\dev\projects\internal_projects\centazio3\src\Centazio.Test.Lib\TestingUtcDate.cs:line 12
   at Centazio.Test.Lib.BaseProviderTests.BaseSimulationCoreStorageRepositoryTests.Test_updating_entity() in C:\dev\projects\internal_projects\centazio3\src\Centazio.Test.Lib\BaseProviderTests\BaseSimulationCoreStorageRepositoryTests.cs:line 46
   at NUnit.Framework.Internal.TaskAwaitAdapter.GenericAdapter`1.GetResult()
   at NUnit.Framework.Internal.AsyncToSyncAdapter.Await[TResult](Func`1 invoke)
   at NUnit.Framework.Internal.AsyncToSyncAdapter.Await(Func`1 invoke)
   at NUnit.Framework.Internal.Commands.TestMethodCommand.RunTestMethod(TestExecutionContext context)
   at NUnit.Framework.Internal.Commands.TestMethodCommand.Execute(TestExecutionContext context)
   at NUnit.Framework.Internal.Commands.BeforeAndAfterTestCommand.<>c__DisplayClass1_0.<Execute>b__0()
   at NUnit.Framework.Internal.Commands.DelegatingTestCommand.RunTestMethodInThreadAbortSafeZone(TestExecutionContext context, Action action)]]></stack-trace>
                    </failure>
                    <output><![CDATA[[09:05:42 DBG] CoreStorage.Upsert[CoreMembershipType] - Entities(1)[CoreMembershipType(8e93d1ba-321a-41f7-828a-fd50cc0da344)] Created[1] Updated[0]
]]></output>
                  </test-case>
                </test-suite>
              </test-suite>
              <test-suite type="TestSuite" id="57-1173" name="Inspect" fullname="Centazio.Core.Tests.Inspect" runstate="Runnable" testcasecount="13" result="Failed" site="Child" start-time="2024-10-27T22:05:42.5680483Z" end-time="2024-10-27T22:05:43.1269900Z" duration="0.558941" total="13" passed="11" failed="2" warnings="0" inconclusive="0" skipped="0" asserts="28">
                <failure>
                  <message><![CDATA[One or more child tests had errors]]></message>
                </failure>
                <test-suite type="TestFixture" id="57-1100" name="CheckConsoleUsage" fullname="Centazio.Core.Tests.Inspect.CheckConsoleUsage" classname="Centazio.Core.Tests.Inspect.CheckConsoleUsage" runstate="Runnable" testcasecount="1" result="Passed" start-time="2024-10-27T22:05:42.8682801Z" end-time="2024-10-27T22:05:42.9235884Z" duration="0.055308" total="1" passed="1" failed="0" warnings="0" inconclusive="0" skipped="0" asserts="1">
                  <test-case id="57-1101" name="Test_no_use_of_Console_Write" fullname="Centazio.Core.Tests.Inspect.CheckConsoleUsage.Test_no_use_of_Console_Write" methodname="Test_no_use_of_Console_Write" classname="Centazio.Core.Tests.Inspect.CheckConsoleUsage" runstate="Runnable" seed="424894963" result="Passed" start-time="2024-10-27T22:05:42.8683556Z" end-time="2024-10-27T22:05:42.9235553Z" duration="0.055200" asserts="1" />
                </test-suite>
                <test-suite type="TestFixture" id="57-1102" name="CheckDataObjectsHaveSerialisationInnerDtos" fullname="Centazio.Core.Tests.Inspect.CheckDataObjectsHaveSerialisationInnerDtos" classname="Centazio.Core.Tests.Inspect.CheckDataObjectsHaveSerialisationInnerDtos" runstate="Runnable" testcasecount="1" result="Passed" start-time="2024-10-27T22:05:42.9236087Z" end-time="2024-10-27T22:05:42.9306752Z" duration="0.007066" total="1" passed="1" failed="0" warnings="0" inconclusive="0" skipped="0" asserts="18">
                  <test-case id="57-1103" name="Test_all_data_objects_follow_Dto_pattern" fullname="Centazio.Core.Tests.Inspect.CheckDataObjectsHaveSerialisationInnerDtos.Test_all_data_objects_follow_Dto_pattern" methodname="Test_all_data_objects_follow_Dto_pattern" classname="Centazio.Core.Tests.Inspect.CheckDataObjectsHaveSerialisationInnerDtos" runstate="Runnable" seed="1950079631" result="Passed" start-time="2024-10-27T22:05:42.9236932Z" end-time="2024-10-27T22:05:42.9306546Z" duration="0.006962" asserts="18" />
                </test-suite>
                <test-suite type="TestFixture" id="57-1104" name="CheckDependenciesBetweenProjects" fullname="Centazio.Core.Tests.Inspect.CheckDependenciesBetweenProjects" classname="Centazio.Core.Tests.Inspect.CheckDependenciesBetweenProjects" runstate="Runnable" testcasecount="1" result="Passed" start-time="2024-10-27T22:05:42.9306907Z" end-time="2024-10-27T22:05:42.9599057Z" duration="0.029215" total="1" passed="1" failed="0" warnings="0" inconclusive="0" skipped="0" asserts="1">
                  <test-case id="57-1105" name="Check_project_references" fullname="Centazio.Core.Tests.Inspect.CheckDependenciesBetweenProjects.Check_project_references" methodname="Check_project_references" classname="Centazio.Core.Tests.Inspect.CheckDependenciesBetweenProjects" runstate="Runnable" seed="2146949845" result="Passed" start-time="2024-10-27T22:05:42.9307486Z" end-time="2024-10-27T22:05:42.9598763Z" duration="0.029128" asserts="1" />
                </test-suite>
                <test-suite type="TestFixture" id="57-1106" name="CheckEnumerableUsageStandards" fullname="Centazio.Core.Tests.Inspect.CheckEnumerableUsageStandards" classname="Centazio.Core.Tests.Inspect.CheckEnumerableUsageStandards" runstate="Runnable" testcasecount="1" result="Passed" start-time="2024-10-27T22:05:42.9599260Z" end-time="2024-10-27T22:05:42.9711741Z" duration="0.011248" total="1" passed="1" failed="0" warnings="0" inconclusive="0" skipped="0" asserts="1">
                  <test-case id="57-1107" name="Test_no_use_of_IEnumerable" fullname="Centazio.Core.Tests.Inspect.CheckEnumerableUsageStandards.Test_no_use_of_IEnumerable" methodname="Test_no_use_of_IEnumerable" classname="Centazio.Core.Tests.Inspect.CheckEnumerableUsageStandards" runstate="Runnable" seed="375832217" result="Passed" start-time="2024-10-27T22:05:42.9600204Z" end-time="2024-10-27T22:05:42.9711213Z" duration="0.011101" asserts="1" />
                </test-suite>
                <test-suite type="TestFixture" id="57-1108" name="CheckForEmptyStringUsage" fullname="Centazio.Core.Tests.Inspect.CheckForEmptyStringUsage" classname="Centazio.Core.Tests.Inspect.CheckForEmptyStringUsage" runstate="Runnable" testcasecount="1" result="Passed" start-time="2024-10-27T22:05:42.9712111Z" end-time="2024-10-27T22:05:42.9834224Z" duration="0.012211" total="1" passed="1" failed="0" warnings="0" inconclusive="0" skipped="0" asserts="1">
                  <test-case id="57-1109" name="Test_no_use_of_empty_string_literal" fullname="Centazio.Core.Tests.Inspect.CheckForEmptyStringUsage.Test_no_use_of_empty_string_literal" methodname="Test_no_use_of_empty_string_literal" classname="Centazio.Core.Tests.Inspect.CheckForEmptyStringUsage" runstate="Runnable" seed="68584342" result="Passed" start-time="2024-10-27T22:05:42.9713583Z" end-time="2024-10-27T22:05:42.9833946Z" duration="0.012037" asserts="1" />
                </test-suite>
                <test-suite type="TestFixture" id="57-1110" name="CheckJsonSerializerIsNotUsed" fullname="Centazio.Core.Tests.Inspect.CheckJsonSerializerIsNotUsed" classname="Centazio.Core.Tests.Inspect.CheckJsonSerializerIsNotUsed" runstate="Runnable" testcasecount="1" result="Passed" start-time="2024-10-27T22:05:42.9834422Z" end-time="2024-10-27T22:05:42.9936723Z" duration="0.010230" total="1" passed="1" failed="0" warnings="0" inconclusive="0" skipped="0" asserts="1">
                  <test-case id="57-1111" name="Test_no_use_of_default_serialiser" fullname="Centazio.Core.Tests.Inspect.CheckJsonSerializerIsNotUsed.Test_no_use_of_default_serialiser" methodname="Test_no_use_of_default_serialiser" classname="Centazio.Core.Tests.Inspect.CheckJsonSerializerIsNotUsed" runstate="Runnable" seed="975766963" result="Passed" start-time="2024-10-27T22:05:42.9835704Z" end-time="2024-10-27T22:05:42.9936424Z" duration="0.010072" asserts="1" />
                </test-suite>
                <test-suite type="TestFixture" id="57-1112" name="CheckNamespacesAreCorrect" fullname="Centazio.Core.Tests.Inspect.CheckNamespacesAreCorrect" classname="Centazio.Core.Tests.Inspect.CheckNamespacesAreCorrect" runstate="Runnable" testcasecount="1" result="Passed" start-time="2024-10-27T22:05:42.9936916Z" end-time="2024-10-27T22:05:43.0073518Z" duration="0.013660" total="1" passed="1" failed="0" warnings="0" inconclusive="0" skipped="0" asserts="1">
                  <test-case id="57-1113" name="Test_all_namespace_declarations_are_correct" fullname="Centazio.Core.Tests.Inspect.CheckNamespacesAreCorrect.Test_all_namespace_declarations_are_correct" methodname="Test_all_namespace_declarations_are_correct" classname="Centazio.Core.Tests.Inspect.CheckNamespacesAreCorrect" runstate="Runnable" seed="1272384014" result="Passed" start-time="2024-10-27T22:05:42.9937895Z" end-time="2024-10-27T22:05:43.0073223Z" duration="0.013533" asserts="1" />
                </test-suite>
                <test-suite type="TestFixture" id="57-1114" name="CheckNullCheckingSemantics" fullname="Centazio.Core.Tests.Inspect.CheckNullCheckingSemantics" classname="Centazio.Core.Tests.Inspect.CheckNullCheckingSemantics" runstate="Runnable" testcasecount="2" result="Passed" start-time="2024-10-27T22:05:43.0073695Z" end-time="2024-10-27T22:05:43.0279626Z" duration="0.020593" total="2" passed="2" failed="0" warnings="0" inconclusive="0" skipped="0" asserts="2">
                  <test-case id="57-1116" name="Test_not_null_check_uses_is_not_operator" fullname="Centazio.Core.Tests.Inspect.CheckNullCheckingSemantics.Test_not_null_check_uses_is_not_operator" methodname="Test_not_null_check_uses_is_not_operator" classname="Centazio.Core.Tests.Inspect.CheckNullCheckingSemantics" runstate="Runnable" seed="837883665" result="Passed" start-time="2024-10-27T22:05:43.0074722Z" end-time="2024-10-27T22:05:43.0175119Z" duration="0.010040" asserts="1" />
                  <test-case id="57-1115" name="Test_null_check_uses_is_operator" fullname="Centazio.Core.Tests.Inspect.CheckNullCheckingSemantics.Test_null_check_uses_is_operator" methodname="Test_null_check_uses_is_operator" classname="Centazio.Core.Tests.Inspect.CheckNullCheckingSemantics" runstate="Runnable" seed="347366155" result="Passed" start-time="2024-10-27T22:05:43.0175365Z" end-time="2024-10-27T22:05:43.0279340Z" duration="0.010398" asserts="1" />
                </test-suite>
                <test-suite type="TestFixture" id="57-1117" name="CheckOnlyAbstractRecordsCanHaveMagicStrings" fullname="Centazio.Core.Tests.Inspect.CheckOnlyAbstractRecordsCanHaveMagicStrings" classname="Centazio.Core.Tests.Inspect.CheckOnlyAbstractRecordsCanHaveMagicStrings" runstate="Runnable" testcasecount="1" result="Passed" start-time="2024-10-27T22:05:43.0279812Z" end-time="2024-10-27T22:05:43.0312595Z" duration="0.003278" total="1" passed="1" failed="0" warnings="0" inconclusive="0" skipped="0" asserts="1">
                  <test-case id="57-1118" name="Test_string_description_pattern" fullname="Centazio.Core.Tests.Inspect.CheckOnlyAbstractRecordsCanHaveMagicStrings.Test_string_description_pattern" methodname="Test_string_description_pattern" classname="Centazio.Core.Tests.Inspect.CheckOnlyAbstractRecordsCanHaveMagicStrings" runstate="Runnable" seed="1247721221" result="Passed" start-time="2024-10-27T22:05:43.0283473Z" end-time="2024-10-27T22:05:43.0312429Z" duration="0.002896" asserts="1" />
                </test-suite>
                <test-suite type="TestFixture" id="57-1119" name="CheckStandardNamingOfCommonTypes" fullname="Centazio.Core.Tests.Inspect.CheckStandardNamingOfCommonTypes" classname="Centazio.Core.Tests.Inspect.CheckStandardNamingOfCommonTypes" runstate="Runnable" testcasecount="1" result="Failed" site="Child" start-time="2024-10-27T22:05:43.0312736Z" end-time="2024-10-27T22:05:43.0855151Z" duration="0.054241" total="1" passed="0" failed="1" warnings="0" inconclusive="0" skipped="0" asserts="0">
                  <failure>
                    <message><![CDATA[One or more child tests had errors]]></message>
                  </failure>
                  <test-case id="57-1120" name="Test_naming_standards" fullname="Centazio.Core.Tests.Inspect.CheckStandardNamingOfCommonTypes.Test_naming_standards" methodname="Test_naming_standards" classname="Centazio.Core.Tests.Inspect.CheckStandardNamingOfCommonTypes" runstate="Runnable" seed="1730405317" result="Failed" label="Error" start-time="2024-10-27T22:05:43.0327106Z" end-time="2024-10-27T22:05:43.0854794Z" duration="0.052769" asserts="0">
                    <failure>
                      <message><![CDATA[System.Reflection.ReflectionTypeLoadException : Unable to load one or more of the requested types.
Could not load file or assembly 'System.Runtime, Version=9.0.0.0, Culture=neutral, PublicKeyToken=b03f5f7f11d50a3a'. The system cannot find the file specified.
Could not load file or assembly 'System.Runtime, Version=9.0.0.0, Culture=neutral, PublicKeyToken=b03f5f7f11d50a3a'. The system cannot find the file specified.
Could not load file or assembly 'System.Runtime, Version=9.0.0.0, Culture=neutral, PublicKeyToken=b03f5f7f11d50a3a'. The system cannot find the file specified.
Could not load file or assembly 'System.Runtime, Version=9.0.0.0, Culture=neutral, PublicKeyToken=b03f5f7f11d50a3a'. The system cannot find the file specified.
Could not load file or assembly 'System.Runtime, Version=9.0.0.0, Culture=neutral, PublicKeyToken=b03f5f7f11d50a3a'. The system cannot find the file specified.
Could not load file or assembly 'System.Runtime, Version=9.0.0.0, Culture=neutral, PublicKeyToken=b03f5f7f11d50a3a'. The system cannot find the file specified.
Could not load file or assembly 'System.Runtime, Version=9.0.0.0, Culture=neutral, PublicKeyToken=b03f5f7f11d50a3a'. The system cannot find the file specified.
Could not load file or assembly 'System.Runtime, Version=9.0.0.0, Culture=neutral, PublicKeyToken=b03f5f7f11d50a3a'. The system cannot find the file specified.
Could not load file or assembly 'System.Runtime, Version=9.0.0.0, Culture=neutral, PublicKeyToken=b03f5f7f11d50a3a'. The system cannot find the file specified.
Could not load file or assembly 'System.Runtime, Version=9.0.0.0, Culture=neutral, PublicKeyToken=b03f5f7f11d50a3a'. The system cannot find the file specified.
Could not load file or assembly 'System.Runtime, Version=9.0.0.0, Culture=neutral, PublicKeyToken=b03f5f7f11d50a3a'. The system cannot find the file specified.
Could not load file or assembly 'System.Runtime, Version=9.0.0.0, Culture=neutral, PublicKeyToken=b03f5f7f11d50a3a'. The system cannot find the file specified.
Could not load file or assembly 'System.Runtime, Version=9.0.0.0, Culture=neutral, PublicKeyToken=b03f5f7f11d50a3a'. The system cannot find the file specified.
Could not load file or assembly 'System.Runtime, Version=9.0.0.0, Culture=neutral, PublicKeyToken=b03f5f7f11d50a3a'. The system cannot find the file specified.
Could not load file or assembly 'System.Runtime, Version=9.0.0.0, Culture=neutral, PublicKeyToken=b03f5f7f11d50a3a'. The system cannot find the file specified.
Could not load file or assembly 'System.Runtime, Version=9.0.0.0, Culture=neutral, PublicKeyToken=b03f5f7f11d50a3a'. The system cannot find the file specified.
Could not load file or assembly 'System.Runtime, Version=9.0.0.0, Culture=neutral, PublicKeyToken=b03f5f7f11d50a3a'. The system cannot find the file specified.
Could not load file or assembly 'System.Runtime, Version=9.0.0.0, Culture=neutral, PublicKeyToken=b03f5f7f11d50a3a'. The system cannot find the file specified.
Could not load file or assembly 'System.Runtime, Version=9.0.0.0, Culture=neutral, PublicKeyToken=b03f5f7f11d50a3a'. The system cannot find the file specified.
Could not load file or assembly 'System.Runtime, Version=9.0.0.0, Culture=neutral, PublicKeyToken=b03f5f7f11d50a3a'. The system cannot find the file specified.
Could not load file or assembly 'System.Runtime, Version=9.0.0.0, Culture=neutral, PublicKeyToken=b03f5f7f11d50a3a'. The system cannot find the file specified.
Could not load file or assembly 'System.Runtime, Version=9.0.0.0, Culture=neutral, PublicKeyToken=b03f5f7f11d50a3a'. The system cannot find the file specified.
Could not load file or assembly 'System.Runtime, Version=9.0.0.0, Culture=neutral, PublicKeyToken=b03f5f7f11d50a3a'. The system cannot find the file specified.
Could not load file or assembly 'System.Runtime, Version=9.0.0.0, Culture=neutral, PublicKeyToken=b03f5f7f11d50a3a'. The system cannot find the file specified.
Could not load file or assembly 'System.Runtime, Version=9.0.0.0, Culture=neutral, PublicKeyToken=b03f5f7f11d50a3a'. The system cannot find the file specified.
Could not load file or assembly 'System.Runtime, Version=9.0.0.0, Culture=neutral, PublicKeyToken=b03f5f7f11d50a3a'. The system cannot find the file specified.
Could not load file or assembly 'System.Runtime, Version=9.0.0.0, Culture=neutral, PublicKeyToken=b03f5f7f11d50a3a'. The system cannot find the file specified.
Could not load file or assembly 'System.Runtime, Version=9.0.0.0, Culture=neutral, PublicKeyToken=b03f5f7f11d50a3a'. The system cannot find the file specified.
Could not load file or assembly 'System.Runtime, Version=9.0.0.0, Culture=neutral, PublicKeyToken=b03f5f7f11d50a3a'. The system cannot find the file specified.
Could not load file or assembly 'System.Runtime, Version=9.0.0.0, Culture=neutral, PublicKeyToken=b03f5f7f11d50a3a'. The system cannot find the file specified.
Could not load file or assembly 'System.Runtime, Version=9.0.0.0, Culture=neutral, PublicKeyToken=b03f5f7f11d50a3a'. The system cannot find the file specified.
Could not load file or assembly 'System.Runtime, Version=9.0.0.0, Culture=neutral, PublicKeyToken=b03f5f7f11d50a3a'. The system cannot find the file specified.
Could not load file or assembly 'System.Runtime, Version=9.0.0.0, Culture=neutral, PublicKeyToken=b03f5f7f11d50a3a'. The system cannot find the file specified.
Could not load file or assembly 'System.Runtime, Version=9.0.0.0, Culture=neutral, PublicKeyToken=b03f5f7f11d50a3a'. The system cannot find the file specified.
Could not load file or assembly 'System.Runtime, Version=9.0.0.0, Culture=neutral, PublicKeyToken=b03f5f7f11d50a3a'. The system cannot find the file specified.
Could not load file or assembly 'System.Runtime, Version=9.0.0.0, Culture=neutral, PublicKeyToken=b03f5f7f11d50a3a'. The system cannot find the file specified.
Could not load file or assembly 'System.Runtime, Version=9.0.0.0, Culture=neutral, PublicKeyToken=b03f5f7f11d50a3a'. The system cannot find the file specified.
Could not load file or assembly 'System.Runtime, Version=9.0.0.0, Culture=neutral, PublicKeyToken=b03f5f7f11d50a3a'. The system cannot find the file specified.
Could not load file or assembly 'System.Runtime, Version=9.0.0.0, Culture=neutral, PublicKeyToken=b03f5f7f11d50a3a'. The system cannot find the file specified.
Could not load file or assembly 'System.Runtime, Version=9.0.0.0, Culture=neutral, PublicKeyToken=b03f5f7f11d50a3a'. The system cannot find the file specified.
Could not load file or assembly 'System.Runtime, Version=9.0.0.0, Culture=neutral, PublicKeyToken=b03f5f7f11d50a3a'. The system cannot find the file specified.
Could not load file or assembly 'System.Runtime, Version=9.0.0.0, Culture=neutral, PublicKeyToken=b03f5f7f11d50a3a'. The system cannot find the file specified.
Could not load file or assembly 'System.Runtime, Version=9.0.0.0, Culture=neutral, PublicKeyToken=b03f5f7f11d50a3a'. The system cannot find the file specified.
Could not load file or assembly 'System.Runtime, Version=9.0.0.0, Culture=neutral, PublicKeyToken=b03f5f7f11d50a3a'. The system cannot find the file specified.
Could not load file or assembly 'System.Runtime, Version=9.0.0.0, Culture=neutral, PublicKeyToken=b03f5f7f11d50a3a'. The system cannot find the file specified.
Could not load file or assembly 'System.Runtime, Version=9.0.0.0, Culture=neutral, PublicKeyToken=b03f5f7f11d50a3a'. The system cannot find the file specified.
Could not load file or assembly 'System.Runtime, Version=9.0.0.0, Culture=neutral, PublicKeyToken=b03f5f7f11d50a3a'. The system cannot find the file specified.
Could not load file or assembly 'System.Runtime, Version=9.0.0.0, Culture=neutral, PublicKeyToken=b03f5f7f11d50a3a'. The system cannot find the file specified.
Could not load file or assembly 'System.Runtime, Version=9.0.0.0, Culture=neutral, PublicKeyToken=b03f5f7f11d50a3a'. The system cannot find the file specified.
Could not load file or assembly 'System.Runtime, Version=9.0.0.0, Culture=neutral, PublicKeyToken=b03f5f7f11d50a3a'. The system cannot find the file specified.
Could not load file or assembly 'System.Runtime, Version=9.0.0.0, Culture=neutral, PublicKeyToken=b03f5f7f11d50a3a'. The system cannot find the file specified.
Could not load file or assembly 'System.Runtime, Version=9.0.0.0, Culture=neutral, PublicKeyToken=b03f5f7f11d50a3a'. The system cannot find the file specified.
Could not load file or assembly 'System.Runtime, Version=9.0.0.0, Culture=neutral, PublicKeyToken=b03f5f7f11d50a3a'. The system cannot find the file specified.
Could not load file or assembly 'System.Runtime, Version=9.0.0.0, Culture=neutral, PublicKeyToken=b03f5f7f11d50a3a'. The system cannot find the file specified.
Could not load file or assembly 'System.Runtime, Version=9.0.0.0, Culture=neutral, PublicKeyToken=b03f5f7f11d50a3a'. The system cannot find the file specified.
Could not load file or assembly 'System.Runtime, Version=9.0.0.0, Culture=neutral, PublicKeyToken=b03f5f7f11d50a3a'. The system cannot find the file specified.
Could not load file or assembly 'System.Runtime, Version=9.0.0.0, Culture=neutral, PublicKeyToken=b03f5f7f11d50a3a'. The system cannot find the file specified.
Could not load file or assembly 'System.Runtime, Version=9.0.0.0, Culture=neutral, PublicKeyToken=b03f5f7f11d50a3a'. The system cannot find the file specified.
Could not load file or assembly 'System.Runtime, Version=9.0.0.0, Culture=neutral, PublicKeyToken=b03f5f7f11d50a3a'. The system cannot find the file specified.
Could not load file or assembly 'System.Runtime, Version=9.0.0.0, Culture=neutral, PublicKeyToken=b03f5f7f11d50a3a'. The system cannot find the file specified.
Could not load file or assembly 'System.Runtime, Version=9.0.0.0, Culture=neutral, PublicKeyToken=b03f5f7f11d50a3a'. The system cannot find the file specified.
Could not load file or assembly 'System.Runtime, Version=9.0.0.0, Culture=neutral, PublicKeyToken=b03f5f7f11d50a3a'. The system cannot find the file specified.
Could not load file or assembly 'System.Runtime, Version=9.0.0.0, Culture=neutral, PublicKeyToken=b03f5f7f11d50a3a'. The system cannot find the file specified.
Could not load file or assembly 'System.Runtime, Version=9.0.0.0, Culture=neutral, PublicKeyToken=b03f5f7f11d50a3a'. The system cannot find the file specified.
Could not load file or assembly 'System.Runtime, Version=9.0.0.0, Culture=neutral, PublicKeyToken=b03f5f7f11d50a3a'. The system cannot find the file specified.
Could not load file or assembly 'System.Runtime, Version=9.0.0.0, Culture=neutral, PublicKeyToken=b03f5f7f11d50a3a'. The system cannot find the file specified.
Could not load file or assembly 'System.Runtime, Version=9.0.0.0, Culture=neutral, PublicKeyToken=b03f5f7f11d50a3a'. The system cannot find the file specified.
Could not load file or assembly 'System.Runtime, Version=9.0.0.0, Culture=neutral, PublicKeyToken=b03f5f7f11d50a3a'. The system cannot find the file specified.
Could not load file or assembly 'System.Runtime, Version=9.0.0.0, Culture=neutral, PublicKeyToken=b03f5f7f11d50a3a'. The system cannot find the file specified.
Could not load file or assembly 'System.Runtime, Version=9.0.0.0, Culture=neutral, PublicKeyToken=b03f5f7f11d50a3a'. The system cannot find the file specified.
Could not load file or assembly 'System.Runtime, Version=9.0.0.0, Culture=neutral, PublicKeyToken=b03f5f7f11d50a3a'. The system cannot find the file specified.
Could not load file or assembly 'System.Runtime, Version=9.0.0.0, Culture=neutral, PublicKeyToken=b03f5f7f11d50a3a'. The system cannot find the file specified.
Could not load file or assembly 'System.Runtime, Version=9.0.0.0, Culture=neutral, PublicKeyToken=b03f5f7f11d50a3a'. The system cannot find the file specified.
Could not load file or assembly 'System.Runtime, Version=9.0.0.0, Culture=neutral, PublicKeyToken=b03f5f7f11d50a3a'. The system cannot find the file specified.
Could not load file or assembly 'System.Runtime, Version=9.0.0.0, Culture=neutral, PublicKeyToken=b03f5f7f11d50a3a'. The system cannot find the file specified.
Could not load file or assembly 'System.Runtime, Version=9.0.0.0, Culture=neutral, PublicKeyToken=b03f5f7f11d50a3a'. The system cannot find the file specified.
Could not load file or assembly 'System.Runtime, Version=9.0.0.0, Culture=neutral, PublicKeyToken=b03f5f7f11d50a3a'. The system cannot find the file specified.
  ----> System.Reflection.ReflectionTypeLoadException : Unable to load one or more of the requested types.
Could not load file or assembly 'System.Runtime, Version=9.0.0.0, Culture=neutral, PublicKeyToken=b03f5f7f11d50a3a'. The system cannot find the file specified.
Could not load file or assembly 'System.Runtime, Version=9.0.0.0, Culture=neutral, PublicKeyToken=b03f5f7f11d50a3a'. The system cannot find the file specified.
Could not load file or assembly 'System.Runtime, Version=9.0.0.0, Culture=neutral, PublicKeyToken=b03f5f7f11d50a3a'. The system cannot find the file specified.
Could not load file or assembly 'System.Runtime, Version=9.0.0.0, Culture=neutral, PublicKeyToken=b03f5f7f11d50a3a'. The system cannot find the file specified.
Could not load file or assembly 'System.Runtime, Version=9.0.0.0, Culture=neutral, PublicKeyToken=b03f5f7f11d50a3a'. The system cannot find the file specified.
Could not load file or assembly 'System.Runtime, Version=9.0.0.0, Culture=neutral, PublicKeyToken=b03f5f7f11d50a3a'. The system cannot find the file specified.
Could not load file or assembly 'System.Runtime, Version=9.0.0.0, Culture=neutral, PublicKeyToken=b03f5f7f11d50a3a'. The system cannot find the file specified.
Could not load file or assembly 'System.Runtime, Version=9.0.0.0, Culture=neutral, PublicKeyToken=b03f5f7f11d50a3a'. The system cannot find the file specified.
Could not load file or assembly 'System.Runtime, Version=9.0.0.0, Culture=neutral, PublicKeyToken=b03f5f7f11d50a3a'. The system cannot find the file specified.
Could not load file or assembly 'System.Runtime, Version=9.0.0.0, Culture=neutral, PublicKeyToken=b03f5f7f11d50a3a'. The system cannot find the file specified.
Could not load file or assembly 'System.Runtime, Version=9.0.0.0, Culture=neutral, PublicKeyToken=b03f5f7f11d50a3a'. The system cannot find the file specified.
Could not load file or assembly 'System.Runtime, Version=9.0.0.0, Culture=neutral, PublicKeyToken=b03f5f7f11d50a3a'. The system cannot find the file specified.
Could not load file or assembly 'System.Runtime, Version=9.0.0.0, Culture=neutral, PublicKeyToken=b03f5f7f11d50a3a'. The system cannot find the file specified.
Could not load file or assembly 'System.Runtime, Version=9.0.0.0, Culture=neutral, PublicKeyToken=b03f5f7f11d50a3a'. The system cannot find the file specified.
Could not load file or assembly 'System.Runtime, Version=9.0.0.0, Culture=neutral, PublicKeyToken=b03f5f7f11d50a3a'. The system cannot find the file specified.
Could not load file or assembly 'System.Runtime, Version=9.0.0.0, Culture=neutral, PublicKeyToken=b03f5f7f11d50a3a'. The system cannot find the file specified.
Could not load file or assembly 'System.Runtime, Version=9.0.0.0, Culture=neutral, PublicKeyToken=b03f5f7f11d50a3a'. The system cannot find the file specified.
Could not load file or assembly 'System.Runtime, Version=9.0.0.0, Culture=neutral, PublicKeyToken=b03f5f7f11d50a3a'. The system cannot find the file specified.
Could not load file or assembly 'System.Runtime, Version=9.0.0.0, Culture=neutral, PublicKeyToken=b03f5f7f11d50a3a'. The system cannot find the file specified.
Could not load file or assembly 'System.Runtime, Version=9.0.0.0, Culture=neutral, PublicKeyToken=b03f5f7f11d50a3a'. The system cannot find the file specified.
Could not load file or assembly 'System.Runtime, Version=9.0.0.0, Culture=neutral, PublicKeyToken=b03f5f7f11d50a3a'. The system cannot find the file specified.
Could not load file or assembly 'System.Runtime, Version=9.0.0.0, Culture=neutral, PublicKeyToken=b03f5f7f11d50a3a'. The system cannot find the file specified.
Could not load file or assembly 'System.Runtime, Version=9.0.0.0, Culture=neutral, PublicKeyToken=b03f5f7f11d50a3a'. The system cannot find the file specified.
Could not load file or assembly 'System.Runtime, Version=9.0.0.0, Culture=neutral, PublicKeyToken=b03f5f7f11d50a3a'. The system cannot find the file specified.
Could not load file or assembly 'System.Runtime, Version=9.0.0.0, Culture=neutral, PublicKeyToken=b03f5f7f11d50a3a'. The system cannot find the file specified.
Could not load file or assembly 'System.Runtime, Version=9.0.0.0, Culture=neutral, PublicKeyToken=b03f5f7f11d50a3a'. The system cannot find the file specified.
Could not load file or assembly 'System.Runtime, Version=9.0.0.0, Culture=neutral, PublicKeyToken=b03f5f7f11d50a3a'. The system cannot find the file specified.
Could not load file or assembly 'System.Runtime, Version=9.0.0.0, Culture=neutral, PublicKeyToken=b03f5f7f11d50a3a'. The system cannot find the file specified.
Could not load file or assembly 'System.Runtime, Version=9.0.0.0, Culture=neutral, PublicKeyToken=b03f5f7f11d50a3a'. The system cannot find the file specified.
Could not load file or assembly 'System.Runtime, Version=9.0.0.0, Culture=neutral, PublicKeyToken=b03f5f7f11d50a3a'. The system cannot find the file specified.
Could not load file or assembly 'System.Runtime, Version=9.0.0.0, Culture=neutral, PublicKeyToken=b03f5f7f11d50a3a'. The system cannot find the file specified.
Could not load file or assembly 'System.Runtime, Version=9.0.0.0, Culture=neutral, PublicKeyToken=b03f5f7f11d50a3a'. The system cannot find the file specified.
Could not load file or assembly 'System.Runtime, Version=9.0.0.0, Culture=neutral, PublicKeyToken=b03f5f7f11d50a3a'. The system cannot find the file specified.
Could not load file or assembly 'System.Runtime, Version=9.0.0.0, Culture=neutral, PublicKeyToken=b03f5f7f11d50a3a'. The system cannot find the file specified.
Could not load file or assembly 'System.Runtime, Version=9.0.0.0, Culture=neutral, PublicKeyToken=b03f5f7f11d50a3a'. The system cannot find the file specified.
Could not load file or assembly 'System.Runtime, Version=9.0.0.0, Culture=neutral, PublicKeyToken=b03f5f7f11d50a3a'. The system cannot find the file specified.
Could not load file or assembly 'System.Runtime, Version=9.0.0.0, Culture=neutral, PublicKeyToken=b03f5f7f11d50a3a'. The system cannot find the file specified.
Could not load file or assembly 'System.Runtime, Version=9.0.0.0, Culture=neutral, PublicKeyToken=b03f5f7f11d50a3a'. The system cannot find the file specified.
Could not load file or assembly 'System.Runtime, Version=9.0.0.0, Culture=neutral, PublicKeyToken=b03f5f7f11d50a3a'. The system cannot find the file specified.
Could not load file or assembly 'System.Runtime, Version=9.0.0.0, Culture=neutral, PublicKeyToken=b03f5f7f11d50a3a'. The system cannot find the file specified.
Could not load file or assembly 'System.Runtime, Version=9.0.0.0, Culture=neutral, PublicKeyToken=b03f5f7f11d50a3a'. The system cannot find the file specified.
Could not load file or assembly 'System.Runtime, Version=9.0.0.0, Culture=neutral, PublicKeyToken=b03f5f7f11d50a3a'. The system cannot find the file specified.
Could not load file or assembly 'System.Runtime, Version=9.0.0.0, Culture=neutral, PublicKeyToken=b03f5f7f11d50a3a'. The system cannot find the file specified.
Could not load file or assembly 'System.Runtime, Version=9.0.0.0, Culture=neutral, PublicKeyToken=b03f5f7f11d50a3a'. The system cannot find the file specified.
Could not load file or assembly 'System.Runtime, Version=9.0.0.0, Culture=neutral, PublicKeyToken=b03f5f7f11d50a3a'. The system cannot find the file specified.
Could not load file or assembly 'System.Runtime, Version=9.0.0.0, Culture=neutral, PublicKeyToken=b03f5f7f11d50a3a'. The system cannot find the file specified.
Could not load file or assembly 'System.Runtime, Version=9.0.0.0, Culture=neutral, PublicKeyToken=b03f5f7f11d50a3a'. The system cannot find the file specified.
Could not load file or assembly 'System.Runtime, Version=9.0.0.0, Culture=neutral, PublicKeyToken=b03f5f7f11d50a3a'. The system cannot find the file specified.
Could not load file or assembly 'System.Runtime, Version=9.0.0.0, Culture=neutral, PublicKeyToken=b03f5f7f11d50a3a'. The system cannot find the file specified.
Could not load file or assembly 'System.Runtime, Version=9.0.0.0, Culture=neutral, PublicKeyToken=b03f5f7f11d50a3a'. The system cannot find the file specified.
Could not load file or assembly 'System.Runtime, Version=9.0.0.0, Culture=neutral, PublicKeyToken=b03f5f7f11d50a3a'. The system cannot find the file specified.
Could not load file or assembly 'System.Runtime, Version=9.0.0.0, Culture=neutral, PublicKeyToken=b03f5f7f11d50a3a'. The system cannot find the file specified.
Could not load file or assembly 'System.Runtime, Version=9.0.0.0, Culture=neutral, PublicKeyToken=b03f5f7f11d50a3a'. The system cannot find the file specified.
Could not load file or assembly 'System.Runtime, Version=9.0.0.0, Culture=neutral, PublicKeyToken=b03f5f7f11d50a3a'. The system cannot find the file specified.
Could not load file or assembly 'System.Runtime, Version=9.0.0.0, Culture=neutral, PublicKeyToken=b03f5f7f11d50a3a'. The system cannot find the file specified.
Could not load file or assembly 'System.Runtime, Version=9.0.0.0, Culture=neutral, PublicKeyToken=b03f5f7f11d50a3a'. The system cannot find the file specified.
Could not load file or assembly 'System.Runtime, Version=9.0.0.0, Culture=neutral, PublicKeyToken=b03f5f7f11d50a3a'. The system cannot find the file specified.
Could not load file or assembly 'System.Runtime, Version=9.0.0.0, Culture=neutral, PublicKeyToken=b03f5f7f11d50a3a'. The system cannot find the file specified.
Could not load file or assembly 'System.Runtime, Version=9.0.0.0, Culture=neutral, PublicKeyToken=b03f5f7f11d50a3a'. The system cannot find the file specified.
Could not load file or assembly 'System.Runtime, Version=9.0.0.0, Culture=neutral, PublicKeyToken=b03f5f7f11d50a3a'. The system cannot find the file specified.
Could not load file or assembly 'System.Runtime, Version=9.0.0.0, Culture=neutral, PublicKeyToken=b03f5f7f11d50a3a'. The system cannot find the file specified.
Could not load file or assembly 'System.Runtime, Version=9.0.0.0, Culture=neutral, PublicKeyToken=b03f5f7f11d50a3a'. The system cannot find the file specified.
Could not load file or assembly 'System.Runtime, Version=9.0.0.0, Culture=neutral, PublicKeyToken=b03f5f7f11d50a3a'. The system cannot find the file specified.
Could not load file or assembly 'System.Runtime, Version=9.0.0.0, Culture=neutral, PublicKeyToken=b03f5f7f11d50a3a'. The system cannot find the file specified.
Could not load file or assembly 'System.Runtime, Version=9.0.0.0, Culture=neutral, PublicKeyToken=b03f5f7f11d50a3a'. The system cannot find the file specified.
Could not load file or assembly 'System.Runtime, Version=9.0.0.0, Culture=neutral, PublicKeyToken=b03f5f7f11d50a3a'. The system cannot find the file specified.
Could not load file or assembly 'System.Runtime, Version=9.0.0.0, Culture=neutral, PublicKeyToken=b03f5f7f11d50a3a'. The system cannot find the file specified.
Could not load file or assembly 'System.Runtime, Version=9.0.0.0, Culture=neutral, PublicKeyToken=b03f5f7f11d50a3a'. The system cannot find the file specified.
Could not load file or assembly 'System.Runtime, Version=9.0.0.0, Culture=neutral, PublicKeyToken=b03f5f7f11d50a3a'. The system cannot find the file specified.
Could not load file or assembly 'System.Runtime, Version=9.0.0.0, Culture=neutral, PublicKeyToken=b03f5f7f11d50a3a'. The system cannot find the file specified.
Could not load file or assembly 'System.Runtime, Version=9.0.0.0, Culture=neutral, PublicKeyToken=b03f5f7f11d50a3a'. The system cannot find the file specified.
Could not load file or assembly 'System.Runtime, Version=9.0.0.0, Culture=neutral, PublicKeyToken=b03f5f7f11d50a3a'. The system cannot find the file specified.
Could not load file or assembly 'System.Runtime, Version=9.0.0.0, Culture=neutral, PublicKeyToken=b03f5f7f11d50a3a'. The system cannot find the file specified.
Could not load file or assembly 'System.Runtime, Version=9.0.0.0, Culture=neutral, PublicKeyToken=b03f5f7f11d50a3a'. The system cannot find the file specified.
Could not load file or assembly 'System.Runtime, Version=9.0.0.0, Culture=neutral, PublicKeyToken=b03f5f7f11d50a3a'. The system cannot find the file specified.
Could not load file or assembly 'System.Runtime, Version=9.0.0.0, Culture=neutral, PublicKeyToken=b03f5f7f11d50a3a'. The system cannot find the file specified.
Could not load file or assembly 'System.Runtime, Version=9.0.0.0, Culture=neutral, PublicKeyToken=b03f5f7f11d50a3a'. The system cannot find the file specified.
  ----> System.Reflection.ReflectionTypeLoadException : Unable to load one or more of the requested types.
Could not load file or assembly 'System.Runtime, Version=9.0.0.0, Culture=neutral, PublicKeyToken=b03f5f7f11d50a3a'. The system cannot find the file specified.
Could not load file or assembly 'System.Runtime, Version=9.0.0.0, Culture=neutral, PublicKeyToken=b03f5f7f11d50a3a'. The system cannot find the file specified.
Could not load file or assembly 'System.Runtime, Version=9.0.0.0, Culture=neutral, PublicKeyToken=b03f5f7f11d50a3a'. The system cannot find the file specified.
Could not load file or assembly 'System.Runtime, Version=9.0.0.0, Culture=neutral, PublicKeyToken=b03f5f7f11d50a3a'. The system cannot find the file specified.
Could not load file or assembly 'System.Runtime, Version=9.0.0.0, Culture=neutral, PublicKeyToken=b03f5f7f11d50a3a'. The system cannot find the file specified.
Could not load file or assembly 'System.Runtime, Version=9.0.0.0, Culture=neutral, PublicKeyToken=b03f5f7f11d50a3a'. The system cannot find the file specified.
Could not load file or assembly 'System.Runtime, Version=9.0.0.0, Culture=neutral, PublicKeyToken=b03f5f7f11d50a3a'. The system cannot find the file specified.
Could not load file or assembly 'System.Runtime, Version=9.0.0.0, Culture=neutral, PublicKeyToken=b03f5f7f11d50a3a'. The system cannot find the file specified.
Could not load file or assembly 'System.Runtime, Version=9.0.0.0, Culture=neutral, PublicKeyToken=b03f5f7f11d50a3a'. The system cannot find the file specified.
Could not load file or assembly 'System.Runtime, Version=9.0.0.0, Culture=neutral, PublicKeyToken=b03f5f7f11d50a3a'. The system cannot find the file specified.
Could not load file or assembly 'System.Runtime, Version=9.0.0.0, Culture=neutral, PublicKeyToken=b03f5f7f11d50a3a'. The system cannot find the file specified.
Could not load file or assembly 'System.Runtime, Version=9.0.0.0, Culture=neutral, PublicKeyToken=b03f5f7f11d50a3a'. The system cannot find the file specified.
Could not load file or assembly 'System.Runtime, Version=9.0.0.0, Culture=neutral, PublicKeyToken=b03f5f7f11d50a3a'. The system cannot find the file specified.
Could not load file or assembly 'System.Runtime, Version=9.0.0.0, Culture=neutral, PublicKeyToken=b03f5f7f11d50a3a'. The system cannot find the file specified.
Could not load file or assembly 'System.Runtime, Version=9.0.0.0, Culture=neutral, PublicKeyToken=b03f5f7f11d50a3a'. The system cannot find the file specified.
Could not load file or assembly 'System.Runtime, Version=9.0.0.0, Culture=neutral, PublicKeyToken=b03f5f7f11d50a3a'. The system cannot find the file specified.
Could not load file or assembly 'System.Runtime, Version=9.0.0.0, Culture=neutral, PublicKeyToken=b03f5f7f11d50a3a'. The system cannot find the file specified.
Could not load file or assembly 'System.Runtime, Version=9.0.0.0, Culture=neutral, PublicKeyToken=b03f5f7f11d50a3a'. The system cannot find the file specified.
Could not load file or assembly 'System.Runtime, Version=9.0.0.0, Culture=neutral, PublicKeyToken=b03f5f7f11d50a3a'. The system cannot find the file specified.
Could not load file or assembly 'System.Runtime, Version=9.0.0.0, Culture=neutral, PublicKeyToken=b03f5f7f11d50a3a'. The system cannot find the file specified.
Could not load file or assembly 'System.Runtime, Version=9.0.0.0, Culture=neutral, PublicKeyToken=b03f5f7f11d50a3a'. The system cannot find the file specified.
Could not load file or assembly 'System.Runtime, Version=9.0.0.0, Culture=neutral, PublicKeyToken=b03f5f7f11d50a3a'. The system cannot find the file specified.
Could not load file or assembly 'System.Runtime, Version=9.0.0.0, Culture=neutral, PublicKeyToken=b03f5f7f11d50a3a'. The system cannot find the file specified.
Could not load file or assembly 'System.Runtime, Version=9.0.0.0, Culture=neutral, PublicKeyToken=b03f5f7f11d50a3a'. The system cannot find the file specified.
Could not load file or assembly 'System.Runtime, Version=9.0.0.0, Culture=neutral, PublicKeyToken=b03f5f7f11d50a3a'. The system cannot find the file specified.
Could not load file or assembly 'System.Runtime, Version=9.0.0.0, Culture=neutral, PublicKeyToken=b03f5f7f11d50a3a'. The system cannot find the file specified.
Could not load file or assembly 'System.Runtime, Version=9.0.0.0, Culture=neutral, PublicKeyToken=b03f5f7f11d50a3a'. The system cannot find the file specified.
Could not load file or assembly 'System.Runtime, Version=9.0.0.0, Culture=neutral, PublicKeyToken=b03f5f7f11d50a3a'. The system cannot find the file specified.
Could not load file or assembly 'System.Runtime, Version=9.0.0.0, Culture=neutral, PublicKeyToken=b03f5f7f11d50a3a'. The system cannot find the file specified.
Could not load file or assembly 'System.Runtime, Version=9.0.0.0, Culture=neutral, PublicKeyToken=b03f5f7f11d50a3a'. The system cannot find the file specified.
Could not load file or assembly 'System.Runtime, Version=9.0.0.0, Culture=neutral, PublicKeyToken=b03f5f7f11d50a3a'. The system cannot find the file specified.
Could not load file or assembly 'System.Runtime, Version=9.0.0.0, Culture=neutral, PublicKeyToken=b03f5f7f11d50a3a'. The system cannot find the file specified.
Could not load file or assembly 'System.Runtime, Version=9.0.0.0, Culture=neutral, PublicKeyToken=b03f5f7f11d50a3a'. The system cannot find the file specified.
Could not load file or assembly 'System.Runtime, Version=9.0.0.0, Culture=neutral, PublicKeyToken=b03f5f7f11d50a3a'. The system cannot find the file specified.
Could not load file or assembly 'System.Runtime, Version=9.0.0.0, Culture=neutral, PublicKeyToken=b03f5f7f11d50a3a'. The system cannot find the file specified.
Could not load file or assembly 'System.Runtime, Version=9.0.0.0, Culture=neutral, PublicKeyToken=b03f5f7f11d50a3a'. The system cannot find the file specified.
Could not load file or assembly 'System.Runtime, Version=9.0.0.0, Culture=neutral, PublicKeyToken=b03f5f7f11d50a3a'. The system cannot find the file specified.
Could not load file or assembly 'System.Runtime, Version=9.0.0.0, Culture=neutral, PublicKeyToken=b03f5f7f11d50a3a'. The system cannot find the file specified.
Could not load file or assembly 'System.Runtime, Version=9.0.0.0, Culture=neutral, PublicKeyToken=b03f5f7f11d50a3a'. The system cannot find the file specified.
Could not load file or assembly 'System.Runtime, Version=9.0.0.0, Culture=neutral, PublicKeyToken=b03f5f7f11d50a3a'. The system cannot find the file specified.
Could not load file or assembly 'System.Runtime, Version=9.0.0.0, Culture=neutral, PublicKeyToken=b03f5f7f11d50a3a'. The system cannot find the file specified.
Could not load file or assembly 'System.Runtime, Version=9.0.0.0, Culture=neutral, PublicKeyToken=b03f5f7f11d50a3a'. The system cannot find the file specified.
Could not load file or assembly 'System.Runtime, Version=9.0.0.0, Culture=neutral, PublicKeyToken=b03f5f7f11d50a3a'. The system cannot find the file specified.
Could not load file or assembly 'System.Runtime, Version=9.0.0.0, Culture=neutral, PublicKeyToken=b03f5f7f11d50a3a'. The system cannot find the file specified.
Could not load file or assembly 'System.Runtime, Version=9.0.0.0, Culture=neutral, PublicKeyToken=b03f5f7f11d50a3a'. The system cannot find the file specified.
Could not load file or assembly 'System.Runtime, Version=9.0.0.0, Culture=neutral, PublicKeyToken=b03f5f7f11d50a3a'. The system cannot find the file specified.
Could not load file or assembly 'System.Runtime, Version=9.0.0.0, Culture=neutral, PublicKeyToken=b03f5f7f11d50a3a'. The system cannot find the file specified.
Could not load file or assembly 'System.Runtime, Version=9.0.0.0, Culture=neutral, PublicKeyToken=b03f5f7f11d50a3a'. The system cannot find the file specified.
Could not load file or assembly 'System.Runtime, Version=9.0.0.0, Culture=neutral, PublicKeyToken=b03f5f7f11d50a3a'. The system cannot find the file specified.
Could not load file or assembly 'System.Runtime, Version=9.0.0.0, Culture=neutral, PublicKeyToken=b03f5f7f11d50a3a'. The system cannot find the file specified.
Could not load file or assembly 'System.Runtime, Version=9.0.0.0, Culture=neutral, PublicKeyToken=b03f5f7f11d50a3a'. The system cannot find the file specified.
Could not load file or assembly 'System.Runtime, Version=9.0.0.0, Culture=neutral, PublicKeyToken=b03f5f7f11d50a3a'. The system cannot find the file specified.
Could not load file or assembly 'System.Runtime, Version=9.0.0.0, Culture=neutral, PublicKeyToken=b03f5f7f11d50a3a'. The system cannot find the file specified.
Could not load file or assembly 'System.Runtime, Version=9.0.0.0, Culture=neutral, PublicKeyToken=b03f5f7f11d50a3a'. The system cannot find the file specified.
Could not load file or assembly 'System.Runtime, Version=9.0.0.0, Culture=neutral, PublicKeyToken=b03f5f7f11d50a3a'. The system cannot find the file specified.
Could not load file or assembly 'System.Runtime, Version=9.0.0.0, Culture=neutral, PublicKeyToken=b03f5f7f11d50a3a'. The system cannot find the file specified.
Could not load file or assembly 'System.Runtime, Version=9.0.0.0, Culture=neutral, PublicKeyToken=b03f5f7f11d50a3a'. The system cannot find the file specified.
Could not load file or assembly 'System.Runtime, Version=9.0.0.0, Culture=neutral, PublicKeyToken=b03f5f7f11d50a3a'. The system cannot find the file specified.
Could not load file or assembly 'System.Runtime, Version=9.0.0.0, Culture=neutral, PublicKeyToken=b03f5f7f11d50a3a'. The system cannot find the file specified.
Could not load file or assembly 'System.Runtime, Version=9.0.0.0, Culture=neutral, PublicKeyToken=b03f5f7f11d50a3a'. The system cannot find the file specified.
Could not load file or assembly 'System.Runtime, Version=9.0.0.0, Culture=neutral, PublicKeyToken=b03f5f7f11d50a3a'. The system cannot find the file specified.
Could not load file or assembly 'System.Runtime, Version=9.0.0.0, Culture=neutral, PublicKeyToken=b03f5f7f11d50a3a'. The system cannot find the file specified.
Could not load file or assembly 'System.Runtime, Version=9.0.0.0, Culture=neutral, PublicKeyToken=b03f5f7f11d50a3a'. The system cannot find the file specified.
Could not load file or assembly 'System.Runtime, Version=9.0.0.0, Culture=neutral, PublicKeyToken=b03f5f7f11d50a3a'. The system cannot find the file specified.
Could not load file or assembly 'System.Runtime, Version=9.0.0.0, Culture=neutral, PublicKeyToken=b03f5f7f11d50a3a'. The system cannot find the file specified.
Could not load file or assembly 'System.Runtime, Version=9.0.0.0, Culture=neutral, PublicKeyToken=b03f5f7f11d50a3a'. The system cannot find the file specified.
Could not load file or assembly 'System.Runtime, Version=9.0.0.0, Culture=neutral, PublicKeyToken=b03f5f7f11d50a3a'. The system cannot find the file specified.
Could not load file or assembly 'System.Runtime, Version=9.0.0.0, Culture=neutral, PublicKeyToken=b03f5f7f11d50a3a'. The system cannot find the file specified.
Could not load file or assembly 'System.Runtime, Version=9.0.0.0, Culture=neutral, PublicKeyToken=b03f5f7f11d50a3a'. The system cannot find the file specified.
Could not load file or assembly 'System.Runtime, Version=9.0.0.0, Culture=neutral, PublicKeyToken=b03f5f7f11d50a3a'. The system cannot find the file specified.
Could not load file or assembly 'System.Runtime, Version=9.0.0.0, Culture=neutral, PublicKeyToken=b03f5f7f11d50a3a'. The system cannot find the file specified.
Could not load file or assembly 'System.Runtime, Version=9.0.0.0, Culture=neutral, PublicKeyToken=b03f5f7f11d50a3a'. The system cannot find the file specified.
Could not load file or assembly 'System.Runtime, Version=9.0.0.0, Culture=neutral, PublicKeyToken=b03f5f7f11d50a3a'. The system cannot find the file specified.
Could not load file or assembly 'System.Runtime, Version=9.0.0.0, Culture=neutral, PublicKeyToken=b03f5f7f11d50a3a'. The system cannot find the file specified.
Could not load file or assembly 'System.Runtime, Version=9.0.0.0, Culture=neutral, PublicKeyToken=b03f5f7f11d50a3a'. The system cannot find the file specified.
Could not load file or assembly 'System.Runtime, Version=9.0.0.0, Culture=neutral, PublicKeyToken=b03f5f7f11d50a3a'. The system cannot find the file specified.
Could not load file or assembly 'System.Runtime, Version=9.0.0.0, Culture=neutral, PublicKeyToken=b03f5f7f11d50a3a'. The system cannot find the file specified.
  ----> System.Reflection.ReflectionTypeLoadException : Unable to load one or more of the requested types.
Could not load file or assembly 'System.Runtime, Version=9.0.0.0, Culture=neutral, PublicKeyToken=b03f5f7f11d50a3a'. The system cannot find the file specified.
Could not load file or assembly 'System.Runtime, Version=9.0.0.0, Culture=neutral, PublicKeyToken=b03f5f7f11d50a3a'. The system cannot find the file specified.
Could not load file or assembly 'System.Runtime, Version=9.0.0.0, Culture=neutral, PublicKeyToken=b03f5f7f11d50a3a'. The system cannot find the file specified.
Could not load file or assembly 'System.Runtime, Version=9.0.0.0, Culture=neutral, PublicKeyToken=b03f5f7f11d50a3a'. The system cannot find the file specified.
Could not load file or assembly 'System.Runtime, Version=9.0.0.0, Culture=neutral, PublicKeyToken=b03f5f7f11d50a3a'. The system cannot find the file specified.
Could not load file or assembly 'System.Runtime, Version=9.0.0.0, Culture=neutral, PublicKeyToken=b03f5f7f11d50a3a'. The system cannot find the file specified.
Could not load file or assembly 'System.Runtime, Version=9.0.0.0, Culture=neutral, PublicKeyToken=b03f5f7f11d50a3a'. The system cannot find the file specified.
Could not load file or assembly 'System.Runtime, Version=9.0.0.0, Culture=neutral, PublicKeyToken=b03f5f7f11d50a3a'. The system cannot find the file specified.
Could not load file or assembly 'System.Runtime, Version=9.0.0.0, Culture=neutral, PublicKeyToken=b03f5f7f11d50a3a'. The system cannot find the file specified.
Could not load file or assembly 'System.Runtime, Version=9.0.0.0, Culture=neutral, PublicKeyToken=b03f5f7f11d50a3a'. The system cannot find the file specified.
Could not load file or assembly 'System.Runtime, Version=9.0.0.0, Culture=neutral, PublicKeyToken=b03f5f7f11d50a3a'. The system cannot find the file specified.
Could not load file or assembly 'System.Runtime, Version=9.0.0.0, Culture=neutral, PublicKeyToken=b03f5f7f11d50a3a'. The system cannot find the file specified.
Could not load file or assembly 'System.Runtime, Version=9.0.0.0, Culture=neutral, PublicKeyToken=b03f5f7f11d50a3a'. The system cannot find the file specified.
Could not load file or assembly 'System.Runtime, Version=9.0.0.0, Culture=neutral, PublicKeyToken=b03f5f7f11d50a3a'. The system cannot find the file specified.
Could not load file or assembly 'System.Runtime, Version=9.0.0.0, Culture=neutral, PublicKeyToken=b03f5f7f11d50a3a'. The system cannot find the file specified.
Could not load file or assembly 'System.Runtime, Version=9.0.0.0, Culture=neutral, PublicKeyToken=b03f5f7f11d50a3a'. The system cannot find the file specified.
Could not load file or assembly 'System.Runtime, Version=9.0.0.0, Culture=neutral, PublicKeyToken=b03f5f7f11d50a3a'. The system cannot find the file specified.
Could not load file or assembly 'System.Runtime, Version=9.0.0.0, Culture=neutral, PublicKeyToken=b03f5f7f11d50a3a'. The system cannot find the file specified.
Could not load file or assembly 'System.Runtime, Version=9.0.0.0, Culture=neutral, PublicKeyToken=b03f5f7f11d50a3a'. The system cannot find the file specified.
Could not load file or assembly 'System.Runtime, Version=9.0.0.0, Culture=neutral, PublicKeyToken=b03f5f7f11d50a3a'. The system cannot find the file specified.
Could not load file or assembly 'System.Runtime, Version=9.0.0.0, Culture=neutral, PublicKeyToken=b03f5f7f11d50a3a'. The system cannot find the file specified.
Could not load file or assembly 'System.Runtime, Version=9.0.0.0, Culture=neutral, PublicKeyToken=b03f5f7f11d50a3a'. The system cannot find the file specified.
Could not load file or assembly 'System.Runtime, Version=9.0.0.0, Culture=neutral, PublicKeyToken=b03f5f7f11d50a3a'. The system cannot find the file specified.
Could not load file or assembly 'System.Runtime, Version=9.0.0.0, Culture=neutral, PublicKeyToken=b03f5f7f11d50a3a'. The system cannot find the file specified.
Could not load file or assembly 'System.Runtime, Version=9.0.0.0, Culture=neutral, PublicKeyToken=b03f5f7f11d50a3a'. The system cannot find the file specified.
Could not load file or assembly 'System.Runtime, Version=9.0.0.0, Culture=neutral, PublicKeyToken=b03f5f7f11d50a3a'. The system cannot find the file specified.
Could not load file or assembly 'System.Runtime, Version=9.0.0.0, Culture=neutral, PublicKeyToken=b03f5f7f11d50a3a'. The system cannot find the file specified.
Could not load file or assembly 'System.Runtime, Version=9.0.0.0, Culture=neutral, PublicKeyToken=b03f5f7f11d50a3a'. The system cannot find the file specified.
Could not load file or assembly 'System.Runtime, Version=9.0.0.0, Culture=neutral, PublicKeyToken=b03f5f7f11d50a3a'. The system cannot find the file specified.
Could not load file or assembly 'System.Runtime, Version=9.0.0.0, Culture=neutral, PublicKeyToken=b03f5f7f11d50a3a'. The system cannot find the file specified.
Could not load file or assembly 'System.Runtime, Version=9.0.0.0, Culture=neutral, PublicKeyToken=b03f5f7f11d50a3a'. The system cannot find the file specified.
Could not load file or assembly 'System.Runtime, Version=9.0.0.0, Culture=neutral, PublicKeyToken=b03f5f7f11d50a3a'. The system cannot find the file specified.
Could not load file or assembly 'System.Runtime, Version=9.0.0.0, Culture=neutral, PublicKeyToken=b03f5f7f11d50a3a'. The system cannot find the file specified.
Could not load file or assembly 'System.Runtime, Version=9.0.0.0, Culture=neutral, PublicKeyToken=b03f5f7f11d50a3a'. The system cannot find the file specified.
Could not load file or assembly 'System.Runtime, Version=9.0.0.0, Culture=neutral, PublicKeyToken=b03f5f7f11d50a3a'. The system cannot find the file specified.
Could not load file or assembly 'System.Runtime, Version=9.0.0.0, Culture=neutral, PublicKeyToken=b03f5f7f11d50a3a'. The system cannot find the file specified.
Could not load file or assembly 'System.Runtime, Version=9.0.0.0, Culture=neutral, PublicKeyToken=b03f5f7f11d50a3a'. The system cannot find the file specified.
Could not load file or assembly 'System.Runtime, Version=9.0.0.0, Culture=neutral, PublicKeyToken=b03f5f7f11d50a3a'. The system cannot find the file specified.
Could not load file or assembly 'System.Runtime, Version=9.0.0.0, Culture=neutral, PublicKeyToken=b03f5f7f11d50a3a'. The system cannot find the file specified.
Could not load file or assembly 'System.Runtime, Version=9.0.0.0, Culture=neutral, PublicKeyToken=b03f5f7f11d50a3a'. The system cannot find the file specified.
Could not load file or assembly 'System.Runtime, Version=9.0.0.0, Culture=neutral, PublicKeyToken=b03f5f7f11d50a3a'. The system cannot find the file specified.
Could not load file or assembly 'System.Runtime, Version=9.0.0.0, Culture=neutral, PublicKeyToken=b03f5f7f11d50a3a'. The system cannot find the file specified.
Could not load file or assembly 'System.Runtime, Version=9.0.0.0, Culture=neutral, PublicKeyToken=b03f5f7f11d50a3a'. The system cannot find the file specified.
Could not load file or assembly 'System.Runtime, Version=9.0.0.0, Culture=neutral, PublicKeyToken=b03f5f7f11d50a3a'. The system cannot find the file specified.
Could not load file or assembly 'System.Runtime, Version=9.0.0.0, Culture=neutral, PublicKeyToken=b03f5f7f11d50a3a'. The system cannot find the file specified.
Could not load file or assembly 'System.Runtime, Version=9.0.0.0, Culture=neutral, PublicKeyToken=b03f5f7f11d50a3a'. The system cannot find the file specified.
Could not load file or assembly 'System.Runtime, Version=9.0.0.0, Culture=neutral, PublicKeyToken=b03f5f7f11d50a3a'. The system cannot find the file specified.
Could not load file or assembly 'System.Runtime, Version=9.0.0.0, Culture=neutral, PublicKeyToken=b03f5f7f11d50a3a'. The system cannot find the file specified.
Could not load file or assembly 'System.Runtime, Version=9.0.0.0, Culture=neutral, PublicKeyToken=b03f5f7f11d50a3a'. The system cannot find the file specified.
Could not load file or assembly 'System.Runtime, Version=9.0.0.0, Culture=neutral, PublicKeyToken=b03f5f7f11d50a3a'. The system cannot find the file specified.
Could not load file or assembly 'System.Runtime, Version=9.0.0.0, Culture=neutral, PublicKeyToken=b03f5f7f11d50a3a'. The system cannot find the file specified.
Could not load file or assembly 'System.Runtime, Version=9.0.0.0, Culture=neutral, PublicKeyToken=b03f5f7f11d50a3a'. The system cannot find the file specified.
Could not load file or assembly 'System.Runtime, Version=9.0.0.0, Culture=neutral, PublicKeyToken=b03f5f7f11d50a3a'. The system cannot find the file specified.
Could not load file or assembly 'System.Runtime, Version=9.0.0.0, Culture=neutral, PublicKeyToken=b03f5f7f11d50a3a'. The system cannot find the file specified.
Could not load file or assembly 'System.Runtime, Version=9.0.0.0, Culture=neutral, PublicKeyToken=b03f5f7f11d50a3a'. The system cannot find the file specified.
Could not load file or assembly 'System.Runtime, Version=9.0.0.0, Culture=neutral, PublicKeyToken=b03f5f7f11d50a3a'. The system cannot find the file specified.
Could not load file or assembly 'System.Runtime, Version=9.0.0.0, Culture=neutral, PublicKeyToken=b03f5f7f11d50a3a'. The system cannot find the file specified.
Could not load file or assembly 'System.Runtime, Version=9.0.0.0, Culture=neutral, PublicKeyToken=b03f5f7f11d50a3a'. The system cannot find the file specified.
Could not load file or assembly 'System.Runtime, Version=9.0.0.0, Culture=neutral, PublicKeyToken=b03f5f7f11d50a3a'. The system cannot find the file specified.
Could not load file or assembly 'System.Runtime, Version=9.0.0.0, Culture=neutral, PublicKeyToken=b03f5f7f11d50a3a'. The system cannot find the file specified.
Could not load file or assembly 'System.Runtime, Version=9.0.0.0, Culture=neutral, PublicKeyToken=b03f5f7f11d50a3a'. The system cannot find the file specified.
Could not load file or assembly 'System.Runtime, Version=9.0.0.0, Culture=neutral, PublicKeyToken=b03f5f7f11d50a3a'. The system cannot find the file specified.
Could not load file or assembly 'System.Runtime, Version=9.0.0.0, Culture=neutral, PublicKeyToken=b03f5f7f11d50a3a'. The system cannot find the file specified.
Could not load file or assembly 'System.Runtime, Version=9.0.0.0, Culture=neutral, PublicKeyToken=b03f5f7f11d50a3a'. The system cannot find the file specified.
Could not load file or assembly 'System.Runtime, Version=9.0.0.0, Culture=neutral, PublicKeyToken=b03f5f7f11d50a3a'. The system cannot find the file specified.
Could not load file or assembly 'System.Runtime, Version=9.0.0.0, Culture=neutral, PublicKeyToken=b03f5f7f11d50a3a'. The system cannot find the file specified.
Could not load file or assembly 'System.Runtime, Version=9.0.0.0, Culture=neutral, PublicKeyToken=b03f5f7f11d50a3a'. The system cannot find the file specified.
Could not load file or assembly 'System.Runtime, Version=9.0.0.0, Culture=neutral, PublicKeyToken=b03f5f7f11d50a3a'. The system cannot find the file specified.
Could not load file or assembly 'System.Runtime, Version=9.0.0.0, Culture=neutral, PublicKeyToken=b03f5f7f11d50a3a'. The system cannot find the file specified.
Could not load file or assembly 'System.Runtime, Version=9.0.0.0, Culture=neutral, PublicKeyToken=b03f5f7f11d50a3a'. The system cannot find the file specified.
Could not load file or assembly 'System.Runtime, Version=9.0.0.0, Culture=neutral, PublicKeyToken=b03f5f7f11d50a3a'. The system cannot find the file specified.
Could not load file or assembly 'System.Runtime, Version=9.0.0.0, Culture=neutral, PublicKeyToken=b03f5f7f11d50a3a'. The system cannot find the file specified.
Could not load file or assembly 'System.Runtime, Version=9.0.0.0, Culture=neutral, PublicKeyToken=b03f5f7f11d50a3a'. The system cannot find the file specified.
Could not load file or assembly 'System.Runtime, Version=9.0.0.0, Culture=neutral, PublicKeyToken=b03f5f7f11d50a3a'. The system cannot find the file specified.
Could not load file or assembly 'System.Runtime, Version=9.0.0.0, Culture=neutral, PublicKeyToken=b03f5f7f11d50a3a'. The system cannot find the file specified.
Could not load file or assembly 'System.Runtime, Version=9.0.0.0, Culture=neutral, PublicKeyToken=b03f5f7f11d50a3a'. The system cannot find the file specified.
Could not load file or assembly 'System.Runtime, Version=9.0.0.0, Culture=neutral, PublicKeyToken=b03f5f7f11d50a3a'. The system cannot find the file specified.
  ----> System.Reflection.ReflectionTypeLoadException : Unable to load one or more of the requested types.
Could not load file or assembly 'System.Runtime, Version=9.0.0.0, Culture=neutral, PublicKeyToken=b03f5f7f11d50a3a'. The system cannot find the file specified.
Could not load file or assembly 'System.Runtime, Version=9.0.0.0, Culture=neutral, PublicKeyToken=b03f5f7f11d50a3a'. The system cannot find the file specified.
Could not load file or assembly 'System.Runtime, Version=9.0.0.0, Culture=neutral, PublicKeyToken=b03f5f7f11d50a3a'. The system cannot find the file specified.
Could not load file or assembly 'System.Runtime, Version=9.0.0.0, Culture=neutral, PublicKeyToken=b03f5f7f11d50a3a'. The system cannot find the file specified.
Could not load file or assembly 'System.Runtime, Version=9.0.0.0, Culture=neutral, PublicKeyToken=b03f5f7f11d50a3a'. The system cannot find the file specified.
Could not load file or assembly 'System.Runtime, Version=9.0.0.0, Culture=neutral, PublicKeyToken=b03f5f7f11d50a3a'. The system cannot find the file specified.
Could not load file or assembly 'System.Runtime, Version=9.0.0.0, Culture=neutral, PublicKeyToken=b03f5f7f11d50a3a'. The system cannot find the file specified.
Could not load file or assembly 'System.Runtime, Version=9.0.0.0, Culture=neutral, PublicKeyToken=b03f5f7f11d50a3a'. The system cannot find the file specified.
Could not load file or assembly 'System.Runtime, Version=9.0.0.0, Culture=neutral, PublicKeyToken=b03f5f7f11d50a3a'. The system cannot find the file specified.
Could not load file or assembly 'System.Runtime, Version=9.0.0.0, Culture=neutral, PublicKeyToken=b03f5f7f11d50a3a'. The system cannot find the file specified.
Could not load file or assembly 'System.Runtime, Version=9.0.0.0, Culture=neutral, PublicKeyToken=b03f5f7f11d50a3a'. The system cannot find the file specified.
Could not load file or assembly 'System.Runtime, Version=9.0.0.0, Culture=neutral, PublicKeyToken=b03f5f7f11d50a3a'. The system cannot find the file specified.
Could not load file or assembly 'System.Runtime, Version=9.0.0.0, Culture=neutral, PublicKeyToken=b03f5f7f11d50a3a'. The system cannot find the file specified.
Could not load file or assembly 'System.Runtime, Version=9.0.0.0, Culture=neutral, PublicKeyToken=b03f5f7f11d50a3a'. The system cannot find the file specified.
Could not load file or assembly 'System.Runtime, Version=9.0.0.0, Culture=neutral, PublicKeyToken=b03f5f7f11d50a3a'. The system cannot find the file specified.
Could not load file or assembly 'System.Runtime, Version=9.0.0.0, Culture=neutral, PublicKeyToken=b03f5f7f11d50a3a'. The system cannot find the file specified.
Could not load file or assembly 'System.Runtime, Version=9.0.0.0, Culture=neutral, PublicKeyToken=b03f5f7f11d50a3a'. The system cannot find the file specified.
Could not load file or assembly 'System.Runtime, Version=9.0.0.0, Culture=neutral, PublicKeyToken=b03f5f7f11d50a3a'. The system cannot find the file specified.
Could not load file or assembly 'System.Runtime, Version=9.0.0.0, Culture=neutral, PublicKeyToken=b03f5f7f11d50a3a'. The system cannot find the file specified.
Could not load file or assembly 'System.Runtime, Version=9.0.0.0, Culture=neutral, PublicKeyToken=b03f5f7f11d50a3a'. The system cannot find the file specified.
Could not load file or assembly 'System.Runtime, Version=9.0.0.0, Culture=neutral, PublicKeyToken=b03f5f7f11d50a3a'. The system cannot find the file specified.
Could not load file or assembly 'System.Runtime, Version=9.0.0.0, Culture=neutral, PublicKeyToken=b03f5f7f11d50a3a'. The system cannot find the file specified.
Could not load file or assembly 'System.Runtime, Version=9.0.0.0, Culture=neutral, PublicKeyToken=b03f5f7f11d50a3a'. The system cannot find the file specified.
Could not load file or assembly 'System.Runtime, Version=9.0.0.0, Culture=neutral, PublicKeyToken=b03f5f7f11d50a3a'. The system cannot find the file specified.
Could not load file or assembly 'System.Runtime, Version=9.0.0.0, Culture=neutral, PublicKeyToken=b03f5f7f11d50a3a'. The system cannot find the file specified.
Could not load file or assembly 'System.Runtime, Version=9.0.0.0, Culture=neutral, PublicKeyToken=b03f5f7f11d50a3a'. The system cannot find the file specified.
Could not load file or assembly 'System.Runtime, Version=9.0.0.0, Culture=neutral, PublicKeyToken=b03f5f7f11d50a3a'. The system cannot find the file specified.
Could not load file or assembly 'System.Runtime, Version=9.0.0.0, Culture=neutral, PublicKeyToken=b03f5f7f11d50a3a'. The system cannot find the file specified.
Could not load file or assembly 'System.Runtime, Version=9.0.0.0, Culture=neutral, PublicKeyToken=b03f5f7f11d50a3a'. The system cannot find the file specified.
Could not load file or assembly 'System.Runtime, Version=9.0.0.0, Culture=neutral, PublicKeyToken=b03f5f7f11d50a3a'. The system cannot find the file specified.
Could not load file or assembly 'System.Runtime, Version=9.0.0.0, Culture=neutral, PublicKeyToken=b03f5f7f11d50a3a'. The system cannot find the file specified.
Could not load file or assembly 'System.Runtime, Version=9.0.0.0, Culture=neutral, PublicKeyToken=b03f5f7f11d50a3a'. The system cannot find the file specified.
Could not load file or assembly 'System.Runtime, Version=9.0.0.0, Culture=neutral, PublicKeyToken=b03f5f7f11d50a3a'. The system cannot find the file specified.
Could not load file or assembly 'System.Runtime, Version=9.0.0.0, Culture=neutral, PublicKeyToken=b03f5f7f11d50a3a'. The system cannot find the file specified.
Could not load file or assembly 'System.Runtime, Version=9.0.0.0, Culture=neutral, PublicKeyToken=b03f5f7f11d50a3a'. The system cannot find the file specified.
Could not load file or assembly 'System.Runtime, Version=9.0.0.0, Culture=neutral, PublicKeyToken=b03f5f7f11d50a3a'. The system cannot find the file specified.
Could not load file or assembly 'System.Runtime, Version=9.0.0.0, Culture=neutral, PublicKeyToken=b03f5f7f11d50a3a'. The system cannot find the file specified.
Could not load file or assembly 'System.Runtime, Version=9.0.0.0, Culture=neutral, PublicKeyToken=b03f5f7f11d50a3a'. The system cannot find the file specified.
Could not load file or assembly 'System.Runtime, Version=9.0.0.0, Culture=neutral, PublicKeyToken=b03f5f7f11d50a3a'. The system cannot find the file specified.
Could not load file or assembly 'System.Runtime, Version=9.0.0.0, Culture=neutral, PublicKeyToken=b03f5f7f11d50a3a'. The system cannot find the file specified.
Could not load file or assembly 'System.Runtime, Version=9.0.0.0, Culture=neutral, PublicKeyToken=b03f5f7f11d50a3a'. The system cannot find the file specified.
Could not load file or assembly 'System.Runtime, Version=9.0.0.0, Culture=neutral, PublicKeyToken=b03f5f7f11d50a3a'. The system cannot find the file specified.
Could not load file or assembly 'System.Runtime, Version=9.0.0.0, Culture=neutral, PublicKeyToken=b03f5f7f11d50a3a'. The system cannot find the file specified.
Could not load file or assembly 'System.Runtime, Version=9.0.0.0, Culture=neutral, PublicKeyToken=b03f5f7f11d50a3a'. The system cannot find the file specified.
Could not load file or assembly 'System.Runtime, Version=9.0.0.0, Culture=neutral, PublicKeyToken=b03f5f7f11d50a3a'. The system cannot find the file specified.
Could not load file or assembly 'System.Runtime, Version=9.0.0.0, Culture=neutral, PublicKeyToken=b03f5f7f11d50a3a'. The system cannot find the file specified.
Could not load file or assembly 'System.Runtime, Version=9.0.0.0, Culture=neutral, PublicKeyToken=b03f5f7f11d50a3a'. The system cannot find the file specified.
Could not load file or assembly 'System.Runtime, Version=9.0.0.0, Culture=neutral, PublicKeyToken=b03f5f7f11d50a3a'. The system cannot find the file specified.
Could not load file or assembly 'System.Runtime, Version=9.0.0.0, Culture=neutral, PublicKeyToken=b03f5f7f11d50a3a'. The system cannot find the file specified.
Could not load file or assembly 'System.Runtime, Version=9.0.0.0, Culture=neutral, PublicKeyToken=b03f5f7f11d50a3a'. The system cannot find the file specified.
Could not load file or assembly 'System.Runtime, Version=9.0.0.0, Culture=neutral, PublicKeyToken=b03f5f7f11d50a3a'. The system cannot find the file specified.
Could not load file or assembly 'System.Runtime, Version=9.0.0.0, Culture=neutral, PublicKeyToken=b03f5f7f11d50a3a'. The system cannot find the file specified.
Could not load file or assembly 'System.Runtime, Version=9.0.0.0, Culture=neutral, PublicKeyToken=b03f5f7f11d50a3a'. The system cannot find the file specified.
Could not load file or assembly 'System.Runtime, Version=9.0.0.0, Culture=neutral, PublicKeyToken=b03f5f7f11d50a3a'. The system cannot find the file specified.
Could not load file or assembly 'System.Runtime, Version=9.0.0.0, Culture=neutral, PublicKeyToken=b03f5f7f11d50a3a'. The system cannot find the file specified.
Could not load file or assembly 'System.Runtime, Version=9.0.0.0, Culture=neutral, PublicKeyToken=b03f5f7f11d50a3a'. The system cannot find the file specified.
Could not load file or assembly 'System.Runtime, Version=9.0.0.0, Culture=neutral, PublicKeyToken=b03f5f7f11d50a3a'. The system cannot find the file specified.
Could not load file or assembly 'System.Runtime, Version=9.0.0.0, Culture=neutral, PublicKeyToken=b03f5f7f11d50a3a'. The system cannot find the file specified.
Could not load file or assembly 'System.Runtime, Version=9.0.0.0, Culture=neutral, PublicKeyToken=b03f5f7f11d50a3a'. The system cannot find the file specified.
Could not load file or assembly 'System.Runtime, Version=9.0.0.0, Culture=neutral, PublicKeyToken=b03f5f7f11d50a3a'. The system cannot find the file specified.
Could not load file or assembly 'System.Runtime, Version=9.0.0.0, Culture=neutral, PublicKeyToken=b03f5f7f11d50a3a'. The system cannot find the file specified.
Could not load file or assembly 'System.Runtime, Version=9.0.0.0, Culture=neutral, PublicKeyToken=b03f5f7f11d50a3a'. The system cannot find the file specified.
Could not load file or assembly 'System.Runtime, Version=9.0.0.0, Culture=neutral, PublicKeyToken=b03f5f7f11d50a3a'. The system cannot find the file specified.
Could not load file or assembly 'System.Runtime, Version=9.0.0.0, Culture=neutral, PublicKeyToken=b03f5f7f11d50a3a'. The system cannot find the file specified.
Could not load file or assembly 'System.Runtime, Version=9.0.0.0, Culture=neutral, PublicKeyToken=b03f5f7f11d50a3a'. The system cannot find the file specified.
Could not load file or assembly 'System.Runtime, Version=9.0.0.0, Culture=neutral, PublicKeyToken=b03f5f7f11d50a3a'. The system cannot find the file specified.
Could not load file or assembly 'System.Runtime, Version=9.0.0.0, Culture=neutral, PublicKeyToken=b03f5f7f11d50a3a'. The system cannot find the file specified.
Could not load file or assembly 'System.Runtime, Version=9.0.0.0, Culture=neutral, PublicKeyToken=b03f5f7f11d50a3a'. The system cannot find the file specified.
Could not load file or assembly 'System.Runtime, Version=9.0.0.0, Culture=neutral, PublicKeyToken=b03f5f7f11d50a3a'. The system cannot find the file specified.
Could not load file or assembly 'System.Runtime, Version=9.0.0.0, Culture=neutral, PublicKeyToken=b03f5f7f11d50a3a'. The system cannot find the file specified.
Could not load file or assembly 'System.Runtime, Version=9.0.0.0, Culture=neutral, PublicKeyToken=b03f5f7f11d50a3a'. The system cannot find the file specified.
Could not load file or assembly 'System.Runtime, Version=9.0.0.0, Culture=neutral, PublicKeyToken=b03f5f7f11d50a3a'. The system cannot find the file specified.
Could not load file or assembly 'System.Runtime, Version=9.0.0.0, Culture=neutral, PublicKeyToken=b03f5f7f11d50a3a'. The system cannot find the file specified.
Could not load file or assembly 'System.Runtime, Version=9.0.0.0, Culture=neutral, PublicKeyToken=b03f5f7f11d50a3a'. The system cannot find the file specified.
Could not load file or assembly 'System.Runtime, Version=9.0.0.0, Culture=neutral, PublicKeyToken=b03f5f7f11d50a3a'. The system cannot find the file specified.
Could not load file or assembly 'System.Runtime, Version=9.0.0.0, Culture=neutral, PublicKeyToken=b03f5f7f11d50a3a'. The system cannot find the file specified.
Could not load file or assembly 'System.Runtime, Version=9.0.0.0, Culture=neutral, PublicKeyToken=b03f5f7f11d50a3a'. The system cannot find the file specified.
  ----> System.Reflection.ReflectionTypeLoadException : Unable to load one or more of the requested types.
Could not load file or assembly 'System.Runtime, Version=9.0.0.0, Culture=neutral, PublicKeyToken=b03f5f7f11d50a3a'. The system cannot find the file specified.
Could not load file or assembly 'System.Runtime, Version=9.0.0.0, Culture=neutral, PublicKeyToken=b03f5f7f11d50a3a'. The system cannot find the file specified.
Could not load file or assembly 'System.Runtime, Version=9.0.0.0, Culture=neutral, PublicKeyToken=b03f5f7f11d50a3a'. The system cannot find the file specified.
Could not load file or assembly 'System.Runtime, Version=9.0.0.0, Culture=neutral, PublicKeyToken=b03f5f7f11d50a3a'. The system cannot find the file specified.
Could not load file or assembly 'System.Runtime, Version=9.0.0.0, Culture=neutral, PublicKeyToken=b03f5f7f11d50a3a'. The system cannot find the file specified.
Could not load file or assembly 'System.Runtime, Version=9.0.0.0, Culture=neutral, PublicKeyToken=b03f5f7f11d50a3a'. The system cannot find the file specified.
Could not load file or assembly 'System.Runtime, Version=9.0.0.0, Culture=neutral, PublicKeyToken=b03f5f7f11d50a3a'. The system cannot find the file specified.
Could not load file or assembly 'System.Runtime, Version=9.0.0.0, Culture=neutral, PublicKeyToken=b03f5f7f11d50a3a'. The system cannot find the file specified.
Could not load file or assembly 'System.Runtime, Version=9.0.0.0, Culture=neutral, PublicKeyToken=b03f5f7f11d50a3a'. The system cannot find the file specified.
Could not load file or assembly 'System.Runtime, Version=9.0.0.0, Culture=neutral, PublicKeyToken=b03f5f7f11d50a3a'. The system cannot find the file specified.
Could not load file or assembly 'System.Runtime, Version=9.0.0.0, Culture=neutral, PublicKeyToken=b03f5f7f11d50a3a'. The system cannot find the file specified.
Could not load file or assembly 'System.Runtime, Version=9.0.0.0, Culture=neutral, PublicKeyToken=b03f5f7f11d50a3a'. The system cannot find the file specified.
Could not load file or assembly 'System.Runtime, Version=9.0.0.0, Culture=neutral, PublicKeyToken=b03f5f7f11d50a3a'. The system cannot find the file specified.
Could not load file or assembly 'System.Runtime, Version=9.0.0.0, Culture=neutral, PublicKeyToken=b03f5f7f11d50a3a'. The system cannot find the file specified.
Could not load file or assembly 'System.Runtime, Version=9.0.0.0, Culture=neutral, PublicKeyToken=b03f5f7f11d50a3a'. The system cannot find the file specified.
Could not load file or assembly 'System.Runtime, Version=9.0.0.0, Culture=neutral, PublicKeyToken=b03f5f7f11d50a3a'. The system cannot find the file specified.
Could not load file or assembly 'System.Runtime, Version=9.0.0.0, Culture=neutral, PublicKeyToken=b03f5f7f11d50a3a'. The system cannot find the file specified.
Could not load file or assembly 'System.Runtime, Version=9.0.0.0, Culture=neutral, PublicKeyToken=b03f5f7f11d50a3a'. The system cannot find the file specified.
Could not load file or assembly 'System.Runtime, Version=9.0.0.0, Culture=neutral, PublicKeyToken=b03f5f7f11d50a3a'. The system cannot find the file specified.
Could not load file or assembly 'System.Runtime, Version=9.0.0.0, Culture=neutral, PublicKeyToken=b03f5f7f11d50a3a'. The system cannot find the file specified.
Could not load file or assembly 'System.Runtime, Version=9.0.0.0, Culture=neutral, PublicKeyToken=b03f5f7f11d50a3a'. The system cannot find the file specified.
Could not load file or assembly 'System.Runtime, Version=9.0.0.0, Culture=neutral, PublicKeyToken=b03f5f7f11d50a3a'. The system cannot find the file specified.
Could not load file or assembly 'System.Runtime, Version=9.0.0.0, Culture=neutral, PublicKeyToken=b03f5f7f11d50a3a'. The system cannot find the file specified.
Could not load file or assembly 'System.Runtime, Version=9.0.0.0, Culture=neutral, PublicKeyToken=b03f5f7f11d50a3a'. The system cannot find the file specified.
Could not load file or assembly 'System.Runtime, Version=9.0.0.0, Culture=neutral, PublicKeyToken=b03f5f7f11d50a3a'. The system cannot find the file specified.
Could not load file or assembly 'System.Runtime, Version=9.0.0.0, Culture=neutral, PublicKeyToken=b03f5f7f11d50a3a'. The system cannot find the file specified.
Could not load file or assembly 'System.Runtime, Version=9.0.0.0, Culture=neutral, PublicKeyToken=b03f5f7f11d50a3a'. The system cannot find the file specified.
Could not load file or assembly 'System.Runtime, Version=9.0.0.0, Culture=neutral, PublicKeyToken=b03f5f7f11d50a3a'. The system cannot find the file specified.
Could not load file or assembly 'System.Runtime, Version=9.0.0.0, Culture=neutral, PublicKeyToken=b03f5f7f11d50a3a'. The system cannot find the file specified.
Could not load file or assembly 'System.Runtime, Version=9.0.0.0, Culture=neutral, PublicKeyToken=b03f5f7f11d50a3a'. The system cannot find the file specified.
Could not load file or assembly 'System.Runtime, Version=9.0.0.0, Culture=neutral, PublicKeyToken=b03f5f7f11d50a3a'. The system cannot find the file specified.
Could not load file or assembly 'System.Runtime, Version=9.0.0.0, Culture=neutral, PublicKeyToken=b03f5f7f11d50a3a'. The system cannot find the file specified.
Could not load file or assembly 'System.Runtime, Version=9.0.0.0, Culture=neutral, PublicKeyToken=b03f5f7f11d50a3a'. The system cannot find the file specified.
Could not load file or assembly 'System.Runtime, Version=9.0.0.0, Culture=neutral, PublicKeyToken=b03f5f7f11d50a3a'. The system cannot find the file specified.
Could not load file or assembly 'System.Runtime, Version=9.0.0.0, Culture=neutral, PublicKeyToken=b03f5f7f11d50a3a'. The system cannot find the file specified.
Could not load file or assembly 'System.Runtime, Version=9.0.0.0, Culture=neutral, PublicKeyToken=b03f5f7f11d50a3a'. The system cannot find the file specified.
Could not load file or assembly 'System.Runtime, Version=9.0.0.0, Culture=neutral, PublicKeyToken=b03f5f7f11d50a3a'. The system cannot find the file specified.
Could not load file or assembly 'System.Runtime, Version=9.0.0.0, Culture=neutral, PublicKeyToken=b03f5f7f11d50a3a'. The system cannot find the file specified.
Could not load file or assembly 'System.Runtime, Version=9.0.0.0, Culture=neutral, PublicKeyToken=b03f5f7f11d50a3a'. The system cannot find the file specified.
Could not load file or assembly 'System.Runtime, Version=9.0.0.0, Culture=neutral, PublicKeyToken=b03f5f7f11d50a3a'. The system cannot find the file specified.
Could not load file or assembly 'System.Runtime, Version=9.0.0.0, Culture=neutral, PublicKeyToken=b03f5f7f11d50a3a'. The system cannot find the file specified.
Could not load file or assembly 'System.Runtime, Version=9.0.0.0, Culture=neutral, PublicKeyToken=b03f5f7f11d50a3a'. The system cannot find the file specified.
Could not load file or assembly 'System.Runtime, Version=9.0.0.0, Culture=neutral, PublicKeyToken=b03f5f7f11d50a3a'. The system cannot find the file specified.
Could not load file or assembly 'System.Runtime, Version=9.0.0.0, Culture=neutral, PublicKeyToken=b03f5f7f11d50a3a'. The system cannot find the file specified.
Could not load file or assembly 'System.Runtime, Version=9.0.0.0, Culture=neutral, PublicKeyToken=b03f5f7f11d50a3a'. The system cannot find the file specified.
Could not load file or assembly 'System.Runtime, Version=9.0.0.0, Culture=neutral, PublicKeyToken=b03f5f7f11d50a3a'. The system cannot find the file specified.
Could not load file or assembly 'System.Runtime, Version=9.0.0.0, Culture=neutral, PublicKeyToken=b03f5f7f11d50a3a'. The system cannot find the file specified.
Could not load file or assembly 'System.Runtime, Version=9.0.0.0, Culture=neutral, PublicKeyToken=b03f5f7f11d50a3a'. The system cannot find the file specified.
Could not load file or assembly 'System.Runtime, Version=9.0.0.0, Culture=neutral, PublicKeyToken=b03f5f7f11d50a3a'. The system cannot find the file specified.
Could not load file or assembly 'System.Runtime, Version=9.0.0.0, Culture=neutral, PublicKeyToken=b03f5f7f11d50a3a'. The system cannot find the file specified.
Could not load file or assembly 'System.Runtime, Version=9.0.0.0, Culture=neutral, PublicKeyToken=b03f5f7f11d50a3a'. The system cannot find the file specified.
Could not load file or assembly 'System.Runtime, Version=9.0.0.0, Culture=neutral, PublicKeyToken=b03f5f7f11d50a3a'. The system cannot find the file specified.
Could not load file or assembly 'System.Runtime, Version=9.0.0.0, Culture=neutral, PublicKeyToken=b03f5f7f11d50a3a'. The system cannot find the file specified.
Could not load file or assembly 'System.Runtime, Version=9.0.0.0, Culture=neutral, PublicKeyToken=b03f5f7f11d50a3a'. The system cannot find the file specified.
Could not load file or assembly 'System.Runtime, Version=9.0.0.0, Culture=neutral, PublicKeyToken=b03f5f7f11d50a3a'. The system cannot find the file specified.
Could not load file or assembly 'System.Runtime, Version=9.0.0.0, Culture=neutral, PublicKeyToken=b03f5f7f11d50a3a'. The system cannot find the file specified.
Could not load file or assembly 'System.Runtime, Version=9.0.0.0, Culture=neutral, PublicKeyToken=b03f5f7f11d50a3a'. The system cannot find the file specified.
Could not load file or assembly 'System.Runtime, Version=9.0.0.0, Culture=neutral, PublicKeyToken=b03f5f7f11d50a3a'. The system cannot find the file specified.
Could not load file or assembly 'System.Runtime, Version=9.0.0.0, Culture=neutral, PublicKeyToken=b03f5f7f11d50a3a'. The system cannot find the file specified.
Could not load file or assembly 'System.Runtime, Version=9.0.0.0, Culture=neutral, PublicKeyToken=b03f5f7f11d50a3a'. The system cannot find the file specified.
Could not load file or assembly 'System.Runtime, Version=9.0.0.0, Culture=neutral, PublicKeyToken=b03f5f7f11d50a3a'. The system cannot find the file specified.
Could not load file or assembly 'System.Runtime, Version=9.0.0.0, Culture=neutral, PublicKeyToken=b03f5f7f11d50a3a'. The system cannot find the file specified.
Could not load file or assembly 'System.Runtime, Version=9.0.0.0, Culture=neutral, PublicKeyToken=b03f5f7f11d50a3a'. The system cannot find the file specified.
Could not load file or assembly 'System.Runtime, Version=9.0.0.0, Culture=neutral, PublicKeyToken=b03f5f7f11d50a3a'. The system cannot find the file specified.
Could not load file or assembly 'System.Runtime, Version=9.0.0.0, Culture=neutral, PublicKeyToken=b03f5f7f11d50a3a'. The system cannot find the file specified.
Could not load file or assembly 'System.Runtime, Version=9.0.0.0, Culture=neutral, PublicKeyToken=b03f5f7f11d50a3a'. The system cannot find the file specified.
Could not load file or assembly 'System.Runtime, Version=9.0.0.0, Culture=neutral, PublicKeyToken=b03f5f7f11d50a3a'. The system cannot find the file specified.
Could not load file or assembly 'System.Runtime, Version=9.0.0.0, Culture=neutral, PublicKeyToken=b03f5f7f11d50a3a'. The system cannot find the file specified.
Could not load file or assembly 'System.Runtime, Version=9.0.0.0, Culture=neutral, PublicKeyToken=b03f5f7f11d50a3a'. The system cannot find the file specified.
Could not load file or assembly 'System.Runtime, Version=9.0.0.0, Culture=neutral, PublicKeyToken=b03f5f7f11d50a3a'. The system cannot find the file specified.
Could not load file or assembly 'System.Runtime, Version=9.0.0.0, Culture=neutral, PublicKeyToken=b03f5f7f11d50a3a'. The system cannot find the file specified.
Could not load file or assembly 'System.Runtime, Version=9.0.0.0, Culture=neutral, PublicKeyToken=b03f5f7f11d50a3a'. The system cannot find the file specified.
Could not load file or assembly 'System.Runtime, Version=9.0.0.0, Culture=neutral, PublicKeyToken=b03f5f7f11d50a3a'. The system cannot find the file specified.
Could not load file or assembly 'System.Runtime, Version=9.0.0.0, Culture=neutral, PublicKeyToken=b03f5f7f11d50a3a'. The system cannot find the file specified.
Could not load file or assembly 'System.Runtime, Version=9.0.0.0, Culture=neutral, PublicKeyToken=b03f5f7f11d50a3a'. The system cannot find the file specified.
Could not load file or assembly 'System.Runtime, Version=9.0.0.0, Culture=neutral, PublicKeyToken=b03f5f7f11d50a3a'. The system cannot find the file specified.
Could not load file or assembly 'System.Runtime, Version=9.0.0.0, Culture=neutral, PublicKeyToken=b03f5f7f11d50a3a'. The system cannot find the file specified.
  ----> System.Reflection.ReflectionTypeLoadException : Unable to load one or more of the requested types.
Could not load file or assembly 'System.Runtime, Version=9.0.0.0, Culture=neutral, PublicKeyToken=b03f5f7f11d50a3a'. The system cannot find the file specified.
Could not load file or assembly 'System.Runtime, Version=9.0.0.0, Culture=neutral, PublicKeyToken=b03f5f7f11d50a3a'. The system cannot find the file specified.
Could not load file or assembly 'System.Runtime, Version=9.0.0.0, Culture=neutral, PublicKeyToken=b03f5f7f11d50a3a'. The system cannot find the file specified.
Could not load file or assembly 'System.Runtime, Version=9.0.0.0, Culture=neutral, PublicKeyToken=b03f5f7f11d50a3a'. The system cannot find the file specified.
Could not load file or assembly 'System.Runtime, Version=9.0.0.0, Culture=neutral, PublicKeyToken=b03f5f7f11d50a3a'. The system cannot find the file specified.
Could not load file or assembly 'System.Runtime, Version=9.0.0.0, Culture=neutral, PublicKeyToken=b03f5f7f11d50a3a'. The system cannot find the file specified.
Could not load file or assembly 'System.Runtime, Version=9.0.0.0, Culture=neutral, PublicKeyToken=b03f5f7f11d50a3a'. The system cannot find the file specified.
Could not load file or assembly 'System.Runtime, Version=9.0.0.0, Culture=neutral, PublicKeyToken=b03f5f7f11d50a3a'. The system cannot find the file specified.
Could not load file or assembly 'System.Runtime, Version=9.0.0.0, Culture=neutral, PublicKeyToken=b03f5f7f11d50a3a'. The system cannot find the file specified.
Could not load file or assembly 'System.Runtime, Version=9.0.0.0, Culture=neutral, PublicKeyToken=b03f5f7f11d50a3a'. The system cannot find the file specified.
Could not load file or assembly 'System.Runtime, Version=9.0.0.0, Culture=neutral, PublicKeyToken=b03f5f7f11d50a3a'. The system cannot find the file specified.
Could not load file or assembly 'System.Runtime, Version=9.0.0.0, Culture=neutral, PublicKeyToken=b03f5f7f11d50a3a'. The system cannot find the file specified.
Could not load file or assembly 'System.Runtime, Version=9.0.0.0, Culture=neutral, PublicKeyToken=b03f5f7f11d50a3a'. The system cannot find the file specified.
Could not load file or assembly 'System.Runtime, Version=9.0.0.0, Culture=neutral, PublicKeyToken=b03f5f7f11d50a3a'. The system cannot find the file specified.
Could not load file or assembly 'System.Runtime, Version=9.0.0.0, Culture=neutral, PublicKeyToken=b03f5f7f11d50a3a'. The system cannot find the file specified.
Could not load file or assembly 'System.Runtime, Version=9.0.0.0, Culture=neutral, PublicKeyToken=b03f5f7f11d50a3a'. The system cannot find the file specified.
Could not load file or assembly 'System.Runtime, Version=9.0.0.0, Culture=neutral, PublicKeyToken=b03f5f7f11d50a3a'. The system cannot find the file specified.
Could not load file or assembly 'System.Runtime, Version=9.0.0.0, Culture=neutral, PublicKeyToken=b03f5f7f11d50a3a'. The system cannot find the file specified.
Could not load file or assembly 'System.Runtime, Version=9.0.0.0, Culture=neutral, PublicKeyToken=b03f5f7f11d50a3a'. The system cannot find the file specified.
Could not load file or assembly 'System.Runtime, Version=9.0.0.0, Culture=neutral, PublicKeyToken=b03f5f7f11d50a3a'. The system cannot find the file specified.
Could not load file or assembly 'System.Runtime, Version=9.0.0.0, Culture=neutral, PublicKeyToken=b03f5f7f11d50a3a'. The system cannot find the file specified.
Could not load file or assembly 'System.Runtime, Version=9.0.0.0, Culture=neutral, PublicKeyToken=b03f5f7f11d50a3a'. The system cannot find the file specified.
Could not load file or assembly 'System.Runtime, Version=9.0.0.0, Culture=neutral, PublicKeyToken=b03f5f7f11d50a3a'. The system cannot find the file specified.
Could not load file or assembly 'System.Runtime, Version=9.0.0.0, Culture=neutral, PublicKeyToken=b03f5f7f11d50a3a'. The system cannot find the file specified.
Could not load file or assembly 'System.Runtime, Version=9.0.0.0, Culture=neutral, PublicKeyToken=b03f5f7f11d50a3a'. The system cannot find the file specified.
Could not load file or assembly 'System.Runtime, Version=9.0.0.0, Culture=neutral, PublicKeyToken=b03f5f7f11d50a3a'. The system cannot find the file specified.
Could not load file or assembly 'System.Runtime, Version=9.0.0.0, Culture=neutral, PublicKeyToken=b03f5f7f11d50a3a'. The system cannot find the file specified.
Could not load file or assembly 'System.Runtime, Version=9.0.0.0, Culture=neutral, PublicKeyToken=b03f5f7f11d50a3a'. The system cannot find the file specified.
Could not load file or assembly 'System.Runtime, Version=9.0.0.0, Culture=neutral, PublicKeyToken=b03f5f7f11d50a3a'. The system cannot find the file specified.
Could not load file or assembly 'System.Runtime, Version=9.0.0.0, Culture=neutral, PublicKeyToken=b03f5f7f11d50a3a'. The system cannot find the file specified.
Could not load file or assembly 'System.Runtime, Version=9.0.0.0, Culture=neutral, PublicKeyToken=b03f5f7f11d50a3a'. The system cannot find the file specified.
Could not load file or assembly 'System.Runtime, Version=9.0.0.0, Culture=neutral, PublicKeyToken=b03f5f7f11d50a3a'. The system cannot find the file specified.
Could not load file or assembly 'System.Runtime, Version=9.0.0.0, Culture=neutral, PublicKeyToken=b03f5f7f11d50a3a'. The system cannot find the file specified.
Could not load file or assembly 'System.Runtime, Version=9.0.0.0, Culture=neutral, PublicKeyToken=b03f5f7f11d50a3a'. The system cannot find the file specified.
Could not load file or assembly 'System.Runtime, Version=9.0.0.0, Culture=neutral, PublicKeyToken=b03f5f7f11d50a3a'. The system cannot find the file specified.
Could not load file or assembly 'System.Runtime, Version=9.0.0.0, Culture=neutral, PublicKeyToken=b03f5f7f11d50a3a'. The system cannot find the file specified.
Could not load file or assembly 'System.Runtime, Version=9.0.0.0, Culture=neutral, PublicKeyToken=b03f5f7f11d50a3a'. The system cannot find the file specified.
Could not load file or assembly 'System.Runtime, Version=9.0.0.0, Culture=neutral, PublicKeyToken=b03f5f7f11d50a3a'. The system cannot find the file specified.
Could not load file or assembly 'System.Runtime, Version=9.0.0.0, Culture=neutral, PublicKeyToken=b03f5f7f11d50a3a'. The system cannot find the file specified.
Could not load file or assembly 'System.Runtime, Version=9.0.0.0, Culture=neutral, PublicKeyToken=b03f5f7f11d50a3a'. The system cannot find the file specified.
Could not load file or assembly 'System.Runtime, Version=9.0.0.0, Culture=neutral, PublicKeyToken=b03f5f7f11d50a3a'. The system cannot find the file specified.
Could not load file or assembly 'System.Runtime, Version=9.0.0.0, Culture=neutral, PublicKeyToken=b03f5f7f11d50a3a'. The system cannot find the file specified.
Could not load file or assembly 'System.Runtime, Version=9.0.0.0, Culture=neutral, PublicKeyToken=b03f5f7f11d50a3a'. The system cannot find the file specified.
Could not load file or assembly 'System.Runtime, Version=9.0.0.0, Culture=neutral, PublicKeyToken=b03f5f7f11d50a3a'. The system cannot find the file specified.
Could not load file or assembly 'System.Runtime, Version=9.0.0.0, Culture=neutral, PublicKeyToken=b03f5f7f11d50a3a'. The system cannot find the file specified.
Could not load file or assembly 'System.Runtime, Version=9.0.0.0, Culture=neutral, PublicKeyToken=b03f5f7f11d50a3a'. The system cannot find the file specified.
Could not load file or assembly 'System.Runtime, Version=9.0.0.0, Culture=neutral, PublicKeyToken=b03f5f7f11d50a3a'. The system cannot find the file specified.
Could not load file or assembly 'System.Runtime, Version=9.0.0.0, Culture=neutral, PublicKeyToken=b03f5f7f11d50a3a'. The system cannot find the file specified.
Could not load file or assembly 'System.Runtime, Version=9.0.0.0, Culture=neutral, PublicKeyToken=b03f5f7f11d50a3a'. The system cannot find the file specified.
Could not load file or assembly 'System.Runtime, Version=9.0.0.0, Culture=neutral, PublicKeyToken=b03f5f7f11d50a3a'. The system cannot find the file specified.
Could not load file or assembly 'System.Runtime, Version=9.0.0.0, Culture=neutral, PublicKeyToken=b03f5f7f11d50a3a'. The system cannot find the file specified.
Could not load file or assembly 'System.Runtime, Version=9.0.0.0, Culture=neutral, PublicKeyToken=b03f5f7f11d50a3a'. The system cannot find the file specified.
Could not load file or assembly 'System.Runtime, Version=9.0.0.0, Culture=neutral, PublicKeyToken=b03f5f7f11d50a3a'. The system cannot find the file specified.
Could not load file or assembly 'System.Runtime, Version=9.0.0.0, Culture=neutral, PublicKeyToken=b03f5f7f11d50a3a'. The system cannot find the file specified.
Could not load file or assembly 'System.Runtime, Version=9.0.0.0, Culture=neutral, PublicKeyToken=b03f5f7f11d50a3a'. The system cannot find the file specified.
Could not load file or assembly 'System.Runtime, Version=9.0.0.0, Culture=neutral, PublicKeyToken=b03f5f7f11d50a3a'. The system cannot find the file specified.
Could not load file or assembly 'System.Runtime, Version=9.0.0.0, Culture=neutral, PublicKeyToken=b03f5f7f11d50a3a'. The system cannot find the file specified.
Could not load file or assembly 'System.Runtime, Version=9.0.0.0, Culture=neutral, PublicKeyToken=b03f5f7f11d50a3a'. The system cannot find the file specified.
Could not load file or assembly 'System.Runtime, Version=9.0.0.0, Culture=neutral, PublicKeyToken=b03f5f7f11d50a3a'. The system cannot find the file specified.
Could not load file or assembly 'System.Runtime, Version=9.0.0.0, Culture=neutral, PublicKeyToken=b03f5f7f11d50a3a'. The system cannot find the file specified.
Could not load file or assembly 'System.Runtime, Version=9.0.0.0, Culture=neutral, PublicKeyToken=b03f5f7f11d50a3a'. The system cannot find the file specified.
Could not load file or assembly 'System.Runtime, Version=9.0.0.0, Culture=neutral, PublicKeyToken=b03f5f7f11d50a3a'. The system cannot find the file specified.
Could not load file or assembly 'System.Runtime, Version=9.0.0.0, Culture=neutral, PublicKeyToken=b03f5f7f11d50a3a'. The system cannot find the file specified.
Could not load file or assembly 'System.Runtime, Version=9.0.0.0, Culture=neutral, PublicKeyToken=b03f5f7f11d50a3a'. The system cannot find the file specified.
Could not load file or assembly 'System.Runtime, Version=9.0.0.0, Culture=neutral, PublicKeyToken=b03f5f7f11d50a3a'. The system cannot find the file specified.
Could not load file or assembly 'System.Runtime, Version=9.0.0.0, Culture=neutral, PublicKeyToken=b03f5f7f11d50a3a'. The system cannot find the file specified.
Could not load file or assembly 'System.Runtime, Version=9.0.0.0, Culture=neutral, PublicKeyToken=b03f5f7f11d50a3a'. The system cannot find the file specified.
Could not load file or assembly 'System.Runtime, Version=9.0.0.0, Culture=neutral, PublicKeyToken=b03f5f7f11d50a3a'. The system cannot find the file specified.
Could not load file or assembly 'System.Runtime, Version=9.0.0.0, Culture=neutral, PublicKeyToken=b03f5f7f11d50a3a'. The system cannot find the file specified.
Could not load file or assembly 'System.Runtime, Version=9.0.0.0, Culture=neutral, PublicKeyToken=b03f5f7f11d50a3a'. The system cannot find the file specified.
Could not load file or assembly 'System.Runtime, Version=9.0.0.0, Culture=neutral, PublicKeyToken=b03f5f7f11d50a3a'. The system cannot find the file specified.
Could not load file or assembly 'System.Runtime, Version=9.0.0.0, Culture=neutral, PublicKeyToken=b03f5f7f11d50a3a'. The system cannot find the file specified.
Could not load file or assembly 'System.Runtime, Version=9.0.0.0, Culture=neutral, PublicKeyToken=b03f5f7f11d50a3a'. The system cannot find the file specified.
Could not load file or assembly 'System.Runtime, Version=9.0.0.0, Culture=neutral, PublicKeyToken=b03f5f7f11d50a3a'. The system cannot find the file specified.
Could not load file or assembly 'System.Runtime, Version=9.0.0.0, Culture=neutral, PublicKeyToken=b03f5f7f11d50a3a'. The system cannot find the file specified.
Could not load file or assembly 'System.Runtime, Version=9.0.0.0, Culture=neutral, PublicKeyToken=b03f5f7f11d50a3a'. The system cannot find the file specified.
Could not load file or assembly 'System.Runtime, Version=9.0.0.0, Culture=neutral, PublicKeyToken=b03f5f7f11d50a3a'. The system cannot find the file specified.
  ----> System.Reflection.ReflectionTypeLoadException : Unable to load one or more of the requested types.
Could not load file or assembly 'System.Runtime, Version=9.0.0.0, Culture=neutral, PublicKeyToken=b03f5f7f11d50a3a'. The system cannot find the file specified.
Could not load file or assembly 'System.Runtime, Version=9.0.0.0, Culture=neutral, PublicKeyToken=b03f5f7f11d50a3a'. The system cannot find the file specified.
Could not load file or assembly 'System.Runtime, Version=9.0.0.0, Culture=neutral, PublicKeyToken=b03f5f7f11d50a3a'. The system cannot find the file specified.
Could not load file or assembly 'System.Runtime, Version=9.0.0.0, Culture=neutral, PublicKeyToken=b03f5f7f11d50a3a'. The system cannot find the file specified.
Could not load file or assembly 'System.Runtime, Version=9.0.0.0, Culture=neutral, PublicKeyToken=b03f5f7f11d50a3a'. The system cannot find the file specified.
Could not load file or assembly 'System.Runtime, Version=9.0.0.0, Culture=neutral, PublicKeyToken=b03f5f7f11d50a3a'. The system cannot find the file specified.
Could not load file or assembly 'System.Runtime, Version=9.0.0.0, Culture=neutral, PublicKeyToken=b03f5f7f11d50a3a'. The system cannot find the file specified.
Could not load file or assembly 'System.Runtime, Version=9.0.0.0, Culture=neutral, PublicKeyToken=b03f5f7f11d50a3a'. The system cannot find the file specified.
Could not load file or assembly 'System.Runtime, Version=9.0.0.0, Culture=neutral, PublicKeyToken=b03f5f7f11d50a3a'. The system cannot find the file specified.
Could not load file or assembly 'System.Runtime, Version=9.0.0.0, Culture=neutral, PublicKeyToken=b03f5f7f11d50a3a'. The system cannot find the file specified.
Could not load file or assembly 'System.Runtime, Version=9.0.0.0, Culture=neutral, PublicKeyToken=b03f5f7f11d50a3a'. The system cannot find the file specified.
Could not load file or assembly 'System.Runtime, Version=9.0.0.0, Culture=neutral, PublicKeyToken=b03f5f7f11d50a3a'. The system cannot find the file specified.
Could not load file or assembly 'System.Runtime, Version=9.0.0.0, Culture=neutral, PublicKeyToken=b03f5f7f11d50a3a'. The system cannot find the file specified.
Could not load file or assembly 'System.Runtime, Version=9.0.0.0, Culture=neutral, PublicKeyToken=b03f5f7f11d50a3a'. The system cannot find the file specified.
Could not load file or assembly 'System.Runtime, Version=9.0.0.0, Culture=neutral, PublicKeyToken=b03f5f7f11d50a3a'. The system cannot find the file specified.
Could not load file or assembly 'System.Runtime, Version=9.0.0.0, Culture=neutral, PublicKeyToken=b03f5f7f11d50a3a'. The system cannot find the file specified.
Could not load file or assembly 'System.Runtime, Version=9.0.0.0, Culture=neutral, PublicKeyToken=b03f5f7f11d50a3a'. The system cannot find the file specified.
Could not load file or assembly 'System.Runtime, Version=9.0.0.0, Culture=neutral, PublicKeyToken=b03f5f7f11d50a3a'. The system cannot find the file specified.
Could not load file or assembly 'System.Runtime, Version=9.0.0.0, Culture=neutral, PublicKeyToken=b03f5f7f11d50a3a'. The system cannot find the file specified.
Could not load file or assembly 'System.Runtime, Version=9.0.0.0, Culture=neutral, PublicKeyToken=b03f5f7f11d50a3a'. The system cannot find the file specified.
Could not load file or assembly 'System.Runtime, Version=9.0.0.0, Culture=neutral, PublicKeyToken=b03f5f7f11d50a3a'. The system cannot find the file specified.
Could not load file or assembly 'System.Runtime, Version=9.0.0.0, Culture=neutral, PublicKeyToken=b03f5f7f11d50a3a'. The system cannot find the file specified.
Could not load file or assembly 'System.Runtime, Version=9.0.0.0, Culture=neutral, PublicKeyToken=b03f5f7f11d50a3a'. The system cannot find the file specified.
Could not load file or assembly 'System.Runtime, Version=9.0.0.0, Culture=neutral, PublicKeyToken=b03f5f7f11d50a3a'. The system cannot find the file specified.
Could not load file or assembly 'System.Runtime, Version=9.0.0.0, Culture=neutral, PublicKeyToken=b03f5f7f11d50a3a'. The system cannot find the file specified.
Could not load file or assembly 'System.Runtime, Version=9.0.0.0, Culture=neutral, PublicKeyToken=b03f5f7f11d50a3a'. The system cannot find the file specified.
Could not load file or assembly 'System.Runtime, Version=9.0.0.0, Culture=neutral, PublicKeyToken=b03f5f7f11d50a3a'. The system cannot find the file specified.
Could not load file or assembly 'System.Runtime, Version=9.0.0.0, Culture=neutral, PublicKeyToken=b03f5f7f11d50a3a'. The system cannot find the file specified.
Could not load file or assembly 'System.Runtime, Version=9.0.0.0, Culture=neutral, PublicKeyToken=b03f5f7f11d50a3a'. The system cannot find the file specified.
Could not load file or assembly 'System.Runtime, Version=9.0.0.0, Culture=neutral, PublicKeyToken=b03f5f7f11d50a3a'. The system cannot find the file specified.
Could not load file or assembly 'System.Runtime, Version=9.0.0.0, Culture=neutral, PublicKeyToken=b03f5f7f11d50a3a'. The system cannot find the file specified.
Could not load file or assembly 'System.Runtime, Version=9.0.0.0, Culture=neutral, PublicKeyToken=b03f5f7f11d50a3a'. The system cannot find the file specified.
Could not load file or assembly 'System.Runtime, Version=9.0.0.0, Culture=neutral, PublicKeyToken=b03f5f7f11d50a3a'. The system cannot find the file specified.
Could not load file or assembly 'System.Runtime, Version=9.0.0.0, Culture=neutral, PublicKeyToken=b03f5f7f11d50a3a'. The system cannot find the file specified.
Could not load file or assembly 'System.Runtime, Version=9.0.0.0, Culture=neutral, PublicKeyToken=b03f5f7f11d50a3a'. The system cannot find the file specified.
Could not load file or assembly 'System.Runtime, Version=9.0.0.0, Culture=neutral, PublicKeyToken=b03f5f7f11d50a3a'. The system cannot find the file specified.
Could not load file or assembly 'System.Runtime, Version=9.0.0.0, Culture=neutral, PublicKeyToken=b03f5f7f11d50a3a'. The system cannot find the file specified.
Could not load file or assembly 'System.Runtime, Version=9.0.0.0, Culture=neutral, PublicKeyToken=b03f5f7f11d50a3a'. The system cannot find the file specified.
Could not load file or assembly 'System.Runtime, Version=9.0.0.0, Culture=neutral, PublicKeyToken=b03f5f7f11d50a3a'. The system cannot find the file specified.
Could not load file or assembly 'System.Runtime, Version=9.0.0.0, Culture=neutral, PublicKeyToken=b03f5f7f11d50a3a'. The system cannot find the file specified.
Could not load file or assembly 'System.Runtime, Version=9.0.0.0, Culture=neutral, PublicKeyToken=b03f5f7f11d50a3a'. The system cannot find the file specified.
Could not load file or assembly 'System.Runtime, Version=9.0.0.0, Culture=neutral, PublicKeyToken=b03f5f7f11d50a3a'. The system cannot find the file specified.
Could not load file or assembly 'System.Runtime, Version=9.0.0.0, Culture=neutral, PublicKeyToken=b03f5f7f11d50a3a'. The system cannot find the file specified.
Could not load file or assembly 'System.Runtime, Version=9.0.0.0, Culture=neutral, PublicKeyToken=b03f5f7f11d50a3a'. The system cannot find the file specified.
Could not load file or assembly 'System.Runtime, Version=9.0.0.0, Culture=neutral, PublicKeyToken=b03f5f7f11d50a3a'. The system cannot find the file specified.
Could not load file or assembly 'System.Runtime, Version=9.0.0.0, Culture=neutral, PublicKeyToken=b03f5f7f11d50a3a'. The system cannot find the file specified.
Could not load file or assembly 'System.Runtime, Version=9.0.0.0, Culture=neutral, PublicKeyToken=b03f5f7f11d50a3a'. The system cannot find the file specified.
Could not load file or assembly 'System.Runtime, Version=9.0.0.0, Culture=neutral, PublicKeyToken=b03f5f7f11d50a3a'. The system cannot find the file specified.
Could not load file or assembly 'System.Runtime, Version=9.0.0.0, Culture=neutral, PublicKeyToken=b03f5f7f11d50a3a'. The system cannot find the file specified.
Could not load file or assembly 'System.Runtime, Version=9.0.0.0, Culture=neutral, PublicKeyToken=b03f5f7f11d50a3a'. The system cannot find the file specified.
Could not load file or assembly 'System.Runtime, Version=9.0.0.0, Culture=neutral, PublicKeyToken=b03f5f7f11d50a3a'. The system cannot find the file specified.
Could not load file or assembly 'System.Runtime, Version=9.0.0.0, Culture=neutral, PublicKeyToken=b03f5f7f11d50a3a'. The system cannot find the file specified.
Could not load file or assembly 'System.Runtime, Version=9.0.0.0, Culture=neutral, PublicKeyToken=b03f5f7f11d50a3a'. The system cannot find the file specified.
Could not load file or assembly 'System.Runtime, Version=9.0.0.0, Culture=neutral, PublicKeyToken=b03f5f7f11d50a3a'. The system cannot find the file specified.
Could not load file or assembly 'System.Runtime, Version=9.0.0.0, Culture=neutral, PublicKeyToken=b03f5f7f11d50a3a'. The system cannot find the file specified.
Could not load file or assembly 'System.Runtime, Version=9.0.0.0, Culture=neutral, PublicKeyToken=b03f5f7f11d50a3a'. The system cannot find the file specified.
Could not load file or assembly 'System.Runtime, Version=9.0.0.0, Culture=neutral, PublicKeyToken=b03f5f7f11d50a3a'. The system cannot find the file specified.
Could not load file or assembly 'System.Runtime, Version=9.0.0.0, Culture=neutral, PublicKeyToken=b03f5f7f11d50a3a'. The system cannot find the file specified.
Could not load file or assembly 'System.Runtime, Version=9.0.0.0, Culture=neutral, PublicKeyToken=b03f5f7f11d50a3a'. The system cannot find the file specified.
Could not load file or assembly 'System.Runtime, Version=9.0.0.0, Culture=neutral, PublicKeyToken=b03f5f7f11d50a3a'. The system cannot find the file specified.
Could not load file or assembly 'System.Runtime, Version=9.0.0.0, Culture=neutral, PublicKeyToken=b03f5f7f11d50a3a'. The system cannot find the file specified.
Could not load file or assembly 'System.Runtime, Version=9.0.0.0, Culture=neutral, PublicKeyToken=b03f5f7f11d50a3a'. The system cannot find the file specified.
Could not load file or assembly 'System.Runtime, Version=9.0.0.0, Culture=neutral, PublicKeyToken=b03f5f7f11d50a3a'. The system cannot find the file specified.
Could not load file or assembly 'System.Runtime, Version=9.0.0.0, Culture=neutral, PublicKeyToken=b03f5f7f11d50a3a'. The system cannot find the file specified.
Could not load file or assembly 'System.Runtime, Version=9.0.0.0, Culture=neutral, PublicKeyToken=b03f5f7f11d50a3a'. The system cannot find the file specified.
Could not load file or assembly 'System.Runtime, Version=9.0.0.0, Culture=neutral, PublicKeyToken=b03f5f7f11d50a3a'. The system cannot find the file specified.
Could not load file or assembly 'System.Runtime, Version=9.0.0.0, Culture=neutral, PublicKeyToken=b03f5f7f11d50a3a'. The system cannot find the file specified.
Could not load file or assembly 'System.Runtime, Version=9.0.0.0, Culture=neutral, PublicKeyToken=b03f5f7f11d50a3a'. The system cannot find the file specified.
Could not load file or assembly 'System.Runtime, Version=9.0.0.0, Culture=neutral, PublicKeyToken=b03f5f7f11d50a3a'. The system cannot find the file specified.
Could not load file or assembly 'System.Runtime, Version=9.0.0.0, Culture=neutral, PublicKeyToken=b03f5f7f11d50a3a'. The system cannot find the file specified.
Could not load file or assembly 'System.Runtime, Version=9.0.0.0, Culture=neutral, PublicKeyToken=b03f5f7f11d50a3a'. The system cannot find the file specified.
Could not load file or assembly 'System.Runtime, Version=9.0.0.0, Culture=neutral, PublicKeyToken=b03f5f7f11d50a3a'. The system cannot find the file specified.
Could not load file or assembly 'System.Runtime, Version=9.0.0.0, Culture=neutral, PublicKeyToken=b03f5f7f11d50a3a'. The system cannot find the file specified.
Could not load file or assembly 'System.Runtime, Version=9.0.0.0, Culture=neutral, PublicKeyToken=b03f5f7f11d50a3a'. The system cannot find the file specified.
Could not load file or assembly 'System.Runtime, Version=9.0.0.0, Culture=neutral, PublicKeyToken=b03f5f7f11d50a3a'. The system cannot find the file specified.
Could not load file or assembly 'System.Runtime, Version=9.0.0.0, Culture=neutral, PublicKeyToken=b03f5f7f11d50a3a'. The system cannot find the file specified.
Could not load file or assembly 'System.Runtime, Version=9.0.0.0, Culture=neutral, PublicKeyToken=b03f5f7f11d50a3a'. The system cannot find the file specified.
  ----> System.Reflection.ReflectionTypeLoadException : Unable to load one or more of the requested types.
Could not load file or assembly 'System.Runtime, Version=9.0.0.0, Culture=neutral, PublicKeyToken=b03f5f7f11d50a3a'. The system cannot find the file specified.
Could not load file or assembly 'System.Runtime, Version=9.0.0.0, Culture=neutral, PublicKeyToken=b03f5f7f11d50a3a'. The system cannot find the file specified.
Could not load file or assembly 'System.Runtime, Version=9.0.0.0, Culture=neutral, PublicKeyToken=b03f5f7f11d50a3a'. The system cannot find the file specified.
Could not load file or assembly 'System.Runtime, Version=9.0.0.0, Culture=neutral, PublicKeyToken=b03f5f7f11d50a3a'. The system cannot find the file specified.
Could not load file or assembly 'System.Runtime, Version=9.0.0.0, Culture=neutral, PublicKeyToken=b03f5f7f11d50a3a'. The system cannot find the file specified.
Could not load file or assembly 'System.Runtime, Version=9.0.0.0, Culture=neutral, PublicKeyToken=b03f5f7f11d50a3a'. The system cannot find the file specified.
Could not load file or assembly 'System.Runtime, Version=9.0.0.0, Culture=neutral, PublicKeyToken=b03f5f7f11d50a3a'. The system cannot find the file specified.
Could not load file or assembly 'System.Runtime, Version=9.0.0.0, Culture=neutral, PublicKeyToken=b03f5f7f11d50a3a'. The system cannot find the file specified.
Could not load file or assembly 'System.Runtime, Version=9.0.0.0, Culture=neutral, PublicKeyToken=b03f5f7f11d50a3a'. The system cannot find the file specified.
Could not load file or assembly 'System.Runtime, Version=9.0.0.0, Culture=neutral, PublicKeyToken=b03f5f7f11d50a3a'. The system cannot find the file specified.
Could not load file or assembly 'System.Runtime, Version=9.0.0.0, Culture=neutral, PublicKeyToken=b03f5f7f11d50a3a'. The system cannot find the file specified.
Could not load file or assembly 'System.Runtime, Version=9.0.0.0, Culture=neutral, PublicKeyToken=b03f5f7f11d50a3a'. The system cannot find the file specified.
Could not load file or assembly 'System.Runtime, Version=9.0.0.0, Culture=neutral, PublicKeyToken=b03f5f7f11d50a3a'. The system cannot find the file specified.
Could not load file or assembly 'System.Runtime, Version=9.0.0.0, Culture=neutral, PublicKeyToken=b03f5f7f11d50a3a'. The system cannot find the file specified.
Could not load file or assembly 'System.Runtime, Version=9.0.0.0, Culture=neutral, PublicKeyToken=b03f5f7f11d50a3a'. The system cannot find the file specified.
Could not load file or assembly 'System.Runtime, Version=9.0.0.0, Culture=neutral, PublicKeyToken=b03f5f7f11d50a3a'. The system cannot find the file specified.
Could not load file or assembly 'System.Runtime, Version=9.0.0.0, Culture=neutral, PublicKeyToken=b03f5f7f11d50a3a'. The system cannot find the file specified.
Could not load file or assembly 'System.Runtime, Version=9.0.0.0, Culture=neutral, PublicKeyToken=b03f5f7f11d50a3a'. The system cannot find the file specified.
Could not load file or assembly 'System.Runtime, Version=9.0.0.0, Culture=neutral, PublicKeyToken=b03f5f7f11d50a3a'. The system cannot find the file specified.
Could not load file or assembly 'System.Runtime, Version=9.0.0.0, Culture=neutral, PublicKeyToken=b03f5f7f11d50a3a'. The system cannot find the file specified.
Could not load file or assembly 'System.Runtime, Version=9.0.0.0, Culture=neutral, PublicKeyToken=b03f5f7f11d50a3a'. The system cannot find the file specified.
Could not load file or assembly 'System.Runtime, Version=9.0.0.0, Culture=neutral, PublicKeyToken=b03f5f7f11d50a3a'. The system cannot find the file specified.
Could not load file or assembly 'System.Runtime, Version=9.0.0.0, Culture=neutral, PublicKeyToken=b03f5f7f11d50a3a'. The system cannot find the file specified.
Could not load file or assembly 'System.Runtime, Version=9.0.0.0, Culture=neutral, PublicKeyToken=b03f5f7f11d50a3a'. The system cannot find the file specified.
Could not load file or assembly 'System.Runtime, Version=9.0.0.0, Culture=neutral, PublicKeyToken=b03f5f7f11d50a3a'. The system cannot find the file specified.
Could not load file or assembly 'System.Runtime, Version=9.0.0.0, Culture=neutral, PublicKeyToken=b03f5f7f11d50a3a'. The system cannot find the file specified.
Could not load file or assembly 'System.Runtime, Version=9.0.0.0, Culture=neutral, PublicKeyToken=b03f5f7f11d50a3a'. The system cannot find the file specified.
Could not load file or assembly 'System.Runtime, Version=9.0.0.0, Culture=neutral, PublicKeyToken=b03f5f7f11d50a3a'. The system cannot find the file specified.
Could not load file or assembly 'System.Runtime, Version=9.0.0.0, Culture=neutral, PublicKeyToken=b03f5f7f11d50a3a'. The system cannot find the file specified.
Could not load file or assembly 'System.Runtime, Version=9.0.0.0, Culture=neutral, PublicKeyToken=b03f5f7f11d50a3a'. The system cannot find the file specified.
Could not load file or assembly 'System.Runtime, Version=9.0.0.0, Culture=neutral, PublicKeyToken=b03f5f7f11d50a3a'. The system cannot find the file specified.
Could not load file or assembly 'System.Runtime, Version=9.0.0.0, Culture=neutral, PublicKeyToken=b03f5f7f11d50a3a'. The system cannot find the file specified.
Could not load file or assembly 'System.Runtime, Version=9.0.0.0, Culture=neutral, PublicKeyToken=b03f5f7f11d50a3a'. The system cannot find the file specified.
Could not load file or assembly 'System.Runtime, Version=9.0.0.0, Culture=neutral, PublicKeyToken=b03f5f7f11d50a3a'. The system cannot find the file specified.
Could not load file or assembly 'System.Runtime, Version=9.0.0.0, Culture=neutral, PublicKeyToken=b03f5f7f11d50a3a'. The system cannot find the file specified.
Could not load file or assembly 'System.Runtime, Version=9.0.0.0, Culture=neutral, PublicKeyToken=b03f5f7f11d50a3a'. The system cannot find the file specified.
Could not load file or assembly 'System.Runtime, Version=9.0.0.0, Culture=neutral, PublicKeyToken=b03f5f7f11d50a3a'. The system cannot find the file specified.
Could not load file or assembly 'System.Runtime, Version=9.0.0.0, Culture=neutral, PublicKeyToken=b03f5f7f11d50a3a'. The system cannot find the file specified.
Could not load file or assembly 'System.Runtime, Version=9.0.0.0, Culture=neutral, PublicKeyToken=b03f5f7f11d50a3a'. The system cannot find the file specified.
Could not load file or assembly 'System.Runtime, Version=9.0.0.0, Culture=neutral, PublicKeyToken=b03f5f7f11d50a3a'. The system cannot find the file specified.
Could not load file or assembly 'System.Runtime, Version=9.0.0.0, Culture=neutral, PublicKeyToken=b03f5f7f11d50a3a'. The system cannot find the file specified.
Could not load file or assembly 'System.Runtime, Version=9.0.0.0, Culture=neutral, PublicKeyToken=b03f5f7f11d50a3a'. The system cannot find the file specified.
Could not load file or assembly 'System.Runtime, Version=9.0.0.0, Culture=neutral, PublicKeyToken=b03f5f7f11d50a3a'. The system cannot find the file specified.
Could not load file or assembly 'System.Runtime, Version=9.0.0.0, Culture=neutral, PublicKeyToken=b03f5f7f11d50a3a'. The system cannot find the file specified.
Could not load file or assembly 'System.Runtime, Version=9.0.0.0, Culture=neutral, PublicKeyToken=b03f5f7f11d50a3a'. The system cannot find the file specified.
Could not load file or assembly 'System.Runtime, Version=9.0.0.0, Culture=neutral, PublicKeyToken=b03f5f7f11d50a3a'. The system cannot find the file specified.
Could not load file or assembly 'System.Runtime, Version=9.0.0.0, Culture=neutral, PublicKeyToken=b03f5f7f11d50a3a'. The system cannot find the file specified.
Could not load file or assembly 'System.Runtime, Version=9.0.0.0, Culture=neutral, PublicKeyToken=b03f5f7f11d50a3a'. The system cannot find the file specified.
Could not load file or assembly 'System.Runtime, Version=9.0.0.0, Culture=neutral, PublicKeyToken=b03f5f7f11d50a3a'. The system cannot find the file specified.
Could not load file or assembly 'System.Runtime, Version=9.0.0.0, Culture=neutral, PublicKeyToken=b03f5f7f11d50a3a'. The system cannot find the file specified.
Could not load file or assembly 'System.Runtime, Version=9.0.0.0, Culture=neutral, PublicKeyToken=b03f5f7f11d50a3a'. The system cannot find the file specified.
Could not load file or assembly 'System.Runtime, Version=9.0.0.0, Culture=neutral, PublicKeyToken=b03f5f7f11d50a3a'. The system cannot find the file specified.
Could not load file or assembly 'System.Runtime, Version=9.0.0.0, Culture=neutral, PublicKeyToken=b03f5f7f11d50a3a'. The system cannot find the file specified.
Could not load file or assembly 'System.Runtime, Version=9.0.0.0, Culture=neutral, PublicKeyToken=b03f5f7f11d50a3a'. The system cannot find the file specified.
Could not load file or assembly 'System.Runtime, Version=9.0.0.0, Culture=neutral, PublicKeyToken=b03f5f7f11d50a3a'. The system cannot find the file specified.
Could not load file or assembly 'System.Runtime, Version=9.0.0.0, Culture=neutral, PublicKeyToken=b03f5f7f11d50a3a'. The system cannot find the file specified.
Could not load file or assembly 'System.Runtime, Version=9.0.0.0, Culture=neutral, PublicKeyToken=b03f5f7f11d50a3a'. The system cannot find the file specified.
Could not load file or assembly 'System.Runtime, Version=9.0.0.0, Culture=neutral, PublicKeyToken=b03f5f7f11d50a3a'. The system cannot find the file specified.
Could not load file or assembly 'System.Runtime, Version=9.0.0.0, Culture=neutral, PublicKeyToken=b03f5f7f11d50a3a'. The system cannot find the file specified.
Could not load file or assembly 'System.Runtime, Version=9.0.0.0, Culture=neutral, PublicKeyToken=b03f5f7f11d50a3a'. The system cannot find the file specified.
Could not load file or assembly 'System.Runtime, Version=9.0.0.0, Culture=neutral, PublicKeyToken=b03f5f7f11d50a3a'. The system cannot find the file specified.
Could not load file or assembly 'System.Runtime, Version=9.0.0.0, Culture=neutral, PublicKeyToken=b03f5f7f11d50a3a'. The system cannot find the file specified.
Could not load file or assembly 'System.Runtime, Version=9.0.0.0, Culture=neutral, PublicKeyToken=b03f5f7f11d50a3a'. The system cannot find the file specified.
Could not load file or assembly 'System.Runtime, Version=9.0.0.0, Culture=neutral, PublicKeyToken=b03f5f7f11d50a3a'. The system cannot find the file specified.
Could not load file or assembly 'System.Runtime, Version=9.0.0.0, Culture=neutral, PublicKeyToken=b03f5f7f11d50a3a'. The system cannot find the file specified.
Could not load file or assembly 'System.Runtime, Version=9.0.0.0, Culture=neutral, PublicKeyToken=b03f5f7f11d50a3a'. The system cannot find the file specified.
Could not load file or assembly 'System.Runtime, Version=9.0.0.0, Culture=neutral, PublicKeyToken=b03f5f7f11d50a3a'. The system cannot find the file specified.
Could not load file or assembly 'System.Runtime, Version=9.0.0.0, Culture=neutral, PublicKeyToken=b03f5f7f11d50a3a'. The system cannot find the file specified.
Could not load file or assembly 'System.Runtime, Version=9.0.0.0, Culture=neutral, PublicKeyToken=b03f5f7f11d50a3a'. The system cannot find the file specified.
Could not load file or assembly 'System.Runtime, Version=9.0.0.0, Culture=neutral, PublicKeyToken=b03f5f7f11d50a3a'. The system cannot find the file specified.
Could not load file or assembly 'System.Runtime, Version=9.0.0.0, Culture=neutral, PublicKeyToken=b03f5f7f11d50a3a'. The system cannot find the file specified.
Could not load file or assembly 'System.Runtime, Version=9.0.0.0, Culture=neutral, PublicKeyToken=b03f5f7f11d50a3a'. The system cannot find the file specified.
Could not load file or assembly 'System.Runtime, Version=9.0.0.0, Culture=neutral, PublicKeyToken=b03f5f7f11d50a3a'. The system cannot find the file specified.
Could not load file or assembly 'System.Runtime, Version=9.0.0.0, Culture=neutral, PublicKeyToken=b03f5f7f11d50a3a'. The system cannot find the file specified.
Could not load file or assembly 'System.Runtime, Version=9.0.0.0, Culture=neutral, PublicKeyToken=b03f5f7f11d50a3a'. The system cannot find the file specified.
Could not load file or assembly 'System.Runtime, Version=9.0.0.0, Culture=neutral, PublicKeyToken=b03f5f7f11d50a3a'. The system cannot find the file specified.
Could not load file or assembly 'System.Runtime, Version=9.0.0.0, Culture=neutral, PublicKeyToken=b03f5f7f11d50a3a'. The system cannot find the file specified.
  ----> System.Reflection.ReflectionTypeLoadException : Unable to load one or more of the requested types.
Could not load file or assembly 'System.Runtime, Version=9.0.0.0, Culture=neutral, PublicKeyToken=b03f5f7f11d50a3a'. The system cannot find the file specified.
Could not load file or assembly 'System.Runtime, Version=9.0.0.0, Culture=neutral, PublicKeyToken=b03f5f7f11d50a3a'. The system cannot find the file specified.
Could not load file or assembly 'System.Runtime, Version=9.0.0.0, Culture=neutral, PublicKeyToken=b03f5f7f11d50a3a'. The system cannot find the file specified.
Could not load file or assembly 'System.Runtime, Version=9.0.0.0, Culture=neutral, PublicKeyToken=b03f5f7f11d50a3a'. The system cannot find the file specified.
Could not load file or assembly 'System.Runtime, Version=9.0.0.0, Culture=neutral, PublicKeyToken=b03f5f7f11d50a3a'. The system cannot find the file specified.
Could not load file or assembly 'System.Runtime, Version=9.0.0.0, Culture=neutral, PublicKeyToken=b03f5f7f11d50a3a'. The system cannot find the file specified.
Could not load file or assembly 'System.Runtime, Version=9.0.0.0, Culture=neutral, PublicKeyToken=b03f5f7f11d50a3a'. The system cannot find the file specified.
Could not load file or assembly 'System.Runtime, Version=9.0.0.0, Culture=neutral, PublicKeyToken=b03f5f7f11d50a3a'. The system cannot find the file specified.
Could not load file or assembly 'System.Runtime, Version=9.0.0.0, Culture=neutral, PublicKeyToken=b03f5f7f11d50a3a'. The system cannot find the file specified.
Could not load file or assembly 'System.Runtime, Version=9.0.0.0, Culture=neutral, PublicKeyToken=b03f5f7f11d50a3a'. The system cannot find the file specified.
Could not load file or assembly 'System.Runtime, Version=9.0.0.0, Culture=neutral, PublicKeyToken=b03f5f7f11d50a3a'. The system cannot find the file specified.
Could not load file or assembly 'System.Runtime, Version=9.0.0.0, Culture=neutral, PublicKeyToken=b03f5f7f11d50a3a'. The system cannot find the file specified.
Could not load file or assembly 'System.Runtime, Version=9.0.0.0, Culture=neutral, PublicKeyToken=b03f5f7f11d50a3a'. The system cannot find the file specified.
Could not load file or assembly 'System.Runtime, Version=9.0.0.0, Culture=neutral, PublicKeyToken=b03f5f7f11d50a3a'. The system cannot find the file specified.
Could not load file or assembly 'System.Runtime, Version=9.0.0.0, Culture=neutral, PublicKeyToken=b03f5f7f11d50a3a'. The system cannot find the file specified.
Could not load file or assembly 'System.Runtime, Version=9.0.0.0, Culture=neutral, PublicKeyToken=b03f5f7f11d50a3a'. The system cannot find the file specified.
Could not load file or assembly 'System.Runtime, Version=9.0.0.0, Culture=neutral, PublicKeyToken=b03f5f7f11d50a3a'. The system cannot find the file specified.
Could not load file or assembly 'System.Runtime, Version=9.0.0.0, Culture=neutral, PublicKeyToken=b03f5f7f11d50a3a'. The system cannot find the file specified.
Could not load file or assembly 'System.Runtime, Version=9.0.0.0, Culture=neutral, PublicKeyToken=b03f5f7f11d50a3a'. The system cannot find the file specified.
Could not load file or assembly 'System.Runtime, Version=9.0.0.0, Culture=neutral, PublicKeyToken=b03f5f7f11d50a3a'. The system cannot find the file specified.
Could not load file or assembly 'System.Runtime, Version=9.0.0.0, Culture=neutral, PublicKeyToken=b03f5f7f11d50a3a'. The system cannot find the file specified.
Could not load file or assembly 'System.Runtime, Version=9.0.0.0, Culture=neutral, PublicKeyToken=b03f5f7f11d50a3a'. The system cannot find the file specified.
Could not load file or assembly 'System.Runtime, Version=9.0.0.0, Culture=neutral, PublicKeyToken=b03f5f7f11d50a3a'. The system cannot find the file specified.
Could not load file or assembly 'System.Runtime, Version=9.0.0.0, Culture=neutral, PublicKeyToken=b03f5f7f11d50a3a'. The system cannot find the file specified.
Could not load file or assembly 'System.Runtime, Version=9.0.0.0, Culture=neutral, PublicKeyToken=b03f5f7f11d50a3a'. The system cannot find the file specified.
Could not load file or assembly 'System.Runtime, Version=9.0.0.0, Culture=neutral, PublicKeyToken=b03f5f7f11d50a3a'. The system cannot find the file specified.
Could not load file or assembly 'System.Runtime, Version=9.0.0.0, Culture=neutral, PublicKeyToken=b03f5f7f11d50a3a'. The system cannot find the file specified.
Could not load file or assembly 'System.Runtime, Version=9.0.0.0, Culture=neutral, PublicKeyToken=b03f5f7f11d50a3a'. The system cannot find the file specified.
Could not load file or assembly 'System.Runtime, Version=9.0.0.0, Culture=neutral, PublicKeyToken=b03f5f7f11d50a3a'. The system cannot find the file specified.
Could not load file or assembly 'System.Runtime, Version=9.0.0.0, Culture=neutral, PublicKeyToken=b03f5f7f11d50a3a'. The system cannot find the file specified.
Could not load file or assembly 'System.Runtime, Version=9.0.0.0, Culture=neutral, PublicKeyToken=b03f5f7f11d50a3a'. The system cannot find the file specified.
Could not load file or assembly 'System.Runtime, Version=9.0.0.0, Culture=neutral, PublicKeyToken=b03f5f7f11d50a3a'. The system cannot find the file specified.
Could not load file or assembly 'System.Runtime, Version=9.0.0.0, Culture=neutral, PublicKeyToken=b03f5f7f11d50a3a'. The system cannot find the file specified.
Could not load file or assembly 'System.Runtime, Version=9.0.0.0, Culture=neutral, PublicKeyToken=b03f5f7f11d50a3a'. The system cannot find the file specified.
Could not load file or assembly 'System.Runtime, Version=9.0.0.0, Culture=neutral, PublicKeyToken=b03f5f7f11d50a3a'. The system cannot find the file specified.
Could not load file or assembly 'System.Runtime, Version=9.0.0.0, Culture=neutral, PublicKeyToken=b03f5f7f11d50a3a'. The system cannot find the file specified.
Could not load file or assembly 'System.Runtime, Version=9.0.0.0, Culture=neutral, PublicKeyToken=b03f5f7f11d50a3a'. The system cannot find the file specified.
Could not load file or assembly 'System.Runtime, Version=9.0.0.0, Culture=neutral, PublicKeyToken=b03f5f7f11d50a3a'. The system cannot find the file specified.
Could not load file or assembly 'System.Runtime, Version=9.0.0.0, Culture=neutral, PublicKeyToken=b03f5f7f11d50a3a'. The system cannot find the file specified.
Could not load file or assembly 'System.Runtime, Version=9.0.0.0, Culture=neutral, PublicKeyToken=b03f5f7f11d50a3a'. The system cannot find the file specified.
Could not load file or assembly 'System.Runtime, Version=9.0.0.0, Culture=neutral, PublicKeyToken=b03f5f7f11d50a3a'. The system cannot find the file specified.
Could not load file or assembly 'System.Runtime, Version=9.0.0.0, Culture=neutral, PublicKeyToken=b03f5f7f11d50a3a'. The system cannot find the file specified.
Could not load file or assembly 'System.Runtime, Version=9.0.0.0, Culture=neutral, PublicKeyToken=b03f5f7f11d50a3a'. The system cannot find the file specified.
Could not load file or assembly 'System.Runtime, Version=9.0.0.0, Culture=neutral, PublicKeyToken=b03f5f7f11d50a3a'. The system cannot find the file specified.
Could not load file or assembly 'System.Runtime, Version=9.0.0.0, Culture=neutral, PublicKeyToken=b03f5f7f11d50a3a'. The system cannot find the file specified.
Could not load file or assembly 'System.Runtime, Version=9.0.0.0, Culture=neutral, PublicKeyToken=b03f5f7f11d50a3a'. The system cannot find the file specified.
Could not load file or assembly 'System.Runtime, Version=9.0.0.0, Culture=neutral, PublicKeyToken=b03f5f7f11d50a3a'. The system cannot find the file specified.
Could not load file or assembly 'System.Runtime, Version=9.0.0.0, Culture=neutral, PublicKeyToken=b03f5f7f11d50a3a'. The system cannot find the file specified.
Could not load file or assembly 'System.Runtime, Version=9.0.0.0, Culture=neutral, PublicKeyToken=b03f5f7f11d50a3a'. The system cannot find the file specified.
Could not load file or assembly 'System.Runtime, Version=9.0.0.0, Culture=neutral, PublicKeyToken=b03f5f7f11d50a3a'. The system cannot find the file specified.
Could not load file or assembly 'System.Runtime, Version=9.0.0.0, Culture=neutral, PublicKeyToken=b03f5f7f11d50a3a'. The system cannot find the file specified.
Could not load file or assembly 'System.Runtime, Version=9.0.0.0, Culture=neutral, PublicKeyToken=b03f5f7f11d50a3a'. The system cannot find the file specified.
Could not load file or assembly 'System.Runtime, Version=9.0.0.0, Culture=neutral, PublicKeyToken=b03f5f7f11d50a3a'. The system cannot find the file specified.
Could not load file or assembly 'System.Runtime, Version=9.0.0.0, Culture=neutral, PublicKeyToken=b03f5f7f11d50a3a'. The system cannot find the file specified.
Could not load file or assembly 'System.Runtime, Version=9.0.0.0, Culture=neutral, PublicKeyToken=b03f5f7f11d50a3a'. The system cannot find the file specified.
Could not load file or assembly 'System.Runtime, Version=9.0.0.0, Culture=neutral, PublicKeyToken=b03f5f7f11d50a3a'. The system cannot find the file specified.
Could not load file or assembly 'System.Runtime, Version=9.0.0.0, Culture=neutral, PublicKeyToken=b03f5f7f11d50a3a'. The system cannot find the file specified.
Could not load file or assembly 'System.Runtime, Version=9.0.0.0, Culture=neutral, PublicKeyToken=b03f5f7f11d50a3a'. The system cannot find the file specified.
Could not load file or assembly 'System.Runtime, Version=9.0.0.0, Culture=neutral, PublicKeyToken=b03f5f7f11d50a3a'. The system cannot find the file specified.
Could not load file or assembly 'System.Runtime, Version=9.0.0.0, Culture=neutral, PublicKeyToken=b03f5f7f11d50a3a'. The system cannot find the file specified.
Could not load file or assembly 'System.Runtime, Version=9.0.0.0, Culture=neutral, PublicKeyToken=b03f5f7f11d50a3a'. The system cannot find the file specified.
Could not load file or assembly 'System.Runtime, Version=9.0.0.0, Culture=neutral, PublicKeyToken=b03f5f7f11d50a3a'. The system cannot find the file specified.
Could not load file or assembly 'System.Runtime, Version=9.0.0.0, Culture=neutral, PublicKeyToken=b03f5f7f11d50a3a'. The system cannot find the file specified.
Could not load file or assembly 'System.Runtime, Version=9.0.0.0, Culture=neutral, PublicKeyToken=b03f5f7f11d50a3a'. The system cannot find the file specified.
Could not load file or assembly 'System.Runtime, Version=9.0.0.0, Culture=neutral, PublicKeyToken=b03f5f7f11d50a3a'. The system cannot find the file specified.
Could not load file or assembly 'System.Runtime, Version=9.0.0.0, Culture=neutral, PublicKeyToken=b03f5f7f11d50a3a'. The system cannot find the file specified.
Could not load file or assembly 'System.Runtime, Version=9.0.0.0, Culture=neutral, PublicKeyToken=b03f5f7f11d50a3a'. The system cannot find the file specified.
Could not load file or assembly 'System.Runtime, Version=9.0.0.0, Culture=neutral, PublicKeyToken=b03f5f7f11d50a3a'. The system cannot find the file specified.
Could not load file or assembly 'System.Runtime, Version=9.0.0.0, Culture=neutral, PublicKeyToken=b03f5f7f11d50a3a'. The system cannot find the file specified.
Could not load file or assembly 'System.Runtime, Version=9.0.0.0, Culture=neutral, PublicKeyToken=b03f5f7f11d50a3a'. The system cannot find the file specified.
Could not load file or assembly 'System.Runtime, Version=9.0.0.0, Culture=neutral, PublicKeyToken=b03f5f7f11d50a3a'. The system cannot find the file specified.
Could not load file or assembly 'System.Runtime, Version=9.0.0.0, Culture=neutral, PublicKeyToken=b03f5f7f11d50a3a'. The system cannot find the file specified.
Could not load file or assembly 'System.Runtime, Version=9.0.0.0, Culture=neutral, PublicKeyToken=b03f5f7f11d50a3a'. The system cannot find the file specified.
Could not load file or assembly 'System.Runtime, Version=9.0.0.0, Culture=neutral, PublicKeyToken=b03f5f7f11d50a3a'. The system cannot find the file specified.
Could not load file or assembly 'System.Runtime, Version=9.0.0.0, Culture=neutral, PublicKeyToken=b03f5f7f11d50a3a'. The system cannot find the file specified.
Could not load file or assembly 'System.Runtime, Version=9.0.0.0, Culture=neutral, PublicKeyToken=b03f5f7f11d50a3a'. The system cannot find the file specified.
Could not load file or assembly 'System.Runtime, Version=9.0.0.0, Culture=neutral, PublicKeyToken=b03f5f7f11d50a3a'. The system cannot find the file specified.
  ----> System.Reflection.ReflectionTypeLoadException : Unable to load one or more of the requested types.
Could not load file or assembly 'System.Runtime, Version=9.0.0.0, Culture=neutral, PublicKeyToken=b03f5f7f11d50a3a'. The system cannot find the file specified.
Could not load file or assembly 'System.Runtime, Version=9.0.0.0, Culture=neutral, PublicKeyToken=b03f5f7f11d50a3a'. The system cannot find the file specified.
Could not load file or assembly 'System.Runtime, Version=9.0.0.0, Culture=neutral, PublicKeyToken=b03f5f7f11d50a3a'. The system cannot find the file specified.
Could not load file or assembly 'System.Runtime, Version=9.0.0.0, Culture=neutral, PublicKeyToken=b03f5f7f11d50a3a'. The system cannot find the file specified.
Could not load file or assembly 'System.Runtime, Version=9.0.0.0, Culture=neutral, PublicKeyToken=b03f5f7f11d50a3a'. The system cannot find the file specified.
Could not load file or assembly 'System.Runtime, Version=9.0.0.0, Culture=neutral, PublicKeyToken=b03f5f7f11d50a3a'. The system cannot find the file specified.
Could not load file or assembly 'System.Runtime, Version=9.0.0.0, Culture=neutral, PublicKeyToken=b03f5f7f11d50a3a'. The system cannot find the file specified.
Could not load file or assembly 'System.Runtime, Version=9.0.0.0, Culture=neutral, PublicKeyToken=b03f5f7f11d50a3a'. The system cannot find the file specified.
Could not load file or assembly 'System.Runtime, Version=9.0.0.0, Culture=neutral, PublicKeyToken=b03f5f7f11d50a3a'. The system cannot find the file specified.
Could not load file or assembly 'System.Runtime, Version=9.0.0.0, Culture=neutral, PublicKeyToken=b03f5f7f11d50a3a'. The system cannot find the file specified.
Could not load file or assembly 'System.Runtime, Version=9.0.0.0, Culture=neutral, PublicKeyToken=b03f5f7f11d50a3a'. The system cannot find the file specified.
Could not load file or assembly 'System.Runtime, Version=9.0.0.0, Culture=neutral, PublicKeyToken=b03f5f7f11d50a3a'. The system cannot find the file specified.
Could not load file or assembly 'System.Runtime, Version=9.0.0.0, Culture=neutral, PublicKeyToken=b03f5f7f11d50a3a'. The system cannot find the file specified.
Could not load file or assembly 'System.Runtime, Version=9.0.0.0, Culture=neutral, PublicKeyToken=b03f5f7f11d50a3a'. The system cannot find the file specified.
Could not load file or assembly 'System.Runtime, Version=9.0.0.0, Culture=neutral, PublicKeyToken=b03f5f7f11d50a3a'. The system cannot find the file specified.
Could not load file or assembly 'System.Runtime, Version=9.0.0.0, Culture=neutral, PublicKeyToken=b03f5f7f11d50a3a'. The system cannot find the file specified.
Could not load file or assembly 'System.Runtime, Version=9.0.0.0, Culture=neutral, PublicKeyToken=b03f5f7f11d50a3a'. The system cannot find the file specified.
Could not load file or assembly 'System.Runtime, Version=9.0.0.0, Culture=neutral, PublicKeyToken=b03f5f7f11d50a3a'. The system cannot find the file specified.
Could not load file or assembly 'System.Runtime, Version=9.0.0.0, Culture=neutral, PublicKeyToken=b03f5f7f11d50a3a'. The system cannot find the file specified.
Could not load file or assembly 'System.Runtime, Version=9.0.0.0, Culture=neutral, PublicKeyToken=b03f5f7f11d50a3a'. The system cannot find the file specified.
Could not load file or assembly 'System.Runtime, Version=9.0.0.0, Culture=neutral, PublicKeyToken=b03f5f7f11d50a3a'. The system cannot find the file specified.
Could not load file or assembly 'System.Runtime, Version=9.0.0.0, Culture=neutral, PublicKeyToken=b03f5f7f11d50a3a'. The system cannot find the file specified.
Could not load file or assembly 'System.Runtime, Version=9.0.0.0, Culture=neutral, PublicKeyToken=b03f5f7f11d50a3a'. The system cannot find the file specified.
Could not load file or assembly 'System.Runtime, Version=9.0.0.0, Culture=neutral, PublicKeyToken=b03f5f7f11d50a3a'. The system cannot find the file specified.
Could not load file or assembly 'System.Runtime, Version=9.0.0.0, Culture=neutral, PublicKeyToken=b03f5f7f11d50a3a'. The system cannot find the file specified.
Could not load file or assembly 'System.Runtime, Version=9.0.0.0, Culture=neutral, PublicKeyToken=b03f5f7f11d50a3a'. The system cannot find the file specified.
Could not load file or assembly 'System.Runtime, Version=9.0.0.0, Culture=neutral, PublicKeyToken=b03f5f7f11d50a3a'. The system cannot find the file specified.
Could not load file or assembly 'System.Runtime, Version=9.0.0.0, Culture=neutral, PublicKeyToken=b03f5f7f11d50a3a'. The system cannot find the file specified.
Could not load file or assembly 'System.Runtime, Version=9.0.0.0, Culture=neutral, PublicKeyToken=b03f5f7f11d50a3a'. The system cannot find the file specified.
Could not load file or assembly 'System.Runtime, Version=9.0.0.0, Culture=neutral, PublicKeyToken=b03f5f7f11d50a3a'. The system cannot find the file specified.
Could not load file or assembly 'System.Runtime, Version=9.0.0.0, Culture=neutral, PublicKeyToken=b03f5f7f11d50a3a'. The system cannot find the file specified.
Could not load file or assembly 'System.Runtime, Version=9.0.0.0, Culture=neutral, PublicKeyToken=b03f5f7f11d50a3a'. The system cannot find the file specified.
Could not load file or assembly 'System.Runtime, Version=9.0.0.0, Culture=neutral, PublicKeyToken=b03f5f7f11d50a3a'. The system cannot find the file specified.
Could not load file or assembly 'System.Runtime, Version=9.0.0.0, Culture=neutral, PublicKeyToken=b03f5f7f11d50a3a'. The system cannot find the file specified.
Could not load file or assembly 'System.Runtime, Version=9.0.0.0, Culture=neutral, PublicKeyToken=b03f5f7f11d50a3a'. The system cannot find the file specified.
Could not load file or assembly 'System.Runtime, Version=9.0.0.0, Culture=neutral, PublicKeyToken=b03f5f7f11d50a3a'. The system cannot find the file specified.
Could not load file or assembly 'System.Runtime, Version=9.0.0.0, Culture=neutral, PublicKeyToken=b03f5f7f11d50a3a'. The system cannot find the file specified.
Could not load file or assembly 'System.Runtime, Version=9.0.0.0, Culture=neutral, PublicKeyToken=b03f5f7f11d50a3a'. The system cannot find the file specified.
Could not load file or assembly 'System.Runtime, Version=9.0.0.0, Culture=neutral, PublicKeyToken=b03f5f7f11d50a3a'. The system cannot find the file specified.
Could not load file or assembly 'System.Runtime, Version=9.0.0.0, Culture=neutral, PublicKeyToken=b03f5f7f11d50a3a'. The system cannot find the file specified.
Could not load file or assembly 'System.Runtime, Version=9.0.0.0, Culture=neutral, PublicKeyToken=b03f5f7f11d50a3a'. The system cannot find the file specified.
Could not load file or assembly 'System.Runtime, Version=9.0.0.0, Culture=neutral, PublicKeyToken=b03f5f7f11d50a3a'. The system cannot find the file specified.
Could not load file or assembly 'System.Runtime, Version=9.0.0.0, Culture=neutral, PublicKeyToken=b03f5f7f11d50a3a'. The system cannot find the file specified.
Could not load file or assembly 'System.Runtime, Version=9.0.0.0, Culture=neutral, PublicKeyToken=b03f5f7f11d50a3a'. The system cannot find the file specified.
Could not load file or assembly 'System.Runtime, Version=9.0.0.0, Culture=neutral, PublicKeyToken=b03f5f7f11d50a3a'. The system cannot find the file specified.
Could not load file or assembly 'System.Runtime, Version=9.0.0.0, Culture=neutral, PublicKeyToken=b03f5f7f11d50a3a'. The system cannot find the file specified.
Could not load file or assembly 'System.Runtime, Version=9.0.0.0, Culture=neutral, PublicKeyToken=b03f5f7f11d50a3a'. The system cannot find the file specified.
Could not load file or assembly 'System.Runtime, Version=9.0.0.0, Culture=neutral, PublicKeyToken=b03f5f7f11d50a3a'. The system cannot find the file specified.
Could not load file or assembly 'System.Runtime, Version=9.0.0.0, Culture=neutral, PublicKeyToken=b03f5f7f11d50a3a'. The system cannot find the file specified.
Could not load file or assembly 'System.Runtime, Version=9.0.0.0, Culture=neutral, PublicKeyToken=b03f5f7f11d50a3a'. The system cannot find the file specified.
Could not load file or assembly 'System.Runtime, Version=9.0.0.0, Culture=neutral, PublicKeyToken=b03f5f7f11d50a3a'. The system cannot find the file specified.
Could not load file or assembly 'System.Runtime, Version=9.0.0.0, Culture=neutral, PublicKeyToken=b03f5f7f11d50a3a'. The system cannot find the file specified.
Could not load file or assembly 'System.Runtime, Version=9.0.0.0, Culture=neutral, PublicKeyToken=b03f5f7f11d50a3a'. The system cannot find the file specified.
Could not load file or assembly 'System.Runtime, Version=9.0.0.0, Culture=neutral, PublicKeyToken=b03f5f7f11d50a3a'. The system cannot find the file specified.
Could not load file or assembly 'System.Runtime, Version=9.0.0.0, Culture=neutral, PublicKeyToken=b03f5f7f11d50a3a'. The system cannot find the file specified.
Could not load file or assembly 'System.Runtime, Version=9.0.0.0, Culture=neutral, PublicKeyToken=b03f5f7f11d50a3a'. The system cannot find the file specified.
Could not load file or assembly 'System.Runtime, Version=9.0.0.0, Culture=neutral, PublicKeyToken=b03f5f7f11d50a3a'. The system cannot find the file specified.
Could not load file or assembly 'System.Runtime, Version=9.0.0.0, Culture=neutral, PublicKeyToken=b03f5f7f11d50a3a'. The system cannot find the file specified.
Could not load file or assembly 'System.Runtime, Version=9.0.0.0, Culture=neutral, PublicKeyToken=b03f5f7f11d50a3a'. The system cannot find the file specified.
Could not load file or assembly 'System.Runtime, Version=9.0.0.0, Culture=neutral, PublicKeyToken=b03f5f7f11d50a3a'. The system cannot find the file specified.
Could not load file or assembly 'System.Runtime, Version=9.0.0.0, Culture=neutral, PublicKeyToken=b03f5f7f11d50a3a'. The system cannot find the file specified.
Could not load file or assembly 'System.Runtime, Version=9.0.0.0, Culture=neutral, PublicKeyToken=b03f5f7f11d50a3a'. The system cannot find the file specified.
Could not load file or assembly 'System.Runtime, Version=9.0.0.0, Culture=neutral, PublicKeyToken=b03f5f7f11d50a3a'. The system cannot find the file specified.
Could not load file or assembly 'System.Runtime, Version=9.0.0.0, Culture=neutral, PublicKeyToken=b03f5f7f11d50a3a'. The system cannot find the file specified.
Could not load file or assembly 'System.Runtime, Version=9.0.0.0, Culture=neutral, PublicKeyToken=b03f5f7f11d50a3a'. The system cannot find the file specified.
Could not load file or assembly 'System.Runtime, Version=9.0.0.0, Culture=neutral, PublicKeyToken=b03f5f7f11d50a3a'. The system cannot find the file specified.
Could not load file or assembly 'System.Runtime, Version=9.0.0.0, Culture=neutral, PublicKeyToken=b03f5f7f11d50a3a'. The system cannot find the file specified.
Could not load file or assembly 'System.Runtime, Version=9.0.0.0, Culture=neutral, PublicKeyToken=b03f5f7f11d50a3a'. The system cannot find the file specified.
Could not load file or assembly 'System.Runtime, Version=9.0.0.0, Culture=neutral, PublicKeyToken=b03f5f7f11d50a3a'. The system cannot find the file specified.
Could not load file or assembly 'System.Runtime, Version=9.0.0.0, Culture=neutral, PublicKeyToken=b03f5f7f11d50a3a'. The system cannot find the file specified.
Could not load file or assembly 'System.Runtime, Version=9.0.0.0, Culture=neutral, PublicKeyToken=b03f5f7f11d50a3a'. The system cannot find the file specified.
Could not load file or assembly 'System.Runtime, Version=9.0.0.0, Culture=neutral, PublicKeyToken=b03f5f7f11d50a3a'. The system cannot find the file specified.
Could not load file or assembly 'System.Runtime, Version=9.0.0.0, Culture=neutral, PublicKeyToken=b03f5f7f11d50a3a'. The system cannot find the file specified.
Could not load file or assembly 'System.Runtime, Version=9.0.0.0, Culture=neutral, PublicKeyToken=b03f5f7f11d50a3a'. The system cannot find the file specified.
Could not load file or assembly 'System.Runtime, Version=9.0.0.0, Culture=neutral, PublicKeyToken=b03f5f7f11d50a3a'. The system cannot find the file specified.
Could not load file or assembly 'System.Runtime, Version=9.0.0.0, Culture=neutral, PublicKeyToken=b03f5f7f11d50a3a'. The system cannot find the file specified.
Could not load file or assembly 'System.Runtime, Version=9.0.0.0, Culture=neutral, PublicKeyToken=b03f5f7f11d50a3a'. The system cannot find the file specified.
  ----> System.Reflection.ReflectionTypeLoadException : Unable to load one or more of the requested types.
Could not load file or assembly 'System.Runtime, Version=9.0.0.0, Culture=neutral, PublicKeyToken=b03f5f7f11d50a3a'. The system cannot find the file specified.
Could not load file or assembly 'System.Runtime, Version=9.0.0.0, Culture=neutral, PublicKeyToken=b03f5f7f11d50a3a'. The system cannot find the file specified.
Could not load file or assembly 'System.Runtime, Version=9.0.0.0, Culture=neutral, PublicKeyToken=b03f5f7f11d50a3a'. The system cannot find the file specified.
Could not load file or assembly 'System.Runtime, Version=9.0.0.0, Culture=neutral, PublicKeyToken=b03f5f7f11d50a3a'. The system cannot find the file specified.
Could not load file or assembly 'System.Runtime, Version=9.0.0.0, Culture=neutral, PublicKeyToken=b03f5f7f11d50a3a'. The system cannot find the file specified.
Could not load file or assembly 'System.Runtime, Version=9.0.0.0, Culture=neutral, PublicKeyToken=b03f5f7f11d50a3a'. The system cannot find the file specified.
Could not load file or assembly 'System.Runtime, Version=9.0.0.0, Culture=neutral, PublicKeyToken=b03f5f7f11d50a3a'. The system cannot find the file specified.
Could not load file or assembly 'System.Runtime, Version=9.0.0.0, Culture=neutral, PublicKeyToken=b03f5f7f11d50a3a'. The system cannot find the file specified.
Could not load file or assembly 'System.Runtime, Version=9.0.0.0, Culture=neutral, PublicKeyToken=b03f5f7f11d50a3a'. The system cannot find the file specified.
Could not load file or assembly 'System.Runtime, Version=9.0.0.0, Culture=neutral, PublicKeyToken=b03f5f7f11d50a3a'. The system cannot find the file specified.
Could not load file or assembly 'System.Runtime, Version=9.0.0.0, Culture=neutral, PublicKeyToken=b03f5f7f11d50a3a'. The system cannot find the file specified.
Could not load file or assembly 'System.Runtime, Version=9.0.0.0, Culture=neutral, PublicKeyToken=b03f5f7f11d50a3a'. The system cannot find the file specified.
Could not load file or assembly 'System.Runtime, Version=9.0.0.0, Culture=neutral, PublicKeyToken=b03f5f7f11d50a3a'. The system cannot find the file specified.
Could not load file or assembly 'System.Runtime, Version=9.0.0.0, Culture=neutral, PublicKeyToken=b03f5f7f11d50a3a'. The system cannot find the file specified.
Could not load file or assembly 'System.Runtime, Version=9.0.0.0, Culture=neutral, PublicKeyToken=b03f5f7f11d50a3a'. The system cannot find the file specified.
Could not load file or assembly 'System.Runtime, Version=9.0.0.0, Culture=neutral, PublicKeyToken=b03f5f7f11d50a3a'. The system cannot find the file specified.
Could not load file or assembly 'System.Runtime, Version=9.0.0.0, Culture=neutral, PublicKeyToken=b03f5f7f11d50a3a'. The system cannot find the file specified.
Could not load file or assembly 'System.Runtime, Version=9.0.0.0, Culture=neutral, PublicKeyToken=b03f5f7f11d50a3a'. The system cannot find the file specified.
Could not load file or assembly 'System.Runtime, Version=9.0.0.0, Culture=neutral, PublicKeyToken=b03f5f7f11d50a3a'. The system cannot find the file specified.
Could not load file or assembly 'System.Runtime, Version=9.0.0.0, Culture=neutral, PublicKeyToken=b03f5f7f11d50a3a'. The system cannot find the file specified.
Could not load file or assembly 'System.Runtime, Version=9.0.0.0, Culture=neutral, PublicKeyToken=b03f5f7f11d50a3a'. The system cannot find the file specified.
Could not load file or assembly 'System.Runtime, Version=9.0.0.0, Culture=neutral, PublicKeyToken=b03f5f7f11d50a3a'. The system cannot find the file specified.
Could not load file or assembly 'System.Runtime, Version=9.0.0.0, Culture=neutral, PublicKeyToken=b03f5f7f11d50a3a'. The system cannot find the file specified.
Could not load file or assembly 'System.Runtime, Version=9.0.0.0, Culture=neutral, PublicKeyToken=b03f5f7f11d50a3a'. The system cannot find the file specified.
Could not load file or assembly 'System.Runtime, Version=9.0.0.0, Culture=neutral, PublicKeyToken=b03f5f7f11d50a3a'. The system cannot find the file specified.
Could not load file or assembly 'System.Runtime, Version=9.0.0.0, Culture=neutral, PublicKeyToken=b03f5f7f11d50a3a'. The system cannot find the file specified.
Could not load file or assembly 'System.Runtime, Version=9.0.0.0, Culture=neutral, PublicKeyToken=b03f5f7f11d50a3a'. The system cannot find the file specified.
Could not load file or assembly 'System.Runtime, Version=9.0.0.0, Culture=neutral, PublicKeyToken=b03f5f7f11d50a3a'. The system cannot find the file specified.
Could not load file or assembly 'System.Runtime, Version=9.0.0.0, Culture=neutral, PublicKeyToken=b03f5f7f11d50a3a'. The system cannot find the file specified.
Could not load file or assembly 'System.Runtime, Version=9.0.0.0, Culture=neutral, PublicKeyToken=b03f5f7f11d50a3a'. The system cannot find the file specified.
Could not load file or assembly 'System.Runtime, Version=9.0.0.0, Culture=neutral, PublicKeyToken=b03f5f7f11d50a3a'. The system cannot find the file specified.
Could not load file or assembly 'System.Runtime, Version=9.0.0.0, Culture=neutral, PublicKeyToken=b03f5f7f11d50a3a'. The system cannot find the file specified.
Could not load file or assembly 'System.Runtime, Version=9.0.0.0, Culture=neutral, PublicKeyToken=b03f5f7f11d50a3a'. The system cannot find the file specified.
Could not load file or assembly 'System.Runtime, Version=9.0.0.0, Culture=neutral, PublicKeyToken=b03f5f7f11d50a3a'. The system cannot find the file specified.
Could not load file or assembly 'System.Runtime, Version=9.0.0.0, Culture=neutral, PublicKeyToken=b03f5f7f11d50a3a'. The system cannot find the file specified.
Could not load file or assembly 'System.Runtime, Version=9.0.0.0, Culture=neutral, PublicKeyToken=b03f5f7f11d50a3a'. The system cannot find the file specified.
Could not load file or assembly 'System.Runtime, Version=9.0.0.0, Culture=neutral, PublicKeyToken=b03f5f7f11d50a3a'. The system cannot find the file specified.
Could not load file or assembly 'System.Runtime, Version=9.0.0.0, Culture=neutral, PublicKeyToken=b03f5f7f11d50a3a'. The system cannot find the file specified.
Could not load file or assembly 'System.Runtime, Version=9.0.0.0, Culture=neutral, PublicKeyToken=b03f5f7f11d50a3a'. The system cannot find the file specified.
Could not load file or assembly 'System.Runtime, Version=9.0.0.0, Culture=neutral, PublicKeyToken=b03f5f7f11d50a3a'. The system cannot find the file specified.
Could not load file or assembly 'System.Runtime, Version=9.0.0.0, Culture=neutral, PublicKeyToken=b03f5f7f11d50a3a'. The system cannot find the file specified.
Could not load file or assembly 'System.Runtime, Version=9.0.0.0, Culture=neutral, PublicKeyToken=b03f5f7f11d50a3a'. The system cannot find the file specified.
Could not load file or assembly 'System.Runtime, Version=9.0.0.0, Culture=neutral, PublicKeyToken=b03f5f7f11d50a3a'. The system cannot find the file specified.
Could not load file or assembly 'System.Runtime, Version=9.0.0.0, Culture=neutral, PublicKeyToken=b03f5f7f11d50a3a'. The system cannot find the file specified.
Could not load file or assembly 'System.Runtime, Version=9.0.0.0, Culture=neutral, PublicKeyToken=b03f5f7f11d50a3a'. The system cannot find the file specified.
Could not load file or assembly 'System.Runtime, Version=9.0.0.0, Culture=neutral, PublicKeyToken=b03f5f7f11d50a3a'. The system cannot find the file specified.
Could not load file or assembly 'System.Runtime, Version=9.0.0.0, Culture=neutral, PublicKeyToken=b03f5f7f11d50a3a'. The system cannot find the file specified.
Could not load file or assembly 'System.Runtime, Version=9.0.0.0, Culture=neutral, PublicKeyToken=b03f5f7f11d50a3a'. The system cannot find the file specified.
Could not load file or assembly 'System.Runtime, Version=9.0.0.0, Culture=neutral, PublicKeyToken=b03f5f7f11d50a3a'. The system cannot find the file specified.
Could not load file or assembly 'System.Runtime, Version=9.0.0.0, Culture=neutral, PublicKeyToken=b03f5f7f11d50a3a'. The system cannot find the file specified.
Could not load file or assembly 'System.Runtime, Version=9.0.0.0, Culture=neutral, PublicKeyToken=b03f5f7f11d50a3a'. The system cannot find the file specified.
Could not load file or assembly 'System.Runtime, Version=9.0.0.0, Culture=neutral, PublicKeyToken=b03f5f7f11d50a3a'. The system cannot find the file specified.
Could not load file or assembly 'System.Runtime, Version=9.0.0.0, Culture=neutral, PublicKeyToken=b03f5f7f11d50a3a'. The system cannot find the file specified.
Could not load file or assembly 'System.Runtime, Version=9.0.0.0, Culture=neutral, PublicKeyToken=b03f5f7f11d50a3a'. The system cannot find the file specified.
Could not load file or assembly 'System.Runtime, Version=9.0.0.0, Culture=neutral, PublicKeyToken=b03f5f7f11d50a3a'. The system cannot find the file specified.
Could not load file or assembly 'System.Runtime, Version=9.0.0.0, Culture=neutral, PublicKeyToken=b03f5f7f11d50a3a'. The system cannot find the file specified.
Could not load file or assembly 'System.Runtime, Version=9.0.0.0, Culture=neutral, PublicKeyToken=b03f5f7f11d50a3a'. The system cannot find the file specified.
Could not load file or assembly 'System.Runtime, Version=9.0.0.0, Culture=neutral, PublicKeyToken=b03f5f7f11d50a3a'. The system cannot find the file specified.
Could not load file or assembly 'System.Runtime, Version=9.0.0.0, Culture=neutral, PublicKeyToken=b03f5f7f11d50a3a'. The system cannot find the file specified.
Could not load file or assembly 'System.Runtime, Version=9.0.0.0, Culture=neutral, PublicKeyToken=b03f5f7f11d50a3a'. The system cannot find the file specified.
Could not load file or assembly 'System.Runtime, Version=9.0.0.0, Culture=neutral, PublicKeyToken=b03f5f7f11d50a3a'. The system cannot find the file specified.
Could not load file or assembly 'System.Runtime, Version=9.0.0.0, Culture=neutral, PublicKeyToken=b03f5f7f11d50a3a'. The system cannot find the file specified.
Could not load file or assembly 'System.Runtime, Version=9.0.0.0, Culture=neutral, PublicKeyToken=b03f5f7f11d50a3a'. The system cannot find the file specified.
Could not load file or assembly 'System.Runtime, Version=9.0.0.0, Culture=neutral, PublicKeyToken=b03f5f7f11d50a3a'. The system cannot find the file specified.
Could not load file or assembly 'System.Runtime, Version=9.0.0.0, Culture=neutral, PublicKeyToken=b03f5f7f11d50a3a'. The system cannot find the file specified.
Could not load file or assembly 'System.Runtime, Version=9.0.0.0, Culture=neutral, PublicKeyToken=b03f5f7f11d50a3a'. The system cannot find the file specified.
Could not load file or assembly 'System.Runtime, Version=9.0.0.0, Culture=neutral, PublicKeyToken=b03f5f7f11d50a3a'. The system cannot find the file specified.
Could not load file or assembly 'System.Runtime, Version=9.0.0.0, Culture=neutral, PublicKeyToken=b03f5f7f11d50a3a'. The system cannot find the file specified.
Could not load file or assembly 'System.Runtime, Version=9.0.0.0, Culture=neutral, PublicKeyToken=b03f5f7f11d50a3a'. The system cannot find the file specified.
Could not load file or assembly 'System.Runtime, Version=9.0.0.0, Culture=neutral, PublicKeyToken=b03f5f7f11d50a3a'. The system cannot find the file specified.
Could not load file or assembly 'System.Runtime, Version=9.0.0.0, Culture=neutral, PublicKeyToken=b03f5f7f11d50a3a'. The system cannot find the file specified.
Could not load file or assembly 'System.Runtime, Version=9.0.0.0, Culture=neutral, PublicKeyToken=b03f5f7f11d50a3a'. The system cannot find the file specified.
Could not load file or assembly 'System.Runtime, Version=9.0.0.0, Culture=neutral, PublicKeyToken=b03f5f7f11d50a3a'. The system cannot find the file specified.
Could not load file or assembly 'System.Runtime, Version=9.0.0.0, Culture=neutral, PublicKeyToken=b03f5f7f11d50a3a'. The system cannot find the file specified.
Could not load file or assembly 'System.Runtime, Version=9.0.0.0, Culture=neutral, PublicKeyToken=b03f5f7f11d50a3a'. The system cannot find the file specified.
Could not load file or assembly 'System.Runtime, Version=9.0.0.0, Culture=neutral, PublicKeyToken=b03f5f7f11d50a3a'. The system cannot find the file specified.
Could not load file or assembly 'System.Runtime, Version=9.0.0.0, Culture=neutral, PublicKeyToken=b03f5f7f11d50a3a'. The system cannot find the file specified.
  ----> System.Reflection.ReflectionTypeLoadException : Unable to load one or more of the requested types.
Could not load file or assembly 'System.Runtime, Version=9.0.0.0, Culture=neutral, PublicKeyToken=b03f5f7f11d50a3a'. The system cannot find the file specified.
Could not load file or assembly 'System.Runtime, Version=9.0.0.0, Culture=neutral, PublicKeyToken=b03f5f7f11d50a3a'. The system cannot find the file specified.
Could not load file or assembly 'System.Runtime, Version=9.0.0.0, Culture=neutral, PublicKeyToken=b03f5f7f11d50a3a'. The system cannot find the file specified.
Could not load file or assembly 'System.Runtime, Version=9.0.0.0, Culture=neutral, PublicKeyToken=b03f5f7f11d50a3a'. The system cannot find the file specified.
Could not load file or assembly 'System.Runtime, Version=9.0.0.0, Culture=neutral, PublicKeyToken=b03f5f7f11d50a3a'. The system cannot find the file specified.
Could not load file or assembly 'System.Runtime, Version=9.0.0.0, Culture=neutral, PublicKeyToken=b03f5f7f11d50a3a'. The system cannot find the file specified.
Could not load file or assembly 'System.Runtime, Version=9.0.0.0, Culture=neutral, PublicKeyToken=b03f5f7f11d50a3a'. The system cannot find the file specified.
Could not load file or assembly 'System.Runtime, Version=9.0.0.0, Culture=neutral, PublicKeyToken=b03f5f7f11d50a3a'. The system cannot find the file specified.
Could not load file or assembly 'System.Runtime, Version=9.0.0.0, Culture=neutral, PublicKeyToken=b03f5f7f11d50a3a'. The system cannot find the file specified.
Could not load file or assembly 'System.Runtime, Version=9.0.0.0, Culture=neutral, PublicKeyToken=b03f5f7f11d50a3a'. The system cannot find the file specified.
Could not load file or assembly 'System.Runtime, Version=9.0.0.0, Culture=neutral, PublicKeyToken=b03f5f7f11d50a3a'. The system cannot find the file specified.
Could not load file or assembly 'System.Runtime, Version=9.0.0.0, Culture=neutral, PublicKeyToken=b03f5f7f11d50a3a'. The system cannot find the file specified.
Could not load file or assembly 'System.Runtime, Version=9.0.0.0, Culture=neutral, PublicKeyToken=b03f5f7f11d50a3a'. The system cannot find the file specified.
Could not load file or assembly 'System.Runtime, Version=9.0.0.0, Culture=neutral, PublicKeyToken=b03f5f7f11d50a3a'. The system cannot find the file specified.
Could not load file or assembly 'System.Runtime, Version=9.0.0.0, Culture=neutral, PublicKeyToken=b03f5f7f11d50a3a'. The system cannot find the file specified.
Could not load file or assembly 'System.Runtime, Version=9.0.0.0, Culture=neutral, PublicKeyToken=b03f5f7f11d50a3a'. The system cannot find the file specified.
Could not load file or assembly 'System.Runtime, Version=9.0.0.0, Culture=neutral, PublicKeyToken=b03f5f7f11d50a3a'. The system cannot find the file specified.
Could not load file or assembly 'System.Runtime, Version=9.0.0.0, Culture=neutral, PublicKeyToken=b03f5f7f11d50a3a'. The system cannot find the file specified.
Could not load file or assembly 'System.Runtime, Version=9.0.0.0, Culture=neutral, PublicKeyToken=b03f5f7f11d50a3a'. The system cannot find the file specified.
Could not load file or assembly 'System.Runtime, Version=9.0.0.0, Culture=neutral, PublicKeyToken=b03f5f7f11d50a3a'. The system cannot find the file specified.
Could not load file or assembly 'System.Runtime, Version=9.0.0.0, Culture=neutral, PublicKeyToken=b03f5f7f11d50a3a'. The system cannot find the file specified.
Could not load file or assembly 'System.Runtime, Version=9.0.0.0, Culture=neutral, PublicKeyToken=b03f5f7f11d50a3a'. The system cannot find the file specified.
Could not load file or assembly 'System.Runtime, Version=9.0.0.0, Culture=neutral, PublicKeyToken=b03f5f7f11d50a3a'. The system cannot find the file specified.
Could not load file or assembly 'System.Runtime, Version=9.0.0.0, Culture=neutral, PublicKeyToken=b03f5f7f11d50a3a'. The system cannot find the file specified.
Could not load file or assembly 'System.Runtime, Version=9.0.0.0, Culture=neutral, PublicKeyToken=b03f5f7f11d50a3a'. The system cannot find the file specified.
Could not load file or assembly 'System.Runtime, Version=9.0.0.0, Culture=neutral, PublicKeyToken=b03f5f7f11d50a3a'. The system cannot find the file specified.
Could not load file or assembly 'System.Runtime, Version=9.0.0.0, Culture=neutral, PublicKeyToken=b03f5f7f11d50a3a'. The system cannot find the file specified.
Could not load file or assembly 'System.Runtime, Version=9.0.0.0, Culture=neutral, PublicKeyToken=b03f5f7f11d50a3a'. The system cannot find the file specified.
Could not load file or assembly 'System.Runtime, Version=9.0.0.0, Culture=neutral, PublicKeyToken=b03f5f7f11d50a3a'. The system cannot find the file specified.
Could not load file or assembly 'System.Runtime, Version=9.0.0.0, Culture=neutral, PublicKeyToken=b03f5f7f11d50a3a'. The system cannot find the file specified.
Could not load file or assembly 'System.Runtime, Version=9.0.0.0, Culture=neutral, PublicKeyToken=b03f5f7f11d50a3a'. The system cannot find the file specified.
Could not load file or assembly 'System.Runtime, Version=9.0.0.0, Culture=neutral, PublicKeyToken=b03f5f7f11d50a3a'. The system cannot find the file specified.
Could not load file or assembly 'System.Runtime, Version=9.0.0.0, Culture=neutral, PublicKeyToken=b03f5f7f11d50a3a'. The system cannot find the file specified.
Could not load file or assembly 'System.Runtime, Version=9.0.0.0, Culture=neutral, PublicKeyToken=b03f5f7f11d50a3a'. The system cannot find the file specified.
Could not load file or assembly 'System.Runtime, Version=9.0.0.0, Culture=neutral, PublicKeyToken=b03f5f7f11d50a3a'. The system cannot find the file specified.
Could not load file or assembly 'System.Runtime, Version=9.0.0.0, Culture=neutral, PublicKeyToken=b03f5f7f11d50a3a'. The system cannot find the file specified.
Could not load file or assembly 'System.Runtime, Version=9.0.0.0, Culture=neutral, PublicKeyToken=b03f5f7f11d50a3a'. The system cannot find the file specified.
Could not load file or assembly 'System.Runtime, Version=9.0.0.0, Culture=neutral, PublicKeyToken=b03f5f7f11d50a3a'. The system cannot find the file specified.
Could not load file or assembly 'System.Runtime, Version=9.0.0.0, Culture=neutral, PublicKeyToken=b03f5f7f11d50a3a'. The system cannot find the file specified.
Could not load file or assembly 'System.Runtime, Version=9.0.0.0, Culture=neutral, PublicKeyToken=b03f5f7f11d50a3a'. The system cannot find the file specified.
Could not load file or assembly 'System.Runtime, Version=9.0.0.0, Culture=neutral, PublicKeyToken=b03f5f7f11d50a3a'. The system cannot find the file specified.
Could not load file or assembly 'System.Runtime, Version=9.0.0.0, Culture=neutral, PublicKeyToken=b03f5f7f11d50a3a'. The system cannot find the file specified.
Could not load file or assembly 'System.Runtime, Version=9.0.0.0, Culture=neutral, PublicKeyToken=b03f5f7f11d50a3a'. The system cannot find the file specified.
Could not load file or assembly 'System.Runtime, Version=9.0.0.0, Culture=neutral, PublicKeyToken=b03f5f7f11d50a3a'. The system cannot find the file specified.
Could not load file or assembly 'System.Runtime, Version=9.0.0.0, Culture=neutral, PublicKeyToken=b03f5f7f11d50a3a'. The system cannot find the file specified.
Could not load file or assembly 'System.Runtime, Version=9.0.0.0, Culture=neutral, PublicKeyToken=b03f5f7f11d50a3a'. The system cannot find the file specified.
Could not load file or assembly 'System.Runtime, Version=9.0.0.0, Culture=neutral, PublicKeyToken=b03f5f7f11d50a3a'. The system cannot find the file specified.
Could not load file or assembly 'System.Runtime, Version=9.0.0.0, Culture=neutral, PublicKeyToken=b03f5f7f11d50a3a'. The system cannot find the file specified.
Could not load file or assembly 'System.Runtime, Version=9.0.0.0, Culture=neutral, PublicKeyToken=b03f5f7f11d50a3a'. The system cannot find the file specified.
Could not load file or assembly 'System.Runtime, Version=9.0.0.0, Culture=neutral, PublicKeyToken=b03f5f7f11d50a3a'. The system cannot find the file specified.
Could not load file or assembly 'System.Runtime, Version=9.0.0.0, Culture=neutral, PublicKeyToken=b03f5f7f11d50a3a'. The system cannot find the file specified.
Could not load file or assembly 'System.Runtime, Version=9.0.0.0, Culture=neutral, PublicKeyToken=b03f5f7f11d50a3a'. The system cannot find the file specified.
Could not load file or assembly 'System.Runtime, Version=9.0.0.0, Culture=neutral, PublicKeyToken=b03f5f7f11d50a3a'. The system cannot find the file specified.
Could not load file or assembly 'System.Runtime, Version=9.0.0.0, Culture=neutral, PublicKeyToken=b03f5f7f11d50a3a'. The system cannot find the file specified.
Could not load file or assembly 'System.Runtime, Version=9.0.0.0, Culture=neutral, PublicKeyToken=b03f5f7f11d50a3a'. The system cannot find the file specified.
Could not load file or assembly 'System.Runtime, Version=9.0.0.0, Culture=neutral, PublicKeyToken=b03f5f7f11d50a3a'. The system cannot find the file specified.
Could not load file or assembly 'System.Runtime, Version=9.0.0.0, Culture=neutral, PublicKeyToken=b03f5f7f11d50a3a'. The system cannot find the file specified.
Could not load file or assembly 'System.Runtime, Version=9.0.0.0, Culture=neutral, PublicKeyToken=b03f5f7f11d50a3a'. The system cannot find the file specified.
Could not load file or assembly 'System.Runtime, Version=9.0.0.0, Culture=neutral, PublicKeyToken=b03f5f7f11d50a3a'. The system cannot find the file specified.
Could not load file or assembly 'System.Runtime, Version=9.0.0.0, Culture=neutral, PublicKeyToken=b03f5f7f11d50a3a'. The system cannot find the file specified.
Could not load file or assembly 'System.Runtime, Version=9.0.0.0, Culture=neutral, PublicKeyToken=b03f5f7f11d50a3a'. The system cannot find the file specified.
Could not load file or assembly 'System.Runtime, Version=9.0.0.0, Culture=neutral, PublicKeyToken=b03f5f7f11d50a3a'. The system cannot find the file specified.
Could not load file or assembly 'System.Runtime, Version=9.0.0.0, Culture=neutral, PublicKeyToken=b03f5f7f11d50a3a'. The system cannot find the file specified.
Could not load file or assembly 'System.Runtime, Version=9.0.0.0, Culture=neutral, PublicKeyToken=b03f5f7f11d50a3a'. The system cannot find the file specified.
Could not load file or assembly 'System.Runtime, Version=9.0.0.0, Culture=neutral, PublicKeyToken=b03f5f7f11d50a3a'. The system cannot find the file specified.
Could not load file or assembly 'System.Runtime, Version=9.0.0.0, Culture=neutral, PublicKeyToken=b03f5f7f11d50a3a'. The system cannot find the file specified.
Could not load file or assembly 'System.Runtime, Version=9.0.0.0, Culture=neutral, PublicKeyToken=b03f5f7f11d50a3a'. The system cannot find the file specified.
Could not load file or assembly 'System.Runtime, Version=9.0.0.0, Culture=neutral, PublicKeyToken=b03f5f7f11d50a3a'. The system cannot find the file specified.
Could not load file or assembly 'System.Runtime, Version=9.0.0.0, Culture=neutral, PublicKeyToken=b03f5f7f11d50a3a'. The system cannot find the file specified.
Could not load file or assembly 'System.Runtime, Version=9.0.0.0, Culture=neutral, PublicKeyToken=b03f5f7f11d50a3a'. The system cannot find the file specified.
Could not load file or assembly 'System.Runtime, Version=9.0.0.0, Culture=neutral, PublicKeyToken=b03f5f7f11d50a3a'. The system cannot find the file specified.
Could not load file or assembly 'System.Runtime, Version=9.0.0.0, Culture=neutral, PublicKeyToken=b03f5f7f11d50a3a'. The system cannot find the file specified.
Could not load file or assembly 'System.Runtime, Version=9.0.0.0, Culture=neutral, PublicKeyToken=b03f5f7f11d50a3a'. The system cannot find the file specified.
Could not load file or assembly 'System.Runtime, Version=9.0.0.0, Culture=neutral, PublicKeyToken=b03f5f7f11d50a3a'. The system cannot find the file specified.
Could not load file or assembly 'System.Runtime, Version=9.0.0.0, Culture=neutral, PublicKeyToken=b03f5f7f11d50a3a'. The system cannot find the file specified.
Could not load file or assembly 'System.Runtime, Version=9.0.0.0, Culture=neutral, PublicKeyToken=b03f5f7f11d50a3a'. The system cannot find the file specified.
Could not load file or assembly 'System.Runtime, Version=9.0.0.0, Culture=neutral, PublicKeyToken=b03f5f7f11d50a3a'. The system cannot find the file specified.
  ----> System.Reflection.ReflectionTypeLoadException : Unable to load one or more of the requested types.
Could not load file or assembly 'System.Runtime, Version=9.0.0.0, Culture=neutral, PublicKeyToken=b03f5f7f11d50a3a'. The system cannot find the file specified.
Could not load file or assembly 'System.Runtime, Version=9.0.0.0, Culture=neutral, PublicKeyToken=b03f5f7f11d50a3a'. The system cannot find the file specified.
Could not load file or assembly 'System.Runtime, Version=9.0.0.0, Culture=neutral, PublicKeyToken=b03f5f7f11d50a3a'. The system cannot find the file specified.
Could not load file or assembly 'System.Runtime, Version=9.0.0.0, Culture=neutral, PublicKeyToken=b03f5f7f11d50a3a'. The system cannot find the file specified.
Could not load file or assembly 'System.Runtime, Version=9.0.0.0, Culture=neutral, PublicKeyToken=b03f5f7f11d50a3a'. The system cannot find the file specified.
Could not load file or assembly 'System.Runtime, Version=9.0.0.0, Culture=neutral, PublicKeyToken=b03f5f7f11d50a3a'. The system cannot find the file specified.
Could not load file or assembly 'System.Runtime, Version=9.0.0.0, Culture=neutral, PublicKeyToken=b03f5f7f11d50a3a'. The system cannot find the file specified.
Could not load file or assembly 'System.Runtime, Version=9.0.0.0, Culture=neutral, PublicKeyToken=b03f5f7f11d50a3a'. The system cannot find the file specified.
Could not load file or assembly 'System.Runtime, Version=9.0.0.0, Culture=neutral, PublicKeyToken=b03f5f7f11d50a3a'. The system cannot find the file specified.
Could not load file or assembly 'System.Runtime, Version=9.0.0.0, Culture=neutral, PublicKeyToken=b03f5f7f11d50a3a'. The system cannot find the file specified.
Could not load file or assembly 'System.Runtime, Version=9.0.0.0, Culture=neutral, PublicKeyToken=b03f5f7f11d50a3a'. The system cannot find the file specified.
Could not load file or assembly 'System.Runtime, Version=9.0.0.0, Culture=neutral, PublicKeyToken=b03f5f7f11d50a3a'. The system cannot find the file specified.
Could not load file or assembly 'System.Runtime, Version=9.0.0.0, Culture=neutral, PublicKeyToken=b03f5f7f11d50a3a'. The system cannot find the file specified.
Could not load file or assembly 'System.Runtime, Version=9.0.0.0, Culture=neutral, PublicKeyToken=b03f5f7f11d50a3a'. The system cannot find the file specified.
Could not load file or assembly 'System.Runtime, Version=9.0.0.0, Culture=neutral, PublicKeyToken=b03f5f7f11d50a3a'. The system cannot find the file specified.
Could not load file or assembly 'System.Runtime, Version=9.0.0.0, Culture=neutral, PublicKeyToken=b03f5f7f11d50a3a'. The system cannot find the file specified.
Could not load file or assembly 'System.Runtime, Version=9.0.0.0, Culture=neutral, PublicKeyToken=b03f5f7f11d50a3a'. The system cannot find the file specified.
Could not load file or assembly 'System.Runtime, Version=9.0.0.0, Culture=neutral, PublicKeyToken=b03f5f7f11d50a3a'. The system cannot find the file specified.
Could not load file or assembly 'System.Runtime, Version=9.0.0.0, Culture=neutral, PublicKeyToken=b03f5f7f11d50a3a'. The system cannot find the file specified.
Could not load file or assembly 'System.Runtime, Version=9.0.0.0, Culture=neutral, PublicKeyToken=b03f5f7f11d50a3a'. The system cannot find the file specified.
Could not load file or assembly 'System.Runtime, Version=9.0.0.0, Culture=neutral, PublicKeyToken=b03f5f7f11d50a3a'. The system cannot find the file specified.
Could not load file or assembly 'System.Runtime, Version=9.0.0.0, Culture=neutral, PublicKeyToken=b03f5f7f11d50a3a'. The system cannot find the file specified.
Could not load file or assembly 'System.Runtime, Version=9.0.0.0, Culture=neutral, PublicKeyToken=b03f5f7f11d50a3a'. The system cannot find the file specified.
Could not load file or assembly 'System.Runtime, Version=9.0.0.0, Culture=neutral, PublicKeyToken=b03f5f7f11d50a3a'. The system cannot find the file specified.
Could not load file or assembly 'System.Runtime, Version=9.0.0.0, Culture=neutral, PublicKeyToken=b03f5f7f11d50a3a'. The system cannot find the file specified.
Could not load file or assembly 'System.Runtime, Version=9.0.0.0, Culture=neutral, PublicKeyToken=b03f5f7f11d50a3a'. The system cannot find the file specified.
Could not load file or assembly 'System.Runtime, Version=9.0.0.0, Culture=neutral, PublicKeyToken=b03f5f7f11d50a3a'. The system cannot find the file specified.
Could not load file or assembly 'System.Runtime, Version=9.0.0.0, Culture=neutral, PublicKeyToken=b03f5f7f11d50a3a'. The system cannot find the file specified.
Could not load file or assembly 'System.Runtime, Version=9.0.0.0, Culture=neutral, PublicKeyToken=b03f5f7f11d50a3a'. The system cannot find the file specified.
Could not load file or assembly 'System.Runtime, Version=9.0.0.0, Culture=neutral, PublicKeyToken=b03f5f7f11d50a3a'. The system cannot find the file specified.
Could not load file or assembly 'System.Runtime, Version=9.0.0.0, Culture=neutral, PublicKeyToken=b03f5f7f11d50a3a'. The system cannot find the file specified.
Could not load file or assembly 'System.Runtime, Version=9.0.0.0, Culture=neutral, PublicKeyToken=b03f5f7f11d50a3a'. The system cannot find the file specified.
Could not load file or assembly 'System.Runtime, Version=9.0.0.0, Culture=neutral, PublicKeyToken=b03f5f7f11d50a3a'. The system cannot find the file specified.
Could not load file or assembly 'System.Runtime, Version=9.0.0.0, Culture=neutral, PublicKeyToken=b03f5f7f11d50a3a'. The system cannot find the file specified.
Could not load file or assembly 'System.Runtime, Version=9.0.0.0, Culture=neutral, PublicKeyToken=b03f5f7f11d50a3a'. The system cannot find the file specified.
Could not load file or assembly 'System.Runtime, Version=9.0.0.0, Culture=neutral, PublicKeyToken=b03f5f7f11d50a3a'. The system cannot find the file specified.
Could not load file or assembly 'System.Runtime, Version=9.0.0.0, Culture=neutral, PublicKeyToken=b03f5f7f11d50a3a'. The system cannot find the file specified.
Could not load file or assembly 'System.Runtime, Version=9.0.0.0, Culture=neutral, PublicKeyToken=b03f5f7f11d50a3a'. The system cannot find the file specified.
Could not load file or assembly 'System.Runtime, Version=9.0.0.0, Culture=neutral, PublicKeyToken=b03f5f7f11d50a3a'. The system cannot find the file specified.
Could not load file or assembly 'System.Runtime, Version=9.0.0.0, Culture=neutral, PublicKeyToken=b03f5f7f11d50a3a'. The system cannot find the file specified.
Could not load file or assembly 'System.Runtime, Version=9.0.0.0, Culture=neutral, PublicKeyToken=b03f5f7f11d50a3a'. The system cannot find the file specified.
Could not load file or assembly 'System.Runtime, Version=9.0.0.0, Culture=neutral, PublicKeyToken=b03f5f7f11d50a3a'. The system cannot find the file specified.
Could not load file or assembly 'System.Runtime, Version=9.0.0.0, Culture=neutral, PublicKeyToken=b03f5f7f11d50a3a'. The system cannot find the file specified.
Could not load file or assembly 'System.Runtime, Version=9.0.0.0, Culture=neutral, PublicKeyToken=b03f5f7f11d50a3a'. The system cannot find the file specified.
Could not load file or assembly 'System.Runtime, Version=9.0.0.0, Culture=neutral, PublicKeyToken=b03f5f7f11d50a3a'. The system cannot find the file specified.
Could not load file or assembly 'System.Runtime, Version=9.0.0.0, Culture=neutral, PublicKeyToken=b03f5f7f11d50a3a'. The system cannot find the file specified.
Could not load file or assembly 'System.Runtime, Version=9.0.0.0, Culture=neutral, PublicKeyToken=b03f5f7f11d50a3a'. The system cannot find the file specified.
Could not load file or assembly 'System.Runtime, Version=9.0.0.0, Culture=neutral, PublicKeyToken=b03f5f7f11d50a3a'. The system cannot find the file specified.
Could not load file or assembly 'System.Runtime, Version=9.0.0.0, Culture=neutral, PublicKeyToken=b03f5f7f11d50a3a'. The system cannot find the file specified.
Could not load file or assembly 'System.Runtime, Version=9.0.0.0, Culture=neutral, PublicKeyToken=b03f5f7f11d50a3a'. The system cannot find the file specified.
Could not load file or assembly 'System.Runtime, Version=9.0.0.0, Culture=neutral, PublicKeyToken=b03f5f7f11d50a3a'. The system cannot find the file specified.
Could not load file or assembly 'System.Runtime, Version=9.0.0.0, Culture=neutral, PublicKeyToken=b03f5f7f11d50a3a'. The system cannot find the file specified.
Could not load file or assembly 'System.Runtime, Version=9.0.0.0, Culture=neutral, PublicKeyToken=b03f5f7f11d50a3a'. The system cannot find the file specified.
Could not load file or assembly 'System.Runtime, Version=9.0.0.0, Culture=neutral, PublicKeyToken=b03f5f7f11d50a3a'. The system cannot find the file specified.
Could not load file or assembly 'System.Runtime, Version=9.0.0.0, Culture=neutral, PublicKeyToken=b03f5f7f11d50a3a'. The system cannot find the file specified.
Could not load file or assembly 'System.Runtime, Version=9.0.0.0, Culture=neutral, PublicKeyToken=b03f5f7f11d50a3a'. The system cannot find the file specified.
Could not load file or assembly 'System.Runtime, Version=9.0.0.0, Culture=neutral, PublicKeyToken=b03f5f7f11d50a3a'. The system cannot find the file specified.
Could not load file or assembly 'System.Runtime, Version=9.0.0.0, Culture=neutral, PublicKeyToken=b03f5f7f11d50a3a'. The system cannot find the file specified.
Could not load file or assembly 'System.Runtime, Version=9.0.0.0, Culture=neutral, PublicKeyToken=b03f5f7f11d50a3a'. The system cannot find the file specified.
Could not load file or assembly 'System.Runtime, Version=9.0.0.0, Culture=neutral, PublicKeyToken=b03f5f7f11d50a3a'. The system cannot find the file specified.
Could not load file or assembly 'System.Runtime, Version=9.0.0.0, Culture=neutral, PublicKeyToken=b03f5f7f11d50a3a'. The system cannot find the file specified.
Could not load file or assembly 'System.Runtime, Version=9.0.0.0, Culture=neutral, PublicKeyToken=b03f5f7f11d50a3a'. The system cannot find the file specified.
Could not load file or assembly 'System.Runtime, Version=9.0.0.0, Culture=neutral, PublicKeyToken=b03f5f7f11d50a3a'. The system cannot find the file specified.
Could not load file or assembly 'System.Runtime, Version=9.0.0.0, Culture=neutral, PublicKeyToken=b03f5f7f11d50a3a'. The system cannot find the file specified.
Could not load file or assembly 'System.Runtime, Version=9.0.0.0, Culture=neutral, PublicKeyToken=b03f5f7f11d50a3a'. The system cannot find the file specified.
Could not load file or assembly 'System.Runtime, Version=9.0.0.0, Culture=neutral, PublicKeyToken=b03f5f7f11d50a3a'. The system cannot find the file specified.
Could not load file or assembly 'System.Runtime, Version=9.0.0.0, Culture=neutral, PublicKeyToken=b03f5f7f11d50a3a'. The system cannot find the file specified.
Could not load file or assembly 'System.Runtime, Version=9.0.0.0, Culture=neutral, PublicKeyToken=b03f5f7f11d50a3a'. The system cannot find the file specified.
Could not load file or assembly 'System.Runtime, Version=9.0.0.0, Culture=neutral, PublicKeyToken=b03f5f7f11d50a3a'. The system cannot find the file specified.
Could not load file or assembly 'System.Runtime, Version=9.0.0.0, Culture=neutral, PublicKeyToken=b03f5f7f11d50a3a'. The system cannot find the file specified.
Could not load file or assembly 'System.Runtime, Version=9.0.0.0, Culture=neutral, PublicKeyToken=b03f5f7f11d50a3a'. The system cannot find the file specified.
Could not load file or assembly 'System.Runtime, Version=9.0.0.0, Culture=neutral, PublicKeyToken=b03f5f7f11d50a3a'. The system cannot find the file specified.
Could not load file or assembly 'System.Runtime, Version=9.0.0.0, Culture=neutral, PublicKeyToken=b03f5f7f11d50a3a'. The system cannot find the file specified.
Could not load file or assembly 'System.Runtime, Version=9.0.0.0, Culture=neutral, PublicKeyToken=b03f5f7f11d50a3a'. The system cannot find the file specified.
Could not load file or assembly 'System.Runtime, Version=9.0.0.0, Culture=neutral, PublicKeyToken=b03f5f7f11d50a3a'. The system cannot find the file specified.
Could not load file or assembly 'System.Runtime, Version=9.0.0.0, Culture=neutral, PublicKeyToken=b03f5f7f11d50a3a'. The system cannot find the file specified.
Could not load file or assembly 'System.Runtime, Version=9.0.0.0, Culture=neutral, PublicKeyToken=b03f5f7f11d50a3a'. The system cannot find the file specified.
  ----> System.Reflection.ReflectionTypeLoadException : Unable to load one or more of the requested types.
Could not load file or assembly 'System.Runtime, Version=9.0.0.0, Culture=neutral, PublicKeyToken=b03f5f7f11d50a3a'. The system cannot find the file specified.
Could not load file or assembly 'System.Runtime, Version=9.0.0.0, Culture=neutral, PublicKeyToken=b03f5f7f11d50a3a'. The system cannot find the file specified.
Could not load file or assembly 'System.Runtime, Version=9.0.0.0, Culture=neutral, PublicKeyToken=b03f5f7f11d50a3a'. The system cannot find the file specified.
Could not load file or assembly 'System.Runtime, Version=9.0.0.0, Culture=neutral, PublicKeyToken=b03f5f7f11d50a3a'. The system cannot find the file specified.
Could not load file or assembly 'System.Runtime, Version=9.0.0.0, Culture=neutral, PublicKeyToken=b03f5f7f11d50a3a'. The system cannot find the file specified.
Could not load file or assembly 'System.Runtime, Version=9.0.0.0, Culture=neutral, PublicKeyToken=b03f5f7f11d50a3a'. The system cannot find the file specified.
Could not load file or assembly 'System.Runtime, Version=9.0.0.0, Culture=neutral, PublicKeyToken=b03f5f7f11d50a3a'. The system cannot find the file specified.
Could not load file or assembly 'System.Runtime, Version=9.0.0.0, Culture=neutral, PublicKeyToken=b03f5f7f11d50a3a'. The system cannot find the file specified.
Could not load file or assembly 'System.Runtime, Version=9.0.0.0, Culture=neutral, PublicKeyToken=b03f5f7f11d50a3a'. The system cannot find the file specified.
Could not load file or assembly 'System.Runtime, Version=9.0.0.0, Culture=neutral, PublicKeyToken=b03f5f7f11d50a3a'. The system cannot find the file specified.
Could not load file or assembly 'System.Runtime, Version=9.0.0.0, Culture=neutral, PublicKeyToken=b03f5f7f11d50a3a'. The system cannot find the file specified.
Could not load file or assembly 'System.Runtime, Version=9.0.0.0, Culture=neutral, PublicKeyToken=b03f5f7f11d50a3a'. The system cannot find the file specified.
Could not load file or assembly 'System.Runtime, Version=9.0.0.0, Culture=neutral, PublicKeyToken=b03f5f7f11d50a3a'. The system cannot find the file specified.
Could not load file or assembly 'System.Runtime, Version=9.0.0.0, Culture=neutral, PublicKeyToken=b03f5f7f11d50a3a'. The system cannot find the file specified.
Could not load file or assembly 'System.Runtime, Version=9.0.0.0, Culture=neutral, PublicKeyToken=b03f5f7f11d50a3a'. The system cannot find the file specified.
Could not load file or assembly 'System.Runtime, Version=9.0.0.0, Culture=neutral, PublicKeyToken=b03f5f7f11d50a3a'. The system cannot find the file specified.
Could not load file or assembly 'System.Runtime, Version=9.0.0.0, Culture=neutral, PublicKeyToken=b03f5f7f11d50a3a'. The system cannot find the file specified.
Could not load file or assembly 'System.Runtime, Version=9.0.0.0, Culture=neutral, PublicKeyToken=b03f5f7f11d50a3a'. The system cannot find the file specified.
Could not load file or assembly 'System.Runtime, Version=9.0.0.0, Culture=neutral, PublicKeyToken=b03f5f7f11d50a3a'. The system cannot find the file specified.
Could not load file or assembly 'System.Runtime, Version=9.0.0.0, Culture=neutral, PublicKeyToken=b03f5f7f11d50a3a'. The system cannot find the file specified.
Could not load file or assembly 'System.Runtime, Version=9.0.0.0, Culture=neutral, PublicKeyToken=b03f5f7f11d50a3a'. The system cannot find the file specified.
Could not load file or assembly 'System.Runtime, Version=9.0.0.0, Culture=neutral, PublicKeyToken=b03f5f7f11d50a3a'. The system cannot find the file specified.
Could not load file or assembly 'System.Runtime, Version=9.0.0.0, Culture=neutral, PublicKeyToken=b03f5f7f11d50a3a'. The system cannot find the file specified.
Could not load file or assembly 'System.Runtime, Version=9.0.0.0, Culture=neutral, PublicKeyToken=b03f5f7f11d50a3a'. The system cannot find the file specified.
Could not load file or assembly 'System.Runtime, Version=9.0.0.0, Culture=neutral, PublicKeyToken=b03f5f7f11d50a3a'. The system cannot find the file specified.
Could not load file or assembly 'System.Runtime, Version=9.0.0.0, Culture=neutral, PublicKeyToken=b03f5f7f11d50a3a'. The system cannot find the file specified.
Could not load file or assembly 'System.Runtime, Version=9.0.0.0, Culture=neutral, PublicKeyToken=b03f5f7f11d50a3a'. The system cannot find the file specified.
Could not load file or assembly 'System.Runtime, Version=9.0.0.0, Culture=neutral, PublicKeyToken=b03f5f7f11d50a3a'. The system cannot find the file specified.
Could not load file or assembly 'System.Runtime, Version=9.0.0.0, Culture=neutral, PublicKeyToken=b03f5f7f11d50a3a'. The system cannot find the file specified.
Could not load file or assembly 'System.Runtime, Version=9.0.0.0, Culture=neutral, PublicKeyToken=b03f5f7f11d50a3a'. The system cannot find the file specified.
Could not load file or assembly 'System.Runtime, Version=9.0.0.0, Culture=neutral, PublicKeyToken=b03f5f7f11d50a3a'. The system cannot find the file specified.
Could not load file or assembly 'System.Runtime, Version=9.0.0.0, Culture=neutral, PublicKeyToken=b03f5f7f11d50a3a'. The system cannot find the file specified.
Could not load file or assembly 'System.Runtime, Version=9.0.0.0, Culture=neutral, PublicKeyToken=b03f5f7f11d50a3a'. The system cannot find the file specified.
Could not load file or assembly 'System.Runtime, Version=9.0.0.0, Culture=neutral, PublicKeyToken=b03f5f7f11d50a3a'. The system cannot find the file specified.
Could not load file or assembly 'System.Runtime, Version=9.0.0.0, Culture=neutral, PublicKeyToken=b03f5f7f11d50a3a'. The system cannot find the file specified.
Could not load file or assembly 'System.Runtime, Version=9.0.0.0, Culture=neutral, PublicKeyToken=b03f5f7f11d50a3a'. The system cannot find the file specified.
Could not load file or assembly 'System.Runtime, Version=9.0.0.0, Culture=neutral, PublicKeyToken=b03f5f7f11d50a3a'. The system cannot find the file specified.
Could not load file or assembly 'System.Runtime, Version=9.0.0.0, Culture=neutral, PublicKeyToken=b03f5f7f11d50a3a'. The system cannot find the file specified.
Could not load file or assembly 'System.Runtime, Version=9.0.0.0, Culture=neutral, PublicKeyToken=b03f5f7f11d50a3a'. The system cannot find the file specified.
Could not load file or assembly 'System.Runtime, Version=9.0.0.0, Culture=neutral, PublicKeyToken=b03f5f7f11d50a3a'. The system cannot find the file specified.
Could not load file or assembly 'System.Runtime, Version=9.0.0.0, Culture=neutral, PublicKeyToken=b03f5f7f11d50a3a'. The system cannot find the file specified.
Could not load file or assembly 'System.Runtime, Version=9.0.0.0, Culture=neutral, PublicKeyToken=b03f5f7f11d50a3a'. The system cannot find the file specified.
Could not load file or assembly 'System.Runtime, Version=9.0.0.0, Culture=neutral, PublicKeyToken=b03f5f7f11d50a3a'. The system cannot find the file specified.
Could not load file or assembly 'System.Runtime, Version=9.0.0.0, Culture=neutral, PublicKeyToken=b03f5f7f11d50a3a'. The system cannot find the file specified.
Could not load file or assembly 'System.Runtime, Version=9.0.0.0, Culture=neutral, PublicKeyToken=b03f5f7f11d50a3a'. The system cannot find the file specified.
Could not load file or assembly 'System.Runtime, Version=9.0.0.0, Culture=neutral, PublicKeyToken=b03f5f7f11d50a3a'. The system cannot find the file specified.
Could not load file or assembly 'System.Runtime, Version=9.0.0.0, Culture=neutral, PublicKeyToken=b03f5f7f11d50a3a'. The system cannot find the file specified.
Could not load file or assembly 'System.Runtime, Version=9.0.0.0, Culture=neutral, PublicKeyToken=b03f5f7f11d50a3a'. The system cannot find the file specified.
Could not load file or assembly 'System.Runtime, Version=9.0.0.0, Culture=neutral, PublicKeyToken=b03f5f7f11d50a3a'. The system cannot find the file specified.
Could not load file or assembly 'System.Runtime, Version=9.0.0.0, Culture=neutral, PublicKeyToken=b03f5f7f11d50a3a'. The system cannot find the file specified.
Could not load file or assembly 'System.Runtime, Version=9.0.0.0, Culture=neutral, PublicKeyToken=b03f5f7f11d50a3a'. The system cannot find the file specified.
Could not load file or assembly 'System.Runtime, Version=9.0.0.0, Culture=neutral, PublicKeyToken=b03f5f7f11d50a3a'. The system cannot find the file specified.
Could not load file or assembly 'System.Runtime, Version=9.0.0.0, Culture=neutral, PublicKeyToken=b03f5f7f11d50a3a'. The system cannot find the file specified.
Could not load file or assembly 'System.Runtime, Version=9.0.0.0, Culture=neutral, PublicKeyToken=b03f5f7f11d50a3a'. The system cannot find the file specified.
Could not load file or assembly 'System.Runtime, Version=9.0.0.0, Culture=neutral, PublicKeyToken=b03f5f7f11d50a3a'. The system cannot find the file specified.
Could not load file or assembly 'System.Runtime, Version=9.0.0.0, Culture=neutral, PublicKeyToken=b03f5f7f11d50a3a'. The system cannot find the file specified.
Could not load file or assembly 'System.Runtime, Version=9.0.0.0, Culture=neutral, PublicKeyToken=b03f5f7f11d50a3a'. The system cannot find the file specified.
Could not load file or assembly 'System.Runtime, Version=9.0.0.0, Culture=neutral, PublicKeyToken=b03f5f7f11d50a3a'. The system cannot find the file specified.
Could not load file or assembly 'System.Runtime, Version=9.0.0.0, Culture=neutral, PublicKeyToken=b03f5f7f11d50a3a'. The system cannot find the file specified.
Could not load file or assembly 'System.Runtime, Version=9.0.0.0, Culture=neutral, PublicKeyToken=b03f5f7f11d50a3a'. The system cannot find the file specified.
Could not load file or assembly 'System.Runtime, Version=9.0.0.0, Culture=neutral, PublicKeyToken=b03f5f7f11d50a3a'. The system cannot find the file specified.
Could not load file or assembly 'System.Runtime, Version=9.0.0.0, Culture=neutral, PublicKeyToken=b03f5f7f11d50a3a'. The system cannot find the file specified.
Could not load file or assembly 'System.Runtime, Version=9.0.0.0, Culture=neutral, PublicKeyToken=b03f5f7f11d50a3a'. The system cannot find the file specified.
Could not load file or assembly 'System.Runtime, Version=9.0.0.0, Culture=neutral, PublicKeyToken=b03f5f7f11d50a3a'. The system cannot find the file specified.
Could not load file or assembly 'System.Runtime, Version=9.0.0.0, Culture=neutral, PublicKeyToken=b03f5f7f11d50a3a'. The system cannot find the file specified.
Could not load file or assembly 'System.Runtime, Version=9.0.0.0, Culture=neutral, PublicKeyToken=b03f5f7f11d50a3a'. The system cannot find the file specified.
Could not load file or assembly 'System.Runtime, Version=9.0.0.0, Culture=neutral, PublicKeyToken=b03f5f7f11d50a3a'. The system cannot find the file specified.
Could not load file or assembly 'System.Runtime, Version=9.0.0.0, Culture=neutral, PublicKeyToken=b03f5f7f11d50a3a'. The system cannot find the file specified.
Could not load file or assembly 'System.Runtime, Version=9.0.0.0, Culture=neutral, PublicKeyToken=b03f5f7f11d50a3a'. The system cannot find the file specified.
Could not load file or assembly 'System.Runtime, Version=9.0.0.0, Culture=neutral, PublicKeyToken=b03f5f7f11d50a3a'. The system cannot find the file specified.
Could not load file or assembly 'System.Runtime, Version=9.0.0.0, Culture=neutral, PublicKeyToken=b03f5f7f11d50a3a'. The system cannot find the file specified.
Could not load file or assembly 'System.Runtime, Version=9.0.0.0, Culture=neutral, PublicKeyToken=b03f5f7f11d50a3a'. The system cannot find the file specified.
Could not load file or assembly 'System.Runtime, Version=9.0.0.0, Culture=neutral, PublicKeyToken=b03f5f7f11d50a3a'. The system cannot find the file specified.
Could not load file or assembly 'System.Runtime, Version=9.0.0.0, Culture=neutral, PublicKeyToken=b03f5f7f11d50a3a'. The system cannot find the file specified.
Could not load file or assembly 'System.Runtime, Version=9.0.0.0, Culture=neutral, PublicKeyToken=b03f5f7f11d50a3a'. The system cannot find the file specified.
Could not load file or assembly 'System.Runtime, Version=9.0.0.0, Culture=neutral, PublicKeyToken=b03f5f7f11d50a3a'. The system cannot find the file specified.
Could not load file or assembly 'System.Runtime, Version=9.0.0.0, Culture=neutral, PublicKeyToken=b03f5f7f11d50a3a'. The system cannot find the file specified.
  ----> System.Reflection.ReflectionTypeLoadException : Unable to load one or more of the requested types.
Could not load file or assembly 'System.Runtime, Version=9.0.0.0, Culture=neutral, PublicKeyToken=b03f5f7f11d50a3a'. The system cannot find the file specified.
Could not load file or assembly 'System.Runtime, Version=9.0.0.0, Culture=neutral, PublicKeyToken=b03f5f7f11d50a3a'. The system cannot find the file specified.
Could not load file or assembly 'System.Runtime, Version=9.0.0.0, Culture=neutral, PublicKeyToken=b03f5f7f11d50a3a'. The system cannot find the file specified.
Could not load file or assembly 'System.Runtime, Version=9.0.0.0, Culture=neutral, PublicKeyToken=b03f5f7f11d50a3a'. The system cannot find the file specified.
Could not load file or assembly 'System.Runtime, Version=9.0.0.0, Culture=neutral, PublicKeyToken=b03f5f7f11d50a3a'. The system cannot find the file specified.
Could not load file or assembly 'System.Runtime, Version=9.0.0.0, Culture=neutral, PublicKeyToken=b03f5f7f11d50a3a'. The system cannot find the file specified.
Could not load file or assembly 'System.Runtime, Version=9.0.0.0, Culture=neutral, PublicKeyToken=b03f5f7f11d50a3a'. The system cannot find the file specified.
Could not load file or assembly 'System.Runtime, Version=9.0.0.0, Culture=neutral, PublicKeyToken=b03f5f7f11d50a3a'. The system cannot find the file specified.
Could not load file or assembly 'System.Runtime, Version=9.0.0.0, Culture=neutral, PublicKeyToken=b03f5f7f11d50a3a'. The system cannot find the file specified.
Could not load file or assembly 'System.Runtime, Version=9.0.0.0, Culture=neutral, PublicKeyToken=b03f5f7f11d50a3a'. The system cannot find the file specified.
Could not load file or assembly 'System.Runtime, Version=9.0.0.0, Culture=neutral, PublicKeyToken=b03f5f7f11d50a3a'. The system cannot find the file specified.
Could not load file or assembly 'System.Runtime, Version=9.0.0.0, Culture=neutral, PublicKeyToken=b03f5f7f11d50a3a'. The system cannot find the file specified.
Could not load file or assembly 'System.Runtime, Version=9.0.0.0, Culture=neutral, PublicKeyToken=b03f5f7f11d50a3a'. The system cannot find the file specified.
Could not load file or assembly 'System.Runtime, Version=9.0.0.0, Culture=neutral, PublicKeyToken=b03f5f7f11d50a3a'. The system cannot find the file specified.
Could not load file or assembly 'System.Runtime, Version=9.0.0.0, Culture=neutral, PublicKeyToken=b03f5f7f11d50a3a'. The system cannot find the file specified.
Could not load file or assembly 'System.Runtime, Version=9.0.0.0, Culture=neutral, PublicKeyToken=b03f5f7f11d50a3a'. The system cannot find the file specified.
Could not load file or assembly 'System.Runtime, Version=9.0.0.0, Culture=neutral, PublicKeyToken=b03f5f7f11d50a3a'. The system cannot find the file specified.
Could not load file or assembly 'System.Runtime, Version=9.0.0.0, Culture=neutral, PublicKeyToken=b03f5f7f11d50a3a'. The system cannot find the file specified.
Could not load file or assembly 'System.Runtime, Version=9.0.0.0, Culture=neutral, PublicKeyToken=b03f5f7f11d50a3a'. The system cannot find the file specified.
Could not load file or assembly 'System.Runtime, Version=9.0.0.0, Culture=neutral, PublicKeyToken=b03f5f7f11d50a3a'. The system cannot find the file specified.
Could not load file or assembly 'System.Runtime, Version=9.0.0.0, Culture=neutral, PublicKeyToken=b03f5f7f11d50a3a'. The system cannot find the file specified.
Could not load file or assembly 'System.Runtime, Version=9.0.0.0, Culture=neutral, PublicKeyToken=b03f5f7f11d50a3a'. The system cannot find the file specified.
Could not load file or assembly 'System.Runtime, Version=9.0.0.0, Culture=neutral, PublicKeyToken=b03f5f7f11d50a3a'. The system cannot find the file specified.
Could not load file or assembly 'System.Runtime, Version=9.0.0.0, Culture=neutral, PublicKeyToken=b03f5f7f11d50a3a'. The system cannot find the file specified.
Could not load file or assembly 'System.Runtime, Version=9.0.0.0, Culture=neutral, PublicKeyToken=b03f5f7f11d50a3a'. The system cannot find the file specified.
Could not load file or assembly 'System.Runtime, Version=9.0.0.0, Culture=neutral, PublicKeyToken=b03f5f7f11d50a3a'. The system cannot find the file specified.
Could not load file or assembly 'System.Runtime, Version=9.0.0.0, Culture=neutral, PublicKeyToken=b03f5f7f11d50a3a'. The system cannot find the file specified.
Could not load file or assembly 'System.Runtime, Version=9.0.0.0, Culture=neutral, PublicKeyToken=b03f5f7f11d50a3a'. The system cannot find the file specified.
Could not load file or assembly 'System.Runtime, Version=9.0.0.0, Culture=neutral, PublicKeyToken=b03f5f7f11d50a3a'. The system cannot find the file specified.
Could not load file or assembly 'System.Runtime, Version=9.0.0.0, Culture=neutral, PublicKeyToken=b03f5f7f11d50a3a'. The system cannot find the file specified.
Could not load file or assembly 'System.Runtime, Version=9.0.0.0, Culture=neutral, PublicKeyToken=b03f5f7f11d50a3a'. The system cannot find the file specified.
Could not load file or assembly 'System.Runtime, Version=9.0.0.0, Culture=neutral, PublicKeyToken=b03f5f7f11d50a3a'. The system cannot find the file specified.
Could not load file or assembly 'System.Runtime, Version=9.0.0.0, Culture=neutral, PublicKeyToken=b03f5f7f11d50a3a'. The system cannot find the file specified.
Could not load file or assembly 'System.Runtime, Version=9.0.0.0, Culture=neutral, PublicKeyToken=b03f5f7f11d50a3a'. The system cannot find the file specified.
Could not load file or assembly 'System.Runtime, Version=9.0.0.0, Culture=neutral, PublicKeyToken=b03f5f7f11d50a3a'. The system cannot find the file specified.
Could not load file or assembly 'System.Runtime, Version=9.0.0.0, Culture=neutral, PublicKeyToken=b03f5f7f11d50a3a'. The system cannot find the file specified.
Could not load file or assembly 'System.Runtime, Version=9.0.0.0, Culture=neutral, PublicKeyToken=b03f5f7f11d50a3a'. The system cannot find the file specified.
Could not load file or assembly 'System.Runtime, Version=9.0.0.0, Culture=neutral, PublicKeyToken=b03f5f7f11d50a3a'. The system cannot find the file specified.
Could not load file or assembly 'System.Runtime, Version=9.0.0.0, Culture=neutral, PublicKeyToken=b03f5f7f11d50a3a'. The system cannot find the file specified.
Could not load file or assembly 'System.Runtime, Version=9.0.0.0, Culture=neutral, PublicKeyToken=b03f5f7f11d50a3a'. The system cannot find the file specified.
Could not load file or assembly 'System.Runtime, Version=9.0.0.0, Culture=neutral, PublicKeyToken=b03f5f7f11d50a3a'. The system cannot find the file specified.
Could not load file or assembly 'System.Runtime, Version=9.0.0.0, Culture=neutral, PublicKeyToken=b03f5f7f11d50a3a'. The system cannot find the file specified.
Could not load file or assembly 'System.Runtime, Version=9.0.0.0, Culture=neutral, PublicKeyToken=b03f5f7f11d50a3a'. The system cannot find the file specified.
Could not load file or assembly 'System.Runtime, Version=9.0.0.0, Culture=neutral, PublicKeyToken=b03f5f7f11d50a3a'. The system cannot find the file specified.
Could not load file or assembly 'System.Runtime, Version=9.0.0.0, Culture=neutral, PublicKeyToken=b03f5f7f11d50a3a'. The system cannot find the file specified.
Could not load file or assembly 'System.Runtime, Version=9.0.0.0, Culture=neutral, PublicKeyToken=b03f5f7f11d50a3a'. The system cannot find the file specified.
Could not load file or assembly 'System.Runtime, Version=9.0.0.0, Culture=neutral, PublicKeyToken=b03f5f7f11d50a3a'. The system cannot find the file specified.
Could not load file or assembly 'System.Runtime, Version=9.0.0.0, Culture=neutral, PublicKeyToken=b03f5f7f11d50a3a'. The system cannot find the file specified.
Could not load file or assembly 'System.Runtime, Version=9.0.0.0, Culture=neutral, PublicKeyToken=b03f5f7f11d50a3a'. The system cannot find the file specified.
Could not load file or assembly 'System.Runtime, Version=9.0.0.0, Culture=neutral, PublicKeyToken=b03f5f7f11d50a3a'. The system cannot find the file specified.
Could not load file or assembly 'System.Runtime, Version=9.0.0.0, Culture=neutral, PublicKeyToken=b03f5f7f11d50a3a'. The system cannot find the file specified.
Could not load file or assembly 'System.Runtime, Version=9.0.0.0, Culture=neutral, PublicKeyToken=b03f5f7f11d50a3a'. The system cannot find the file specified.
Could not load file or assembly 'System.Runtime, Version=9.0.0.0, Culture=neutral, PublicKeyToken=b03f5f7f11d50a3a'. The system cannot find the file specified.
Could not load file or assembly 'System.Runtime, Version=9.0.0.0, Culture=neutral, PublicKeyToken=b03f5f7f11d50a3a'. The system cannot find the file specified.
Could not load file or assembly 'System.Runtime, Version=9.0.0.0, Culture=neutral, PublicKeyToken=b03f5f7f11d50a3a'. The system cannot find the file specified.
Could not load file or assembly 'System.Runtime, Version=9.0.0.0, Culture=neutral, PublicKeyToken=b03f5f7f11d50a3a'. The system cannot find the file specified.
Could not load file or assembly 'System.Runtime, Version=9.0.0.0, Culture=neutral, PublicKeyToken=b03f5f7f11d50a3a'. The system cannot find the file specified.
Could not load file or assembly 'System.Runtime, Version=9.0.0.0, Culture=neutral, PublicKeyToken=b03f5f7f11d50a3a'. The system cannot find the file specified.
Could not load file or assembly 'System.Runtime, Version=9.0.0.0, Culture=neutral, PublicKeyToken=b03f5f7f11d50a3a'. The system cannot find the file specified.
Could not load file or assembly 'System.Runtime, Version=9.0.0.0, Culture=neutral, PublicKeyToken=b03f5f7f11d50a3a'. The system cannot find the file specified.
Could not load file or assembly 'System.Runtime, Version=9.0.0.0, Culture=neutral, PublicKeyToken=b03f5f7f11d50a3a'. The system cannot find the file specified.
Could not load file or assembly 'System.Runtime, Version=9.0.0.0, Culture=neutral, PublicKeyToken=b03f5f7f11d50a3a'. The system cannot find the file specified.
Could not load file or assembly 'System.Runtime, Version=9.0.0.0, Culture=neutral, PublicKeyToken=b03f5f7f11d50a3a'. The system cannot find the file specified.
Could not load file or assembly 'System.Runtime, Version=9.0.0.0, Culture=neutral, PublicKeyToken=b03f5f7f11d50a3a'. The system cannot find the file specified.
Could not load file or assembly 'System.Runtime, Version=9.0.0.0, Culture=neutral, PublicKeyToken=b03f5f7f11d50a3a'. The system cannot find the file specified.
Could not load file or assembly 'System.Runtime, Version=9.0.0.0, Culture=neutral, PublicKeyToken=b03f5f7f11d50a3a'. The system cannot find the file specified.
Could not load file or assembly 'System.Runtime, Version=9.0.0.0, Culture=neutral, PublicKeyToken=b03f5f7f11d50a3a'. The system cannot find the file specified.
Could not load file or assembly 'System.Runtime, Version=9.0.0.0, Culture=neutral, PublicKeyToken=b03f5f7f11d50a3a'. The system cannot find the file specified.
Could not load file or assembly 'System.Runtime, Version=9.0.0.0, Culture=neutral, PublicKeyToken=b03f5f7f11d50a3a'. The system cannot find the file specified.
Could not load file or assembly 'System.Runtime, Version=9.0.0.0, Culture=neutral, PublicKeyToken=b03f5f7f11d50a3a'. The system cannot find the file specified.
Could not load file or assembly 'System.Runtime, Version=9.0.0.0, Culture=neutral, PublicKeyToken=b03f5f7f11d50a3a'. The system cannot find the file specified.
Could not load file or assembly 'System.Runtime, Version=9.0.0.0, Culture=neutral, PublicKeyToken=b03f5f7f11d50a3a'. The system cannot find the file specified.
Could not load file or assembly 'System.Runtime, Version=9.0.0.0, Culture=neutral, PublicKeyToken=b03f5f7f11d50a3a'. The system cannot find the file specified.
Could not load file or assembly 'System.Runtime, Version=9.0.0.0, Culture=neutral, PublicKeyToken=b03f5f7f11d50a3a'. The system cannot find the file specified.
Could not load file or assembly 'System.Runtime, Version=9.0.0.0, Culture=neutral, PublicKeyToken=b03f5f7f11d50a3a'. The system cannot find the file specified.
Could not load file or assembly 'System.Runtime, Version=9.0.0.0, Culture=neutral, PublicKeyToken=b03f5f7f11d50a3a'. The system cannot find the file specified.
Could not load file or assembly 'System.Runtime, Version=9.0.0.0, Culture=neutral, PublicKeyToken=b03f5f7f11d50a3a'. The system cannot find the file specified.
  ----> System.Reflection.ReflectionTypeLoadException : Unable to load one or more of the requested types.
Could not load file or assembly 'System.Runtime, Version=9.0.0.0, Culture=neutral, PublicKeyToken=b03f5f7f11d50a3a'. The system cannot find the file specified.
Could not load file or assembly 'System.Runtime, Version=9.0.0.0, Culture=neutral, PublicKeyToken=b03f5f7f11d50a3a'. The system cannot find the file specified.
Could not load file or assembly 'System.Runtime, Version=9.0.0.0, Culture=neutral, PublicKeyToken=b03f5f7f11d50a3a'. The system cannot find the file specified.
Could not load file or assembly 'System.Runtime, Version=9.0.0.0, Culture=neutral, PublicKeyToken=b03f5f7f11d50a3a'. The system cannot find the file specified.
Could not load file or assembly 'System.Runtime, Version=9.0.0.0, Culture=neutral, PublicKeyToken=b03f5f7f11d50a3a'. The system cannot find the file specified.
Could not load file or assembly 'System.Runtime, Version=9.0.0.0, Culture=neutral, PublicKeyToken=b03f5f7f11d50a3a'. The system cannot find the file specified.
Could not load file or assembly 'System.Runtime, Version=9.0.0.0, Culture=neutral, PublicKeyToken=b03f5f7f11d50a3a'. The system cannot find the file specified.
Could not load file or assembly 'System.Runtime, Version=9.0.0.0, Culture=neutral, PublicKeyToken=b03f5f7f11d50a3a'. The system cannot find the file specified.
Could not load file or assembly 'System.Runtime, Version=9.0.0.0, Culture=neutral, PublicKeyToken=b03f5f7f11d50a3a'. The system cannot find the file specified.
Could not load file or assembly 'System.Runtime, Version=9.0.0.0, Culture=neutral, PublicKeyToken=b03f5f7f11d50a3a'. The system cannot find the file specified.
Could not load file or assembly 'System.Runtime, Version=9.0.0.0, Culture=neutral, PublicKeyToken=b03f5f7f11d50a3a'. The system cannot find the file specified.
Could not load file or assembly 'System.Runtime, Version=9.0.0.0, Culture=neutral, PublicKeyToken=b03f5f7f11d50a3a'. The system cannot find the file specified.
Could not load file or assembly 'System.Runtime, Version=9.0.0.0, Culture=neutral, PublicKeyToken=b03f5f7f11d50a3a'. The system cannot find the file specified.
Could not load file or assembly 'System.Runtime, Version=9.0.0.0, Culture=neutral, PublicKeyToken=b03f5f7f11d50a3a'. The system cannot find the file specified.
Could not load file or assembly 'System.Runtime, Version=9.0.0.0, Culture=neutral, PublicKeyToken=b03f5f7f11d50a3a'. The system cannot find the file specified.
Could not load file or assembly 'System.Runtime, Version=9.0.0.0, Culture=neutral, PublicKeyToken=b03f5f7f11d50a3a'. The system cannot find the file specified.
Could not load file or assembly 'System.Runtime, Version=9.0.0.0, Culture=neutral, PublicKeyToken=b03f5f7f11d50a3a'. The system cannot find the file specified.
Could not load file or assembly 'System.Runtime, Version=9.0.0.0, Culture=neutral, PublicKeyToken=b03f5f7f11d50a3a'. The system cannot find the file specified.
Could not load file or assembly 'System.Runtime, Version=9.0.0.0, Culture=neutral, PublicKeyToken=b03f5f7f11d50a3a'. The system cannot find the file specified.
Could not load file or assembly 'System.Runtime, Version=9.0.0.0, Culture=neutral, PublicKeyToken=b03f5f7f11d50a3a'. The system cannot find the file specified.
Could not load file or assembly 'System.Runtime, Version=9.0.0.0, Culture=neutral, PublicKeyToken=b03f5f7f11d50a3a'. The system cannot find the file specified.
Could not load file or assembly 'System.Runtime, Version=9.0.0.0, Culture=neutral, PublicKeyToken=b03f5f7f11d50a3a'. The system cannot find the file specified.
Could not load file or assembly 'System.Runtime, Version=9.0.0.0, Culture=neutral, PublicKeyToken=b03f5f7f11d50a3a'. The system cannot find the file specified.
Could not load file or assembly 'System.Runtime, Version=9.0.0.0, Culture=neutral, PublicKeyToken=b03f5f7f11d50a3a'. The system cannot find the file specified.
Could not load file or assembly 'System.Runtime, Version=9.0.0.0, Culture=neutral, PublicKeyToken=b03f5f7f11d50a3a'. The system cannot find the file specified.
Could not load file or assembly 'System.Runtime, Version=9.0.0.0, Culture=neutral, PublicKeyToken=b03f5f7f11d50a3a'. The system cannot find the file specified.
Could not load file or assembly 'System.Runtime, Version=9.0.0.0, Culture=neutral, PublicKeyToken=b03f5f7f11d50a3a'. The system cannot find the file specified.
Could not load file or assembly 'System.Runtime, Version=9.0.0.0, Culture=neutral, PublicKeyToken=b03f5f7f11d50a3a'. The system cannot find the file specified.
Could not load file or assembly 'System.Runtime, Version=9.0.0.0, Culture=neutral, PublicKeyToken=b03f5f7f11d50a3a'. The system cannot find the file specified.
Could not load file or assembly 'System.Runtime, Version=9.0.0.0, Culture=neutral, PublicKeyToken=b03f5f7f11d50a3a'. The system cannot find the file specified.
Could not load file or assembly 'System.Runtime, Version=9.0.0.0, Culture=neutral, PublicKeyToken=b03f5f7f11d50a3a'. The system cannot find the file specified.
Could not load file or assembly 'System.Runtime, Version=9.0.0.0, Culture=neutral, PublicKeyToken=b03f5f7f11d50a3a'. The system cannot find the file specified.
Could not load file or assembly 'System.Runtime, Version=9.0.0.0, Culture=neutral, PublicKeyToken=b03f5f7f11d50a3a'. The system cannot find the file specified.
Could not load file or assembly 'System.Runtime, Version=9.0.0.0, Culture=neutral, PublicKeyToken=b03f5f7f11d50a3a'. The system cannot find the file specified.
Could not load file or assembly 'System.Runtime, Version=9.0.0.0, Culture=neutral, PublicKeyToken=b03f5f7f11d50a3a'. The system cannot find the file specified.
Could not load file or assembly 'System.Runtime, Version=9.0.0.0, Culture=neutral, PublicKeyToken=b03f5f7f11d50a3a'. The system cannot find the file specified.
Could not load file or assembly 'System.Runtime, Version=9.0.0.0, Culture=neutral, PublicKeyToken=b03f5f7f11d50a3a'. The system cannot find the file specified.
Could not load file or assembly 'System.Runtime, Version=9.0.0.0, Culture=neutral, PublicKeyToken=b03f5f7f11d50a3a'. The system cannot find the file specified.
Could not load file or assembly 'System.Runtime, Version=9.0.0.0, Culture=neutral, PublicKeyToken=b03f5f7f11d50a3a'. The system cannot find the file specified.
Could not load file or assembly 'System.Runtime, Version=9.0.0.0, Culture=neutral, PublicKeyToken=b03f5f7f11d50a3a'. The system cannot find the file specified.
Could not load file or assembly 'System.Runtime, Version=9.0.0.0, Culture=neutral, PublicKeyToken=b03f5f7f11d50a3a'. The system cannot find the file specified.
Could not load file or assembly 'System.Runtime, Version=9.0.0.0, Culture=neutral, PublicKeyToken=b03f5f7f11d50a3a'. The system cannot find the file specified.
Could not load file or assembly 'System.Runtime, Version=9.0.0.0, Culture=neutral, PublicKeyToken=b03f5f7f11d50a3a'. The system cannot find the file specified.
Could not load file or assembly 'System.Runtime, Version=9.0.0.0, Culture=neutral, PublicKeyToken=b03f5f7f11d50a3a'. The system cannot find the file specified.
Could not load file or assembly 'System.Runtime, Version=9.0.0.0, Culture=neutral, PublicKeyToken=b03f5f7f11d50a3a'. The system cannot find the file specified.
Could not load file or assembly 'System.Runtime, Version=9.0.0.0, Culture=neutral, PublicKeyToken=b03f5f7f11d50a3a'. The system cannot find the file specified.
Could not load file or assembly 'System.Runtime, Version=9.0.0.0, Culture=neutral, PublicKeyToken=b03f5f7f11d50a3a'. The system cannot find the file specified.
Could not load file or assembly 'System.Runtime, Version=9.0.0.0, Culture=neutral, PublicKeyToken=b03f5f7f11d50a3a'. The system cannot find the file specified.
Could not load file or assembly 'System.Runtime, Version=9.0.0.0, Culture=neutral, PublicKeyToken=b03f5f7f11d50a3a'. The system cannot find the file specified.
Could not load file or assembly 'System.Runtime, Version=9.0.0.0, Culture=neutral, PublicKeyToken=b03f5f7f11d50a3a'. The system cannot find the file specified.
Could not load file or assembly 'System.Runtime, Version=9.0.0.0, Culture=neutral, PublicKeyToken=b03f5f7f11d50a3a'. The system cannot find the file specified.
Could not load file or assembly 'System.Runtime, Version=9.0.0.0, Culture=neutral, PublicKeyToken=b03f5f7f11d50a3a'. The system cannot find the file specified.
Could not load file or assembly 'System.Runtime, Version=9.0.0.0, Culture=neutral, PublicKeyToken=b03f5f7f11d50a3a'. The system cannot find the file specified.
Could not load file or assembly 'System.Runtime, Version=9.0.0.0, Culture=neutral, PublicKeyToken=b03f5f7f11d50a3a'. The system cannot find the file specified.
Could not load file or assembly 'System.Runtime, Version=9.0.0.0, Culture=neutral, PublicKeyToken=b03f5f7f11d50a3a'. The system cannot find the file specified.
Could not load file or assembly 'System.Runtime, Version=9.0.0.0, Culture=neutral, PublicKeyToken=b03f5f7f11d50a3a'. The system cannot find the file specified.
Could not load file or assembly 'System.Runtime, Version=9.0.0.0, Culture=neutral, PublicKeyToken=b03f5f7f11d50a3a'. The system cannot find the file specified.
Could not load file or assembly 'System.Runtime, Version=9.0.0.0, Culture=neutral, PublicKeyToken=b03f5f7f11d50a3a'. The system cannot find the file specified.
Could not load file or assembly 'System.Runtime, Version=9.0.0.0, Culture=neutral, PublicKeyToken=b03f5f7f11d50a3a'. The system cannot find the file specified.
Could not load file or assembly 'System.Runtime, Version=9.0.0.0, Culture=neutral, PublicKeyToken=b03f5f7f11d50a3a'. The system cannot find the file specified.
Could not load file or assembly 'System.Runtime, Version=9.0.0.0, Culture=neutral, PublicKeyToken=b03f5f7f11d50a3a'. The system cannot find the file specified.
Could not load file or assembly 'System.Runtime, Version=9.0.0.0, Culture=neutral, PublicKeyToken=b03f5f7f11d50a3a'. The system cannot find the file specified.
Could not load file or assembly 'System.Runtime, Version=9.0.0.0, Culture=neutral, PublicKeyToken=b03f5f7f11d50a3a'. The system cannot find the file specified.
Could not load file or assembly 'System.Runtime, Version=9.0.0.0, Culture=neutral, PublicKeyToken=b03f5f7f11d50a3a'. The system cannot find the file specified.
Could not load file or assembly 'System.Runtime, Version=9.0.0.0, Culture=neutral, PublicKeyToken=b03f5f7f11d50a3a'. The system cannot find the file specified.
Could not load file or assembly 'System.Runtime, Version=9.0.0.0, Culture=neutral, PublicKeyToken=b03f5f7f11d50a3a'. The system cannot find the file specified.
Could not load file or assembly 'System.Runtime, Version=9.0.0.0, Culture=neutral, PublicKeyToken=b03f5f7f11d50a3a'. The system cannot find the file specified.
Could not load file or assembly 'System.Runtime, Version=9.0.0.0, Culture=neutral, PublicKeyToken=b03f5f7f11d50a3a'. The system cannot find the file specified.
Could not load file or assembly 'System.Runtime, Version=9.0.0.0, Culture=neutral, PublicKeyToken=b03f5f7f11d50a3a'. The system cannot find the file specified.
Could not load file or assembly 'System.Runtime, Version=9.0.0.0, Culture=neutral, PublicKeyToken=b03f5f7f11d50a3a'. The system cannot find the file specified.
Could not load file or assembly 'System.Runtime, Version=9.0.0.0, Culture=neutral, PublicKeyToken=b03f5f7f11d50a3a'. The system cannot find the file specified.
Could not load file or assembly 'System.Runtime, Version=9.0.0.0, Culture=neutral, PublicKeyToken=b03f5f7f11d50a3a'. The system cannot find the file specified.
Could not load file or assembly 'System.Runtime, Version=9.0.0.0, Culture=neutral, PublicKeyToken=b03f5f7f11d50a3a'. The system cannot find the file specified.
Could not load file or assembly 'System.Runtime, Version=9.0.0.0, Culture=neutral, PublicKeyToken=b03f5f7f11d50a3a'. The system cannot find the file specified.
Could not load file or assembly 'System.Runtime, Version=9.0.0.0, Culture=neutral, PublicKeyToken=b03f5f7f11d50a3a'. The system cannot find the file specified.
Could not load file or assembly 'System.Runtime, Version=9.0.0.0, Culture=neutral, PublicKeyToken=b03f5f7f11d50a3a'. The system cannot find the file specified.
Could not load file or assembly 'System.Runtime, Version=9.0.0.0, Culture=neutral, PublicKeyToken=b03f5f7f11d50a3a'. The system cannot find the file specified.
  ----> System.Reflection.ReflectionTypeLoadException : Unable to load one or more of the requested types.
Could not load file or assembly 'System.Runtime, Version=9.0.0.0, Culture=neutral, PublicKeyToken=b03f5f7f11d50a3a'. The system cannot find the file specified.
Could not load file or assembly 'System.Runtime, Version=9.0.0.0, Culture=neutral, PublicKeyToken=b03f5f7f11d50a3a'. The system cannot find the file specified.
Could not load file or assembly 'System.Runtime, Version=9.0.0.0, Culture=neutral, PublicKeyToken=b03f5f7f11d50a3a'. The system cannot find the file specified.
Could not load file or assembly 'System.Runtime, Version=9.0.0.0, Culture=neutral, PublicKeyToken=b03f5f7f11d50a3a'. The system cannot find the file specified.
Could not load file or assembly 'System.Runtime, Version=9.0.0.0, Culture=neutral, PublicKeyToken=b03f5f7f11d50a3a'. The system cannot find the file specified.
Could not load file or assembly 'System.Runtime, Version=9.0.0.0, Culture=neutral, PublicKeyToken=b03f5f7f11d50a3a'. The system cannot find the file specified.
Could not load file or assembly 'System.Runtime, Version=9.0.0.0, Culture=neutral, PublicKeyToken=b03f5f7f11d50a3a'. The system cannot find the file specified.
Could not load file or assembly 'System.Runtime, Version=9.0.0.0, Culture=neutral, PublicKeyToken=b03f5f7f11d50a3a'. The system cannot find the file specified.
Could not load file or assembly 'System.Runtime, Version=9.0.0.0, Culture=neutral, PublicKeyToken=b03f5f7f11d50a3a'. The system cannot find the file specified.
Could not load file or assembly 'System.Runtime, Version=9.0.0.0, Culture=neutral, PublicKeyToken=b03f5f7f11d50a3a'. The system cannot find the file specified.
Could not load file or assembly 'System.Runtime, Version=9.0.0.0, Culture=neutral, PublicKeyToken=b03f5f7f11d50a3a'. The system cannot find the file specified.
Could not load file or assembly 'System.Runtime, Version=9.0.0.0, Culture=neutral, PublicKeyToken=b03f5f7f11d50a3a'. The system cannot find the file specified.
Could not load file or assembly 'System.Runtime, Version=9.0.0.0, Culture=neutral, PublicKeyToken=b03f5f7f11d50a3a'. The system cannot find the file specified.
Could not load file or assembly 'System.Runtime, Version=9.0.0.0, Culture=neutral, PublicKeyToken=b03f5f7f11d50a3a'. The system cannot find the file specified.
Could not load file or assembly 'System.Runtime, Version=9.0.0.0, Culture=neutral, PublicKeyToken=b03f5f7f11d50a3a'. The system cannot find the file specified.
Could not load file or assembly 'System.Runtime, Version=9.0.0.0, Culture=neutral, PublicKeyToken=b03f5f7f11d50a3a'. The system cannot find the file specified.
Could not load file or assembly 'System.Runtime, Version=9.0.0.0, Culture=neutral, PublicKeyToken=b03f5f7f11d50a3a'. The system cannot find the file specified.
Could not load file or assembly 'System.Runtime, Version=9.0.0.0, Culture=neutral, PublicKeyToken=b03f5f7f11d50a3a'. The system cannot find the file specified.
Could not load file or assembly 'System.Runtime, Version=9.0.0.0, Culture=neutral, PublicKeyToken=b03f5f7f11d50a3a'. The system cannot find the file specified.
Could not load file or assembly 'System.Runtime, Version=9.0.0.0, Culture=neutral, PublicKeyToken=b03f5f7f11d50a3a'. The system cannot find the file specified.
Could not load file or assembly 'System.Runtime, Version=9.0.0.0, Culture=neutral, PublicKeyToken=b03f5f7f11d50a3a'. The system cannot find the file specified.
Could not load file or assembly 'System.Runtime, Version=9.0.0.0, Culture=neutral, PublicKeyToken=b03f5f7f11d50a3a'. The system cannot find the file specified.
Could not load file or assembly 'System.Runtime, Version=9.0.0.0, Culture=neutral, PublicKeyToken=b03f5f7f11d50a3a'. The system cannot find the file specified.
Could not load file or assembly 'System.Runtime, Version=9.0.0.0, Culture=neutral, PublicKeyToken=b03f5f7f11d50a3a'. The system cannot find the file specified.
Could not load file or assembly 'System.Runtime, Version=9.0.0.0, Culture=neutral, PublicKeyToken=b03f5f7f11d50a3a'. The system cannot find the file specified.
Could not load file or assembly 'System.Runtime, Version=9.0.0.0, Culture=neutral, PublicKeyToken=b03f5f7f11d50a3a'. The system cannot find the file specified.
Could not load file or assembly 'System.Runtime, Version=9.0.0.0, Culture=neutral, PublicKeyToken=b03f5f7f11d50a3a'. The system cannot find the file specified.
Could not load file or assembly 'System.Runtime, Version=9.0.0.0, Culture=neutral, PublicKeyToken=b03f5f7f11d50a3a'. The system cannot find the file specified.
Could not load file or assembly 'System.Runtime, Version=9.0.0.0, Culture=neutral, PublicKeyToken=b03f5f7f11d50a3a'. The system cannot find the file specified.
Could not load file or assembly 'System.Runtime, Version=9.0.0.0, Culture=neutral, PublicKeyToken=b03f5f7f11d50a3a'. The system cannot find the file specified.
Could not load file or assembly 'System.Runtime, Version=9.0.0.0, Culture=neutral, PublicKeyToken=b03f5f7f11d50a3a'. The system cannot find the file specified.
Could not load file or assembly 'System.Runtime, Version=9.0.0.0, Culture=neutral, PublicKeyToken=b03f5f7f11d50a3a'. The system cannot find the file specified.
Could not load file or assembly 'System.Runtime, Version=9.0.0.0, Culture=neutral, PublicKeyToken=b03f5f7f11d50a3a'. The system cannot find the file specified.
Could not load file or assembly 'System.Runtime, Version=9.0.0.0, Culture=neutral, PublicKeyToken=b03f5f7f11d50a3a'. The system cannot find the file specified.
Could not load file or assembly 'System.Runtime, Version=9.0.0.0, Culture=neutral, PublicKeyToken=b03f5f7f11d50a3a'. The system cannot find the file specified.
Could not load file or assembly 'System.Runtime, Version=9.0.0.0, Culture=neutral, PublicKeyToken=b03f5f7f11d50a3a'. The system cannot find the file specified.
Could not load file or assembly 'System.Runtime, Version=9.0.0.0, Culture=neutral, PublicKeyToken=b03f5f7f11d50a3a'. The system cannot find the file specified.
Could not load file or assembly 'System.Runtime, Version=9.0.0.0, Culture=neutral, PublicKeyToken=b03f5f7f11d50a3a'. The system cannot find the file specified.
Could not load file or assembly 'System.Runtime, Version=9.0.0.0, Culture=neutral, PublicKeyToken=b03f5f7f11d50a3a'. The system cannot find the file specified.
Could not load file or assembly 'System.Runtime, Version=9.0.0.0, Culture=neutral, PublicKeyToken=b03f5f7f11d50a3a'. The system cannot find the file specified.
Could not load file or assembly 'System.Runtime, Version=9.0.0.0, Culture=neutral, PublicKeyToken=b03f5f7f11d50a3a'. The system cannot find the file specified.
Could not load file or assembly 'System.Runtime, Version=9.0.0.0, Culture=neutral, PublicKeyToken=b03f5f7f11d50a3a'. The system cannot find the file specified.
Could not load file or assembly 'System.Runtime, Version=9.0.0.0, Culture=neutral, PublicKeyToken=b03f5f7f11d50a3a'. The system cannot find the file specified.
Could not load file or assembly 'System.Runtime, Version=9.0.0.0, Culture=neutral, PublicKeyToken=b03f5f7f11d50a3a'. The system cannot find the file specified.
Could not load file or assembly 'System.Runtime, Version=9.0.0.0, Culture=neutral, PublicKeyToken=b03f5f7f11d50a3a'. The system cannot find the file specified.
Could not load file or assembly 'System.Runtime, Version=9.0.0.0, Culture=neutral, PublicKeyToken=b03f5f7f11d50a3a'. The system cannot find the file specified.
Could not load file or assembly 'System.Runtime, Version=9.0.0.0, Culture=neutral, PublicKeyToken=b03f5f7f11d50a3a'. The system cannot find the file specified.
Could not load file or assembly 'System.Runtime, Version=9.0.0.0, Culture=neutral, PublicKeyToken=b03f5f7f11d50a3a'. The system cannot find the file specified.
Could not load file or assembly 'System.Runtime, Version=9.0.0.0, Culture=neutral, PublicKeyToken=b03f5f7f11d50a3a'. The system cannot find the file specified.
Could not load file or assembly 'System.Runtime, Version=9.0.0.0, Culture=neutral, PublicKeyToken=b03f5f7f11d50a3a'. The system cannot find the file specified.
Could not load file or assembly 'System.Runtime, Version=9.0.0.0, Culture=neutral, PublicKeyToken=b03f5f7f11d50a3a'. The system cannot find the file specified.
Could not load file or assembly 'System.Runtime, Version=9.0.0.0, Culture=neutral, PublicKeyToken=b03f5f7f11d50a3a'. The system cannot find the file specified.
Could not load file or assembly 'System.Runtime, Version=9.0.0.0, Culture=neutral, PublicKeyToken=b03f5f7f11d50a3a'. The system cannot find the file specified.
Could not load file or assembly 'System.Runtime, Version=9.0.0.0, Culture=neutral, PublicKeyToken=b03f5f7f11d50a3a'. The system cannot find the file specified.
Could not load file or assembly 'System.Runtime, Version=9.0.0.0, Culture=neutral, PublicKeyToken=b03f5f7f11d50a3a'. The system cannot find the file specified.
Could not load file or assembly 'System.Runtime, Version=9.0.0.0, Culture=neutral, PublicKeyToken=b03f5f7f11d50a3a'. The system cannot find the file specified.
Could not load file or assembly 'System.Runtime, Version=9.0.0.0, Culture=neutral, PublicKeyToken=b03f5f7f11d50a3a'. The system cannot find the file specified.
Could not load file or assembly 'System.Runtime, Version=9.0.0.0, Culture=neutral, PublicKeyToken=b03f5f7f11d50a3a'. The system cannot find the file specified.
Could not load file or assembly 'System.Runtime, Version=9.0.0.0, Culture=neutral, PublicKeyToken=b03f5f7f11d50a3a'. The system cannot find the file specified.
Could not load file or assembly 'System.Runtime, Version=9.0.0.0, Culture=neutral, PublicKeyToken=b03f5f7f11d50a3a'. The system cannot find the file specified.
Could not load file or assembly 'System.Runtime, Version=9.0.0.0, Culture=neutral, PublicKeyToken=b03f5f7f11d50a3a'. The system cannot find the file specified.
Could not load file or assembly 'System.Runtime, Version=9.0.0.0, Culture=neutral, PublicKeyToken=b03f5f7f11d50a3a'. The system cannot find the file specified.
Could not load file or assembly 'System.Runtime, Version=9.0.0.0, Culture=neutral, PublicKeyToken=b03f5f7f11d50a3a'. The system cannot find the file specified.
Could not load file or assembly 'System.Runtime, Version=9.0.0.0, Culture=neutral, PublicKeyToken=b03f5f7f11d50a3a'. The system cannot find the file specified.
Could not load file or assembly 'System.Runtime, Version=9.0.0.0, Culture=neutral, PublicKeyToken=b03f5f7f11d50a3a'. The system cannot find the file specified.
Could not load file or assembly 'System.Runtime, Version=9.0.0.0, Culture=neutral, PublicKeyToken=b03f5f7f11d50a3a'. The system cannot find the file specified.
Could not load file or assembly 'System.Runtime, Version=9.0.0.0, Culture=neutral, PublicKeyToken=b03f5f7f11d50a3a'. The system cannot find the file specified.
Could not load file or assembly 'System.Runtime, Version=9.0.0.0, Culture=neutral, PublicKeyToken=b03f5f7f11d50a3a'. The system cannot find the file specified.
Could not load file or assembly 'System.Runtime, Version=9.0.0.0, Culture=neutral, PublicKeyToken=b03f5f7f11d50a3a'. The system cannot find the file specified.
Could not load file or assembly 'System.Runtime, Version=9.0.0.0, Culture=neutral, PublicKeyToken=b03f5f7f11d50a3a'. The system cannot find the file specified.
Could not load file or assembly 'System.Runtime, Version=9.0.0.0, Culture=neutral, PublicKeyToken=b03f5f7f11d50a3a'. The system cannot find the file specified.
Could not load file or assembly 'System.Runtime, Version=9.0.0.0, Culture=neutral, PublicKeyToken=b03f5f7f11d50a3a'. The system cannot find the file specified.
Could not load file or assembly 'System.Runtime, Version=9.0.0.0, Culture=neutral, PublicKeyToken=b03f5f7f11d50a3a'. The system cannot find the file specified.
Could not load file or assembly 'System.Runtime, Version=9.0.0.0, Culture=neutral, PublicKeyToken=b03f5f7f11d50a3a'. The system cannot find the file specified.
Could not load file or assembly 'System.Runtime, Version=9.0.0.0, Culture=neutral, PublicKeyToken=b03f5f7f11d50a3a'. The system cannot find the file specified.
Could not load file or assembly 'System.Runtime, Version=9.0.0.0, Culture=neutral, PublicKeyToken=b03f5f7f11d50a3a'. The system cannot find the file specified.
Could not load file or assembly 'System.Runtime, Version=9.0.0.0, Culture=neutral, PublicKeyToken=b03f5f7f11d50a3a'. The system cannot find the file specified.
  ----> System.Reflection.ReflectionTypeLoadException : Unable to load one or more of the requested types.
Could not load file or assembly 'System.Runtime, Version=9.0.0.0, Culture=neutral, PublicKeyToken=b03f5f7f11d50a3a'. The system cannot find the file specified.
Could not load file or assembly 'System.Runtime, Version=9.0.0.0, Culture=neutral, PublicKeyToken=b03f5f7f11d50a3a'. The system cannot find the file specified.
Could not load file or assembly 'System.Runtime, Version=9.0.0.0, Culture=neutral, PublicKeyToken=b03f5f7f11d50a3a'. The system cannot find the file specified.
Could not load file or assembly 'System.Runtime, Version=9.0.0.0, Culture=neutral, PublicKeyToken=b03f5f7f11d50a3a'. The system cannot find the file specified.
Could not load file or assembly 'System.Runtime, Version=9.0.0.0, Culture=neutral, PublicKeyToken=b03f5f7f11d50a3a'. The system cannot find the file specified.
Could not load file or assembly 'System.Runtime, Version=9.0.0.0, Culture=neutral, PublicKeyToken=b03f5f7f11d50a3a'. The system cannot find the file specified.
Could not load file or assembly 'System.Runtime, Version=9.0.0.0, Culture=neutral, PublicKeyToken=b03f5f7f11d50a3a'. The system cannot find the file specified.
Could not load file or assembly 'System.Runtime, Version=9.0.0.0, Culture=neutral, PublicKeyToken=b03f5f7f11d50a3a'. The system cannot find the file specified.
Could not load file or assembly 'System.Runtime, Version=9.0.0.0, Culture=neutral, PublicKeyToken=b03f5f7f11d50a3a'. The system cannot find the file specified.
Could not load file or assembly 'System.Runtime, Version=9.0.0.0, Culture=neutral, PublicKeyToken=b03f5f7f11d50a3a'. The system cannot find the file specified.
Could not load file or assembly 'System.Runtime, Version=9.0.0.0, Culture=neutral, PublicKeyToken=b03f5f7f11d50a3a'. The system cannot find the file specified.
Could not load file or assembly 'System.Runtime, Version=9.0.0.0, Culture=neutral, PublicKeyToken=b03f5f7f11d50a3a'. The system cannot find the file specified.
Could not load file or assembly 'System.Runtime, Version=9.0.0.0, Culture=neutral, PublicKeyToken=b03f5f7f11d50a3a'. The system cannot find the file specified.
Could not load file or assembly 'System.Runtime, Version=9.0.0.0, Culture=neutral, PublicKeyToken=b03f5f7f11d50a3a'. The system cannot find the file specified.
Could not load file or assembly 'System.Runtime, Version=9.0.0.0, Culture=neutral, PublicKeyToken=b03f5f7f11d50a3a'. The system cannot find the file specified.
Could not load file or assembly 'System.Runtime, Version=9.0.0.0, Culture=neutral, PublicKeyToken=b03f5f7f11d50a3a'. The system cannot find the file specified.
Could not load file or assembly 'System.Runtime, Version=9.0.0.0, Culture=neutral, PublicKeyToken=b03f5f7f11d50a3a'. The system cannot find the file specified.
Could not load file or assembly 'System.Runtime, Version=9.0.0.0, Culture=neutral, PublicKeyToken=b03f5f7f11d50a3a'. The system cannot find the file specified.
Could not load file or assembly 'System.Runtime, Version=9.0.0.0, Culture=neutral, PublicKeyToken=b03f5f7f11d50a3a'. The system cannot find the file specified.
Could not load file or assembly 'System.Runtime, Version=9.0.0.0, Culture=neutral, PublicKeyToken=b03f5f7f11d50a3a'. The system cannot find the file specified.
Could not load file or assembly 'System.Runtime, Version=9.0.0.0, Culture=neutral, PublicKeyToken=b03f5f7f11d50a3a'. The system cannot find the file specified.
Could not load file or assembly 'System.Runtime, Version=9.0.0.0, Culture=neutral, PublicKeyToken=b03f5f7f11d50a3a'. The system cannot find the file specified.
Could not load file or assembly 'System.Runtime, Version=9.0.0.0, Culture=neutral, PublicKeyToken=b03f5f7f11d50a3a'. The system cannot find the file specified.
Could not load file or assembly 'System.Runtime, Version=9.0.0.0, Culture=neutral, PublicKeyToken=b03f5f7f11d50a3a'. The system cannot find the file specified.
Could not load file or assembly 'System.Runtime, Version=9.0.0.0, Culture=neutral, PublicKeyToken=b03f5f7f11d50a3a'. The system cannot find the file specified.
Could not load file or assembly 'System.Runtime, Version=9.0.0.0, Culture=neutral, PublicKeyToken=b03f5f7f11d50a3a'. The system cannot find the file specified.
Could not load file or assembly 'System.Runtime, Version=9.0.0.0, Culture=neutral, PublicKeyToken=b03f5f7f11d50a3a'. The system cannot find the file specified.
Could not load file or assembly 'System.Runtime, Version=9.0.0.0, Culture=neutral, PublicKeyToken=b03f5f7f11d50a3a'. The system cannot find the file specified.
Could not load file or assembly 'System.Runtime, Version=9.0.0.0, Culture=neutral, PublicKeyToken=b03f5f7f11d50a3a'. The system cannot find the file specified.
Could not load file or assembly 'System.Runtime, Version=9.0.0.0, Culture=neutral, PublicKeyToken=b03f5f7f11d50a3a'. The system cannot find the file specified.
Could not load file or assembly 'System.Runtime, Version=9.0.0.0, Culture=neutral, PublicKeyToken=b03f5f7f11d50a3a'. The system cannot find the file specified.
Could not load file or assembly 'System.Runtime, Version=9.0.0.0, Culture=neutral, PublicKeyToken=b03f5f7f11d50a3a'. The system cannot find the file specified.
Could not load file or assembly 'System.Runtime, Version=9.0.0.0, Culture=neutral, PublicKeyToken=b03f5f7f11d50a3a'. The system cannot find the file specified.
Could not load file or assembly 'System.Runtime, Version=9.0.0.0, Culture=neutral, PublicKeyToken=b03f5f7f11d50a3a'. The system cannot find the file specified.
Could not load file or assembly 'System.Runtime, Version=9.0.0.0, Culture=neutral, PublicKeyToken=b03f5f7f11d50a3a'. The system cannot find the file specified.
Could not load file or assembly 'System.Runtime, Version=9.0.0.0, Culture=neutral, PublicKeyToken=b03f5f7f11d50a3a'. The system cannot find the file specified.
Could not load file or assembly 'System.Runtime, Version=9.0.0.0, Culture=neutral, PublicKeyToken=b03f5f7f11d50a3a'. The system cannot find the file specified.
Could not load file or assembly 'System.Runtime, Version=9.0.0.0, Culture=neutral, PublicKeyToken=b03f5f7f11d50a3a'. The system cannot find the file specified.
Could not load file or assembly 'System.Runtime, Version=9.0.0.0, Culture=neutral, PublicKeyToken=b03f5f7f11d50a3a'. The system cannot find the file specified.
Could not load file or assembly 'System.Runtime, Version=9.0.0.0, Culture=neutral, PublicKeyToken=b03f5f7f11d50a3a'. The system cannot find the file specified.
Could not load file or assembly 'System.Runtime, Version=9.0.0.0, Culture=neutral, PublicKeyToken=b03f5f7f11d50a3a'. The system cannot find the file specified.
Could not load file or assembly 'System.Runtime, Version=9.0.0.0, Culture=neutral, PublicKeyToken=b03f5f7f11d50a3a'. The system cannot find the file specified.
Could not load file or assembly 'System.Runtime, Version=9.0.0.0, Culture=neutral, PublicKeyToken=b03f5f7f11d50a3a'. The system cannot find the file specified.
Could not load file or assembly 'System.Runtime, Version=9.0.0.0, Culture=neutral, PublicKeyToken=b03f5f7f11d50a3a'. The system cannot find the file specified.
Could not load file or assembly 'System.Runtime, Version=9.0.0.0, Culture=neutral, PublicKeyToken=b03f5f7f11d50a3a'. The system cannot find the file specified.
Could not load file or assembly 'System.Runtime, Version=9.0.0.0, Culture=neutral, PublicKeyToken=b03f5f7f11d50a3a'. The system cannot find the file specified.
Could not load file or assembly 'System.Runtime, Version=9.0.0.0, Culture=neutral, PublicKeyToken=b03f5f7f11d50a3a'. The system cannot find the file specified.
Could not load file or assembly 'System.Runtime, Version=9.0.0.0, Culture=neutral, PublicKeyToken=b03f5f7f11d50a3a'. The system cannot find the file specified.
Could not load file or assembly 'System.Runtime, Version=9.0.0.0, Culture=neutral, PublicKeyToken=b03f5f7f11d50a3a'. The system cannot find the file specified.
Could not load file or assembly 'System.Runtime, Version=9.0.0.0, Culture=neutral, PublicKeyToken=b03f5f7f11d50a3a'. The system cannot find the file specified.
Could not load file or assembly 'System.Runtime, Version=9.0.0.0, Culture=neutral, PublicKeyToken=b03f5f7f11d50a3a'. The system cannot find the file specified.
Could not load file or assembly 'System.Runtime, Version=9.0.0.0, Culture=neutral, PublicKeyToken=b03f5f7f11d50a3a'. The system cannot find the file specified.
Could not load file or assembly 'System.Runtime, Version=9.0.0.0, Culture=neutral, PublicKeyToken=b03f5f7f11d50a3a'. The system cannot find the file specified.
Could not load file or assembly 'System.Runtime, Version=9.0.0.0, Culture=neutral, PublicKeyToken=b03f5f7f11d50a3a'. The system cannot find the file specified.
Could not load file or assembly 'System.Runtime, Version=9.0.0.0, Culture=neutral, PublicKeyToken=b03f5f7f11d50a3a'. The system cannot find the file specified.
Could not load file or assembly 'System.Runtime, Version=9.0.0.0, Culture=neutral, PublicKeyToken=b03f5f7f11d50a3a'. The system cannot find the file specified.
Could not load file or assembly 'System.Runtime, Version=9.0.0.0, Culture=neutral, PublicKeyToken=b03f5f7f11d50a3a'. The system cannot find the file specified.
Could not load file or assembly 'System.Runtime, Version=9.0.0.0, Culture=neutral, PublicKeyToken=b03f5f7f11d50a3a'. The system cannot find the file specified.
Could not load file or assembly 'System.Runtime, Version=9.0.0.0, Culture=neutral, PublicKeyToken=b03f5f7f11d50a3a'. The system cannot find the file specified.
Could not load file or assembly 'System.Runtime, Version=9.0.0.0, Culture=neutral, PublicKeyToken=b03f5f7f11d50a3a'. The system cannot find the file specified.
Could not load file or assembly 'System.Runtime, Version=9.0.0.0, Culture=neutral, PublicKeyToken=b03f5f7f11d50a3a'. The system cannot find the file specified.
Could not load file or assembly 'System.Runtime, Version=9.0.0.0, Culture=neutral, PublicKeyToken=b03f5f7f11d50a3a'. The system cannot find the file specified.
Could not load file or assembly 'System.Runtime, Version=9.0.0.0, Culture=neutral, PublicKeyToken=b03f5f7f11d50a3a'. The system cannot find the file specified.
Could not load file or assembly 'System.Runtime, Version=9.0.0.0, Culture=neutral, PublicKeyToken=b03f5f7f11d50a3a'. The system cannot find the file specified.
Could not load file or assembly 'System.Runtime, Version=9.0.0.0, Culture=neutral, PublicKeyToken=b03f5f7f11d50a3a'. The system cannot find the file specified.
Could not load file or assembly 'System.Runtime, Version=9.0.0.0, Culture=neutral, PublicKeyToken=b03f5f7f11d50a3a'. The system cannot find the file specified.
Could not load file or assembly 'System.Runtime, Version=9.0.0.0, Culture=neutral, PublicKeyToken=b03f5f7f11d50a3a'. The system cannot find the file specified.
Could not load file or assembly 'System.Runtime, Version=9.0.0.0, Culture=neutral, PublicKeyToken=b03f5f7f11d50a3a'. The system cannot find the file specified.
Could not load file or assembly 'System.Runtime, Version=9.0.0.0, Culture=neutral, PublicKeyToken=b03f5f7f11d50a3a'. The system cannot find the file specified.
Could not load file or assembly 'System.Runtime, Version=9.0.0.0, Culture=neutral, PublicKeyToken=b03f5f7f11d50a3a'. The system cannot find the file specified.
Could not load file or assembly 'System.Runtime, Version=9.0.0.0, Culture=neutral, PublicKeyToken=b03f5f7f11d50a3a'. The system cannot find the file specified.
Could not load file or assembly 'System.Runtime, Version=9.0.0.0, Culture=neutral, PublicKeyToken=b03f5f7f11d50a3a'. The system cannot find the file specified.
Could not load file or assembly 'System.Runtime, Version=9.0.0.0, Culture=neutral, PublicKeyToken=b03f5f7f11d50a3a'. The system cannot find the file specified.
Could not load file or assembly 'System.Runtime, Version=9.0.0.0, Culture=neutral, PublicKeyToken=b03f5f7f11d50a3a'. The system cannot find the file specified.
Could not load file or assembly 'System.Runtime, Version=9.0.0.0, Culture=neutral, PublicKeyToken=b03f5f7f11d50a3a'. The system cannot find the file specified.
Could not load file or assembly 'System.Runtime, Version=9.0.0.0, Culture=neutral, PublicKeyToken=b03f5f7f11d50a3a'. The system cannot find the file specified.
Could not load file or assembly 'System.Runtime, Version=9.0.0.0, Culture=neutral, PublicKeyToken=b03f5f7f11d50a3a'. The system cannot find the file specified.
  ----> System.Reflection.ReflectionTypeLoadException : Unable to load one or more of the requested types.
Could not load file or assembly 'System.Runtime, Version=9.0.0.0, Culture=neutral, PublicKeyToken=b03f5f7f11d50a3a'. The system cannot find the file specified.
Could not load file or assembly 'System.Runtime, Version=9.0.0.0, Culture=neutral, PublicKeyToken=b03f5f7f11d50a3a'. The system cannot find the file specified.
Could not load file or assembly 'System.Runtime, Version=9.0.0.0, Culture=neutral, PublicKeyToken=b03f5f7f11d50a3a'. The system cannot find the file specified.
Could not load file or assembly 'System.Runtime, Version=9.0.0.0, Culture=neutral, PublicKeyToken=b03f5f7f11d50a3a'. The system cannot find the file specified.
Could not load file or assembly 'System.Runtime, Version=9.0.0.0, Culture=neutral, PublicKeyToken=b03f5f7f11d50a3a'. The system cannot find the file specified.
Could not load file or assembly 'System.Runtime, Version=9.0.0.0, Culture=neutral, PublicKeyToken=b03f5f7f11d50a3a'. The system cannot find the file specified.
Could not load file or assembly 'System.Runtime, Version=9.0.0.0, Culture=neutral, PublicKeyToken=b03f5f7f11d50a3a'. The system cannot find the file specified.
Could not load file or assembly 'System.Runtime, Version=9.0.0.0, Culture=neutral, PublicKeyToken=b03f5f7f11d50a3a'. The system cannot find the file specified.
Could not load file or assembly 'System.Runtime, Version=9.0.0.0, Culture=neutral, PublicKeyToken=b03f5f7f11d50a3a'. The system cannot find the file specified.
Could not load file or assembly 'System.Runtime, Version=9.0.0.0, Culture=neutral, PublicKeyToken=b03f5f7f11d50a3a'. The system cannot find the file specified.
Could not load file or assembly 'System.Runtime, Version=9.0.0.0, Culture=neutral, PublicKeyToken=b03f5f7f11d50a3a'. The system cannot find the file specified.
Could not load file or assembly 'System.Runtime, Version=9.0.0.0, Culture=neutral, PublicKeyToken=b03f5f7f11d50a3a'. The system cannot find the file specified.
Could not load file or assembly 'System.Runtime, Version=9.0.0.0, Culture=neutral, PublicKeyToken=b03f5f7f11d50a3a'. The system cannot find the file specified.
Could not load file or assembly 'System.Runtime, Version=9.0.0.0, Culture=neutral, PublicKeyToken=b03f5f7f11d50a3a'. The system cannot find the file specified.
Could not load file or assembly 'System.Runtime, Version=9.0.0.0, Culture=neutral, PublicKeyToken=b03f5f7f11d50a3a'. The system cannot find the file specified.
Could not load file or assembly 'System.Runtime, Version=9.0.0.0, Culture=neutral, PublicKeyToken=b03f5f7f11d50a3a'. The system cannot find the file specified.
Could not load file or assembly 'System.Runtime, Version=9.0.0.0, Culture=neutral, PublicKeyToken=b03f5f7f11d50a3a'. The system cannot find the file specified.
Could not load file or assembly 'System.Runtime, Version=9.0.0.0, Culture=neutral, PublicKeyToken=b03f5f7f11d50a3a'. The system cannot find the file specified.
Could not load file or assembly 'System.Runtime, Version=9.0.0.0, Culture=neutral, PublicKeyToken=b03f5f7f11d50a3a'. The system cannot find the file specified.
Could not load file or assembly 'System.Runtime, Version=9.0.0.0, Culture=neutral, PublicKeyToken=b03f5f7f11d50a3a'. The system cannot find the file specified.
Could not load file or assembly 'System.Runtime, Version=9.0.0.0, Culture=neutral, PublicKeyToken=b03f5f7f11d50a3a'. The system cannot find the file specified.
Could not load file or assembly 'System.Runtime, Version=9.0.0.0, Culture=neutral, PublicKeyToken=b03f5f7f11d50a3a'. The system cannot find the file specified.
Could not load file or assembly 'System.Runtime, Version=9.0.0.0, Culture=neutral, PublicKeyToken=b03f5f7f11d50a3a'. The system cannot find the file specified.
Could not load file or assembly 'System.Runtime, Version=9.0.0.0, Culture=neutral, PublicKeyToken=b03f5f7f11d50a3a'. The system cannot find the file specified.
Could not load file or assembly 'System.Runtime, Version=9.0.0.0, Culture=neutral, PublicKeyToken=b03f5f7f11d50a3a'. The system cannot find the file specified.
Could not load file or assembly 'System.Runtime, Version=9.0.0.0, Culture=neutral, PublicKeyToken=b03f5f7f11d50a3a'. The system cannot find the file specified.
Could not load file or assembly 'System.Runtime, Version=9.0.0.0, Culture=neutral, PublicKeyToken=b03f5f7f11d50a3a'. The system cannot find the file specified.
Could not load file or assembly 'System.Runtime, Version=9.0.0.0, Culture=neutral, PublicKeyToken=b03f5f7f11d50a3a'. The system cannot find the file specified.
Could not load file or assembly 'System.Runtime, Version=9.0.0.0, Culture=neutral, PublicKeyToken=b03f5f7f11d50a3a'. The system cannot find the file specified.
Could not load file or assembly 'System.Runtime, Version=9.0.0.0, Culture=neutral, PublicKeyToken=b03f5f7f11d50a3a'. The system cannot find the file specified.
Could not load file or assembly 'System.Runtime, Version=9.0.0.0, Culture=neutral, PublicKeyToken=b03f5f7f11d50a3a'. The system cannot find the file specified.
Could not load file or assembly 'System.Runtime, Version=9.0.0.0, Culture=neutral, PublicKeyToken=b03f5f7f11d50a3a'. The system cannot find the file specified.
Could not load file or assembly 'System.Runtime, Version=9.0.0.0, Culture=neutral, PublicKeyToken=b03f5f7f11d50a3a'. The system cannot find the file specified.
Could not load file or assembly 'System.Runtime, Version=9.0.0.0, Culture=neutral, PublicKeyToken=b03f5f7f11d50a3a'. The system cannot find the file specified.
Could not load file or assembly 'System.Runtime, Version=9.0.0.0, Culture=neutral, PublicKeyToken=b03f5f7f11d50a3a'. The system cannot find the file specified.
Could not load file or assembly 'System.Runtime, Version=9.0.0.0, Culture=neutral, PublicKeyToken=b03f5f7f11d50a3a'. The system cannot find the file specified.
Could not load file or assembly 'System.Runtime, Version=9.0.0.0, Culture=neutral, PublicKeyToken=b03f5f7f11d50a3a'. The system cannot find the file specified.
Could not load file or assembly 'System.Runtime, Version=9.0.0.0, Culture=neutral, PublicKeyToken=b03f5f7f11d50a3a'. The system cannot find the file specified.
Could not load file or assembly 'System.Runtime, Version=9.0.0.0, Culture=neutral, PublicKeyToken=b03f5f7f11d50a3a'. The system cannot find the file specified.
Could not load file or assembly 'System.Runtime, Version=9.0.0.0, Culture=neutral, PublicKeyToken=b03f5f7f11d50a3a'. The system cannot find the file specified.
Could not load file or assembly 'System.Runtime, Version=9.0.0.0, Culture=neutral, PublicKeyToken=b03f5f7f11d50a3a'. The system cannot find the file specified.
Could not load file or assembly 'System.Runtime, Version=9.0.0.0, Culture=neutral, PublicKeyToken=b03f5f7f11d50a3a'. The system cannot find the file specified.
Could not load file or assembly 'System.Runtime, Version=9.0.0.0, Culture=neutral, PublicKeyToken=b03f5f7f11d50a3a'. The system cannot find the file specified.
Could not load file or assembly 'System.Runtime, Version=9.0.0.0, Culture=neutral, PublicKeyToken=b03f5f7f11d50a3a'. The system cannot find the file specified.
Could not load file or assembly 'System.Runtime, Version=9.0.0.0, Culture=neutral, PublicKeyToken=b03f5f7f11d50a3a'. The system cannot find the file specified.
Could not load file or assembly 'System.Runtime, Version=9.0.0.0, Culture=neutral, PublicKeyToken=b03f5f7f11d50a3a'. The system cannot find the file specified.
Could not load file or assembly 'System.Runtime, Version=9.0.0.0, Culture=neutral, PublicKeyToken=b03f5f7f11d50a3a'. The system cannot find the file specified.
Could not load file or assembly 'System.Runtime, Version=9.0.0.0, Culture=neutral, PublicKeyToken=b03f5f7f11d50a3a'. The system cannot find the file specified.
Could not load file or assembly 'System.Runtime, Version=9.0.0.0, Culture=neutral, PublicKeyToken=b03f5f7f11d50a3a'. The system cannot find the file specified.
Could not load file or assembly 'System.Runtime, Version=9.0.0.0, Culture=neutral, PublicKeyToken=b03f5f7f11d50a3a'. The system cannot find the file specified.
Could not load file or assembly 'System.Runtime, Version=9.0.0.0, Culture=neutral, PublicKeyToken=b03f5f7f11d50a3a'. The system cannot find the file specified.
Could not load file or assembly 'System.Runtime, Version=9.0.0.0, Culture=neutral, PublicKeyToken=b03f5f7f11d50a3a'. The system cannot find the file specified.
Could not load file or assembly 'System.Runtime, Version=9.0.0.0, Culture=neutral, PublicKeyToken=b03f5f7f11d50a3a'. The system cannot find the file specified.
Could not load file or assembly 'System.Runtime, Version=9.0.0.0, Culture=neutral, PublicKeyToken=b03f5f7f11d50a3a'. The system cannot find the file specified.
Could not load file or assembly 'System.Runtime, Version=9.0.0.0, Culture=neutral, PublicKeyToken=b03f5f7f11d50a3a'. The system cannot find the file specified.
Could not load file or assembly 'System.Runtime, Version=9.0.0.0, Culture=neutral, PublicKeyToken=b03f5f7f11d50a3a'. The system cannot find the file specified.
Could not load file or assembly 'System.Runtime, Version=9.0.0.0, Culture=neutral, PublicKeyToken=b03f5f7f11d50a3a'. The system cannot find the file specified.
Could not load file or assembly 'System.Runtime, Version=9.0.0.0, Culture=neutral, PublicKeyToken=b03f5f7f11d50a3a'. The system cannot find the file specified.
Could not load file or assembly 'System.Runtime, Version=9.0.0.0, Culture=neutral, PublicKeyToken=b03f5f7f11d50a3a'. The system cannot find the file specified.
Could not load file or assembly 'System.Runtime, Version=9.0.0.0, Culture=neutral, PublicKeyToken=b03f5f7f11d50a3a'. The system cannot find the file specified.
Could not load file or assembly 'System.Runtime, Version=9.0.0.0, Culture=neutral, PublicKeyToken=b03f5f7f11d50a3a'. The system cannot find the file specified.
Could not load file or assembly 'System.Runtime, Version=9.0.0.0, Culture=neutral, PublicKeyToken=b03f5f7f11d50a3a'. The system cannot find the file specified.
Could not load file or assembly 'System.Runtime, Version=9.0.0.0, Culture=neutral, PublicKeyToken=b03f5f7f11d50a3a'. The system cannot find the file specified.
Could not load file or assembly 'System.Runtime, Version=9.0.0.0, Culture=neutral, PublicKeyToken=b03f5f7f11d50a3a'. The system cannot find the file specified.
Could not load file or assembly 'System.Runtime, Version=9.0.0.0, Culture=neutral, PublicKeyToken=b03f5f7f11d50a3a'. The system cannot find the file specified.
Could not load file or assembly 'System.Runtime, Version=9.0.0.0, Culture=neutral, PublicKeyToken=b03f5f7f11d50a3a'. The system cannot find the file specified.
Could not load file or assembly 'System.Runtime, Version=9.0.0.0, Culture=neutral, PublicKeyToken=b03f5f7f11d50a3a'. The system cannot find the file specified.
Could not load file or assembly 'System.Runtime, Version=9.0.0.0, Culture=neutral, PublicKeyToken=b03f5f7f11d50a3a'. The system cannot find the file specified.
Could not load file or assembly 'System.Runtime, Version=9.0.0.0, Culture=neutral, PublicKeyToken=b03f5f7f11d50a3a'. The system cannot find the file specified.
Could not load file or assembly 'System.Runtime, Version=9.0.0.0, Culture=neutral, PublicKeyToken=b03f5f7f11d50a3a'. The system cannot find the file specified.
Could not load file or assembly 'System.Runtime, Version=9.0.0.0, Culture=neutral, PublicKeyToken=b03f5f7f11d50a3a'. The system cannot find the file specified.
Could not load file or assembly 'System.Runtime, Version=9.0.0.0, Culture=neutral, PublicKeyToken=b03f5f7f11d50a3a'. The system cannot find the file specified.
Could not load file or assembly 'System.Runtime, Version=9.0.0.0, Culture=neutral, PublicKeyToken=b03f5f7f11d50a3a'. The system cannot find the file specified.
Could not load file or assembly 'System.Runtime, Version=9.0.0.0, Culture=neutral, PublicKeyToken=b03f5f7f11d50a3a'. The system cannot find the file specified.
Could not load file or assembly 'System.Runtime, Version=9.0.0.0, Culture=neutral, PublicKeyToken=b03f5f7f11d50a3a'. The system cannot find the file specified.
Could not load file or assembly 'System.Runtime, Version=9.0.0.0, Culture=neutral, PublicKeyToken=b03f5f7f11d50a3a'. The system cannot find the file specified.
Could not load file or assembly 'System.Runtime, Version=9.0.0.0, Culture=neutral, PublicKeyToken=b03f5f7f11d50a3a'. The system cannot find the file specified.
  ----> System.Reflection.ReflectionTypeLoadException : Unable to load one or more of the requested types.
Could not load file or assembly 'System.Runtime, Version=9.0.0.0, Culture=neutral, PublicKeyToken=b03f5f7f11d50a3a'. The system cannot find the file specified.
Could not load file or assembly 'System.Runtime, Version=9.0.0.0, Culture=neutral, PublicKeyToken=b03f5f7f11d50a3a'. The system cannot find the file specified.
Could not load file or assembly 'System.Runtime, Version=9.0.0.0, Culture=neutral, PublicKeyToken=b03f5f7f11d50a3a'. The system cannot find the file specified.
Could not load file or assembly 'System.Runtime, Version=9.0.0.0, Culture=neutral, PublicKeyToken=b03f5f7f11d50a3a'. The system cannot find the file specified.
Could not load file or assembly 'System.Runtime, Version=9.0.0.0, Culture=neutral, PublicKeyToken=b03f5f7f11d50a3a'. The system cannot find the file specified.
Could not load file or assembly 'System.Runtime, Version=9.0.0.0, Culture=neutral, PublicKeyToken=b03f5f7f11d50a3a'. The system cannot find the file specified.
Could not load file or assembly 'System.Runtime, Version=9.0.0.0, Culture=neutral, PublicKeyToken=b03f5f7f11d50a3a'. The system cannot find the file specified.
Could not load file or assembly 'System.Runtime, Version=9.0.0.0, Culture=neutral, PublicKeyToken=b03f5f7f11d50a3a'. The system cannot find the file specified.
Could not load file or assembly 'System.Runtime, Version=9.0.0.0, Culture=neutral, PublicKeyToken=b03f5f7f11d50a3a'. The system cannot find the file specified.
Could not load file or assembly 'System.Runtime, Version=9.0.0.0, Culture=neutral, PublicKeyToken=b03f5f7f11d50a3a'. The system cannot find the file specified.
Could not load file or assembly 'System.Runtime, Version=9.0.0.0, Culture=neutral, PublicKeyToken=b03f5f7f11d50a3a'. The system cannot find the file specified.
Could not load file or assembly 'System.Runtime, Version=9.0.0.0, Culture=neutral, PublicKeyToken=b03f5f7f11d50a3a'. The system cannot find the file specified.
Could not load file or assembly 'System.Runtime, Version=9.0.0.0, Culture=neutral, PublicKeyToken=b03f5f7f11d50a3a'. The system cannot find the file specified.
Could not load file or assembly 'System.Runtime, Version=9.0.0.0, Culture=neutral, PublicKeyToken=b03f5f7f11d50a3a'. The system cannot find the file specified.
Could not load file or assembly 'System.Runtime, Version=9.0.0.0, Culture=neutral, PublicKeyToken=b03f5f7f11d50a3a'. The system cannot find the file specified.
Could not load file or assembly 'System.Runtime, Version=9.0.0.0, Culture=neutral, PublicKeyToken=b03f5f7f11d50a3a'. The system cannot find the file specified.
Could not load file or assembly 'System.Runtime, Version=9.0.0.0, Culture=neutral, PublicKeyToken=b03f5f7f11d50a3a'. The system cannot find the file specified.
Could not load file or assembly 'System.Runtime, Version=9.0.0.0, Culture=neutral, PublicKeyToken=b03f5f7f11d50a3a'. The system cannot find the file specified.
Could not load file or assembly 'System.Runtime, Version=9.0.0.0, Culture=neutral, PublicKeyToken=b03f5f7f11d50a3a'. The system cannot find the file specified.
Could not load file or assembly 'System.Runtime, Version=9.0.0.0, Culture=neutral, PublicKeyToken=b03f5f7f11d50a3a'. The system cannot find the file specified.
Could not load file or assembly 'System.Runtime, Version=9.0.0.0, Culture=neutral, PublicKeyToken=b03f5f7f11d50a3a'. The system cannot find the file specified.
Could not load file or assembly 'System.Runtime, Version=9.0.0.0, Culture=neutral, PublicKeyToken=b03f5f7f11d50a3a'. The system cannot find the file specified.
Could not load file or assembly 'System.Runtime, Version=9.0.0.0, Culture=neutral, PublicKeyToken=b03f5f7f11d50a3a'. The system cannot find the file specified.
Could not load file or assembly 'System.Runtime, Version=9.0.0.0, Culture=neutral, PublicKeyToken=b03f5f7f11d50a3a'. The system cannot find the file specified.
Could not load file or assembly 'System.Runtime, Version=9.0.0.0, Culture=neutral, PublicKeyToken=b03f5f7f11d50a3a'. The system cannot find the file specified.
Could not load file or assembly 'System.Runtime, Version=9.0.0.0, Culture=neutral, PublicKeyToken=b03f5f7f11d50a3a'. The system cannot find the file specified.
Could not load file or assembly 'System.Runtime, Version=9.0.0.0, Culture=neutral, PublicKeyToken=b03f5f7f11d50a3a'. The system cannot find the file specified.
Could not load file or assembly 'System.Runtime, Version=9.0.0.0, Culture=neutral, PublicKeyToken=b03f5f7f11d50a3a'. The system cannot find the file specified.
Could not load file or assembly 'System.Runtime, Version=9.0.0.0, Culture=neutral, PublicKeyToken=b03f5f7f11d50a3a'. The system cannot find the file specified.
Could not load file or assembly 'System.Runtime, Version=9.0.0.0, Culture=neutral, PublicKeyToken=b03f5f7f11d50a3a'. The system cannot find the file specified.
Could not load file or assembly 'System.Runtime, Version=9.0.0.0, Culture=neutral, PublicKeyToken=b03f5f7f11d50a3a'. The system cannot find the file specified.
Could not load file or assembly 'System.Runtime, Version=9.0.0.0, Culture=neutral, PublicKeyToken=b03f5f7f11d50a3a'. The system cannot find the file specified.
Could not load file or assembly 'System.Runtime, Version=9.0.0.0, Culture=neutral, PublicKeyToken=b03f5f7f11d50a3a'. The system cannot find the file specified.
Could not load file or assembly 'System.Runtime, Version=9.0.0.0, Culture=neutral, PublicKeyToken=b03f5f7f11d50a3a'. The system cannot find the file specified.
Could not load file or assembly 'System.Runtime, Version=9.0.0.0, Culture=neutral, PublicKeyToken=b03f5f7f11d50a3a'. The system cannot find the file specified.
Could not load file or assembly 'System.Runtime, Version=9.0.0.0, Culture=neutral, PublicKeyToken=b03f5f7f11d50a3a'. The system cannot find the file specified.
Could not load file or assembly 'System.Runtime, Version=9.0.0.0, Culture=neutral, PublicKeyToken=b03f5f7f11d50a3a'. The system cannot find the file specified.
Could not load file or assembly 'System.Runtime, Version=9.0.0.0, Culture=neutral, PublicKeyToken=b03f5f7f11d50a3a'. The system cannot find the file specified.
Could not load file or assembly 'System.Runtime, Version=9.0.0.0, Culture=neutral, PublicKeyToken=b03f5f7f11d50a3a'. The system cannot find the file specified.
Could not load file or assembly 'System.Runtime, Version=9.0.0.0, Culture=neutral, PublicKeyToken=b03f5f7f11d50a3a'. The system cannot find the file specified.
Could not load file or assembly 'System.Runtime, Version=9.0.0.0, Culture=neutral, PublicKeyToken=b03f5f7f11d50a3a'. The system cannot find the file specified.
Could not load file or assembly 'System.Runtime, Version=9.0.0.0, Culture=neutral, PublicKeyToken=b03f5f7f11d50a3a'. The system cannot find the file specified.
Could not load file or assembly 'System.Runtime, Version=9.0.0.0, Culture=neutral, PublicKeyToken=b03f5f7f11d50a3a'. The system cannot find the file specified.
Could not load file or assembly 'System.Runtime, Version=9.0.0.0, Culture=neutral, PublicKeyToken=b03f5f7f11d50a3a'. The system cannot find the file specified.
Could not load file or assembly 'System.Runtime, Version=9.0.0.0, Culture=neutral, PublicKeyToken=b03f5f7f11d50a3a'. The system cannot find the file specified.
Could not load file or assembly 'System.Runtime, Version=9.0.0.0, Culture=neutral, PublicKeyToken=b03f5f7f11d50a3a'. The system cannot find the file specified.
Could not load file or assembly 'System.Runtime, Version=9.0.0.0, Culture=neutral, PublicKeyToken=b03f5f7f11d50a3a'. The system cannot find the file specified.
Could not load file or assembly 'System.Runtime, Version=9.0.0.0, Culture=neutral, PublicKeyToken=b03f5f7f11d50a3a'. The system cannot find the file specified.
Could not load file or assembly 'System.Runtime, Version=9.0.0.0, Culture=neutral, PublicKeyToken=b03f5f7f11d50a3a'. The system cannot find the file specified.
Could not load file or assembly 'System.Runtime, Version=9.0.0.0, Culture=neutral, PublicKeyToken=b03f5f7f11d50a3a'. The system cannot find the file specified.
Could not load file or assembly 'System.Runtime, Version=9.0.0.0, Culture=neutral, PublicKeyToken=b03f5f7f11d50a3a'. The system cannot find the file specified.
Could not load file or assembly 'System.Runtime, Version=9.0.0.0, Culture=neutral, PublicKeyToken=b03f5f7f11d50a3a'. The system cannot find the file specified.
Could not load file or assembly 'System.Runtime, Version=9.0.0.0, Culture=neutral, PublicKeyToken=b03f5f7f11d50a3a'. The system cannot find the file specified.
Could not load file or assembly 'System.Runtime, Version=9.0.0.0, Culture=neutral, PublicKeyToken=b03f5f7f11d50a3a'. The system cannot find the file specified.
Could not load file or assembly 'System.Runtime, Version=9.0.0.0, Culture=neutral, PublicKeyToken=b03f5f7f11d50a3a'. The system cannot find the file specified.
Could not load file or assembly 'System.Runtime, Version=9.0.0.0, Culture=neutral, PublicKeyToken=b03f5f7f11d50a3a'. The system cannot find the file specified.
Could not load file or assembly 'System.Runtime, Version=9.0.0.0, Culture=neutral, PublicKeyToken=b03f5f7f11d50a3a'. The system cannot find the file specified.
Could not load file or assembly 'System.Runtime, Version=9.0.0.0, Culture=neutral, PublicKeyToken=b03f5f7f11d50a3a'. The system cannot find the file specified.
Could not load file or assembly 'System.Runtime, Version=9.0.0.0, Culture=neutral, PublicKeyToken=b03f5f7f11d50a3a'. The system cannot find the file specified.
Could not load file or assembly 'System.Runtime, Version=9.0.0.0, Culture=neutral, PublicKeyToken=b03f5f7f11d50a3a'. The system cannot find the file specified.
Could not load file or assembly 'System.Runtime, Version=9.0.0.0, Culture=neutral, PublicKeyToken=b03f5f7f11d50a3a'. The system cannot find the file specified.
Could not load file or assembly 'System.Runtime, Version=9.0.0.0, Culture=neutral, PublicKeyToken=b03f5f7f11d50a3a'. The system cannot find the file specified.
Could not load file or assembly 'System.Runtime, Version=9.0.0.0, Culture=neutral, PublicKeyToken=b03f5f7f11d50a3a'. The system cannot find the file specified.
Could not load file or assembly 'System.Runtime, Version=9.0.0.0, Culture=neutral, PublicKeyToken=b03f5f7f11d50a3a'. The system cannot find the file specified.
Could not load file or assembly 'System.Runtime, Version=9.0.0.0, Culture=neutral, PublicKeyToken=b03f5f7f11d50a3a'. The system cannot find the file specified.
Could not load file or assembly 'System.Runtime, Version=9.0.0.0, Culture=neutral, PublicKeyToken=b03f5f7f11d50a3a'. The system cannot find the file specified.
Could not load file or assembly 'System.Runtime, Version=9.0.0.0, Culture=neutral, PublicKeyToken=b03f5f7f11d50a3a'. The system cannot find the file specified.
Could not load file or assembly 'System.Runtime, Version=9.0.0.0, Culture=neutral, PublicKeyToken=b03f5f7f11d50a3a'. The system cannot find the file specified.
Could not load file or assembly 'System.Runtime, Version=9.0.0.0, Culture=neutral, PublicKeyToken=b03f5f7f11d50a3a'. The system cannot find the file specified.
Could not load file or assembly 'System.Runtime, Version=9.0.0.0, Culture=neutral, PublicKeyToken=b03f5f7f11d50a3a'. The system cannot find the file specified.
Could not load file or assembly 'System.Runtime, Version=9.0.0.0, Culture=neutral, PublicKeyToken=b03f5f7f11d50a3a'. The system cannot find the file specified.
Could not load file or assembly 'System.Runtime, Version=9.0.0.0, Culture=neutral, PublicKeyToken=b03f5f7f11d50a3a'. The system cannot find the file specified.
Could not load file or assembly 'System.Runtime, Version=9.0.0.0, Culture=neutral, PublicKeyToken=b03f5f7f11d50a3a'. The system cannot find the file specified.
Could not load file or assembly 'System.Runtime, Version=9.0.0.0, Culture=neutral, PublicKeyToken=b03f5f7f11d50a3a'. The system cannot find the file specified.
Could not load file or assembly 'System.Runtime, Version=9.0.0.0, Culture=neutral, PublicKeyToken=b03f5f7f11d50a3a'. The system cannot find the file specified.
Could not load file or assembly 'System.Runtime, Version=9.0.0.0, Culture=neutral, PublicKeyToken=b03f5f7f11d50a3a'. The system cannot find the file specified.
Could not load file or assembly 'System.Runtime, Version=9.0.0.0, Culture=neutral, PublicKeyToken=b03f5f7f11d50a3a'. The system cannot find the file specified.
  ----> System.Reflection.ReflectionTypeLoadException : Unable to load one or more of the requested types.
Could not load file or assembly 'System.Runtime, Version=9.0.0.0, Culture=neutral, PublicKeyToken=b03f5f7f11d50a3a'. The system cannot find the file specified.
Could not load file or assembly 'System.Runtime, Version=9.0.0.0, Culture=neutral, PublicKeyToken=b03f5f7f11d50a3a'. The system cannot find the file specified.
Could not load file or assembly 'System.Runtime, Version=9.0.0.0, Culture=neutral, PublicKeyToken=b03f5f7f11d50a3a'. The system cannot find the file specified.
Could not load file or assembly 'System.Runtime, Version=9.0.0.0, Culture=neutral, PublicKeyToken=b03f5f7f11d50a3a'. The system cannot find the file specified.
Could not load file or assembly 'System.Runtime, Version=9.0.0.0, Culture=neutral, PublicKeyToken=b03f5f7f11d50a3a'. The system cannot find the file specified.
Could not load file or assembly 'System.Runtime, Version=9.0.0.0, Culture=neutral, PublicKeyToken=b03f5f7f11d50a3a'. The system cannot find the file specified.
Could not load file or assembly 'System.Runtime, Version=9.0.0.0, Culture=neutral, PublicKeyToken=b03f5f7f11d50a3a'. The system cannot find the file specified.
Could not load file or assembly 'System.Runtime, Version=9.0.0.0, Culture=neutral, PublicKeyToken=b03f5f7f11d50a3a'. The system cannot find the file specified.
Could not load file or assembly 'System.Runtime, Version=9.0.0.0, Culture=neutral, PublicKeyToken=b03f5f7f11d50a3a'. The system cannot find the file specified.
Could not load file or assembly 'System.Runtime, Version=9.0.0.0, Culture=neutral, PublicKeyToken=b03f5f7f11d50a3a'. The system cannot find the file specified.
Could not load file or assembly 'System.Runtime, Version=9.0.0.0, Culture=neutral, PublicKeyToken=b03f5f7f11d50a3a'. The system cannot find the file specified.
Could not load file or assembly 'System.Runtime, Version=9.0.0.0, Culture=neutral, PublicKeyToken=b03f5f7f11d50a3a'. The system cannot find the file specified.
Could not load file or assembly 'System.Runtime, Version=9.0.0.0, Culture=neutral, PublicKeyToken=b03f5f7f11d50a3a'. The system cannot find the file specified.
Could not load file or assembly 'System.Runtime, Version=9.0.0.0, Culture=neutral, PublicKeyToken=b03f5f7f11d50a3a'. The system cannot find the file specified.
Could not load file or assembly 'System.Runtime, Version=9.0.0.0, Culture=neutral, PublicKeyToken=b03f5f7f11d50a3a'. The system cannot find the file specified.
Could not load file or assembly 'System.Runtime, Version=9.0.0.0, Culture=neutral, PublicKeyToken=b03f5f7f11d50a3a'. The system cannot find the file specified.
Could not load file or assembly 'System.Runtime, Version=9.0.0.0, Culture=neutral, PublicKeyToken=b03f5f7f11d50a3a'. The system cannot find the file specified.
Could not load file or assembly 'System.Runtime, Version=9.0.0.0, Culture=neutral, PublicKeyToken=b03f5f7f11d50a3a'. The system cannot find the file specified.
Could not load file or assembly 'System.Runtime, Version=9.0.0.0, Culture=neutral, PublicKeyToken=b03f5f7f11d50a3a'. The system cannot find the file specified.
Could not load file or assembly 'System.Runtime, Version=9.0.0.0, Culture=neutral, PublicKeyToken=b03f5f7f11d50a3a'. The system cannot find the file specified.
Could not load file or assembly 'System.Runtime, Version=9.0.0.0, Culture=neutral, PublicKeyToken=b03f5f7f11d50a3a'. The system cannot find the file specified.
Could not load file or assembly 'System.Runtime, Version=9.0.0.0, Culture=neutral, PublicKeyToken=b03f5f7f11d50a3a'. The system cannot find the file specified.
Could not load file or assembly 'System.Runtime, Version=9.0.0.0, Culture=neutral, PublicKeyToken=b03f5f7f11d50a3a'. The system cannot find the file specified.
Could not load file or assembly 'System.Runtime, Version=9.0.0.0, Culture=neutral, PublicKeyToken=b03f5f7f11d50a3a'. The system cannot find the file specified.
Could not load file or assembly 'System.Runtime, Version=9.0.0.0, Culture=neutral, PublicKeyToken=b03f5f7f11d50a3a'. The system cannot find the file specified.
Could not load file or assembly 'System.Runtime, Version=9.0.0.0, Culture=neutral, PublicKeyToken=b03f5f7f11d50a3a'. The system cannot find the file specified.
Could not load file or assembly 'System.Runtime, Version=9.0.0.0, Culture=neutral, PublicKeyToken=b03f5f7f11d50a3a'. The system cannot find the file specified.
Could not load file or assembly 'System.Runtime, Version=9.0.0.0, Culture=neutral, PublicKeyToken=b03f5f7f11d50a3a'. The system cannot find the file specified.
Could not load file or assembly 'System.Runtime, Version=9.0.0.0, Culture=neutral, PublicKeyToken=b03f5f7f11d50a3a'. The system cannot find the file specified.
Could not load file or assembly 'System.Runtime, Version=9.0.0.0, Culture=neutral, PublicKeyToken=b03f5f7f11d50a3a'. The system cannot find the file specified.
Could not load file or assembly 'System.Runtime, Version=9.0.0.0, Culture=neutral, PublicKeyToken=b03f5f7f11d50a3a'. The system cannot find the file specified.
Could not load file or assembly 'System.Runtime, Version=9.0.0.0, Culture=neutral, PublicKeyToken=b03f5f7f11d50a3a'. The system cannot find the file specified.
Could not load file or assembly 'System.Runtime, Version=9.0.0.0, Culture=neutral, PublicKeyToken=b03f5f7f11d50a3a'. The system cannot find the file specified.
Could not load file or assembly 'System.Runtime, Version=9.0.0.0, Culture=neutral, PublicKeyToken=b03f5f7f11d50a3a'. The system cannot find the file specified.
Could not load file or assembly 'System.Runtime, Version=9.0.0.0, Culture=neutral, PublicKeyToken=b03f5f7f11d50a3a'. The system cannot find the file specified.
Could not load file or assembly 'System.Runtime, Version=9.0.0.0, Culture=neutral, PublicKeyToken=b03f5f7f11d50a3a'. The system cannot find the file specified.
Could not load file or assembly 'System.Runtime, Version=9.0.0.0, Culture=neutral, PublicKeyToken=b03f5f7f11d50a3a'. The system cannot find the file specified.
Could not load file or assembly 'System.Runtime, Version=9.0.0.0, Culture=neutral, PublicKeyToken=b03f5f7f11d50a3a'. The system cannot find the file specified.
Could not load file or assembly 'System.Runtime, Version=9.0.0.0, Culture=neutral, PublicKeyToken=b03f5f7f11d50a3a'. The system cannot find the file specified.
Could not load file or assembly 'System.Runtime, Version=9.0.0.0, Culture=neutral, PublicKeyToken=b03f5f7f11d50a3a'. The system cannot find the file specified.
Could not load file or assembly 'System.Runtime, Version=9.0.0.0, Culture=neutral, PublicKeyToken=b03f5f7f11d50a3a'. The system cannot find the file specified.
Could not load file or assembly 'System.Runtime, Version=9.0.0.0, Culture=neutral, PublicKeyToken=b03f5f7f11d50a3a'. The system cannot find the file specified.
Could not load file or assembly 'System.Runtime, Version=9.0.0.0, Culture=neutral, PublicKeyToken=b03f5f7f11d50a3a'. The system cannot find the file specified.
Could not load file or assembly 'System.Runtime, Version=9.0.0.0, Culture=neutral, PublicKeyToken=b03f5f7f11d50a3a'. The system cannot find the file specified.
Could not load file or assembly 'System.Runtime, Version=9.0.0.0, Culture=neutral, PublicKeyToken=b03f5f7f11d50a3a'. The system cannot find the file specified.
Could not load file or assembly 'System.Runtime, Version=9.0.0.0, Culture=neutral, PublicKeyToken=b03f5f7f11d50a3a'. The system cannot find the file specified.
Could not load file or assembly 'System.Runtime, Version=9.0.0.0, Culture=neutral, PublicKeyToken=b03f5f7f11d50a3a'. The system cannot find the file specified.
Could not load file or assembly 'System.Runtime, Version=9.0.0.0, Culture=neutral, PublicKeyToken=b03f5f7f11d50a3a'. The system cannot find the file specified.
Could not load file or assembly 'System.Runtime, Version=9.0.0.0, Culture=neutral, PublicKeyToken=b03f5f7f11d50a3a'. The system cannot find the file specified.
Could not load file or assembly 'System.Runtime, Version=9.0.0.0, Culture=neutral, PublicKeyToken=b03f5f7f11d50a3a'. The system cannot find the file specified.
Could not load file or assembly 'System.Runtime, Version=9.0.0.0, Culture=neutral, PublicKeyToken=b03f5f7f11d50a3a'. The system cannot find the file specified.
Could not load file or assembly 'System.Runtime, Version=9.0.0.0, Culture=neutral, PublicKeyToken=b03f5f7f11d50a3a'. The system cannot find the file specified.
Could not load file or assembly 'System.Runtime, Version=9.0.0.0, Culture=neutral, PublicKeyToken=b03f5f7f11d50a3a'. The system cannot find the file specified.
Could not load file or assembly 'System.Runtime, Version=9.0.0.0, Culture=neutral, PublicKeyToken=b03f5f7f11d50a3a'. The system cannot find the file specified.
Could not load file or assembly 'System.Runtime, Version=9.0.0.0, Culture=neutral, PublicKeyToken=b03f5f7f11d50a3a'. The system cannot find the file specified.
Could not load file or assembly 'System.Runtime, Version=9.0.0.0, Culture=neutral, PublicKeyToken=b03f5f7f11d50a3a'. The system cannot find the file specified.
Could not load file or assembly 'System.Runtime, Version=9.0.0.0, Culture=neutral, PublicKeyToken=b03f5f7f11d50a3a'. The system cannot find the file specified.
Could not load file or assembly 'System.Runtime, Version=9.0.0.0, Culture=neutral, PublicKeyToken=b03f5f7f11d50a3a'. The system cannot find the file specified.
Could not load file or assembly 'System.Runtime, Version=9.0.0.0, Culture=neutral, PublicKeyToken=b03f5f7f11d50a3a'. The system cannot find the file specified.
Could not load file or assembly 'System.Runtime, Version=9.0.0.0, Culture=neutral, PublicKeyToken=b03f5f7f11d50a3a'. The system cannot find the file specified.
Could not load file or assembly 'System.Runtime, Version=9.0.0.0, Culture=neutral, PublicKeyToken=b03f5f7f11d50a3a'. The system cannot find the file specified.
Could not load file or assembly 'System.Runtime, Version=9.0.0.0, Culture=neutral, PublicKeyToken=b03f5f7f11d50a3a'. The system cannot find the file specified.
Could not load file or assembly 'System.Runtime, Version=9.0.0.0, Culture=neutral, PublicKeyToken=b03f5f7f11d50a3a'. The system cannot find the file specified.
Could not load file or assembly 'System.Runtime, Version=9.0.0.0, Culture=neutral, PublicKeyToken=b03f5f7f11d50a3a'. The system cannot find the file specified.
Could not load file or assembly 'System.Runtime, Version=9.0.0.0, Culture=neutral, PublicKeyToken=b03f5f7f11d50a3a'. The system cannot find the file specified.
Could not load file or assembly 'System.Runtime, Version=9.0.0.0, Culture=neutral, PublicKeyToken=b03f5f7f11d50a3a'. The system cannot find the file specified.
Could not load file or assembly 'System.Runtime, Version=9.0.0.0, Culture=neutral, PublicKeyToken=b03f5f7f11d50a3a'. The system cannot find the file specified.
Could not load file or assembly 'System.Runtime, Version=9.0.0.0, Culture=neutral, PublicKeyToken=b03f5f7f11d50a3a'. The system cannot find the file specified.
Could not load file or assembly 'System.Runtime, Version=9.0.0.0, Culture=neutral, PublicKeyToken=b03f5f7f11d50a3a'. The system cannot find the file specified.
Could not load file or assembly 'System.Runtime, Version=9.0.0.0, Culture=neutral, PublicKeyToken=b03f5f7f11d50a3a'. The system cannot find the file specified.
Could not load file or assembly 'System.Runtime, Version=9.0.0.0, Culture=neutral, PublicKeyToken=b03f5f7f11d50a3a'. The system cannot find the file specified.
Could not load file or assembly 'System.Runtime, Version=9.0.0.0, Culture=neutral, PublicKeyToken=b03f5f7f11d50a3a'. The system cannot find the file specified.
Could not load file or assembly 'System.Runtime, Version=9.0.0.0, Culture=neutral, PublicKeyToken=b03f5f7f11d50a3a'. The system cannot find the file specified.
Could not load file or assembly 'System.Runtime, Version=9.0.0.0, Culture=neutral, PublicKeyToken=b03f5f7f11d50a3a'. The system cannot find the file specified.
Could not load file or assembly 'System.Runtime, Version=9.0.0.0, Culture=neutral, PublicKeyToken=b03f5f7f11d50a3a'. The system cannot find the file specified.
Could not load file or assembly 'System.Runtime, Version=9.0.0.0, Culture=neutral, PublicKeyToken=b03f5f7f11d50a3a'. The system cannot find the file specified.
Could not load file or assembly 'System.Runtime, Version=9.0.0.0, Culture=neutral, PublicKeyToken=b03f5f7f11d50a3a'. The system cannot find the file specified.
  ----> System.Reflection.ReflectionTypeLoadException : Unable to load one or more of the requested types.
Could not load file or assembly 'System.Runtime, Version=9.0.0.0, Culture=neutral, PublicKeyToken=b03f5f7f11d50a3a'. The system cannot find the file specified.
Could not load file or assembly 'System.Runtime, Version=9.0.0.0, Culture=neutral, PublicKeyToken=b03f5f7f11d50a3a'. The system cannot find the file specified.
Could not load file or assembly 'System.Runtime, Version=9.0.0.0, Culture=neutral, PublicKeyToken=b03f5f7f11d50a3a'. The system cannot find the file specified.
Could not load file or assembly 'System.Runtime, Version=9.0.0.0, Culture=neutral, PublicKeyToken=b03f5f7f11d50a3a'. The system cannot find the file specified.
Could not load file or assembly 'System.Runtime, Version=9.0.0.0, Culture=neutral, PublicKeyToken=b03f5f7f11d50a3a'. The system cannot find the file specified.
Could not load file or assembly 'System.Runtime, Version=9.0.0.0, Culture=neutral, PublicKeyToken=b03f5f7f11d50a3a'. The system cannot find the file specified.
Could not load file or assembly 'System.Runtime, Version=9.0.0.0, Culture=neutral, PublicKeyToken=b03f5f7f11d50a3a'. The system cannot find the file specified.
Could not load file or assembly 'System.Runtime, Version=9.0.0.0, Culture=neutral, PublicKeyToken=b03f5f7f11d50a3a'. The system cannot find the file specified.
Could not load file or assembly 'System.Runtime, Version=9.0.0.0, Culture=neutral, PublicKeyToken=b03f5f7f11d50a3a'. The system cannot find the file specified.
Could not load file or assembly 'System.Runtime, Version=9.0.0.0, Culture=neutral, PublicKeyToken=b03f5f7f11d50a3a'. The system cannot find the file specified.
Could not load file or assembly 'System.Runtime, Version=9.0.0.0, Culture=neutral, PublicKeyToken=b03f5f7f11d50a3a'. The system cannot find the file specified.
Could not load file or assembly 'System.Runtime, Version=9.0.0.0, Culture=neutral, PublicKeyToken=b03f5f7f11d50a3a'. The system cannot find the file specified.
Could not load file or assembly 'System.Runtime, Version=9.0.0.0, Culture=neutral, PublicKeyToken=b03f5f7f11d50a3a'. The system cannot find the file specified.
Could not load file or assembly 'System.Runtime, Version=9.0.0.0, Culture=neutral, PublicKeyToken=b03f5f7f11d50a3a'. The system cannot find the file specified.
Could not load file or assembly 'System.Runtime, Version=9.0.0.0, Culture=neutral, PublicKeyToken=b03f5f7f11d50a3a'. The system cannot find the file specified.
Could not load file or assembly 'System.Runtime, Version=9.0.0.0, Culture=neutral, PublicKeyToken=b03f5f7f11d50a3a'. The system cannot find the file specified.
Could not load file or assembly 'System.Runtime, Version=9.0.0.0, Culture=neutral, PublicKeyToken=b03f5f7f11d50a3a'. The system cannot find the file specified.
Could not load file or assembly 'System.Runtime, Version=9.0.0.0, Culture=neutral, PublicKeyToken=b03f5f7f11d50a3a'. The system cannot find the file specified.
Could not load file or assembly 'System.Runtime, Version=9.0.0.0, Culture=neutral, PublicKeyToken=b03f5f7f11d50a3a'. The system cannot find the file specified.
Could not load file or assembly 'System.Runtime, Version=9.0.0.0, Culture=neutral, PublicKeyToken=b03f5f7f11d50a3a'. The system cannot find the file specified.
Could not load file or assembly 'System.Runtime, Version=9.0.0.0, Culture=neutral, PublicKeyToken=b03f5f7f11d50a3a'. The system cannot find the file specified.
Could not load file or assembly 'System.Runtime, Version=9.0.0.0, Culture=neutral, PublicKeyToken=b03f5f7f11d50a3a'. The system cannot find the file specified.
Could not load file or assembly 'System.Runtime, Version=9.0.0.0, Culture=neutral, PublicKeyToken=b03f5f7f11d50a3a'. The system cannot find the file specified.
Could not load file or assembly 'System.Runtime, Version=9.0.0.0, Culture=neutral, PublicKeyToken=b03f5f7f11d50a3a'. The system cannot find the file specified.
Could not load file or assembly 'System.Runtime, Version=9.0.0.0, Culture=neutral, PublicKeyToken=b03f5f7f11d50a3a'. The system cannot find the file specified.
Could not load file or assembly 'System.Runtime, Version=9.0.0.0, Culture=neutral, PublicKeyToken=b03f5f7f11d50a3a'. The system cannot find the file specified.
Could not load file or assembly 'System.Runtime, Version=9.0.0.0, Culture=neutral, PublicKeyToken=b03f5f7f11d50a3a'. The system cannot find the file specified.
Could not load file or assembly 'System.Runtime, Version=9.0.0.0, Culture=neutral, PublicKeyToken=b03f5f7f11d50a3a'. The system cannot find the file specified.
Could not load file or assembly 'System.Runtime, Version=9.0.0.0, Culture=neutral, PublicKeyToken=b03f5f7f11d50a3a'. The system cannot find the file specified.
Could not load file or assembly 'System.Runtime, Version=9.0.0.0, Culture=neutral, PublicKeyToken=b03f5f7f11d50a3a'. The system cannot find the file specified.
Could not load file or assembly 'System.Runtime, Version=9.0.0.0, Culture=neutral, PublicKeyToken=b03f5f7f11d50a3a'. The system cannot find the file specified.
Could not load file or assembly 'System.Runtime, Version=9.0.0.0, Culture=neutral, PublicKeyToken=b03f5f7f11d50a3a'. The system cannot find the file specified.
Could not load file or assembly 'System.Runtime, Version=9.0.0.0, Culture=neutral, PublicKeyToken=b03f5f7f11d50a3a'. The system cannot find the file specified.
Could not load file or assembly 'System.Runtime, Version=9.0.0.0, Culture=neutral, PublicKeyToken=b03f5f7f11d50a3a'. The system cannot find the file specified.
Could not load file or assembly 'System.Runtime, Version=9.0.0.0, Culture=neutral, PublicKeyToken=b03f5f7f11d50a3a'. The system cannot find the file specified.
Could not load file or assembly 'System.Runtime, Version=9.0.0.0, Culture=neutral, PublicKeyToken=b03f5f7f11d50a3a'. The system cannot find the file specified.
Could not load file or assembly 'System.Runtime, Version=9.0.0.0, Culture=neutral, PublicKeyToken=b03f5f7f11d50a3a'. The system cannot find the file specified.
Could not load file or assembly 'System.Runtime, Version=9.0.0.0, Culture=neutral, PublicKeyToken=b03f5f7f11d50a3a'. The system cannot find the file specified.
Could not load file or assembly 'System.Runtime, Version=9.0.0.0, Culture=neutral, PublicKeyToken=b03f5f7f11d50a3a'. The system cannot find the file specified.
Could not load file or assembly 'System.Runtime, Version=9.0.0.0, Culture=neutral, PublicKeyToken=b03f5f7f11d50a3a'. The system cannot find the file specified.
Could not load file or assembly 'System.Runtime, Version=9.0.0.0, Culture=neutral, PublicKeyToken=b03f5f7f11d50a3a'. The system cannot find the file specified.
Could not load file or assembly 'System.Runtime, Version=9.0.0.0, Culture=neutral, PublicKeyToken=b03f5f7f11d50a3a'. The system cannot find the file specified.
Could not load file or assembly 'System.Runtime, Version=9.0.0.0, Culture=neutral, PublicKeyToken=b03f5f7f11d50a3a'. The system cannot find the file specified.
Could not load file or assembly 'System.Runtime, Version=9.0.0.0, Culture=neutral, PublicKeyToken=b03f5f7f11d50a3a'. The system cannot find the file specified.
Could not load file or assembly 'System.Runtime, Version=9.0.0.0, Culture=neutral, PublicKeyToken=b03f5f7f11d50a3a'. The system cannot find the file specified.
Could not load file or assembly 'System.Runtime, Version=9.0.0.0, Culture=neutral, PublicKeyToken=b03f5f7f11d50a3a'. The system cannot find the file specified.
Could not load file or assembly 'System.Runtime, Version=9.0.0.0, Culture=neutral, PublicKeyToken=b03f5f7f11d50a3a'. The system cannot find the file specified.
Could not load file or assembly 'System.Runtime, Version=9.0.0.0, Culture=neutral, PublicKeyToken=b03f5f7f11d50a3a'. The system cannot find the file specified.
Could not load file or assembly 'System.Runtime, Version=9.0.0.0, Culture=neutral, PublicKeyToken=b03f5f7f11d50a3a'. The system cannot find the file specified.
Could not load file or assembly 'System.Runtime, Version=9.0.0.0, Culture=neutral, PublicKeyToken=b03f5f7f11d50a3a'. The system cannot find the file specified.
Could not load file or assembly 'System.Runtime, Version=9.0.0.0, Culture=neutral, PublicKeyToken=b03f5f7f11d50a3a'. The system cannot find the file specified.
Could not load file or assembly 'System.Runtime, Version=9.0.0.0, Culture=neutral, PublicKeyToken=b03f5f7f11d50a3a'. The system cannot find the file specified.
Could not load file or assembly 'System.Runtime, Version=9.0.0.0, Culture=neutral, PublicKeyToken=b03f5f7f11d50a3a'. The system cannot find the file specified.
Could not load file or assembly 'System.Runtime, Version=9.0.0.0, Culture=neutral, PublicKeyToken=b03f5f7f11d50a3a'. The system cannot find the file specified.
Could not load file or assembly 'System.Runtime, Version=9.0.0.0, Culture=neutral, PublicKeyToken=b03f5f7f11d50a3a'. The system cannot find the file specified.
Could not load file or assembly 'System.Runtime, Version=9.0.0.0, Culture=neutral, PublicKeyToken=b03f5f7f11d50a3a'. The system cannot find the file specified.
Could not load file or assembly 'System.Runtime, Version=9.0.0.0, Culture=neutral, PublicKeyToken=b03f5f7f11d50a3a'. The system cannot find the file specified.
Could not load file or assembly 'System.Runtime, Version=9.0.0.0, Culture=neutral, PublicKeyToken=b03f5f7f11d50a3a'. The system cannot find the file specified.
Could not load file or assembly 'System.Runtime, Version=9.0.0.0, Culture=neutral, PublicKeyToken=b03f5f7f11d50a3a'. The system cannot find the file specified.
Could not load file or assembly 'System.Runtime, Version=9.0.0.0, Culture=neutral, PublicKeyToken=b03f5f7f11d50a3a'. The system cannot find the file specified.
Could not load file or assembly 'System.Runtime, Version=9.0.0.0, Culture=neutral, PublicKeyToken=b03f5f7f11d50a3a'. The system cannot find the file specified.
Could not load file or assembly 'System.Runtime, Version=9.0.0.0, Culture=neutral, PublicKeyToken=b03f5f7f11d50a3a'. The system cannot find the file specified.
Could not load file or assembly 'System.Runtime, Version=9.0.0.0, Culture=neutral, PublicKeyToken=b03f5f7f11d50a3a'. The system cannot find the file specified.
Could not load file or assembly 'System.Runtime, Version=9.0.0.0, Culture=neutral, PublicKeyToken=b03f5f7f11d50a3a'. The system cannot find the file specified.
Could not load file or assembly 'System.Runtime, Version=9.0.0.0, Culture=neutral, PublicKeyToken=b03f5f7f11d50a3a'. The system cannot find the file specified.
Could not load file or assembly 'System.Runtime, Version=9.0.0.0, Culture=neutral, PublicKeyToken=b03f5f7f11d50a3a'. The system cannot find the file specified.
Could not load file or assembly 'System.Runtime, Version=9.0.0.0, Culture=neutral, PublicKeyToken=b03f5f7f11d50a3a'. The system cannot find the file specified.
Could not load file or assembly 'System.Runtime, Version=9.0.0.0, Culture=neutral, PublicKeyToken=b03f5f7f11d50a3a'. The system cannot find the file specified.
Could not load file or assembly 'System.Runtime, Version=9.0.0.0, Culture=neutral, PublicKeyToken=b03f5f7f11d50a3a'. The system cannot find the file specified.
Could not load file or assembly 'System.Runtime, Version=9.0.0.0, Culture=neutral, PublicKeyToken=b03f5f7f11d50a3a'. The system cannot find the file specified.
Could not load file or assembly 'System.Runtime, Version=9.0.0.0, Culture=neutral, PublicKeyToken=b03f5f7f11d50a3a'. The system cannot find the file specified.
Could not load file or assembly 'System.Runtime, Version=9.0.0.0, Culture=neutral, PublicKeyToken=b03f5f7f11d50a3a'. The system cannot find the file specified.
Could not load file or assembly 'System.Runtime, Version=9.0.0.0, Culture=neutral, PublicKeyToken=b03f5f7f11d50a3a'. The system cannot find the file specified.
Could not load file or assembly 'System.Runtime, Version=9.0.0.0, Culture=neutral, PublicKeyToken=b03f5f7f11d50a3a'. The system cannot find the file specified.
Could not load file or assembly 'System.Runtime, Version=9.0.0.0, Culture=neutral, PublicKeyToken=b03f5f7f11d50a3a'. The system cannot find the file specified.
Could not load file or assembly 'System.Runtime, Version=9.0.0.0, Culture=neutral, PublicKeyToken=b03f5f7f11d50a3a'. The system cannot find the file specified.
Could not load file or assembly 'System.Runtime, Version=9.0.0.0, Culture=neutral, PublicKeyToken=b03f5f7f11d50a3a'. The system cannot find the file specified.
  ----> System.Reflection.ReflectionTypeLoadException : Unable to load one or more of the requested types.
Could not load file or assembly 'System.Runtime, Version=9.0.0.0, Culture=neutral, PublicKeyToken=b03f5f7f11d50a3a'. The system cannot find the file specified.
Could not load file or assembly 'System.Runtime, Version=9.0.0.0, Culture=neutral, PublicKeyToken=b03f5f7f11d50a3a'. The system cannot find the file specified.
Could not load file or assembly 'System.Runtime, Version=9.0.0.0, Culture=neutral, PublicKeyToken=b03f5f7f11d50a3a'. The system cannot find the file specified.
Could not load file or assembly 'System.Runtime, Version=9.0.0.0, Culture=neutral, PublicKeyToken=b03f5f7f11d50a3a'. The system cannot find the file specified.
Could not load file or assembly 'System.Runtime, Version=9.0.0.0, Culture=neutral, PublicKeyToken=b03f5f7f11d50a3a'. The system cannot find the file specified.
Could not load file or assembly 'System.Runtime, Version=9.0.0.0, Culture=neutral, PublicKeyToken=b03f5f7f11d50a3a'. The system cannot find the file specified.
Could not load file or assembly 'System.Runtime, Version=9.0.0.0, Culture=neutral, PublicKeyToken=b03f5f7f11d50a3a'. The system cannot find the file specified.
Could not load file or assembly 'System.Runtime, Version=9.0.0.0, Culture=neutral, PublicKeyToken=b03f5f7f11d50a3a'. The system cannot find the file specified.
Could not load file or assembly 'System.Runtime, Version=9.0.0.0, Culture=neutral, PublicKeyToken=b03f5f7f11d50a3a'. The system cannot find the file specified.
Could not load file or assembly 'System.Runtime, Version=9.0.0.0, Culture=neutral, PublicKeyToken=b03f5f7f11d50a3a'. The system cannot find the file specified.
Could not load file or assembly 'System.Runtime, Version=9.0.0.0, Culture=neutral, PublicKeyToken=b03f5f7f11d50a3a'. The system cannot find the file specified.
Could not load file or assembly 'System.Runtime, Version=9.0.0.0, Culture=neutral, PublicKeyToken=b03f5f7f11d50a3a'. The system cannot find the file specified.
Could not load file or assembly 'System.Runtime, Version=9.0.0.0, Culture=neutral, PublicKeyToken=b03f5f7f11d50a3a'. The system cannot find the file specified.
Could not load file or assembly 'System.Runtime, Version=9.0.0.0, Culture=neutral, PublicKeyToken=b03f5f7f11d50a3a'. The system cannot find the file specified.
Could not load file or assembly 'System.Runtime, Version=9.0.0.0, Culture=neutral, PublicKeyToken=b03f5f7f11d50a3a'. The system cannot find the file specified.
Could not load file or assembly 'System.Runtime, Version=9.0.0.0, Culture=neutral, PublicKeyToken=b03f5f7f11d50a3a'. The system cannot find the file specified.
Could not load file or assembly 'System.Runtime, Version=9.0.0.0, Culture=neutral, PublicKeyToken=b03f5f7f11d50a3a'. The system cannot find the file specified.
Could not load file or assembly 'System.Runtime, Version=9.0.0.0, Culture=neutral, PublicKeyToken=b03f5f7f11d50a3a'. The system cannot find the file specified.
Could not load file or assembly 'System.Runtime, Version=9.0.0.0, Culture=neutral, PublicKeyToken=b03f5f7f11d50a3a'. The system cannot find the file specified.
Could not load file or assembly 'System.Runtime, Version=9.0.0.0, Culture=neutral, PublicKeyToken=b03f5f7f11d50a3a'. The system cannot find the file specified.
Could not load file or assembly 'System.Runtime, Version=9.0.0.0, Culture=neutral, PublicKeyToken=b03f5f7f11d50a3a'. The system cannot find the file specified.
Could not load file or assembly 'System.Runtime, Version=9.0.0.0, Culture=neutral, PublicKeyToken=b03f5f7f11d50a3a'. The system cannot find the file specified.
Could not load file or assembly 'System.Runtime, Version=9.0.0.0, Culture=neutral, PublicKeyToken=b03f5f7f11d50a3a'. The system cannot find the file specified.
Could not load file or assembly 'System.Runtime, Version=9.0.0.0, Culture=neutral, PublicKeyToken=b03f5f7f11d50a3a'. The system cannot find the file specified.
Could not load file or assembly 'System.Runtime, Version=9.0.0.0, Culture=neutral, PublicKeyToken=b03f5f7f11d50a3a'. The system cannot find the file specified.
Could not load file or assembly 'System.Runtime, Version=9.0.0.0, Culture=neutral, PublicKeyToken=b03f5f7f11d50a3a'. The system cannot find the file specified.
Could not load file or assembly 'System.Runtime, Version=9.0.0.0, Culture=neutral, PublicKeyToken=b03f5f7f11d50a3a'. The system cannot find the file specified.
Could not load file or assembly 'System.Runtime, Version=9.0.0.0, Culture=neutral, PublicKeyToken=b03f5f7f11d50a3a'. The system cannot find the file specified.
Could not load file or assembly 'System.Runtime, Version=9.0.0.0, Culture=neutral, PublicKeyToken=b03f5f7f11d50a3a'. The system cannot find the file specified.
Could not load file or assembly 'System.Runtime, Version=9.0.0.0, Culture=neutral, PublicKeyToken=b03f5f7f11d50a3a'. The system cannot find the file specified.
Could not load file or assembly 'System.Runtime, Version=9.0.0.0, Culture=neutral, PublicKeyToken=b03f5f7f11d50a3a'. The system cannot find the file specified.
Could not load file or assembly 'System.Runtime, Version=9.0.0.0, Culture=neutral, PublicKeyToken=b03f5f7f11d50a3a'. The system cannot find the file specified.
Could not load file or assembly 'System.Runtime, Version=9.0.0.0, Culture=neutral, PublicKeyToken=b03f5f7f11d50a3a'. The system cannot find the file specified.
Could not load file or assembly 'System.Runtime, Version=9.0.0.0, Culture=neutral, PublicKeyToken=b03f5f7f11d50a3a'. The system cannot find the file specified.
Could not load file or assembly 'System.Runtime, Version=9.0.0.0, Culture=neutral, PublicKeyToken=b03f5f7f11d50a3a'. The system cannot find the file specified.
Could not load file or assembly 'System.Runtime, Version=9.0.0.0, Culture=neutral, PublicKeyToken=b03f5f7f11d50a3a'. The system cannot find the file specified.
Could not load file or assembly 'System.Runtime, Version=9.0.0.0, Culture=neutral, PublicKeyToken=b03f5f7f11d50a3a'. The system cannot find the file specified.
Could not load file or assembly 'System.Runtime, Version=9.0.0.0, Culture=neutral, PublicKeyToken=b03f5f7f11d50a3a'. The system cannot find the file specified.
Could not load file or assembly 'System.Runtime, Version=9.0.0.0, Culture=neutral, PublicKeyToken=b03f5f7f11d50a3a'. The system cannot find the file specified.
Could not load file or assembly 'System.Runtime, Version=9.0.0.0, Culture=neutral, PublicKeyToken=b03f5f7f11d50a3a'. The system cannot find the file specified.
Could not load file or assembly 'System.Runtime, Version=9.0.0.0, Culture=neutral, PublicKeyToken=b03f5f7f11d50a3a'. The system cannot find the file specified.
Could not load file or assembly 'System.Runtime, Version=9.0.0.0, Culture=neutral, PublicKeyToken=b03f5f7f11d50a3a'. The system cannot find the file specified.
Could not load file or assembly 'System.Runtime, Version=9.0.0.0, Culture=neutral, PublicKeyToken=b03f5f7f11d50a3a'. The system cannot find the file specified.
Could not load file or assembly 'System.Runtime, Version=9.0.0.0, Culture=neutral, PublicKeyToken=b03f5f7f11d50a3a'. The system cannot find the file specified.
Could not load file or assembly 'System.Runtime, Version=9.0.0.0, Culture=neutral, PublicKeyToken=b03f5f7f11d50a3a'. The system cannot find the file specified.
Could not load file or assembly 'System.Runtime, Version=9.0.0.0, Culture=neutral, PublicKeyToken=b03f5f7f11d50a3a'. The system cannot find the file specified.
Could not load file or assembly 'System.Runtime, Version=9.0.0.0, Culture=neutral, PublicKeyToken=b03f5f7f11d50a3a'. The system cannot find the file specified.
Could not load file or assembly 'System.Runtime, Version=9.0.0.0, Culture=neutral, PublicKeyToken=b03f5f7f11d50a3a'. The system cannot find the file specified.
Could not load file or assembly 'System.Runtime, Version=9.0.0.0, Culture=neutral, PublicKeyToken=b03f5f7f11d50a3a'. The system cannot find the file specified.
Could not load file or assembly 'System.Runtime, Version=9.0.0.0, Culture=neutral, PublicKeyToken=b03f5f7f11d50a3a'. The system cannot find the file specified.
Could not load file or assembly 'System.Runtime, Version=9.0.0.0, Culture=neutral, PublicKeyToken=b03f5f7f11d50a3a'. The system cannot find the file specified.
Could not load file or assembly 'System.Runtime, Version=9.0.0.0, Culture=neutral, PublicKeyToken=b03f5f7f11d50a3a'. The system cannot find the file specified.
Could not load file or assembly 'System.Runtime, Version=9.0.0.0, Culture=neutral, PublicKeyToken=b03f5f7f11d50a3a'. The system cannot find the file specified.
Could not load file or assembly 'System.Runtime, Version=9.0.0.0, Culture=neutral, PublicKeyToken=b03f5f7f11d50a3a'. The system cannot find the file specified.
Could not load file or assembly 'System.Runtime, Version=9.0.0.0, Culture=neutral, PublicKeyToken=b03f5f7f11d50a3a'. The system cannot find the file specified.
Could not load file or assembly 'System.Runtime, Version=9.0.0.0, Culture=neutral, PublicKeyToken=b03f5f7f11d50a3a'. The system cannot find the file specified.
Could not load file or assembly 'System.Runtime, Version=9.0.0.0, Culture=neutral, PublicKeyToken=b03f5f7f11d50a3a'. The system cannot find the file specified.
Could not load file or assembly 'System.Runtime, Version=9.0.0.0, Culture=neutral, PublicKeyToken=b03f5f7f11d50a3a'. The system cannot find the file specified.
Could not load file or assembly 'System.Runtime, Version=9.0.0.0, Culture=neutral, PublicKeyToken=b03f5f7f11d50a3a'. The system cannot find the file specified.
Could not load file or assembly 'System.Runtime, Version=9.0.0.0, Culture=neutral, PublicKeyToken=b03f5f7f11d50a3a'. The system cannot find the file specified.
Could not load file or assembly 'System.Runtime, Version=9.0.0.0, Culture=neutral, PublicKeyToken=b03f5f7f11d50a3a'. The system cannot find the file specified.
Could not load file or assembly 'System.Runtime, Version=9.0.0.0, Culture=neutral, PublicKeyToken=b03f5f7f11d50a3a'. The system cannot find the file specified.
Could not load file or assembly 'System.Runtime, Version=9.0.0.0, Culture=neutral, PublicKeyToken=b03f5f7f11d50a3a'. The system cannot find the file specified.
Could not load file or assembly 'System.Runtime, Version=9.0.0.0, Culture=neutral, PublicKeyToken=b03f5f7f11d50a3a'. The system cannot find the file specified.
Could not load file or assembly 'System.Runtime, Version=9.0.0.0, Culture=neutral, PublicKeyToken=b03f5f7f11d50a3a'. The system cannot find the file specified.
Could not load file or assembly 'System.Runtime, Version=9.0.0.0, Culture=neutral, PublicKeyToken=b03f5f7f11d50a3a'. The system cannot find the file specified.
Could not load file or assembly 'System.Runtime, Version=9.0.0.0, Culture=neutral, PublicKeyToken=b03f5f7f11d50a3a'. The system cannot find the file specified.
Could not load file or assembly 'System.Runtime, Version=9.0.0.0, Culture=neutral, PublicKeyToken=b03f5f7f11d50a3a'. The system cannot find the file specified.
Could not load file or assembly 'System.Runtime, Version=9.0.0.0, Culture=neutral, PublicKeyToken=b03f5f7f11d50a3a'. The system cannot find the file specified.
Could not load file or assembly 'System.Runtime, Version=9.0.0.0, Culture=neutral, PublicKeyToken=b03f5f7f11d50a3a'. The system cannot find the file specified.
Could not load file or assembly 'System.Runtime, Version=9.0.0.0, Culture=neutral, PublicKeyToken=b03f5f7f11d50a3a'. The system cannot find the file specified.
Could not load file or assembly 'System.Runtime, Version=9.0.0.0, Culture=neutral, PublicKeyToken=b03f5f7f11d50a3a'. The system cannot find the file specified.
Could not load file or assembly 'System.Runtime, Version=9.0.0.0, Culture=neutral, PublicKeyToken=b03f5f7f11d50a3a'. The system cannot find the file specified.
Could not load file or assembly 'System.Runtime, Version=9.0.0.0, Culture=neutral, PublicKeyToken=b03f5f7f11d50a3a'. The system cannot find the file specified.
Could not load file or assembly 'System.Runtime, Version=9.0.0.0, Culture=neutral, PublicKeyToken=b03f5f7f11d50a3a'. The system cannot find the file specified.
Could not load file or assembly 'System.Runtime, Version=9.0.0.0, Culture=neutral, PublicKeyToken=b03f5f7f11d50a3a'. The system cannot find the file specified.
Could not load file or assembly 'System.Runtime, Version=9.0.0.0, Culture=neutral, PublicKeyToken=b03f5f7f11d50a3a'. The system cannot find the file specified.
  ----> System.Reflection.ReflectionTypeLoadException : Unable to load one or more of the requested types.
Could not load file or assembly 'System.Runtime, Version=9.0.0.0, Culture=neutral, PublicKeyToken=b03f5f7f11d50a3a'. The system cannot find the file specified.
Could not load file or assembly 'System.Runtime, Version=9.0.0.0, Culture=neutral, PublicKeyToken=b03f5f7f11d50a3a'. The system cannot find the file specified.
Could not load file or assembly 'System.Runtime, Version=9.0.0.0, Culture=neutral, PublicKeyToken=b03f5f7f11d50a3a'. The system cannot find the file specified.
Could not load file or assembly 'System.Runtime, Version=9.0.0.0, Culture=neutral, PublicKeyToken=b03f5f7f11d50a3a'. The system cannot find the file specified.
Could not load file or assembly 'System.Runtime, Version=9.0.0.0, Culture=neutral, PublicKeyToken=b03f5f7f11d50a3a'. The system cannot find the file specified.
Could not load file or assembly 'System.Runtime, Version=9.0.0.0, Culture=neutral, PublicKeyToken=b03f5f7f11d50a3a'. The system cannot find the file specified.
Could not load file or assembly 'System.Runtime, Version=9.0.0.0, Culture=neutral, PublicKeyToken=b03f5f7f11d50a3a'. The system cannot find the file specified.
Could not load file or assembly 'System.Runtime, Version=9.0.0.0, Culture=neutral, PublicKeyToken=b03f5f7f11d50a3a'. The system cannot find the file specified.
Could not load file or assembly 'System.Runtime, Version=9.0.0.0, Culture=neutral, PublicKeyToken=b03f5f7f11d50a3a'. The system cannot find the file specified.
Could not load file or assembly 'System.Runtime, Version=9.0.0.0, Culture=neutral, PublicKeyToken=b03f5f7f11d50a3a'. The system cannot find the file specified.
Could not load file or assembly 'System.Runtime, Version=9.0.0.0, Culture=neutral, PublicKeyToken=b03f5f7f11d50a3a'. The system cannot find the file specified.
Could not load file or assembly 'System.Runtime, Version=9.0.0.0, Culture=neutral, PublicKeyToken=b03f5f7f11d50a3a'. The system cannot find the file specified.
Could not load file or assembly 'System.Runtime, Version=9.0.0.0, Culture=neutral, PublicKeyToken=b03f5f7f11d50a3a'. The system cannot find the file specified.
Could not load file or assembly 'System.Runtime, Version=9.0.0.0, Culture=neutral, PublicKeyToken=b03f5f7f11d50a3a'. The system cannot find the file specified.
Could not load file or assembly 'System.Runtime, Version=9.0.0.0, Culture=neutral, PublicKeyToken=b03f5f7f11d50a3a'. The system cannot find the file specified.
Could not load file or assembly 'System.Runtime, Version=9.0.0.0, Culture=neutral, PublicKeyToken=b03f5f7f11d50a3a'. The system cannot find the file specified.
Could not load file or assembly 'System.Runtime, Version=9.0.0.0, Culture=neutral, PublicKeyToken=b03f5f7f11d50a3a'. The system cannot find the file specified.
Could not load file or assembly 'System.Runtime, Version=9.0.0.0, Culture=neutral, PublicKeyToken=b03f5f7f11d50a3a'. The system cannot find the file specified.
Could not load file or assembly 'System.Runtime, Version=9.0.0.0, Culture=neutral, PublicKeyToken=b03f5f7f11d50a3a'. The system cannot find the file specified.
Could not load file or assembly 'System.Runtime, Version=9.0.0.0, Culture=neutral, PublicKeyToken=b03f5f7f11d50a3a'. The system cannot find the file specified.
Could not load file or assembly 'System.Runtime, Version=9.0.0.0, Culture=neutral, PublicKeyToken=b03f5f7f11d50a3a'. The system cannot find the file specified.
Could not load file or assembly 'System.Runtime, Version=9.0.0.0, Culture=neutral, PublicKeyToken=b03f5f7f11d50a3a'. The system cannot find the file specified.
Could not load file or assembly 'System.Runtime, Version=9.0.0.0, Culture=neutral, PublicKeyToken=b03f5f7f11d50a3a'. The system cannot find the file specified.
Could not load file or assembly 'System.Runtime, Version=9.0.0.0, Culture=neutral, PublicKeyToken=b03f5f7f11d50a3a'. The system cannot find the file specified.
Could not load file or assembly 'System.Runtime, Version=9.0.0.0, Culture=neutral, PublicKeyToken=b03f5f7f11d50a3a'. The system cannot find the file specified.
Could not load file or assembly 'System.Runtime, Version=9.0.0.0, Culture=neutral, PublicKeyToken=b03f5f7f11d50a3a'. The system cannot find the file specified.
Could not load file or assembly 'System.Runtime, Version=9.0.0.0, Culture=neutral, PublicKeyToken=b03f5f7f11d50a3a'. The system cannot find the file specified.
Could not load file or assembly 'System.Runtime, Version=9.0.0.0, Culture=neutral, PublicKeyToken=b03f5f7f11d50a3a'. The system cannot find the file specified.
Could not load file or assembly 'System.Runtime, Version=9.0.0.0, Culture=neutral, PublicKeyToken=b03f5f7f11d50a3a'. The system cannot find the file specified.
Could not load file or assembly 'System.Runtime, Version=9.0.0.0, Culture=neutral, PublicKeyToken=b03f5f7f11d50a3a'. The system cannot find the file specified.
Could not load file or assembly 'System.Runtime, Version=9.0.0.0, Culture=neutral, PublicKeyToken=b03f5f7f11d50a3a'. The system cannot find the file specified.
Could not load file or assembly 'System.Runtime, Version=9.0.0.0, Culture=neutral, PublicKeyToken=b03f5f7f11d50a3a'. The system cannot find the file specified.
Could not load file or assembly 'System.Runtime, Version=9.0.0.0, Culture=neutral, PublicKeyToken=b03f5f7f11d50a3a'. The system cannot find the file specified.
Could not load file or assembly 'System.Runtime, Version=9.0.0.0, Culture=neutral, PublicKeyToken=b03f5f7f11d50a3a'. The system cannot find the file specified.
Could not load file or assembly 'System.Runtime, Version=9.0.0.0, Culture=neutral, PublicKeyToken=b03f5f7f11d50a3a'. The system cannot find the file specified.
Could not load file or assembly 'System.Runtime, Version=9.0.0.0, Culture=neutral, PublicKeyToken=b03f5f7f11d50a3a'. The system cannot find the file specified.
Could not load file or assembly 'System.Runtime, Version=9.0.0.0, Culture=neutral, PublicKeyToken=b03f5f7f11d50a3a'. The system cannot find the file specified.
Could not load file or assembly 'System.Runtime, Version=9.0.0.0, Culture=neutral, PublicKeyToken=b03f5f7f11d50a3a'. The system cannot find the file specified.
Could not load file or assembly 'System.Runtime, Version=9.0.0.0, Culture=neutral, PublicKeyToken=b03f5f7f11d50a3a'. The system cannot find the file specified.
Could not load file or assembly 'System.Runtime, Version=9.0.0.0, Culture=neutral, PublicKeyToken=b03f5f7f11d50a3a'. The system cannot find the file specified.
Could not load file or assembly 'System.Runtime, Version=9.0.0.0, Culture=neutral, PublicKeyToken=b03f5f7f11d50a3a'. The system cannot find the file specified.
Could not load file or assembly 'System.Runtime, Version=9.0.0.0, Culture=neutral, PublicKeyToken=b03f5f7f11d50a3a'. The system cannot find the file specified.
Could not load file or assembly 'System.Runtime, Version=9.0.0.0, Culture=neutral, PublicKeyToken=b03f5f7f11d50a3a'. The system cannot find the file specified.
Could not load file or assembly 'System.Runtime, Version=9.0.0.0, Culture=neutral, PublicKeyToken=b03f5f7f11d50a3a'. The system cannot find the file specified.
Could not load file or assembly 'System.Runtime, Version=9.0.0.0, Culture=neutral, PublicKeyToken=b03f5f7f11d50a3a'. The system cannot find the file specified.
Could not load file or assembly 'System.Runtime, Version=9.0.0.0, Culture=neutral, PublicKeyToken=b03f5f7f11d50a3a'. The system cannot find the file specified.
Could not load file or assembly 'System.Runtime, Version=9.0.0.0, Culture=neutral, PublicKeyToken=b03f5f7f11d50a3a'. The system cannot find the file specified.
Could not load file or assembly 'System.Runtime, Version=9.0.0.0, Culture=neutral, PublicKeyToken=b03f5f7f11d50a3a'. The system cannot find the file specified.
Could not load file or assembly 'System.Runtime, Version=9.0.0.0, Culture=neutral, PublicKeyToken=b03f5f7f11d50a3a'. The system cannot find the file specified.
Could not load file or assembly 'System.Runtime, Version=9.0.0.0, Culture=neutral, PublicKeyToken=b03f5f7f11d50a3a'. The system cannot find the file specified.
Could not load file or assembly 'System.Runtime, Version=9.0.0.0, Culture=neutral, PublicKeyToken=b03f5f7f11d50a3a'. The system cannot find the file specified.
Could not load file or assembly 'System.Runtime, Version=9.0.0.0, Culture=neutral, PublicKeyToken=b03f5f7f11d50a3a'. The system cannot find the file specified.
Could not load file or assembly 'System.Runtime, Version=9.0.0.0, Culture=neutral, PublicKeyToken=b03f5f7f11d50a3a'. The system cannot find the file specified.
Could not load file or assembly 'System.Runtime, Version=9.0.0.0, Culture=neutral, PublicKeyToken=b03f5f7f11d50a3a'. The system cannot find the file specified.
Could not load file or assembly 'System.Runtime, Version=9.0.0.0, Culture=neutral, PublicKeyToken=b03f5f7f11d50a3a'. The system cannot find the file specified.
Could not load file or assembly 'System.Runtime, Version=9.0.0.0, Culture=neutral, PublicKeyToken=b03f5f7f11d50a3a'. The system cannot find the file specified.
Could not load file or assembly 'System.Runtime, Version=9.0.0.0, Culture=neutral, PublicKeyToken=b03f5f7f11d50a3a'. The system cannot find the file specified.
Could not load file or assembly 'System.Runtime, Version=9.0.0.0, Culture=neutral, PublicKeyToken=b03f5f7f11d50a3a'. The system cannot find the file specified.
Could not load file or assembly 'System.Runtime, Version=9.0.0.0, Culture=neutral, PublicKeyToken=b03f5f7f11d50a3a'. The system cannot find the file specified.
Could not load file or assembly 'System.Runtime, Version=9.0.0.0, Culture=neutral, PublicKeyToken=b03f5f7f11d50a3a'. The system cannot find the file specified.
Could not load file or assembly 'System.Runtime, Version=9.0.0.0, Culture=neutral, PublicKeyToken=b03f5f7f11d50a3a'. The system cannot find the file specified.
Could not load file or assembly 'System.Runtime, Version=9.0.0.0, Culture=neutral, PublicKeyToken=b03f5f7f11d50a3a'. The system cannot find the file specified.
Could not load file or assembly 'System.Runtime, Version=9.0.0.0, Culture=neutral, PublicKeyToken=b03f5f7f11d50a3a'. The system cannot find the file specified.
Could not load file or assembly 'System.Runtime, Version=9.0.0.0, Culture=neutral, PublicKeyToken=b03f5f7f11d50a3a'. The system cannot find the file specified.
Could not load file or assembly 'System.Runtime, Version=9.0.0.0, Culture=neutral, PublicKeyToken=b03f5f7f11d50a3a'. The system cannot find the file specified.
Could not load file or assembly 'System.Runtime, Version=9.0.0.0, Culture=neutral, PublicKeyToken=b03f5f7f11d50a3a'. The system cannot find the file specified.
Could not load file or assembly 'System.Runtime, Version=9.0.0.0, Culture=neutral, PublicKeyToken=b03f5f7f11d50a3a'. The system cannot find the file specified.
Could not load file or assembly 'System.Runtime, Version=9.0.0.0, Culture=neutral, PublicKeyToken=b03f5f7f11d50a3a'. The system cannot find the file specified.
Could not load file or assembly 'System.Runtime, Version=9.0.0.0, Culture=neutral, PublicKeyToken=b03f5f7f11d50a3a'. The system cannot find the file specified.
Could not load file or assembly 'System.Runtime, Version=9.0.0.0, Culture=neutral, PublicKeyToken=b03f5f7f11d50a3a'. The system cannot find the file specified.
Could not load file or assembly 'System.Runtime, Version=9.0.0.0, Culture=neutral, PublicKeyToken=b03f5f7f11d50a3a'. The system cannot find the file specified.
Could not load file or assembly 'System.Runtime, Version=9.0.0.0, Culture=neutral, PublicKeyToken=b03f5f7f11d50a3a'. The system cannot find the file specified.
Could not load file or assembly 'System.Runtime, Version=9.0.0.0, Culture=neutral, PublicKeyToken=b03f5f7f11d50a3a'. The system cannot find the file specified.
Could not load file or assembly 'System.Runtime, Version=9.0.0.0, Culture=neutral, PublicKeyToken=b03f5f7f11d50a3a'. The system cannot find the file specified.
Could not load file or assembly 'System.Runtime, Version=9.0.0.0, Culture=neutral, PublicKeyToken=b03f5f7f11d50a3a'. The system cannot find the file specified.
Could not load file or assembly 'System.Runtime, Version=9.0.0.0, Culture=neutral, PublicKeyToken=b03f5f7f11d50a3a'. The system cannot find the file specified.
Could not load file or assembly 'System.Runtime, Version=9.0.0.0, Culture=neutral, PublicKeyToken=b03f5f7f11d50a3a'. The system cannot find the file specified.
  ----> System.Reflection.ReflectionTypeLoadException : Unable to load one or more of the requested types.
Could not load file or assembly 'System.Runtime, Version=9.0.0.0, Culture=neutral, PublicKeyToken=b03f5f7f11d50a3a'. The system cannot find the file specified.
Could not load file or assembly 'System.Runtime, Version=9.0.0.0, Culture=neutral, PublicKeyToken=b03f5f7f11d50a3a'. The system cannot find the file specified.
Could not load file or assembly 'System.Runtime, Version=9.0.0.0, Culture=neutral, PublicKeyToken=b03f5f7f11d50a3a'. The system cannot find the file specified.
Could not load file or assembly 'System.Runtime, Version=9.0.0.0, Culture=neutral, PublicKeyToken=b03f5f7f11d50a3a'. The system cannot find the file specified.
Could not load file or assembly 'System.Runtime, Version=9.0.0.0, Culture=neutral, PublicKeyToken=b03f5f7f11d50a3a'. The system cannot find the file specified.
Could not load file or assembly 'System.Runtime, Version=9.0.0.0, Culture=neutral, PublicKeyToken=b03f5f7f11d50a3a'. The system cannot find the file specified.
Could not load file or assembly 'System.Runtime, Version=9.0.0.0, Culture=neutral, PublicKeyToken=b03f5f7f11d50a3a'. The system cannot find the file specified.
Could not load file or assembly 'System.Runtime, Version=9.0.0.0, Culture=neutral, PublicKeyToken=b03f5f7f11d50a3a'. The system cannot find the file specified.
Could not load file or assembly 'System.Runtime, Version=9.0.0.0, Culture=neutral, PublicKeyToken=b03f5f7f11d50a3a'. The system cannot find the file specified.
Could not load file or assembly 'System.Runtime, Version=9.0.0.0, Culture=neutral, PublicKeyToken=b03f5f7f11d50a3a'. The system cannot find the file specified.
Could not load file or assembly 'System.Runtime, Version=9.0.0.0, Culture=neutral, PublicKeyToken=b03f5f7f11d50a3a'. The system cannot find the file specified.
Could not load file or assembly 'System.Runtime, Version=9.0.0.0, Culture=neutral, PublicKeyToken=b03f5f7f11d50a3a'. The system cannot find the file specified.
Could not load file or assembly 'System.Runtime, Version=9.0.0.0, Culture=neutral, PublicKeyToken=b03f5f7f11d50a3a'. The system cannot find the file specified.
Could not load file or assembly 'System.Runtime, Version=9.0.0.0, Culture=neutral, PublicKeyToken=b03f5f7f11d50a3a'. The system cannot find the file specified.
Could not load file or assembly 'System.Runtime, Version=9.0.0.0, Culture=neutral, PublicKeyToken=b03f5f7f11d50a3a'. The system cannot find the file specified.
Could not load file or assembly 'System.Runtime, Version=9.0.0.0, Culture=neutral, PublicKeyToken=b03f5f7f11d50a3a'. The system cannot find the file specified.
Could not load file or assembly 'System.Runtime, Version=9.0.0.0, Culture=neutral, PublicKeyToken=b03f5f7f11d50a3a'. The system cannot find the file specified.
Could not load file or assembly 'System.Runtime, Version=9.0.0.0, Culture=neutral, PublicKeyToken=b03f5f7f11d50a3a'. The system cannot find the file specified.
Could not load file or assembly 'System.Runtime, Version=9.0.0.0, Culture=neutral, PublicKeyToken=b03f5f7f11d50a3a'. The system cannot find the file specified.
Could not load file or assembly 'System.Runtime, Version=9.0.0.0, Culture=neutral, PublicKeyToken=b03f5f7f11d50a3a'. The system cannot find the file specified.
Could not load file or assembly 'System.Runtime, Version=9.0.0.0, Culture=neutral, PublicKeyToken=b03f5f7f11d50a3a'. The system cannot find the file specified.
Could not load file or assembly 'System.Runtime, Version=9.0.0.0, Culture=neutral, PublicKeyToken=b03f5f7f11d50a3a'. The system cannot find the file specified.
Could not load file or assembly 'System.Runtime, Version=9.0.0.0, Culture=neutral, PublicKeyToken=b03f5f7f11d50a3a'. The system cannot find the file specified.
Could not load file or assembly 'System.Runtime, Version=9.0.0.0, Culture=neutral, PublicKeyToken=b03f5f7f11d50a3a'. The system cannot find the file specified.
Could not load file or assembly 'System.Runtime, Version=9.0.0.0, Culture=neutral, PublicKeyToken=b03f5f7f11d50a3a'. The system cannot find the file specified.
Could not load file or assembly 'System.Runtime, Version=9.0.0.0, Culture=neutral, PublicKeyToken=b03f5f7f11d50a3a'. The system cannot find the file specified.
Could not load file or assembly 'System.Runtime, Version=9.0.0.0, Culture=neutral, PublicKeyToken=b03f5f7f11d50a3a'. The system cannot find the file specified.
Could not load file or assembly 'System.Runtime, Version=9.0.0.0, Culture=neutral, PublicKeyToken=b03f5f7f11d50a3a'. The system cannot find the file specified.
Could not load file or assembly 'System.Runtime, Version=9.0.0.0, Culture=neutral, PublicKeyToken=b03f5f7f11d50a3a'. The system cannot find the file specified.
Could not load file or assembly 'System.Runtime, Version=9.0.0.0, Culture=neutral, PublicKeyToken=b03f5f7f11d50a3a'. The system cannot find the file specified.
Could not load file or assembly 'System.Runtime, Version=9.0.0.0, Culture=neutral, PublicKeyToken=b03f5f7f11d50a3a'. The system cannot find the file specified.
Could not load file or assembly 'System.Runtime, Version=9.0.0.0, Culture=neutral, PublicKeyToken=b03f5f7f11d50a3a'. The system cannot find the file specified.
Could not load file or assembly 'System.Runtime, Version=9.0.0.0, Culture=neutral, PublicKeyToken=b03f5f7f11d50a3a'. The system cannot find the file specified.
Could not load file or assembly 'System.Runtime, Version=9.0.0.0, Culture=neutral, PublicKeyToken=b03f5f7f11d50a3a'. The system cannot find the file specified.
Could not load file or assembly 'System.Runtime, Version=9.0.0.0, Culture=neutral, PublicKeyToken=b03f5f7f11d50a3a'. The system cannot find the file specified.
Could not load file or assembly 'System.Runtime, Version=9.0.0.0, Culture=neutral, PublicKeyToken=b03f5f7f11d50a3a'. The system cannot find the file specified.
Could not load file or assembly 'System.Runtime, Version=9.0.0.0, Culture=neutral, PublicKeyToken=b03f5f7f11d50a3a'. The system cannot find the file specified.
Could not load file or assembly 'System.Runtime, Version=9.0.0.0, Culture=neutral, PublicKeyToken=b03f5f7f11d50a3a'. The system cannot find the file specified.
Could not load file or assembly 'System.Runtime, Version=9.0.0.0, Culture=neutral, PublicKeyToken=b03f5f7f11d50a3a'. The system cannot find the file specified.
Could not load file or assembly 'System.Runtime, Version=9.0.0.0, Culture=neutral, PublicKeyToken=b03f5f7f11d50a3a'. The system cannot find the file specified.
Could not load file or assembly 'System.Runtime, Version=9.0.0.0, Culture=neutral, PublicKeyToken=b03f5f7f11d50a3a'. The system cannot find the file specified.
Could not load file or assembly 'System.Runtime, Version=9.0.0.0, Culture=neutral, PublicKeyToken=b03f5f7f11d50a3a'. The system cannot find the file specified.
Could not load file or assembly 'System.Runtime, Version=9.0.0.0, Culture=neutral, PublicKeyToken=b03f5f7f11d50a3a'. The system cannot find the file specified.
Could not load file or assembly 'System.Runtime, Version=9.0.0.0, Culture=neutral, PublicKeyToken=b03f5f7f11d50a3a'. The system cannot find the file specified.
Could not load file or assembly 'System.Runtime, Version=9.0.0.0, Culture=neutral, PublicKeyToken=b03f5f7f11d50a3a'. The system cannot find the file specified.
Could not load file or assembly 'System.Runtime, Version=9.0.0.0, Culture=neutral, PublicKeyToken=b03f5f7f11d50a3a'. The system cannot find the file specified.
Could not load file or assembly 'System.Runtime, Version=9.0.0.0, Culture=neutral, PublicKeyToken=b03f5f7f11d50a3a'. The system cannot find the file specified.
Could not load file or assembly 'System.Runtime, Version=9.0.0.0, Culture=neutral, PublicKeyToken=b03f5f7f11d50a3a'. The system cannot find the file specified.
Could not load file or assembly 'System.Runtime, Version=9.0.0.0, Culture=neutral, PublicKeyToken=b03f5f7f11d50a3a'. The system cannot find the file specified.
Could not load file or assembly 'System.Runtime, Version=9.0.0.0, Culture=neutral, PublicKeyToken=b03f5f7f11d50a3a'. The system cannot find the file specified.
Could not load file or assembly 'System.Runtime, Version=9.0.0.0, Culture=neutral, PublicKeyToken=b03f5f7f11d50a3a'. The system cannot find the file specified.
Could not load file or assembly 'System.Runtime, Version=9.0.0.0, Culture=neutral, PublicKeyToken=b03f5f7f11d50a3a'. The system cannot find the file specified.
Could not load file or assembly 'System.Runtime, Version=9.0.0.0, Culture=neutral, PublicKeyToken=b03f5f7f11d50a3a'. The system cannot find the file specified.
Could not load file or assembly 'System.Runtime, Version=9.0.0.0, Culture=neutral, PublicKeyToken=b03f5f7f11d50a3a'. The system cannot find the file specified.
Could not load file or assembly 'System.Runtime, Version=9.0.0.0, Culture=neutral, PublicKeyToken=b03f5f7f11d50a3a'. The system cannot find the file specified.
Could not load file or assembly 'System.Runtime, Version=9.0.0.0, Culture=neutral, PublicKeyToken=b03f5f7f11d50a3a'. The system cannot find the file specified.
Could not load file or assembly 'System.Runtime, Version=9.0.0.0, Culture=neutral, PublicKeyToken=b03f5f7f11d50a3a'. The system cannot find the file specified.
Could not load file or assembly 'System.Runtime, Version=9.0.0.0, Culture=neutral, PublicKeyToken=b03f5f7f11d50a3a'. The system cannot find the file specified.
Could not load file or assembly 'System.Runtime, Version=9.0.0.0, Culture=neutral, PublicKeyToken=b03f5f7f11d50a3a'. The system cannot find the file specified.
Could not load file or assembly 'System.Runtime, Version=9.0.0.0, Culture=neutral, PublicKeyToken=b03f5f7f11d50a3a'. The system cannot find the file specified.
Could not load file or assembly 'System.Runtime, Version=9.0.0.0, Culture=neutral, PublicKeyToken=b03f5f7f11d50a3a'. The system cannot find the file specified.
Could not load file or assembly 'System.Runtime, Version=9.0.0.0, Culture=neutral, PublicKeyToken=b03f5f7f11d50a3a'. The system cannot find the file specified.
Could not load file or assembly 'System.Runtime, Version=9.0.0.0, Culture=neutral, PublicKeyToken=b03f5f7f11d50a3a'. The system cannot find the file specified.
Could not load file or assembly 'System.Runtime, Version=9.0.0.0, Culture=neutral, PublicKeyToken=b03f5f7f11d50a3a'. The system cannot find the file specified.
Could not load file or assembly 'System.Runtime, Version=9.0.0.0, Culture=neutral, PublicKeyToken=b03f5f7f11d50a3a'. The system cannot find the file specified.
Could not load file or assembly 'System.Runtime, Version=9.0.0.0, Culture=neutral, PublicKeyToken=b03f5f7f11d50a3a'. The system cannot find the file specified.
Could not load file or assembly 'System.Runtime, Version=9.0.0.0, Culture=neutral, PublicKeyToken=b03f5f7f11d50a3a'. The system cannot find the file specified.
Could not load file or assembly 'System.Runtime, Version=9.0.0.0, Culture=neutral, PublicKeyToken=b03f5f7f11d50a3a'. The system cannot find the file specified.
Could not load file or assembly 'System.Runtime, Version=9.0.0.0, Culture=neutral, PublicKeyToken=b03f5f7f11d50a3a'. The system cannot find the file specified.
Could not load file or assembly 'System.Runtime, Version=9.0.0.0, Culture=neutral, PublicKeyToken=b03f5f7f11d50a3a'. The system cannot find the file specified.
Could not load file or assembly 'System.Runtime, Version=9.0.0.0, Culture=neutral, PublicKeyToken=b03f5f7f11d50a3a'. The system cannot find the file specified.
Could not load file or assembly 'System.Runtime, Version=9.0.0.0, Culture=neutral, PublicKeyToken=b03f5f7f11d50a3a'. The system cannot find the file specified.
Could not load file or assembly 'System.Runtime, Version=9.0.0.0, Culture=neutral, PublicKeyToken=b03f5f7f11d50a3a'. The system cannot find the file specified.
Could not load file or assembly 'System.Runtime, Version=9.0.0.0, Culture=neutral, PublicKeyToken=b03f5f7f11d50a3a'. The system cannot find the file specified.
Could not load file or assembly 'System.Runtime, Version=9.0.0.0, Culture=neutral, PublicKeyToken=b03f5f7f11d50a3a'. The system cannot find the file specified.
Could not load file or assembly 'System.Runtime, Version=9.0.0.0, Culture=neutral, PublicKeyToken=b03f5f7f11d50a3a'. The system cannot find the file specified.
Could not load file or assembly 'System.Runtime, Version=9.0.0.0, Culture=neutral, PublicKeyToken=b03f5f7f11d50a3a'. The system cannot find the file specified.
  ----> System.Reflection.ReflectionTypeLoadException : Unable to load one or more of the requested types.
Could not load file or assembly 'System.Runtime, Version=9.0.0.0, Culture=neutral, PublicKeyToken=b03f5f7f11d50a3a'. The system cannot find the file specified.
Could not load file or assembly 'System.Runtime, Version=9.0.0.0, Culture=neutral, PublicKeyToken=b03f5f7f11d50a3a'. The system cannot find the file specified.
Could not load file or assembly 'System.Runtime, Version=9.0.0.0, Culture=neutral, PublicKeyToken=b03f5f7f11d50a3a'. The system cannot find the file specified.
Could not load file or assembly 'System.Runtime, Version=9.0.0.0, Culture=neutral, PublicKeyToken=b03f5f7f11d50a3a'. The system cannot find the file specified.
Could not load file or assembly 'System.Runtime, Version=9.0.0.0, Culture=neutral, PublicKeyToken=b03f5f7f11d50a3a'. The system cannot find the file specified.
Could not load file or assembly 'System.Runtime, Version=9.0.0.0, Culture=neutral, PublicKeyToken=b03f5f7f11d50a3a'. The system cannot find the file specified.
Could not load file or assembly 'System.Runtime, Version=9.0.0.0, Culture=neutral, PublicKeyToken=b03f5f7f11d50a3a'. The system cannot find the file specified.
Could not load file or assembly 'System.Runtime, Version=9.0.0.0, Culture=neutral, PublicKeyToken=b03f5f7f11d50a3a'. The system cannot find the file specified.
Could not load file or assembly 'System.Runtime, Version=9.0.0.0, Culture=neutral, PublicKeyToken=b03f5f7f11d50a3a'. The system cannot find the file specified.
Could not load file or assembly 'System.Runtime, Version=9.0.0.0, Culture=neutral, PublicKeyToken=b03f5f7f11d50a3a'. The system cannot find the file specified.
Could not load file or assembly 'System.Runtime, Version=9.0.0.0, Culture=neutral, PublicKeyToken=b03f5f7f11d50a3a'. The system cannot find the file specified.
Could not load file or assembly 'System.Runtime, Version=9.0.0.0, Culture=neutral, PublicKeyToken=b03f5f7f11d50a3a'. The system cannot find the file specified.
Could not load file or assembly 'System.Runtime, Version=9.0.0.0, Culture=neutral, PublicKeyToken=b03f5f7f11d50a3a'. The system cannot find the file specified.
Could not load file or assembly 'System.Runtime, Version=9.0.0.0, Culture=neutral, PublicKeyToken=b03f5f7f11d50a3a'. The system cannot find the file specified.
Could not load file or assembly 'System.Runtime, Version=9.0.0.0, Culture=neutral, PublicKeyToken=b03f5f7f11d50a3a'. The system cannot find the file specified.
Could not load file or assembly 'System.Runtime, Version=9.0.0.0, Culture=neutral, PublicKeyToken=b03f5f7f11d50a3a'. The system cannot find the file specified.
Could not load file or assembly 'System.Runtime, Version=9.0.0.0, Culture=neutral, PublicKeyToken=b03f5f7f11d50a3a'. The system cannot find the file specified.
Could not load file or assembly 'System.Runtime, Version=9.0.0.0, Culture=neutral, PublicKeyToken=b03f5f7f11d50a3a'. The system cannot find the file specified.
Could not load file or assembly 'System.Runtime, Version=9.0.0.0, Culture=neutral, PublicKeyToken=b03f5f7f11d50a3a'. The system cannot find the file specified.
Could not load file or assembly 'System.Runtime, Version=9.0.0.0, Culture=neutral, PublicKeyToken=b03f5f7f11d50a3a'. The system cannot find the file specified.
Could not load file or assembly 'System.Runtime, Version=9.0.0.0, Culture=neutral, PublicKeyToken=b03f5f7f11d50a3a'. The system cannot find the file specified.
Could not load file or assembly 'System.Runtime, Version=9.0.0.0, Culture=neutral, PublicKeyToken=b03f5f7f11d50a3a'. The system cannot find the file specified.
Could not load file or assembly 'System.Runtime, Version=9.0.0.0, Culture=neutral, PublicKeyToken=b03f5f7f11d50a3a'. The system cannot find the file specified.
Could not load file or assembly 'System.Runtime, Version=9.0.0.0, Culture=neutral, PublicKeyToken=b03f5f7f11d50a3a'. The system cannot find the file specified.
Could not load file or assembly 'System.Runtime, Version=9.0.0.0, Culture=neutral, PublicKeyToken=b03f5f7f11d50a3a'. The system cannot find the file specified.
Could not load file or assembly 'System.Runtime, Version=9.0.0.0, Culture=neutral, PublicKeyToken=b03f5f7f11d50a3a'. The system cannot find the file specified.
Could not load file or assembly 'System.Runtime, Version=9.0.0.0, Culture=neutral, PublicKeyToken=b03f5f7f11d50a3a'. The system cannot find the file specified.
Could not load file or assembly 'System.Runtime, Version=9.0.0.0, Culture=neutral, PublicKeyToken=b03f5f7f11d50a3a'. The system cannot find the file specified.
Could not load file or assembly 'System.Runtime, Version=9.0.0.0, Culture=neutral, PublicKeyToken=b03f5f7f11d50a3a'. The system cannot find the file specified.
Could not load file or assembly 'System.Runtime, Version=9.0.0.0, Culture=neutral, PublicKeyToken=b03f5f7f11d50a3a'. The system cannot find the file specified.
Could not load file or assembly 'System.Runtime, Version=9.0.0.0, Culture=neutral, PublicKeyToken=b03f5f7f11d50a3a'. The system cannot find the file specified.
Could not load file or assembly 'System.Runtime, Version=9.0.0.0, Culture=neutral, PublicKeyToken=b03f5f7f11d50a3a'. The system cannot find the file specified.
Could not load file or assembly 'System.Runtime, Version=9.0.0.0, Culture=neutral, PublicKeyToken=b03f5f7f11d50a3a'. The system cannot find the file specified.
Could not load file or assembly 'System.Runtime, Version=9.0.0.0, Culture=neutral, PublicKeyToken=b03f5f7f11d50a3a'. The system cannot find the file specified.
Could not load file or assembly 'System.Runtime, Version=9.0.0.0, Culture=neutral, PublicKeyToken=b03f5f7f11d50a3a'. The system cannot find the file specified.
Could not load file or assembly 'System.Runtime, Version=9.0.0.0, Culture=neutral, PublicKeyToken=b03f5f7f11d50a3a'. The system cannot find the file specified.
Could not load file or assembly 'System.Runtime, Version=9.0.0.0, Culture=neutral, PublicKeyToken=b03f5f7f11d50a3a'. The system cannot find the file specified.
Could not load file or assembly 'System.Runtime, Version=9.0.0.0, Culture=neutral, PublicKeyToken=b03f5f7f11d50a3a'. The system cannot find the file specified.
Could not load file or assembly 'System.Runtime, Version=9.0.0.0, Culture=neutral, PublicKeyToken=b03f5f7f11d50a3a'. The system cannot find the file specified.
Could not load file or assembly 'System.Runtime, Version=9.0.0.0, Culture=neutral, PublicKeyToken=b03f5f7f11d50a3a'. The system cannot find the file specified.
Could not load file or assembly 'System.Runtime, Version=9.0.0.0, Culture=neutral, PublicKeyToken=b03f5f7f11d50a3a'. The system cannot find the file specified.
Could not load file or assembly 'System.Runtime, Version=9.0.0.0, Culture=neutral, PublicKeyToken=b03f5f7f11d50a3a'. The system cannot find the file specified.
Could not load file or assembly 'System.Runtime, Version=9.0.0.0, Culture=neutral, PublicKeyToken=b03f5f7f11d50a3a'. The system cannot find the file specified.
Could not load file or assembly 'System.Runtime, Version=9.0.0.0, Culture=neutral, PublicKeyToken=b03f5f7f11d50a3a'. The system cannot find the file specified.
Could not load file or assembly 'System.Runtime, Version=9.0.0.0, Culture=neutral, PublicKeyToken=b03f5f7f11d50a3a'. The system cannot find the file specified.
Could not load file or assembly 'System.Runtime, Version=9.0.0.0, Culture=neutral, PublicKeyToken=b03f5f7f11d50a3a'. The system cannot find the file specified.
Could not load file or assembly 'System.Runtime, Version=9.0.0.0, Culture=neutral, PublicKeyToken=b03f5f7f11d50a3a'. The system cannot find the file specified.
Could not load file or assembly 'System.Runtime, Version=9.0.0.0, Culture=neutral, PublicKeyToken=b03f5f7f11d50a3a'. The system cannot find the file specified.
Could not load file or assembly 'System.Runtime, Version=9.0.0.0, Culture=neutral, PublicKeyToken=b03f5f7f11d50a3a'. The system cannot find the file specified.
Could not load file or assembly 'System.Runtime, Version=9.0.0.0, Culture=neutral, PublicKeyToken=b03f5f7f11d50a3a'. The system cannot find the file specified.
Could not load file or assembly 'System.Runtime, Version=9.0.0.0, Culture=neutral, PublicKeyToken=b03f5f7f11d50a3a'. The system cannot find the file specified.
Could not load file or assembly 'System.Runtime, Version=9.0.0.0, Culture=neutral, PublicKeyToken=b03f5f7f11d50a3a'. The system cannot find the file specified.
Could not load file or assembly 'System.Runtime, Version=9.0.0.0, Culture=neutral, PublicKeyToken=b03f5f7f11d50a3a'. The system cannot find the file specified.
Could not load file or assembly 'System.Runtime, Version=9.0.0.0, Culture=neutral, PublicKeyToken=b03f5f7f11d50a3a'. The system cannot find the file specified.
Could not load file or assembly 'System.Runtime, Version=9.0.0.0, Culture=neutral, PublicKeyToken=b03f5f7f11d50a3a'. The system cannot find the file specified.
Could not load file or assembly 'System.Runtime, Version=9.0.0.0, Culture=neutral, PublicKeyToken=b03f5f7f11d50a3a'. The system cannot find the file specified.
Could not load file or assembly 'System.Runtime, Version=9.0.0.0, Culture=neutral, PublicKeyToken=b03f5f7f11d50a3a'. The system cannot find the file specified.
Could not load file or assembly 'System.Runtime, Version=9.0.0.0, Culture=neutral, PublicKeyToken=b03f5f7f11d50a3a'. The system cannot find the file specified.
Could not load file or assembly 'System.Runtime, Version=9.0.0.0, Culture=neutral, PublicKeyToken=b03f5f7f11d50a3a'. The system cannot find the file specified.
Could not load file or assembly 'System.Runtime, Version=9.0.0.0, Culture=neutral, PublicKeyToken=b03f5f7f11d50a3a'. The system cannot find the file specified.
Could not load file or assembly 'System.Runtime, Version=9.0.0.0, Culture=neutral, PublicKeyToken=b03f5f7f11d50a3a'. The system cannot find the file specified.
Could not load file or assembly 'System.Runtime, Version=9.0.0.0, Culture=neutral, PublicKeyToken=b03f5f7f11d50a3a'. The system cannot find the file specified.
Could not load file or assembly 'System.Runtime, Version=9.0.0.0, Culture=neutral, PublicKeyToken=b03f5f7f11d50a3a'. The system cannot find the file specified.
Could not load file or assembly 'System.Runtime, Version=9.0.0.0, Culture=neutral, PublicKeyToken=b03f5f7f11d50a3a'. The system cannot find the file specified.
Could not load file or assembly 'System.Runtime, Version=9.0.0.0, Culture=neutral, PublicKeyToken=b03f5f7f11d50a3a'. The system cannot find the file specified.
Could not load file or assembly 'System.Runtime, Version=9.0.0.0, Culture=neutral, PublicKeyToken=b03f5f7f11d50a3a'. The system cannot find the file specified.
Could not load file or assembly 'System.Runtime, Version=9.0.0.0, Culture=neutral, PublicKeyToken=b03f5f7f11d50a3a'. The system cannot find the file specified.
Could not load file or assembly 'System.Runtime, Version=9.0.0.0, Culture=neutral, PublicKeyToken=b03f5f7f11d50a3a'. The system cannot find the file specified.
Could not load file or assembly 'System.Runtime, Version=9.0.0.0, Culture=neutral, PublicKeyToken=b03f5f7f11d50a3a'. The system cannot find the file specified.
Could not load file or assembly 'System.Runtime, Version=9.0.0.0, Culture=neutral, PublicKeyToken=b03f5f7f11d50a3a'. The system cannot find the file specified.
Could not load file or assembly 'System.Runtime, Version=9.0.0.0, Culture=neutral, PublicKeyToken=b03f5f7f11d50a3a'. The system cannot find the file specified.
Could not load file or assembly 'System.Runtime, Version=9.0.0.0, Culture=neutral, PublicKeyToken=b03f5f7f11d50a3a'. The system cannot find the file specified.
Could not load file or assembly 'System.Runtime, Version=9.0.0.0, Culture=neutral, PublicKeyToken=b03f5f7f11d50a3a'. The system cannot find the file specified.
Could not load file or assembly 'System.Runtime, Version=9.0.0.0, Culture=neutral, PublicKeyToken=b03f5f7f11d50a3a'. The system cannot find the file specified.
Could not load file or assembly 'System.Runtime, Version=9.0.0.0, Culture=neutral, PublicKeyToken=b03f5f7f11d50a3a'. The system cannot find the file specified.
Could not load file or assembly 'System.Runtime, Version=9.0.0.0, Culture=neutral, PublicKeyToken=b03f5f7f11d50a3a'. The system cannot find the file specified.
Could not load file or assembly 'System.Runtime, Version=9.0.0.0, Culture=neutral, PublicKeyToken=b03f5f7f11d50a3a'. The system cannot find the file specified.
  ----> System.Reflection.ReflectionTypeLoadException : Unable to load one or more of the requested types.
Could not load file or assembly 'System.Runtime, Version=9.0.0.0, Culture=neutral, PublicKeyToken=b03f5f7f11d50a3a'. The system cannot find the file specified.
Could not load file or assembly 'System.Runtime, Version=9.0.0.0, Culture=neutral, PublicKeyToken=b03f5f7f11d50a3a'. The system cannot find the file specified.
Could not load file or assembly 'System.Runtime, Version=9.0.0.0, Culture=neutral, PublicKeyToken=b03f5f7f11d50a3a'. The system cannot find the file specified.
Could not load file or assembly 'System.Runtime, Version=9.0.0.0, Culture=neutral, PublicKeyToken=b03f5f7f11d50a3a'. The system cannot find the file specified.
Could not load file or assembly 'System.Runtime, Version=9.0.0.0, Culture=neutral, PublicKeyToken=b03f5f7f11d50a3a'. The system cannot find the file specified.
Could not load file or assembly 'System.Runtime, Version=9.0.0.0, Culture=neutral, PublicKeyToken=b03f5f7f11d50a3a'. The system cannot find the file specified.
Could not load file or assembly 'System.Runtime, Version=9.0.0.0, Culture=neutral, PublicKeyToken=b03f5f7f11d50a3a'. The system cannot find the file specified.
Could not load file or assembly 'System.Runtime, Version=9.0.0.0, Culture=neutral, PublicKeyToken=b03f5f7f11d50a3a'. The system cannot find the file specified.
Could not load file or assembly 'System.Runtime, Version=9.0.0.0, Culture=neutral, PublicKeyToken=b03f5f7f11d50a3a'. The system cannot find the file specified.
Could not load file or assembly 'System.Runtime, Version=9.0.0.0, Culture=neutral, PublicKeyToken=b03f5f7f11d50a3a'. The system cannot find the file specified.
Could not load file or assembly 'System.Runtime, Version=9.0.0.0, Culture=neutral, PublicKeyToken=b03f5f7f11d50a3a'. The system cannot find the file specified.
Could not load file or assembly 'System.Runtime, Version=9.0.0.0, Culture=neutral, PublicKeyToken=b03f5f7f11d50a3a'. The system cannot find the file specified.
Could not load file or assembly 'System.Runtime, Version=9.0.0.0, Culture=neutral, PublicKeyToken=b03f5f7f11d50a3a'. The system cannot find the file specified.
Could not load file or assembly 'System.Runtime, Version=9.0.0.0, Culture=neutral, PublicKeyToken=b03f5f7f11d50a3a'. The system cannot find the file specified.
Could not load file or assembly 'System.Runtime, Version=9.0.0.0, Culture=neutral, PublicKeyToken=b03f5f7f11d50a3a'. The system cannot find the file specified.
Could not load file or assembly 'System.Runtime, Version=9.0.0.0, Culture=neutral, PublicKeyToken=b03f5f7f11d50a3a'. The system cannot find the file specified.
Could not load file or assembly 'System.Runtime, Version=9.0.0.0, Culture=neutral, PublicKeyToken=b03f5f7f11d50a3a'. The system cannot find the file specified.
Could not load file or assembly 'System.Runtime, Version=9.0.0.0, Culture=neutral, PublicKeyToken=b03f5f7f11d50a3a'. The system cannot find the file specified.
Could not load file or assembly 'System.Runtime, Version=9.0.0.0, Culture=neutral, PublicKeyToken=b03f5f7f11d50a3a'. The system cannot find the file specified.
Could not load file or assembly 'System.Runtime, Version=9.0.0.0, Culture=neutral, PublicKeyToken=b03f5f7f11d50a3a'. The system cannot find the file specified.
Could not load file or assembly 'System.Runtime, Version=9.0.0.0, Culture=neutral, PublicKeyToken=b03f5f7f11d50a3a'. The system cannot find the file specified.
Could not load file or assembly 'System.Runtime, Version=9.0.0.0, Culture=neutral, PublicKeyToken=b03f5f7f11d50a3a'. The system cannot find the file specified.
Could not load file or assembly 'System.Runtime, Version=9.0.0.0, Culture=neutral, PublicKeyToken=b03f5f7f11d50a3a'. The system cannot find the file specified.
Could not load file or assembly 'System.Runtime, Version=9.0.0.0, Culture=neutral, PublicKeyToken=b03f5f7f11d50a3a'. The system cannot find the file specified.
Could not load file or assembly 'System.Runtime, Version=9.0.0.0, Culture=neutral, PublicKeyToken=b03f5f7f11d50a3a'. The system cannot find the file specified.
Could not load file or assembly 'System.Runtime, Version=9.0.0.0, Culture=neutral, PublicKeyToken=b03f5f7f11d50a3a'. The system cannot find the file specified.
Could not load file or assembly 'System.Runtime, Version=9.0.0.0, Culture=neutral, PublicKeyToken=b03f5f7f11d50a3a'. The system cannot find the file specified.
Could not load file or assembly 'System.Runtime, Version=9.0.0.0, Culture=neutral, PublicKeyToken=b03f5f7f11d50a3a'. The system cannot find the file specified.
Could not load file or assembly 'System.Runtime, Version=9.0.0.0, Culture=neutral, PublicKeyToken=b03f5f7f11d50a3a'. The system cannot find the file specified.
Could not load file or assembly 'System.Runtime, Version=9.0.0.0, Culture=neutral, PublicKeyToken=b03f5f7f11d50a3a'. The system cannot find the file specified.
Could not load file or assembly 'System.Runtime, Version=9.0.0.0, Culture=neutral, PublicKeyToken=b03f5f7f11d50a3a'. The system cannot find the file specified.
Could not load file or assembly 'System.Runtime, Version=9.0.0.0, Culture=neutral, PublicKeyToken=b03f5f7f11d50a3a'. The system cannot find the file specified.
Could not load file or assembly 'System.Runtime, Version=9.0.0.0, Culture=neutral, PublicKeyToken=b03f5f7f11d50a3a'. The system cannot find the file specified.
Could not load file or assembly 'System.Runtime, Version=9.0.0.0, Culture=neutral, PublicKeyToken=b03f5f7f11d50a3a'. The system cannot find the file specified.
Could not load file or assembly 'System.Runtime, Version=9.0.0.0, Culture=neutral, PublicKeyToken=b03f5f7f11d50a3a'. The system cannot find the file specified.
Could not load file or assembly 'System.Runtime, Version=9.0.0.0, Culture=neutral, PublicKeyToken=b03f5f7f11d50a3a'. The system cannot find the file specified.
Could not load file or assembly 'System.Runtime, Version=9.0.0.0, Culture=neutral, PublicKeyToken=b03f5f7f11d50a3a'. The system cannot find the file specified.
Could not load file or assembly 'System.Runtime, Version=9.0.0.0, Culture=neutral, PublicKeyToken=b03f5f7f11d50a3a'. The system cannot find the file specified.
Could not load file or assembly 'System.Runtime, Version=9.0.0.0, Culture=neutral, PublicKeyToken=b03f5f7f11d50a3a'. The system cannot find the file specified.
Could not load file or assembly 'System.Runtime, Version=9.0.0.0, Culture=neutral, PublicKeyToken=b03f5f7f11d50a3a'. The system cannot find the file specified.
Could not load file or assembly 'System.Runtime, Version=9.0.0.0, Culture=neutral, PublicKeyToken=b03f5f7f11d50a3a'. The system cannot find the file specified.
Could not load file or assembly 'System.Runtime, Version=9.0.0.0, Culture=neutral, PublicKeyToken=b03f5f7f11d50a3a'. The system cannot find the file specified.
Could not load file or assembly 'System.Runtime, Version=9.0.0.0, Culture=neutral, PublicKeyToken=b03f5f7f11d50a3a'. The system cannot find the file specified.
Could not load file or assembly 'System.Runtime, Version=9.0.0.0, Culture=neutral, PublicKeyToken=b03f5f7f11d50a3a'. The system cannot find the file specified.
Could not load file or assembly 'System.Runtime, Version=9.0.0.0, Culture=neutral, PublicKeyToken=b03f5f7f11d50a3a'. The system cannot find the file specified.
Could not load file or assembly 'System.Runtime, Version=9.0.0.0, Culture=neutral, PublicKeyToken=b03f5f7f11d50a3a'. The system cannot find the file specified.
Could not load file or assembly 'System.Runtime, Version=9.0.0.0, Culture=neutral, PublicKeyToken=b03f5f7f11d50a3a'. The system cannot find the file specified.
Could not load file or assembly 'System.Runtime, Version=9.0.0.0, Culture=neutral, PublicKeyToken=b03f5f7f11d50a3a'. The system cannot find the file specified.
Could not load file or assembly 'System.Runtime, Version=9.0.0.0, Culture=neutral, PublicKeyToken=b03f5f7f11d50a3a'. The system cannot find the file specified.
Could not load file or assembly 'System.Runtime, Version=9.0.0.0, Culture=neutral, PublicKeyToken=b03f5f7f11d50a3a'. The system cannot find the file specified.
Could not load file or assembly 'System.Runtime, Version=9.0.0.0, Culture=neutral, PublicKeyToken=b03f5f7f11d50a3a'. The system cannot find the file specified.
Could not load file or assembly 'System.Runtime, Version=9.0.0.0, Culture=neutral, PublicKeyToken=b03f5f7f11d50a3a'. The system cannot find the file specified.
Could not load file or assembly 'System.Runtime, Version=9.0.0.0, Culture=neutral, PublicKeyToken=b03f5f7f11d50a3a'. The system cannot find the file specified.
Could not load file or assembly 'System.Runtime, Version=9.0.0.0, Culture=neutral, PublicKeyToken=b03f5f7f11d50a3a'. The system cannot find the file specified.
Could not load file or assembly 'System.Runtime, Version=9.0.0.0, Culture=neutral, PublicKeyToken=b03f5f7f11d50a3a'. The system cannot find the file specified.
Could not load file or assembly 'System.Runtime, Version=9.0.0.0, Culture=neutral, PublicKeyToken=b03f5f7f11d50a3a'. The system cannot find the file specified.
Could not load file or assembly 'System.Runtime, Version=9.0.0.0, Culture=neutral, PublicKeyToken=b03f5f7f11d50a3a'. The system cannot find the file specified.
Could not load file or assembly 'System.Runtime, Version=9.0.0.0, Culture=neutral, PublicKeyToken=b03f5f7f11d50a3a'. The system cannot find the file specified.
Could not load file or assembly 'System.Runtime, Version=9.0.0.0, Culture=neutral, PublicKeyToken=b03f5f7f11d50a3a'. The system cannot find the file specified.
Could not load file or assembly 'System.Runtime, Version=9.0.0.0, Culture=neutral, PublicKeyToken=b03f5f7f11d50a3a'. The system cannot find the file specified.
Could not load file or assembly 'System.Runtime, Version=9.0.0.0, Culture=neutral, PublicKeyToken=b03f5f7f11d50a3a'. The system cannot find the file specified.
Could not load file or assembly 'System.Runtime, Version=9.0.0.0, Culture=neutral, PublicKeyToken=b03f5f7f11d50a3a'. The system cannot find the file specified.
Could not load file or assembly 'System.Runtime, Version=9.0.0.0, Culture=neutral, PublicKeyToken=b03f5f7f11d50a3a'. The system cannot find the file specified.
Could not load file or assembly 'System.Runtime, Version=9.0.0.0, Culture=neutral, PublicKeyToken=b03f5f7f11d50a3a'. The system cannot find the file specified.
Could not load file or assembly 'System.Runtime, Version=9.0.0.0, Culture=neutral, PublicKeyToken=b03f5f7f11d50a3a'. The system cannot find the file specified.
Could not load file or assembly 'System.Runtime, Version=9.0.0.0, Culture=neutral, PublicKeyToken=b03f5f7f11d50a3a'. The system cannot find the file specified.
Could not load file or assembly 'System.Runtime, Version=9.0.0.0, Culture=neutral, PublicKeyToken=b03f5f7f11d50a3a'. The system cannot find the file specified.
Could not load file or assembly 'System.Runtime, Version=9.0.0.0, Culture=neutral, PublicKeyToken=b03f5f7f11d50a3a'. The system cannot find the file specified.
Could not load file or assembly 'System.Runtime, Version=9.0.0.0, Culture=neutral, PublicKeyToken=b03f5f7f11d50a3a'. The system cannot find the file specified.
Could not load file or assembly 'System.Runtime, Version=9.0.0.0, Culture=neutral, PublicKeyToken=b03f5f7f11d50a3a'. The system cannot find the file specified.
Could not load file or assembly 'System.Runtime, Version=9.0.0.0, Culture=neutral, PublicKeyToken=b03f5f7f11d50a3a'. The system cannot find the file specified.
Could not load file or assembly 'System.Runtime, Version=9.0.0.0, Culture=neutral, PublicKeyToken=b03f5f7f11d50a3a'. The system cannot find the file specified.
Could not load file or assembly 'System.Runtime, Version=9.0.0.0, Culture=neutral, PublicKeyToken=b03f5f7f11d50a3a'. The system cannot find the file specified.
Could not load file or assembly 'System.Runtime, Version=9.0.0.0, Culture=neutral, PublicKeyToken=b03f5f7f11d50a3a'. The system cannot find the file specified.
Could not load file or assembly 'System.Runtime, Version=9.0.0.0, Culture=neutral, PublicKeyToken=b03f5f7f11d50a3a'. The system cannot find the file specified.
Could not load file or assembly 'System.Runtime, Version=9.0.0.0, Culture=neutral, PublicKeyToken=b03f5f7f11d50a3a'. The system cannot find the file specified.
Could not load file or assembly 'System.Runtime, Version=9.0.0.0, Culture=neutral, PublicKeyToken=b03f5f7f11d50a3a'. The system cannot find the file specified.
  ----> System.Reflection.ReflectionTypeLoadException : Unable to load one or more of the requested types.
Could not load file or assembly 'System.Runtime, Version=9.0.0.0, Culture=neutral, PublicKeyToken=b03f5f7f11d50a3a'. The system cannot find the file specified.
Could not load file or assembly 'System.Runtime, Version=9.0.0.0, Culture=neutral, PublicKeyToken=b03f5f7f11d50a3a'. The system cannot find the file specified.
Could not load file or assembly 'System.Runtime, Version=9.0.0.0, Culture=neutral, PublicKeyToken=b03f5f7f11d50a3a'. The system cannot find the file specified.
Could not load file or assembly 'System.Runtime, Version=9.0.0.0, Culture=neutral, PublicKeyToken=b03f5f7f11d50a3a'. The system cannot find the file specified.
Could not load file or assembly 'System.Runtime, Version=9.0.0.0, Culture=neutral, PublicKeyToken=b03f5f7f11d50a3a'. The system cannot find the file specified.
Could not load file or assembly 'System.Runtime, Version=9.0.0.0, Culture=neutral, PublicKeyToken=b03f5f7f11d50a3a'. The system cannot find the file specified.
Could not load file or assembly 'System.Runtime, Version=9.0.0.0, Culture=neutral, PublicKeyToken=b03f5f7f11d50a3a'. The system cannot find the file specified.
Could not load file or assembly 'System.Runtime, Version=9.0.0.0, Culture=neutral, PublicKeyToken=b03f5f7f11d50a3a'. The system cannot find the file specified.
Could not load file or assembly 'System.Runtime, Version=9.0.0.0, Culture=neutral, PublicKeyToken=b03f5f7f11d50a3a'. The system cannot find the file specified.
Could not load file or assembly 'System.Runtime, Version=9.0.0.0, Culture=neutral, PublicKeyToken=b03f5f7f11d50a3a'. The system cannot find the file specified.
Could not load file or assembly 'System.Runtime, Version=9.0.0.0, Culture=neutral, PublicKeyToken=b03f5f7f11d50a3a'. The system cannot find the file specified.
Could not load file or assembly 'System.Runtime, Version=9.0.0.0, Culture=neutral, PublicKeyToken=b03f5f7f11d50a3a'. The system cannot find the file specified.
Could not load file or assembly 'System.Runtime, Version=9.0.0.0, Culture=neutral, PublicKeyToken=b03f5f7f11d50a3a'. The system cannot find the file specified.
Could not load file or assembly 'System.Runtime, Version=9.0.0.0, Culture=neutral, PublicKeyToken=b03f5f7f11d50a3a'. The system cannot find the file specified.
Could not load file or assembly 'System.Runtime, Version=9.0.0.0, Culture=neutral, PublicKeyToken=b03f5f7f11d50a3a'. The system cannot find the file specified.
Could not load file or assembly 'System.Runtime, Version=9.0.0.0, Culture=neutral, PublicKeyToken=b03f5f7f11d50a3a'. The system cannot find the file specified.
Could not load file or assembly 'System.Runtime, Version=9.0.0.0, Culture=neutral, PublicKeyToken=b03f5f7f11d50a3a'. The system cannot find the file specified.
Could not load file or assembly 'System.Runtime, Version=9.0.0.0, Culture=neutral, PublicKeyToken=b03f5f7f11d50a3a'. The system cannot find the file specified.
Could not load file or assembly 'System.Runtime, Version=9.0.0.0, Culture=neutral, PublicKeyToken=b03f5f7f11d50a3a'. The system cannot find the file specified.
Could not load file or assembly 'System.Runtime, Version=9.0.0.0, Culture=neutral, PublicKeyToken=b03f5f7f11d50a3a'. The system cannot find the file specified.
Could not load file or assembly 'System.Runtime, Version=9.0.0.0, Culture=neutral, PublicKeyToken=b03f5f7f11d50a3a'. The system cannot find the file specified.
Could not load file or assembly 'System.Runtime, Version=9.0.0.0, Culture=neutral, PublicKeyToken=b03f5f7f11d50a3a'. The system cannot find the file specified.
Could not load file or assembly 'System.Runtime, Version=9.0.0.0, Culture=neutral, PublicKeyToken=b03f5f7f11d50a3a'. The system cannot find the file specified.
Could not load file or assembly 'System.Runtime, Version=9.0.0.0, Culture=neutral, PublicKeyToken=b03f5f7f11d50a3a'. The system cannot find the file specified.
Could not load file or assembly 'System.Runtime, Version=9.0.0.0, Culture=neutral, PublicKeyToken=b03f5f7f11d50a3a'. The system cannot find the file specified.
Could not load file or assembly 'System.Runtime, Version=9.0.0.0, Culture=neutral, PublicKeyToken=b03f5f7f11d50a3a'. The system cannot find the file specified.
Could not load file or assembly 'System.Runtime, Version=9.0.0.0, Culture=neutral, PublicKeyToken=b03f5f7f11d50a3a'. The system cannot find the file specified.
Could not load file or assembly 'System.Runtime, Version=9.0.0.0, Culture=neutral, PublicKeyToken=b03f5f7f11d50a3a'. The system cannot find the file specified.
Could not load file or assembly 'System.Runtime, Version=9.0.0.0, Culture=neutral, PublicKeyToken=b03f5f7f11d50a3a'. The system cannot find the file specified.
Could not load file or assembly 'System.Runtime, Version=9.0.0.0, Culture=neutral, PublicKeyToken=b03f5f7f11d50a3a'. The system cannot find the file specified.
Could not load file or assembly 'System.Runtime, Version=9.0.0.0, Culture=neutral, PublicKeyToken=b03f5f7f11d50a3a'. The system cannot find the file specified.
Could not load file or assembly 'System.Runtime, Version=9.0.0.0, Culture=neutral, PublicKeyToken=b03f5f7f11d50a3a'. The system cannot find the file specified.
Could not load file or assembly 'System.Runtime, Version=9.0.0.0, Culture=neutral, PublicKeyToken=b03f5f7f11d50a3a'. The system cannot find the file specified.
Could not load file or assembly 'System.Runtime, Version=9.0.0.0, Culture=neutral, PublicKeyToken=b03f5f7f11d50a3a'. The system cannot find the file specified.
Could not load file or assembly 'System.Runtime, Version=9.0.0.0, Culture=neutral, PublicKeyToken=b03f5f7f11d50a3a'. The system cannot find the file specified.
Could not load file or assembly 'System.Runtime, Version=9.0.0.0, Culture=neutral, PublicKeyToken=b03f5f7f11d50a3a'. The system cannot find the file specified.
Could not load file or assembly 'System.Runtime, Version=9.0.0.0, Culture=neutral, PublicKeyToken=b03f5f7f11d50a3a'. The system cannot find the file specified.
Could not load file or assembly 'System.Runtime, Version=9.0.0.0, Culture=neutral, PublicKeyToken=b03f5f7f11d50a3a'. The system cannot find the file specified.
Could not load file or assembly 'System.Runtime, Version=9.0.0.0, Culture=neutral, PublicKeyToken=b03f5f7f11d50a3a'. The system cannot find the file specified.
Could not load file or assembly 'System.Runtime, Version=9.0.0.0, Culture=neutral, PublicKeyToken=b03f5f7f11d50a3a'. The system cannot find the file specified.
Could not load file or assembly 'System.Runtime, Version=9.0.0.0, Culture=neutral, PublicKeyToken=b03f5f7f11d50a3a'. The system cannot find the file specified.
Could not load file or assembly 'System.Runtime, Version=9.0.0.0, Culture=neutral, PublicKeyToken=b03f5f7f11d50a3a'. The system cannot find the file specified.
Could not load file or assembly 'System.Runtime, Version=9.0.0.0, Culture=neutral, PublicKeyToken=b03f5f7f11d50a3a'. The system cannot find the file specified.
Could not load file or assembly 'System.Runtime, Version=9.0.0.0, Culture=neutral, PublicKeyToken=b03f5f7f11d50a3a'. The system cannot find the file specified.
Could not load file or assembly 'System.Runtime, Version=9.0.0.0, Culture=neutral, PublicKeyToken=b03f5f7f11d50a3a'. The system cannot find the file specified.
Could not load file or assembly 'System.Runtime, Version=9.0.0.0, Culture=neutral, PublicKeyToken=b03f5f7f11d50a3a'. The system cannot find the file specified.
Could not load file or assembly 'System.Runtime, Version=9.0.0.0, Culture=neutral, PublicKeyToken=b03f5f7f11d50a3a'. The system cannot find the file specified.
Could not load file or assembly 'System.Runtime, Version=9.0.0.0, Culture=neutral, PublicKeyToken=b03f5f7f11d50a3a'. The system cannot find the file specified.
Could not load file or assembly 'System.Runtime, Version=9.0.0.0, Culture=neutral, PublicKeyToken=b03f5f7f11d50a3a'. The system cannot find the file specified.
Could not load file or assembly 'System.Runtime, Version=9.0.0.0, Culture=neutral, PublicKeyToken=b03f5f7f11d50a3a'. The system cannot find the file specified.
Could not load file or assembly 'System.Runtime, Version=9.0.0.0, Culture=neutral, PublicKeyToken=b03f5f7f11d50a3a'. The system cannot find the file specified.
Could not load file or assembly 'System.Runtime, Version=9.0.0.0, Culture=neutral, PublicKeyToken=b03f5f7f11d50a3a'. The system cannot find the file specified.
Could not load file or assembly 'System.Runtime, Version=9.0.0.0, Culture=neutral, PublicKeyToken=b03f5f7f11d50a3a'. The system cannot find the file specified.
Could not load file or assembly 'System.Runtime, Version=9.0.0.0, Culture=neutral, PublicKeyToken=b03f5f7f11d50a3a'. The system cannot find the file specified.
Could not load file or assembly 'System.Runtime, Version=9.0.0.0, Culture=neutral, PublicKeyToken=b03f5f7f11d50a3a'. The system cannot find the file specified.
Could not load file or assembly 'System.Runtime, Version=9.0.0.0, Culture=neutral, PublicKeyToken=b03f5f7f11d50a3a'. The system cannot find the file specified.
Could not load file or assembly 'System.Runtime, Version=9.0.0.0, Culture=neutral, PublicKeyToken=b03f5f7f11d50a3a'. The system cannot find the file specified.
Could not load file or assembly 'System.Runtime, Version=9.0.0.0, Culture=neutral, PublicKeyToken=b03f5f7f11d50a3a'. The system cannot find the file specified.
Could not load file or assembly 'System.Runtime, Version=9.0.0.0, Culture=neutral, PublicKeyToken=b03f5f7f11d50a3a'. The system cannot find the file specified.
Could not load file or assembly 'System.Runtime, Version=9.0.0.0, Culture=neutral, PublicKeyToken=b03f5f7f11d50a3a'. The system cannot find the file specified.
Could not load file or assembly 'System.Runtime, Version=9.0.0.0, Culture=neutral, PublicKeyToken=b03f5f7f11d50a3a'. The system cannot find the file specified.
Could not load file or assembly 'System.Runtime, Version=9.0.0.0, Culture=neutral, PublicKeyToken=b03f5f7f11d50a3a'. The system cannot find the file specified.
Could not load file or assembly 'System.Runtime, Version=9.0.0.0, Culture=neutral, PublicKeyToken=b03f5f7f11d50a3a'. The system cannot find the file specified.
Could not load file or assembly 'System.Runtime, Version=9.0.0.0, Culture=neutral, PublicKeyToken=b03f5f7f11d50a3a'. The system cannot find the file specified.
Could not load file or assembly 'System.Runtime, Version=9.0.0.0, Culture=neutral, PublicKeyToken=b03f5f7f11d50a3a'. The system cannot find the file specified.
Could not load file or assembly 'System.Runtime, Version=9.0.0.0, Culture=neutral, PublicKeyToken=b03f5f7f11d50a3a'. The system cannot find the file specified.
Could not load file or assembly 'System.Runtime, Version=9.0.0.0, Culture=neutral, PublicKeyToken=b03f5f7f11d50a3a'. The system cannot find the file specified.
Could not load file or assembly 'System.Runtime, Version=9.0.0.0, Culture=neutral, PublicKeyToken=b03f5f7f11d50a3a'. The system cannot find the file specified.
Could not load file or assembly 'System.Runtime, Version=9.0.0.0, Culture=neutral, PublicKeyToken=b03f5f7f11d50a3a'. The system cannot find the file specified.
Could not load file or assembly 'System.Runtime, Version=9.0.0.0, Culture=neutral, PublicKeyToken=b03f5f7f11d50a3a'. The system cannot find the file specified.
Could not load file or assembly 'System.Runtime, Version=9.0.0.0, Culture=neutral, PublicKeyToken=b03f5f7f11d50a3a'. The system cannot find the file specified.
Could not load file or assembly 'System.Runtime, Version=9.0.0.0, Culture=neutral, PublicKeyToken=b03f5f7f11d50a3a'. The system cannot find the file specified.
Could not load file or assembly 'System.Runtime, Version=9.0.0.0, Culture=neutral, PublicKeyToken=b03f5f7f11d50a3a'. The system cannot find the file specified.
Could not load file or assembly 'System.Runtime, Version=9.0.0.0, Culture=neutral, PublicKeyToken=b03f5f7f11d50a3a'. The system cannot find the file specified.
Could not load file or assembly 'System.Runtime, Version=9.0.0.0, Culture=neutral, PublicKeyToken=b03f5f7f11d50a3a'. The system cannot find the file specified.
Could not load file or assembly 'System.Runtime, Version=9.0.0.0, Culture=neutral, PublicKeyToken=b03f5f7f11d50a3a'. The system cannot find the file specified.
Could not load file or assembly 'System.Runtime, Version=9.0.0.0, Culture=neutral, PublicKeyToken=b03f5f7f11d50a3a'. The system cannot find the file specified.
  ----> System.Reflection.ReflectionTypeLoadException : Unable to load one or more of the requested types.
Could not load file or assembly 'System.Runtime, Version=9.0.0.0, Culture=neutral, PublicKeyToken=b03f5f7f11d50a3a'. The system cannot find the file specified.
Could not load file or assembly 'System.Runtime, Version=9.0.0.0, Culture=neutral, PublicKeyToken=b03f5f7f11d50a3a'. The system cannot find the file specified.
Could not load file or assembly 'System.Runtime, Version=9.0.0.0, Culture=neutral, PublicKeyToken=b03f5f7f11d50a3a'. The system cannot find the file specified.
Could not load file or assembly 'System.Runtime, Version=9.0.0.0, Culture=neutral, PublicKeyToken=b03f5f7f11d50a3a'. The system cannot find the file specified.
Could not load file or assembly 'System.Runtime, Version=9.0.0.0, Culture=neutral, PublicKeyToken=b03f5f7f11d50a3a'. The system cannot find the file specified.
Could not load file or assembly 'System.Runtime, Version=9.0.0.0, Culture=neutral, PublicKeyToken=b03f5f7f11d50a3a'. The system cannot find the file specified.
Could not load file or assembly 'System.Runtime, Version=9.0.0.0, Culture=neutral, PublicKeyToken=b03f5f7f11d50a3a'. The system cannot find the file specified.
Could not load file or assembly 'System.Runtime, Version=9.0.0.0, Culture=neutral, PublicKeyToken=b03f5f7f11d50a3a'. The system cannot find the file specified.
Could not load file or assembly 'System.Runtime, Version=9.0.0.0, Culture=neutral, PublicKeyToken=b03f5f7f11d50a3a'. The system cannot find the file specified.
Could not load file or assembly 'System.Runtime, Version=9.0.0.0, Culture=neutral, PublicKeyToken=b03f5f7f11d50a3a'. The system cannot find the file specified.
Could not load file or assembly 'System.Runtime, Version=9.0.0.0, Culture=neutral, PublicKeyToken=b03f5f7f11d50a3a'. The system cannot find the file specified.
Could not load file or assembly 'System.Runtime, Version=9.0.0.0, Culture=neutral, PublicKeyToken=b03f5f7f11d50a3a'. The system cannot find the file specified.
Could not load file or assembly 'System.Runtime, Version=9.0.0.0, Culture=neutral, PublicKeyToken=b03f5f7f11d50a3a'. The system cannot find the file specified.
Could not load file or assembly 'System.Runtime, Version=9.0.0.0, Culture=neutral, PublicKeyToken=b03f5f7f11d50a3a'. The system cannot find the file specified.
Could not load file or assembly 'System.Runtime, Version=9.0.0.0, Culture=neutral, PublicKeyToken=b03f5f7f11d50a3a'. The system cannot find the file specified.
Could not load file or assembly 'System.Runtime, Version=9.0.0.0, Culture=neutral, PublicKeyToken=b03f5f7f11d50a3a'. The system cannot find the file specified.
Could not load file or assembly 'System.Runtime, Version=9.0.0.0, Culture=neutral, PublicKeyToken=b03f5f7f11d50a3a'. The system cannot find the file specified.
Could not load file or assembly 'System.Runtime, Version=9.0.0.0, Culture=neutral, PublicKeyToken=b03f5f7f11d50a3a'. The system cannot find the file specified.
Could not load file or assembly 'System.Runtime, Version=9.0.0.0, Culture=neutral, PublicKeyToken=b03f5f7f11d50a3a'. The system cannot find the file specified.
Could not load file or assembly 'System.Runtime, Version=9.0.0.0, Culture=neutral, PublicKeyToken=b03f5f7f11d50a3a'. The system cannot find the file specified.
Could not load file or assembly 'System.Runtime, Version=9.0.0.0, Culture=neutral, PublicKeyToken=b03f5f7f11d50a3a'. The system cannot find the file specified.
Could not load file or assembly 'System.Runtime, Version=9.0.0.0, Culture=neutral, PublicKeyToken=b03f5f7f11d50a3a'. The system cannot find the file specified.
Could not load file or assembly 'System.Runtime, Version=9.0.0.0, Culture=neutral, PublicKeyToken=b03f5f7f11d50a3a'. The system cannot find the file specified.
Could not load file or assembly 'System.Runtime, Version=9.0.0.0, Culture=neutral, PublicKeyToken=b03f5f7f11d50a3a'. The system cannot find the file specified.
Could not load file or assembly 'System.Runtime, Version=9.0.0.0, Culture=neutral, PublicKeyToken=b03f5f7f11d50a3a'. The system cannot find the file specified.
Could not load file or assembly 'System.Runtime, Version=9.0.0.0, Culture=neutral, PublicKeyToken=b03f5f7f11d50a3a'. The system cannot find the file specified.
Could not load file or assembly 'System.Runtime, Version=9.0.0.0, Culture=neutral, PublicKeyToken=b03f5f7f11d50a3a'. The system cannot find the file specified.
Could not load file or assembly 'System.Runtime, Version=9.0.0.0, Culture=neutral, PublicKeyToken=b03f5f7f11d50a3a'. The system cannot find the file specified.
Could not load file or assembly 'System.Runtime, Version=9.0.0.0, Culture=neutral, PublicKeyToken=b03f5f7f11d50a3a'. The system cannot find the file specified.
Could not load file or assembly 'System.Runtime, Version=9.0.0.0, Culture=neutral, PublicKeyToken=b03f5f7f11d50a3a'. The system cannot find the file specified.
Could not load file or assembly 'System.Runtime, Version=9.0.0.0, Culture=neutral, PublicKeyToken=b03f5f7f11d50a3a'. The system cannot find the file specified.
Could not load file or assembly 'System.Runtime, Version=9.0.0.0, Culture=neutral, PublicKeyToken=b03f5f7f11d50a3a'. The system cannot find the file specified.
Could not load file or assembly 'System.Runtime, Version=9.0.0.0, Culture=neutral, PublicKeyToken=b03f5f7f11d50a3a'. The system cannot find the file specified.
Could not load file or assembly 'System.Runtime, Version=9.0.0.0, Culture=neutral, PublicKeyToken=b03f5f7f11d50a3a'. The system cannot find the file specified.
Could not load file or assembly 'System.Runtime, Version=9.0.0.0, Culture=neutral, PublicKeyToken=b03f5f7f11d50a3a'. The system cannot find the file specified.
Could not load file or assembly 'System.Runtime, Version=9.0.0.0, Culture=neutral, PublicKeyToken=b03f5f7f11d50a3a'. The system cannot find the file specified.
Could not load file or assembly 'System.Runtime, Version=9.0.0.0, Culture=neutral, PublicKeyToken=b03f5f7f11d50a3a'. The system cannot find the file specified.
Could not load file or assembly 'System.Runtime, Version=9.0.0.0, Culture=neutral, PublicKeyToken=b03f5f7f11d50a3a'. The system cannot find the file specified.
Could not load file or assembly 'System.Runtime, Version=9.0.0.0, Culture=neutral, PublicKeyToken=b03f5f7f11d50a3a'. The system cannot find the file specified.
Could not load file or assembly 'System.Runtime, Version=9.0.0.0, Culture=neutral, PublicKeyToken=b03f5f7f11d50a3a'. The system cannot find the file specified.
Could not load file or assembly 'System.Runtime, Version=9.0.0.0, Culture=neutral, PublicKeyToken=b03f5f7f11d50a3a'. The system cannot find the file specified.
Could not load file or assembly 'System.Runtime, Version=9.0.0.0, Culture=neutral, PublicKeyToken=b03f5f7f11d50a3a'. The system cannot find the file specified.
Could not load file or assembly 'System.Runtime, Version=9.0.0.0, Culture=neutral, PublicKeyToken=b03f5f7f11d50a3a'. The system cannot find the file specified.
Could not load file or assembly 'System.Runtime, Version=9.0.0.0, Culture=neutral, PublicKeyToken=b03f5f7f11d50a3a'. The system cannot find the file specified.
Could not load file or assembly 'System.Runtime, Version=9.0.0.0, Culture=neutral, PublicKeyToken=b03f5f7f11d50a3a'. The system cannot find the file specified.
Could not load file or assembly 'System.Runtime, Version=9.0.0.0, Culture=neutral, PublicKeyToken=b03f5f7f11d50a3a'. The system cannot find the file specified.
Could not load file or assembly 'System.Runtime, Version=9.0.0.0, Culture=neutral, PublicKeyToken=b03f5f7f11d50a3a'. The system cannot find the file specified.
Could not load file or assembly 'System.Runtime, Version=9.0.0.0, Culture=neutral, PublicKeyToken=b03f5f7f11d50a3a'. The system cannot find the file specified.
Could not load file or assembly 'System.Runtime, Version=9.0.0.0, Culture=neutral, PublicKeyToken=b03f5f7f11d50a3a'. The system cannot find the file specified.
Could not load file or assembly 'System.Runtime, Version=9.0.0.0, Culture=neutral, PublicKeyToken=b03f5f7f11d50a3a'. The system cannot find the file specified.
Could not load file or assembly 'System.Runtime, Version=9.0.0.0, Culture=neutral, PublicKeyToken=b03f5f7f11d50a3a'. The system cannot find the file specified.
Could not load file or assembly 'System.Runtime, Version=9.0.0.0, Culture=neutral, PublicKeyToken=b03f5f7f11d50a3a'. The system cannot find the file specified.
Could not load file or assembly 'System.Runtime, Version=9.0.0.0, Culture=neutral, PublicKeyToken=b03f5f7f11d50a3a'. The system cannot find the file specified.
Could not load file or assembly 'System.Runtime, Version=9.0.0.0, Culture=neutral, PublicKeyToken=b03f5f7f11d50a3a'. The system cannot find the file specified.
Could not load file or assembly 'System.Runtime, Version=9.0.0.0, Culture=neutral, PublicKeyToken=b03f5f7f11d50a3a'. The system cannot find the file specified.
Could not load file or assembly 'System.Runtime, Version=9.0.0.0, Culture=neutral, PublicKeyToken=b03f5f7f11d50a3a'. The system cannot find the file specified.
Could not load file or assembly 'System.Runtime, Version=9.0.0.0, Culture=neutral, PublicKeyToken=b03f5f7f11d50a3a'. The system cannot find the file specified.
Could not load file or assembly 'System.Runtime, Version=9.0.0.0, Culture=neutral, PublicKeyToken=b03f5f7f11d50a3a'. The system cannot find the file specified.
Could not load file or assembly 'System.Runtime, Version=9.0.0.0, Culture=neutral, PublicKeyToken=b03f5f7f11d50a3a'. The system cannot find the file specified.
Could not load file or assembly 'System.Runtime, Version=9.0.0.0, Culture=neutral, PublicKeyToken=b03f5f7f11d50a3a'. The system cannot find the file specified.
Could not load file or assembly 'System.Runtime, Version=9.0.0.0, Culture=neutral, PublicKeyToken=b03f5f7f11d50a3a'. The system cannot find the file specified.
Could not load file or assembly 'System.Runtime, Version=9.0.0.0, Culture=neutral, PublicKeyToken=b03f5f7f11d50a3a'. The system cannot find the file specified.
Could not load file or assembly 'System.Runtime, Version=9.0.0.0, Culture=neutral, PublicKeyToken=b03f5f7f11d50a3a'. The system cannot find the file specified.
Could not load file or assembly 'System.Runtime, Version=9.0.0.0, Culture=neutral, PublicKeyToken=b03f5f7f11d50a3a'. The system cannot find the file specified.
Could not load file or assembly 'System.Runtime, Version=9.0.0.0, Culture=neutral, PublicKeyToken=b03f5f7f11d50a3a'. The system cannot find the file specified.
Could not load file or assembly 'System.Runtime, Version=9.0.0.0, Culture=neutral, PublicKeyToken=b03f5f7f11d50a3a'. The system cannot find the file specified.
Could not load file or assembly 'System.Runtime, Version=9.0.0.0, Culture=neutral, PublicKeyToken=b03f5f7f11d50a3a'. The system cannot find the file specified.
Could not load file or assembly 'System.Runtime, Version=9.0.0.0, Culture=neutral, PublicKeyToken=b03f5f7f11d50a3a'. The system cannot find the file specified.
Could not load file or assembly 'System.Runtime, Version=9.0.0.0, Culture=neutral, PublicKeyToken=b03f5f7f11d50a3a'. The system cannot find the file specified.
Could not load file or assembly 'System.Runtime, Version=9.0.0.0, Culture=neutral, PublicKeyToken=b03f5f7f11d50a3a'. The system cannot find the file specified.
Could not load file or assembly 'System.Runtime, Version=9.0.0.0, Culture=neutral, PublicKeyToken=b03f5f7f11d50a3a'. The system cannot find the file specified.
Could not load file or assembly 'System.Runtime, Version=9.0.0.0, Culture=neutral, PublicKeyToken=b03f5f7f11d50a3a'. The system cannot find the file specified.
Could not load file or assembly 'System.Runtime, Version=9.0.0.0, Culture=neutral, PublicKeyToken=b03f5f7f11d50a3a'. The system cannot find the file specified.
Could not load file or assembly 'System.Runtime, Version=9.0.0.0, Culture=neutral, PublicKeyToken=b03f5f7f11d50a3a'. The system cannot find the file specified.
Could not load file or assembly 'System.Runtime, Version=9.0.0.0, Culture=neutral, PublicKeyToken=b03f5f7f11d50a3a'. The system cannot find the file specified.
Could not load file or assembly 'System.Runtime, Version=9.0.0.0, Culture=neutral, PublicKeyToken=b03f5f7f11d50a3a'. The system cannot find the file specified.
Could not load file or assembly 'System.Runtime, Version=9.0.0.0, Culture=neutral, PublicKeyToken=b03f5f7f11d50a3a'. The system cannot find the file specified.
  ----> System.Reflection.ReflectionTypeLoadException : Unable to load one or more of the requested types.
Could not load file or assembly 'System.Runtime, Version=9.0.0.0, Culture=neutral, PublicKeyToken=b03f5f7f11d50a3a'. The system cannot find the file specified.
Could not load file or assembly 'System.Runtime, Version=9.0.0.0, Culture=neutral, PublicKeyToken=b03f5f7f11d50a3a'. The system cannot find the file specified.
Could not load file or assembly 'System.Runtime, Version=9.0.0.0, Culture=neutral, PublicKeyToken=b03f5f7f11d50a3a'. The system cannot find the file specified.
Could not load file or assembly 'System.Runtime, Version=9.0.0.0, Culture=neutral, PublicKeyToken=b03f5f7f11d50a3a'. The system cannot find the file specified.
Could not load file or assembly 'System.Runtime, Version=9.0.0.0, Culture=neutral, PublicKeyToken=b03f5f7f11d50a3a'. The system cannot find the file specified.
Could not load file or assembly 'System.Runtime, Version=9.0.0.0, Culture=neutral, PublicKeyToken=b03f5f7f11d50a3a'. The system cannot find the file specified.
Could not load file or assembly 'System.Runtime, Version=9.0.0.0, Culture=neutral, PublicKeyToken=b03f5f7f11d50a3a'. The system cannot find the file specified.
Could not load file or assembly 'System.Runtime, Version=9.0.0.0, Culture=neutral, PublicKeyToken=b03f5f7f11d50a3a'. The system cannot find the file specified.
Could not load file or assembly 'System.Runtime, Version=9.0.0.0, Culture=neutral, PublicKeyToken=b03f5f7f11d50a3a'. The system cannot find the file specified.
Could not load file or assembly 'System.Runtime, Version=9.0.0.0, Culture=neutral, PublicKeyToken=b03f5f7f11d50a3a'. The system cannot find the file specified.
Could not load file or assembly 'System.Runtime, Version=9.0.0.0, Culture=neutral, PublicKeyToken=b03f5f7f11d50a3a'. The system cannot find the file specified.
Could not load file or assembly 'System.Runtime, Version=9.0.0.0, Culture=neutral, PublicKeyToken=b03f5f7f11d50a3a'. The system cannot find the file specified.
Could not load file or assembly 'System.Runtime, Version=9.0.0.0, Culture=neutral, PublicKeyToken=b03f5f7f11d50a3a'. The system cannot find the file specified.
Could not load file or assembly 'System.Runtime, Version=9.0.0.0, Culture=neutral, PublicKeyToken=b03f5f7f11d50a3a'. The system cannot find the file specified.
Could not load file or assembly 'System.Runtime, Version=9.0.0.0, Culture=neutral, PublicKeyToken=b03f5f7f11d50a3a'. The system cannot find the file specified.
Could not load file or assembly 'System.Runtime, Version=9.0.0.0, Culture=neutral, PublicKeyToken=b03f5f7f11d50a3a'. The system cannot find the file specified.
Could not load file or assembly 'System.Runtime, Version=9.0.0.0, Culture=neutral, PublicKeyToken=b03f5f7f11d50a3a'. The system cannot find the file specified.
Could not load file or assembly 'System.Runtime, Version=9.0.0.0, Culture=neutral, PublicKeyToken=b03f5f7f11d50a3a'. The system cannot find the file specified.
Could not load file or assembly 'System.Runtime, Version=9.0.0.0, Culture=neutral, PublicKeyToken=b03f5f7f11d50a3a'. The system cannot find the file specified.
Could not load file or assembly 'System.Runtime, Version=9.0.0.0, Culture=neutral, PublicKeyToken=b03f5f7f11d50a3a'. The system cannot find the file specified.
Could not load file or assembly 'System.Runtime, Version=9.0.0.0, Culture=neutral, PublicKeyToken=b03f5f7f11d50a3a'. The system cannot find the file specified.
Could not load file or assembly 'System.Runtime, Version=9.0.0.0, Culture=neutral, PublicKeyToken=b03f5f7f11d50a3a'. The system cannot find the file specified.
Could not load file or assembly 'System.Runtime, Version=9.0.0.0, Culture=neutral, PublicKeyToken=b03f5f7f11d50a3a'. The system cannot find the file specified.
Could not load file or assembly 'System.Runtime, Version=9.0.0.0, Culture=neutral, PublicKeyToken=b03f5f7f11d50a3a'. The system cannot find the file specified.
Could not load file or assembly 'System.Runtime, Version=9.0.0.0, Culture=neutral, PublicKeyToken=b03f5f7f11d50a3a'. The system cannot find the file specified.
Could not load file or assembly 'System.Runtime, Version=9.0.0.0, Culture=neutral, PublicKeyToken=b03f5f7f11d50a3a'. The system cannot find the file specified.
Could not load file or assembly 'System.Runtime, Version=9.0.0.0, Culture=neutral, PublicKeyToken=b03f5f7f11d50a3a'. The system cannot find the file specified.
Could not load file or assembly 'System.Runtime, Version=9.0.0.0, Culture=neutral, PublicKeyToken=b03f5f7f11d50a3a'. The system cannot find the file specified.
Could not load file or assembly 'System.Runtime, Version=9.0.0.0, Culture=neutral, PublicKeyToken=b03f5f7f11d50a3a'. The system cannot find the file specified.
Could not load file or assembly 'System.Runtime, Version=9.0.0.0, Culture=neutral, PublicKeyToken=b03f5f7f11d50a3a'. The system cannot find the file specified.
Could not load file or assembly 'System.Runtime, Version=9.0.0.0, Culture=neutral, PublicKeyToken=b03f5f7f11d50a3a'. The system cannot find the file specified.
Could not load file or assembly 'System.Runtime, Version=9.0.0.0, Culture=neutral, PublicKeyToken=b03f5f7f11d50a3a'. The system cannot find the file specified.
Could not load file or assembly 'System.Runtime, Version=9.0.0.0, Culture=neutral, PublicKeyToken=b03f5f7f11d50a3a'. The system cannot find the file specified.
Could not load file or assembly 'System.Runtime, Version=9.0.0.0, Culture=neutral, PublicKeyToken=b03f5f7f11d50a3a'. The system cannot find the file specified.
Could not load file or assembly 'System.Runtime, Version=9.0.0.0, Culture=neutral, PublicKeyToken=b03f5f7f11d50a3a'. The system cannot find the file specified.
Could not load file or assembly 'System.Runtime, Version=9.0.0.0, Culture=neutral, PublicKeyToken=b03f5f7f11d50a3a'. The system cannot find the file specified.
Could not load file or assembly 'System.Runtime, Version=9.0.0.0, Culture=neutral, PublicKeyToken=b03f5f7f11d50a3a'. The system cannot find the file specified.
Could not load file or assembly 'System.Runtime, Version=9.0.0.0, Culture=neutral, PublicKeyToken=b03f5f7f11d50a3a'. The system cannot find the file specified.
Could not load file or assembly 'System.Runtime, Version=9.0.0.0, Culture=neutral, PublicKeyToken=b03f5f7f11d50a3a'. The system cannot find the file specified.
Could not load file or assembly 'System.Runtime, Version=9.0.0.0, Culture=neutral, PublicKeyToken=b03f5f7f11d50a3a'. The system cannot find the file specified.
Could not load file or assembly 'System.Runtime, Version=9.0.0.0, Culture=neutral, PublicKeyToken=b03f5f7f11d50a3a'. The system cannot find the file specified.
Could not load file or assembly 'System.Runtime, Version=9.0.0.0, Culture=neutral, PublicKeyToken=b03f5f7f11d50a3a'. The system cannot find the file specified.
Could not load file or assembly 'System.Runtime, Version=9.0.0.0, Culture=neutral, PublicKeyToken=b03f5f7f11d50a3a'. The system cannot find the file specified.
Could not load file or assembly 'System.Runtime, Version=9.0.0.0, Culture=neutral, PublicKeyToken=b03f5f7f11d50a3a'. The system cannot find the file specified.
Could not load file or assembly 'System.Runtime, Version=9.0.0.0, Culture=neutral, PublicKeyToken=b03f5f7f11d50a3a'. The system cannot find the file specified.
Could not load file or assembly 'System.Runtime, Version=9.0.0.0, Culture=neutral, PublicKeyToken=b03f5f7f11d50a3a'. The system cannot find the file specified.
Could not load file or assembly 'System.Runtime, Version=9.0.0.0, Culture=neutral, PublicKeyToken=b03f5f7f11d50a3a'. The system cannot find the file specified.
Could not load file or assembly 'System.Runtime, Version=9.0.0.0, Culture=neutral, PublicKeyToken=b03f5f7f11d50a3a'. The system cannot find the file specified.
Could not load file or assembly 'System.Runtime, Version=9.0.0.0, Culture=neutral, PublicKeyToken=b03f5f7f11d50a3a'. The system cannot find the file specified.
Could not load file or assembly 'System.Runtime, Version=9.0.0.0, Culture=neutral, PublicKeyToken=b03f5f7f11d50a3a'. The system cannot find the file specified.
Could not load file or assembly 'System.Runtime, Version=9.0.0.0, Culture=neutral, PublicKeyToken=b03f5f7f11d50a3a'. The system cannot find the file specified.
Could not load file or assembly 'System.Runtime, Version=9.0.0.0, Culture=neutral, PublicKeyToken=b03f5f7f11d50a3a'. The system cannot find the file specified.
Could not load file or assembly 'System.Runtime, Version=9.0.0.0, Culture=neutral, PublicKeyToken=b03f5f7f11d50a3a'. The system cannot find the file specified.
Could not load file or assembly 'System.Runtime, Version=9.0.0.0, Culture=neutral, PublicKeyToken=b03f5f7f11d50a3a'. The system cannot find the file specified.
Could not load file or assembly 'System.Runtime, Version=9.0.0.0, Culture=neutral, PublicKeyToken=b03f5f7f11d50a3a'. The system cannot find the file specified.
Could not load file or assembly 'System.Runtime, Version=9.0.0.0, Culture=neutral, PublicKeyToken=b03f5f7f11d50a3a'. The system cannot find the file specified.
Could not load file or assembly 'System.Runtime, Version=9.0.0.0, Culture=neutral, PublicKeyToken=b03f5f7f11d50a3a'. The system cannot find the file specified.
Could not load file or assembly 'System.Runtime, Version=9.0.0.0, Culture=neutral, PublicKeyToken=b03f5f7f11d50a3a'. The system cannot find the file specified.
Could not load file or assembly 'System.Runtime, Version=9.0.0.0, Culture=neutral, PublicKeyToken=b03f5f7f11d50a3a'. The system cannot find the file specified.
Could not load file or assembly 'System.Runtime, Version=9.0.0.0, Culture=neutral, PublicKeyToken=b03f5f7f11d50a3a'. The system cannot find the file specified.
Could not load file or assembly 'System.Runtime, Version=9.0.0.0, Culture=neutral, PublicKeyToken=b03f5f7f11d50a3a'. The system cannot find the file specified.
Could not load file or assembly 'System.Runtime, Version=9.0.0.0, Culture=neutral, PublicKeyToken=b03f5f7f11d50a3a'. The system cannot find the file specified.
Could not load file or assembly 'System.Runtime, Version=9.0.0.0, Culture=neutral, PublicKeyToken=b03f5f7f11d50a3a'. The system cannot find the file specified.
Could not load file or assembly 'System.Runtime, Version=9.0.0.0, Culture=neutral, PublicKeyToken=b03f5f7f11d50a3a'. The system cannot find the file specified.
Could not load file or assembly 'System.Runtime, Version=9.0.0.0, Culture=neutral, PublicKeyToken=b03f5f7f11d50a3a'. The system cannot find the file specified.
Could not load file or assembly 'System.Runtime, Version=9.0.0.0, Culture=neutral, PublicKeyToken=b03f5f7f11d50a3a'. The system cannot find the file specified.
Could not load file or assembly 'System.Runtime, Version=9.0.0.0, Culture=neutral, PublicKeyToken=b03f5f7f11d50a3a'. The system cannot find the file specified.
Could not load file or assembly 'System.Runtime, Version=9.0.0.0, Culture=neutral, PublicKeyToken=b03f5f7f11d50a3a'. The system cannot find the file specified.
Could not load file or assembly 'System.Runtime, Version=9.0.0.0, Culture=neutral, PublicKeyToken=b03f5f7f11d50a3a'. The system cannot find the file specified.
Could not load file or assembly 'System.Runtime, Version=9.0.0.0, Culture=neutral, PublicKeyToken=b03f5f7f11d50a3a'. The system cannot find the file specified.
Could not load file or assembly 'System.Runtime, Version=9.0.0.0, Culture=neutral, PublicKeyToken=b03f5f7f11d50a3a'. The system cannot find the file specified.
Could not load file or assembly 'System.Runtime, Version=9.0.0.0, Culture=neutral, PublicKeyToken=b03f5f7f11d50a3a'. The system cannot find the file specified.
Could not load file or assembly 'System.Runtime, Version=9.0.0.0, Culture=neutral, PublicKeyToken=b03f5f7f11d50a3a'. The system cannot find the file specified.
Could not load file or assembly 'System.Runtime, Version=9.0.0.0, Culture=neutral, PublicKeyToken=b03f5f7f11d50a3a'. The system cannot find the file specified.
Could not load file or assembly 'System.Runtime, Version=9.0.0.0, Culture=neutral, PublicKeyToken=b03f5f7f11d50a3a'. The system cannot find the file specified.
Could not load file or assembly 'System.Runtime, Version=9.0.0.0, Culture=neutral, PublicKeyToken=b03f5f7f11d50a3a'. The system cannot find the file specified.
Could not load file or assembly 'System.Runtime, Version=9.0.0.0, Culture=neutral, PublicKeyToken=b03f5f7f11d50a3a'. The system cannot find the file specified.
  ----> System.Reflection.ReflectionTypeLoadException : Unable to load one or more of the requested types.
Could not load file or assembly 'System.Runtime, Version=9.0.0.0, Culture=neutral, PublicKeyToken=b03f5f7f11d50a3a'. The system cannot find the file specified.
Could not load file or assembly 'System.Runtime, Version=9.0.0.0, Culture=neutral, PublicKeyToken=b03f5f7f11d50a3a'. The system cannot find the file specified.
Could not load file or assembly 'System.Runtime, Version=9.0.0.0, Culture=neutral, PublicKeyToken=b03f5f7f11d50a3a'. The system cannot find the file specified.
Could not load file or assembly 'System.Runtime, Version=9.0.0.0, Culture=neutral, PublicKeyToken=b03f5f7f11d50a3a'. The system cannot find the file specified.
Could not load file or assembly 'System.Runtime, Version=9.0.0.0, Culture=neutral, PublicKeyToken=b03f5f7f11d50a3a'. The system cannot find the file specified.
Could not load file or assembly 'System.Runtime, Version=9.0.0.0, Culture=neutral, PublicKeyToken=b03f5f7f11d50a3a'. The system cannot find the file specified.
Could not load file or assembly 'System.Runtime, Version=9.0.0.0, Culture=neutral, PublicKeyToken=b03f5f7f11d50a3a'. The system cannot find the file specified.
Could not load file or assembly 'System.Runtime, Version=9.0.0.0, Culture=neutral, PublicKeyToken=b03f5f7f11d50a3a'. The system cannot find the file specified.
Could not load file or assembly 'System.Runtime, Version=9.0.0.0, Culture=neutral, PublicKeyToken=b03f5f7f11d50a3a'. The system cannot find the file specified.
Could not load file or assembly 'System.Runtime, Version=9.0.0.0, Culture=neutral, PublicKeyToken=b03f5f7f11d50a3a'. The system cannot find the file specified.
Could not load file or assembly 'System.Runtime, Version=9.0.0.0, Culture=neutral, PublicKeyToken=b03f5f7f11d50a3a'. The system cannot find the file specified.
Could not load file or assembly 'System.Runtime, Version=9.0.0.0, Culture=neutral, PublicKeyToken=b03f5f7f11d50a3a'. The system cannot find the file specified.
Could not load file or assembly 'System.Runtime, Version=9.0.0.0, Culture=neutral, PublicKeyToken=b03f5f7f11d50a3a'. The system cannot find the file specified.
Could not load file or assembly 'System.Runtime, Version=9.0.0.0, Culture=neutral, PublicKeyToken=b03f5f7f11d50a3a'. The system cannot find the file specified.
Could not load file or assembly 'System.Runtime, Version=9.0.0.0, Culture=neutral, PublicKeyToken=b03f5f7f11d50a3a'. The system cannot find the file specified.
Could not load file or assembly 'System.Runtime, Version=9.0.0.0, Culture=neutral, PublicKeyToken=b03f5f7f11d50a3a'. The system cannot find the file specified.
Could not load file or assembly 'System.Runtime, Version=9.0.0.0, Culture=neutral, PublicKeyToken=b03f5f7f11d50a3a'. The system cannot find the file specified.
Could not load file or assembly 'System.Runtime, Version=9.0.0.0, Culture=neutral, PublicKeyToken=b03f5f7f11d50a3a'. The system cannot find the file specified.
Could not load file or assembly 'System.Runtime, Version=9.0.0.0, Culture=neutral, PublicKeyToken=b03f5f7f11d50a3a'. The system cannot find the file specified.
Could not load file or assembly 'System.Runtime, Version=9.0.0.0, Culture=neutral, PublicKeyToken=b03f5f7f11d50a3a'. The system cannot find the file specified.
Could not load file or assembly 'System.Runtime, Version=9.0.0.0, Culture=neutral, PublicKeyToken=b03f5f7f11d50a3a'. The system cannot find the file specified.
Could not load file or assembly 'System.Runtime, Version=9.0.0.0, Culture=neutral, PublicKeyToken=b03f5f7f11d50a3a'. The system cannot find the file specified.
Could not load file or assembly 'System.Runtime, Version=9.0.0.0, Culture=neutral, PublicKeyToken=b03f5f7f11d50a3a'. The system cannot find the file specified.
Could not load file or assembly 'System.Runtime, Version=9.0.0.0, Culture=neutral, PublicKeyToken=b03f5f7f11d50a3a'. The system cannot find the file specified.
Could not load file or assembly 'System.Runtime, Version=9.0.0.0, Culture=neutral, PublicKeyToken=b03f5f7f11d50a3a'. The system cannot find the file specified.
Could not load file or assembly 'System.Runtime, Version=9.0.0.0, Culture=neutral, PublicKeyToken=b03f5f7f11d50a3a'. The system cannot find the file specified.
Could not load file or assembly 'System.Runtime, Version=9.0.0.0, Culture=neutral, PublicKeyToken=b03f5f7f11d50a3a'. The system cannot find the file specified.
Could not load file or assembly 'System.Runtime, Version=9.0.0.0, Culture=neutral, PublicKeyToken=b03f5f7f11d50a3a'. The system cannot find the file specified.
Could not load file or assembly 'System.Runtime, Version=9.0.0.0, Culture=neutral, PublicKeyToken=b03f5f7f11d50a3a'. The system cannot find the file specified.
Could not load file or assembly 'System.Runtime, Version=9.0.0.0, Culture=neutral, PublicKeyToken=b03f5f7f11d50a3a'. The system cannot find the file specified.
Could not load file or assembly 'System.Runtime, Version=9.0.0.0, Culture=neutral, PublicKeyToken=b03f5f7f11d50a3a'. The system cannot find the file specified.
Could not load file or assembly 'System.Runtime, Version=9.0.0.0, Culture=neutral, PublicKeyToken=b03f5f7f11d50a3a'. The system cannot find the file specified.
Could not load file or assembly 'System.Runtime, Version=9.0.0.0, Culture=neutral, PublicKeyToken=b03f5f7f11d50a3a'. The system cannot find the file specified.
Could not load file or assembly 'System.Runtime, Version=9.0.0.0, Culture=neutral, PublicKeyToken=b03f5f7f11d50a3a'. The system cannot find the file specified.
Could not load file or assembly 'System.Runtime, Version=9.0.0.0, Culture=neutral, PublicKeyToken=b03f5f7f11d50a3a'. The system cannot find the file specified.
Could not load file or assembly 'System.Runtime, Version=9.0.0.0, Culture=neutral, PublicKeyToken=b03f5f7f11d50a3a'. The system cannot find the file specified.
Could not load file or assembly 'System.Runtime, Version=9.0.0.0, Culture=neutral, PublicKeyToken=b03f5f7f11d50a3a'. The system cannot find the file specified.
Could not load file or assembly 'System.Runtime, Version=9.0.0.0, Culture=neutral, PublicKeyToken=b03f5f7f11d50a3a'. The system cannot find the file specified.
Could not load file or assembly 'System.Runtime, Version=9.0.0.0, Culture=neutral, PublicKeyToken=b03f5f7f11d50a3a'. The system cannot find the file specified.
Could not load file or assembly 'System.Runtime, Version=9.0.0.0, Culture=neutral, PublicKeyToken=b03f5f7f11d50a3a'. The system cannot find the file specified.
Could not load file or assembly 'System.Runtime, Version=9.0.0.0, Culture=neutral, PublicKeyToken=b03f5f7f11d50a3a'. The system cannot find the file specified.
Could not load file or assembly 'System.Runtime, Version=9.0.0.0, Culture=neutral, PublicKeyToken=b03f5f7f11d50a3a'. The system cannot find the file specified.
Could not load file or assembly 'System.Runtime, Version=9.0.0.0, Culture=neutral, PublicKeyToken=b03f5f7f11d50a3a'. The system cannot find the file specified.
Could not load file or assembly 'System.Runtime, Version=9.0.0.0, Culture=neutral, PublicKeyToken=b03f5f7f11d50a3a'. The system cannot find the file specified.
Could not load file or assembly 'System.Runtime, Version=9.0.0.0, Culture=neutral, PublicKeyToken=b03f5f7f11d50a3a'. The system cannot find the file specified.
Could not load file or assembly 'System.Runtime, Version=9.0.0.0, Culture=neutral, PublicKeyToken=b03f5f7f11d50a3a'. The system cannot find the file specified.
Could not load file or assembly 'System.Runtime, Version=9.0.0.0, Culture=neutral, PublicKeyToken=b03f5f7f11d50a3a'. The system cannot find the file specified.
Could not load file or assembly 'System.Runtime, Version=9.0.0.0, Culture=neutral, PublicKeyToken=b03f5f7f11d50a3a'. The system cannot find the file specified.
Could not load file or assembly 'System.Runtime, Version=9.0.0.0, Culture=neutral, PublicKeyToken=b03f5f7f11d50a3a'. The system cannot find the file specified.
Could not load file or assembly 'System.Runtime, Version=9.0.0.0, Culture=neutral, PublicKeyToken=b03f5f7f11d50a3a'. The system cannot find the file specified.
Could not load file or assembly 'System.Runtime, Version=9.0.0.0, Culture=neutral, PublicKeyToken=b03f5f7f11d50a3a'. The system cannot find the file specified.
Could not load file or assembly 'System.Runtime, Version=9.0.0.0, Culture=neutral, PublicKeyToken=b03f5f7f11d50a3a'. The system cannot find the file specified.
Could not load file or assembly 'System.Runtime, Version=9.0.0.0, Culture=neutral, PublicKeyToken=b03f5f7f11d50a3a'. The system cannot find the file specified.
Could not load file or assembly 'System.Runtime, Version=9.0.0.0, Culture=neutral, PublicKeyToken=b03f5f7f11d50a3a'. The system cannot find the file specified.
Could not load file or assembly 'System.Runtime, Version=9.0.0.0, Culture=neutral, PublicKeyToken=b03f5f7f11d50a3a'. The system cannot find the file specified.
Could not load file or assembly 'System.Runtime, Version=9.0.0.0, Culture=neutral, PublicKeyToken=b03f5f7f11d50a3a'. The system cannot find the file specified.
Could not load file or assembly 'System.Runtime, Version=9.0.0.0, Culture=neutral, PublicKeyToken=b03f5f7f11d50a3a'. The system cannot find the file specified.
Could not load file or assembly 'System.Runtime, Version=9.0.0.0, Culture=neutral, PublicKeyToken=b03f5f7f11d50a3a'. The system cannot find the file specified.
Could not load file or assembly 'System.Runtime, Version=9.0.0.0, Culture=neutral, PublicKeyToken=b03f5f7f11d50a3a'. The system cannot find the file specified.
Could not load file or assembly 'System.Runtime, Version=9.0.0.0, Culture=neutral, PublicKeyToken=b03f5f7f11d50a3a'. The system cannot find the file specified.
Could not load file or assembly 'System.Runtime, Version=9.0.0.0, Culture=neutral, PublicKeyToken=b03f5f7f11d50a3a'. The system cannot find the file specified.
Could not load file or assembly 'System.Runtime, Version=9.0.0.0, Culture=neutral, PublicKeyToken=b03f5f7f11d50a3a'. The system cannot find the file specified.
Could not load file or assembly 'System.Runtime, Version=9.0.0.0, Culture=neutral, PublicKeyToken=b03f5f7f11d50a3a'. The system cannot find the file specified.
Could not load file or assembly 'System.Runtime, Version=9.0.0.0, Culture=neutral, PublicKeyToken=b03f5f7f11d50a3a'. The system cannot find the file specified.
Could not load file or assembly 'System.Runtime, Version=9.0.0.0, Culture=neutral, PublicKeyToken=b03f5f7f11d50a3a'. The system cannot find the file specified.
Could not load file or assembly 'System.Runtime, Version=9.0.0.0, Culture=neutral, PublicKeyToken=b03f5f7f11d50a3a'. The system cannot find the file specified.
Could not load file or assembly 'System.Runtime, Version=9.0.0.0, Culture=neutral, PublicKeyToken=b03f5f7f11d50a3a'. The system cannot find the file specified.
Could not load file or assembly 'System.Runtime, Version=9.0.0.0, Culture=neutral, PublicKeyToken=b03f5f7f11d50a3a'. The system cannot find the file specified.
Could not load file or assembly 'System.Runtime, Version=9.0.0.0, Culture=neutral, PublicKeyToken=b03f5f7f11d50a3a'. The system cannot find the file specified.
Could not load file or assembly 'System.Runtime, Version=9.0.0.0, Culture=neutral, PublicKeyToken=b03f5f7f11d50a3a'. The system cannot find the file specified.
Could not load file or assembly 'System.Runtime, Version=9.0.0.0, Culture=neutral, PublicKeyToken=b03f5f7f11d50a3a'. The system cannot find the file specified.
Could not load file or assembly 'System.Runtime, Version=9.0.0.0, Culture=neutral, PublicKeyToken=b03f5f7f11d50a3a'. The system cannot find the file specified.
Could not load file or assembly 'System.Runtime, Version=9.0.0.0, Culture=neutral, PublicKeyToken=b03f5f7f11d50a3a'. The system cannot find the file specified.
Could not load file or assembly 'System.Runtime, Version=9.0.0.0, Culture=neutral, PublicKeyToken=b03f5f7f11d50a3a'. The system cannot find the file specified.
Could not load file or assembly 'System.Runtime, Version=9.0.0.0, Culture=neutral, PublicKeyToken=b03f5f7f11d50a3a'. The system cannot find the file specified.
Could not load file or assembly 'System.Runtime, Version=9.0.0.0, Culture=neutral, PublicKeyToken=b03f5f7f11d50a3a'. The system cannot find the file specified.
Could not load file or assembly 'System.Runtime, Version=9.0.0.0, Culture=neutral, PublicKeyToken=b03f5f7f11d50a3a'. The system cannot find the file specified.
  ----> System.Reflection.ReflectionTypeLoadException : Unable to load one or more of the requested types.
Could not load file or assembly 'System.Runtime, Version=9.0.0.0, Culture=neutral, PublicKeyToken=b03f5f7f11d50a3a'. The system cannot find the file specified.
Could not load file or assembly 'System.Runtime, Version=9.0.0.0, Culture=neutral, PublicKeyToken=b03f5f7f11d50a3a'. The system cannot find the file specified.
Could not load file or assembly 'System.Runtime, Version=9.0.0.0, Culture=neutral, PublicKeyToken=b03f5f7f11d50a3a'. The system cannot find the file specified.
Could not load file or assembly 'System.Runtime, Version=9.0.0.0, Culture=neutral, PublicKeyToken=b03f5f7f11d50a3a'. The system cannot find the file specified.
Could not load file or assembly 'System.Runtime, Version=9.0.0.0, Culture=neutral, PublicKeyToken=b03f5f7f11d50a3a'. The system cannot find the file specified.
Could not load file or assembly 'System.Runtime, Version=9.0.0.0, Culture=neutral, PublicKeyToken=b03f5f7f11d50a3a'. The system cannot find the file specified.
Could not load file or assembly 'System.Runtime, Version=9.0.0.0, Culture=neutral, PublicKeyToken=b03f5f7f11d50a3a'. The system cannot find the file specified.
Could not load file or assembly 'System.Runtime, Version=9.0.0.0, Culture=neutral, PublicKeyToken=b03f5f7f11d50a3a'. The system cannot find the file specified.
Could not load file or assembly 'System.Runtime, Version=9.0.0.0, Culture=neutral, PublicKeyToken=b03f5f7f11d50a3a'. The system cannot find the file specified.
Could not load file or assembly 'System.Runtime, Version=9.0.0.0, Culture=neutral, PublicKeyToken=b03f5f7f11d50a3a'. The system cannot find the file specified.
Could not load file or assembly 'System.Runtime, Version=9.0.0.0, Culture=neutral, PublicKeyToken=b03f5f7f11d50a3a'. The system cannot find the file specified.
Could not load file or assembly 'System.Runtime, Version=9.0.0.0, Culture=neutral, PublicKeyToken=b03f5f7f11d50a3a'. The system cannot find the file specified.
Could not load file or assembly 'System.Runtime, Version=9.0.0.0, Culture=neutral, PublicKeyToken=b03f5f7f11d50a3a'. The system cannot find the file specified.
Could not load file or assembly 'System.Runtime, Version=9.0.0.0, Culture=neutral, PublicKeyToken=b03f5f7f11d50a3a'. The system cannot find the file specified.
Could not load file or assembly 'System.Runtime, Version=9.0.0.0, Culture=neutral, PublicKeyToken=b03f5f7f11d50a3a'. The system cannot find the file specified.
Could not load file or assembly 'System.Runtime, Version=9.0.0.0, Culture=neutral, PublicKeyToken=b03f5f7f11d50a3a'. The system cannot find the file specified.
Could not load file or assembly 'System.Runtime, Version=9.0.0.0, Culture=neutral, PublicKeyToken=b03f5f7f11d50a3a'. The system cannot find the file specified.
Could not load file or assembly 'System.Runtime, Version=9.0.0.0, Culture=neutral, PublicKeyToken=b03f5f7f11d50a3a'. The system cannot find the file specified.
Could not load file or assembly 'System.Runtime, Version=9.0.0.0, Culture=neutral, PublicKeyToken=b03f5f7f11d50a3a'. The system cannot find the file specified.
Could not load file or assembly 'System.Runtime, Version=9.0.0.0, Culture=neutral, PublicKeyToken=b03f5f7f11d50a3a'. The system cannot find the file specified.
Could not load file or assembly 'System.Runtime, Version=9.0.0.0, Culture=neutral, PublicKeyToken=b03f5f7f11d50a3a'. The system cannot find the file specified.
Could not load file or assembly 'System.Runtime, Version=9.0.0.0, Culture=neutral, PublicKeyToken=b03f5f7f11d50a3a'. The system cannot find the file specified.
Could not load file or assembly 'System.Runtime, Version=9.0.0.0, Culture=neutral, PublicKeyToken=b03f5f7f11d50a3a'. The system cannot find the file specified.
Could not load file or assembly 'System.Runtime, Version=9.0.0.0, Culture=neutral, PublicKeyToken=b03f5f7f11d50a3a'. The system cannot find the file specified.
Could not load file or assembly 'System.Runtime, Version=9.0.0.0, Culture=neutral, PublicKeyToken=b03f5f7f11d50a3a'. The system cannot find the file specified.
Could not load file or assembly 'System.Runtime, Version=9.0.0.0, Culture=neutral, PublicKeyToken=b03f5f7f11d50a3a'. The system cannot find the file specified.
Could not load file or assembly 'System.Runtime, Version=9.0.0.0, Culture=neutral, PublicKeyToken=b03f5f7f11d50a3a'. The system cannot find the file specified.
Could not load file or assembly 'System.Runtime, Version=9.0.0.0, Culture=neutral, PublicKeyToken=b03f5f7f11d50a3a'. The system cannot find the file specified.
Could not load file or assembly 'System.Runtime, Version=9.0.0.0, Culture=neutral, PublicKeyToken=b03f5f7f11d50a3a'. The system cannot find the file specified.
Could not load file or assembly 'System.Runtime, Version=9.0.0.0, Culture=neutral, PublicKeyToken=b03f5f7f11d50a3a'. The system cannot find the file specified.
Could not load file or assembly 'System.Runtime, Version=9.0.0.0, Culture=neutral, PublicKeyToken=b03f5f7f11d50a3a'. The system cannot find the file specified.
Could not load file or assembly 'System.Runtime, Version=9.0.0.0, Culture=neutral, PublicKeyToken=b03f5f7f11d50a3a'. The system cannot find the file specified.
Could not load file or assembly 'System.Runtime, Version=9.0.0.0, Culture=neutral, PublicKeyToken=b03f5f7f11d50a3a'. The system cannot find the file specified.
Could not load file or assembly 'System.Runtime, Version=9.0.0.0, Culture=neutral, PublicKeyToken=b03f5f7f11d50a3a'. The system cannot find the file specified.
Could not load file or assembly 'System.Runtime, Version=9.0.0.0, Culture=neutral, PublicKeyToken=b03f5f7f11d50a3a'. The system cannot find the file specified.
Could not load file or assembly 'System.Runtime, Version=9.0.0.0, Culture=neutral, PublicKeyToken=b03f5f7f11d50a3a'. The system cannot find the file specified.
Could not load file or assembly 'System.Runtime, Version=9.0.0.0, Culture=neutral, PublicKeyToken=b03f5f7f11d50a3a'. The system cannot find the file specified.
Could not load file or assembly 'System.Runtime, Version=9.0.0.0, Culture=neutral, PublicKeyToken=b03f5f7f11d50a3a'. The system cannot find the file specified.
Could not load file or assembly 'System.Runtime, Version=9.0.0.0, Culture=neutral, PublicKeyToken=b03f5f7f11d50a3a'. The system cannot find the file specified.
Could not load file or assembly 'System.Runtime, Version=9.0.0.0, Culture=neutral, PublicKeyToken=b03f5f7f11d50a3a'. The system cannot find the file specified.
Could not load file or assembly 'System.Runtime, Version=9.0.0.0, Culture=neutral, PublicKeyToken=b03f5f7f11d50a3a'. The system cannot find the file specified.
Could not load file or assembly 'System.Runtime, Version=9.0.0.0, Culture=neutral, PublicKeyToken=b03f5f7f11d50a3a'. The system cannot find the file specified.
Could not load file or assembly 'System.Runtime, Version=9.0.0.0, Culture=neutral, PublicKeyToken=b03f5f7f11d50a3a'. The system cannot find the file specified.
Could not load file or assembly 'System.Runtime, Version=9.0.0.0, Culture=neutral, PublicKeyToken=b03f5f7f11d50a3a'. The system cannot find the file specified.
Could not load file or assembly 'System.Runtime, Version=9.0.0.0, Culture=neutral, PublicKeyToken=b03f5f7f11d50a3a'. The system cannot find the file specified.
Could not load file or assembly 'System.Runtime, Version=9.0.0.0, Culture=neutral, PublicKeyToken=b03f5f7f11d50a3a'. The system cannot find the file specified.
Could not load file or assembly 'System.Runtime, Version=9.0.0.0, Culture=neutral, PublicKeyToken=b03f5f7f11d50a3a'. The system cannot find the file specified.
Could not load file or assembly 'System.Runtime, Version=9.0.0.0, Culture=neutral, PublicKeyToken=b03f5f7f11d50a3a'. The system cannot find the file specified.
Could not load file or assembly 'System.Runtime, Version=9.0.0.0, Culture=neutral, PublicKeyToken=b03f5f7f11d50a3a'. The system cannot find the file specified.
Could not load file or assembly 'System.Runtime, Version=9.0.0.0, Culture=neutral, PublicKeyToken=b03f5f7f11d50a3a'. The system cannot find the file specified.
Could not load file or assembly 'System.Runtime, Version=9.0.0.0, Culture=neutral, PublicKeyToken=b03f5f7f11d50a3a'. The system cannot find the file specified.
Could not load file or assembly 'System.Runtime, Version=9.0.0.0, Culture=neutral, PublicKeyToken=b03f5f7f11d50a3a'. The system cannot find the file specified.
Could not load file or assembly 'System.Runtime, Version=9.0.0.0, Culture=neutral, PublicKeyToken=b03f5f7f11d50a3a'. The system cannot find the file specified.
Could not load file or assembly 'System.Runtime, Version=9.0.0.0, Culture=neutral, PublicKeyToken=b03f5f7f11d50a3a'. The system cannot find the file specified.
Could not load file or assembly 'System.Runtime, Version=9.0.0.0, Culture=neutral, PublicKeyToken=b03f5f7f11d50a3a'. The system cannot find the file specified.
Could not load file or assembly 'System.Runtime, Version=9.0.0.0, Culture=neutral, PublicKeyToken=b03f5f7f11d50a3a'. The system cannot find the file specified.
Could not load file or assembly 'System.Runtime, Version=9.0.0.0, Culture=neutral, PublicKeyToken=b03f5f7f11d50a3a'. The system cannot find the file specified.
Could not load file or assembly 'System.Runtime, Version=9.0.0.0, Culture=neutral, PublicKeyToken=b03f5f7f11d50a3a'. The system cannot find the file specified.
Could not load file or assembly 'System.Runtime, Version=9.0.0.0, Culture=neutral, PublicKeyToken=b03f5f7f11d50a3a'. The system cannot find the file specified.
Could not load file or assembly 'System.Runtime, Version=9.0.0.0, Culture=neutral, PublicKeyToken=b03f5f7f11d50a3a'. The system cannot find the file specified.
Could not load file or assembly 'System.Runtime, Version=9.0.0.0, Culture=neutral, PublicKeyToken=b03f5f7f11d50a3a'. The system cannot find the file specified.
Could not load file or assembly 'System.Runtime, Version=9.0.0.0, Culture=neutral, PublicKeyToken=b03f5f7f11d50a3a'. The system cannot find the file specified.
Could not load file or assembly 'System.Runtime, Version=9.0.0.0, Culture=neutral, PublicKeyToken=b03f5f7f11d50a3a'. The system cannot find the file specified.
Could not load file or assembly 'System.Runtime, Version=9.0.0.0, Culture=neutral, PublicKeyToken=b03f5f7f11d50a3a'. The system cannot find the file specified.
Could not load file or assembly 'System.Runtime, Version=9.0.0.0, Culture=neutral, PublicKeyToken=b03f5f7f11d50a3a'. The system cannot find the file specified.
Could not load file or assembly 'System.Runtime, Version=9.0.0.0, Culture=neutral, PublicKeyToken=b03f5f7f11d50a3a'. The system cannot find the file specified.
Could not load file or assembly 'System.Runtime, Version=9.0.0.0, Culture=neutral, PublicKeyToken=b03f5f7f11d50a3a'. The system cannot find the file specified.
Could not load file or assembly 'System.Runtime, Version=9.0.0.0, Culture=neutral, PublicKeyToken=b03f5f7f11d50a3a'. The system cannot find the file specified.
Could not load file or assembly 'System.Runtime, Version=9.0.0.0, Culture=neutral, PublicKeyToken=b03f5f7f11d50a3a'. The system cannot find the file specified.
Could not load file or assembly 'System.Runtime, Version=9.0.0.0, Culture=neutral, PublicKeyToken=b03f5f7f11d50a3a'. The system cannot find the file specified.
Could not load file or assembly 'System.Runtime, Version=9.0.0.0, Culture=neutral, PublicKeyToken=b03f5f7f11d50a3a'. The system cannot find the file specified.
Could not load file or assembly 'System.Runtime, Version=9.0.0.0, Culture=neutral, PublicKeyToken=b03f5f7f11d50a3a'. The system cannot find the file specified.
Could not load file or assembly 'System.Runtime, Version=9.0.0.0, Culture=neutral, PublicKeyToken=b03f5f7f11d50a3a'. The system cannot find the file specified.
Could not load file or assembly 'System.Runtime, Version=9.0.0.0, Culture=neutral, PublicKeyToken=b03f5f7f11d50a3a'. The system cannot find the file specified.
Could not load file or assembly 'System.Runtime, Version=9.0.0.0, Culture=neutral, PublicKeyToken=b03f5f7f11d50a3a'. The system cannot find the file specified.
Could not load file or assembly 'System.Runtime, Version=9.0.0.0, Culture=neutral, PublicKeyToken=b03f5f7f11d50a3a'. The system cannot find the file specified.
Could not load file or assembly 'System.Runtime, Version=9.0.0.0, Culture=neutral, PublicKeyToken=b03f5f7f11d50a3a'. The system cannot find the file specified.
  ----> System.Reflection.ReflectionTypeLoadException : Unable to load one or more of the requested types.
Could not load file or assembly 'System.Runtime, Version=9.0.0.0, Culture=neutral, PublicKeyToken=b03f5f7f11d50a3a'. The system cannot find the file specified.
Could not load file or assembly 'System.Runtime, Version=9.0.0.0, Culture=neutral, PublicKeyToken=b03f5f7f11d50a3a'. The system cannot find the file specified.
Could not load file or assembly 'System.Runtime, Version=9.0.0.0, Culture=neutral, PublicKeyToken=b03f5f7f11d50a3a'. The system cannot find the file specified.
Could not load file or assembly 'System.Runtime, Version=9.0.0.0, Culture=neutral, PublicKeyToken=b03f5f7f11d50a3a'. The system cannot find the file specified.
Could not load file or assembly 'System.Runtime, Version=9.0.0.0, Culture=neutral, PublicKeyToken=b03f5f7f11d50a3a'. The system cannot find the file specified.
Could not load file or assembly 'System.Runtime, Version=9.0.0.0, Culture=neutral, PublicKeyToken=b03f5f7f11d50a3a'. The system cannot find the file specified.
Could not load file or assembly 'System.Runtime, Version=9.0.0.0, Culture=neutral, PublicKeyToken=b03f5f7f11d50a3a'. The system cannot find the file specified.
Could not load file or assembly 'System.Runtime, Version=9.0.0.0, Culture=neutral, PublicKeyToken=b03f5f7f11d50a3a'. The system cannot find the file specified.
Could not load file or assembly 'System.Runtime, Version=9.0.0.0, Culture=neutral, PublicKeyToken=b03f5f7f11d50a3a'. The system cannot find the file specified.
Could not load file or assembly 'System.Runtime, Version=9.0.0.0, Culture=neutral, PublicKeyToken=b03f5f7f11d50a3a'. The system cannot find the file specified.
Could not load file or assembly 'System.Runtime, Version=9.0.0.0, Culture=neutral, PublicKeyToken=b03f5f7f11d50a3a'. The system cannot find the file specified.
Could not load file or assembly 'System.Runtime, Version=9.0.0.0, Culture=neutral, PublicKeyToken=b03f5f7f11d50a3a'. The system cannot find the file specified.
Could not load file or assembly 'System.Runtime, Version=9.0.0.0, Culture=neutral, PublicKeyToken=b03f5f7f11d50a3a'. The system cannot find the file specified.
Could not load file or assembly 'System.Runtime, Version=9.0.0.0, Culture=neutral, PublicKeyToken=b03f5f7f11d50a3a'. The system cannot find the file specified.
Could not load file or assembly 'System.Runtime, Version=9.0.0.0, Culture=neutral, PublicKeyToken=b03f5f7f11d50a3a'. The system cannot find the file specified.
Could not load file or assembly 'System.Runtime, Version=9.0.0.0, Culture=neutral, PublicKeyToken=b03f5f7f11d50a3a'. The system cannot find the file specified.
Could not load file or assembly 'System.Runtime, Version=9.0.0.0, Culture=neutral, PublicKeyToken=b03f5f7f11d50a3a'. The system cannot find the file specified.
Could not load file or assembly 'System.Runtime, Version=9.0.0.0, Culture=neutral, PublicKeyToken=b03f5f7f11d50a3a'. The system cannot find the file specified.
Could not load file or assembly 'System.Runtime, Version=9.0.0.0, Culture=neutral, PublicKeyToken=b03f5f7f11d50a3a'. The system cannot find the file specified.
Could not load file or assembly 'System.Runtime, Version=9.0.0.0, Culture=neutral, PublicKeyToken=b03f5f7f11d50a3a'. The system cannot find the file specified.
Could not load file or assembly 'System.Runtime, Version=9.0.0.0, Culture=neutral, PublicKeyToken=b03f5f7f11d50a3a'. The system cannot find the file specified.
Could not load file or assembly 'System.Runtime, Version=9.0.0.0, Culture=neutral, PublicKeyToken=b03f5f7f11d50a3a'. The system cannot find the file specified.
Could not load file or assembly 'System.Runtime, Version=9.0.0.0, Culture=neutral, PublicKeyToken=b03f5f7f11d50a3a'. The system cannot find the file specified.
Could not load file or assembly 'System.Runtime, Version=9.0.0.0, Culture=neutral, PublicKeyToken=b03f5f7f11d50a3a'. The system cannot find the file specified.
Could not load file or assembly 'System.Runtime, Version=9.0.0.0, Culture=neutral, PublicKeyToken=b03f5f7f11d50a3a'. The system cannot find the file specified.
Could not load file or assembly 'System.Runtime, Version=9.0.0.0, Culture=neutral, PublicKeyToken=b03f5f7f11d50a3a'. The system cannot find the file specified.
Could not load file or assembly 'System.Runtime, Version=9.0.0.0, Culture=neutral, PublicKeyToken=b03f5f7f11d50a3a'. The system cannot find the file specified.
Could not load file or assembly 'System.Runtime, Version=9.0.0.0, Culture=neutral, PublicKeyToken=b03f5f7f11d50a3a'. The system cannot find the file specified.
Could not load file or assembly 'System.Runtime, Version=9.0.0.0, Culture=neutral, PublicKeyToken=b03f5f7f11d50a3a'. The system cannot find the file specified.
Could not load file or assembly 'System.Runtime, Version=9.0.0.0, Culture=neutral, PublicKeyToken=b03f5f7f11d50a3a'. The system cannot find the file specified.
Could not load file or assembly 'System.Runtime, Version=9.0.0.0, Culture=neutral, PublicKeyToken=b03f5f7f11d50a3a'. The system cannot find the file specified.
Could not load file or assembly 'System.Runtime, Version=9.0.0.0, Culture=neutral, PublicKeyToken=b03f5f7f11d50a3a'. The system cannot find the file specified.
Could not load file or assembly 'System.Runtime, Version=9.0.0.0, Culture=neutral, PublicKeyToken=b03f5f7f11d50a3a'. The system cannot find the file specified.
Could not load file or assembly 'System.Runtime, Version=9.0.0.0, Culture=neutral, PublicKeyToken=b03f5f7f11d50a3a'. The system cannot find the file specified.
Could not load file or assembly 'System.Runtime, Version=9.0.0.0, Culture=neutral, PublicKeyToken=b03f5f7f11d50a3a'. The system cannot find the file specified.
Could not load file or assembly 'System.Runtime, Version=9.0.0.0, Culture=neutral, PublicKeyToken=b03f5f7f11d50a3a'. The system cannot find the file specified.
Could not load file or assembly 'System.Runtime, Version=9.0.0.0, Culture=neutral, PublicKeyToken=b03f5f7f11d50a3a'. The system cannot find the file specified.
Could not load file or assembly 'System.Runtime, Version=9.0.0.0, Culture=neutral, PublicKeyToken=b03f5f7f11d50a3a'. The system cannot find the file specified.
Could not load file or assembly 'System.Runtime, Version=9.0.0.0, Culture=neutral, PublicKeyToken=b03f5f7f11d50a3a'. The system cannot find the file specified.
Could not load file or assembly 'System.Runtime, Version=9.0.0.0, Culture=neutral, PublicKeyToken=b03f5f7f11d50a3a'. The system cannot find the file specified.
Could not load file or assembly 'System.Runtime, Version=9.0.0.0, Culture=neutral, PublicKeyToken=b03f5f7f11d50a3a'. The system cannot find the file specified.
Could not load file or assembly 'System.Runtime, Version=9.0.0.0, Culture=neutral, PublicKeyToken=b03f5f7f11d50a3a'. The system cannot find the file specified.
Could not load file or assembly 'System.Runtime, Version=9.0.0.0, Culture=neutral, PublicKeyToken=b03f5f7f11d50a3a'. The system cannot find the file specified.
Could not load file or assembly 'System.Runtime, Version=9.0.0.0, Culture=neutral, PublicKeyToken=b03f5f7f11d50a3a'. The system cannot find the file specified.
Could not load file or assembly 'System.Runtime, Version=9.0.0.0, Culture=neutral, PublicKeyToken=b03f5f7f11d50a3a'. The system cannot find the file specified.
Could not load file or assembly 'System.Runtime, Version=9.0.0.0, Culture=neutral, PublicKeyToken=b03f5f7f11d50a3a'. The system cannot find the file specified.
Could not load file or assembly 'System.Runtime, Version=9.0.0.0, Culture=neutral, PublicKeyToken=b03f5f7f11d50a3a'. The system cannot find the file specified.
Could not load file or assembly 'System.Runtime, Version=9.0.0.0, Culture=neutral, PublicKeyToken=b03f5f7f11d50a3a'. The system cannot find the file specified.
Could not load file or assembly 'System.Runtime, Version=9.0.0.0, Culture=neutral, PublicKeyToken=b03f5f7f11d50a3a'. The system cannot find the file specified.
Could not load file or assembly 'System.Runtime, Version=9.0.0.0, Culture=neutral, PublicKeyToken=b03f5f7f11d50a3a'. The system cannot find the file specified.
Could not load file or assembly 'System.Runtime, Version=9.0.0.0, Culture=neutral, PublicKeyToken=b03f5f7f11d50a3a'. The system cannot find the file specified.
Could not load file or assembly 'System.Runtime, Version=9.0.0.0, Culture=neutral, PublicKeyToken=b03f5f7f11d50a3a'. The system cannot find the file specified.
Could not load file or assembly 'System.Runtime, Version=9.0.0.0, Culture=neutral, PublicKeyToken=b03f5f7f11d50a3a'. The system cannot find the file specified.
Could not load file or assembly 'System.Runtime, Version=9.0.0.0, Culture=neutral, PublicKeyToken=b03f5f7f11d50a3a'. The system cannot find the file specified.
Could not load file or assembly 'System.Runtime, Version=9.0.0.0, Culture=neutral, PublicKeyToken=b03f5f7f11d50a3a'. The system cannot find the file specified.
Could not load file or assembly 'System.Runtime, Version=9.0.0.0, Culture=neutral, PublicKeyToken=b03f5f7f11d50a3a'. The system cannot find the file specified.
Could not load file or assembly 'System.Runtime, Version=9.0.0.0, Culture=neutral, PublicKeyToken=b03f5f7f11d50a3a'. The system cannot find the file specified.
Could not load file or assembly 'System.Runtime, Version=9.0.0.0, Culture=neutral, PublicKeyToken=b03f5f7f11d50a3a'. The system cannot find the file specified.
Could not load file or assembly 'System.Runtime, Version=9.0.0.0, Culture=neutral, PublicKeyToken=b03f5f7f11d50a3a'. The system cannot find the file specified.
Could not load file or assembly 'System.Runtime, Version=9.0.0.0, Culture=neutral, PublicKeyToken=b03f5f7f11d50a3a'. The system cannot find the file specified.
Could not load file or assembly 'System.Runtime, Version=9.0.0.0, Culture=neutral, PublicKeyToken=b03f5f7f11d50a3a'. The system cannot find the file specified.
Could not load file or assembly 'System.Runtime, Version=9.0.0.0, Culture=neutral, PublicKeyToken=b03f5f7f11d50a3a'. The system cannot find the file specified.
Could not load file or assembly 'System.Runtime, Version=9.0.0.0, Culture=neutral, PublicKeyToken=b03f5f7f11d50a3a'. The system cannot find the file specified.
Could not load file or assembly 'System.Runtime, Version=9.0.0.0, Culture=neutral, PublicKeyToken=b03f5f7f11d50a3a'. The system cannot find the file specified.
Could not load file or assembly 'System.Runtime, Version=9.0.0.0, Culture=neutral, PublicKeyToken=b03f5f7f11d50a3a'. The system cannot find the file specified.
Could not load file or assembly 'System.Runtime, Version=9.0.0.0, Culture=neutral, PublicKeyToken=b03f5f7f11d50a3a'. The system cannot find the file specified.
Could not load file or assembly 'System.Runtime, Version=9.0.0.0, Culture=neutral, PublicKeyToken=b03f5f7f11d50a3a'. The system cannot find the file specified.
Could not load file or assembly 'System.Runtime, Version=9.0.0.0, Culture=neutral, PublicKeyToken=b03f5f7f11d50a3a'. The system cannot find the file specified.
Could not load file or assembly 'System.Runtime, Version=9.0.0.0, Culture=neutral, PublicKeyToken=b03f5f7f11d50a3a'. The system cannot find the file specified.
Could not load file or assembly 'System.Runtime, Version=9.0.0.0, Culture=neutral, PublicKeyToken=b03f5f7f11d50a3a'. The system cannot find the file specified.
Could not load file or assembly 'System.Runtime, Version=9.0.0.0, Culture=neutral, PublicKeyToken=b03f5f7f11d50a3a'. The system cannot find the file specified.
Could not load file or assembly 'System.Runtime, Version=9.0.0.0, Culture=neutral, PublicKeyToken=b03f5f7f11d50a3a'. The system cannot find the file specified.
Could not load file or assembly 'System.Runtime, Version=9.0.0.0, Culture=neutral, PublicKeyToken=b03f5f7f11d50a3a'. The system cannot find the file specified.
Could not load file or assembly 'System.Runtime, Version=9.0.0.0, Culture=neutral, PublicKeyToken=b03f5f7f11d50a3a'. The system cannot find the file specified.
Could not load file or assembly 'System.Runtime, Version=9.0.0.0, Culture=neutral, PublicKeyToken=b03f5f7f11d50a3a'. The system cannot find the file specified.
Could not load file or assembly 'System.Runtime, Version=9.0.0.0, Culture=neutral, PublicKeyToken=b03f5f7f11d50a3a'. The system cannot find the file specified.
Could not load file or assembly 'System.Runtime, Version=9.0.0.0, Culture=neutral, PublicKeyToken=b03f5f7f11d50a3a'. The system cannot find the file specified.
  ----> System.Reflection.ReflectionTypeLoadException : Unable to load one or more of the requested types.
Could not load file or assembly 'System.Runtime, Version=9.0.0.0, Culture=neutral, PublicKeyToken=b03f5f7f11d50a3a'. The system cannot find the file specified.
Could not load file or assembly 'System.Runtime, Version=9.0.0.0, Culture=neutral, PublicKeyToken=b03f5f7f11d50a3a'. The system cannot find the file specified.
Could not load file or assembly 'System.Runtime, Version=9.0.0.0, Culture=neutral, PublicKeyToken=b03f5f7f11d50a3a'. The system cannot find the file specified.
Could not load file or assembly 'System.Runtime, Version=9.0.0.0, Culture=neutral, PublicKeyToken=b03f5f7f11d50a3a'. The system cannot find the file specified.
Could not load file or assembly 'System.Runtime, Version=9.0.0.0, Culture=neutral, PublicKeyToken=b03f5f7f11d50a3a'. The system cannot find the file specified.
Could not load file or assembly 'System.Runtime, Version=9.0.0.0, Culture=neutral, PublicKeyToken=b03f5f7f11d50a3a'. The system cannot find the file specified.
Could not load file or assembly 'System.Runtime, Version=9.0.0.0, Culture=neutral, PublicKeyToken=b03f5f7f11d50a3a'. The system cannot find the file specified.
Could not load file or assembly 'System.Runtime, Version=9.0.0.0, Culture=neutral, PublicKeyToken=b03f5f7f11d50a3a'. The system cannot find the file specified.
Could not load file or assembly 'System.Runtime, Version=9.0.0.0, Culture=neutral, PublicKeyToken=b03f5f7f11d50a3a'. The system cannot find the file specified.
Could not load file or assembly 'System.Runtime, Version=9.0.0.0, Culture=neutral, PublicKeyToken=b03f5f7f11d50a3a'. The system cannot find the file specified.
Could not load file or assembly 'System.Runtime, Version=9.0.0.0, Culture=neutral, PublicKeyToken=b03f5f7f11d50a3a'. The system cannot find the file specified.
Could not load file or assembly 'System.Runtime, Version=9.0.0.0, Culture=neutral, PublicKeyToken=b03f5f7f11d50a3a'. The system cannot find the file specified.
Could not load file or assembly 'System.Runtime, Version=9.0.0.0, Culture=neutral, PublicKeyToken=b03f5f7f11d50a3a'. The system cannot find the file specified.
Could not load file or assembly 'System.Runtime, Version=9.0.0.0, Culture=neutral, PublicKeyToken=b03f5f7f11d50a3a'. The system cannot find the file specified.
Could not load file or assembly 'System.Runtime, Version=9.0.0.0, Culture=neutral, PublicKeyToken=b03f5f7f11d50a3a'. The system cannot find the file specified.
Could not load file or assembly 'System.Runtime, Version=9.0.0.0, Culture=neutral, PublicKeyToken=b03f5f7f11d50a3a'. The system cannot find the file specified.
Could not load file or assembly 'System.Runtime, Version=9.0.0.0, Culture=neutral, PublicKeyToken=b03f5f7f11d50a3a'. The system cannot find the file specified.
Could not load file or assembly 'System.Runtime, Version=9.0.0.0, Culture=neutral, PublicKeyToken=b03f5f7f11d50a3a'. The system cannot find the file specified.
Could not load file or assembly 'System.Runtime, Version=9.0.0.0, Culture=neutral, PublicKeyToken=b03f5f7f11d50a3a'. The system cannot find the file specified.
Could not load file or assembly 'System.Runtime, Version=9.0.0.0, Culture=neutral, PublicKeyToken=b03f5f7f11d50a3a'. The system cannot find the file specified.
Could not load file or assembly 'System.Runtime, Version=9.0.0.0, Culture=neutral, PublicKeyToken=b03f5f7f11d50a3a'. The system cannot find the file specified.
Could not load file or assembly 'System.Runtime, Version=9.0.0.0, Culture=neutral, PublicKeyToken=b03f5f7f11d50a3a'. The system cannot find the file specified.
Could not load file or assembly 'System.Runtime, Version=9.0.0.0, Culture=neutral, PublicKeyToken=b03f5f7f11d50a3a'. The system cannot find the file specified.
Could not load file or assembly 'System.Runtime, Version=9.0.0.0, Culture=neutral, PublicKeyToken=b03f5f7f11d50a3a'. The system cannot find the file specified.
Could not load file or assembly 'System.Runtime, Version=9.0.0.0, Culture=neutral, PublicKeyToken=b03f5f7f11d50a3a'. The system cannot find the file specified.
Could not load file or assembly 'System.Runtime, Version=9.0.0.0, Culture=neutral, PublicKeyToken=b03f5f7f11d50a3a'. The system cannot find the file specified.
Could not load file or assembly 'System.Runtime, Version=9.0.0.0, Culture=neutral, PublicKeyToken=b03f5f7f11d50a3a'. The system cannot find the file specified.
Could not load file or assembly 'System.Runtime, Version=9.0.0.0, Culture=neutral, PublicKeyToken=b03f5f7f11d50a3a'. The system cannot find the file specified.
Could not load file or assembly 'System.Runtime, Version=9.0.0.0, Culture=neutral, PublicKeyToken=b03f5f7f11d50a3a'. The system cannot find the file specified.
Could not load file or assembly 'System.Runtime, Version=9.0.0.0, Culture=neutral, PublicKeyToken=b03f5f7f11d50a3a'. The system cannot find the file specified.
Could not load file or assembly 'System.Runtime, Version=9.0.0.0, Culture=neutral, PublicKeyToken=b03f5f7f11d50a3a'. The system cannot find the file specified.
Could not load file or assembly 'System.Runtime, Version=9.0.0.0, Culture=neutral, PublicKeyToken=b03f5f7f11d50a3a'. The system cannot find the file specified.
Could not load file or assembly 'System.Runtime, Version=9.0.0.0, Culture=neutral, PublicKeyToken=b03f5f7f11d50a3a'. The system cannot find the file specified.
Could not load file or assembly 'System.Runtime, Version=9.0.0.0, Culture=neutral, PublicKeyToken=b03f5f7f11d50a3a'. The system cannot find the file specified.
Could not load file or assembly 'System.Runtime, Version=9.0.0.0, Culture=neutral, PublicKeyToken=b03f5f7f11d50a3a'. The system cannot find the file specified.
Could not load file or assembly 'System.Runtime, Version=9.0.0.0, Culture=neutral, PublicKeyToken=b03f5f7f11d50a3a'. The system cannot find the file specified.
Could not load file or assembly 'System.Runtime, Version=9.0.0.0, Culture=neutral, PublicKeyToken=b03f5f7f11d50a3a'. The system cannot find the file specified.
Could not load file or assembly 'System.Runtime, Version=9.0.0.0, Culture=neutral, PublicKeyToken=b03f5f7f11d50a3a'. The system cannot find the file specified.
Could not load file or assembly 'System.Runtime, Version=9.0.0.0, Culture=neutral, PublicKeyToken=b03f5f7f11d50a3a'. The system cannot find the file specified.
Could not load file or assembly 'System.Runtime, Version=9.0.0.0, Culture=neutral, PublicKeyToken=b03f5f7f11d50a3a'. The system cannot find the file specified.
Could not load file or assembly 'System.Runtime, Version=9.0.0.0, Culture=neutral, PublicKeyToken=b03f5f7f11d50a3a'. The system cannot find the file specified.
Could not load file or assembly 'System.Runtime, Version=9.0.0.0, Culture=neutral, PublicKeyToken=b03f5f7f11d50a3a'. The system cannot find the file specified.
Could not load file or assembly 'System.Runtime, Version=9.0.0.0, Culture=neutral, PublicKeyToken=b03f5f7f11d50a3a'. The system cannot find the file specified.
Could not load file or assembly 'System.Runtime, Version=9.0.0.0, Culture=neutral, PublicKeyToken=b03f5f7f11d50a3a'. The system cannot find the file specified.
Could not load file or assembly 'System.Runtime, Version=9.0.0.0, Culture=neutral, PublicKeyToken=b03f5f7f11d50a3a'. The system cannot find the file specified.
Could not load file or assembly 'System.Runtime, Version=9.0.0.0, Culture=neutral, PublicKeyToken=b03f5f7f11d50a3a'. The system cannot find the file specified.
Could not load file or assembly 'System.Runtime, Version=9.0.0.0, Culture=neutral, PublicKeyToken=b03f5f7f11d50a3a'. The system cannot find the file specified.
Could not load file or assembly 'System.Runtime, Version=9.0.0.0, Culture=neutral, PublicKeyToken=b03f5f7f11d50a3a'. The system cannot find the file specified.
Could not load file or assembly 'System.Runtime, Version=9.0.0.0, Culture=neutral, PublicKeyToken=b03f5f7f11d50a3a'. The system cannot find the file specified.
Could not load file or assembly 'System.Runtime, Version=9.0.0.0, Culture=neutral, PublicKeyToken=b03f5f7f11d50a3a'. The system cannot find the file specified.
Could not load file or assembly 'System.Runtime, Version=9.0.0.0, Culture=neutral, PublicKeyToken=b03f5f7f11d50a3a'. The system cannot find the file specified.
Could not load file or assembly 'System.Runtime, Version=9.0.0.0, Culture=neutral, PublicKeyToken=b03f5f7f11d50a3a'. The system cannot find the file specified.
Could not load file or assembly 'System.Runtime, Version=9.0.0.0, Culture=neutral, PublicKeyToken=b03f5f7f11d50a3a'. The system cannot find the file specified.
Could not load file or assembly 'System.Runtime, Version=9.0.0.0, Culture=neutral, PublicKeyToken=b03f5f7f11d50a3a'. The system cannot find the file specified.
Could not load file or assembly 'System.Runtime, Version=9.0.0.0, Culture=neutral, PublicKeyToken=b03f5f7f11d50a3a'. The system cannot find the file specified.
Could not load file or assembly 'System.Runtime, Version=9.0.0.0, Culture=neutral, PublicKeyToken=b03f5f7f11d50a3a'. The system cannot find the file specified.
Could not load file or assembly 'System.Runtime, Version=9.0.0.0, Culture=neutral, PublicKeyToken=b03f5f7f11d50a3a'. The system cannot find the file specified.
Could not load file or assembly 'System.Runtime, Version=9.0.0.0, Culture=neutral, PublicKeyToken=b03f5f7f11d50a3a'. The system cannot find the file specified.
Could not load file or assembly 'System.Runtime, Version=9.0.0.0, Culture=neutral, PublicKeyToken=b03f5f7f11d50a3a'. The system cannot find the file specified.
Could not load file or assembly 'System.Runtime, Version=9.0.0.0, Culture=neutral, PublicKeyToken=b03f5f7f11d50a3a'. The system cannot find the file specified.
Could not load file or assembly 'System.Runtime, Version=9.0.0.0, Culture=neutral, PublicKeyToken=b03f5f7f11d50a3a'. The system cannot find the file specified.
Could not load file or assembly 'System.Runtime, Version=9.0.0.0, Culture=neutral, PublicKeyToken=b03f5f7f11d50a3a'. The system cannot find the file specified.
Could not load file or assembly 'System.Runtime, Version=9.0.0.0, Culture=neutral, PublicKeyToken=b03f5f7f11d50a3a'. The system cannot find the file specified.
Could not load file or assembly 'System.Runtime, Version=9.0.0.0, Culture=neutral, PublicKeyToken=b03f5f7f11d50a3a'. The system cannot find the file specified.
Could not load file or assembly 'System.Runtime, Version=9.0.0.0, Culture=neutral, PublicKeyToken=b03f5f7f11d50a3a'. The system cannot find the file specified.
Could not load file or assembly 'System.Runtime, Version=9.0.0.0, Culture=neutral, PublicKeyToken=b03f5f7f11d50a3a'. The system cannot find the file specified.
Could not load file or assembly 'System.Runtime, Version=9.0.0.0, Culture=neutral, PublicKeyToken=b03f5f7f11d50a3a'. The system cannot find the file specified.
Could not load file or assembly 'System.Runtime, Version=9.0.0.0, Culture=neutral, PublicKeyToken=b03f5f7f11d50a3a'. The system cannot find the file specified.
Could not load file or assembly 'System.Runtime, Version=9.0.0.0, Culture=neutral, PublicKeyToken=b03f5f7f11d50a3a'. The system cannot find the file specified.
Could not load file or assembly 'System.Runtime, Version=9.0.0.0, Culture=neutral, PublicKeyToken=b03f5f7f11d50a3a'. The system cannot find the file specified.
Could not load file or assembly 'System.Runtime, Version=9.0.0.0, Culture=neutral, PublicKeyToken=b03f5f7f11d50a3a'. The system cannot find the file specified.
Could not load file or assembly 'System.Runtime, Version=9.0.0.0, Culture=neutral, PublicKeyToken=b03f5f7f11d50a3a'. The system cannot find the file specified.
Could not load file or assembly 'System.Runtime, Version=9.0.0.0, Culture=neutral, PublicKeyToken=b03f5f7f11d50a3a'. The system cannot find the file specified.
Could not load file or assembly 'System.Runtime, Version=9.0.0.0, Culture=neutral, PublicKeyToken=b03f5f7f11d50a3a'. The system cannot find the file specified.
Could not load file or assembly 'System.Runtime, Version=9.0.0.0, Culture=neutral, PublicKeyToken=b03f5f7f11d50a3a'. The system cannot find the file specified.
Could not load file or assembly 'System.Runtime, Version=9.0.0.0, Culture=neutral, PublicKeyToken=b03f5f7f11d50a3a'. The system cannot find the file specified.
Could not load file or assembly 'System.Runtime, Version=9.0.0.0, Culture=neutral, PublicKeyToken=b03f5f7f11d50a3a'. The system cannot find the file specified.
  ----> System.Reflection.ReflectionTypeLoadException : Unable to load one or more of the requested types.
Could not load file or assembly 'System.Runtime, Version=9.0.0.0, Culture=neutral, PublicKeyToken=b03f5f7f11d50a3a'. The system cannot find the file specified.
Could not load file or assembly 'System.Runtime, Version=9.0.0.0, Culture=neutral, PublicKeyToken=b03f5f7f11d50a3a'. The system cannot find the file specified.
Could not load file or assembly 'System.Runtime, Version=9.0.0.0, Culture=neutral, PublicKeyToken=b03f5f7f11d50a3a'. The system cannot find the file specified.
Could not load file or assembly 'System.Runtime, Version=9.0.0.0, Culture=neutral, PublicKeyToken=b03f5f7f11d50a3a'. The system cannot find the file specified.
Could not load file or assembly 'System.Runtime, Version=9.0.0.0, Culture=neutral, PublicKeyToken=b03f5f7f11d50a3a'. The system cannot find the file specified.
Could not load file or assembly 'System.Runtime, Version=9.0.0.0, Culture=neutral, PublicKeyToken=b03f5f7f11d50a3a'. The system cannot find the file specified.
Could not load file or assembly 'System.Runtime, Version=9.0.0.0, Culture=neutral, PublicKeyToken=b03f5f7f11d50a3a'. The system cannot find the file specified.
Could not load file or assembly 'System.Runtime, Version=9.0.0.0, Culture=neutral, PublicKeyToken=b03f5f7f11d50a3a'. The system cannot find the file specified.
Could not load file or assembly 'System.Runtime, Version=9.0.0.0, Culture=neutral, PublicKeyToken=b03f5f7f11d50a3a'. The system cannot find the file specified.
Could not load file or assembly 'System.Runtime, Version=9.0.0.0, Culture=neutral, PublicKeyToken=b03f5f7f11d50a3a'. The system cannot find the file specified.
Could not load file or assembly 'System.Runtime, Version=9.0.0.0, Culture=neutral, PublicKeyToken=b03f5f7f11d50a3a'. The system cannot find the file specified.
Could not load file or assembly 'System.Runtime, Version=9.0.0.0, Culture=neutral, PublicKeyToken=b03f5f7f11d50a3a'. The system cannot find the file specified.
Could not load file or assembly 'System.Runtime, Version=9.0.0.0, Culture=neutral, PublicKeyToken=b03f5f7f11d50a3a'. The system cannot find the file specified.
Could not load file or assembly 'System.Runtime, Version=9.0.0.0, Culture=neutral, PublicKeyToken=b03f5f7f11d50a3a'. The system cannot find the file specified.
Could not load file or assembly 'System.Runtime, Version=9.0.0.0, Culture=neutral, PublicKeyToken=b03f5f7f11d50a3a'. The system cannot find the file specified.
Could not load file or assembly 'System.Runtime, Version=9.0.0.0, Culture=neutral, PublicKeyToken=b03f5f7f11d50a3a'. The system cannot find the file specified.
Could not load file or assembly 'System.Runtime, Version=9.0.0.0, Culture=neutral, PublicKeyToken=b03f5f7f11d50a3a'. The system cannot find the file specified.
Could not load file or assembly 'System.Runtime, Version=9.0.0.0, Culture=neutral, PublicKeyToken=b03f5f7f11d50a3a'. The system cannot find the file specified.
Could not load file or assembly 'System.Runtime, Version=9.0.0.0, Culture=neutral, PublicKeyToken=b03f5f7f11d50a3a'. The system cannot find the file specified.
Could not load file or assembly 'System.Runtime, Version=9.0.0.0, Culture=neutral, PublicKeyToken=b03f5f7f11d50a3a'. The system cannot find the file specified.
Could not load file or assembly 'System.Runtime, Version=9.0.0.0, Culture=neutral, PublicKeyToken=b03f5f7f11d50a3a'. The system cannot find the file specified.
Could not load file or assembly 'System.Runtime, Version=9.0.0.0, Culture=neutral, PublicKeyToken=b03f5f7f11d50a3a'. The system cannot find the file specified.
Could not load file or assembly 'System.Runtime, Version=9.0.0.0, Culture=neutral, PublicKeyToken=b03f5f7f11d50a3a'. The system cannot find the file specified.
Could not load file or assembly 'System.Runtime, Version=9.0.0.0, Culture=neutral, PublicKeyToken=b03f5f7f11d50a3a'. The system cannot find the file specified.
Could not load file or assembly 'System.Runtime, Version=9.0.0.0, Culture=neutral, PublicKeyToken=b03f5f7f11d50a3a'. The system cannot find the file specified.
Could not load file or assembly 'System.Runtime, Version=9.0.0.0, Culture=neutral, PublicKeyToken=b03f5f7f11d50a3a'. The system cannot find the file specified.
Could not load file or assembly 'System.Runtime, Version=9.0.0.0, Culture=neutral, PublicKeyToken=b03f5f7f11d50a3a'. The system cannot find the file specified.
Could not load file or assembly 'System.Runtime, Version=9.0.0.0, Culture=neutral, PublicKeyToken=b03f5f7f11d50a3a'. The system cannot find the file specified.
Could not load file or assembly 'System.Runtime, Version=9.0.0.0, Culture=neutral, PublicKeyToken=b03f5f7f11d50a3a'. The system cannot find the file specified.
Could not load file or assembly 'System.Runtime, Version=9.0.0.0, Culture=neutral, PublicKeyToken=b03f5f7f11d50a3a'. The system cannot find the file specified.
Could not load file or assembly 'System.Runtime, Version=9.0.0.0, Culture=neutral, PublicKeyToken=b03f5f7f11d50a3a'. The system cannot find the file specified.
Could not load file or assembly 'System.Runtime, Version=9.0.0.0, Culture=neutral, PublicKeyToken=b03f5f7f11d50a3a'. The system cannot find the file specified.
Could not load file or assembly 'System.Runtime, Version=9.0.0.0, Culture=neutral, PublicKeyToken=b03f5f7f11d50a3a'. The system cannot find the file specified.
Could not load file or assembly 'System.Runtime, Version=9.0.0.0, Culture=neutral, PublicKeyToken=b03f5f7f11d50a3a'. The system cannot find the file specified.
Could not load file or assembly 'System.Runtime, Version=9.0.0.0, Culture=neutral, PublicKeyToken=b03f5f7f11d50a3a'. The system cannot find the file specified.
Could not load file or assembly 'System.Runtime, Version=9.0.0.0, Culture=neutral, PublicKeyToken=b03f5f7f11d50a3a'. The system cannot find the file specified.
Could not load file or assembly 'System.Runtime, Version=9.0.0.0, Culture=neutral, PublicKeyToken=b03f5f7f11d50a3a'. The system cannot find the file specified.
Could not load file or assembly 'System.Runtime, Version=9.0.0.0, Culture=neutral, PublicKeyToken=b03f5f7f11d50a3a'. The system cannot find the file specified.
Could not load file or assembly 'System.Runtime, Version=9.0.0.0, Culture=neutral, PublicKeyToken=b03f5f7f11d50a3a'. The system cannot find the file specified.
Could not load file or assembly 'System.Runtime, Version=9.0.0.0, Culture=neutral, PublicKeyToken=b03f5f7f11d50a3a'. The system cannot find the file specified.
Could not load file or assembly 'System.Runtime, Version=9.0.0.0, Culture=neutral, PublicKeyToken=b03f5f7f11d50a3a'. The system cannot find the file specified.
Could not load file or assembly 'System.Runtime, Version=9.0.0.0, Culture=neutral, PublicKeyToken=b03f5f7f11d50a3a'. The system cannot find the file specified.
Could not load file or assembly 'System.Runtime, Version=9.0.0.0, Culture=neutral, PublicKeyToken=b03f5f7f11d50a3a'. The system cannot find the file specified.
Could not load file or assembly 'System.Runtime, Version=9.0.0.0, Culture=neutral, PublicKeyToken=b03f5f7f11d50a3a'. The system cannot find the file specified.
Could not load file or assembly 'System.Runtime, Version=9.0.0.0, Culture=neutral, PublicKeyToken=b03f5f7f11d50a3a'. The system cannot find the file specified.
Could not load file or assembly 'System.Runtime, Version=9.0.0.0, Culture=neutral, PublicKeyToken=b03f5f7f11d50a3a'. The system cannot find the file specified.
Could not load file or assembly 'System.Runtime, Version=9.0.0.0, Culture=neutral, PublicKeyToken=b03f5f7f11d50a3a'. The system cannot find the file specified.
Could not load file or assembly 'System.Runtime, Version=9.0.0.0, Culture=neutral, PublicKeyToken=b03f5f7f11d50a3a'. The system cannot find the file specified.
Could not load file or assembly 'System.Runtime, Version=9.0.0.0, Culture=neutral, PublicKeyToken=b03f5f7f11d50a3a'. The system cannot find the file specified.
Could not load file or assembly 'System.Runtime, Version=9.0.0.0, Culture=neutral, PublicKeyToken=b03f5f7f11d50a3a'. The system cannot find the file specified.
Could not load file or assembly 'System.Runtime, Version=9.0.0.0, Culture=neutral, PublicKeyToken=b03f5f7f11d50a3a'. The system cannot find the file specified.
Could not load file or assembly 'System.Runtime, Version=9.0.0.0, Culture=neutral, PublicKeyToken=b03f5f7f11d50a3a'. The system cannot find the file specified.
Could not load file or assembly 'System.Runtime, Version=9.0.0.0, Culture=neutral, PublicKeyToken=b03f5f7f11d50a3a'. The system cannot find the file specified.
Could not load file or assembly 'System.Runtime, Version=9.0.0.0, Culture=neutral, PublicKeyToken=b03f5f7f11d50a3a'. The system cannot find the file specified.
Could not load file or assembly 'System.Runtime, Version=9.0.0.0, Culture=neutral, PublicKeyToken=b03f5f7f11d50a3a'. The system cannot find the file specified.
Could not load file or assembly 'System.Runtime, Version=9.0.0.0, Culture=neutral, PublicKeyToken=b03f5f7f11d50a3a'. The system cannot find the file specified.
Could not load file or assembly 'System.Runtime, Version=9.0.0.0, Culture=neutral, PublicKeyToken=b03f5f7f11d50a3a'. The system cannot find the file specified.
Could not load file or assembly 'System.Runtime, Version=9.0.0.0, Culture=neutral, PublicKeyToken=b03f5f7f11d50a3a'. The system cannot find the file specified.
Could not load file or assembly 'System.Runtime, Version=9.0.0.0, Culture=neutral, PublicKeyToken=b03f5f7f11d50a3a'. The system cannot find the file specified.
Could not load file or assembly 'System.Runtime, Version=9.0.0.0, Culture=neutral, PublicKeyToken=b03f5f7f11d50a3a'. The system cannot find the file specified.
Could not load file or assembly 'System.Runtime, Version=9.0.0.0, Culture=neutral, PublicKeyToken=b03f5f7f11d50a3a'. The system cannot find the file specified.
Could not load file or assembly 'System.Runtime, Version=9.0.0.0, Culture=neutral, PublicKeyToken=b03f5f7f11d50a3a'. The system cannot find the file specified.
Could not load file or assembly 'System.Runtime, Version=9.0.0.0, Culture=neutral, PublicKeyToken=b03f5f7f11d50a3a'. The system cannot find the file specified.
Could not load file or assembly 'System.Runtime, Version=9.0.0.0, Culture=neutral, PublicKeyToken=b03f5f7f11d50a3a'. The system cannot find the file specified.
Could not load file or assembly 'System.Runtime, Version=9.0.0.0, Culture=neutral, PublicKeyToken=b03f5f7f11d50a3a'. The system cannot find the file specified.
Could not load file or assembly 'System.Runtime, Version=9.0.0.0, Culture=neutral, PublicKeyToken=b03f5f7f11d50a3a'. The system cannot find the file specified.
Could not load file or assembly 'System.Runtime, Version=9.0.0.0, Culture=neutral, PublicKeyToken=b03f5f7f11d50a3a'. The system cannot find the file specified.
Could not load file or assembly 'System.Runtime, Version=9.0.0.0, Culture=neutral, PublicKeyToken=b03f5f7f11d50a3a'. The system cannot find the file specified.
Could not load file or assembly 'System.Runtime, Version=9.0.0.0, Culture=neutral, PublicKeyToken=b03f5f7f11d50a3a'. The system cannot find the file specified.
Could not load file or assembly 'System.Runtime, Version=9.0.0.0, Culture=neutral, PublicKeyToken=b03f5f7f11d50a3a'. The system cannot find the file specified.
Could not load file or assembly 'System.Runtime, Version=9.0.0.0, Culture=neutral, PublicKeyToken=b03f5f7f11d50a3a'. The system cannot find the file specified.
Could not load file or assembly 'System.Runtime, Version=9.0.0.0, Culture=neutral, PublicKeyToken=b03f5f7f11d50a3a'. The system cannot find the file specified.
Could not load file or assembly 'System.Runtime, Version=9.0.0.0, Culture=neutral, PublicKeyToken=b03f5f7f11d50a3a'. The system cannot find the file specified.
Could not load file or assembly 'System.Runtime, Version=9.0.0.0, Culture=neutral, PublicKeyToken=b03f5f7f11d50a3a'. The system cannot find the file specified.
Could not load file or assembly 'System.Runtime, Version=9.0.0.0, Culture=neutral, PublicKeyToken=b03f5f7f11d50a3a'. The system cannot find the file specified.
Could not load file or assembly 'System.Runtime, Version=9.0.0.0, Culture=neutral, PublicKeyToken=b03f5f7f11d50a3a'. The system cannot find the file specified.
Could not load file or assembly 'System.Runtime, Version=9.0.0.0, Culture=neutral, PublicKeyToken=b03f5f7f11d50a3a'. The system cannot find the file specified.
  ----> System.Reflection.ReflectionTypeLoadException : Unable to load one or more of the requested types.
Could not load file or assembly 'System.Runtime, Version=9.0.0.0, Culture=neutral, PublicKeyToken=b03f5f7f11d50a3a'. The system cannot find the file specified.
Could not load file or assembly 'System.Runtime, Version=9.0.0.0, Culture=neutral, PublicKeyToken=b03f5f7f11d50a3a'. The system cannot find the file specified.
Could not load file or assembly 'System.Runtime, Version=9.0.0.0, Culture=neutral, PublicKeyToken=b03f5f7f11d50a3a'. The system cannot find the file specified.
Could not load file or assembly 'System.Runtime, Version=9.0.0.0, Culture=neutral, PublicKeyToken=b03f5f7f11d50a3a'. The system cannot find the file specified.
Could not load file or assembly 'System.Runtime, Version=9.0.0.0, Culture=neutral, PublicKeyToken=b03f5f7f11d50a3a'. The system cannot find the file specified.
Could not load file or assembly 'System.Runtime, Version=9.0.0.0, Culture=neutral, PublicKeyToken=b03f5f7f11d50a3a'. The system cannot find the file specified.
Could not load file or assembly 'System.Runtime, Version=9.0.0.0, Culture=neutral, PublicKeyToken=b03f5f7f11d50a3a'. The system cannot find the file specified.
Could not load file or assembly 'System.Runtime, Version=9.0.0.0, Culture=neutral, PublicKeyToken=b03f5f7f11d50a3a'. The system cannot find the file specified.
Could not load file or assembly 'System.Runtime, Version=9.0.0.0, Culture=neutral, PublicKeyToken=b03f5f7f11d50a3a'. The system cannot find the file specified.
Could not load file or assembly 'System.Runtime, Version=9.0.0.0, Culture=neutral, PublicKeyToken=b03f5f7f11d50a3a'. The system cannot find the file specified.
Could not load file or assembly 'System.Runtime, Version=9.0.0.0, Culture=neutral, PublicKeyToken=b03f5f7f11d50a3a'. The system cannot find the file specified.
Could not load file or assembly 'System.Runtime, Version=9.0.0.0, Culture=neutral, PublicKeyToken=b03f5f7f11d50a3a'. The system cannot find the file specified.
Could not load file or assembly 'System.Runtime, Version=9.0.0.0, Culture=neutral, PublicKeyToken=b03f5f7f11d50a3a'. The system cannot find the file specified.
Could not load file or assembly 'System.Runtime, Version=9.0.0.0, Culture=neutral, PublicKeyToken=b03f5f7f11d50a3a'. The system cannot find the file specified.
Could not load file or assembly 'System.Runtime, Version=9.0.0.0, Culture=neutral, PublicKeyToken=b03f5f7f11d50a3a'. The system cannot find the file specified.
Could not load file or assembly 'System.Runtime, Version=9.0.0.0, Culture=neutral, PublicKeyToken=b03f5f7f11d50a3a'. The system cannot find the file specified.
Could not load file or assembly 'System.Runtime, Version=9.0.0.0, Culture=neutral, PublicKeyToken=b03f5f7f11d50a3a'. The system cannot find the file specified.
Could not load file or assembly 'System.Runtime, Version=9.0.0.0, Culture=neutral, PublicKeyToken=b03f5f7f11d50a3a'. The system cannot find the file specified.
Could not load file or assembly 'System.Runtime, Version=9.0.0.0, Culture=neutral, PublicKeyToken=b03f5f7f11d50a3a'. The system cannot find the file specified.
Could not load file or assembly 'System.Runtime, Version=9.0.0.0, Culture=neutral, PublicKeyToken=b03f5f7f11d50a3a'. The system cannot find the file specified.
Could not load file or assembly 'System.Runtime, Version=9.0.0.0, Culture=neutral, PublicKeyToken=b03f5f7f11d50a3a'. The system cannot find the file specified.
Could not load file or assembly 'System.Runtime, Version=9.0.0.0, Culture=neutral, PublicKeyToken=b03f5f7f11d50a3a'. The system cannot find the file specified.
Could not load file or assembly 'System.Runtime, Version=9.0.0.0, Culture=neutral, PublicKeyToken=b03f5f7f11d50a3a'. The system cannot find the file specified.
Could not load file or assembly 'System.Runtime, Version=9.0.0.0, Culture=neutral, PublicKeyToken=b03f5f7f11d50a3a'. The system cannot find the file specified.
Could not load file or assembly 'System.Runtime, Version=9.0.0.0, Culture=neutral, PublicKeyToken=b03f5f7f11d50a3a'. The system cannot find the file specified.
Could not load file or assembly 'System.Runtime, Version=9.0.0.0, Culture=neutral, PublicKeyToken=b03f5f7f11d50a3a'. The system cannot find the file specified.
Could not load file or assembly 'System.Runtime, Version=9.0.0.0, Culture=neutral, PublicKeyToken=b03f5f7f11d50a3a'. The system cannot find the file specified.
Could not load file or assembly 'System.Runtime, Version=9.0.0.0, Culture=neutral, PublicKeyToken=b03f5f7f11d50a3a'. The system cannot find the file specified.
Could not load file or assembly 'System.Runtime, Version=9.0.0.0, Culture=neutral, PublicKeyToken=b03f5f7f11d50a3a'. The system cannot find the file specified.
Could not load file or assembly 'System.Runtime, Version=9.0.0.0, Culture=neutral, PublicKeyToken=b03f5f7f11d50a3a'. The system cannot find the file specified.
Could not load file or assembly 'System.Runtime, Version=9.0.0.0, Culture=neutral, PublicKeyToken=b03f5f7f11d50a3a'. The system cannot find the file specified.
Could not load file or assembly 'System.Runtime, Version=9.0.0.0, Culture=neutral, PublicKeyToken=b03f5f7f11d50a3a'. The system cannot find the file specified.
Could not load file or assembly 'System.Runtime, Version=9.0.0.0, Culture=neutral, PublicKeyToken=b03f5f7f11d50a3a'. The system cannot find the file specified.
Could not load file or assembly 'System.Runtime, Version=9.0.0.0, Culture=neutral, PublicKeyToken=b03f5f7f11d50a3a'. The system cannot find the file specified.
Could not load file or assembly 'System.Runtime, Version=9.0.0.0, Culture=neutral, PublicKeyToken=b03f5f7f11d50a3a'. The system cannot find the file specified.
Could not load file or assembly 'System.Runtime, Version=9.0.0.0, Culture=neutral, PublicKeyToken=b03f5f7f11d50a3a'. The system cannot find the file specified.
Could not load file or assembly 'System.Runtime, Version=9.0.0.0, Culture=neutral, PublicKeyToken=b03f5f7f11d50a3a'. The system cannot find the file specified.
Could not load file or assembly 'System.Runtime, Version=9.0.0.0, Culture=neutral, PublicKeyToken=b03f5f7f11d50a3a'. The system cannot find the file specified.
Could not load file or assembly 'System.Runtime, Version=9.0.0.0, Culture=neutral, PublicKeyToken=b03f5f7f11d50a3a'. The system cannot find the file specified.
Could not load file or assembly 'System.Runtime, Version=9.0.0.0, Culture=neutral, PublicKeyToken=b03f5f7f11d50a3a'. The system cannot find the file specified.
Could not load file or assembly 'System.Runtime, Version=9.0.0.0, Culture=neutral, PublicKeyToken=b03f5f7f11d50a3a'. The system cannot find the file specified.
Could not load file or assembly 'System.Runtime, Version=9.0.0.0, Culture=neutral, PublicKeyToken=b03f5f7f11d50a3a'. The system cannot find the file specified.
Could not load file or assembly 'System.Runtime, Version=9.0.0.0, Culture=neutral, PublicKeyToken=b03f5f7f11d50a3a'. The system cannot find the file specified.
Could not load file or assembly 'System.Runtime, Version=9.0.0.0, Culture=neutral, PublicKeyToken=b03f5f7f11d50a3a'. The system cannot find the file specified.
Could not load file or assembly 'System.Runtime, Version=9.0.0.0, Culture=neutral, PublicKeyToken=b03f5f7f11d50a3a'. The system cannot find the file specified.
Could not load file or assembly 'System.Runtime, Version=9.0.0.0, Culture=neutral, PublicKeyToken=b03f5f7f11d50a3a'. The system cannot find the file specified.
Could not load file or assembly 'System.Runtime, Version=9.0.0.0, Culture=neutral, PublicKeyToken=b03f5f7f11d50a3a'. The system cannot find the file specified.
Could not load file or assembly 'System.Runtime, Version=9.0.0.0, Culture=neutral, PublicKeyToken=b03f5f7f11d50a3a'. The system cannot find the file specified.
Could not load file or assembly 'System.Runtime, Version=9.0.0.0, Culture=neutral, PublicKeyToken=b03f5f7f11d50a3a'. The system cannot find the file specified.
Could not load file or assembly 'System.Runtime, Version=9.0.0.0, Culture=neutral, PublicKeyToken=b03f5f7f11d50a3a'. The system cannot find the file specified.
Could not load file or assembly 'System.Runtime, Version=9.0.0.0, Culture=neutral, PublicKeyToken=b03f5f7f11d50a3a'. The system cannot find the file specified.
Could not load file or assembly 'System.Runtime, Version=9.0.0.0, Culture=neutral, PublicKeyToken=b03f5f7f11d50a3a'. The system cannot find the file specified.
Could not load file or assembly 'System.Runtime, Version=9.0.0.0, Culture=neutral, PublicKeyToken=b03f5f7f11d50a3a'. The system cannot find the file specified.
Could not load file or assembly 'System.Runtime, Version=9.0.0.0, Culture=neutral, PublicKeyToken=b03f5f7f11d50a3a'. The system cannot find the file specified.
Could not load file or assembly 'System.Runtime, Version=9.0.0.0, Culture=neutral, PublicKeyToken=b03f5f7f11d50a3a'. The system cannot find the file specified.
Could not load file or assembly 'System.Runtime, Version=9.0.0.0, Culture=neutral, PublicKeyToken=b03f5f7f11d50a3a'. The system cannot find the file specified.
Could not load file or assembly 'System.Runtime, Version=9.0.0.0, Culture=neutral, PublicKeyToken=b03f5f7f11d50a3a'. The system cannot find the file specified.
Could not load file or assembly 'System.Runtime, Version=9.0.0.0, Culture=neutral, PublicKeyToken=b03f5f7f11d50a3a'. The system cannot find the file specified.
Could not load file or assembly 'System.Runtime, Version=9.0.0.0, Culture=neutral, PublicKeyToken=b03f5f7f11d50a3a'. The system cannot find the file specified.
Could not load file or assembly 'System.Runtime, Version=9.0.0.0, Culture=neutral, PublicKeyToken=b03f5f7f11d50a3a'. The system cannot find the file specified.
Could not load file or assembly 'System.Runtime, Version=9.0.0.0, Culture=neutral, PublicKeyToken=b03f5f7f11d50a3a'. The system cannot find the file specified.
Could not load file or assembly 'System.Runtime, Version=9.0.0.0, Culture=neutral, PublicKeyToken=b03f5f7f11d50a3a'. The system cannot find the file specified.
Could not load file or assembly 'System.Runtime, Version=9.0.0.0, Culture=neutral, PublicKeyToken=b03f5f7f11d50a3a'. The system cannot find the file specified.
Could not load file or assembly 'System.Runtime, Version=9.0.0.0, Culture=neutral, PublicKeyToken=b03f5f7f11d50a3a'. The system cannot find the file specified.
Could not load file or assembly 'System.Runtime, Version=9.0.0.0, Culture=neutral, PublicKeyToken=b03f5f7f11d50a3a'. The system cannot find the file specified.
Could not load file or assembly 'System.Runtime, Version=9.0.0.0, Culture=neutral, PublicKeyToken=b03f5f7f11d50a3a'. The system cannot find the file specified.
Could not load file or assembly 'System.Runtime, Version=9.0.0.0, Culture=neutral, PublicKeyToken=b03f5f7f11d50a3a'. The system cannot find the file specified.
Could not load file or assembly 'System.Runtime, Version=9.0.0.0, Culture=neutral, PublicKeyToken=b03f5f7f11d50a3a'. The system cannot find the file specified.
Could not load file or assembly 'System.Runtime, Version=9.0.0.0, Culture=neutral, PublicKeyToken=b03f5f7f11d50a3a'. The system cannot find the file specified.
Could not load file or assembly 'System.Runtime, Version=9.0.0.0, Culture=neutral, PublicKeyToken=b03f5f7f11d50a3a'. The system cannot find the file specified.
Could not load file or assembly 'System.Runtime, Version=9.0.0.0, Culture=neutral, PublicKeyToken=b03f5f7f11d50a3a'. The system cannot find the file specified.
Could not load file or assembly 'System.Runtime, Version=9.0.0.0, Culture=neutral, PublicKeyToken=b03f5f7f11d50a3a'. The system cannot find the file specified.
Could not load file or assembly 'System.Runtime, Version=9.0.0.0, Culture=neutral, PublicKeyToken=b03f5f7f11d50a3a'. The system cannot find the file specified.
Could not load file or assembly 'System.Runtime, Version=9.0.0.0, Culture=neutral, PublicKeyToken=b03f5f7f11d50a3a'. The system cannot find the file specified.
Could not load file or assembly 'System.Runtime, Version=9.0.0.0, Culture=neutral, PublicKeyToken=b03f5f7f11d50a3a'. The system cannot find the file specified.
Could not load file or assembly 'System.Runtime, Version=9.0.0.0, Culture=neutral, PublicKeyToken=b03f5f7f11d50a3a'. The system cannot find the file specified.
Could not load file or assembly 'System.Runtime, Version=9.0.0.0, Culture=neutral, PublicKeyToken=b03f5f7f11d50a3a'. The system cannot find the file specified.
  ----> System.Reflection.ReflectionTypeLoadException : Unable to load one or more of the requested types.
Could not load file or assembly 'System.Runtime, Version=9.0.0.0, Culture=neutral, PublicKeyToken=b03f5f7f11d50a3a'. The system cannot find the file specified.
Could not load file or assembly 'System.Runtime, Version=9.0.0.0, Culture=neutral, PublicKeyToken=b03f5f7f11d50a3a'. The system cannot find the file specified.
Could not load file or assembly 'System.Runtime, Version=9.0.0.0, Culture=neutral, PublicKeyToken=b03f5f7f11d50a3a'. The system cannot find the file specified.
Could not load file or assembly 'System.Runtime, Version=9.0.0.0, Culture=neutral, PublicKeyToken=b03f5f7f11d50a3a'. The system cannot find the file specified.
Could not load file or assembly 'System.Runtime, Version=9.0.0.0, Culture=neutral, PublicKeyToken=b03f5f7f11d50a3a'. The system cannot find the file specified.
Could not load file or assembly 'System.Runtime, Version=9.0.0.0, Culture=neutral, PublicKeyToken=b03f5f7f11d50a3a'. The system cannot find the file specified.
Could not load file or assembly 'System.Runtime, Version=9.0.0.0, Culture=neutral, PublicKeyToken=b03f5f7f11d50a3a'. The system cannot find the file specified.
Could not load file or assembly 'System.Runtime, Version=9.0.0.0, Culture=neutral, PublicKeyToken=b03f5f7f11d50a3a'. The system cannot find the file specified.
Could not load file or assembly 'System.Runtime, Version=9.0.0.0, Culture=neutral, PublicKeyToken=b03f5f7f11d50a3a'. The system cannot find the file specified.
Could not load file or assembly 'System.Runtime, Version=9.0.0.0, Culture=neutral, PublicKeyToken=b03f5f7f11d50a3a'. The system cannot find the file specified.
Could not load file or assembly 'System.Runtime, Version=9.0.0.0, Culture=neutral, PublicKeyToken=b03f5f7f11d50a3a'. The system cannot find the file specified.
Could not load file or assembly 'System.Runtime, Version=9.0.0.0, Culture=neutral, PublicKeyToken=b03f5f7f11d50a3a'. The system cannot find the file specified.
Could not load file or assembly 'System.Runtime, Version=9.0.0.0, Culture=neutral, PublicKeyToken=b03f5f7f11d50a3a'. The system cannot find the file specified.
Could not load file or assembly 'System.Runtime, Version=9.0.0.0, Culture=neutral, PublicKeyToken=b03f5f7f11d50a3a'. The system cannot find the file specified.
Could not load file or assembly 'System.Runtime, Version=9.0.0.0, Culture=neutral, PublicKeyToken=b03f5f7f11d50a3a'. The system cannot find the file specified.
Could not load file or assembly 'System.Runtime, Version=9.0.0.0, Culture=neutral, PublicKeyToken=b03f5f7f11d50a3a'. The system cannot find the file specified.
Could not load file or assembly 'System.Runtime, Version=9.0.0.0, Culture=neutral, PublicKeyToken=b03f5f7f11d50a3a'. The system cannot find the file specified.
Could not load file or assembly 'System.Runtime, Version=9.0.0.0, Culture=neutral, PublicKeyToken=b03f5f7f11d50a3a'. The system cannot find the file specified.
Could not load file or assembly 'System.Runtime, Version=9.0.0.0, Culture=neutral, PublicKeyToken=b03f5f7f11d50a3a'. The system cannot find the file specified.
Could not load file or assembly 'System.Runtime, Version=9.0.0.0, Culture=neutral, PublicKeyToken=b03f5f7f11d50a3a'. The system cannot find the file specified.
Could not load file or assembly 'System.Runtime, Version=9.0.0.0, Culture=neutral, PublicKeyToken=b03f5f7f11d50a3a'. The system cannot find the file specified.
Could not load file or assembly 'System.Runtime, Version=9.0.0.0, Culture=neutral, PublicKeyToken=b03f5f7f11d50a3a'. The system cannot find the file specified.
Could not load file or assembly 'System.Runtime, Version=9.0.0.0, Culture=neutral, PublicKeyToken=b03f5f7f11d50a3a'. The system cannot find the file specified.
Could not load file or assembly 'System.Runtime, Version=9.0.0.0, Culture=neutral, PublicKeyToken=b03f5f7f11d50a3a'. The system cannot find the file specified.
Could not load file or assembly 'System.Runtime, Version=9.0.0.0, Culture=neutral, PublicKeyToken=b03f5f7f11d50a3a'. The system cannot find the file specified.
Could not load file or assembly 'System.Runtime, Version=9.0.0.0, Culture=neutral, PublicKeyToken=b03f5f7f11d50a3a'. The system cannot find the file specified.
Could not load file or assembly 'System.Runtime, Version=9.0.0.0, Culture=neutral, PublicKeyToken=b03f5f7f11d50a3a'. The system cannot find the file specified.
Could not load file or assembly 'System.Runtime, Version=9.0.0.0, Culture=neutral, PublicKeyToken=b03f5f7f11d50a3a'. The system cannot find the file specified.
Could not load file or assembly 'System.Runtime, Version=9.0.0.0, Culture=neutral, PublicKeyToken=b03f5f7f11d50a3a'. The system cannot find the file specified.
Could not load file or assembly 'System.Runtime, Version=9.0.0.0, Culture=neutral, PublicKeyToken=b03f5f7f11d50a3a'. The system cannot find the file specified.
Could not load file or assembly 'System.Runtime, Version=9.0.0.0, Culture=neutral, PublicKeyToken=b03f5f7f11d50a3a'. The system cannot find the file specified.
Could not load file or assembly 'System.Runtime, Version=9.0.0.0, Culture=neutral, PublicKeyToken=b03f5f7f11d50a3a'. The system cannot find the file specified.
Could not load file or assembly 'System.Runtime, Version=9.0.0.0, Culture=neutral, PublicKeyToken=b03f5f7f11d50a3a'. The system cannot find the file specified.
Could not load file or assembly 'System.Runtime, Version=9.0.0.0, Culture=neutral, PublicKeyToken=b03f5f7f11d50a3a'. The system cannot find the file specified.
Could not load file or assembly 'System.Runtime, Version=9.0.0.0, Culture=neutral, PublicKeyToken=b03f5f7f11d50a3a'. The system cannot find the file specified.
Could not load file or assembly 'System.Runtime, Version=9.0.0.0, Culture=neutral, PublicKeyToken=b03f5f7f11d50a3a'. The system cannot find the file specified.
Could not load file or assembly 'System.Runtime, Version=9.0.0.0, Culture=neutral, PublicKeyToken=b03f5f7f11d50a3a'. The system cannot find the file specified.
Could not load file or assembly 'System.Runtime, Version=9.0.0.0, Culture=neutral, PublicKeyToken=b03f5f7f11d50a3a'. The system cannot find the file specified.
Could not load file or assembly 'System.Runtime, Version=9.0.0.0, Culture=neutral, PublicKeyToken=b03f5f7f11d50a3a'. The system cannot find the file specified.
Could not load file or assembly 'System.Runtime, Version=9.0.0.0, Culture=neutral, PublicKeyToken=b03f5f7f11d50a3a'. The system cannot find the file specified.
Could not load file or assembly 'System.Runtime, Version=9.0.0.0, Culture=neutral, PublicKeyToken=b03f5f7f11d50a3a'. The system cannot find the file specified.
Could not load file or assembly 'System.Runtime, Version=9.0.0.0, Culture=neutral, PublicKeyToken=b03f5f7f11d50a3a'. The system cannot find the file specified.
Could not load file or assembly 'System.Runtime, Version=9.0.0.0, Culture=neutral, PublicKeyToken=b03f5f7f11d50a3a'. The system cannot find the file specified.
Could not load file or assembly 'System.Runtime, Version=9.0.0.0, Culture=neutral, PublicKeyToken=b03f5f7f11d50a3a'. The system cannot find the file specified.
Could not load file or assembly 'System.Runtime, Version=9.0.0.0, Culture=neutral, PublicKeyToken=b03f5f7f11d50a3a'. The system cannot find the file specified.
Could not load file or assembly 'System.Runtime, Version=9.0.0.0, Culture=neutral, PublicKeyToken=b03f5f7f11d50a3a'. The system cannot find the file specified.
Could not load file or assembly 'System.Runtime, Version=9.0.0.0, Culture=neutral, PublicKeyToken=b03f5f7f11d50a3a'. The system cannot find the file specified.
Could not load file or assembly 'System.Runtime, Version=9.0.0.0, Culture=neutral, PublicKeyToken=b03f5f7f11d50a3a'. The system cannot find the file specified.
Could not load file or assembly 'System.Runtime, Version=9.0.0.0, Culture=neutral, PublicKeyToken=b03f5f7f11d50a3a'. The system cannot find the file specified.
Could not load file or assembly 'System.Runtime, Version=9.0.0.0, Culture=neutral, PublicKeyToken=b03f5f7f11d50a3a'. The system cannot find the file specified.
Could not load file or assembly 'System.Runtime, Version=9.0.0.0, Culture=neutral, PublicKeyToken=b03f5f7f11d50a3a'. The system cannot find the file specified.
Could not load file or assembly 'System.Runtime, Version=9.0.0.0, Culture=neutral, PublicKeyToken=b03f5f7f11d50a3a'. The system cannot find the file specified.
Could not load file or assembly 'System.Runtime, Version=9.0.0.0, Culture=neutral, PublicKeyToken=b03f5f7f11d50a3a'. The system cannot find the file specified.
Could not load file or assembly 'System.Runtime, Version=9.0.0.0, Culture=neutral, PublicKeyToken=b03f5f7f11d50a3a'. The system cannot find the file specified.
Could not load file or assembly 'System.Runtime, Version=9.0.0.0, Culture=neutral, PublicKeyToken=b03f5f7f11d50a3a'. The system cannot find the file specified.
Could not load file or assembly 'System.Runtime, Version=9.0.0.0, Culture=neutral, PublicKeyToken=b03f5f7f11d50a3a'. The system cannot find the file specified.
Could not load file or assembly 'System.Runtime, Version=9.0.0.0, Culture=neutral, PublicKeyToken=b03f5f7f11d50a3a'. The system cannot find the file specified.
Could not load file or assembly 'System.Runtime, Version=9.0.0.0, Culture=neutral, PublicKeyToken=b03f5f7f11d50a3a'. The system cannot find the file specified.
Could not load file or assembly 'System.Runtime, Version=9.0.0.0, Culture=neutral, PublicKeyToken=b03f5f7f11d50a3a'. The system cannot find the file specified.
Could not load file or assembly 'System.Runtime, Version=9.0.0.0, Culture=neutral, PublicKeyToken=b03f5f7f11d50a3a'. The system cannot find the file specified.
Could not load file or assembly 'System.Runtime, Version=9.0.0.0, Culture=neutral, PublicKeyToken=b03f5f7f11d50a3a'. The system cannot find the file specified.
Could not load file or assembly 'System.Runtime, Version=9.0.0.0, Culture=neutral, PublicKeyToken=b03f5f7f11d50a3a'. The system cannot find the file specified.
Could not load file or assembly 'System.Runtime, Version=9.0.0.0, Culture=neutral, PublicKeyToken=b03f5f7f11d50a3a'. The system cannot find the file specified.
Could not load file or assembly 'System.Runtime, Version=9.0.0.0, Culture=neutral, PublicKeyToken=b03f5f7f11d50a3a'. The system cannot find the file specified.
Could not load file or assembly 'System.Runtime, Version=9.0.0.0, Culture=neutral, PublicKeyToken=b03f5f7f11d50a3a'. The system cannot find the file specified.
Could not load file or assembly 'System.Runtime, Version=9.0.0.0, Culture=neutral, PublicKeyToken=b03f5f7f11d50a3a'. The system cannot find the file specified.
Could not load file or assembly 'System.Runtime, Version=9.0.0.0, Culture=neutral, PublicKeyToken=b03f5f7f11d50a3a'. The system cannot find the file specified.
Could not load file or assembly 'System.Runtime, Version=9.0.0.0, Culture=neutral, PublicKeyToken=b03f5f7f11d50a3a'. The system cannot find the file specified.
Could not load file or assembly 'System.Runtime, Version=9.0.0.0, Culture=neutral, PublicKeyToken=b03f5f7f11d50a3a'. The system cannot find the file specified.
Could not load file or assembly 'System.Runtime, Version=9.0.0.0, Culture=neutral, PublicKeyToken=b03f5f7f11d50a3a'. The system cannot find the file specified.
Could not load file or assembly 'System.Runtime, Version=9.0.0.0, Culture=neutral, PublicKeyToken=b03f5f7f11d50a3a'. The system cannot find the file specified.
Could not load file or assembly 'System.Runtime, Version=9.0.0.0, Culture=neutral, PublicKeyToken=b03f5f7f11d50a3a'. The system cannot find the file specified.
Could not load file or assembly 'System.Runtime, Version=9.0.0.0, Culture=neutral, PublicKeyToken=b03f5f7f11d50a3a'. The system cannot find the file specified.
Could not load file or assembly 'System.Runtime, Version=9.0.0.0, Culture=neutral, PublicKeyToken=b03f5f7f11d50a3a'. The system cannot find the file specified.
Could not load file or assembly 'System.Runtime, Version=9.0.0.0, Culture=neutral, PublicKeyToken=b03f5f7f11d50a3a'. The system cannot find the file specified.
Could not load file or assembly 'System.Runtime, Version=9.0.0.0, Culture=neutral, PublicKeyToken=b03f5f7f11d50a3a'. The system cannot find the file specified.
Could not load file or assembly 'System.Runtime, Version=9.0.0.0, Culture=neutral, PublicKeyToken=b03f5f7f11d50a3a'. The system cannot find the file specified.
  ----> System.Reflection.ReflectionTypeLoadException : Unable to load one or more of the requested types.
Could not load file or assembly 'System.Runtime, Version=9.0.0.0, Culture=neutral, PublicKeyToken=b03f5f7f11d50a3a'. The system cannot find the file specified.
Could not load file or assembly 'System.Runtime, Version=9.0.0.0, Culture=neutral, PublicKeyToken=b03f5f7f11d50a3a'. The system cannot find the file specified.
Could not load file or assembly 'System.Runtime, Version=9.0.0.0, Culture=neutral, PublicKeyToken=b03f5f7f11d50a3a'. The system cannot find the file specified.
Could not load file or assembly 'System.Runtime, Version=9.0.0.0, Culture=neutral, PublicKeyToken=b03f5f7f11d50a3a'. The system cannot find the file specified.
Could not load file or assembly 'System.Runtime, Version=9.0.0.0, Culture=neutral, PublicKeyToken=b03f5f7f11d50a3a'. The system cannot find the file specified.
Could not load file or assembly 'System.Runtime, Version=9.0.0.0, Culture=neutral, PublicKeyToken=b03f5f7f11d50a3a'. The system cannot find the file specified.
Could not load file or assembly 'System.Runtime, Version=9.0.0.0, Culture=neutral, PublicKeyToken=b03f5f7f11d50a3a'. The system cannot find the file specified.
Could not load file or assembly 'System.Runtime, Version=9.0.0.0, Culture=neutral, PublicKeyToken=b03f5f7f11d50a3a'. The system cannot find the file specified.
Could not load file or assembly 'System.Runtime, Version=9.0.0.0, Culture=neutral, PublicKeyToken=b03f5f7f11d50a3a'. The system cannot find the file specified.
Could not load file or assembly 'System.Runtime, Version=9.0.0.0, Culture=neutral, PublicKeyToken=b03f5f7f11d50a3a'. The system cannot find the file specified.
Could not load file or assembly 'System.Runtime, Version=9.0.0.0, Culture=neutral, PublicKeyToken=b03f5f7f11d50a3a'. The system cannot find the file specified.
Could not load file or assembly 'System.Runtime, Version=9.0.0.0, Culture=neutral, PublicKeyToken=b03f5f7f11d50a3a'. The system cannot find the file specified.
Could not load file or assembly 'System.Runtime, Version=9.0.0.0, Culture=neutral, PublicKeyToken=b03f5f7f11d50a3a'. The system cannot find the file specified.
Could not load file or assembly 'System.Runtime, Version=9.0.0.0, Culture=neutral, PublicKeyToken=b03f5f7f11d50a3a'. The system cannot find the file specified.
Could not load file or assembly 'System.Runtime, Version=9.0.0.0, Culture=neutral, PublicKeyToken=b03f5f7f11d50a3a'. The system cannot find the file specified.
Could not load file or assembly 'System.Runtime, Version=9.0.0.0, Culture=neutral, PublicKeyToken=b03f5f7f11d50a3a'. The system cannot find the file specified.
Could not load file or assembly 'System.Runtime, Version=9.0.0.0, Culture=neutral, PublicKeyToken=b03f5f7f11d50a3a'. The system cannot find the file specified.
Could not load file or assembly 'System.Runtime, Version=9.0.0.0, Culture=neutral, PublicKeyToken=b03f5f7f11d50a3a'. The system cannot find the file specified.
Could not load file or assembly 'System.Runtime, Version=9.0.0.0, Culture=neutral, PublicKeyToken=b03f5f7f11d50a3a'. The system cannot find the file specified.
Could not load file or assembly 'System.Runtime, Version=9.0.0.0, Culture=neutral, PublicKeyToken=b03f5f7f11d50a3a'. The system cannot find the file specified.
Could not load file or assembly 'System.Runtime, Version=9.0.0.0, Culture=neutral, PublicKeyToken=b03f5f7f11d50a3a'. The system cannot find the file specified.
Could not load file or assembly 'System.Runtime, Version=9.0.0.0, Culture=neutral, PublicKeyToken=b03f5f7f11d50a3a'. The system cannot find the file specified.
Could not load file or assembly 'System.Runtime, Version=9.0.0.0, Culture=neutral, PublicKeyToken=b03f5f7f11d50a3a'. The system cannot find the file specified.
Could not load file or assembly 'System.Runtime, Version=9.0.0.0, Culture=neutral, PublicKeyToken=b03f5f7f11d50a3a'. The system cannot find the file specified.
Could not load file or assembly 'System.Runtime, Version=9.0.0.0, Culture=neutral, PublicKeyToken=b03f5f7f11d50a3a'. The system cannot find the file specified.
Could not load file or assembly 'System.Runtime, Version=9.0.0.0, Culture=neutral, PublicKeyToken=b03f5f7f11d50a3a'. The system cannot find the file specified.
Could not load file or assembly 'System.Runtime, Version=9.0.0.0, Culture=neutral, PublicKeyToken=b03f5f7f11d50a3a'. The system cannot find the file specified.
Could not load file or assembly 'System.Runtime, Version=9.0.0.0, Culture=neutral, PublicKeyToken=b03f5f7f11d50a3a'. The system cannot find the file specified.
Could not load file or assembly 'System.Runtime, Version=9.0.0.0, Culture=neutral, PublicKeyToken=b03f5f7f11d50a3a'. The system cannot find the file specified.
Could not load file or assembly 'System.Runtime, Version=9.0.0.0, Culture=neutral, PublicKeyToken=b03f5f7f11d50a3a'. The system cannot find the file specified.
Could not load file or assembly 'System.Runtime, Version=9.0.0.0, Culture=neutral, PublicKeyToken=b03f5f7f11d50a3a'. The system cannot find the file specified.
Could not load file or assembly 'System.Runtime, Version=9.0.0.0, Culture=neutral, PublicKeyToken=b03f5f7f11d50a3a'. The system cannot find the file specified.
Could not load file or assembly 'System.Runtime, Version=9.0.0.0, Culture=neutral, PublicKeyToken=b03f5f7f11d50a3a'. The system cannot find the file specified.
Could not load file or assembly 'System.Runtime, Version=9.0.0.0, Culture=neutral, PublicKeyToken=b03f5f7f11d50a3a'. The system cannot find the file specified.
Could not load file or assembly 'System.Runtime, Version=9.0.0.0, Culture=neutral, PublicKeyToken=b03f5f7f11d50a3a'. The system cannot find the file specified.
Could not load file or assembly 'System.Runtime, Version=9.0.0.0, Culture=neutral, PublicKeyToken=b03f5f7f11d50a3a'. The system cannot find the file specified.
Could not load file or assembly 'System.Runtime, Version=9.0.0.0, Culture=neutral, PublicKeyToken=b03f5f7f11d50a3a'. The system cannot find the file specified.
Could not load file or assembly 'System.Runtime, Version=9.0.0.0, Culture=neutral, PublicKeyToken=b03f5f7f11d50a3a'. The system cannot find the file specified.
Could not load file or assembly 'System.Runtime, Version=9.0.0.0, Culture=neutral, PublicKeyToken=b03f5f7f11d50a3a'. The system cannot find the file specified.
Could not load file or assembly 'System.Runtime, Version=9.0.0.0, Culture=neutral, PublicKeyToken=b03f5f7f11d50a3a'. The system cannot find the file specified.
Could not load file or assembly 'System.Runtime, Version=9.0.0.0, Culture=neutral, PublicKeyToken=b03f5f7f11d50a3a'. The system cannot find the file specified.
Could not load file or assembly 'System.Runtime, Version=9.0.0.0, Culture=neutral, PublicKeyToken=b03f5f7f11d50a3a'. The system cannot find the file specified.
Could not load file or assembly 'System.Runtime, Version=9.0.0.0, Culture=neutral, PublicKeyToken=b03f5f7f11d50a3a'. The system cannot find the file specified.
Could not load file or assembly 'System.Runtime, Version=9.0.0.0, Culture=neutral, PublicKeyToken=b03f5f7f11d50a3a'. The system cannot find the file specified.
Could not load file or assembly 'System.Runtime, Version=9.0.0.0, Culture=neutral, PublicKeyToken=b03f5f7f11d50a3a'. The system cannot find the file specified.
Could not load file or assembly 'System.Runtime, Version=9.0.0.0, Culture=neutral, PublicKeyToken=b03f5f7f11d50a3a'. The system cannot find the file specified.
Could not load file or assembly 'System.Runtime, Version=9.0.0.0, Culture=neutral, PublicKeyToken=b03f5f7f11d50a3a'. The system cannot find the file specified.
Could not load file or assembly 'System.Runtime, Version=9.0.0.0, Culture=neutral, PublicKeyToken=b03f5f7f11d50a3a'. The system cannot find the file specified.
Could not load file or assembly 'System.Runtime, Version=9.0.0.0, Culture=neutral, PublicKeyToken=b03f5f7f11d50a3a'. The system cannot find the file specified.
Could not load file or assembly 'System.Runtime, Version=9.0.0.0, Culture=neutral, PublicKeyToken=b03f5f7f11d50a3a'. The system cannot find the file specified.
Could not load file or assembly 'System.Runtime, Version=9.0.0.0, Culture=neutral, PublicKeyToken=b03f5f7f11d50a3a'. The system cannot find the file specified.
Could not load file or assembly 'System.Runtime, Version=9.0.0.0, Culture=neutral, PublicKeyToken=b03f5f7f11d50a3a'. The system cannot find the file specified.
Could not load file or assembly 'System.Runtime, Version=9.0.0.0, Culture=neutral, PublicKeyToken=b03f5f7f11d50a3a'. The system cannot find the file specified.
Could not load file or assembly 'System.Runtime, Version=9.0.0.0, Culture=neutral, PublicKeyToken=b03f5f7f11d50a3a'. The system cannot find the file specified.
Could not load file or assembly 'System.Runtime, Version=9.0.0.0, Culture=neutral, PublicKeyToken=b03f5f7f11d50a3a'. The system cannot find the file specified.
Could not load file or assembly 'System.Runtime, Version=9.0.0.0, Culture=neutral, PublicKeyToken=b03f5f7f11d50a3a'. The system cannot find the file specified.
Could not load file or assembly 'System.Runtime, Version=9.0.0.0, Culture=neutral, PublicKeyToken=b03f5f7f11d50a3a'. The system cannot find the file specified.
Could not load file or assembly 'System.Runtime, Version=9.0.0.0, Culture=neutral, PublicKeyToken=b03f5f7f11d50a3a'. The system cannot find the file specified.
Could not load file or assembly 'System.Runtime, Version=9.0.0.0, Culture=neutral, PublicKeyToken=b03f5f7f11d50a3a'. The system cannot find the file specified.
Could not load file or assembly 'System.Runtime, Version=9.0.0.0, Culture=neutral, PublicKeyToken=b03f5f7f11d50a3a'. The system cannot find the file specified.
Could not load file or assembly 'System.Runtime, Version=9.0.0.0, Culture=neutral, PublicKeyToken=b03f5f7f11d50a3a'. The system cannot find the file specified.
Could not load file or assembly 'System.Runtime, Version=9.0.0.0, Culture=neutral, PublicKeyToken=b03f5f7f11d50a3a'. The system cannot find the file specified.
Could not load file or assembly 'System.Runtime, Version=9.0.0.0, Culture=neutral, PublicKeyToken=b03f5f7f11d50a3a'. The system cannot find the file specified.
Could not load file or assembly 'System.Runtime, Version=9.0.0.0, Culture=neutral, PublicKeyToken=b03f5f7f11d50a3a'. The system cannot find the file specified.
Could not load file or assembly 'System.Runtime, Version=9.0.0.0, Culture=neutral, PublicKeyToken=b03f5f7f11d50a3a'. The system cannot find the file specified.
Could not load file or assembly 'System.Runtime, Version=9.0.0.0, Culture=neutral, PublicKeyToken=b03f5f7f11d50a3a'. The system cannot find the file specified.
Could not load file or assembly 'System.Runtime, Version=9.0.0.0, Culture=neutral, PublicKeyToken=b03f5f7f11d50a3a'. The system cannot find the file specified.
Could not load file or assembly 'System.Runtime, Version=9.0.0.0, Culture=neutral, PublicKeyToken=b03f5f7f11d50a3a'. The system cannot find the file specified.
Could not load file or assembly 'System.Runtime, Version=9.0.0.0, Culture=neutral, PublicKeyToken=b03f5f7f11d50a3a'. The system cannot find the file specified.
Could not load file or assembly 'System.Runtime, Version=9.0.0.0, Culture=neutral, PublicKeyToken=b03f5f7f11d50a3a'. The system cannot find the file specified.
Could not load file or assembly 'System.Runtime, Version=9.0.0.0, Culture=neutral, PublicKeyToken=b03f5f7f11d50a3a'. The system cannot find the file specified.
Could not load file or assembly 'System.Runtime, Version=9.0.0.0, Culture=neutral, PublicKeyToken=b03f5f7f11d50a3a'. The system cannot find the file specified.
Could not load file or assembly 'System.Runtime, Version=9.0.0.0, Culture=neutral, PublicKeyToken=b03f5f7f11d50a3a'. The system cannot find the file specified.
Could not load file or assembly 'System.Runtime, Version=9.0.0.0, Culture=neutral, PublicKeyToken=b03f5f7f11d50a3a'. The system cannot find the file specified.
Could not load file or assembly 'System.Runtime, Version=9.0.0.0, Culture=neutral, PublicKeyToken=b03f5f7f11d50a3a'. The system cannot find the file specified.
Could not load file or assembly 'System.Runtime, Version=9.0.0.0, Culture=neutral, PublicKeyToken=b03f5f7f11d50a3a'. The system cannot find the file specified.
Could not load file or assembly 'System.Runtime, Version=9.0.0.0, Culture=neutral, PublicKeyToken=b03f5f7f11d50a3a'. The system cannot find the file specified.
  ----> System.Reflection.ReflectionTypeLoadException : Unable to load one or more of the requested types.
Could not load file or assembly 'System.Runtime, Version=9.0.0.0, Culture=neutral, PublicKeyToken=b03f5f7f11d50a3a'. The system cannot find the file specified.
Could not load file or assembly 'System.Runtime, Version=9.0.0.0, Culture=neutral, PublicKeyToken=b03f5f7f11d50a3a'. The system cannot find the file specified.
Could not load file or assembly 'System.Runtime, Version=9.0.0.0, Culture=neutral, PublicKeyToken=b03f5f7f11d50a3a'. The system cannot find the file specified.
Could not load file or assembly 'System.Runtime, Version=9.0.0.0, Culture=neutral, PublicKeyToken=b03f5f7f11d50a3a'. The system cannot find the file specified.
Could not load file or assembly 'System.Runtime, Version=9.0.0.0, Culture=neutral, PublicKeyToken=b03f5f7f11d50a3a'. The system cannot find the file specified.
Could not load file or assembly 'System.Runtime, Version=9.0.0.0, Culture=neutral, PublicKeyToken=b03f5f7f11d50a3a'. The system cannot find the file specified.
Could not load file or assembly 'System.Runtime, Version=9.0.0.0, Culture=neutral, PublicKeyToken=b03f5f7f11d50a3a'. The system cannot find the file specified.
Could not load file or assembly 'System.Runtime, Version=9.0.0.0, Culture=neutral, PublicKeyToken=b03f5f7f11d50a3a'. The system cannot find the file specified.
Could not load file or assembly 'System.Runtime, Version=9.0.0.0, Culture=neutral, PublicKeyToken=b03f5f7f11d50a3a'. The system cannot find the file specified.
Could not load file or assembly 'System.Runtime, Version=9.0.0.0, Culture=neutral, PublicKeyToken=b03f5f7f11d50a3a'. The system cannot find the file specified.
Could not load file or assembly 'System.Runtime, Version=9.0.0.0, Culture=neutral, PublicKeyToken=b03f5f7f11d50a3a'. The system cannot find the file specified.
Could not load file or assembly 'System.Runtime, Version=9.0.0.0, Culture=neutral, PublicKeyToken=b03f5f7f11d50a3a'. The system cannot find the file specified.
Could not load file or assembly 'System.Runtime, Version=9.0.0.0, Culture=neutral, PublicKeyToken=b03f5f7f11d50a3a'. The system cannot find the file specified.
Could not load file or assembly 'System.Runtime, Version=9.0.0.0, Culture=neutral, PublicKeyToken=b03f5f7f11d50a3a'. The system cannot find the file specified.
Could not load file or assembly 'System.Runtime, Version=9.0.0.0, Culture=neutral, PublicKeyToken=b03f5f7f11d50a3a'. The system cannot find the file specified.
Could not load file or assembly 'System.Runtime, Version=9.0.0.0, Culture=neutral, PublicKeyToken=b03f5f7f11d50a3a'. The system cannot find the file specified.
Could not load file or assembly 'System.Runtime, Version=9.0.0.0, Culture=neutral, PublicKeyToken=b03f5f7f11d50a3a'. The system cannot find the file specified.
Could not load file or assembly 'System.Runtime, Version=9.0.0.0, Culture=neutral, PublicKeyToken=b03f5f7f11d50a3a'. The system cannot find the file specified.
Could not load file or assembly 'System.Runtime, Version=9.0.0.0, Culture=neutral, PublicKeyToken=b03f5f7f11d50a3a'. The system cannot find the file specified.
Could not load file or assembly 'System.Runtime, Version=9.0.0.0, Culture=neutral, PublicKeyToken=b03f5f7f11d50a3a'. The system cannot find the file specified.
Could not load file or assembly 'System.Runtime, Version=9.0.0.0, Culture=neutral, PublicKeyToken=b03f5f7f11d50a3a'. The system cannot find the file specified.
Could not load file or assembly 'System.Runtime, Version=9.0.0.0, Culture=neutral, PublicKeyToken=b03f5f7f11d50a3a'. The system cannot find the file specified.
Could not load file or assembly 'System.Runtime, Version=9.0.0.0, Culture=neutral, PublicKeyToken=b03f5f7f11d50a3a'. The system cannot find the file specified.
Could not load file or assembly 'System.Runtime, Version=9.0.0.0, Culture=neutral, PublicKeyToken=b03f5f7f11d50a3a'. The system cannot find the file specified.
Could not load file or assembly 'System.Runtime, Version=9.0.0.0, Culture=neutral, PublicKeyToken=b03f5f7f11d50a3a'. The system cannot find the file specified.
Could not load file or assembly 'System.Runtime, Version=9.0.0.0, Culture=neutral, PublicKeyToken=b03f5f7f11d50a3a'. The system cannot find the file specified.
Could not load file or assembly 'System.Runtime, Version=9.0.0.0, Culture=neutral, PublicKeyToken=b03f5f7f11d50a3a'. The system cannot find the file specified.
Could not load file or assembly 'System.Runtime, Version=9.0.0.0, Culture=neutral, PublicKeyToken=b03f5f7f11d50a3a'. The system cannot find the file specified.
Could not load file or assembly 'System.Runtime, Version=9.0.0.0, Culture=neutral, PublicKeyToken=b03f5f7f11d50a3a'. The system cannot find the file specified.
Could not load file or assembly 'System.Runtime, Version=9.0.0.0, Culture=neutral, PublicKeyToken=b03f5f7f11d50a3a'. The system cannot find the file specified.
Could not load file or assembly 'System.Runtime, Version=9.0.0.0, Culture=neutral, PublicKeyToken=b03f5f7f11d50a3a'. The system cannot find the file specified.
Could not load file or assembly 'System.Runtime, Version=9.0.0.0, Culture=neutral, PublicKeyToken=b03f5f7f11d50a3a'. The system cannot find the file specified.
Could not load file or assembly 'System.Runtime, Version=9.0.0.0, Culture=neutral, PublicKeyToken=b03f5f7f11d50a3a'. The system cannot find the file specified.
Could not load file or assembly 'System.Runtime, Version=9.0.0.0, Culture=neutral, PublicKeyToken=b03f5f7f11d50a3a'. The system cannot find the file specified.
Could not load file or assembly 'System.Runtime, Version=9.0.0.0, Culture=neutral, PublicKeyToken=b03f5f7f11d50a3a'. The system cannot find the file specified.
Could not load file or assembly 'System.Runtime, Version=9.0.0.0, Culture=neutral, PublicKeyToken=b03f5f7f11d50a3a'. The system cannot find the file specified.
Could not load file or assembly 'System.Runtime, Version=9.0.0.0, Culture=neutral, PublicKeyToken=b03f5f7f11d50a3a'. The system cannot find the file specified.
Could not load file or assembly 'System.Runtime, Version=9.0.0.0, Culture=neutral, PublicKeyToken=b03f5f7f11d50a3a'. The system cannot find the file specified.
Could not load file or assembly 'System.Runtime, Version=9.0.0.0, Culture=neutral, PublicKeyToken=b03f5f7f11d50a3a'. The system cannot find the file specified.
Could not load file or assembly 'System.Runtime, Version=9.0.0.0, Culture=neutral, PublicKeyToken=b03f5f7f11d50a3a'. The system cannot find the file specified.
Could not load file or assembly 'System.Runtime, Version=9.0.0.0, Culture=neutral, PublicKeyToken=b03f5f7f11d50a3a'. The system cannot find the file specified.
Could not load file or assembly 'System.Runtime, Version=9.0.0.0, Culture=neutral, PublicKeyToken=b03f5f7f11d50a3a'. The system cannot find the file specified.
Could not load file or assembly 'System.Runtime, Version=9.0.0.0, Culture=neutral, PublicKeyToken=b03f5f7f11d50a3a'. The system cannot find the file specified.
Could not load file or assembly 'System.Runtime, Version=9.0.0.0, Culture=neutral, PublicKeyToken=b03f5f7f11d50a3a'. The system cannot find the file specified.
Could not load file or assembly 'System.Runtime, Version=9.0.0.0, Culture=neutral, PublicKeyToken=b03f5f7f11d50a3a'. The system cannot find the file specified.
Could not load file or assembly 'System.Runtime, Version=9.0.0.0, Culture=neutral, PublicKeyToken=b03f5f7f11d50a3a'. The system cannot find the file specified.
Could not load file or assembly 'System.Runtime, Version=9.0.0.0, Culture=neutral, PublicKeyToken=b03f5f7f11d50a3a'. The system cannot find the file specified.
Could not load file or assembly 'System.Runtime, Version=9.0.0.0, Culture=neutral, PublicKeyToken=b03f5f7f11d50a3a'. The system cannot find the file specified.
Could not load file or assembly 'System.Runtime, Version=9.0.0.0, Culture=neutral, PublicKeyToken=b03f5f7f11d50a3a'. The system cannot find the file specified.
Could not load file or assembly 'System.Runtime, Version=9.0.0.0, Culture=neutral, PublicKeyToken=b03f5f7f11d50a3a'. The system cannot find the file specified.
Could not load file or assembly 'System.Runtime, Version=9.0.0.0, Culture=neutral, PublicKeyToken=b03f5f7f11d50a3a'. The system cannot find the file specified.
Could not load file or assembly 'System.Runtime, Version=9.0.0.0, Culture=neutral, PublicKeyToken=b03f5f7f11d50a3a'. The system cannot find the file specified.
Could not load file or assembly 'System.Runtime, Version=9.0.0.0, Culture=neutral, PublicKeyToken=b03f5f7f11d50a3a'. The system cannot find the file specified.
Could not load file or assembly 'System.Runtime, Version=9.0.0.0, Culture=neutral, PublicKeyToken=b03f5f7f11d50a3a'. The system cannot find the file specified.
Could not load file or assembly 'System.Runtime, Version=9.0.0.0, Culture=neutral, PublicKeyToken=b03f5f7f11d50a3a'. The system cannot find the file specified.
Could not load file or assembly 'System.Runtime, Version=9.0.0.0, Culture=neutral, PublicKeyToken=b03f5f7f11d50a3a'. The system cannot find the file specified.
Could not load file or assembly 'System.Runtime, Version=9.0.0.0, Culture=neutral, PublicKeyToken=b03f5f7f11d50a3a'. The system cannot find the file specified.
Could not load file or assembly 'System.Runtime, Version=9.0.0.0, Culture=neutral, PublicKeyToken=b03f5f7f11d50a3a'. The system cannot find the file specified.
Could not load file or assembly 'System.Runtime, Version=9.0.0.0, Culture=neutral, PublicKeyToken=b03f5f7f11d50a3a'. The system cannot find the file specified.
Could not load file or assembly 'System.Runtime, Version=9.0.0.0, Culture=neutral, PublicKeyToken=b03f5f7f11d50a3a'. The system cannot find the file specified.
Could not load file or assembly 'System.Runtime, Version=9.0.0.0, Culture=neutral, PublicKeyToken=b03f5f7f11d50a3a'. The system cannot find the file specified.
Could not load file or assembly 'System.Runtime, Version=9.0.0.0, Culture=neutral, PublicKeyToken=b03f5f7f11d50a3a'. The system cannot find the file specified.
Could not load file or assembly 'System.Runtime, Version=9.0.0.0, Culture=neutral, PublicKeyToken=b03f5f7f11d50a3a'. The system cannot find the file specified.
Could not load file or assembly 'System.Runtime, Version=9.0.0.0, Culture=neutral, PublicKeyToken=b03f5f7f11d50a3a'. The system cannot find the file specified.
Could not load file or assembly 'System.Runtime, Version=9.0.0.0, Culture=neutral, PublicKeyToken=b03f5f7f11d50a3a'. The system cannot find the file specified.
Could not load file or assembly 'System.Runtime, Version=9.0.0.0, Culture=neutral, PublicKeyToken=b03f5f7f11d50a3a'. The system cannot find the file specified.
Could not load file or assembly 'System.Runtime, Version=9.0.0.0, Culture=neutral, PublicKeyToken=b03f5f7f11d50a3a'. The system cannot find the file specified.
Could not load file or assembly 'System.Runtime, Version=9.0.0.0, Culture=neutral, PublicKeyToken=b03f5f7f11d50a3a'. The system cannot find the file specified.
Could not load file or assembly 'System.Runtime, Version=9.0.0.0, Culture=neutral, PublicKeyToken=b03f5f7f11d50a3a'. The system cannot find the file specified.
Could not load file or assembly 'System.Runtime, Version=9.0.0.0, Culture=neutral, PublicKeyToken=b03f5f7f11d50a3a'. The system cannot find the file specified.
Could not load file or assembly 'System.Runtime, Version=9.0.0.0, Culture=neutral, PublicKeyToken=b03f5f7f11d50a3a'. The system cannot find the file specified.
Could not load file or assembly 'System.Runtime, Version=9.0.0.0, Culture=neutral, PublicKeyToken=b03f5f7f11d50a3a'. The system cannot find the file specified.
Could not load file or assembly 'System.Runtime, Version=9.0.0.0, Culture=neutral, PublicKeyToken=b03f5f7f11d50a3a'. The system cannot find the file specified.
Could not load file or assembly 'System.Runtime, Version=9.0.0.0, Culture=neutral, PublicKeyToken=b03f5f7f11d50a3a'. The system cannot find the file specified.
Could not load file or assembly 'System.Runtime, Version=9.0.0.0, Culture=neutral, PublicKeyToken=b03f5f7f11d50a3a'. The system cannot find the file specified.
Could not load file or assembly 'System.Runtime, Version=9.0.0.0, Culture=neutral, PublicKeyToken=b03f5f7f11d50a3a'. The system cannot find the file specified.
Could not load file or assembly 'System.Runtime, Version=9.0.0.0, Culture=neutral, PublicKeyToken=b03f5f7f11d50a3a'. The system cannot find the file specified.
  ----> System.Reflection.ReflectionTypeLoadException : Unable to load one or more of the requested types.
Could not load file or assembly 'System.Runtime, Version=9.0.0.0, Culture=neutral, PublicKeyToken=b03f5f7f11d50a3a'. The system cannot find the file specified.
Could not load file or assembly 'System.Runtime, Version=9.0.0.0, Culture=neutral, PublicKeyToken=b03f5f7f11d50a3a'. The system cannot find the file specified.
Could not load file or assembly 'System.Runtime, Version=9.0.0.0, Culture=neutral, PublicKeyToken=b03f5f7f11d50a3a'. The system cannot find the file specified.
Could not load file or assembly 'System.Runtime, Version=9.0.0.0, Culture=neutral, PublicKeyToken=b03f5f7f11d50a3a'. The system cannot find the file specified.
Could not load file or assembly 'System.Runtime, Version=9.0.0.0, Culture=neutral, PublicKeyToken=b03f5f7f11d50a3a'. The system cannot find the file specified.
Could not load file or assembly 'System.Runtime, Version=9.0.0.0, Culture=neutral, PublicKeyToken=b03f5f7f11d50a3a'. The system cannot find the file specified.
Could not load file or assembly 'System.Runtime, Version=9.0.0.0, Culture=neutral, PublicKeyToken=b03f5f7f11d50a3a'. The system cannot find the file specified.
Could not load file or assembly 'System.Runtime, Version=9.0.0.0, Culture=neutral, PublicKeyToken=b03f5f7f11d50a3a'. The system cannot find the file specified.
Could not load file or assembly 'System.Runtime, Version=9.0.0.0, Culture=neutral, PublicKeyToken=b03f5f7f11d50a3a'. The system cannot find the file specified.
Could not load file or assembly 'System.Runtime, Version=9.0.0.0, Culture=neutral, PublicKeyToken=b03f5f7f11d50a3a'. The system cannot find the file specified.
Could not load file or assembly 'System.Runtime, Version=9.0.0.0, Culture=neutral, PublicKeyToken=b03f5f7f11d50a3a'. The system cannot find the file specified.
Could not load file or assembly 'System.Runtime, Version=9.0.0.0, Culture=neutral, PublicKeyToken=b03f5f7f11d50a3a'. The system cannot find the file specified.
Could not load file or assembly 'System.Runtime, Version=9.0.0.0, Culture=neutral, PublicKeyToken=b03f5f7f11d50a3a'. The system cannot find the file specified.
Could not load file or assembly 'System.Runtime, Version=9.0.0.0, Culture=neutral, PublicKeyToken=b03f5f7f11d50a3a'. The system cannot find the file specified.
Could not load file or assembly 'System.Runtime, Version=9.0.0.0, Culture=neutral, PublicKeyToken=b03f5f7f11d50a3a'. The system cannot find the file specified.
Could not load file or assembly 'System.Runtime, Version=9.0.0.0, Culture=neutral, PublicKeyToken=b03f5f7f11d50a3a'. The system cannot find the file specified.
Could not load file or assembly 'System.Runtime, Version=9.0.0.0, Culture=neutral, PublicKeyToken=b03f5f7f11d50a3a'. The system cannot find the file specified.
Could not load file or assembly 'System.Runtime, Version=9.0.0.0, Culture=neutral, PublicKeyToken=b03f5f7f11d50a3a'. The system cannot find the file specified.
Could not load file or assembly 'System.Runtime, Version=9.0.0.0, Culture=neutral, PublicKeyToken=b03f5f7f11d50a3a'. The system cannot find the file specified.
Could not load file or assembly 'System.Runtime, Version=9.0.0.0, Culture=neutral, PublicKeyToken=b03f5f7f11d50a3a'. The system cannot find the file specified.
Could not load file or assembly 'System.Runtime, Version=9.0.0.0, Culture=neutral, PublicKeyToken=b03f5f7f11d50a3a'. The system cannot find the file specified.
Could not load file or assembly 'System.Runtime, Version=9.0.0.0, Culture=neutral, PublicKeyToken=b03f5f7f11d50a3a'. The system cannot find the file specified.
Could not load file or assembly 'System.Runtime, Version=9.0.0.0, Culture=neutral, PublicKeyToken=b03f5f7f11d50a3a'. The system cannot find the file specified.
Could not load file or assembly 'System.Runtime, Version=9.0.0.0, Culture=neutral, PublicKeyToken=b03f5f7f11d50a3a'. The system cannot find the file specified.
Could not load file or assembly 'System.Runtime, Version=9.0.0.0, Culture=neutral, PublicKeyToken=b03f5f7f11d50a3a'. The system cannot find the file specified.
Could not load file or assembly 'System.Runtime, Version=9.0.0.0, Culture=neutral, PublicKeyToken=b03f5f7f11d50a3a'. The system cannot find the file specified.
Could not load file or assembly 'System.Runtime, Version=9.0.0.0, Culture=neutral, PublicKeyToken=b03f5f7f11d50a3a'. The system cannot find the file specified.
Could not load file or assembly 'System.Runtime, Version=9.0.0.0, Culture=neutral, PublicKeyToken=b03f5f7f11d50a3a'. The system cannot find the file specified.
Could not load file or assembly 'System.Runtime, Version=9.0.0.0, Culture=neutral, PublicKeyToken=b03f5f7f11d50a3a'. The system cannot find the file specified.
Could not load file or assembly 'System.Runtime, Version=9.0.0.0, Culture=neutral, PublicKeyToken=b03f5f7f11d50a3a'. The system cannot find the file specified.
Could not load file or assembly 'System.Runtime, Version=9.0.0.0, Culture=neutral, PublicKeyToken=b03f5f7f11d50a3a'. The system cannot find the file specified.
Could not load file or assembly 'System.Runtime, Version=9.0.0.0, Culture=neutral, PublicKeyToken=b03f5f7f11d50a3a'. The system cannot find the file specified.
Could not load file or assembly 'System.Runtime, Version=9.0.0.0, Culture=neutral, PublicKeyToken=b03f5f7f11d50a3a'. The system cannot find the file specified.
Could not load file or assembly 'System.Runtime, Version=9.0.0.0, Culture=neutral, PublicKeyToken=b03f5f7f11d50a3a'. The system cannot find the file specified.
Could not load file or assembly 'System.Runtime, Version=9.0.0.0, Culture=neutral, PublicKeyToken=b03f5f7f11d50a3a'. The system cannot find the file specified.
Could not load file or assembly 'System.Runtime, Version=9.0.0.0, Culture=neutral, PublicKeyToken=b03f5f7f11d50a3a'. The system cannot find the file specified.
Could not load file or assembly 'System.Runtime, Version=9.0.0.0, Culture=neutral, PublicKeyToken=b03f5f7f11d50a3a'. The system cannot find the file specified.
Could not load file or assembly 'System.Runtime, Version=9.0.0.0, Culture=neutral, PublicKeyToken=b03f5f7f11d50a3a'. The system cannot find the file specified.
Could not load file or assembly 'System.Runtime, Version=9.0.0.0, Culture=neutral, PublicKeyToken=b03f5f7f11d50a3a'. The system cannot find the file specified.
Could not load file or assembly 'System.Runtime, Version=9.0.0.0, Culture=neutral, PublicKeyToken=b03f5f7f11d50a3a'. The system cannot find the file specified.
Could not load file or assembly 'System.Runtime, Version=9.0.0.0, Culture=neutral, PublicKeyToken=b03f5f7f11d50a3a'. The system cannot find the file specified.
Could not load file or assembly 'System.Runtime, Version=9.0.0.0, Culture=neutral, PublicKeyToken=b03f5f7f11d50a3a'. The system cannot find the file specified.
Could not load file or assembly 'System.Runtime, Version=9.0.0.0, Culture=neutral, PublicKeyToken=b03f5f7f11d50a3a'. The system cannot find the file specified.
Could not load file or assembly 'System.Runtime, Version=9.0.0.0, Culture=neutral, PublicKeyToken=b03f5f7f11d50a3a'. The system cannot find the file specified.
Could not load file or assembly 'System.Runtime, Version=9.0.0.0, Culture=neutral, PublicKeyToken=b03f5f7f11d50a3a'. The system cannot find the file specified.
Could not load file or assembly 'System.Runtime, Version=9.0.0.0, Culture=neutral, PublicKeyToken=b03f5f7f11d50a3a'. The system cannot find the file specified.
Could not load file or assembly 'System.Runtime, Version=9.0.0.0, Culture=neutral, PublicKeyToken=b03f5f7f11d50a3a'. The system cannot find the file specified.
Could not load file or assembly 'System.Runtime, Version=9.0.0.0, Culture=neutral, PublicKeyToken=b03f5f7f11d50a3a'. The system cannot find the file specified.
Could not load file or assembly 'System.Runtime, Version=9.0.0.0, Culture=neutral, PublicKeyToken=b03f5f7f11d50a3a'. The system cannot find the file specified.
Could not load file or assembly 'System.Runtime, Version=9.0.0.0, Culture=neutral, PublicKeyToken=b03f5f7f11d50a3a'. The system cannot find the file specified.
Could not load file or assembly 'System.Runtime, Version=9.0.0.0, Culture=neutral, PublicKeyToken=b03f5f7f11d50a3a'. The system cannot find the file specified.
Could not load file or assembly 'System.Runtime, Version=9.0.0.0, Culture=neutral, PublicKeyToken=b03f5f7f11d50a3a'. The system cannot find the file specified.
Could not load file or assembly 'System.Runtime, Version=9.0.0.0, Culture=neutral, PublicKeyToken=b03f5f7f11d50a3a'. The system cannot find the file specified.
Could not load file or assembly 'System.Runtime, Version=9.0.0.0, Culture=neutral, PublicKeyToken=b03f5f7f11d50a3a'. The system cannot find the file specified.
Could not load file or assembly 'System.Runtime, Version=9.0.0.0, Culture=neutral, PublicKeyToken=b03f5f7f11d50a3a'. The system cannot find the file specified.
Could not load file or assembly 'System.Runtime, Version=9.0.0.0, Culture=neutral, PublicKeyToken=b03f5f7f11d50a3a'. The system cannot find the file specified.
Could not load file or assembly 'System.Runtime, Version=9.0.0.0, Culture=neutral, PublicKeyToken=b03f5f7f11d50a3a'. The system cannot find the file specified.
Could not load file or assembly 'System.Runtime, Version=9.0.0.0, Culture=neutral, PublicKeyToken=b03f5f7f11d50a3a'. The system cannot find the file specified.
Could not load file or assembly 'System.Runtime, Version=9.0.0.0, Culture=neutral, PublicKeyToken=b03f5f7f11d50a3a'. The system cannot find the file specified.
Could not load file or assembly 'System.Runtime, Version=9.0.0.0, Culture=neutral, PublicKeyToken=b03f5f7f11d50a3a'. The system cannot find the file specified.
Could not load file or assembly 'System.Runtime, Version=9.0.0.0, Culture=neutral, PublicKeyToken=b03f5f7f11d50a3a'. The system cannot find the file specified.
Could not load file or assembly 'System.Runtime, Version=9.0.0.0, Culture=neutral, PublicKeyToken=b03f5f7f11d50a3a'. The system cannot find the file specified.
Could not load file or assembly 'System.Runtime, Version=9.0.0.0, Culture=neutral, PublicKeyToken=b03f5f7f11d50a3a'. The system cannot find the file specified.
Could not load file or assembly 'System.Runtime, Version=9.0.0.0, Culture=neutral, PublicKeyToken=b03f5f7f11d50a3a'. The system cannot find the file specified.
Could not load file or assembly 'System.Runtime, Version=9.0.0.0, Culture=neutral, PublicKeyToken=b03f5f7f11d50a3a'. The system cannot find the file specified.
Could not load file or assembly 'System.Runtime, Version=9.0.0.0, Culture=neutral, PublicKeyToken=b03f5f7f11d50a3a'. The system cannot find the file specified.
Could not load file or assembly 'System.Runtime, Version=9.0.0.0, Culture=neutral, PublicKeyToken=b03f5f7f11d50a3a'. The system cannot find the file specified.
Could not load file or assembly 'System.Runtime, Version=9.0.0.0, Culture=neutral, PublicKeyToken=b03f5f7f11d50a3a'. The system cannot find the file specified.
Could not load file or assembly 'System.Runtime, Version=9.0.0.0, Culture=neutral, PublicKeyToken=b03f5f7f11d50a3a'. The system cannot find the file specified.
Could not load file or assembly 'System.Runtime, Version=9.0.0.0, Culture=neutral, PublicKeyToken=b03f5f7f11d50a3a'. The system cannot find the file specified.
Could not load file or assembly 'System.Runtime, Version=9.0.0.0, Culture=neutral, PublicKeyToken=b03f5f7f11d50a3a'. The system cannot find the file specified.
Could not load file or assembly 'System.Runtime, Version=9.0.0.0, Culture=neutral, PublicKeyToken=b03f5f7f11d50a3a'. The system cannot find the file specified.
Could not load file or assembly 'System.Runtime, Version=9.0.0.0, Culture=neutral, PublicKeyToken=b03f5f7f11d50a3a'. The system cannot find the file specified.
Could not load file or assembly 'System.Runtime, Version=9.0.0.0, Culture=neutral, PublicKeyToken=b03f5f7f11d50a3a'. The system cannot find the file specified.
Could not load file or assembly 'System.Runtime, Version=9.0.0.0, Culture=neutral, PublicKeyToken=b03f5f7f11d50a3a'. The system cannot find the file specified.
Could not load file or assembly 'System.Runtime, Version=9.0.0.0, Culture=neutral, PublicKeyToken=b03f5f7f11d50a3a'. The system cannot find the file specified.
Could not load file or assembly 'System.Runtime, Version=9.0.0.0, Culture=neutral, PublicKeyToken=b03f5f7f11d50a3a'. The system cannot find the file specified.
  ----> System.Reflection.ReflectionTypeLoadException : Unable to load one or more of the requested types.
Could not load file or assembly 'System.Runtime, Version=9.0.0.0, Culture=neutral, PublicKeyToken=b03f5f7f11d50a3a'. The system cannot find the file specified.
Could not load file or assembly 'System.Runtime, Version=9.0.0.0, Culture=neutral, PublicKeyToken=b03f5f7f11d50a3a'. The system cannot find the file specified.
Could not load file or assembly 'System.Runtime, Version=9.0.0.0, Culture=neutral, PublicKeyToken=b03f5f7f11d50a3a'. The system cannot find the file specified.
Could not load file or assembly 'System.Runtime, Version=9.0.0.0, Culture=neutral, PublicKeyToken=b03f5f7f11d50a3a'. The system cannot find the file specified.
Could not load file or assembly 'System.Runtime, Version=9.0.0.0, Culture=neutral, PublicKeyToken=b03f5f7f11d50a3a'. The system cannot find the file specified.
Could not load file or assembly 'System.Runtime, Version=9.0.0.0, Culture=neutral, PublicKeyToken=b03f5f7f11d50a3a'. The system cannot find the file specified.
Could not load file or assembly 'System.Runtime, Version=9.0.0.0, Culture=neutral, PublicKeyToken=b03f5f7f11d50a3a'. The system cannot find the file specified.
Could not load file or assembly 'System.Runtime, Version=9.0.0.0, Culture=neutral, PublicKeyToken=b03f5f7f11d50a3a'. The system cannot find the file specified.
Could not load file or assembly 'System.Runtime, Version=9.0.0.0, Culture=neutral, PublicKeyToken=b03f5f7f11d50a3a'. The system cannot find the file specified.
Could not load file or assembly 'System.Runtime, Version=9.0.0.0, Culture=neutral, PublicKeyToken=b03f5f7f11d50a3a'. The system cannot find the file specified.
Could not load file or assembly 'System.Runtime, Version=9.0.0.0, Culture=neutral, PublicKeyToken=b03f5f7f11d50a3a'. The system cannot find the file specified.
Could not load file or assembly 'System.Runtime, Version=9.0.0.0, Culture=neutral, PublicKeyToken=b03f5f7f11d50a3a'. The system cannot find the file specified.
Could not load file or assembly 'System.Runtime, Version=9.0.0.0, Culture=neutral, PublicKeyToken=b03f5f7f11d50a3a'. The system cannot find the file specified.
Could not load file or assembly 'System.Runtime, Version=9.0.0.0, Culture=neutral, PublicKeyToken=b03f5f7f11d50a3a'. The system cannot find the file specified.
Could not load file or assembly 'System.Runtime, Version=9.0.0.0, Culture=neutral, PublicKeyToken=b03f5f7f11d50a3a'. The system cannot find the file specified.
Could not load file or assembly 'System.Runtime, Version=9.0.0.0, Culture=neutral, PublicKeyToken=b03f5f7f11d50a3a'. The system cannot find the file specified.
Could not load file or assembly 'System.Runtime, Version=9.0.0.0, Culture=neutral, PublicKeyToken=b03f5f7f11d50a3a'. The system cannot find the file specified.
Could not load file or assembly 'System.Runtime, Version=9.0.0.0, Culture=neutral, PublicKeyToken=b03f5f7f11d50a3a'. The system cannot find the file specified.
Could not load file or assembly 'System.Runtime, Version=9.0.0.0, Culture=neutral, PublicKeyToken=b03f5f7f11d50a3a'. The system cannot find the file specified.
Could not load file or assembly 'System.Runtime, Version=9.0.0.0, Culture=neutral, PublicKeyToken=b03f5f7f11d50a3a'. The system cannot find the file specified.
Could not load file or assembly 'System.Runtime, Version=9.0.0.0, Culture=neutral, PublicKeyToken=b03f5f7f11d50a3a'. The system cannot find the file specified.
Could not load file or assembly 'System.Runtime, Version=9.0.0.0, Culture=neutral, PublicKeyToken=b03f5f7f11d50a3a'. The system cannot find the file specified.
Could not load file or assembly 'System.Runtime, Version=9.0.0.0, Culture=neutral, PublicKeyToken=b03f5f7f11d50a3a'. The system cannot find the file specified.
Could not load file or assembly 'System.Runtime, Version=9.0.0.0, Culture=neutral, PublicKeyToken=b03f5f7f11d50a3a'. The system cannot find the file specified.
Could not load file or assembly 'System.Runtime, Version=9.0.0.0, Culture=neutral, PublicKeyToken=b03f5f7f11d50a3a'. The system cannot find the file specified.
Could not load file or assembly 'System.Runtime, Version=9.0.0.0, Culture=neutral, PublicKeyToken=b03f5f7f11d50a3a'. The system cannot find the file specified.
Could not load file or assembly 'System.Runtime, Version=9.0.0.0, Culture=neutral, PublicKeyToken=b03f5f7f11d50a3a'. The system cannot find the file specified.
Could not load file or assembly 'System.Runtime, Version=9.0.0.0, Culture=neutral, PublicKeyToken=b03f5f7f11d50a3a'. The system cannot find the file specified.
Could not load file or assembly 'System.Runtime, Version=9.0.0.0, Culture=neutral, PublicKeyToken=b03f5f7f11d50a3a'. The system cannot find the file specified.
Could not load file or assembly 'System.Runtime, Version=9.0.0.0, Culture=neutral, PublicKeyToken=b03f5f7f11d50a3a'. The system cannot find the file specified.
Could not load file or assembly 'System.Runtime, Version=9.0.0.0, Culture=neutral, PublicKeyToken=b03f5f7f11d50a3a'. The system cannot find the file specified.
Could not load file or assembly 'System.Runtime, Version=9.0.0.0, Culture=neutral, PublicKeyToken=b03f5f7f11d50a3a'. The system cannot find the file specified.
Could not load file or assembly 'System.Runtime, Version=9.0.0.0, Culture=neutral, PublicKeyToken=b03f5f7f11d50a3a'. The system cannot find the file specified.
Could not load file or assembly 'System.Runtime, Version=9.0.0.0, Culture=neutral, PublicKeyToken=b03f5f7f11d50a3a'. The system cannot find the file specified.
Could not load file or assembly 'System.Runtime, Version=9.0.0.0, Culture=neutral, PublicKeyToken=b03f5f7f11d50a3a'. The system cannot find the file specified.
Could not load file or assembly 'System.Runtime, Version=9.0.0.0, Culture=neutral, PublicKeyToken=b03f5f7f11d50a3a'. The system cannot find the file specified.
Could not load file or assembly 'System.Runtime, Version=9.0.0.0, Culture=neutral, PublicKeyToken=b03f5f7f11d50a3a'. The system cannot find the file specified.
Could not load file or assembly 'System.Runtime, Version=9.0.0.0, Culture=neutral, PublicKeyToken=b03f5f7f11d50a3a'. The system cannot find the file specified.
Could not load file or assembly 'System.Runtime, Version=9.0.0.0, Culture=neutral, PublicKeyToken=b03f5f7f11d50a3a'. The system cannot find the file specified.
Could not load file or assembly 'System.Runtime, Version=9.0.0.0, Culture=neutral, PublicKeyToken=b03f5f7f11d50a3a'. The system cannot find the file specified.
Could not load file or assembly 'System.Runtime, Version=9.0.0.0, Culture=neutral, PublicKeyToken=b03f5f7f11d50a3a'. The system cannot find the file specified.
Could not load file or assembly 'System.Runtime, Version=9.0.0.0, Culture=neutral, PublicKeyToken=b03f5f7f11d50a3a'. The system cannot find the file specified.
Could not load file or assembly 'System.Runtime, Version=9.0.0.0, Culture=neutral, PublicKeyToken=b03f5f7f11d50a3a'. The system cannot find the file specified.
Could not load file or assembly 'System.Runtime, Version=9.0.0.0, Culture=neutral, PublicKeyToken=b03f5f7f11d50a3a'. The system cannot find the file specified.
Could not load file or assembly 'System.Runtime, Version=9.0.0.0, Culture=neutral, PublicKeyToken=b03f5f7f11d50a3a'. The system cannot find the file specified.
Could not load file or assembly 'System.Runtime, Version=9.0.0.0, Culture=neutral, PublicKeyToken=b03f5f7f11d50a3a'. The system cannot find the file specified.
Could not load file or assembly 'System.Runtime, Version=9.0.0.0, Culture=neutral, PublicKeyToken=b03f5f7f11d50a3a'. The system cannot find the file specified.
Could not load file or assembly 'System.Runtime, Version=9.0.0.0, Culture=neutral, PublicKeyToken=b03f5f7f11d50a3a'. The system cannot find the file specified.
Could not load file or assembly 'System.Runtime, Version=9.0.0.0, Culture=neutral, PublicKeyToken=b03f5f7f11d50a3a'. The system cannot find the file specified.
Could not load file or assembly 'System.Runtime, Version=9.0.0.0, Culture=neutral, PublicKeyToken=b03f5f7f11d50a3a'. The system cannot find the file specified.
Could not load file or assembly 'System.Runtime, Version=9.0.0.0, Culture=neutral, PublicKeyToken=b03f5f7f11d50a3a'. The system cannot find the file specified.
Could not load file or assembly 'System.Runtime, Version=9.0.0.0, Culture=neutral, PublicKeyToken=b03f5f7f11d50a3a'. The system cannot find the file specified.
Could not load file or assembly 'System.Runtime, Version=9.0.0.0, Culture=neutral, PublicKeyToken=b03f5f7f11d50a3a'. The system cannot find the file specified.
Could not load file or assembly 'System.Runtime, Version=9.0.0.0, Culture=neutral, PublicKeyToken=b03f5f7f11d50a3a'. The system cannot find the file specified.
Could not load file or assembly 'System.Runtime, Version=9.0.0.0, Culture=neutral, PublicKeyToken=b03f5f7f11d50a3a'. The system cannot find the file specified.
Could not load file or assembly 'System.Runtime, Version=9.0.0.0, Culture=neutral, PublicKeyToken=b03f5f7f11d50a3a'. The system cannot find the file specified.
Could not load file or assembly 'System.Runtime, Version=9.0.0.0, Culture=neutral, PublicKeyToken=b03f5f7f11d50a3a'. The system cannot find the file specified.
Could not load file or assembly 'System.Runtime, Version=9.0.0.0, Culture=neutral, PublicKeyToken=b03f5f7f11d50a3a'. The system cannot find the file specified.
Could not load file or assembly 'System.Runtime, Version=9.0.0.0, Culture=neutral, PublicKeyToken=b03f5f7f11d50a3a'. The system cannot find the file specified.
Could not load file or assembly 'System.Runtime, Version=9.0.0.0, Culture=neutral, PublicKeyToken=b03f5f7f11d50a3a'. The system cannot find the file specified.
Could not load file or assembly 'System.Runtime, Version=9.0.0.0, Culture=neutral, PublicKeyToken=b03f5f7f11d50a3a'. The system cannot find the file specified.
Could not load file or assembly 'System.Runtime, Version=9.0.0.0, Culture=neutral, PublicKeyToken=b03f5f7f11d50a3a'. The system cannot find the file specified.
Could not load file or assembly 'System.Runtime, Version=9.0.0.0, Culture=neutral, PublicKeyToken=b03f5f7f11d50a3a'. The system cannot find the file specified.
Could not load file or assembly 'System.Runtime, Version=9.0.0.0, Culture=neutral, PublicKeyToken=b03f5f7f11d50a3a'. The system cannot find the file specified.
Could not load file or assembly 'System.Runtime, Version=9.0.0.0, Culture=neutral, PublicKeyToken=b03f5f7f11d50a3a'. The system cannot find the file specified.
Could not load file or assembly 'System.Runtime, Version=9.0.0.0, Culture=neutral, PublicKeyToken=b03f5f7f11d50a3a'. The system cannot find the file specified.
Could not load file or assembly 'System.Runtime, Version=9.0.0.0, Culture=neutral, PublicKeyToken=b03f5f7f11d50a3a'. The system cannot find the file specified.
Could not load file or assembly 'System.Runtime, Version=9.0.0.0, Culture=neutral, PublicKeyToken=b03f5f7f11d50a3a'. The system cannot find the file specified.
Could not load file or assembly 'System.Runtime, Version=9.0.0.0, Culture=neutral, PublicKeyToken=b03f5f7f11d50a3a'. The system cannot find the file specified.
Could not load file or assembly 'System.Runtime, Version=9.0.0.0, Culture=neutral, PublicKeyToken=b03f5f7f11d50a3a'. The system cannot find the file specified.
Could not load file or assembly 'System.Runtime, Version=9.0.0.0, Culture=neutral, PublicKeyToken=b03f5f7f11d50a3a'. The system cannot find the file specified.
Could not load file or assembly 'System.Runtime, Version=9.0.0.0, Culture=neutral, PublicKeyToken=b03f5f7f11d50a3a'. The system cannot find the file specified.
Could not load file or assembly 'System.Runtime, Version=9.0.0.0, Culture=neutral, PublicKeyToken=b03f5f7f11d50a3a'. The system cannot find the file specified.
Could not load file or assembly 'System.Runtime, Version=9.0.0.0, Culture=neutral, PublicKeyToken=b03f5f7f11d50a3a'. The system cannot find the file specified.
Could not load file or assembly 'System.Runtime, Version=9.0.0.0, Culture=neutral, PublicKeyToken=b03f5f7f11d50a3a'. The system cannot find the file specified.
Could not load file or assembly 'System.Runtime, Version=9.0.0.0, Culture=neutral, PublicKeyToken=b03f5f7f11d50a3a'. The system cannot find the file specified.
Could not load file or assembly 'System.Runtime, Version=9.0.0.0, Culture=neutral, PublicKeyToken=b03f5f7f11d50a3a'. The system cannot find the file specified.
  ----> System.Reflection.ReflectionTypeLoadException : Unable to load one or more of the requested types.
Could not load file or assembly 'System.Runtime, Version=9.0.0.0, Culture=neutral, PublicKeyToken=b03f5f7f11d50a3a'. The system cannot find the file specified.
Could not load file or assembly 'System.Runtime, Version=9.0.0.0, Culture=neutral, PublicKeyToken=b03f5f7f11d50a3a'. The system cannot find the file specified.
Could not load file or assembly 'System.Runtime, Version=9.0.0.0, Culture=neutral, PublicKeyToken=b03f5f7f11d50a3a'. The system cannot find the file specified.
Could not load file or assembly 'System.Runtime, Version=9.0.0.0, Culture=neutral, PublicKeyToken=b03f5f7f11d50a3a'. The system cannot find the file specified.
Could not load file or assembly 'System.Runtime, Version=9.0.0.0, Culture=neutral, PublicKeyToken=b03f5f7f11d50a3a'. The system cannot find the file specified.
Could not load file or assembly 'System.Runtime, Version=9.0.0.0, Culture=neutral, PublicKeyToken=b03f5f7f11d50a3a'. The system cannot find the file specified.
Could not load file or assembly 'System.Runtime, Version=9.0.0.0, Culture=neutral, PublicKeyToken=b03f5f7f11d50a3a'. The system cannot find the file specified.
Could not load file or assembly 'System.Runtime, Version=9.0.0.0, Culture=neutral, PublicKeyToken=b03f5f7f11d50a3a'. The system cannot find the file specified.
Could not load file or assembly 'System.Runtime, Version=9.0.0.0, Culture=neutral, PublicKeyToken=b03f5f7f11d50a3a'. The system cannot find the file specified.
Could not load file or assembly 'System.Runtime, Version=9.0.0.0, Culture=neutral, PublicKeyToken=b03f5f7f11d50a3a'. The system cannot find the file specified.
Could not load file or assembly 'System.Runtime, Version=9.0.0.0, Culture=neutral, PublicKeyToken=b03f5f7f11d50a3a'. The system cannot find the file specified.
Could not load file or assembly 'System.Runtime, Version=9.0.0.0, Culture=neutral, PublicKeyToken=b03f5f7f11d50a3a'. The system cannot find the file specified.
Could not load file or assembly 'System.Runtime, Version=9.0.0.0, Culture=neutral, PublicKeyToken=b03f5f7f11d50a3a'. The system cannot find the file specified.
Could not load file or assembly 'System.Runtime, Version=9.0.0.0, Culture=neutral, PublicKeyToken=b03f5f7f11d50a3a'. The system cannot find the file specified.
Could not load file or assembly 'System.Runtime, Version=9.0.0.0, Culture=neutral, PublicKeyToken=b03f5f7f11d50a3a'. The system cannot find the file specified.
Could not load file or assembly 'System.Runtime, Version=9.0.0.0, Culture=neutral, PublicKeyToken=b03f5f7f11d50a3a'. The system cannot find the file specified.
Could not load file or assembly 'System.Runtime, Version=9.0.0.0, Culture=neutral, PublicKeyToken=b03f5f7f11d50a3a'. The system cannot find the file specified.
Could not load file or assembly 'System.Runtime, Version=9.0.0.0, Culture=neutral, PublicKeyToken=b03f5f7f11d50a3a'. The system cannot find the file specified.
Could not load file or assembly 'System.Runtime, Version=9.0.0.0, Culture=neutral, PublicKeyToken=b03f5f7f11d50a3a'. The system cannot find the file specified.
Could not load file or assembly 'System.Runtime, Version=9.0.0.0, Culture=neutral, PublicKeyToken=b03f5f7f11d50a3a'. The system cannot find the file specified.
Could not load file or assembly 'System.Runtime, Version=9.0.0.0, Culture=neutral, PublicKeyToken=b03f5f7f11d50a3a'. The system cannot find the file specified.
Could not load file or assembly 'System.Runtime, Version=9.0.0.0, Culture=neutral, PublicKeyToken=b03f5f7f11d50a3a'. The system cannot find the file specified.
Could not load file or assembly 'System.Runtime, Version=9.0.0.0, Culture=neutral, PublicKeyToken=b03f5f7f11d50a3a'. The system cannot find the file specified.
Could not load file or assembly 'System.Runtime, Version=9.0.0.0, Culture=neutral, PublicKeyToken=b03f5f7f11d50a3a'. The system cannot find the file specified.
Could not load file or assembly 'System.Runtime, Version=9.0.0.0, Culture=neutral, PublicKeyToken=b03f5f7f11d50a3a'. The system cannot find the file specified.
Could not load file or assembly 'System.Runtime, Version=9.0.0.0, Culture=neutral, PublicKeyToken=b03f5f7f11d50a3a'. The system cannot find the file specified.
Could not load file or assembly 'System.Runtime, Version=9.0.0.0, Culture=neutral, PublicKeyToken=b03f5f7f11d50a3a'. The system cannot find the file specified.
Could not load file or assembly 'System.Runtime, Version=9.0.0.0, Culture=neutral, PublicKeyToken=b03f5f7f11d50a3a'. The system cannot find the file specified.
Could not load file or assembly 'System.Runtime, Version=9.0.0.0, Culture=neutral, PublicKeyToken=b03f5f7f11d50a3a'. The system cannot find the file specified.
Could not load file or assembly 'System.Runtime, Version=9.0.0.0, Culture=neutral, PublicKeyToken=b03f5f7f11d50a3a'. The system cannot find the file specified.
Could not load file or assembly 'System.Runtime, Version=9.0.0.0, Culture=neutral, PublicKeyToken=b03f5f7f11d50a3a'. The system cannot find the file specified.
Could not load file or assembly 'System.Runtime, Version=9.0.0.0, Culture=neutral, PublicKeyToken=b03f5f7f11d50a3a'. The system cannot find the file specified.
Could not load file or assembly 'System.Runtime, Version=9.0.0.0, Culture=neutral, PublicKeyToken=b03f5f7f11d50a3a'. The system cannot find the file specified.
Could not load file or assembly 'System.Runtime, Version=9.0.0.0, Culture=neutral, PublicKeyToken=b03f5f7f11d50a3a'. The system cannot find the file specified.
Could not load file or assembly 'System.Runtime, Version=9.0.0.0, Culture=neutral, PublicKeyToken=b03f5f7f11d50a3a'. The system cannot find the file specified.
Could not load file or assembly 'System.Runtime, Version=9.0.0.0, Culture=neutral, PublicKeyToken=b03f5f7f11d50a3a'. The system cannot find the file specified.
Could not load file or assembly 'System.Runtime, Version=9.0.0.0, Culture=neutral, PublicKeyToken=b03f5f7f11d50a3a'. The system cannot find the file specified.
Could not load file or assembly 'System.Runtime, Version=9.0.0.0, Culture=neutral, PublicKeyToken=b03f5f7f11d50a3a'. The system cannot find the file specified.
Could not load file or assembly 'System.Runtime, Version=9.0.0.0, Culture=neutral, PublicKeyToken=b03f5f7f11d50a3a'. The system cannot find the file specified.
Could not load file or assembly 'System.Runtime, Version=9.0.0.0, Culture=neutral, PublicKeyToken=b03f5f7f11d50a3a'. The system cannot find the file specified.
Could not load file or assembly 'System.Runtime, Version=9.0.0.0, Culture=neutral, PublicKeyToken=b03f5f7f11d50a3a'. The system cannot find the file specified.
Could not load file or assembly 'System.Runtime, Version=9.0.0.0, Culture=neutral, PublicKeyToken=b03f5f7f11d50a3a'. The system cannot find the file specified.
Could not load file or assembly 'System.Runtime, Version=9.0.0.0, Culture=neutral, PublicKeyToken=b03f5f7f11d50a3a'. The system cannot find the file specified.
Could not load file or assembly 'System.Runtime, Version=9.0.0.0, Culture=neutral, PublicKeyToken=b03f5f7f11d50a3a'. The system cannot find the file specified.
Could not load file or assembly 'System.Runtime, Version=9.0.0.0, Culture=neutral, PublicKeyToken=b03f5f7f11d50a3a'. The system cannot find the file specified.
Could not load file or assembly 'System.Runtime, Version=9.0.0.0, Culture=neutral, PublicKeyToken=b03f5f7f11d50a3a'. The system cannot find the file specified.
Could not load file or assembly 'System.Runtime, Version=9.0.0.0, Culture=neutral, PublicKeyToken=b03f5f7f11d50a3a'. The system cannot find the file specified.
Could not load file or assembly 'System.Runtime, Version=9.0.0.0, Culture=neutral, PublicKeyToken=b03f5f7f11d50a3a'. The system cannot find the file specified.
Could not load file or assembly 'System.Runtime, Version=9.0.0.0, Culture=neutral, PublicKeyToken=b03f5f7f11d50a3a'. The system cannot find the file specified.
Could not load file or assembly 'System.Runtime, Version=9.0.0.0, Culture=neutral, PublicKeyToken=b03f5f7f11d50a3a'. The system cannot find the file specified.
Could not load file or assembly 'System.Runtime, Version=9.0.0.0, Culture=neutral, PublicKeyToken=b03f5f7f11d50a3a'. The system cannot find the file specified.
Could not load file or assembly 'System.Runtime, Version=9.0.0.0, Culture=neutral, PublicKeyToken=b03f5f7f11d50a3a'. The system cannot find the file specified.
Could not load file or assembly 'System.Runtime, Version=9.0.0.0, Culture=neutral, PublicKeyToken=b03f5f7f11d50a3a'. The system cannot find the file specified.
Could not load file or assembly 'System.Runtime, Version=9.0.0.0, Culture=neutral, PublicKeyToken=b03f5f7f11d50a3a'. The system cannot find the file specified.
Could not load file or assembly 'System.Runtime, Version=9.0.0.0, Culture=neutral, PublicKeyToken=b03f5f7f11d50a3a'. The system cannot find the file specified.
Could not load file or assembly 'System.Runtime, Version=9.0.0.0, Culture=neutral, PublicKeyToken=b03f5f7f11d50a3a'. The system cannot find the file specified.
Could not load file or assembly 'System.Runtime, Version=9.0.0.0, Culture=neutral, PublicKeyToken=b03f5f7f11d50a3a'. The system cannot find the file specified.
Could not load file or assembly 'System.Runtime, Version=9.0.0.0, Culture=neutral, PublicKeyToken=b03f5f7f11d50a3a'. The system cannot find the file specified.
Could not load file or assembly 'System.Runtime, Version=9.0.0.0, Culture=neutral, PublicKeyToken=b03f5f7f11d50a3a'. The system cannot find the file specified.
Could not load file or assembly 'System.Runtime, Version=9.0.0.0, Culture=neutral, PublicKeyToken=b03f5f7f11d50a3a'. The system cannot find the file specified.
Could not load file or assembly 'System.Runtime, Version=9.0.0.0, Culture=neutral, PublicKeyToken=b03f5f7f11d50a3a'. The system cannot find the file specified.
Could not load file or assembly 'System.Runtime, Version=9.0.0.0, Culture=neutral, PublicKeyToken=b03f5f7f11d50a3a'. The system cannot find the file specified.
Could not load file or assembly 'System.Runtime, Version=9.0.0.0, Culture=neutral, PublicKeyToken=b03f5f7f11d50a3a'. The system cannot find the file specified.
Could not load file or assembly 'System.Runtime, Version=9.0.0.0, Culture=neutral, PublicKeyToken=b03f5f7f11d50a3a'. The system cannot find the file specified.
Could not load file or assembly 'System.Runtime, Version=9.0.0.0, Culture=neutral, PublicKeyToken=b03f5f7f11d50a3a'. The system cannot find the file specified.
Could not load file or assembly 'System.Runtime, Version=9.0.0.0, Culture=neutral, PublicKeyToken=b03f5f7f11d50a3a'. The system cannot find the file specified.
Could not load file or assembly 'System.Runtime, Version=9.0.0.0, Culture=neutral, PublicKeyToken=b03f5f7f11d50a3a'. The system cannot find the file specified.
Could not load file or assembly 'System.Runtime, Version=9.0.0.0, Culture=neutral, PublicKeyToken=b03f5f7f11d50a3a'. The system cannot find the file specified.
Could not load file or assembly 'System.Runtime, Version=9.0.0.0, Culture=neutral, PublicKeyToken=b03f5f7f11d50a3a'. The system cannot find the file specified.
Could not load file or assembly 'System.Runtime, Version=9.0.0.0, Culture=neutral, PublicKeyToken=b03f5f7f11d50a3a'. The system cannot find the file specified.
Could not load file or assembly 'System.Runtime, Version=9.0.0.0, Culture=neutral, PublicKeyToken=b03f5f7f11d50a3a'. The system cannot find the file specified.
Could not load file or assembly 'System.Runtime, Version=9.0.0.0, Culture=neutral, PublicKeyToken=b03f5f7f11d50a3a'. The system cannot find the file specified.
Could not load file or assembly 'System.Runtime, Version=9.0.0.0, Culture=neutral, PublicKeyToken=b03f5f7f11d50a3a'. The system cannot find the file specified.
Could not load file or assembly 'System.Runtime, Version=9.0.0.0, Culture=neutral, PublicKeyToken=b03f5f7f11d50a3a'. The system cannot find the file specified.
Could not load file or assembly 'System.Runtime, Version=9.0.0.0, Culture=neutral, PublicKeyToken=b03f5f7f11d50a3a'. The system cannot find the file specified.
Could not load file or assembly 'System.Runtime, Version=9.0.0.0, Culture=neutral, PublicKeyToken=b03f5f7f11d50a3a'. The system cannot find the file specified.
Could not load file or assembly 'System.Runtime, Version=9.0.0.0, Culture=neutral, PublicKeyToken=b03f5f7f11d50a3a'. The system cannot find the file specified.
  ----> System.Reflection.ReflectionTypeLoadException : Unable to load one or more of the requested types.
Could not load file or assembly 'System.Runtime, Version=9.0.0.0, Culture=neutral, PublicKeyToken=b03f5f7f11d50a3a'. The system cannot find the file specified.
Could not load file or assembly 'System.Runtime, Version=9.0.0.0, Culture=neutral, PublicKeyToken=b03f5f7f11d50a3a'. The system cannot find the file specified.
Could not load file or assembly 'System.Runtime, Version=9.0.0.0, Culture=neutral, PublicKeyToken=b03f5f7f11d50a3a'. The system cannot find the file specified.
Could not load file or assembly 'System.Runtime, Version=9.0.0.0, Culture=neutral, PublicKeyToken=b03f5f7f11d50a3a'. The system cannot find the file specified.
Could not load file or assembly 'System.Runtime, Version=9.0.0.0, Culture=neutral, PublicKeyToken=b03f5f7f11d50a3a'. The system cannot find the file specified.
Could not load file or assembly 'System.Runtime, Version=9.0.0.0, Culture=neutral, PublicKeyToken=b03f5f7f11d50a3a'. The system cannot find the file specified.
Could not load file or assembly 'System.Runtime, Version=9.0.0.0, Culture=neutral, PublicKeyToken=b03f5f7f11d50a3a'. The system cannot find the file specified.
Could not load file or assembly 'System.Runtime, Version=9.0.0.0, Culture=neutral, PublicKeyToken=b03f5f7f11d50a3a'. The system cannot find the file specified.
Could not load file or assembly 'System.Runtime, Version=9.0.0.0, Culture=neutral, PublicKeyToken=b03f5f7f11d50a3a'. The system cannot find the file specified.
Could not load file or assembly 'System.Runtime, Version=9.0.0.0, Culture=neutral, PublicKeyToken=b03f5f7f11d50a3a'. The system cannot find the file specified.
Could not load file or assembly 'System.Runtime, Version=9.0.0.0, Culture=neutral, PublicKeyToken=b03f5f7f11d50a3a'. The system cannot find the file specified.
Could not load file or assembly 'System.Runtime, Version=9.0.0.0, Culture=neutral, PublicKeyToken=b03f5f7f11d50a3a'. The system cannot find the file specified.
Could not load file or assembly 'System.Runtime, Version=9.0.0.0, Culture=neutral, PublicKeyToken=b03f5f7f11d50a3a'. The system cannot find the file specified.
Could not load file or assembly 'System.Runtime, Version=9.0.0.0, Culture=neutral, PublicKeyToken=b03f5f7f11d50a3a'. The system cannot find the file specified.
Could not load file or assembly 'System.Runtime, Version=9.0.0.0, Culture=neutral, PublicKeyToken=b03f5f7f11d50a3a'. The system cannot find the file specified.
Could not load file or assembly 'System.Runtime, Version=9.0.0.0, Culture=neutral, PublicKeyToken=b03f5f7f11d50a3a'. The system cannot find the file specified.
Could not load file or assembly 'System.Runtime, Version=9.0.0.0, Culture=neutral, PublicKeyToken=b03f5f7f11d50a3a'. The system cannot find the file specified.
Could not load file or assembly 'System.Runtime, Version=9.0.0.0, Culture=neutral, PublicKeyToken=b03f5f7f11d50a3a'. The system cannot find the file specified.
Could not load file or assembly 'System.Runtime, Version=9.0.0.0, Culture=neutral, PublicKeyToken=b03f5f7f11d50a3a'. The system cannot find the file specified.
Could not load file or assembly 'System.Runtime, Version=9.0.0.0, Culture=neutral, PublicKeyToken=b03f5f7f11d50a3a'. The system cannot find the file specified.
Could not load file or assembly 'System.Runtime, Version=9.0.0.0, Culture=neutral, PublicKeyToken=b03f5f7f11d50a3a'. The system cannot find the file specified.
Could not load file or assembly 'System.Runtime, Version=9.0.0.0, Culture=neutral, PublicKeyToken=b03f5f7f11d50a3a'. The system cannot find the file specified.
Could not load file or assembly 'System.Runtime, Version=9.0.0.0, Culture=neutral, PublicKeyToken=b03f5f7f11d50a3a'. The system cannot find the file specified.
Could not load file or assembly 'System.Runtime, Version=9.0.0.0, Culture=neutral, PublicKeyToken=b03f5f7f11d50a3a'. The system cannot find the file specified.
Could not load file or assembly 'System.Runtime, Version=9.0.0.0, Culture=neutral, PublicKeyToken=b03f5f7f11d50a3a'. The system cannot find the file specified.
Could not load file or assembly 'System.Runtime, Version=9.0.0.0, Culture=neutral, PublicKeyToken=b03f5f7f11d50a3a'. The system cannot find the file specified.
Could not load file or assembly 'System.Runtime, Version=9.0.0.0, Culture=neutral, PublicKeyToken=b03f5f7f11d50a3a'. The system cannot find the file specified.
Could not load file or assembly 'System.Runtime, Version=9.0.0.0, Culture=neutral, PublicKeyToken=b03f5f7f11d50a3a'. The system cannot find the file specified.
Could not load file or assembly 'System.Runtime, Version=9.0.0.0, Culture=neutral, PublicKeyToken=b03f5f7f11d50a3a'. The system cannot find the file specified.
Could not load file or assembly 'System.Runtime, Version=9.0.0.0, Culture=neutral, PublicKeyToken=b03f5f7f11d50a3a'. The system cannot find the file specified.
Could not load file or assembly 'System.Runtime, Version=9.0.0.0, Culture=neutral, PublicKeyToken=b03f5f7f11d50a3a'. The system cannot find the file specified.
Could not load file or assembly 'System.Runtime, Version=9.0.0.0, Culture=neutral, PublicKeyToken=b03f5f7f11d50a3a'. The system cannot find the file specified.
Could not load file or assembly 'System.Runtime, Version=9.0.0.0, Culture=neutral, PublicKeyToken=b03f5f7f11d50a3a'. The system cannot find the file specified.
Could not load file or assembly 'System.Runtime, Version=9.0.0.0, Culture=neutral, PublicKeyToken=b03f5f7f11d50a3a'. The system cannot find the file specified.
Could not load file or assembly 'System.Runtime, Version=9.0.0.0, Culture=neutral, PublicKeyToken=b03f5f7f11d50a3a'. The system cannot find the file specified.
Could not load file or assembly 'System.Runtime, Version=9.0.0.0, Culture=neutral, PublicKeyToken=b03f5f7f11d50a3a'. The system cannot find the file specified.
Could not load file or assembly 'System.Runtime, Version=9.0.0.0, Culture=neutral, PublicKeyToken=b03f5f7f11d50a3a'. The system cannot find the file specified.
Could not load file or assembly 'System.Runtime, Version=9.0.0.0, Culture=neutral, PublicKeyToken=b03f5f7f11d50a3a'. The system cannot find the file specified.
Could not load file or assembly 'System.Runtime, Version=9.0.0.0, Culture=neutral, PublicKeyToken=b03f5f7f11d50a3a'. The system cannot find the file specified.
Could not load file or assembly 'System.Runtime, Version=9.0.0.0, Culture=neutral, PublicKeyToken=b03f5f7f11d50a3a'. The system cannot find the file specified.
Could not load file or assembly 'System.Runtime, Version=9.0.0.0, Culture=neutral, PublicKeyToken=b03f5f7f11d50a3a'. The system cannot find the file specified.
Could not load file or assembly 'System.Runtime, Version=9.0.0.0, Culture=neutral, PublicKeyToken=b03f5f7f11d50a3a'. The system cannot find the file specified.
Could not load file or assembly 'System.Runtime, Version=9.0.0.0, Culture=neutral, PublicKeyToken=b03f5f7f11d50a3a'. The system cannot find the file specified.
Could not load file or assembly 'System.Runtime, Version=9.0.0.0, Culture=neutral, PublicKeyToken=b03f5f7f11d50a3a'. The system cannot find the file specified.
Could not load file or assembly 'System.Runtime, Version=9.0.0.0, Culture=neutral, PublicKeyToken=b03f5f7f11d50a3a'. The system cannot find the file specified.
Could not load file or assembly 'System.Runtime, Version=9.0.0.0, Culture=neutral, PublicKeyToken=b03f5f7f11d50a3a'. The system cannot find the file specified.
Could not load file or assembly 'System.Runtime, Version=9.0.0.0, Culture=neutral, PublicKeyToken=b03f5f7f11d50a3a'. The system cannot find the file specified.
Could not load file or assembly 'System.Runtime, Version=9.0.0.0, Culture=neutral, PublicKeyToken=b03f5f7f11d50a3a'. The system cannot find the file specified.
Could not load file or assembly 'System.Runtime, Version=9.0.0.0, Culture=neutral, PublicKeyToken=b03f5f7f11d50a3a'. The system cannot find the file specified.
Could not load file or assembly 'System.Runtime, Version=9.0.0.0, Culture=neutral, PublicKeyToken=b03f5f7f11d50a3a'. The system cannot find the file specified.
Could not load file or assembly 'System.Runtime, Version=9.0.0.0, Culture=neutral, PublicKeyToken=b03f5f7f11d50a3a'. The system cannot find the file specified.
Could not load file or assembly 'System.Runtime, Version=9.0.0.0, Culture=neutral, PublicKeyToken=b03f5f7f11d50a3a'. The system cannot find the file specified.
Could not load file or assembly 'System.Runtime, Version=9.0.0.0, Culture=neutral, PublicKeyToken=b03f5f7f11d50a3a'. The system cannot find the file specified.
Could not load file or assembly 'System.Runtime, Version=9.0.0.0, Culture=neutral, PublicKeyToken=b03f5f7f11d50a3a'. The system cannot find the file specified.
Could not load file or assembly 'System.Runtime, Version=9.0.0.0, Culture=neutral, PublicKeyToken=b03f5f7f11d50a3a'. The system cannot find the file specified.
Could not load file or assembly 'System.Runtime, Version=9.0.0.0, Culture=neutral, PublicKeyToken=b03f5f7f11d50a3a'. The system cannot find the file specified.
Could not load file or assembly 'System.Runtime, Version=9.0.0.0, Culture=neutral, PublicKeyToken=b03f5f7f11d50a3a'. The system cannot find the file specified.
Could not load file or assembly 'System.Runtime, Version=9.0.0.0, Culture=neutral, PublicKeyToken=b03f5f7f11d50a3a'. The system cannot find the file specified.
Could not load file or assembly 'System.Runtime, Version=9.0.0.0, Culture=neutral, PublicKeyToken=b03f5f7f11d50a3a'. The system cannot find the file specified.
Could not load file or assembly 'System.Runtime, Version=9.0.0.0, Culture=neutral, PublicKeyToken=b03f5f7f11d50a3a'. The system cannot find the file specified.
Could not load file or assembly 'System.Runtime, Version=9.0.0.0, Culture=neutral, PublicKeyToken=b03f5f7f11d50a3a'. The system cannot find the file specified.
Could not load file or assembly 'System.Runtime, Version=9.0.0.0, Culture=neutral, PublicKeyToken=b03f5f7f11d50a3a'. The system cannot find the file specified.
Could not load file or assembly 'System.Runtime, Version=9.0.0.0, Culture=neutral, PublicKeyToken=b03f5f7f11d50a3a'. The system cannot find the file specified.
Could not load file or assembly 'System.Runtime, Version=9.0.0.0, Culture=neutral, PublicKeyToken=b03f5f7f11d50a3a'. The system cannot find the file specified.
Could not load file or assembly 'System.Runtime, Version=9.0.0.0, Culture=neutral, PublicKeyToken=b03f5f7f11d50a3a'. The system cannot find the file specified.
Could not load file or assembly 'System.Runtime, Version=9.0.0.0, Culture=neutral, PublicKeyToken=b03f5f7f11d50a3a'. The system cannot find the file specified.
Could not load file or assembly 'System.Runtime, Version=9.0.0.0, Culture=neutral, PublicKeyToken=b03f5f7f11d50a3a'. The system cannot find the file specified.
Could not load file or assembly 'System.Runtime, Version=9.0.0.0, Culture=neutral, PublicKeyToken=b03f5f7f11d50a3a'. The system cannot find the file specified.
Could not load file or assembly 'System.Runtime, Version=9.0.0.0, Culture=neutral, PublicKeyToken=b03f5f7f11d50a3a'. The system cannot find the file specified.
Could not load file or assembly 'System.Runtime, Version=9.0.0.0, Culture=neutral, PublicKeyToken=b03f5f7f11d50a3a'. The system cannot find the file specified.
Could not load file or assembly 'System.Runtime, Version=9.0.0.0, Culture=neutral, PublicKeyToken=b03f5f7f11d50a3a'. The system cannot find the file specified.
Could not load file or assembly 'System.Runtime, Version=9.0.0.0, Culture=neutral, PublicKeyToken=b03f5f7f11d50a3a'. The system cannot find the file specified.
Could not load file or assembly 'System.Runtime, Version=9.0.0.0, Culture=neutral, PublicKeyToken=b03f5f7f11d50a3a'. The system cannot find the file specified.
Could not load file or assembly 'System.Runtime, Version=9.0.0.0, Culture=neutral, PublicKeyToken=b03f5f7f11d50a3a'. The system cannot find the file specified.
Could not load file or assembly 'System.Runtime, Version=9.0.0.0, Culture=neutral, PublicKeyToken=b03f5f7f11d50a3a'. The system cannot find the file specified.
Could not load file or assembly 'System.Runtime, Version=9.0.0.0, Culture=neutral, PublicKeyToken=b03f5f7f11d50a3a'. The system cannot find the file specified.
Could not load file or assembly 'System.Runtime, Version=9.0.0.0, Culture=neutral, PublicKeyToken=b03f5f7f11d50a3a'. The system cannot find the file specified.
  ----> System.Reflection.ReflectionTypeLoadException : Unable to load one or more of the requested types.
Could not load file or assembly 'System.Runtime, Version=9.0.0.0, Culture=neutral, PublicKeyToken=b03f5f7f11d50a3a'. The system cannot find the file specified.
Could not load file or assembly 'System.Runtime, Version=9.0.0.0, Culture=neutral, PublicKeyToken=b03f5f7f11d50a3a'. The system cannot find the file specified.
Could not load file or assembly 'System.Runtime, Version=9.0.0.0, Culture=neutral, PublicKeyToken=b03f5f7f11d50a3a'. The system cannot find the file specified.
Could not load file or assembly 'System.Runtime, Version=9.0.0.0, Culture=neutral, PublicKeyToken=b03f5f7f11d50a3a'. The system cannot find the file specified.
Could not load file or assembly 'System.Runtime, Version=9.0.0.0, Culture=neutral, PublicKeyToken=b03f5f7f11d50a3a'. The system cannot find the file specified.
Could not load file or assembly 'System.Runtime, Version=9.0.0.0, Culture=neutral, PublicKeyToken=b03f5f7f11d50a3a'. The system cannot find the file specified.
Could not load file or assembly 'System.Runtime, Version=9.0.0.0, Culture=neutral, PublicKeyToken=b03f5f7f11d50a3a'. The system cannot find the file specified.
Could not load file or assembly 'System.Runtime, Version=9.0.0.0, Culture=neutral, PublicKeyToken=b03f5f7f11d50a3a'. The system cannot find the file specified.
Could not load file or assembly 'System.Runtime, Version=9.0.0.0, Culture=neutral, PublicKeyToken=b03f5f7f11d50a3a'. The system cannot find the file specified.
Could not load file or assembly 'System.Runtime, Version=9.0.0.0, Culture=neutral, PublicKeyToken=b03f5f7f11d50a3a'. The system cannot find the file specified.
Could not load file or assembly 'System.Runtime, Version=9.0.0.0, Culture=neutral, PublicKeyToken=b03f5f7f11d50a3a'. The system cannot find the file specified.
Could not load file or assembly 'System.Runtime, Version=9.0.0.0, Culture=neutral, PublicKeyToken=b03f5f7f11d50a3a'. The system cannot find the file specified.
Could not load file or assembly 'System.Runtime, Version=9.0.0.0, Culture=neutral, PublicKeyToken=b03f5f7f11d50a3a'. The system cannot find the file specified.
Could not load file or assembly 'System.Runtime, Version=9.0.0.0, Culture=neutral, PublicKeyToken=b03f5f7f11d50a3a'. The system cannot find the file specified.
Could not load file or assembly 'System.Runtime, Version=9.0.0.0, Culture=neutral, PublicKeyToken=b03f5f7f11d50a3a'. The system cannot find the file specified.
Could not load file or assembly 'System.Runtime, Version=9.0.0.0, Culture=neutral, PublicKeyToken=b03f5f7f11d50a3a'. The system cannot find the file specified.
Could not load file or assembly 'System.Runtime, Version=9.0.0.0, Culture=neutral, PublicKeyToken=b03f5f7f11d50a3a'. The system cannot find the file specified.
Could not load file or assembly 'System.Runtime, Version=9.0.0.0, Culture=neutral, PublicKeyToken=b03f5f7f11d50a3a'. The system cannot find the file specified.
Could not load file or assembly 'System.Runtime, Version=9.0.0.0, Culture=neutral, PublicKeyToken=b03f5f7f11d50a3a'. The system cannot find the file specified.
Could not load file or assembly 'System.Runtime, Version=9.0.0.0, Culture=neutral, PublicKeyToken=b03f5f7f11d50a3a'. The system cannot find the file specified.
Could not load file or assembly 'System.Runtime, Version=9.0.0.0, Culture=neutral, PublicKeyToken=b03f5f7f11d50a3a'. The system cannot find the file specified.
Could not load file or assembly 'System.Runtime, Version=9.0.0.0, Culture=neutral, PublicKeyToken=b03f5f7f11d50a3a'. The system cannot find the file specified.
Could not load file or assembly 'System.Runtime, Version=9.0.0.0, Culture=neutral, PublicKeyToken=b03f5f7f11d50a3a'. The system cannot find the file specified.
Could not load file or assembly 'System.Runtime, Version=9.0.0.0, Culture=neutral, PublicKeyToken=b03f5f7f11d50a3a'. The system cannot find the file specified.
Could not load file or assembly 'System.Runtime, Version=9.0.0.0, Culture=neutral, PublicKeyToken=b03f5f7f11d50a3a'. The system cannot find the file specified.
Could not load file or assembly 'System.Runtime, Version=9.0.0.0, Culture=neutral, PublicKeyToken=b03f5f7f11d50a3a'. The system cannot find the file specified.
Could not load file or assembly 'System.Runtime, Version=9.0.0.0, Culture=neutral, PublicKeyToken=b03f5f7f11d50a3a'. The system cannot find the file specified.
Could not load file or assembly 'System.Runtime, Version=9.0.0.0, Culture=neutral, PublicKeyToken=b03f5f7f11d50a3a'. The system cannot find the file specified.
Could not load file or assembly 'System.Runtime, Version=9.0.0.0, Culture=neutral, PublicKeyToken=b03f5f7f11d50a3a'. The system cannot find the file specified.
Could not load file or assembly 'System.Runtime, Version=9.0.0.0, Culture=neutral, PublicKeyToken=b03f5f7f11d50a3a'. The system cannot find the file specified.
Could not load file or assembly 'System.Runtime, Version=9.0.0.0, Culture=neutral, PublicKeyToken=b03f5f7f11d50a3a'. The system cannot find the file specified.
Could not load file or assembly 'System.Runtime, Version=9.0.0.0, Culture=neutral, PublicKeyToken=b03f5f7f11d50a3a'. The system cannot find the file specified.
Could not load file or assembly 'System.Runtime, Version=9.0.0.0, Culture=neutral, PublicKeyToken=b03f5f7f11d50a3a'. The system cannot find the file specified.
Could not load file or assembly 'System.Runtime, Version=9.0.0.0, Culture=neutral, PublicKeyToken=b03f5f7f11d50a3a'. The system cannot find the file specified.
Could not load file or assembly 'System.Runtime, Version=9.0.0.0, Culture=neutral, PublicKeyToken=b03f5f7f11d50a3a'. The system cannot find the file specified.
Could not load file or assembly 'System.Runtime, Version=9.0.0.0, Culture=neutral, PublicKeyToken=b03f5f7f11d50a3a'. The system cannot find the file specified.
Could not load file or assembly 'System.Runtime, Version=9.0.0.0, Culture=neutral, PublicKeyToken=b03f5f7f11d50a3a'. The system cannot find the file specified.
Could not load file or assembly 'System.Runtime, Version=9.0.0.0, Culture=neutral, PublicKeyToken=b03f5f7f11d50a3a'. The system cannot find the file specified.
Could not load file or assembly 'System.Runtime, Version=9.0.0.0, Culture=neutral, PublicKeyToken=b03f5f7f11d50a3a'. The system cannot find the file specified.
Could not load file or assembly 'System.Runtime, Version=9.0.0.0, Culture=neutral, PublicKeyToken=b03f5f7f11d50a3a'. The system cannot find the file specified.
Could not load file or assembly 'System.Runtime, Version=9.0.0.0, Culture=neutral, PublicKeyToken=b03f5f7f11d50a3a'. The system cannot find the file specified.
Could not load file or assembly 'System.Runtime, Version=9.0.0.0, Culture=neutral, PublicKeyToken=b03f5f7f11d50a3a'. The system cannot find the file specified.
Could not load file or assembly 'System.Runtime, Version=9.0.0.0, Culture=neutral, PublicKeyToken=b03f5f7f11d50a3a'. The system cannot find the file specified.
Could not load file or assembly 'System.Runtime, Version=9.0.0.0, Culture=neutral, PublicKeyToken=b03f5f7f11d50a3a'. The system cannot find the file specified.
Could not load file or assembly 'System.Runtime, Version=9.0.0.0, Culture=neutral, PublicKeyToken=b03f5f7f11d50a3a'. The system cannot find the file specified.
Could not load file or assembly 'System.Runtime, Version=9.0.0.0, Culture=neutral, PublicKeyToken=b03f5f7f11d50a3a'. The system cannot find the file specified.
Could not load file or assembly 'System.Runtime, Version=9.0.0.0, Culture=neutral, PublicKeyToken=b03f5f7f11d50a3a'. The system cannot find the file specified.
Could not load file or assembly 'System.Runtime, Version=9.0.0.0, Culture=neutral, PublicKeyToken=b03f5f7f11d50a3a'. The system cannot find the file specified.
Could not load file or assembly 'System.Runtime, Version=9.0.0.0, Culture=neutral, PublicKeyToken=b03f5f7f11d50a3a'. The system cannot find the file specified.
Could not load file or assembly 'System.Runtime, Version=9.0.0.0, Culture=neutral, PublicKeyToken=b03f5f7f11d50a3a'. The system cannot find the file specified.
Could not load file or assembly 'System.Runtime, Version=9.0.0.0, Culture=neutral, PublicKeyToken=b03f5f7f11d50a3a'. The system cannot find the file specified.
Could not load file or assembly 'System.Runtime, Version=9.0.0.0, Culture=neutral, PublicKeyToken=b03f5f7f11d50a3a'. The system cannot find the file specified.
Could not load file or assembly 'System.Runtime, Version=9.0.0.0, Culture=neutral, PublicKeyToken=b03f5f7f11d50a3a'. The system cannot find the file specified.
Could not load file or assembly 'System.Runtime, Version=9.0.0.0, Culture=neutral, PublicKeyToken=b03f5f7f11d50a3a'. The system cannot find the file specified.
Could not load file or assembly 'System.Runtime, Version=9.0.0.0, Culture=neutral, PublicKeyToken=b03f5f7f11d50a3a'. The system cannot find the file specified.
Could not load file or assembly 'System.Runtime, Version=9.0.0.0, Culture=neutral, PublicKeyToken=b03f5f7f11d50a3a'. The system cannot find the file specified.
Could not load file or assembly 'System.Runtime, Version=9.0.0.0, Culture=neutral, PublicKeyToken=b03f5f7f11d50a3a'. The system cannot find the file specified.
Could not load file or assembly 'System.Runtime, Version=9.0.0.0, Culture=neutral, PublicKeyToken=b03f5f7f11d50a3a'. The system cannot find the file specified.
Could not load file or assembly 'System.Runtime, Version=9.0.0.0, Culture=neutral, PublicKeyToken=b03f5f7f11d50a3a'. The system cannot find the file specified.
Could not load file or assembly 'System.Runtime, Version=9.0.0.0, Culture=neutral, PublicKeyToken=b03f5f7f11d50a3a'. The system cannot find the file specified.
Could not load file or assembly 'System.Runtime, Version=9.0.0.0, Culture=neutral, PublicKeyToken=b03f5f7f11d50a3a'. The system cannot find the file specified.
Could not load file or assembly 'System.Runtime, Version=9.0.0.0, Culture=neutral, PublicKeyToken=b03f5f7f11d50a3a'. The system cannot find the file specified.
Could not load file or assembly 'System.Runtime, Version=9.0.0.0, Culture=neutral, PublicKeyToken=b03f5f7f11d50a3a'. The system cannot find the file specified.
Could not load file or assembly 'System.Runtime, Version=9.0.0.0, Culture=neutral, PublicKeyToken=b03f5f7f11d50a3a'. The system cannot find the file specified.
Could not load file or assembly 'System.Runtime, Version=9.0.0.0, Culture=neutral, PublicKeyToken=b03f5f7f11d50a3a'. The system cannot find the file specified.
Could not load file or assembly 'System.Runtime, Version=9.0.0.0, Culture=neutral, PublicKeyToken=b03f5f7f11d50a3a'. The system cannot find the file specified.
Could not load file or assembly 'System.Runtime, Version=9.0.0.0, Culture=neutral, PublicKeyToken=b03f5f7f11d50a3a'. The system cannot find the file specified.
Could not load file or assembly 'System.Runtime, Version=9.0.0.0, Culture=neutral, PublicKeyToken=b03f5f7f11d50a3a'. The system cannot find the file specified.
Could not load file or assembly 'System.Runtime, Version=9.0.0.0, Culture=neutral, PublicKeyToken=b03f5f7f11d50a3a'. The system cannot find the file specified.
Could not load file or assembly 'System.Runtime, Version=9.0.0.0, Culture=neutral, PublicKeyToken=b03f5f7f11d50a3a'. The system cannot find the file specified.
Could not load file or assembly 'System.Runtime, Version=9.0.0.0, Culture=neutral, PublicKeyToken=b03f5f7f11d50a3a'. The system cannot find the file specified.
Could not load file or assembly 'System.Runtime, Version=9.0.0.0, Culture=neutral, PublicKeyToken=b03f5f7f11d50a3a'. The system cannot find the file specified.
Could not load file or assembly 'System.Runtime, Version=9.0.0.0, Culture=neutral, PublicKeyToken=b03f5f7f11d50a3a'. The system cannot find the file specified.
Could not load file or assembly 'System.Runtime, Version=9.0.0.0, Culture=neutral, PublicKeyToken=b03f5f7f11d50a3a'. The system cannot find the file specified.
Could not load file or assembly 'System.Runtime, Version=9.0.0.0, Culture=neutral, PublicKeyToken=b03f5f7f11d50a3a'. The system cannot find the file specified.
Could not load file or assembly 'System.Runtime, Version=9.0.0.0, Culture=neutral, PublicKeyToken=b03f5f7f11d50a3a'. The system cannot find the file specified.
Could not load file or assembly 'System.Runtime, Version=9.0.0.0, Culture=neutral, PublicKeyToken=b03f5f7f11d50a3a'. The system cannot find the file specified.
  ----> System.Reflection.ReflectionTypeLoadException : Unable to load one or more of the requested types.
Could not load file or assembly 'System.Runtime, Version=9.0.0.0, Culture=neutral, PublicKeyToken=b03f5f7f11d50a3a'. The system cannot find the file specified.
Could not load file or assembly 'System.Runtime, Version=9.0.0.0, Culture=neutral, PublicKeyToken=b03f5f7f11d50a3a'. The system cannot find the file specified.
Could not load file or assembly 'System.Runtime, Version=9.0.0.0, Culture=neutral, PublicKeyToken=b03f5f7f11d50a3a'. The system cannot find the file specified.
Could not load file or assembly 'System.Runtime, Version=9.0.0.0, Culture=neutral, PublicKeyToken=b03f5f7f11d50a3a'. The system cannot find the file specified.
Could not load file or assembly 'System.Runtime, Version=9.0.0.0, Culture=neutral, PublicKeyToken=b03f5f7f11d50a3a'. The system cannot find the file specified.
Could not load file or assembly 'System.Runtime, Version=9.0.0.0, Culture=neutral, PublicKeyToken=b03f5f7f11d50a3a'. The system cannot find the file specified.
Could not load file or assembly 'System.Runtime, Version=9.0.0.0, Culture=neutral, PublicKeyToken=b03f5f7f11d50a3a'. The system cannot find the file specified.
Could not load file or assembly 'System.Runtime, Version=9.0.0.0, Culture=neutral, PublicKeyToken=b03f5f7f11d50a3a'. The system cannot find the file specified.
Could not load file or assembly 'System.Runtime, Version=9.0.0.0, Culture=neutral, PublicKeyToken=b03f5f7f11d50a3a'. The system cannot find the file specified.
Could not load file or assembly 'System.Runtime, Version=9.0.0.0, Culture=neutral, PublicKeyToken=b03f5f7f11d50a3a'. The system cannot find the file specified.
Could not load file or assembly 'System.Runtime, Version=9.0.0.0, Culture=neutral, PublicKeyToken=b03f5f7f11d50a3a'. The system cannot find the file specified.
Could not load file or assembly 'System.Runtime, Version=9.0.0.0, Culture=neutral, PublicKeyToken=b03f5f7f11d50a3a'. The system cannot find the file specified.
Could not load file or assembly 'System.Runtime, Version=9.0.0.0, Culture=neutral, PublicKeyToken=b03f5f7f11d50a3a'. The system cannot find the file specified.
Could not load file or assembly 'System.Runtime, Version=9.0.0.0, Culture=neutral, PublicKeyToken=b03f5f7f11d50a3a'. The system cannot find the file specified.
Could not load file or assembly 'System.Runtime, Version=9.0.0.0, Culture=neutral, PublicKeyToken=b03f5f7f11d50a3a'. The system cannot find the file specified.
Could not load file or assembly 'System.Runtime, Version=9.0.0.0, Culture=neutral, PublicKeyToken=b03f5f7f11d50a3a'. The system cannot find the file specified.
Could not load file or assembly 'System.Runtime, Version=9.0.0.0, Culture=neutral, PublicKeyToken=b03f5f7f11d50a3a'. The system cannot find the file specified.
Could not load file or assembly 'System.Runtime, Version=9.0.0.0, Culture=neutral, PublicKeyToken=b03f5f7f11d50a3a'. The system cannot find the file specified.
Could not load file or assembly 'System.Runtime, Version=9.0.0.0, Culture=neutral, PublicKeyToken=b03f5f7f11d50a3a'. The system cannot find the file specified.
Could not load file or assembly 'System.Runtime, Version=9.0.0.0, Culture=neutral, PublicKeyToken=b03f5f7f11d50a3a'. The system cannot find the file specified.
Could not load file or assembly 'System.Runtime, Version=9.0.0.0, Culture=neutral, PublicKeyToken=b03f5f7f11d50a3a'. The system cannot find the file specified.
Could not load file or assembly 'System.Runtime, Version=9.0.0.0, Culture=neutral, PublicKeyToken=b03f5f7f11d50a3a'. The system cannot find the file specified.
Could not load file or assembly 'System.Runtime, Version=9.0.0.0, Culture=neutral, PublicKeyToken=b03f5f7f11d50a3a'. The system cannot find the file specified.
Could not load file or assembly 'System.Runtime, Version=9.0.0.0, Culture=neutral, PublicKeyToken=b03f5f7f11d50a3a'. The system cannot find the file specified.
Could not load file or assembly 'System.Runtime, Version=9.0.0.0, Culture=neutral, PublicKeyToken=b03f5f7f11d50a3a'. The system cannot find the file specified.
Could not load file or assembly 'System.Runtime, Version=9.0.0.0, Culture=neutral, PublicKeyToken=b03f5f7f11d50a3a'. The system cannot find the file specified.
Could not load file or assembly 'System.Runtime, Version=9.0.0.0, Culture=neutral, PublicKeyToken=b03f5f7f11d50a3a'. The system cannot find the file specified.
Could not load file or assembly 'System.Runtime, Version=9.0.0.0, Culture=neutral, PublicKeyToken=b03f5f7f11d50a3a'. The system cannot find the file specified.
Could not load file or assembly 'System.Runtime, Version=9.0.0.0, Culture=neutral, PublicKeyToken=b03f5f7f11d50a3a'. The system cannot find the file specified.
Could not load file or assembly 'System.Runtime, Version=9.0.0.0, Culture=neutral, PublicKeyToken=b03f5f7f11d50a3a'. The system cannot find the file specified.
Could not load file or assembly 'System.Runtime, Version=9.0.0.0, Culture=neutral, PublicKeyToken=b03f5f7f11d50a3a'. The system cannot find the file specified.
Could not load file or assembly 'System.Runtime, Version=9.0.0.0, Culture=neutral, PublicKeyToken=b03f5f7f11d50a3a'. The system cannot find the file specified.
Could not load file or assembly 'System.Runtime, Version=9.0.0.0, Culture=neutral, PublicKeyToken=b03f5f7f11d50a3a'. The system cannot find the file specified.
Could not load file or assembly 'System.Runtime, Version=9.0.0.0, Culture=neutral, PublicKeyToken=b03f5f7f11d50a3a'. The system cannot find the file specified.
Could not load file or assembly 'System.Runtime, Version=9.0.0.0, Culture=neutral, PublicKeyToken=b03f5f7f11d50a3a'. The system cannot find the file specified.
Could not load file or assembly 'System.Runtime, Version=9.0.0.0, Culture=neutral, PublicKeyToken=b03f5f7f11d50a3a'. The system cannot find the file specified.
Could not load file or assembly 'System.Runtime, Version=9.0.0.0, Culture=neutral, PublicKeyToken=b03f5f7f11d50a3a'. The system cannot find the file specified.
Could not load file or assembly 'System.Runtime, Version=9.0.0.0, Culture=neutral, PublicKeyToken=b03f5f7f11d50a3a'. The system cannot find the file specified.
Could not load file or assembly 'System.Runtime, Version=9.0.0.0, Culture=neutral, PublicKeyToken=b03f5f7f11d50a3a'. The system cannot find the file specified.
Could not load file or assembly 'System.Runtime, Version=9.0.0.0, Culture=neutral, PublicKeyToken=b03f5f7f11d50a3a'. The system cannot find the file specified.
Could not load file or assembly 'System.Runtime, Version=9.0.0.0, Culture=neutral, PublicKeyToken=b03f5f7f11d50a3a'. The system cannot find the file specified.
Could not load file or assembly 'System.Runtime, Version=9.0.0.0, Culture=neutral, PublicKeyToken=b03f5f7f11d50a3a'. The system cannot find the file specified.
Could not load file or assembly 'System.Runtime, Version=9.0.0.0, Culture=neutral, PublicKeyToken=b03f5f7f11d50a3a'. The system cannot find the file specified.
Could not load file or assembly 'System.Runtime, Version=9.0.0.0, Culture=neutral, PublicKeyToken=b03f5f7f11d50a3a'. The system cannot find the file specified.
Could not load file or assembly 'System.Runtime, Version=9.0.0.0, Culture=neutral, PublicKeyToken=b03f5f7f11d50a3a'. The system cannot find the file specified.
Could not load file or assembly 'System.Runtime, Version=9.0.0.0, Culture=neutral, PublicKeyToken=b03f5f7f11d50a3a'. The system cannot find the file specified.
Could not load file or assembly 'System.Runtime, Version=9.0.0.0, Culture=neutral, PublicKeyToken=b03f5f7f11d50a3a'. The system cannot find the file specified.
Could not load file or assembly 'System.Runtime, Version=9.0.0.0, Culture=neutral, PublicKeyToken=b03f5f7f11d50a3a'. The system cannot find the file specified.
Could not load file or assembly 'System.Runtime, Version=9.0.0.0, Culture=neutral, PublicKeyToken=b03f5f7f11d50a3a'. The system cannot find the file specified.
Could not load file or assembly 'System.Runtime, Version=9.0.0.0, Culture=neutral, PublicKeyToken=b03f5f7f11d50a3a'. The system cannot find the file specified.
Could not load file or assembly 'System.Runtime, Version=9.0.0.0, Culture=neutral, PublicKeyToken=b03f5f7f11d50a3a'. The system cannot find the file specified.
Could not load file or assembly 'System.Runtime, Version=9.0.0.0, Culture=neutral, PublicKeyToken=b03f5f7f11d50a3a'. The system cannot find the file specified.
Could not load file or assembly 'System.Runtime, Version=9.0.0.0, Culture=neutral, PublicKeyToken=b03f5f7f11d50a3a'. The system cannot find the file specified.
Could not load file or assembly 'System.Runtime, Version=9.0.0.0, Culture=neutral, PublicKeyToken=b03f5f7f11d50a3a'. The system cannot find the file specified.
Could not load file or assembly 'System.Runtime, Version=9.0.0.0, Culture=neutral, PublicKeyToken=b03f5f7f11d50a3a'. The system cannot find the file specified.
Could not load file or assembly 'System.Runtime, Version=9.0.0.0, Culture=neutral, PublicKeyToken=b03f5f7f11d50a3a'. The system cannot find the file specified.
Could not load file or assembly 'System.Runtime, Version=9.0.0.0, Culture=neutral, PublicKeyToken=b03f5f7f11d50a3a'. The system cannot find the file specified.
Could not load file or assembly 'System.Runtime, Version=9.0.0.0, Culture=neutral, PublicKeyToken=b03f5f7f11d50a3a'. The system cannot find the file specified.
Could not load file or assembly 'System.Runtime, Version=9.0.0.0, Culture=neutral, PublicKeyToken=b03f5f7f11d50a3a'. The system cannot find the file specified.
Could not load file or assembly 'System.Runtime, Version=9.0.0.0, Culture=neutral, PublicKeyToken=b03f5f7f11d50a3a'. The system cannot find the file specified.
Could not load file or assembly 'System.Runtime, Version=9.0.0.0, Culture=neutral, PublicKeyToken=b03f5f7f11d50a3a'. The system cannot find the file specified.
Could not load file or assembly 'System.Runtime, Version=9.0.0.0, Culture=neutral, PublicKeyToken=b03f5f7f11d50a3a'. The system cannot find the file specified.
Could not load file or assembly 'System.Runtime, Version=9.0.0.0, Culture=neutral, PublicKeyToken=b03f5f7f11d50a3a'. The system cannot find the file specified.
Could not load file or assembly 'System.Runtime, Version=9.0.0.0, Culture=neutral, PublicKeyToken=b03f5f7f11d50a3a'. The system cannot find the file specified.
Could not load file or assembly 'System.Runtime, Version=9.0.0.0, Culture=neutral, PublicKeyToken=b03f5f7f11d50a3a'. The system cannot find the file specified.
Could not load file or assembly 'System.Runtime, Version=9.0.0.0, Culture=neutral, PublicKeyToken=b03f5f7f11d50a3a'. The system cannot find the file specified.
Could not load file or assembly 'System.Runtime, Version=9.0.0.0, Culture=neutral, PublicKeyToken=b03f5f7f11d50a3a'. The system cannot find the file specified.
Could not load file or assembly 'System.Runtime, Version=9.0.0.0, Culture=neutral, PublicKeyToken=b03f5f7f11d50a3a'. The system cannot find the file specified.
Could not load file or assembly 'System.Runtime, Version=9.0.0.0, Culture=neutral, PublicKeyToken=b03f5f7f11d50a3a'. The system cannot find the file specified.
Could not load file or assembly 'System.Runtime, Version=9.0.0.0, Culture=neutral, PublicKeyToken=b03f5f7f11d50a3a'. The system cannot find the file specified.
Could not load file or assembly 'System.Runtime, Version=9.0.0.0, Culture=neutral, PublicKeyToken=b03f5f7f11d50a3a'. The system cannot find the file specified.
Could not load file or assembly 'System.Runtime, Version=9.0.0.0, Culture=neutral, PublicKeyToken=b03f5f7f11d50a3a'. The system cannot find the file specified.
Could not load file or assembly 'System.Runtime, Version=9.0.0.0, Culture=neutral, PublicKeyToken=b03f5f7f11d50a3a'. The system cannot find the file specified.
Could not load file or assembly 'System.Runtime, Version=9.0.0.0, Culture=neutral, PublicKeyToken=b03f5f7f11d50a3a'. The system cannot find the file specified.
Could not load file or assembly 'System.Runtime, Version=9.0.0.0, Culture=neutral, PublicKeyToken=b03f5f7f11d50a3a'. The system cannot find the file specified.
Could not load file or assembly 'System.Runtime, Version=9.0.0.0, Culture=neutral, PublicKeyToken=b03f5f7f11d50a3a'. The system cannot find the file specified.
Could not load file or assembly 'System.Runtime, Version=9.0.0.0, Culture=neutral, PublicKeyToken=b03f5f7f11d50a3a'. The system cannot find the file specified.
  ----> System.Reflection.ReflectionTypeLoadException : Unable to load one or more of the requested types.
Could not load file or assembly 'System.Runtime, Version=9.0.0.0, Culture=neutral, PublicKeyToken=b03f5f7f11d50a3a'. The system cannot find the file specified.
Could not load file or assembly 'System.Runtime, Version=9.0.0.0, Culture=neutral, PublicKeyToken=b03f5f7f11d50a3a'. The system cannot find the file specified.
Could not load file or assembly 'System.Runtime, Version=9.0.0.0, Culture=neutral, PublicKeyToken=b03f5f7f11d50a3a'. The system cannot find the file specified.
Could not load file or assembly 'System.Runtime, Version=9.0.0.0, Culture=neutral, PublicKeyToken=b03f5f7f11d50a3a'. The system cannot find the file specified.
Could not load file or assembly 'System.Runtime, Version=9.0.0.0, Culture=neutral, PublicKeyToken=b03f5f7f11d50a3a'. The system cannot find the file specified.
Could not load file or assembly 'System.Runtime, Version=9.0.0.0, Culture=neutral, PublicKeyToken=b03f5f7f11d50a3a'. The system cannot find the file specified.
Could not load file or assembly 'System.Runtime, Version=9.0.0.0, Culture=neutral, PublicKeyToken=b03f5f7f11d50a3a'. The system cannot find the file specified.
Could not load file or assembly 'System.Runtime, Version=9.0.0.0, Culture=neutral, PublicKeyToken=b03f5f7f11d50a3a'. The system cannot find the file specified.
Could not load file or assembly 'System.Runtime, Version=9.0.0.0, Culture=neutral, PublicKeyToken=b03f5f7f11d50a3a'. The system cannot find the file specified.
Could not load file or assembly 'System.Runtime, Version=9.0.0.0, Culture=neutral, PublicKeyToken=b03f5f7f11d50a3a'. The system cannot find the file specified.
Could not load file or assembly 'System.Runtime, Version=9.0.0.0, Culture=neutral, PublicKeyToken=b03f5f7f11d50a3a'. The system cannot find the file specified.
Could not load file or assembly 'System.Runtime, Version=9.0.0.0, Culture=neutral, PublicKeyToken=b03f5f7f11d50a3a'. The system cannot find the file specified.
Could not load file or assembly 'System.Runtime, Version=9.0.0.0, Culture=neutral, PublicKeyToken=b03f5f7f11d50a3a'. The system cannot find the file specified.
Could not load file or assembly 'System.Runtime, Version=9.0.0.0, Culture=neutral, PublicKeyToken=b03f5f7f11d50a3a'. The system cannot find the file specified.
Could not load file or assembly 'System.Runtime, Version=9.0.0.0, Culture=neutral, PublicKeyToken=b03f5f7f11d50a3a'. The system cannot find the file specified.
Could not load file or assembly 'System.Runtime, Version=9.0.0.0, Culture=neutral, PublicKeyToken=b03f5f7f11d50a3a'. The system cannot find the file specified.
Could not load file or assembly 'System.Runtime, Version=9.0.0.0, Culture=neutral, PublicKeyToken=b03f5f7f11d50a3a'. The system cannot find the file specified.
Could not load file or assembly 'System.Runtime, Version=9.0.0.0, Culture=neutral, PublicKeyToken=b03f5f7f11d50a3a'. The system cannot find the file specified.
Could not load file or assembly 'System.Runtime, Version=9.0.0.0, Culture=neutral, PublicKeyToken=b03f5f7f11d50a3a'. The system cannot find the file specified.
Could not load file or assembly 'System.Runtime, Version=9.0.0.0, Culture=neutral, PublicKeyToken=b03f5f7f11d50a3a'. The system cannot find the file specified.
Could not load file or assembly 'System.Runtime, Version=9.0.0.0, Culture=neutral, PublicKeyToken=b03f5f7f11d50a3a'. The system cannot find the file specified.
Could not load file or assembly 'System.Runtime, Version=9.0.0.0, Culture=neutral, PublicKeyToken=b03f5f7f11d50a3a'. The system cannot find the file specified.
Could not load file or assembly 'System.Runtime, Version=9.0.0.0, Culture=neutral, PublicKeyToken=b03f5f7f11d50a3a'. The system cannot find the file specified.
Could not load file or assembly 'System.Runtime, Version=9.0.0.0, Culture=neutral, PublicKeyToken=b03f5f7f11d50a3a'. The system cannot find the file specified.
Could not load file or assembly 'System.Runtime, Version=9.0.0.0, Culture=neutral, PublicKeyToken=b03f5f7f11d50a3a'. The system cannot find the file specified.
Could not load file or assembly 'System.Runtime, Version=9.0.0.0, Culture=neutral, PublicKeyToken=b03f5f7f11d50a3a'. The system cannot find the file specified.
Could not load file or assembly 'System.Runtime, Version=9.0.0.0, Culture=neutral, PublicKeyToken=b03f5f7f11d50a3a'. The system cannot find the file specified.
Could not load file or assembly 'System.Runtime, Version=9.0.0.0, Culture=neutral, PublicKeyToken=b03f5f7f11d50a3a'. The system cannot find the file specified.
Could not load file or assembly 'System.Runtime, Version=9.0.0.0, Culture=neutral, PublicKeyToken=b03f5f7f11d50a3a'. The system cannot find the file specified.
Could not load file or assembly 'System.Runtime, Version=9.0.0.0, Culture=neutral, PublicKeyToken=b03f5f7f11d50a3a'. The system cannot find the file specified.
Could not load file or assembly 'System.Runtime, Version=9.0.0.0, Culture=neutral, PublicKeyToken=b03f5f7f11d50a3a'. The system cannot find the file specified.
Could not load file or assembly 'System.Runtime, Version=9.0.0.0, Culture=neutral, PublicKeyToken=b03f5f7f11d50a3a'. The system cannot find the file specified.
Could not load file or assembly 'System.Runtime, Version=9.0.0.0, Culture=neutral, PublicKeyToken=b03f5f7f11d50a3a'. The system cannot find the file specified.
Could not load file or assembly 'System.Runtime, Version=9.0.0.0, Culture=neutral, PublicKeyToken=b03f5f7f11d50a3a'. The system cannot find the file specified.
Could not load file or assembly 'System.Runtime, Version=9.0.0.0, Culture=neutral, PublicKeyToken=b03f5f7f11d50a3a'. The system cannot find the file specified.
Could not load file or assembly 'System.Runtime, Version=9.0.0.0, Culture=neutral, PublicKeyToken=b03f5f7f11d50a3a'. The system cannot find the file specified.
Could not load file or assembly 'System.Runtime, Version=9.0.0.0, Culture=neutral, PublicKeyToken=b03f5f7f11d50a3a'. The system cannot find the file specified.
Could not load file or assembly 'System.Runtime, Version=9.0.0.0, Culture=neutral, PublicKeyToken=b03f5f7f11d50a3a'. The system cannot find the file specified.
Could not load file or assembly 'System.Runtime, Version=9.0.0.0, Culture=neutral, PublicKeyToken=b03f5f7f11d50a3a'. The system cannot find the file specified.
Could not load file or assembly 'System.Runtime, Version=9.0.0.0, Culture=neutral, PublicKeyToken=b03f5f7f11d50a3a'. The system cannot find the file specified.
Could not load file or assembly 'System.Runtime, Version=9.0.0.0, Culture=neutral, PublicKeyToken=b03f5f7f11d50a3a'. The system cannot find the file specified.
Could not load file or assembly 'System.Runtime, Version=9.0.0.0, Culture=neutral, PublicKeyToken=b03f5f7f11d50a3a'. The system cannot find the file specified.
Could not load file or assembly 'System.Runtime, Version=9.0.0.0, Culture=neutral, PublicKeyToken=b03f5f7f11d50a3a'. The system cannot find the file specified.
Could not load file or assembly 'System.Runtime, Version=9.0.0.0, Culture=neutral, PublicKeyToken=b03f5f7f11d50a3a'. The system cannot find the file specified.
Could not load file or assembly 'System.Runtime, Version=9.0.0.0, Culture=neutral, PublicKeyToken=b03f5f7f11d50a3a'. The system cannot find the file specified.
Could not load file or assembly 'System.Runtime, Version=9.0.0.0, Culture=neutral, PublicKeyToken=b03f5f7f11d50a3a'. The system cannot find the file specified.
Could not load file or assembly 'System.Runtime, Version=9.0.0.0, Culture=neutral, PublicKeyToken=b03f5f7f11d50a3a'. The system cannot find the file specified.
Could not load file or assembly 'System.Runtime, Version=9.0.0.0, Culture=neutral, PublicKeyToken=b03f5f7f11d50a3a'. The system cannot find the file specified.
Could not load file or assembly 'System.Runtime, Version=9.0.0.0, Culture=neutral, PublicKeyToken=b03f5f7f11d50a3a'. The system cannot find the file specified.
Could not load file or assembly 'System.Runtime, Version=9.0.0.0, Culture=neutral, PublicKeyToken=b03f5f7f11d50a3a'. The system cannot find the file specified.
Could not load file or assembly 'System.Runtime, Version=9.0.0.0, Culture=neutral, PublicKeyToken=b03f5f7f11d50a3a'. The system cannot find the file specified.
Could not load file or assembly 'System.Runtime, Version=9.0.0.0, Culture=neutral, PublicKeyToken=b03f5f7f11d50a3a'. The system cannot find the file specified.
Could not load file or assembly 'System.Runtime, Version=9.0.0.0, Culture=neutral, PublicKeyToken=b03f5f7f11d50a3a'. The system cannot find the file specified.
Could not load file or assembly 'System.Runtime, Version=9.0.0.0, Culture=neutral, PublicKeyToken=b03f5f7f11d50a3a'. The system cannot find the file specified.
Could not load file or assembly 'System.Runtime, Version=9.0.0.0, Culture=neutral, PublicKeyToken=b03f5f7f11d50a3a'. The system cannot find the file specified.
Could not load file or assembly 'System.Runtime, Version=9.0.0.0, Culture=neutral, PublicKeyToken=b03f5f7f11d50a3a'. The system cannot find the file specified.
Could not load file or assembly 'System.Runtime, Version=9.0.0.0, Culture=neutral, PublicKeyToken=b03f5f7f11d50a3a'. The system cannot find the file specified.
Could not load file or assembly 'System.Runtime, Version=9.0.0.0, Culture=neutral, PublicKeyToken=b03f5f7f11d50a3a'. The system cannot find the file specified.
Could not load file or assembly 'System.Runtime, Version=9.0.0.0, Culture=neutral, PublicKeyToken=b03f5f7f11d50a3a'. The system cannot find the file specified.
Could not load file or assembly 'System.Runtime, Version=9.0.0.0, Culture=neutral, PublicKeyToken=b03f5f7f11d50a3a'. The system cannot find the file specified.
Could not load file or assembly 'System.Runtime, Version=9.0.0.0, Culture=neutral, PublicKeyToken=b03f5f7f11d50a3a'. The system cannot find the file specified.
Could not load file or assembly 'System.Runtime, Version=9.0.0.0, Culture=neutral, PublicKeyToken=b03f5f7f11d50a3a'. The system cannot find the file specified.
Could not load file or assembly 'System.Runtime, Version=9.0.0.0, Culture=neutral, PublicKeyToken=b03f5f7f11d50a3a'. The system cannot find the file specified.
Could not load file or assembly 'System.Runtime, Version=9.0.0.0, Culture=neutral, PublicKeyToken=b03f5f7f11d50a3a'. The system cannot find the file specified.
Could not load file or assembly 'System.Runtime, Version=9.0.0.0, Culture=neutral, PublicKeyToken=b03f5f7f11d50a3a'. The system cannot find the file specified.
Could not load file or assembly 'System.Runtime, Version=9.0.0.0, Culture=neutral, PublicKeyToken=b03f5f7f11d50a3a'. The system cannot find the file specified.
Could not load file or assembly 'System.Runtime, Version=9.0.0.0, Culture=neutral, PublicKeyToken=b03f5f7f11d50a3a'. The system cannot find the file specified.
Could not load file or assembly 'System.Runtime, Version=9.0.0.0, Culture=neutral, PublicKeyToken=b03f5f7f11d50a3a'. The system cannot find the file specified.
Could not load file or assembly 'System.Runtime, Version=9.0.0.0, Culture=neutral, PublicKeyToken=b03f5f7f11d50a3a'. The system cannot find the file specified.
Could not load file or assembly 'System.Runtime, Version=9.0.0.0, Culture=neutral, PublicKeyToken=b03f5f7f11d50a3a'. The system cannot find the file specified.
Could not load file or assembly 'System.Runtime, Version=9.0.0.0, Culture=neutral, PublicKeyToken=b03f5f7f11d50a3a'. The system cannot find the file specified.
Could not load file or assembly 'System.Runtime, Version=9.0.0.0, Culture=neutral, PublicKeyToken=b03f5f7f11d50a3a'. The system cannot find the file specified.
Could not load file or assembly 'System.Runtime, Version=9.0.0.0, Culture=neutral, PublicKeyToken=b03f5f7f11d50a3a'. The system cannot find the file specified.
Could not load file or assembly 'System.Runtime, Version=9.0.0.0, Culture=neutral, PublicKeyToken=b03f5f7f11d50a3a'. The system cannot find the file specified.
Could not load file or assembly 'System.Runtime, Version=9.0.0.0, Culture=neutral, PublicKeyToken=b03f5f7f11d50a3a'. The system cannot find the file specified.
Could not load file or assembly 'System.Runtime, Version=9.0.0.0, Culture=neutral, PublicKeyToken=b03f5f7f11d50a3a'. The system cannot find the file specified.
Could not load file or assembly 'System.Runtime, Version=9.0.0.0, Culture=neutral, PublicKeyToken=b03f5f7f11d50a3a'. The system cannot find the file specified.
  ----> System.Reflection.ReflectionTypeLoadException : Unable to load one or more of the requested types.
Could not load file or assembly 'System.Runtime, Version=9.0.0.0, Culture=neutral, PublicKeyToken=b03f5f7f11d50a3a'. The system cannot find the file specified.
Could not load file or assembly 'System.Runtime, Version=9.0.0.0, Culture=neutral, PublicKeyToken=b03f5f7f11d50a3a'. The system cannot find the file specified.
Could not load file or assembly 'System.Runtime, Version=9.0.0.0, Culture=neutral, PublicKeyToken=b03f5f7f11d50a3a'. The system cannot find the file specified.
Could not load file or assembly 'System.Runtime, Version=9.0.0.0, Culture=neutral, PublicKeyToken=b03f5f7f11d50a3a'. The system cannot find the file specified.
Could not load file or assembly 'System.Runtime, Version=9.0.0.0, Culture=neutral, PublicKeyToken=b03f5f7f11d50a3a'. The system cannot find the file specified.
Could not load file or assembly 'System.Runtime, Version=9.0.0.0, Culture=neutral, PublicKeyToken=b03f5f7f11d50a3a'. The system cannot find the file specified.
Could not load file or assembly 'System.Runtime, Version=9.0.0.0, Culture=neutral, PublicKeyToken=b03f5f7f11d50a3a'. The system cannot find the file specified.
Could not load file or assembly 'System.Runtime, Version=9.0.0.0, Culture=neutral, PublicKeyToken=b03f5f7f11d50a3a'. The system cannot find the file specified.
Could not load file or assembly 'System.Runtime, Version=9.0.0.0, Culture=neutral, PublicKeyToken=b03f5f7f11d50a3a'. The system cannot find the file specified.
Could not load file or assembly 'System.Runtime, Version=9.0.0.0, Culture=neutral, PublicKeyToken=b03f5f7f11d50a3a'. The system cannot find the file specified.
Could not load file or assembly 'System.Runtime, Version=9.0.0.0, Culture=neutral, PublicKeyToken=b03f5f7f11d50a3a'. The system cannot find the file specified.
Could not load file or assembly 'System.Runtime, Version=9.0.0.0, Culture=neutral, PublicKeyToken=b03f5f7f11d50a3a'. The system cannot find the file specified.
Could not load file or assembly 'System.Runtime, Version=9.0.0.0, Culture=neutral, PublicKeyToken=b03f5f7f11d50a3a'. The system cannot find the file specified.
Could not load file or assembly 'System.Runtime, Version=9.0.0.0, Culture=neutral, PublicKeyToken=b03f5f7f11d50a3a'. The system cannot find the file specified.
Could not load file or assembly 'System.Runtime, Version=9.0.0.0, Culture=neutral, PublicKeyToken=b03f5f7f11d50a3a'. The system cannot find the file specified.
Could not load file or assembly 'System.Runtime, Version=9.0.0.0, Culture=neutral, PublicKeyToken=b03f5f7f11d50a3a'. The system cannot find the file specified.
Could not load file or assembly 'System.Runtime, Version=9.0.0.0, Culture=neutral, PublicKeyToken=b03f5f7f11d50a3a'. The system cannot find the file specified.
Could not load file or assembly 'System.Runtime, Version=9.0.0.0, Culture=neutral, PublicKeyToken=b03f5f7f11d50a3a'. The system cannot find the file specified.
Could not load file or assembly 'System.Runtime, Version=9.0.0.0, Culture=neutral, PublicKeyToken=b03f5f7f11d50a3a'. The system cannot find the file specified.
Could not load file or assembly 'System.Runtime, Version=9.0.0.0, Culture=neutral, PublicKeyToken=b03f5f7f11d50a3a'. The system cannot find the file specified.
Could not load file or assembly 'System.Runtime, Version=9.0.0.0, Culture=neutral, PublicKeyToken=b03f5f7f11d50a3a'. The system cannot find the file specified.
Could not load file or assembly 'System.Runtime, Version=9.0.0.0, Culture=neutral, PublicKeyToken=b03f5f7f11d50a3a'. The system cannot find the file specified.
Could not load file or assembly 'System.Runtime, Version=9.0.0.0, Culture=neutral, PublicKeyToken=b03f5f7f11d50a3a'. The system cannot find the file specified.
Could not load file or assembly 'System.Runtime, Version=9.0.0.0, Culture=neutral, PublicKeyToken=b03f5f7f11d50a3a'. The system cannot find the file specified.
Could not load file or assembly 'System.Runtime, Version=9.0.0.0, Culture=neutral, PublicKeyToken=b03f5f7f11d50a3a'. The system cannot find the file specified.
Could not load file or assembly 'System.Runtime, Version=9.0.0.0, Culture=neutral, PublicKeyToken=b03f5f7f11d50a3a'. The system cannot find the file specified.
Could not load file or assembly 'System.Runtime, Version=9.0.0.0, Culture=neutral, PublicKeyToken=b03f5f7f11d50a3a'. The system cannot find the file specified.
Could not load file or assembly 'System.Runtime, Version=9.0.0.0, Culture=neutral, PublicKeyToken=b03f5f7f11d50a3a'. The system cannot find the file specified.
Could not load file or assembly 'System.Runtime, Version=9.0.0.0, Culture=neutral, PublicKeyToken=b03f5f7f11d50a3a'. The system cannot find the file specified.
Could not load file or assembly 'System.Runtime, Version=9.0.0.0, Culture=neutral, PublicKeyToken=b03f5f7f11d50a3a'. The system cannot find the file specified.
Could not load file or assembly 'System.Runtime, Version=9.0.0.0, Culture=neutral, PublicKeyToken=b03f5f7f11d50a3a'. The system cannot find the file specified.
Could not load file or assembly 'System.Runtime, Version=9.0.0.0, Culture=neutral, PublicKeyToken=b03f5f7f11d50a3a'. The system cannot find the file specified.
Could not load file or assembly 'System.Runtime, Version=9.0.0.0, Culture=neutral, PublicKeyToken=b03f5f7f11d50a3a'. The system cannot find the file specified.
Could not load file or assembly 'System.Runtime, Version=9.0.0.0, Culture=neutral, PublicKeyToken=b03f5f7f11d50a3a'. The system cannot find the file specified.
Could not load file or assembly 'System.Runtime, Version=9.0.0.0, Culture=neutral, PublicKeyToken=b03f5f7f11d50a3a'. The system cannot find the file specified.
Could not load file or assembly 'System.Runtime, Version=9.0.0.0, Culture=neutral, PublicKeyToken=b03f5f7f11d50a3a'. The system cannot find the file specified.
Could not load file or assembly 'System.Runtime, Version=9.0.0.0, Culture=neutral, PublicKeyToken=b03f5f7f11d50a3a'. The system cannot find the file specified.
Could not load file or assembly 'System.Runtime, Version=9.0.0.0, Culture=neutral, PublicKeyToken=b03f5f7f11d50a3a'. The system cannot find the file specified.
Could not load file or assembly 'System.Runtime, Version=9.0.0.0, Culture=neutral, PublicKeyToken=b03f5f7f11d50a3a'. The system cannot find the file specified.
Could not load file or assembly 'System.Runtime, Version=9.0.0.0, Culture=neutral, PublicKeyToken=b03f5f7f11d50a3a'. The system cannot find the file specified.
Could not load file or assembly 'System.Runtime, Version=9.0.0.0, Culture=neutral, PublicKeyToken=b03f5f7f11d50a3a'. The system cannot find the file specified.
Could not load file or assembly 'System.Runtime, Version=9.0.0.0, Culture=neutral, PublicKeyToken=b03f5f7f11d50a3a'. The system cannot find the file specified.
Could not load file or assembly 'System.Runtime, Version=9.0.0.0, Culture=neutral, PublicKeyToken=b03f5f7f11d50a3a'. The system cannot find the file specified.
Could not load file or assembly 'System.Runtime, Version=9.0.0.0, Culture=neutral, PublicKeyToken=b03f5f7f11d50a3a'. The system cannot find the file specified.
Could not load file or assembly 'System.Runtime, Version=9.0.0.0, Culture=neutral, PublicKeyToken=b03f5f7f11d50a3a'. The system cannot find the file specified.
Could not load file or assembly 'System.Runtime, Version=9.0.0.0, Culture=neutral, PublicKeyToken=b03f5f7f11d50a3a'. The system cannot find the file specified.
Could not load file or assembly 'System.Runtime, Version=9.0.0.0, Culture=neutral, PublicKeyToken=b03f5f7f11d50a3a'. The system cannot find the file specified.
Could not load file or assembly 'System.Runtime, Version=9.0.0.0, Culture=neutral, PublicKeyToken=b03f5f7f11d50a3a'. The system cannot find the file specified.
Could not load file or assembly 'System.Runtime, Version=9.0.0.0, Culture=neutral, PublicKeyToken=b03f5f7f11d50a3a'. The system cannot find the file specified.
Could not load file or assembly 'System.Runtime, Version=9.0.0.0, Culture=neutral, PublicKeyToken=b03f5f7f11d50a3a'. The system cannot find the file specified.
Could not load file or assembly 'System.Runtime, Version=9.0.0.0, Culture=neutral, PublicKeyToken=b03f5f7f11d50a3a'. The system cannot find the file specified.
Could not load file or assembly 'System.Runtime, Version=9.0.0.0, Culture=neutral, PublicKeyToken=b03f5f7f11d50a3a'. The system cannot find the file specified.
Could not load file or assembly 'System.Runtime, Version=9.0.0.0, Culture=neutral, PublicKeyToken=b03f5f7f11d50a3a'. The system cannot find the file specified.
Could not load file or assembly 'System.Runtime, Version=9.0.0.0, Culture=neutral, PublicKeyToken=b03f5f7f11d50a3a'. The system cannot find the file specified.
Could not load file or assembly 'System.Runtime, Version=9.0.0.0, Culture=neutral, PublicKeyToken=b03f5f7f11d50a3a'. The system cannot find the file specified.
Could not load file or assembly 'System.Runtime, Version=9.0.0.0, Culture=neutral, PublicKeyToken=b03f5f7f11d50a3a'. The system cannot find the file specified.
Could not load file or assembly 'System.Runtime, Version=9.0.0.0, Culture=neutral, PublicKeyToken=b03f5f7f11d50a3a'. The system cannot find the file specified.
Could not load file or assembly 'System.Runtime, Version=9.0.0.0, Culture=neutral, PublicKeyToken=b03f5f7f11d50a3a'. The system cannot find the file specified.
Could not load file or assembly 'System.Runtime, Version=9.0.0.0, Culture=neutral, PublicKeyToken=b03f5f7f11d50a3a'. The system cannot find the file specified.
Could not load file or assembly 'System.Runtime, Version=9.0.0.0, Culture=neutral, PublicKeyToken=b03f5f7f11d50a3a'. The system cannot find the file specified.
Could not load file or assembly 'System.Runtime, Version=9.0.0.0, Culture=neutral, PublicKeyToken=b03f5f7f11d50a3a'. The system cannot find the file specified.
Could not load file or assembly 'System.Runtime, Version=9.0.0.0, Culture=neutral, PublicKeyToken=b03f5f7f11d50a3a'. The system cannot find the file specified.
Could not load file or assembly 'System.Runtime, Version=9.0.0.0, Culture=neutral, PublicKeyToken=b03f5f7f11d50a3a'. The system cannot find the file specified.
Could not load file or assembly 'System.Runtime, Version=9.0.0.0, Culture=neutral, PublicKeyToken=b03f5f7f11d50a3a'. The system cannot find the file specified.
Could not load file or assembly 'System.Runtime, Version=9.0.0.0, Culture=neutral, PublicKeyToken=b03f5f7f11d50a3a'. The system cannot find the file specified.
Could not load file or assembly 'System.Runtime, Version=9.0.0.0, Culture=neutral, PublicKeyToken=b03f5f7f11d50a3a'. The system cannot find the file specified.
Could not load file or assembly 'System.Runtime, Version=9.0.0.0, Culture=neutral, PublicKeyToken=b03f5f7f11d50a3a'. The system cannot find the file specified.
Could not load file or assembly 'System.Runtime, Version=9.0.0.0, Culture=neutral, PublicKeyToken=b03f5f7f11d50a3a'. The system cannot find the file specified.
Could not load file or assembly 'System.Runtime, Version=9.0.0.0, Culture=neutral, PublicKeyToken=b03f5f7f11d50a3a'. The system cannot find the file specified.
Could not load file or assembly 'System.Runtime, Version=9.0.0.0, Culture=neutral, PublicKeyToken=b03f5f7f11d50a3a'. The system cannot find the file specified.
Could not load file or assembly 'System.Runtime, Version=9.0.0.0, Culture=neutral, PublicKeyToken=b03f5f7f11d50a3a'. The system cannot find the file specified.
Could not load file or assembly 'System.Runtime, Version=9.0.0.0, Culture=neutral, PublicKeyToken=b03f5f7f11d50a3a'. The system cannot find the file specified.
Could not load file or assembly 'System.Runtime, Version=9.0.0.0, Culture=neutral, PublicKeyToken=b03f5f7f11d50a3a'. The system cannot find the file specified.
Could not load file or assembly 'System.Runtime, Version=9.0.0.0, Culture=neutral, PublicKeyToken=b03f5f7f11d50a3a'. The system cannot find the file specified.
Could not load file or assembly 'System.Runtime, Version=9.0.0.0, Culture=neutral, PublicKeyToken=b03f5f7f11d50a3a'. The system cannot find the file specified.
Could not load file or assembly 'System.Runtime, Version=9.0.0.0, Culture=neutral, PublicKeyToken=b03f5f7f11d50a3a'. The system cannot find the file specified.
Could not load file or assembly 'System.Runtime, Version=9.0.0.0, Culture=neutral, PublicKeyToken=b03f5f7f11d50a3a'. The system cannot find the file specified.
  ----> System.Reflection.ReflectionTypeLoadException : Unable to load one or more of the requested types.
Could not load file or assembly 'System.Runtime, Version=9.0.0.0, Culture=neutral, PublicKeyToken=b03f5f7f11d50a3a'. The system cannot find the file specified.
Could not load file or assembly 'System.Runtime, Version=9.0.0.0, Culture=neutral, PublicKeyToken=b03f5f7f11d50a3a'. The system cannot find the file specified.
Could not load file or assembly 'System.Runtime, Version=9.0.0.0, Culture=neutral, PublicKeyToken=b03f5f7f11d50a3a'. The system cannot find the file specified.
Could not load file or assembly 'System.Runtime, Version=9.0.0.0, Culture=neutral, PublicKeyToken=b03f5f7f11d50a3a'. The system cannot find the file specified.
Could not load file or assembly 'System.Runtime, Version=9.0.0.0, Culture=neutral, PublicKeyToken=b03f5f7f11d50a3a'. The system cannot find the file specified.
Could not load file or assembly 'System.Runtime, Version=9.0.0.0, Culture=neutral, PublicKeyToken=b03f5f7f11d50a3a'. The system cannot find the file specified.
Could not load file or assembly 'System.Runtime, Version=9.0.0.0, Culture=neutral, PublicKeyToken=b03f5f7f11d50a3a'. The system cannot find the file specified.
Could not load file or assembly 'System.Runtime, Version=9.0.0.0, Culture=neutral, PublicKeyToken=b03f5f7f11d50a3a'. The system cannot find the file specified.
Could not load file or assembly 'System.Runtime, Version=9.0.0.0, Culture=neutral, PublicKeyToken=b03f5f7f11d50a3a'. The system cannot find the file specified.
Could not load file or assembly 'System.Runtime, Version=9.0.0.0, Culture=neutral, PublicKeyToken=b03f5f7f11d50a3a'. The system cannot find the file specified.
Could not load file or assembly 'System.Runtime, Version=9.0.0.0, Culture=neutral, PublicKeyToken=b03f5f7f11d50a3a'. The system cannot find the file specified.
Could not load file or assembly 'System.Runtime, Version=9.0.0.0, Culture=neutral, PublicKeyToken=b03f5f7f11d50a3a'. The system cannot find the file specified.
Could not load file or assembly 'System.Runtime, Version=9.0.0.0, Culture=neutral, PublicKeyToken=b03f5f7f11d50a3a'. The system cannot find the file specified.
Could not load file or assembly 'System.Runtime, Version=9.0.0.0, Culture=neutral, PublicKeyToken=b03f5f7f11d50a3a'. The system cannot find the file specified.
Could not load file or assembly 'System.Runtime, Version=9.0.0.0, Culture=neutral, PublicKeyToken=b03f5f7f11d50a3a'. The system cannot find the file specified.
Could not load file or assembly 'System.Runtime, Version=9.0.0.0, Culture=neutral, PublicKeyToken=b03f5f7f11d50a3a'. The system cannot find the file specified.
Could not load file or assembly 'System.Runtime, Version=9.0.0.0, Culture=neutral, PublicKeyToken=b03f5f7f11d50a3a'. The system cannot find the file specified.
Could not load file or assembly 'System.Runtime, Version=9.0.0.0, Culture=neutral, PublicKeyToken=b03f5f7f11d50a3a'. The system cannot find the file specified.
Could not load file or assembly 'System.Runtime, Version=9.0.0.0, Culture=neutral, PublicKeyToken=b03f5f7f11d50a3a'. The system cannot find the file specified.
Could not load file or assembly 'System.Runtime, Version=9.0.0.0, Culture=neutral, PublicKeyToken=b03f5f7f11d50a3a'. The system cannot find the file specified.
Could not load file or assembly 'System.Runtime, Version=9.0.0.0, Culture=neutral, PublicKeyToken=b03f5f7f11d50a3a'. The system cannot find the file specified.
Could not load file or assembly 'System.Runtime, Version=9.0.0.0, Culture=neutral, PublicKeyToken=b03f5f7f11d50a3a'. The system cannot find the file specified.
Could not load file or assembly 'System.Runtime, Version=9.0.0.0, Culture=neutral, PublicKeyToken=b03f5f7f11d50a3a'. The system cannot find the file specified.
Could not load file or assembly 'System.Runtime, Version=9.0.0.0, Culture=neutral, PublicKeyToken=b03f5f7f11d50a3a'. The system cannot find the file specified.
Could not load file or assembly 'System.Runtime, Version=9.0.0.0, Culture=neutral, PublicKeyToken=b03f5f7f11d50a3a'. The system cannot find the file specified.
Could not load file or assembly 'System.Runtime, Version=9.0.0.0, Culture=neutral, PublicKeyToken=b03f5f7f11d50a3a'. The system cannot find the file specified.
Could not load file or assembly 'System.Runtime, Version=9.0.0.0, Culture=neutral, PublicKeyToken=b03f5f7f11d50a3a'. The system cannot find the file specified.
Could not load file or assembly 'System.Runtime, Version=9.0.0.0, Culture=neutral, PublicKeyToken=b03f5f7f11d50a3a'. The system cannot find the file specified.
Could not load file or assembly 'System.Runtime, Version=9.0.0.0, Culture=neutral, PublicKeyToken=b03f5f7f11d50a3a'. The system cannot find the file specified.
Could not load file or assembly 'System.Runtime, Version=9.0.0.0, Culture=neutral, PublicKeyToken=b03f5f7f11d50a3a'. The system cannot find the file specified.
Could not load file or assembly 'System.Runtime, Version=9.0.0.0, Culture=neutral, PublicKeyToken=b03f5f7f11d50a3a'. The system cannot find the file specified.
Could not load file or assembly 'System.Runtime, Version=9.0.0.0, Culture=neutral, PublicKeyToken=b03f5f7f11d50a3a'. The system cannot find the file specified.
Could not load file or assembly 'System.Runtime, Version=9.0.0.0, Culture=neutral, PublicKeyToken=b03f5f7f11d50a3a'. The system cannot find the file specified.
Could not load file or assembly 'System.Runtime, Version=9.0.0.0, Culture=neutral, PublicKeyToken=b03f5f7f11d50a3a'. The system cannot find the file specified.
Could not load file or assembly 'System.Runtime, Version=9.0.0.0, Culture=neutral, PublicKeyToken=b03f5f7f11d50a3a'. The system cannot find the file specified.
Could not load file or assembly 'System.Runtime, Version=9.0.0.0, Culture=neutral, PublicKeyToken=b03f5f7f11d50a3a'. The system cannot find the file specified.
Could not load file or assembly 'System.Runtime, Version=9.0.0.0, Culture=neutral, PublicKeyToken=b03f5f7f11d50a3a'. The system cannot find the file specified.
Could not load file or assembly 'System.Runtime, Version=9.0.0.0, Culture=neutral, PublicKeyToken=b03f5f7f11d50a3a'. The system cannot find the file specified.
Could not load file or assembly 'System.Runtime, Version=9.0.0.0, Culture=neutral, PublicKeyToken=b03f5f7f11d50a3a'. The system cannot find the file specified.
Could not load file or assembly 'System.Runtime, Version=9.0.0.0, Culture=neutral, PublicKeyToken=b03f5f7f11d50a3a'. The system cannot find the file specified.
Could not load file or assembly 'System.Runtime, Version=9.0.0.0, Culture=neutral, PublicKeyToken=b03f5f7f11d50a3a'. The system cannot find the file specified.
Could not load file or assembly 'System.Runtime, Version=9.0.0.0, Culture=neutral, PublicKeyToken=b03f5f7f11d50a3a'. The system cannot find the file specified.
Could not load file or assembly 'System.Runtime, Version=9.0.0.0, Culture=neutral, PublicKeyToken=b03f5f7f11d50a3a'. The system cannot find the file specified.
Could not load file or assembly 'System.Runtime, Version=9.0.0.0, Culture=neutral, PublicKeyToken=b03f5f7f11d50a3a'. The system cannot find the file specified.
Could not load file or assembly 'System.Runtime, Version=9.0.0.0, Culture=neutral, PublicKeyToken=b03f5f7f11d50a3a'. The system cannot find the file specified.
Could not load file or assembly 'System.Runtime, Version=9.0.0.0, Culture=neutral, PublicKeyToken=b03f5f7f11d50a3a'. The system cannot find the file specified.
Could not load file or assembly 'System.Runtime, Version=9.0.0.0, Culture=neutral, PublicKeyToken=b03f5f7f11d50a3a'. The system cannot find the file specified.
Could not load file or assembly 'System.Runtime, Version=9.0.0.0, Culture=neutral, PublicKeyToken=b03f5f7f11d50a3a'. The system cannot find the file specified.
Could not load file or assembly 'System.Runtime, Version=9.0.0.0, Culture=neutral, PublicKeyToken=b03f5f7f11d50a3a'. The system cannot find the file specified.
Could not load file or assembly 'System.Runtime, Version=9.0.0.0, Culture=neutral, PublicKeyToken=b03f5f7f11d50a3a'. The system cannot find the file specified.
Could not load file or assembly 'System.Runtime, Version=9.0.0.0, Culture=neutral, PublicKeyToken=b03f5f7f11d50a3a'. The system cannot find the file specified.
Could not load file or assembly 'System.Runtime, Version=9.0.0.0, Culture=neutral, PublicKeyToken=b03f5f7f11d50a3a'. The system cannot find the file specified.
Could not load file or assembly 'System.Runtime, Version=9.0.0.0, Culture=neutral, PublicKeyToken=b03f5f7f11d50a3a'. The system cannot find the file specified.
Could not load file or assembly 'System.Runtime, Version=9.0.0.0, Culture=neutral, PublicKeyToken=b03f5f7f11d50a3a'. The system cannot find the file specified.
Could not load file or assembly 'System.Runtime, Version=9.0.0.0, Culture=neutral, PublicKeyToken=b03f5f7f11d50a3a'. The system cannot find the file specified.
Could not load file or assembly 'System.Runtime, Version=9.0.0.0, Culture=neutral, PublicKeyToken=b03f5f7f11d50a3a'. The system cannot find the file specified.
Could not load file or assembly 'System.Runtime, Version=9.0.0.0, Culture=neutral, PublicKeyToken=b03f5f7f11d50a3a'. The system cannot find the file specified.
Could not load file or assembly 'System.Runtime, Version=9.0.0.0, Culture=neutral, PublicKeyToken=b03f5f7f11d50a3a'. The system cannot find the file specified.
Could not load file or assembly 'System.Runtime, Version=9.0.0.0, Culture=neutral, PublicKeyToken=b03f5f7f11d50a3a'. The system cannot find the file specified.
Could not load file or assembly 'System.Runtime, Version=9.0.0.0, Culture=neutral, PublicKeyToken=b03f5f7f11d50a3a'. The system cannot find the file specified.
Could not load file or assembly 'System.Runtime, Version=9.0.0.0, Culture=neutral, PublicKeyToken=b03f5f7f11d50a3a'. The system cannot find the file specified.
Could not load file or assembly 'System.Runtime, Version=9.0.0.0, Culture=neutral, PublicKeyToken=b03f5f7f11d50a3a'. The system cannot find the file specified.
Could not load file or assembly 'System.Runtime, Version=9.0.0.0, Culture=neutral, PublicKeyToken=b03f5f7f11d50a3a'. The system cannot find the file specified.
Could not load file or assembly 'System.Runtime, Version=9.0.0.0, Culture=neutral, PublicKeyToken=b03f5f7f11d50a3a'. The system cannot find the file specified.
Could not load file or assembly 'System.Runtime, Version=9.0.0.0, Culture=neutral, PublicKeyToken=b03f5f7f11d50a3a'. The system cannot find the file specified.
Could not load file or assembly 'System.Runtime, Version=9.0.0.0, Culture=neutral, PublicKeyToken=b03f5f7f11d50a3a'. The system cannot find the file specified.
Could not load file or assembly 'System.Runtime, Version=9.0.0.0, Culture=neutral, PublicKeyToken=b03f5f7f11d50a3a'. The system cannot find the file specified.
Could not load file or assembly 'System.Runtime, Version=9.0.0.0, Culture=neutral, PublicKeyToken=b03f5f7f11d50a3a'. The system cannot find the file specified.
Could not load file or assembly 'System.Runtime, Version=9.0.0.0, Culture=neutral, PublicKeyToken=b03f5f7f11d50a3a'. The system cannot find the file specified.
Could not load file or assembly 'System.Runtime, Version=9.0.0.0, Culture=neutral, PublicKeyToken=b03f5f7f11d50a3a'. The system cannot find the file specified.
Could not load file or assembly 'System.Runtime, Version=9.0.0.0, Culture=neutral, PublicKeyToken=b03f5f7f11d50a3a'. The system cannot find the file specified.
Could not load file or assembly 'System.Runtime, Version=9.0.0.0, Culture=neutral, PublicKeyToken=b03f5f7f11d50a3a'. The system cannot find the file specified.
Could not load file or assembly 'System.Runtime, Version=9.0.0.0, Culture=neutral, PublicKeyToken=b03f5f7f11d50a3a'. The system cannot find the file specified.
Could not load file or assembly 'System.Runtime, Version=9.0.0.0, Culture=neutral, PublicKeyToken=b03f5f7f11d50a3a'. The system cannot find the file specified.
Could not load file or assembly 'System.Runtime, Version=9.0.0.0, Culture=neutral, PublicKeyToken=b03f5f7f11d50a3a'. The system cannot find the file specified.
Could not load file or assembly 'System.Runtime, Version=9.0.0.0, Culture=neutral, PublicKeyToken=b03f5f7f11d50a3a'. The system cannot find the file specified.
Could not load file or assembly 'System.Runtime, Version=9.0.0.0, Culture=neutral, PublicKeyToken=b03f5f7f11d50a3a'. The system cannot find the file specified.
  ----> System.Reflection.ReflectionTypeLoadException : Unable to load one or more of the requested types.
Could not load file or assembly 'System.Runtime, Version=9.0.0.0, Culture=neutral, PublicKeyToken=b03f5f7f11d50a3a'. The system cannot find the file specified.
Could not load file or assembly 'System.Runtime, Version=9.0.0.0, Culture=neutral, PublicKeyToken=b03f5f7f11d50a3a'. The system cannot find the file specified.
Could not load file or assembly 'System.Runtime, Version=9.0.0.0, Culture=neutral, PublicKeyToken=b03f5f7f11d50a3a'. The system cannot find the file specified.
Could not load file or assembly 'System.Runtime, Version=9.0.0.0, Culture=neutral, PublicKeyToken=b03f5f7f11d50a3a'. The system cannot find the file specified.
Could not load file or assembly 'System.Runtime, Version=9.0.0.0, Culture=neutral, PublicKeyToken=b03f5f7f11d50a3a'. The system cannot find the file specified.
Could not load file or assembly 'System.Runtime, Version=9.0.0.0, Culture=neutral, PublicKeyToken=b03f5f7f11d50a3a'. The system cannot find the file specified.
Could not load file or assembly 'System.Runtime, Version=9.0.0.0, Culture=neutral, PublicKeyToken=b03f5f7f11d50a3a'. The system cannot find the file specified.
Could not load file or assembly 'System.Runtime, Version=9.0.0.0, Culture=neutral, PublicKeyToken=b03f5f7f11d50a3a'. The system cannot find the file specified.
Could not load file or assembly 'System.Runtime, Version=9.0.0.0, Culture=neutral, PublicKeyToken=b03f5f7f11d50a3a'. The system cannot find the file specified.
Could not load file or assembly 'System.Runtime, Version=9.0.0.0, Culture=neutral, PublicKeyToken=b03f5f7f11d50a3a'. The system cannot find the file specified.
Could not load file or assembly 'System.Runtime, Version=9.0.0.0, Culture=neutral, PublicKeyToken=b03f5f7f11d50a3a'. The system cannot find the file specified.
Could not load file or assembly 'System.Runtime, Version=9.0.0.0, Culture=neutral, PublicKeyToken=b03f5f7f11d50a3a'. The system cannot find the file specified.
Could not load file or assembly 'System.Runtime, Version=9.0.0.0, Culture=neutral, PublicKeyToken=b03f5f7f11d50a3a'. The system cannot find the file specified.
Could not load file or assembly 'System.Runtime, Version=9.0.0.0, Culture=neutral, PublicKeyToken=b03f5f7f11d50a3a'. The system cannot find the file specified.
Could not load file or assembly 'System.Runtime, Version=9.0.0.0, Culture=neutral, PublicKeyToken=b03f5f7f11d50a3a'. The system cannot find the file specified.
Could not load file or assembly 'System.Runtime, Version=9.0.0.0, Culture=neutral, PublicKeyToken=b03f5f7f11d50a3a'. The system cannot find the file specified.
Could not load file or assembly 'System.Runtime, Version=9.0.0.0, Culture=neutral, PublicKeyToken=b03f5f7f11d50a3a'. The system cannot find the file specified.
Could not load file or assembly 'System.Runtime, Version=9.0.0.0, Culture=neutral, PublicKeyToken=b03f5f7f11d50a3a'. The system cannot find the file specified.
Could not load file or assembly 'System.Runtime, Version=9.0.0.0, Culture=neutral, PublicKeyToken=b03f5f7f11d50a3a'. The system cannot find the file specified.
Could not load file or assembly 'System.Runtime, Version=9.0.0.0, Culture=neutral, PublicKeyToken=b03f5f7f11d50a3a'. The system cannot find the file specified.
Could not load file or assembly 'System.Runtime, Version=9.0.0.0, Culture=neutral, PublicKeyToken=b03f5f7f11d50a3a'. The system cannot find the file specified.
Could not load file or assembly 'System.Runtime, Version=9.0.0.0, Culture=neutral, PublicKeyToken=b03f5f7f11d50a3a'. The system cannot find the file specified.
Could not load file or assembly 'System.Runtime, Version=9.0.0.0, Culture=neutral, PublicKeyToken=b03f5f7f11d50a3a'. The system cannot find the file specified.
Could not load file or assembly 'System.Runtime, Version=9.0.0.0, Culture=neutral, PublicKeyToken=b03f5f7f11d50a3a'. The system cannot find the file specified.
Could not load file or assembly 'System.Runtime, Version=9.0.0.0, Culture=neutral, PublicKeyToken=b03f5f7f11d50a3a'. The system cannot find the file specified.
Could not load file or assembly 'System.Runtime, Version=9.0.0.0, Culture=neutral, PublicKeyToken=b03f5f7f11d50a3a'. The system cannot find the file specified.
Could not load file or assembly 'System.Runtime, Version=9.0.0.0, Culture=neutral, PublicKeyToken=b03f5f7f11d50a3a'. The system cannot find the file specified.
Could not load file or assembly 'System.Runtime, Version=9.0.0.0, Culture=neutral, PublicKeyToken=b03f5f7f11d50a3a'. The system cannot find the file specified.
Could not load file or assembly 'System.Runtime, Version=9.0.0.0, Culture=neutral, PublicKeyToken=b03f5f7f11d50a3a'. The system cannot find the file specified.
Could not load file or assembly 'System.Runtime, Version=9.0.0.0, Culture=neutral, PublicKeyToken=b03f5f7f11d50a3a'. The system cannot find the file specified.
Could not load file or assembly 'System.Runtime, Version=9.0.0.0, Culture=neutral, PublicKeyToken=b03f5f7f11d50a3a'. The system cannot find the file specified.
Could not load file or assembly 'System.Runtime, Version=9.0.0.0, Culture=neutral, PublicKeyToken=b03f5f7f11d50a3a'. The system cannot find the file specified.
Could not load file or assembly 'System.Runtime, Version=9.0.0.0, Culture=neutral, PublicKeyToken=b03f5f7f11d50a3a'. The system cannot find the file specified.
Could not load file or assembly 'System.Runtime, Version=9.0.0.0, Culture=neutral, PublicKeyToken=b03f5f7f11d50a3a'. The system cannot find the file specified.
Could not load file or assembly 'System.Runtime, Version=9.0.0.0, Culture=neutral, PublicKeyToken=b03f5f7f11d50a3a'. The system cannot find the file specified.
Could not load file or assembly 'System.Runtime, Version=9.0.0.0, Culture=neutral, PublicKeyToken=b03f5f7f11d50a3a'. The system cannot find the file specified.
Could not load file or assembly 'System.Runtime, Version=9.0.0.0, Culture=neutral, PublicKeyToken=b03f5f7f11d50a3a'. The system cannot find the file specified.
Could not load file or assembly 'System.Runtime, Version=9.0.0.0, Culture=neutral, PublicKeyToken=b03f5f7f11d50a3a'. The system cannot find the file specified.
Could not load file or assembly 'System.Runtime, Version=9.0.0.0, Culture=neutral, PublicKeyToken=b03f5f7f11d50a3a'. The system cannot find the file specified.
Could not load file or assembly 'System.Runtime, Version=9.0.0.0, Culture=neutral, PublicKeyToken=b03f5f7f11d50a3a'. The system cannot find the file specified.
Could not load file or assembly 'System.Runtime, Version=9.0.0.0, Culture=neutral, PublicKeyToken=b03f5f7f11d50a3a'. The system cannot find the file specified.
Could not load file or assembly 'System.Runtime, Version=9.0.0.0, Culture=neutral, PublicKeyToken=b03f5f7f11d50a3a'. The system cannot find the file specified.
Could not load file or assembly 'System.Runtime, Version=9.0.0.0, Culture=neutral, PublicKeyToken=b03f5f7f11d50a3a'. The system cannot find the file specified.
Could not load file or assembly 'System.Runtime, Version=9.0.0.0, Culture=neutral, PublicKeyToken=b03f5f7f11d50a3a'. The system cannot find the file specified.
Could not load file or assembly 'System.Runtime, Version=9.0.0.0, Culture=neutral, PublicKeyToken=b03f5f7f11d50a3a'. The system cannot find the file specified.
Could not load file or assembly 'System.Runtime, Version=9.0.0.0, Culture=neutral, PublicKeyToken=b03f5f7f11d50a3a'. The system cannot find the file specified.
Could not load file or assembly 'System.Runtime, Version=9.0.0.0, Culture=neutral, PublicKeyToken=b03f5f7f11d50a3a'. The system cannot find the file specified.
Could not load file or assembly 'System.Runtime, Version=9.0.0.0, Culture=neutral, PublicKeyToken=b03f5f7f11d50a3a'. The system cannot find the file specified.
Could not load file or assembly 'System.Runtime, Version=9.0.0.0, Culture=neutral, PublicKeyToken=b03f5f7f11d50a3a'. The system cannot find the file specified.
Could not load file or assembly 'System.Runtime, Version=9.0.0.0, Culture=neutral, PublicKeyToken=b03f5f7f11d50a3a'. The system cannot find the file specified.
Could not load file or assembly 'System.Runtime, Version=9.0.0.0, Culture=neutral, PublicKeyToken=b03f5f7f11d50a3a'. The system cannot find the file specified.
Could not load file or assembly 'System.Runtime, Version=9.0.0.0, Culture=neutral, PublicKeyToken=b03f5f7f11d50a3a'. The system cannot find the file specified.
Could not load file or assembly 'System.Runtime, Version=9.0.0.0, Culture=neutral, PublicKeyToken=b03f5f7f11d50a3a'. The system cannot find the file specified.
Could not load file or assembly 'System.Runtime, Version=9.0.0.0, Culture=neutral, PublicKeyToken=b03f5f7f11d50a3a'. The system cannot find the file specified.
Could not load file or assembly 'System.Runtime, Version=9.0.0.0, Culture=neutral, PublicKeyToken=b03f5f7f11d50a3a'. The system cannot find the file specified.
Could not load file or assembly 'System.Runtime, Version=9.0.0.0, Culture=neutral, PublicKeyToken=b03f5f7f11d50a3a'. The system cannot find the file specified.
Could not load file or assembly 'System.Runtime, Version=9.0.0.0, Culture=neutral, PublicKeyToken=b03f5f7f11d50a3a'. The system cannot find the file specified.
Could not load file or assembly 'System.Runtime, Version=9.0.0.0, Culture=neutral, PublicKeyToken=b03f5f7f11d50a3a'. The system cannot find the file specified.
Could not load file or assembly 'System.Runtime, Version=9.0.0.0, Culture=neutral, PublicKeyToken=b03f5f7f11d50a3a'. The system cannot find the file specified.
Could not load file or assembly 'System.Runtime, Version=9.0.0.0, Culture=neutral, PublicKeyToken=b03f5f7f11d50a3a'. The system cannot find the file specified.
Could not load file or assembly 'System.Runtime, Version=9.0.0.0, Culture=neutral, PublicKeyToken=b03f5f7f11d50a3a'. The system cannot find the file specified.
Could not load file or assembly 'System.Runtime, Version=9.0.0.0, Culture=neutral, PublicKeyToken=b03f5f7f11d50a3a'. The system cannot find the file specified.
Could not load file or assembly 'System.Runtime, Version=9.0.0.0, Culture=neutral, PublicKeyToken=b03f5f7f11d50a3a'. The system cannot find the file specified.
Could not load file or assembly 'System.Runtime, Version=9.0.0.0, Culture=neutral, PublicKeyToken=b03f5f7f11d50a3a'. The system cannot find the file specified.
Could not load file or assembly 'System.Runtime, Version=9.0.0.0, Culture=neutral, PublicKeyToken=b03f5f7f11d50a3a'. The system cannot find the file specified.
Could not load file or assembly 'System.Runtime, Version=9.0.0.0, Culture=neutral, PublicKeyToken=b03f5f7f11d50a3a'. The system cannot find the file specified.
Could not load file or assembly 'System.Runtime, Version=9.0.0.0, Culture=neutral, PublicKeyToken=b03f5f7f11d50a3a'. The system cannot find the file specified.
Could not load file or assembly 'System.Runtime, Version=9.0.0.0, Culture=neutral, PublicKeyToken=b03f5f7f11d50a3a'. The system cannot find the file specified.
Could not load file or assembly 'System.Runtime, Version=9.0.0.0, Culture=neutral, PublicKeyToken=b03f5f7f11d50a3a'. The system cannot find the file specified.
Could not load file or assembly 'System.Runtime, Version=9.0.0.0, Culture=neutral, PublicKeyToken=b03f5f7f11d50a3a'. The system cannot find the file specified.
Could not load file or assembly 'System.Runtime, Version=9.0.0.0, Culture=neutral, PublicKeyToken=b03f5f7f11d50a3a'. The system cannot find the file specified.
Could not load file or assembly 'System.Runtime, Version=9.0.0.0, Culture=neutral, PublicKeyToken=b03f5f7f11d50a3a'. The system cannot find the file specified.
Could not load file or assembly 'System.Runtime, Version=9.0.0.0, Culture=neutral, PublicKeyToken=b03f5f7f11d50a3a'. The system cannot find the file specified.
Could not load file or assembly 'System.Runtime, Version=9.0.0.0, Culture=neutral, PublicKeyToken=b03f5f7f11d50a3a'. The system cannot find the file specified.
Could not load file or assembly 'System.Runtime, Version=9.0.0.0, Culture=neutral, PublicKeyToken=b03f5f7f11d50a3a'. The system cannot find the file specified.
Could not load file or assembly 'System.Runtime, Version=9.0.0.0, Culture=neutral, PublicKeyToken=b03f5f7f11d50a3a'. The system cannot find the file specified.
Could not load file or assembly 'System.Runtime, Version=9.0.0.0, Culture=neutral, PublicKeyToken=b03f5f7f11d50a3a'. The system cannot find the file specified.
  ----> System.Reflection.ReflectionTypeLoadException : Unable to load one or more of the requested types.
Could not load file or assembly 'System.Runtime, Version=9.0.0.0, Culture=neutral, PublicKeyToken=b03f5f7f11d50a3a'. The system cannot find the file specified.
Could not load file or assembly 'System.Runtime, Version=9.0.0.0, Culture=neutral, PublicKeyToken=b03f5f7f11d50a3a'. The system cannot find the file specified.
Could not load file or assembly 'System.Runtime, Version=9.0.0.0, Culture=neutral, PublicKeyToken=b03f5f7f11d50a3a'. The system cannot find the file specified.
Could not load file or assembly 'System.Runtime, Version=9.0.0.0, Culture=neutral, PublicKeyToken=b03f5f7f11d50a3a'. The system cannot find the file specified.
Could not load file or assembly 'System.Runtime, Version=9.0.0.0, Culture=neutral, PublicKeyToken=b03f5f7f11d50a3a'. The system cannot find the file specified.
Could not load file or assembly 'System.Runtime, Version=9.0.0.0, Culture=neutral, PublicKeyToken=b03f5f7f11d50a3a'. The system cannot find the file specified.
Could not load file or assembly 'System.Runtime, Version=9.0.0.0, Culture=neutral, PublicKeyToken=b03f5f7f11d50a3a'. The system cannot find the file specified.
Could not load file or assembly 'System.Runtime, Version=9.0.0.0, Culture=neutral, PublicKeyToken=b03f5f7f11d50a3a'. The system cannot find the file specified.
Could not load file or assembly 'System.Runtime, Version=9.0.0.0, Culture=neutral, PublicKeyToken=b03f5f7f11d50a3a'. The system cannot find the file specified.
Could not load file or assembly 'System.Runtime, Version=9.0.0.0, Culture=neutral, PublicKeyToken=b03f5f7f11d50a3a'. The system cannot find the file specified.
Could not load file or assembly 'System.Runtime, Version=9.0.0.0, Culture=neutral, PublicKeyToken=b03f5f7f11d50a3a'. The system cannot find the file specified.
Could not load file or assembly 'System.Runtime, Version=9.0.0.0, Culture=neutral, PublicKeyToken=b03f5f7f11d50a3a'. The system cannot find the file specified.
Could not load file or assembly 'System.Runtime, Version=9.0.0.0, Culture=neutral, PublicKeyToken=b03f5f7f11d50a3a'. The system cannot find the file specified.
Could not load file or assembly 'System.Runtime, Version=9.0.0.0, Culture=neutral, PublicKeyToken=b03f5f7f11d50a3a'. The system cannot find the file specified.
Could not load file or assembly 'System.Runtime, Version=9.0.0.0, Culture=neutral, PublicKeyToken=b03f5f7f11d50a3a'. The system cannot find the file specified.
Could not load file or assembly 'System.Runtime, Version=9.0.0.0, Culture=neutral, PublicKeyToken=b03f5f7f11d50a3a'. The system cannot find the file specified.
Could not load file or assembly 'System.Runtime, Version=9.0.0.0, Culture=neutral, PublicKeyToken=b03f5f7f11d50a3a'. The system cannot find the file specified.
Could not load file or assembly 'System.Runtime, Version=9.0.0.0, Culture=neutral, PublicKeyToken=b03f5f7f11d50a3a'. The system cannot find the file specified.
Could not load file or assembly 'System.Runtime, Version=9.0.0.0, Culture=neutral, PublicKeyToken=b03f5f7f11d50a3a'. The system cannot find the file specified.
Could not load file or assembly 'System.Runtime, Version=9.0.0.0, Culture=neutral, PublicKeyToken=b03f5f7f11d50a3a'. The system cannot find the file specified.
Could not load file or assembly 'System.Runtime, Version=9.0.0.0, Culture=neutral, PublicKeyToken=b03f5f7f11d50a3a'. The system cannot find the file specified.
Could not load file or assembly 'System.Runtime, Version=9.0.0.0, Culture=neutral, PublicKeyToken=b03f5f7f11d50a3a'. The system cannot find the file specified.
Could not load file or assembly 'System.Runtime, Version=9.0.0.0, Culture=neutral, PublicKeyToken=b03f5f7f11d50a3a'. The system cannot find the file specified.
Could not load file or assembly 'System.Runtime, Version=9.0.0.0, Culture=neutral, PublicKeyToken=b03f5f7f11d50a3a'. The system cannot find the file specified.
Could not load file or assembly 'System.Runtime, Version=9.0.0.0, Culture=neutral, PublicKeyToken=b03f5f7f11d50a3a'. The system cannot find the file specified.
Could not load file or assembly 'System.Runtime, Version=9.0.0.0, Culture=neutral, PublicKeyToken=b03f5f7f11d50a3a'. The system cannot find the file specified.
Could not load file or assembly 'System.Runtime, Version=9.0.0.0, Culture=neutral, PublicKeyToken=b03f5f7f11d50a3a'. The system cannot find the file specified.
Could not load file or assembly 'System.Runtime, Version=9.0.0.0, Culture=neutral, PublicKeyToken=b03f5f7f11d50a3a'. The system cannot find the file specified.
Could not load file or assembly 'System.Runtime, Version=9.0.0.0, Culture=neutral, PublicKeyToken=b03f5f7f11d50a3a'. The system cannot find the file specified.
Could not load file or assembly 'System.Runtime, Version=9.0.0.0, Culture=neutral, PublicKeyToken=b03f5f7f11d50a3a'. The system cannot find the file specified.
Could not load file or assembly 'System.Runtime, Version=9.0.0.0, Culture=neutral, PublicKeyToken=b03f5f7f11d50a3a'. The system cannot find the file specified.
Could not load file or assembly 'System.Runtime, Version=9.0.0.0, Culture=neutral, PublicKeyToken=b03f5f7f11d50a3a'. The system cannot find the file specified.
Could not load file or assembly 'System.Runtime, Version=9.0.0.0, Culture=neutral, PublicKeyToken=b03f5f7f11d50a3a'. The system cannot find the file specified.
Could not load file or assembly 'System.Runtime, Version=9.0.0.0, Culture=neutral, PublicKeyToken=b03f5f7f11d50a3a'. The system cannot find the file specified.
Could not load file or assembly 'System.Runtime, Version=9.0.0.0, Culture=neutral, PublicKeyToken=b03f5f7f11d50a3a'. The system cannot find the file specified.
Could not load file or assembly 'System.Runtime, Version=9.0.0.0, Culture=neutral, PublicKeyToken=b03f5f7f11d50a3a'. The system cannot find the file specified.
Could not load file or assembly 'System.Runtime, Version=9.0.0.0, Culture=neutral, PublicKeyToken=b03f5f7f11d50a3a'. The system cannot find the file specified.
Could not load file or assembly 'System.Runtime, Version=9.0.0.0, Culture=neutral, PublicKeyToken=b03f5f7f11d50a3a'. The system cannot find the file specified.
Could not load file or assembly 'System.Runtime, Version=9.0.0.0, Culture=neutral, PublicKeyToken=b03f5f7f11d50a3a'. The system cannot find the file specified.
Could not load file or assembly 'System.Runtime, Version=9.0.0.0, Culture=neutral, PublicKeyToken=b03f5f7f11d50a3a'. The system cannot find the file specified.
Could not load file or assembly 'System.Runtime, Version=9.0.0.0, Culture=neutral, PublicKeyToken=b03f5f7f11d50a3a'. The system cannot find the file specified.
Could not load file or assembly 'System.Runtime, Version=9.0.0.0, Culture=neutral, PublicKeyToken=b03f5f7f11d50a3a'. The system cannot find the file specified.
Could not load file or assembly 'System.Runtime, Version=9.0.0.0, Culture=neutral, PublicKeyToken=b03f5f7f11d50a3a'. The system cannot find the file specified.
Could not load file or assembly 'System.Runtime, Version=9.0.0.0, Culture=neutral, PublicKeyToken=b03f5f7f11d50a3a'. The system cannot find the file specified.
Could not load file or assembly 'System.Runtime, Version=9.0.0.0, Culture=neutral, PublicKeyToken=b03f5f7f11d50a3a'. The system cannot find the file specified.
Could not load file or assembly 'System.Runtime, Version=9.0.0.0, Culture=neutral, PublicKeyToken=b03f5f7f11d50a3a'. The system cannot find the file specified.
Could not load file or assembly 'System.Runtime, Version=9.0.0.0, Culture=neutral, PublicKeyToken=b03f5f7f11d50a3a'. The system cannot find the file specified.
Could not load file or assembly 'System.Runtime, Version=9.0.0.0, Culture=neutral, PublicKeyToken=b03f5f7f11d50a3a'. The system cannot find the file specified.
Could not load file or assembly 'System.Runtime, Version=9.0.0.0, Culture=neutral, PublicKeyToken=b03f5f7f11d50a3a'. The system cannot find the file specified.
Could not load file or assembly 'System.Runtime, Version=9.0.0.0, Culture=neutral, PublicKeyToken=b03f5f7f11d50a3a'. The system cannot find the file specified.
Could not load file or assembly 'System.Runtime, Version=9.0.0.0, Culture=neutral, PublicKeyToken=b03f5f7f11d50a3a'. The system cannot find the file specified.
Could not load file or assembly 'System.Runtime, Version=9.0.0.0, Culture=neutral, PublicKeyToken=b03f5f7f11d50a3a'. The system cannot find the file specified.
Could not load file or assembly 'System.Runtime, Version=9.0.0.0, Culture=neutral, PublicKeyToken=b03f5f7f11d50a3a'. The system cannot find the file specified.
Could not load file or assembly 'System.Runtime, Version=9.0.0.0, Culture=neutral, PublicKeyToken=b03f5f7f11d50a3a'. The system cannot find the file specified.
Could not load file or assembly 'System.Runtime, Version=9.0.0.0, Culture=neutral, PublicKeyToken=b03f5f7f11d50a3a'. The system cannot find the file specified.
Could not load file or assembly 'System.Runtime, Version=9.0.0.0, Culture=neutral, PublicKeyToken=b03f5f7f11d50a3a'. The system cannot find the file specified.
Could not load file or assembly 'System.Runtime, Version=9.0.0.0, Culture=neutral, PublicKeyToken=b03f5f7f11d50a3a'. The system cannot find the file specified.
Could not load file or assembly 'System.Runtime, Version=9.0.0.0, Culture=neutral, PublicKeyToken=b03f5f7f11d50a3a'. The system cannot find the file specified.
Could not load file or assembly 'System.Runtime, Version=9.0.0.0, Culture=neutral, PublicKeyToken=b03f5f7f11d50a3a'. The system cannot find the file specified.
Could not load file or assembly 'System.Runtime, Version=9.0.0.0, Culture=neutral, PublicKeyToken=b03f5f7f11d50a3a'. The system cannot find the file specified.
Could not load file or assembly 'System.Runtime, Version=9.0.0.0, Culture=neutral, PublicKeyToken=b03f5f7f11d50a3a'. The system cannot find the file specified.
Could not load file or assembly 'System.Runtime, Version=9.0.0.0, Culture=neutral, PublicKeyToken=b03f5f7f11d50a3a'. The system cannot find the file specified.
Could not load file or assembly 'System.Runtime, Version=9.0.0.0, Culture=neutral, PublicKeyToken=b03f5f7f11d50a3a'. The system cannot find the file specified.
Could not load file or assembly 'System.Runtime, Version=9.0.0.0, Culture=neutral, PublicKeyToken=b03f5f7f11d50a3a'. The system cannot find the file specified.
Could not load file or assembly 'System.Runtime, Version=9.0.0.0, Culture=neutral, PublicKeyToken=b03f5f7f11d50a3a'. The system cannot find the file specified.
Could not load file or assembly 'System.Runtime, Version=9.0.0.0, Culture=neutral, PublicKeyToken=b03f5f7f11d50a3a'. The system cannot find the file specified.
Could not load file or assembly 'System.Runtime, Version=9.0.0.0, Culture=neutral, PublicKeyToken=b03f5f7f11d50a3a'. The system cannot find the file specified.
Could not load file or assembly 'System.Runtime, Version=9.0.0.0, Culture=neutral, PublicKeyToken=b03f5f7f11d50a3a'. The system cannot find the file specified.
Could not load file or assembly 'System.Runtime, Version=9.0.0.0, Culture=neutral, PublicKeyToken=b03f5f7f11d50a3a'. The system cannot find the file specified.
Could not load file or assembly 'System.Runtime, Version=9.0.0.0, Culture=neutral, PublicKeyToken=b03f5f7f11d50a3a'. The system cannot find the file specified.
Could not load file or assembly 'System.Runtime, Version=9.0.0.0, Culture=neutral, PublicKeyToken=b03f5f7f11d50a3a'. The system cannot find the file specified.
Could not load file or assembly 'System.Runtime, Version=9.0.0.0, Culture=neutral, PublicKeyToken=b03f5f7f11d50a3a'. The system cannot find the file specified.
Could not load file or assembly 'System.Runtime, Version=9.0.0.0, Culture=neutral, PublicKeyToken=b03f5f7f11d50a3a'. The system cannot find the file specified.
Could not load file or assembly 'System.Runtime, Version=9.0.0.0, Culture=neutral, PublicKeyToken=b03f5f7f11d50a3a'. The system cannot find the file specified.
Could not load file or assembly 'System.Runtime, Version=9.0.0.0, Culture=neutral, PublicKeyToken=b03f5f7f11d50a3a'. The system cannot find the file specified.
Could not load file or assembly 'System.Runtime, Version=9.0.0.0, Culture=neutral, PublicKeyToken=b03f5f7f11d50a3a'. The system cannot find the file specified.
Could not load file or assembly 'System.Runtime, Version=9.0.0.0, Culture=neutral, PublicKeyToken=b03f5f7f11d50a3a'. The system cannot find the file specified.
  ----> System.Reflection.ReflectionTypeLoadException : Unable to load one or more of the requested types.
Could not load file or assembly 'System.Runtime, Version=9.0.0.0, Culture=neutral, PublicKeyToken=b03f5f7f11d50a3a'. The system cannot find the file specified.
Could not load file or assembly 'System.Runtime, Version=9.0.0.0, Culture=neutral, PublicKeyToken=b03f5f7f11d50a3a'. The system cannot find the file specified.
Could not load file or assembly 'System.Runtime, Version=9.0.0.0, Culture=neutral, PublicKeyToken=b03f5f7f11d50a3a'. The system cannot find the file specified.
Could not load file or assembly 'System.Runtime, Version=9.0.0.0, Culture=neutral, PublicKeyToken=b03f5f7f11d50a3a'. The system cannot find the file specified.
Could not load file or assembly 'System.Runtime, Version=9.0.0.0, Culture=neutral, PublicKeyToken=b03f5f7f11d50a3a'. The system cannot find the file specified.
Could not load file or assembly 'System.Runtime, Version=9.0.0.0, Culture=neutral, PublicKeyToken=b03f5f7f11d50a3a'. The system cannot find the file specified.
Could not load file or assembly 'System.Runtime, Version=9.0.0.0, Culture=neutral, PublicKeyToken=b03f5f7f11d50a3a'. The system cannot find the file specified.
Could not load file or assembly 'System.Runtime, Version=9.0.0.0, Culture=neutral, PublicKeyToken=b03f5f7f11d50a3a'. The system cannot find the file specified.
Could not load file or assembly 'System.Runtime, Version=9.0.0.0, Culture=neutral, PublicKeyToken=b03f5f7f11d50a3a'. The system cannot find the file specified.
Could not load file or assembly 'System.Runtime, Version=9.0.0.0, Culture=neutral, PublicKeyToken=b03f5f7f11d50a3a'. The system cannot find the file specified.
Could not load file or assembly 'System.Runtime, Version=9.0.0.0, Culture=neutral, PublicKeyToken=b03f5f7f11d50a3a'. The system cannot find the file specified.
Could not load file or assembly 'System.Runtime, Version=9.0.0.0, Culture=neutral, PublicKeyToken=b03f5f7f11d50a3a'. The system cannot find the file specified.
Could not load file or assembly 'System.Runtime, Version=9.0.0.0, Culture=neutral, PublicKeyToken=b03f5f7f11d50a3a'. The system cannot find the file specified.
Could not load file or assembly 'System.Runtime, Version=9.0.0.0, Culture=neutral, PublicKeyToken=b03f5f7f11d50a3a'. The system cannot find the file specified.
Could not load file or assembly 'System.Runtime, Version=9.0.0.0, Culture=neutral, PublicKeyToken=b03f5f7f11d50a3a'. The system cannot find the file specified.
Could not load file or assembly 'System.Runtime, Version=9.0.0.0, Culture=neutral, PublicKeyToken=b03f5f7f11d50a3a'. The system cannot find the file specified.
Could not load file or assembly 'System.Runtime, Version=9.0.0.0, Culture=neutral, PublicKeyToken=b03f5f7f11d50a3a'. The system cannot find the file specified.
Could not load file or assembly 'System.Runtime, Version=9.0.0.0, Culture=neutral, PublicKeyToken=b03f5f7f11d50a3a'. The system cannot find the file specified.
Could not load file or assembly 'System.Runtime, Version=9.0.0.0, Culture=neutral, PublicKeyToken=b03f5f7f11d50a3a'. The system cannot find the file specified.
Could not load file or assembly 'System.Runtime, Version=9.0.0.0, Culture=neutral, PublicKeyToken=b03f5f7f11d50a3a'. The system cannot find the file specified.
Could not load file or assembly 'System.Runtime, Version=9.0.0.0, Culture=neutral, PublicKeyToken=b03f5f7f11d50a3a'. The system cannot find the file specified.
Could not load file or assembly 'System.Runtime, Version=9.0.0.0, Culture=neutral, PublicKeyToken=b03f5f7f11d50a3a'. The system cannot find the file specified.
Could not load file or assembly 'System.Runtime, Version=9.0.0.0, Culture=neutral, PublicKeyToken=b03f5f7f11d50a3a'. The system cannot find the file specified.
Could not load file or assembly 'System.Runtime, Version=9.0.0.0, Culture=neutral, PublicKeyToken=b03f5f7f11d50a3a'. The system cannot find the file specified.
Could not load file or assembly 'System.Runtime, Version=9.0.0.0, Culture=neutral, PublicKeyToken=b03f5f7f11d50a3a'. The system cannot find the file specified.
Could not load file or assembly 'System.Runtime, Version=9.0.0.0, Culture=neutral, PublicKeyToken=b03f5f7f11d50a3a'. The system cannot find the file specified.
Could not load file or assembly 'System.Runtime, Version=9.0.0.0, Culture=neutral, PublicKeyToken=b03f5f7f11d50a3a'. The system cannot find the file specified.
Could not load file or assembly 'System.Runtime, Version=9.0.0.0, Culture=neutral, PublicKeyToken=b03f5f7f11d50a3a'. The system cannot find the file specified.
Could not load file or assembly 'System.Runtime, Version=9.0.0.0, Culture=neutral, PublicKeyToken=b03f5f7f11d50a3a'. The system cannot find the file specified.
Could not load file or assembly 'System.Runtime, Version=9.0.0.0, Culture=neutral, PublicKeyToken=b03f5f7f11d50a3a'. The system cannot find the file specified.
Could not load file or assembly 'System.Runtime, Version=9.0.0.0, Culture=neutral, PublicKeyToken=b03f5f7f11d50a3a'. The system cannot find the file specified.
Could not load file or assembly 'System.Runtime, Version=9.0.0.0, Culture=neutral, PublicKeyToken=b03f5f7f11d50a3a'. The system cannot find the file specified.
Could not load file or assembly 'System.Runtime, Version=9.0.0.0, Culture=neutral, PublicKeyToken=b03f5f7f11d50a3a'. The system cannot find the file specified.
Could not load file or assembly 'System.Runtime, Version=9.0.0.0, Culture=neutral, PublicKeyToken=b03f5f7f11d50a3a'. The system cannot find the file specified.
Could not load file or assembly 'System.Runtime, Version=9.0.0.0, Culture=neutral, PublicKeyToken=b03f5f7f11d50a3a'. The system cannot find the file specified.
Could not load file or assembly 'System.Runtime, Version=9.0.0.0, Culture=neutral, PublicKeyToken=b03f5f7f11d50a3a'. The system cannot find the file specified.
Could not load file or assembly 'System.Runtime, Version=9.0.0.0, Culture=neutral, PublicKeyToken=b03f5f7f11d50a3a'. The system cannot find the file specified.
Could not load file or assembly 'System.Runtime, Version=9.0.0.0, Culture=neutral, PublicKeyToken=b03f5f7f11d50a3a'. The system cannot find the file specified.
Could not load file or assembly 'System.Runtime, Version=9.0.0.0, Culture=neutral, PublicKeyToken=b03f5f7f11d50a3a'. The system cannot find the file specified.
Could not load file or assembly 'System.Runtime, Version=9.0.0.0, Culture=neutral, PublicKeyToken=b03f5f7f11d50a3a'. The system cannot find the file specified.
Could not load file or assembly 'System.Runtime, Version=9.0.0.0, Culture=neutral, PublicKeyToken=b03f5f7f11d50a3a'. The system cannot find the file specified.
Could not load file or assembly 'System.Runtime, Version=9.0.0.0, Culture=neutral, PublicKeyToken=b03f5f7f11d50a3a'. The system cannot find the file specified.
Could not load file or assembly 'System.Runtime, Version=9.0.0.0, Culture=neutral, PublicKeyToken=b03f5f7f11d50a3a'. The system cannot find the file specified.
Could not load file or assembly 'System.Runtime, Version=9.0.0.0, Culture=neutral, PublicKeyToken=b03f5f7f11d50a3a'. The system cannot find the file specified.
Could not load file or assembly 'System.Runtime, Version=9.0.0.0, Culture=neutral, PublicKeyToken=b03f5f7f11d50a3a'. The system cannot find the file specified.
Could not load file or assembly 'System.Runtime, Version=9.0.0.0, Culture=neutral, PublicKeyToken=b03f5f7f11d50a3a'. The system cannot find the file specified.
Could not load file or assembly 'System.Runtime, Version=9.0.0.0, Culture=neutral, PublicKeyToken=b03f5f7f11d50a3a'. The system cannot find the file specified.
Could not load file or assembly 'System.Runtime, Version=9.0.0.0, Culture=neutral, PublicKeyToken=b03f5f7f11d50a3a'. The system cannot find the file specified.
Could not load file or assembly 'System.Runtime, Version=9.0.0.0, Culture=neutral, PublicKeyToken=b03f5f7f11d50a3a'. The system cannot find the file specified.
Could not load file or assembly 'System.Runtime, Version=9.0.0.0, Culture=neutral, PublicKeyToken=b03f5f7f11d50a3a'. The system cannot find the file specified.
Could not load file or assembly 'System.Runtime, Version=9.0.0.0, Culture=neutral, PublicKeyToken=b03f5f7f11d50a3a'. The system cannot find the file specified.
Could not load file or assembly 'System.Runtime, Version=9.0.0.0, Culture=neutral, PublicKeyToken=b03f5f7f11d50a3a'. The system cannot find the file specified.
Could not load file or assembly 'System.Runtime, Version=9.0.0.0, Culture=neutral, PublicKeyToken=b03f5f7f11d50a3a'. The system cannot find the file specified.
Could not load file or assembly 'System.Runtime, Version=9.0.0.0, Culture=neutral, PublicKeyToken=b03f5f7f11d50a3a'. The system cannot find the file specified.
Could not load file or assembly 'System.Runtime, Version=9.0.0.0, Culture=neutral, PublicKeyToken=b03f5f7f11d50a3a'. The system cannot find the file specified.
Could not load file or assembly 'System.Runtime, Version=9.0.0.0, Culture=neutral, PublicKeyToken=b03f5f7f11d50a3a'. The system cannot find the file specified.
Could not load file or assembly 'System.Runtime, Version=9.0.0.0, Culture=neutral, PublicKeyToken=b03f5f7f11d50a3a'. The system cannot find the file specified.
Could not load file or assembly 'System.Runtime, Version=9.0.0.0, Culture=neutral, PublicKeyToken=b03f5f7f11d50a3a'. The system cannot find the file specified.
Could not load file or assembly 'System.Runtime, Version=9.0.0.0, Culture=neutral, PublicKeyToken=b03f5f7f11d50a3a'. The system cannot find the file specified.
Could not load file or assembly 'System.Runtime, Version=9.0.0.0, Culture=neutral, PublicKeyToken=b03f5f7f11d50a3a'. The system cannot find the file specified.
Could not load file or assembly 'System.Runtime, Version=9.0.0.0, Culture=neutral, PublicKeyToken=b03f5f7f11d50a3a'. The system cannot find the file specified.
Could not load file or assembly 'System.Runtime, Version=9.0.0.0, Culture=neutral, PublicKeyToken=b03f5f7f11d50a3a'. The system cannot find the file specified.
Could not load file or assembly 'System.Runtime, Version=9.0.0.0, Culture=neutral, PublicKeyToken=b03f5f7f11d50a3a'. The system cannot find the file specified.
Could not load file or assembly 'System.Runtime, Version=9.0.0.0, Culture=neutral, PublicKeyToken=b03f5f7f11d50a3a'. The system cannot find the file specified.
Could not load file or assembly 'System.Runtime, Version=9.0.0.0, Culture=neutral, PublicKeyToken=b03f5f7f11d50a3a'. The system cannot find the file specified.
Could not load file or assembly 'System.Runtime, Version=9.0.0.0, Culture=neutral, PublicKeyToken=b03f5f7f11d50a3a'. The system cannot find the file specified.
Could not load file or assembly 'System.Runtime, Version=9.0.0.0, Culture=neutral, PublicKeyToken=b03f5f7f11d50a3a'. The system cannot find the file specified.
Could not load file or assembly 'System.Runtime, Version=9.0.0.0, Culture=neutral, PublicKeyToken=b03f5f7f11d50a3a'. The system cannot find the file specified.
Could not load file or assembly 'System.Runtime, Version=9.0.0.0, Culture=neutral, PublicKeyToken=b03f5f7f11d50a3a'. The system cannot find the file specified.
Could not load file or assembly 'System.Runtime, Version=9.0.0.0, Culture=neutral, PublicKeyToken=b03f5f7f11d50a3a'. The system cannot find the file specified.
Could not load file or assembly 'System.Runtime, Version=9.0.0.0, Culture=neutral, PublicKeyToken=b03f5f7f11d50a3a'. The system cannot find the file specified.
Could not load file or assembly 'System.Runtime, Version=9.0.0.0, Culture=neutral, PublicKeyToken=b03f5f7f11d50a3a'. The system cannot find the file specified.
Could not load file or assembly 'System.Runtime, Version=9.0.0.0, Culture=neutral, PublicKeyToken=b03f5f7f11d50a3a'. The system cannot find the file specified.
Could not load file or assembly 'System.Runtime, Version=9.0.0.0, Culture=neutral, PublicKeyToken=b03f5f7f11d50a3a'. The system cannot find the file specified.
Could not load file or assembly 'System.Runtime, Version=9.0.0.0, Culture=neutral, PublicKeyToken=b03f5f7f11d50a3a'. The system cannot find the file specified.
Could not load file or assembly 'System.Runtime, Version=9.0.0.0, Culture=neutral, PublicKeyToken=b03f5f7f11d50a3a'. The system cannot find the file specified.
Could not load file or assembly 'System.Runtime, Version=9.0.0.0, Culture=neutral, PublicKeyToken=b03f5f7f11d50a3a'. The system cannot find the file specified.
  ----> System.Reflection.ReflectionTypeLoadException : Unable to load one or more of the requested types.
Could not load file or assembly 'System.Runtime, Version=9.0.0.0, Culture=neutral, PublicKeyToken=b03f5f7f11d50a3a'. The system cannot find the file specified.
Could not load file or assembly 'System.Runtime, Version=9.0.0.0, Culture=neutral, PublicKeyToken=b03f5f7f11d50a3a'. The system cannot find the file specified.
Could not load file or assembly 'System.Runtime, Version=9.0.0.0, Culture=neutral, PublicKeyToken=b03f5f7f11d50a3a'. The system cannot find the file specified.
Could not load file or assembly 'System.Runtime, Version=9.0.0.0, Culture=neutral, PublicKeyToken=b03f5f7f11d50a3a'. The system cannot find the file specified.
Could not load file or assembly 'System.Runtime, Version=9.0.0.0, Culture=neutral, PublicKeyToken=b03f5f7f11d50a3a'. The system cannot find the file specified.
Could not load file or assembly 'System.Runtime, Version=9.0.0.0, Culture=neutral, PublicKeyToken=b03f5f7f11d50a3a'. The system cannot find the file specified.
Could not load file or assembly 'System.Runtime, Version=9.0.0.0, Culture=neutral, PublicKeyToken=b03f5f7f11d50a3a'. The system cannot find the file specified.
Could not load file or assembly 'System.Runtime, Version=9.0.0.0, Culture=neutral, PublicKeyToken=b03f5f7f11d50a3a'. The system cannot find the file specified.
Could not load file or assembly 'System.Runtime, Version=9.0.0.0, Culture=neutral, PublicKeyToken=b03f5f7f11d50a3a'. The system cannot find the file specified.
Could not load file or assembly 'System.Runtime, Version=9.0.0.0, Culture=neutral, PublicKeyToken=b03f5f7f11d50a3a'. The system cannot find the file specified.
Could not load file or assembly 'System.Runtime, Version=9.0.0.0, Culture=neutral, PublicKeyToken=b03f5f7f11d50a3a'. The system cannot find the file specified.
Could not load file or assembly 'System.Runtime, Version=9.0.0.0, Culture=neutral, PublicKeyToken=b03f5f7f11d50a3a'. The system cannot find the file specified.
Could not load file or assembly 'System.Runtime, Version=9.0.0.0, Culture=neutral, PublicKeyToken=b03f5f7f11d50a3a'. The system cannot find the file specified.
Could not load file or assembly 'System.Runtime, Version=9.0.0.0, Culture=neutral, PublicKeyToken=b03f5f7f11d50a3a'. The system cannot find the file specified.
Could not load file or assembly 'System.Runtime, Version=9.0.0.0, Culture=neutral, PublicKeyToken=b03f5f7f11d50a3a'. The system cannot find the file specified.
Could not load file or assembly 'System.Runtime, Version=9.0.0.0, Culture=neutral, PublicKeyToken=b03f5f7f11d50a3a'. The system cannot find the file specified.
Could not load file or assembly 'System.Runtime, Version=9.0.0.0, Culture=neutral, PublicKeyToken=b03f5f7f11d50a3a'. The system cannot find the file specified.
Could not load file or assembly 'System.Runtime, Version=9.0.0.0, Culture=neutral, PublicKeyToken=b03f5f7f11d50a3a'. The system cannot find the file specified.
Could not load file or assembly 'System.Runtime, Version=9.0.0.0, Culture=neutral, PublicKeyToken=b03f5f7f11d50a3a'. The system cannot find the file specified.
Could not load file or assembly 'System.Runtime, Version=9.0.0.0, Culture=neutral, PublicKeyToken=b03f5f7f11d50a3a'. The system cannot find the file specified.
Could not load file or assembly 'System.Runtime, Version=9.0.0.0, Culture=neutral, PublicKeyToken=b03f5f7f11d50a3a'. The system cannot find the file specified.
Could not load file or assembly 'System.Runtime, Version=9.0.0.0, Culture=neutral, PublicKeyToken=b03f5f7f11d50a3a'. The system cannot find the file specified.
Could not load file or assembly 'System.Runtime, Version=9.0.0.0, Culture=neutral, PublicKeyToken=b03f5f7f11d50a3a'. The system cannot find the file specified.
Could not load file or assembly 'System.Runtime, Version=9.0.0.0, Culture=neutral, PublicKeyToken=b03f5f7f11d50a3a'. The system cannot find the file specified.
Could not load file or assembly 'System.Runtime, Version=9.0.0.0, Culture=neutral, PublicKeyToken=b03f5f7f11d50a3a'. The system cannot find the file specified.
Could not load file or assembly 'System.Runtime, Version=9.0.0.0, Culture=neutral, PublicKeyToken=b03f5f7f11d50a3a'. The system cannot find the file specified.
Could not load file or assembly 'System.Runtime, Version=9.0.0.0, Culture=neutral, PublicKeyToken=b03f5f7f11d50a3a'. The system cannot find the file specified.
Could not load file or assembly 'System.Runtime, Version=9.0.0.0, Culture=neutral, PublicKeyToken=b03f5f7f11d50a3a'. The system cannot find the file specified.
Could not load file or assembly 'System.Runtime, Version=9.0.0.0, Culture=neutral, PublicKeyToken=b03f5f7f11d50a3a'. The system cannot find the file specified.
Could not load file or assembly 'System.Runtime, Version=9.0.0.0, Culture=neutral, PublicKeyToken=b03f5f7f11d50a3a'. The system cannot find the file specified.
Could not load file or assembly 'System.Runtime, Version=9.0.0.0, Culture=neutral, PublicKeyToken=b03f5f7f11d50a3a'. The system cannot find the file specified.
Could not load file or assembly 'System.Runtime, Version=9.0.0.0, Culture=neutral, PublicKeyToken=b03f5f7f11d50a3a'. The system cannot find the file specified.
Could not load file or assembly 'System.Runtime, Version=9.0.0.0, Culture=neutral, PublicKeyToken=b03f5f7f11d50a3a'. The system cannot find the file specified.
Could not load file or assembly 'System.Runtime, Version=9.0.0.0, Culture=neutral, PublicKeyToken=b03f5f7f11d50a3a'. The system cannot find the file specified.
Could not load file or assembly 'System.Runtime, Version=9.0.0.0, Culture=neutral, PublicKeyToken=b03f5f7f11d50a3a'. The system cannot find the file specified.
Could not load file or assembly 'System.Runtime, Version=9.0.0.0, Culture=neutral, PublicKeyToken=b03f5f7f11d50a3a'. The system cannot find the file specified.
Could not load file or assembly 'System.Runtime, Version=9.0.0.0, Culture=neutral, PublicKeyToken=b03f5f7f11d50a3a'. The system cannot find the file specified.
Could not load file or assembly 'System.Runtime, Version=9.0.0.0, Culture=neutral, PublicKeyToken=b03f5f7f11d50a3a'. The system cannot find the file specified.
Could not load file or assembly 'System.Runtime, Version=9.0.0.0, Culture=neutral, PublicKeyToken=b03f5f7f11d50a3a'. The system cannot find the file specified.
Could not load file or assembly 'System.Runtime, Version=9.0.0.0, Culture=neutral, PublicKeyToken=b03f5f7f11d50a3a'. The system cannot find the file specified.
Could not load file or assembly 'System.Runtime, Version=9.0.0.0, Culture=neutral, PublicKeyToken=b03f5f7f11d50a3a'. The system cannot find the file specified.
Could not load file or assembly 'System.Runtime, Version=9.0.0.0, Culture=neutral, PublicKeyToken=b03f5f7f11d50a3a'. The system cannot find the file specified.
Could not load file or assembly 'System.Runtime, Version=9.0.0.0, Culture=neutral, PublicKeyToken=b03f5f7f11d50a3a'. The system cannot find the file specified.
Could not load file or assembly 'System.Runtime, Version=9.0.0.0, Culture=neutral, PublicKeyToken=b03f5f7f11d50a3a'. The system cannot find the file specified.
Could not load file or assembly 'System.Runtime, Version=9.0.0.0, Culture=neutral, PublicKeyToken=b03f5f7f11d50a3a'. The system cannot find the file specified.
Could not load file or assembly 'System.Runtime, Version=9.0.0.0, Culture=neutral, PublicKeyToken=b03f5f7f11d50a3a'. The system cannot find the file specified.
Could not load file or assembly 'System.Runtime, Version=9.0.0.0, Culture=neutral, PublicKeyToken=b03f5f7f11d50a3a'. The system cannot find the file specified.
Could not load file or assembly 'System.Runtime, Version=9.0.0.0, Culture=neutral, PublicKeyToken=b03f5f7f11d50a3a'. The system cannot find the file specified.
Could not load file or assembly 'System.Runtime, Version=9.0.0.0, Culture=neutral, PublicKeyToken=b03f5f7f11d50a3a'. The system cannot find the file specified.
Could not load file or assembly 'System.Runtime, Version=9.0.0.0, Culture=neutral, PublicKeyToken=b03f5f7f11d50a3a'. The system cannot find the file specified.
Could not load file or assembly 'System.Runtime, Version=9.0.0.0, Culture=neutral, PublicKeyToken=b03f5f7f11d50a3a'. The system cannot find the file specified.
Could not load file or assembly 'System.Runtime, Version=9.0.0.0, Culture=neutral, PublicKeyToken=b03f5f7f11d50a3a'. The system cannot find the file specified.
Could not load file or assembly 'System.Runtime, Version=9.0.0.0, Culture=neutral, PublicKeyToken=b03f5f7f11d50a3a'. The system cannot find the file specified.
Could not load file or assembly 'System.Runtime, Version=9.0.0.0, Culture=neutral, PublicKeyToken=b03f5f7f11d50a3a'. The system cannot find the file specified.
Could not load file or assembly 'System.Runtime, Version=9.0.0.0, Culture=neutral, PublicKeyToken=b03f5f7f11d50a3a'. The system cannot find the file specified.
Could not load file or assembly 'System.Runtime, Version=9.0.0.0, Culture=neutral, PublicKeyToken=b03f5f7f11d50a3a'. The system cannot find the file specified.
Could not load file or assembly 'System.Runtime, Version=9.0.0.0, Culture=neutral, PublicKeyToken=b03f5f7f11d50a3a'. The system cannot find the file specified.
Could not load file or assembly 'System.Runtime, Version=9.0.0.0, Culture=neutral, PublicKeyToken=b03f5f7f11d50a3a'. The system cannot find the file specified.
Could not load file or assembly 'System.Runtime, Version=9.0.0.0, Culture=neutral, PublicKeyToken=b03f5f7f11d50a3a'. The system cannot find the file specified.
Could not load file or assembly 'System.Runtime, Version=9.0.0.0, Culture=neutral, PublicKeyToken=b03f5f7f11d50a3a'. The system cannot find the file specified.
Could not load file or assembly 'System.Runtime, Version=9.0.0.0, Culture=neutral, PublicKeyToken=b03f5f7f11d50a3a'. The system cannot find the file specified.
Could not load file or assembly 'System.Runtime, Version=9.0.0.0, Culture=neutral, PublicKeyToken=b03f5f7f11d50a3a'. The system cannot find the file specified.
Could not load file or assembly 'System.Runtime, Version=9.0.0.0, Culture=neutral, PublicKeyToken=b03f5f7f11d50a3a'. The system cannot find the file specified.
Could not load file or assembly 'System.Runtime, Version=9.0.0.0, Culture=neutral, PublicKeyToken=b03f5f7f11d50a3a'. The system cannot find the file specified.
Could not load file or assembly 'System.Runtime, Version=9.0.0.0, Culture=neutral, PublicKeyToken=b03f5f7f11d50a3a'. The system cannot find the file specified.
Could not load file or assembly 'System.Runtime, Version=9.0.0.0, Culture=neutral, PublicKeyToken=b03f5f7f11d50a3a'. The system cannot find the file specified.
Could not load file or assembly 'System.Runtime, Version=9.0.0.0, Culture=neutral, PublicKeyToken=b03f5f7f11d50a3a'. The system cannot find the file specified.
Could not load file or assembly 'System.Runtime, Version=9.0.0.0, Culture=neutral, PublicKeyToken=b03f5f7f11d50a3a'. The system cannot find the file specified.
Could not load file or assembly 'System.Runtime, Version=9.0.0.0, Culture=neutral, PublicKeyToken=b03f5f7f11d50a3a'. The system cannot find the file specified.
Could not load file or assembly 'System.Runtime, Version=9.0.0.0, Culture=neutral, PublicKeyToken=b03f5f7f11d50a3a'. The system cannot find the file specified.
Could not load file or assembly 'System.Runtime, Version=9.0.0.0, Culture=neutral, PublicKeyToken=b03f5f7f11d50a3a'. The system cannot find the file specified.
Could not load file or assembly 'System.Runtime, Version=9.0.0.0, Culture=neutral, PublicKeyToken=b03f5f7f11d50a3a'. The system cannot find the file specified.
Could not load file or assembly 'System.Runtime, Version=9.0.0.0, Culture=neutral, PublicKeyToken=b03f5f7f11d50a3a'. The system cannot find the file specified.
Could not load file or assembly 'System.Runtime, Version=9.0.0.0, Culture=neutral, PublicKeyToken=b03f5f7f11d50a3a'. The system cannot find the file specified.
Could not load file or assembly 'System.Runtime, Version=9.0.0.0, Culture=neutral, PublicKeyToken=b03f5f7f11d50a3a'. The system cannot find the file specified.
Could not load file or assembly 'System.Runtime, Version=9.0.0.0, Culture=neutral, PublicKeyToken=b03f5f7f11d50a3a'. The system cannot find the file specified.
Could not load file or assembly 'System.Runtime, Version=9.0.0.0, Culture=neutral, PublicKeyToken=b03f5f7f11d50a3a'. The system cannot find the file specified.
  ----> System.Reflection.ReflectionTypeLoadException : Unable to load one or more of the requested types.
Could not load file or assembly 'System.Runtime, Version=9.0.0.0, Culture=neutral, PublicKeyToken=b03f5f7f11d50a3a'. The system cannot find the file specified.
Could not load file or assembly 'System.Runtime, Version=9.0.0.0, Culture=neutral, PublicKeyToken=b03f5f7f11d50a3a'. The system cannot find the file specified.
Could not load file or assembly 'System.Runtime, Version=9.0.0.0, Culture=neutral, PublicKeyToken=b03f5f7f11d50a3a'. The system cannot find the file specified.
Could not load file or assembly 'System.Runtime, Version=9.0.0.0, Culture=neutral, PublicKeyToken=b03f5f7f11d50a3a'. The system cannot find the file specified.
Could not load file or assembly 'System.Runtime, Version=9.0.0.0, Culture=neutral, PublicKeyToken=b03f5f7f11d50a3a'. The system cannot find the file specified.
Could not load file or assembly 'System.Runtime, Version=9.0.0.0, Culture=neutral, PublicKeyToken=b03f5f7f11d50a3a'. The system cannot find the file specified.
Could not load file or assembly 'System.Runtime, Version=9.0.0.0, Culture=neutral, PublicKeyToken=b03f5f7f11d50a3a'. The system cannot find the file specified.
Could not load file or assembly 'System.Runtime, Version=9.0.0.0, Culture=neutral, PublicKeyToken=b03f5f7f11d50a3a'. The system cannot find the file specified.
Could not load file or assembly 'System.Runtime, Version=9.0.0.0, Culture=neutral, PublicKeyToken=b03f5f7f11d50a3a'. The system cannot find the file specified.
Could not load file or assembly 'System.Runtime, Version=9.0.0.0, Culture=neutral, PublicKeyToken=b03f5f7f11d50a3a'. The system cannot find the file specified.
Could not load file or assembly 'System.Runtime, Version=9.0.0.0, Culture=neutral, PublicKeyToken=b03f5f7f11d50a3a'. The system cannot find the file specified.
Could not load file or assembly 'System.Runtime, Version=9.0.0.0, Culture=neutral, PublicKeyToken=b03f5f7f11d50a3a'. The system cannot find the file specified.
Could not load file or assembly 'System.Runtime, Version=9.0.0.0, Culture=neutral, PublicKeyToken=b03f5f7f11d50a3a'. The system cannot find the file specified.
Could not load file or assembly 'System.Runtime, Version=9.0.0.0, Culture=neutral, PublicKeyToken=b03f5f7f11d50a3a'. The system cannot find the file specified.
Could not load file or assembly 'System.Runtime, Version=9.0.0.0, Culture=neutral, PublicKeyToken=b03f5f7f11d50a3a'. The system cannot find the file specified.
Could not load file or assembly 'System.Runtime, Version=9.0.0.0, Culture=neutral, PublicKeyToken=b03f5f7f11d50a3a'. The system cannot find the file specified.
Could not load file or assembly 'System.Runtime, Version=9.0.0.0, Culture=neutral, PublicKeyToken=b03f5f7f11d50a3a'. The system cannot find the file specified.
Could not load file or assembly 'System.Runtime, Version=9.0.0.0, Culture=neutral, PublicKeyToken=b03f5f7f11d50a3a'. The system cannot find the file specified.
Could not load file or assembly 'System.Runtime, Version=9.0.0.0, Culture=neutral, PublicKeyToken=b03f5f7f11d50a3a'. The system cannot find the file specified.
Could not load file or assembly 'System.Runtime, Version=9.0.0.0, Culture=neutral, PublicKeyToken=b03f5f7f11d50a3a'. The system cannot find the file specified.
Could not load file or assembly 'System.Runtime, Version=9.0.0.0, Culture=neutral, PublicKeyToken=b03f5f7f11d50a3a'. The system cannot find the file specified.
Could not load file or assembly 'System.Runtime, Version=9.0.0.0, Culture=neutral, PublicKeyToken=b03f5f7f11d50a3a'. The system cannot find the file specified.
Could not load file or assembly 'System.Runtime, Version=9.0.0.0, Culture=neutral, PublicKeyToken=b03f5f7f11d50a3a'. The system cannot find the file specified.
Could not load file or assembly 'System.Runtime, Version=9.0.0.0, Culture=neutral, PublicKeyToken=b03f5f7f11d50a3a'. The system cannot find the file specified.
Could not load file or assembly 'System.Runtime, Version=9.0.0.0, Culture=neutral, PublicKeyToken=b03f5f7f11d50a3a'. The system cannot find the file specified.
Could not load file or assembly 'System.Runtime, Version=9.0.0.0, Culture=neutral, PublicKeyToken=b03f5f7f11d50a3a'. The system cannot find the file specified.
Could not load file or assembly 'System.Runtime, Version=9.0.0.0, Culture=neutral, PublicKeyToken=b03f5f7f11d50a3a'. The system cannot find the file specified.
Could not load file or assembly 'System.Runtime, Version=9.0.0.0, Culture=neutral, PublicKeyToken=b03f5f7f11d50a3a'. The system cannot find the file specified.
Could not load file or assembly 'System.Runtime, Version=9.0.0.0, Culture=neutral, PublicKeyToken=b03f5f7f11d50a3a'. The system cannot find the file specified.
Could not load file or assembly 'System.Runtime, Version=9.0.0.0, Culture=neutral, PublicKeyToken=b03f5f7f11d50a3a'. The system cannot find the file specified.
Could not load file or assembly 'System.Runtime, Version=9.0.0.0, Culture=neutral, PublicKeyToken=b03f5f7f11d50a3a'. The system cannot find the file specified.
Could not load file or assembly 'System.Runtime, Version=9.0.0.0, Culture=neutral, PublicKeyToken=b03f5f7f11d50a3a'. The system cannot find the file specified.
Could not load file or assembly 'System.Runtime, Version=9.0.0.0, Culture=neutral, PublicKeyToken=b03f5f7f11d50a3a'. The system cannot find the file specified.
Could not load file or assembly 'System.Runtime, Version=9.0.0.0, Culture=neutral, PublicKeyToken=b03f5f7f11d50a3a'. The system cannot find the file specified.
Could not load file or assembly 'System.Runtime, Version=9.0.0.0, Culture=neutral, PublicKeyToken=b03f5f7f11d50a3a'. The system cannot find the file specified.
Could not load file or assembly 'System.Runtime, Version=9.0.0.0, Culture=neutral, PublicKeyToken=b03f5f7f11d50a3a'. The system cannot find the file specified.
Could not load file or assembly 'System.Runtime, Version=9.0.0.0, Culture=neutral, PublicKeyToken=b03f5f7f11d50a3a'. The system cannot find the file specified.
Could not load file or assembly 'System.Runtime, Version=9.0.0.0, Culture=neutral, PublicKeyToken=b03f5f7f11d50a3a'. The system cannot find the file specified.
Could not load file or assembly 'System.Runtime, Version=9.0.0.0, Culture=neutral, PublicKeyToken=b03f5f7f11d50a3a'. The system cannot find the file specified.
Could not load file or assembly 'System.Runtime, Version=9.0.0.0, Culture=neutral, PublicKeyToken=b03f5f7f11d50a3a'. The system cannot find the file specified.
Could not load file or assembly 'System.Runtime, Version=9.0.0.0, Culture=neutral, PublicKeyToken=b03f5f7f11d50a3a'. The system cannot find the file specified.
Could not load file or assembly 'System.Runtime, Version=9.0.0.0, Culture=neutral, PublicKeyToken=b03f5f7f11d50a3a'. The system cannot find the file specified.
Could not load file or assembly 'System.Runtime, Version=9.0.0.0, Culture=neutral, PublicKeyToken=b03f5f7f11d50a3a'. The system cannot find the file specified.
Could not load file or assembly 'System.Runtime, Version=9.0.0.0, Culture=neutral, PublicKeyToken=b03f5f7f11d50a3a'. The system cannot find the file specified.
Could not load file or assembly 'System.Runtime, Version=9.0.0.0, Culture=neutral, PublicKeyToken=b03f5f7f11d50a3a'. The system cannot find the file specified.
Could not load file or assembly 'System.Runtime, Version=9.0.0.0, Culture=neutral, PublicKeyToken=b03f5f7f11d50a3a'. The system cannot find the file specified.
Could not load file or assembly 'System.Runtime, Version=9.0.0.0, Culture=neutral, PublicKeyToken=b03f5f7f11d50a3a'. The system cannot find the file specified.
Could not load file or assembly 'System.Runtime, Version=9.0.0.0, Culture=neutral, PublicKeyToken=b03f5f7f11d50a3a'. The system cannot find the file specified.
Could not load file or assembly 'System.Runtime, Version=9.0.0.0, Culture=neutral, PublicKeyToken=b03f5f7f11d50a3a'. The system cannot find the file specified.
Could not load file or assembly 'System.Runtime, Version=9.0.0.0, Culture=neutral, PublicKeyToken=b03f5f7f11d50a3a'. The system cannot find the file specified.
Could not load file or assembly 'System.Runtime, Version=9.0.0.0, Culture=neutral, PublicKeyToken=b03f5f7f11d50a3a'. The system cannot find the file specified.
Could not load file or assembly 'System.Runtime, Version=9.0.0.0, Culture=neutral, PublicKeyToken=b03f5f7f11d50a3a'. The system cannot find the file specified.
Could not load file or assembly 'System.Runtime, Version=9.0.0.0, Culture=neutral, PublicKeyToken=b03f5f7f11d50a3a'. The system cannot find the file specified.
Could not load file or assembly 'System.Runtime, Version=9.0.0.0, Culture=neutral, PublicKeyToken=b03f5f7f11d50a3a'. The system cannot find the file specified.
Could not load file or assembly 'System.Runtime, Version=9.0.0.0, Culture=neutral, PublicKeyToken=b03f5f7f11d50a3a'. The system cannot find the file specified.
Could not load file or assembly 'System.Runtime, Version=9.0.0.0, Culture=neutral, PublicKeyToken=b03f5f7f11d50a3a'. The system cannot find the file specified.
Could not load file or assembly 'System.Runtime, Version=9.0.0.0, Culture=neutral, PublicKeyToken=b03f5f7f11d50a3a'. The system cannot find the file specified.
Could not load file or assembly 'System.Runtime, Version=9.0.0.0, Culture=neutral, PublicKeyToken=b03f5f7f11d50a3a'. The system cannot find the file specified.
Could not load file or assembly 'System.Runtime, Version=9.0.0.0, Culture=neutral, PublicKeyToken=b03f5f7f11d50a3a'. The system cannot find the file specified.
Could not load file or assembly 'System.Runtime, Version=9.0.0.0, Culture=neutral, PublicKeyToken=b03f5f7f11d50a3a'. The system cannot find the file specified.
Could not load file or assembly 'System.Runtime, Version=9.0.0.0, Culture=neutral, PublicKeyToken=b03f5f7f11d50a3a'. The system cannot find the file specified.
Could not load file or assembly 'System.Runtime, Version=9.0.0.0, Culture=neutral, PublicKeyToken=b03f5f7f11d50a3a'. The system cannot find the file specified.
Could not load file or assembly 'System.Runtime, Version=9.0.0.0, Culture=neutral, PublicKeyToken=b03f5f7f11d50a3a'. The system cannot find the file specified.
Could not load file or assembly 'System.Runtime, Version=9.0.0.0, Culture=neutral, PublicKeyToken=b03f5f7f11d50a3a'. The system cannot find the file specified.
Could not load file or assembly 'System.Runtime, Version=9.0.0.0, Culture=neutral, PublicKeyToken=b03f5f7f11d50a3a'. The system cannot find the file specified.
Could not load file or assembly 'System.Runtime, Version=9.0.0.0, Culture=neutral, PublicKeyToken=b03f5f7f11d50a3a'. The system cannot find the file specified.
Could not load file or assembly 'System.Runtime, Version=9.0.0.0, Culture=neutral, PublicKeyToken=b03f5f7f11d50a3a'. The system cannot find the file specified.
Could not load file or assembly 'System.Runtime, Version=9.0.0.0, Culture=neutral, PublicKeyToken=b03f5f7f11d50a3a'. The system cannot find the file specified.
Could not load file or assembly 'System.Runtime, Version=9.0.0.0, Culture=neutral, PublicKeyToken=b03f5f7f11d50a3a'. The system cannot find the file specified.
Could not load file or assembly 'System.Runtime, Version=9.0.0.0, Culture=neutral, PublicKeyToken=b03f5f7f11d50a3a'. The system cannot find the file specified.
Could not load file or assembly 'System.Runtime, Version=9.0.0.0, Culture=neutral, PublicKeyToken=b03f5f7f11d50a3a'. The system cannot find the file specified.
Could not load file or assembly 'System.Runtime, Version=9.0.0.0, Culture=neutral, PublicKeyToken=b03f5f7f11d50a3a'. The system cannot find the file specified.
Could not load file or assembly 'System.Runtime, Version=9.0.0.0, Culture=neutral, PublicKeyToken=b03f5f7f11d50a3a'. The system cannot find the file specified.
Could not load file or assembly 'System.Runtime, Version=9.0.0.0, Culture=neutral, PublicKeyToken=b03f5f7f11d50a3a'. The system cannot find the file specified.
Could not load file or assembly 'System.Runtime, Version=9.0.0.0, Culture=neutral, PublicKeyToken=b03f5f7f11d50a3a'. The system cannot find the file specified.
Could not load file or assembly 'System.Runtime, Version=9.0.0.0, Culture=neutral, PublicKeyToken=b03f5f7f11d50a3a'. The system cannot find the file specified.
Could not load file or assembly 'System.Runtime, Version=9.0.0.0, Culture=neutral, PublicKeyToken=b03f5f7f11d50a3a'. The system cannot find the file specified.
  ----> System.Reflection.ReflectionTypeLoadException : Unable to load one or more of the requested types.
Could not load file or assembly 'System.Runtime, Version=9.0.0.0, Culture=neutral, PublicKeyToken=b03f5f7f11d50a3a'. The system cannot find the file specified.
Could not load file or assembly 'System.Runtime, Version=9.0.0.0, Culture=neutral, PublicKeyToken=b03f5f7f11d50a3a'. The system cannot find the file specified.
Could not load file or assembly 'System.Runtime, Version=9.0.0.0, Culture=neutral, PublicKeyToken=b03f5f7f11d50a3a'. The system cannot find the file specified.
Could not load file or assembly 'System.Runtime, Version=9.0.0.0, Culture=neutral, PublicKeyToken=b03f5f7f11d50a3a'. The system cannot find the file specified.
Could not load file or assembly 'System.Runtime, Version=9.0.0.0, Culture=neutral, PublicKeyToken=b03f5f7f11d50a3a'. The system cannot find the file specified.
Could not load file or assembly 'System.Runtime, Version=9.0.0.0, Culture=neutral, PublicKeyToken=b03f5f7f11d50a3a'. The system cannot find the file specified.
Could not load file or assembly 'System.Runtime, Version=9.0.0.0, Culture=neutral, PublicKeyToken=b03f5f7f11d50a3a'. The system cannot find the file specified.
Could not load file or assembly 'System.Runtime, Version=9.0.0.0, Culture=neutral, PublicKeyToken=b03f5f7f11d50a3a'. The system cannot find the file specified.
Could not load file or assembly 'System.Runtime, Version=9.0.0.0, Culture=neutral, PublicKeyToken=b03f5f7f11d50a3a'. The system cannot find the file specified.
Could not load file or assembly 'System.Runtime, Version=9.0.0.0, Culture=neutral, PublicKeyToken=b03f5f7f11d50a3a'. The system cannot find the file specified.
Could not load file or assembly 'System.Runtime, Version=9.0.0.0, Culture=neutral, PublicKeyToken=b03f5f7f11d50a3a'. The system cannot find the file specified.
Could not load file or assembly 'System.Runtime, Version=9.0.0.0, Culture=neutral, PublicKeyToken=b03f5f7f11d50a3a'. The system cannot find the file specified.
Could not load file or assembly 'System.Runtime, Version=9.0.0.0, Culture=neutral, PublicKeyToken=b03f5f7f11d50a3a'. The system cannot find the file specified.
Could not load file or assembly 'System.Runtime, Version=9.0.0.0, Culture=neutral, PublicKeyToken=b03f5f7f11d50a3a'. The system cannot find the file specified.
Could not load file or assembly 'System.Runtime, Version=9.0.0.0, Culture=neutral, PublicKeyToken=b03f5f7f11d50a3a'. The system cannot find the file specified.
Could not load file or assembly 'System.Runtime, Version=9.0.0.0, Culture=neutral, PublicKeyToken=b03f5f7f11d50a3a'. The system cannot find the file specified.
Could not load file or assembly 'System.Runtime, Version=9.0.0.0, Culture=neutral, PublicKeyToken=b03f5f7f11d50a3a'. The system cannot find the file specified.
Could not load file or assembly 'System.Runtime, Version=9.0.0.0, Culture=neutral, PublicKeyToken=b03f5f7f11d50a3a'. The system cannot find the file specified.
Could not load file or assembly 'System.Runtime, Version=9.0.0.0, Culture=neutral, PublicKeyToken=b03f5f7f11d50a3a'. The system cannot find the file specified.
Could not load file or assembly 'System.Runtime, Version=9.0.0.0, Culture=neutral, PublicKeyToken=b03f5f7f11d50a3a'. The system cannot find the file specified.
Could not load file or assembly 'System.Runtime, Version=9.0.0.0, Culture=neutral, PublicKeyToken=b03f5f7f11d50a3a'. The system cannot find the file specified.
Could not load file or assembly 'System.Runtime, Version=9.0.0.0, Culture=neutral, PublicKeyToken=b03f5f7f11d50a3a'. The system cannot find the file specified.
Could not load file or assembly 'System.Runtime, Version=9.0.0.0, Culture=neutral, PublicKeyToken=b03f5f7f11d50a3a'. The system cannot find the file specified.
Could not load file or assembly 'System.Runtime, Version=9.0.0.0, Culture=neutral, PublicKeyToken=b03f5f7f11d50a3a'. The system cannot find the file specified.
Could not load file or assembly 'System.Runtime, Version=9.0.0.0, Culture=neutral, PublicKeyToken=b03f5f7f11d50a3a'. The system cannot find the file specified.
Could not load file or assembly 'System.Runtime, Version=9.0.0.0, Culture=neutral, PublicKeyToken=b03f5f7f11d50a3a'. The system cannot find the file specified.
Could not load file or assembly 'System.Runtime, Version=9.0.0.0, Culture=neutral, PublicKeyToken=b03f5f7f11d50a3a'. The system cannot find the file specified.
Could not load file or assembly 'System.Runtime, Version=9.0.0.0, Culture=neutral, PublicKeyToken=b03f5f7f11d50a3a'. The system cannot find the file specified.
Could not load file or assembly 'System.Runtime, Version=9.0.0.0, Culture=neutral, PublicKeyToken=b03f5f7f11d50a3a'. The system cannot find the file specified.
Could not load file or assembly 'System.Runtime, Version=9.0.0.0, Culture=neutral, PublicKeyToken=b03f5f7f11d50a3a'. The system cannot find the file specified.
Could not load file or assembly 'System.Runtime, Version=9.0.0.0, Culture=neutral, PublicKeyToken=b03f5f7f11d50a3a'. The system cannot find the file specified.
Could not load file or assembly 'System.Runtime, Version=9.0.0.0, Culture=neutral, PublicKeyToken=b03f5f7f11d50a3a'. The system cannot find the file specified.
Could not load file or assembly 'System.Runtime, Version=9.0.0.0, Culture=neutral, PublicKeyToken=b03f5f7f11d50a3a'. The system cannot find the file specified.
Could not load file or assembly 'System.Runtime, Version=9.0.0.0, Culture=neutral, PublicKeyToken=b03f5f7f11d50a3a'. The system cannot find the file specified.
Could not load file or assembly 'System.Runtime, Version=9.0.0.0, Culture=neutral, PublicKeyToken=b03f5f7f11d50a3a'. The system cannot find the file specified.
Could not load file or assembly 'System.Runtime, Version=9.0.0.0, Culture=neutral, PublicKeyToken=b03f5f7f11d50a3a'. The system cannot find the file specified.
Could not load file or assembly 'System.Runtime, Version=9.0.0.0, Culture=neutral, PublicKeyToken=b03f5f7f11d50a3a'. The system cannot find the file specified.
Could not load file or assembly 'System.Runtime, Version=9.0.0.0, Culture=neutral, PublicKeyToken=b03f5f7f11d50a3a'. The system cannot find the file specified.
Could not load file or assembly 'System.Runtime, Version=9.0.0.0, Culture=neutral, PublicKeyToken=b03f5f7f11d50a3a'. The system cannot find the file specified.
Could not load file or assembly 'System.Runtime, Version=9.0.0.0, Culture=neutral, PublicKeyToken=b03f5f7f11d50a3a'. The system cannot find the file specified.
Could not load file or assembly 'System.Runtime, Version=9.0.0.0, Culture=neutral, PublicKeyToken=b03f5f7f11d50a3a'. The system cannot find the file specified.
Could not load file or assembly 'System.Runtime, Version=9.0.0.0, Culture=neutral, PublicKeyToken=b03f5f7f11d50a3a'. The system cannot find the file specified.
Could not load file or assembly 'System.Runtime, Version=9.0.0.0, Culture=neutral, PublicKeyToken=b03f5f7f11d50a3a'. The system cannot find the file specified.
Could not load file or assembly 'System.Runtime, Version=9.0.0.0, Culture=neutral, PublicKeyToken=b03f5f7f11d50a3a'. The system cannot find the file specified.
Could not load file or assembly 'System.Runtime, Version=9.0.0.0, Culture=neutral, PublicKeyToken=b03f5f7f11d50a3a'. The system cannot find the file specified.
Could not load file or assembly 'System.Runtime, Version=9.0.0.0, Culture=neutral, PublicKeyToken=b03f5f7f11d50a3a'. The system cannot find the file specified.
Could not load file or assembly 'System.Runtime, Version=9.0.0.0, Culture=neutral, PublicKeyToken=b03f5f7f11d50a3a'. The system cannot find the file specified.
Could not load file or assembly 'System.Runtime, Version=9.0.0.0, Culture=neutral, PublicKeyToken=b03f5f7f11d50a3a'. The system cannot find the file specified.
Could not load file or assembly 'System.Runtime, Version=9.0.0.0, Culture=neutral, PublicKeyToken=b03f5f7f11d50a3a'. The system cannot find the file specified.
Could not load file or assembly 'System.Runtime, Version=9.0.0.0, Culture=neutral, PublicKeyToken=b03f5f7f11d50a3a'. The system cannot find the file specified.
Could not load file or assembly 'System.Runtime, Version=9.0.0.0, Culture=neutral, PublicKeyToken=b03f5f7f11d50a3a'. The system cannot find the file specified.
Could not load file or assembly 'System.Runtime, Version=9.0.0.0, Culture=neutral, PublicKeyToken=b03f5f7f11d50a3a'. The system cannot find the file specified.
Could not load file or assembly 'System.Runtime, Version=9.0.0.0, Culture=neutral, PublicKeyToken=b03f5f7f11d50a3a'. The system cannot find the file specified.
Could not load file or assembly 'System.Runtime, Version=9.0.0.0, Culture=neutral, PublicKeyToken=b03f5f7f11d50a3a'. The system cannot find the file specified.
Could not load file or assembly 'System.Runtime, Version=9.0.0.0, Culture=neutral, PublicKeyToken=b03f5f7f11d50a3a'. The system cannot find the file specified.
Could not load file or assembly 'System.Runtime, Version=9.0.0.0, Culture=neutral, PublicKeyToken=b03f5f7f11d50a3a'. The system cannot find the file specified.
Could not load file or assembly 'System.Runtime, Version=9.0.0.0, Culture=neutral, PublicKeyToken=b03f5f7f11d50a3a'. The system cannot find the file specified.
Could not load file or assembly 'System.Runtime, Version=9.0.0.0, Culture=neutral, PublicKeyToken=b03f5f7f11d50a3a'. The system cannot find the file specified.
Could not load file or assembly 'System.Runtime, Version=9.0.0.0, Culture=neutral, PublicKeyToken=b03f5f7f11d50a3a'. The system cannot find the file specified.
Could not load file or assembly 'System.Runtime, Version=9.0.0.0, Culture=neutral, PublicKeyToken=b03f5f7f11d50a3a'. The system cannot find the file specified.
Could not load file or assembly 'System.Runtime, Version=9.0.0.0, Culture=neutral, PublicKeyToken=b03f5f7f11d50a3a'. The system cannot find the file specified.
Could not load file or assembly 'System.Runtime, Version=9.0.0.0, Culture=neutral, PublicKeyToken=b03f5f7f11d50a3a'. The system cannot find the file specified.
Could not load file or assembly 'System.Runtime, Version=9.0.0.0, Culture=neutral, PublicKeyToken=b03f5f7f11d50a3a'. The system cannot find the file specified.
Could not load file or assembly 'System.Runtime, Version=9.0.0.0, Culture=neutral, PublicKeyToken=b03f5f7f11d50a3a'. The system cannot find the file specified.
Could not load file or assembly 'System.Runtime, Version=9.0.0.0, Culture=neutral, PublicKeyToken=b03f5f7f11d50a3a'. The system cannot find the file specified.
Could not load file or assembly 'System.Runtime, Version=9.0.0.0, Culture=neutral, PublicKeyToken=b03f5f7f11d50a3a'. The system cannot find the file specified.
Could not load file or assembly 'System.Runtime, Version=9.0.0.0, Culture=neutral, PublicKeyToken=b03f5f7f11d50a3a'. The system cannot find the file specified.
Could not load file or assembly 'System.Runtime, Version=9.0.0.0, Culture=neutral, PublicKeyToken=b03f5f7f11d50a3a'. The system cannot find the file specified.
Could not load file or assembly 'System.Runtime, Version=9.0.0.0, Culture=neutral, PublicKeyToken=b03f5f7f11d50a3a'. The system cannot find the file specified.
Could not load file or assembly 'System.Runtime, Version=9.0.0.0, Culture=neutral, PublicKeyToken=b03f5f7f11d50a3a'. The system cannot find the file specified.
Could not load file or assembly 'System.Runtime, Version=9.0.0.0, Culture=neutral, PublicKeyToken=b03f5f7f11d50a3a'. The system cannot find the file specified.
Could not load file or assembly 'System.Runtime, Version=9.0.0.0, Culture=neutral, PublicKeyToken=b03f5f7f11d50a3a'. The system cannot find the file specified.
Could not load file or assembly 'System.Runtime, Version=9.0.0.0, Culture=neutral, PublicKeyToken=b03f5f7f11d50a3a'. The system cannot find the file specified.
Could not load file or assembly 'System.Runtime, Version=9.0.0.0, Culture=neutral, PublicKeyToken=b03f5f7f11d50a3a'. The system cannot find the file specified.
Could not load file or assembly 'System.Runtime, Version=9.0.0.0, Culture=neutral, PublicKeyToken=b03f5f7f11d50a3a'. The system cannot find the file specified.
Could not load file or assembly 'System.Runtime, Version=9.0.0.0, Culture=neutral, PublicKeyToken=b03f5f7f11d50a3a'. The system cannot find the file specified.
Could not load file or assembly 'System.Runtime, Version=9.0.0.0, Culture=neutral, PublicKeyToken=b03f5f7f11d50a3a'. The system cannot find the file specified.
  ----> System.Reflection.ReflectionTypeLoadException : Unable to load one or more of the requested types.
Could not load file or assembly 'System.Runtime, Version=9.0.0.0, Culture=neutral, PublicKeyToken=b03f5f7f11d50a3a'. The system cannot find the file specified.
Could not load file or assembly 'System.Runtime, Version=9.0.0.0, Culture=neutral, PublicKeyToken=b03f5f7f11d50a3a'. The system cannot find the file specified.
Could not load file or assembly 'System.Runtime, Version=9.0.0.0, Culture=neutral, PublicKeyToken=b03f5f7f11d50a3a'. The system cannot find the file specified.
Could not load file or assembly 'System.Runtime, Version=9.0.0.0, Culture=neutral, PublicKeyToken=b03f5f7f11d50a3a'. The system cannot find the file specified.
Could not load file or assembly 'System.Runtime, Version=9.0.0.0, Culture=neutral, PublicKeyToken=b03f5f7f11d50a3a'. The system cannot find the file specified.
Could not load file or assembly 'System.Runtime, Version=9.0.0.0, Culture=neutral, PublicKeyToken=b03f5f7f11d50a3a'. The system cannot find the file specified.
Could not load file or assembly 'System.Runtime, Version=9.0.0.0, Culture=neutral, PublicKeyToken=b03f5f7f11d50a3a'. The system cannot find the file specified.
Could not load file or assembly 'System.Runtime, Version=9.0.0.0, Culture=neutral, PublicKeyToken=b03f5f7f11d50a3a'. The system cannot find the file specified.
Could not load file or assembly 'System.Runtime, Version=9.0.0.0, Culture=neutral, PublicKeyToken=b03f5f7f11d50a3a'. The system cannot find the file specified.
Could not load file or assembly 'System.Runtime, Version=9.0.0.0, Culture=neutral, PublicKeyToken=b03f5f7f11d50a3a'. The system cannot find the file specified.
Could not load file or assembly 'System.Runtime, Version=9.0.0.0, Culture=neutral, PublicKeyToken=b03f5f7f11d50a3a'. The system cannot find the file specified.
Could not load file or assembly 'System.Runtime, Version=9.0.0.0, Culture=neutral, PublicKeyToken=b03f5f7f11d50a3a'. The system cannot find the file specified.
Could not load file or assembly 'System.Runtime, Version=9.0.0.0, Culture=neutral, PublicKeyToken=b03f5f7f11d50a3a'. The system cannot find the file specified.
Could not load file or assembly 'System.Runtime, Version=9.0.0.0, Culture=neutral, PublicKeyToken=b03f5f7f11d50a3a'. The system cannot find the file specified.
Could not load file or assembly 'System.Runtime, Version=9.0.0.0, Culture=neutral, PublicKeyToken=b03f5f7f11d50a3a'. The system cannot find the file specified.
Could not load file or assembly 'System.Runtime, Version=9.0.0.0, Culture=neutral, PublicKeyToken=b03f5f7f11d50a3a'. The system cannot find the file specified.
Could not load file or assembly 'System.Runtime, Version=9.0.0.0, Culture=neutral, PublicKeyToken=b03f5f7f11d50a3a'. The system cannot find the file specified.
Could not load file or assembly 'System.Runtime, Version=9.0.0.0, Culture=neutral, PublicKeyToken=b03f5f7f11d50a3a'. The system cannot find the file specified.
Could not load file or assembly 'System.Runtime, Version=9.0.0.0, Culture=neutral, PublicKeyToken=b03f5f7f11d50a3a'. The system cannot find the file specified.
Could not load file or assembly 'System.Runtime, Version=9.0.0.0, Culture=neutral, PublicKeyToken=b03f5f7f11d50a3a'. The system cannot find the file specified.
Could not load file or assembly 'System.Runtime, Version=9.0.0.0, Culture=neutral, PublicKeyToken=b03f5f7f11d50a3a'. The system cannot find the file specified.
Could not load file or assembly 'System.Runtime, Version=9.0.0.0, Culture=neutral, PublicKeyToken=b03f5f7f11d50a3a'. The system cannot find the file specified.
Could not load file or assembly 'System.Runtime, Version=9.0.0.0, Culture=neutral, PublicKeyToken=b03f5f7f11d50a3a'. The system cannot find the file specified.
Could not load file or assembly 'System.Runtime, Version=9.0.0.0, Culture=neutral, PublicKeyToken=b03f5f7f11d50a3a'. The system cannot find the file specified.
Could not load file or assembly 'System.Runtime, Version=9.0.0.0, Culture=neutral, PublicKeyToken=b03f5f7f11d50a3a'. The system cannot find the file specified.
Could not load file or assembly 'System.Runtime, Version=9.0.0.0, Culture=neutral, PublicKeyToken=b03f5f7f11d50a3a'. The system cannot find the file specified.
Could not load file or assembly 'System.Runtime, Version=9.0.0.0, Culture=neutral, PublicKeyToken=b03f5f7f11d50a3a'. The system cannot find the file specified.
Could not load file or assembly 'System.Runtime, Version=9.0.0.0, Culture=neutral, PublicKeyToken=b03f5f7f11d50a3a'. The system cannot find the file specified.
Could not load file or assembly 'System.Runtime, Version=9.0.0.0, Culture=neutral, PublicKeyToken=b03f5f7f11d50a3a'. The system cannot find the file specified.
Could not load file or assembly 'System.Runtime, Version=9.0.0.0, Culture=neutral, PublicKeyToken=b03f5f7f11d50a3a'. The system cannot find the file specified.
Could not load file or assembly 'System.Runtime, Version=9.0.0.0, Culture=neutral, PublicKeyToken=b03f5f7f11d50a3a'. The system cannot find the file specified.
Could not load file or assembly 'System.Runtime, Version=9.0.0.0, Culture=neutral, PublicKeyToken=b03f5f7f11d50a3a'. The system cannot find the file specified.
Could not load file or assembly 'System.Runtime, Version=9.0.0.0, Culture=neutral, PublicKeyToken=b03f5f7f11d50a3a'. The system cannot find the file specified.
Could not load file or assembly 'System.Runtime, Version=9.0.0.0, Culture=neutral, PublicKeyToken=b03f5f7f11d50a3a'. The system cannot find the file specified.
Could not load file or assembly 'System.Runtime, Version=9.0.0.0, Culture=neutral, PublicKeyToken=b03f5f7f11d50a3a'. The system cannot find the file specified.
Could not load file or assembly 'System.Runtime, Version=9.0.0.0, Culture=neutral, PublicKeyToken=b03f5f7f11d50a3a'. The system cannot find the file specified.
Could not load file or assembly 'System.Runtime, Version=9.0.0.0, Culture=neutral, PublicKeyToken=b03f5f7f11d50a3a'. The system cannot find the file specified.
Could not load file or assembly 'System.Runtime, Version=9.0.0.0, Culture=neutral, PublicKeyToken=b03f5f7f11d50a3a'. The system cannot find the file specified.
Could not load file or assembly 'System.Runtime, Version=9.0.0.0, Culture=neutral, PublicKeyToken=b03f5f7f11d50a3a'. The system cannot find the file specified.
Could not load file or assembly 'System.Runtime, Version=9.0.0.0, Culture=neutral, PublicKeyToken=b03f5f7f11d50a3a'. The system cannot find the file specified.
Could not load file or assembly 'System.Runtime, Version=9.0.0.0, Culture=neutral, PublicKeyToken=b03f5f7f11d50a3a'. The system cannot find the file specified.
Could not load file or assembly 'System.Runtime, Version=9.0.0.0, Culture=neutral, PublicKeyToken=b03f5f7f11d50a3a'. The system cannot find the file specified.
Could not load file or assembly 'System.Runtime, Version=9.0.0.0, Culture=neutral, PublicKeyToken=b03f5f7f11d50a3a'. The system cannot find the file specified.
Could not load file or assembly 'System.Runtime, Version=9.0.0.0, Culture=neutral, PublicKeyToken=b03f5f7f11d50a3a'. The system cannot find the file specified.
Could not load file or assembly 'System.Runtime, Version=9.0.0.0, Culture=neutral, PublicKeyToken=b03f5f7f11d50a3a'. The system cannot find the file specified.
Could not load file or assembly 'System.Runtime, Version=9.0.0.0, Culture=neutral, PublicKeyToken=b03f5f7f11d50a3a'. The system cannot find the file specified.
Could not load file or assembly 'System.Runtime, Version=9.0.0.0, Culture=neutral, PublicKeyToken=b03f5f7f11d50a3a'. The system cannot find the file specified.
Could not load file or assembly 'System.Runtime, Version=9.0.0.0, Culture=neutral, PublicKeyToken=b03f5f7f11d50a3a'. The system cannot find the file specified.
Could not load file or assembly 'System.Runtime, Version=9.0.0.0, Culture=neutral, PublicKeyToken=b03f5f7f11d50a3a'. The system cannot find the file specified.
Could not load file or assembly 'System.Runtime, Version=9.0.0.0, Culture=neutral, PublicKeyToken=b03f5f7f11d50a3a'. The system cannot find the file specified.
Could not load file or assembly 'System.Runtime, Version=9.0.0.0, Culture=neutral, PublicKeyToken=b03f5f7f11d50a3a'. The system cannot find the file specified.
Could not load file or assembly 'System.Runtime, Version=9.0.0.0, Culture=neutral, PublicKeyToken=b03f5f7f11d50a3a'. The system cannot find the file specified.
Could not load file or assembly 'System.Runtime, Version=9.0.0.0, Culture=neutral, PublicKeyToken=b03f5f7f11d50a3a'. The system cannot find the file specified.
Could not load file or assembly 'System.Runtime, Version=9.0.0.0, Culture=neutral, PublicKeyToken=b03f5f7f11d50a3a'. The system cannot find the file specified.
Could not load file or assembly 'System.Runtime, Version=9.0.0.0, Culture=neutral, PublicKeyToken=b03f5f7f11d50a3a'. The system cannot find the file specified.
Could not load file or assembly 'System.Runtime, Version=9.0.0.0, Culture=neutral, PublicKeyToken=b03f5f7f11d50a3a'. The system cannot find the file specified.
Could not load file or assembly 'System.Runtime, Version=9.0.0.0, Culture=neutral, PublicKeyToken=b03f5f7f11d50a3a'. The system cannot find the file specified.
Could not load file or assembly 'System.Runtime, Version=9.0.0.0, Culture=neutral, PublicKeyToken=b03f5f7f11d50a3a'. The system cannot find the file specified.
Could not load file or assembly 'System.Runtime, Version=9.0.0.0, Culture=neutral, PublicKeyToken=b03f5f7f11d50a3a'. The system cannot find the file specified.
Could not load file or assembly 'System.Runtime, Version=9.0.0.0, Culture=neutral, PublicKeyToken=b03f5f7f11d50a3a'. The system cannot find the file specified.
Could not load file or assembly 'System.Runtime, Version=9.0.0.0, Culture=neutral, PublicKeyToken=b03f5f7f11d50a3a'. The system cannot find the file specified.
Could not load file or assembly 'System.Runtime, Version=9.0.0.0, Culture=neutral, PublicKeyToken=b03f5f7f11d50a3a'. The system cannot find the file specified.
Could not load file or assembly 'System.Runtime, Version=9.0.0.0, Culture=neutral, PublicKeyToken=b03f5f7f11d50a3a'. The system cannot find the file specified.
Could not load file or assembly 'System.Runtime, Version=9.0.0.0, Culture=neutral, PublicKeyToken=b03f5f7f11d50a3a'. The system cannot find the file specified.
Could not load file or assembly 'System.Runtime, Version=9.0.0.0, Culture=neutral, PublicKeyToken=b03f5f7f11d50a3a'. The system cannot find the file specified.
Could not load file or assembly 'System.Runtime, Version=9.0.0.0, Culture=neutral, PublicKeyToken=b03f5f7f11d50a3a'. The system cannot find the file specified.
Could not load file or assembly 'System.Runtime, Version=9.0.0.0, Culture=neutral, PublicKeyToken=b03f5f7f11d50a3a'. The system cannot find the file specified.
Could not load file or assembly 'System.Runtime, Version=9.0.0.0, Culture=neutral, PublicKeyToken=b03f5f7f11d50a3a'. The system cannot find the file specified.
Could not load file or assembly 'System.Runtime, Version=9.0.0.0, Culture=neutral, PublicKeyToken=b03f5f7f11d50a3a'. The system cannot find the file specified.
Could not load file or assembly 'System.Runtime, Version=9.0.0.0, Culture=neutral, PublicKeyToken=b03f5f7f11d50a3a'. The system cannot find the file specified.
Could not load file or assembly 'System.Runtime, Version=9.0.0.0, Culture=neutral, PublicKeyToken=b03f5f7f11d50a3a'. The system cannot find the file specified.
Could not load file or assembly 'System.Runtime, Version=9.0.0.0, Culture=neutral, PublicKeyToken=b03f5f7f11d50a3a'. The system cannot find the file specified.
Could not load file or assembly 'System.Runtime, Version=9.0.0.0, Culture=neutral, PublicKeyToken=b03f5f7f11d50a3a'. The system cannot find the file specified.
Could not load file or assembly 'System.Runtime, Version=9.0.0.0, Culture=neutral, PublicKeyToken=b03f5f7f11d50a3a'. The system cannot find the file specified.
Could not load file or assembly 'System.Runtime, Version=9.0.0.0, Culture=neutral, PublicKeyToken=b03f5f7f11d50a3a'. The system cannot find the file specified.
Could not load file or assembly 'System.Runtime, Version=9.0.0.0, Culture=neutral, PublicKeyToken=b03f5f7f11d50a3a'. The system cannot find the file specified.
Could not load file or assembly 'System.Runtime, Version=9.0.0.0, Culture=neutral, PublicKeyToken=b03f5f7f11d50a3a'. The system cannot find the file specified.
  ----> System.Reflection.ReflectionTypeLoadException : Unable to load one or more of the requested types.
Could not load file or assembly 'System.Runtime, Version=9.0.0.0, Culture=neutral, PublicKeyToken=b03f5f7f11d50a3a'. The system cannot find the file specified.
Could not load file or assembly 'System.Runtime, Version=9.0.0.0, Culture=neutral, PublicKeyToken=b03f5f7f11d50a3a'. The system cannot find the file specified.
Could not load file or assembly 'System.Runtime, Version=9.0.0.0, Culture=neutral, PublicKeyToken=b03f5f7f11d50a3a'. The system cannot find the file specified.
Could not load file or assembly 'System.Runtime, Version=9.0.0.0, Culture=neutral, PublicKeyToken=b03f5f7f11d50a3a'. The system cannot find the file specified.
Could not load file or assembly 'System.Runtime, Version=9.0.0.0, Culture=neutral, PublicKeyToken=b03f5f7f11d50a3a'. The system cannot find the file specified.
Could not load file or assembly 'System.Runtime, Version=9.0.0.0, Culture=neutral, PublicKeyToken=b03f5f7f11d50a3a'. The system cannot find the file specified.
Could not load file or assembly 'System.Runtime, Version=9.0.0.0, Culture=neutral, PublicKeyToken=b03f5f7f11d50a3a'. The system cannot find the file specified.
Could not load file or assembly 'System.Runtime, Version=9.0.0.0, Culture=neutral, PublicKeyToken=b03f5f7f11d50a3a'. The system cannot find the file specified.
Could not load file or assembly 'System.Runtime, Version=9.0.0.0, Culture=neutral, PublicKeyToken=b03f5f7f11d50a3a'. The system cannot find the file specified.
Could not load file or assembly 'System.Runtime, Version=9.0.0.0, Culture=neutral, PublicKeyToken=b03f5f7f11d50a3a'. The system cannot find the file specified.
Could not load file or assembly 'System.Runtime, Version=9.0.0.0, Culture=neutral, PublicKeyToken=b03f5f7f11d50a3a'. The system cannot find the file specified.
Could not load file or assembly 'System.Runtime, Version=9.0.0.0, Culture=neutral, PublicKeyToken=b03f5f7f11d50a3a'. The system cannot find the file specified.
Could not load file or assembly 'System.Runtime, Version=9.0.0.0, Culture=neutral, PublicKeyToken=b03f5f7f11d50a3a'. The system cannot find the file specified.
Could not load file or assembly 'System.Runtime, Version=9.0.0.0, Culture=neutral, PublicKeyToken=b03f5f7f11d50a3a'. The system cannot find the file specified.
Could not load file or assembly 'System.Runtime, Version=9.0.0.0, Culture=neutral, PublicKeyToken=b03f5f7f11d50a3a'. The system cannot find the file specified.
Could not load file or assembly 'System.Runtime, Version=9.0.0.0, Culture=neutral, PublicKeyToken=b03f5f7f11d50a3a'. The system cannot find the file specified.
Could not load file or assembly 'System.Runtime, Version=9.0.0.0, Culture=neutral, PublicKeyToken=b03f5f7f11d50a3a'. The system cannot find the file specified.
Could not load file or assembly 'System.Runtime, Version=9.0.0.0, Culture=neutral, PublicKeyToken=b03f5f7f11d50a3a'. The system cannot find the file specified.
Could not load file or assembly 'System.Runtime, Version=9.0.0.0, Culture=neutral, PublicKeyToken=b03f5f7f11d50a3a'. The system cannot find the file specified.
Could not load file or assembly 'System.Runtime, Version=9.0.0.0, Culture=neutral, PublicKeyToken=b03f5f7f11d50a3a'. The system cannot find the file specified.
Could not load file or assembly 'System.Runtime, Version=9.0.0.0, Culture=neutral, PublicKeyToken=b03f5f7f11d50a3a'. The system cannot find the file specified.
Could not load file or assembly 'System.Runtime, Version=9.0.0.0, Culture=neutral, PublicKeyToken=b03f5f7f11d50a3a'. The system cannot find the file specified.
Could not load file or assembly 'System.Runtime, Version=9.0.0.0, Culture=neutral, PublicKeyToken=b03f5f7f11d50a3a'. The system cannot find the file specified.
Could not load file or assembly 'System.Runtime, Version=9.0.0.0, Culture=neutral, PublicKeyToken=b03f5f7f11d50a3a'. The system cannot find the file specified.
Could not load file or assembly 'System.Runtime, Version=9.0.0.0, Culture=neutral, PublicKeyToken=b03f5f7f11d50a3a'. The system cannot find the file specified.
Could not load file or assembly 'System.Runtime, Version=9.0.0.0, Culture=neutral, PublicKeyToken=b03f5f7f11d50a3a'. The system cannot find the file specified.
Could not load file or assembly 'System.Runtime, Version=9.0.0.0, Culture=neutral, PublicKeyToken=b03f5f7f11d50a3a'. The system cannot find the file specified.
Could not load file or assembly 'System.Runtime, Version=9.0.0.0, Culture=neutral, PublicKeyToken=b03f5f7f11d50a3a'. The system cannot find the file specified.
Could not load file or assembly 'System.Runtime, Version=9.0.0.0, Culture=neutral, PublicKeyToken=b03f5f7f11d50a3a'. The system cannot find the file specified.
Could not load file or assembly 'System.Runtime, Version=9.0.0.0, Culture=neutral, PublicKeyToken=b03f5f7f11d50a3a'. The system cannot find the file specified.
Could not load file or assembly 'System.Runtime, Version=9.0.0.0, Culture=neutral, PublicKeyToken=b03f5f7f11d50a3a'. The system cannot find the file specified.
Could not load file or assembly 'System.Runtime, Version=9.0.0.0, Culture=neutral, PublicKeyToken=b03f5f7f11d50a3a'. The system cannot find the file specified.
Could not load file or assembly 'System.Runtime, Version=9.0.0.0, Culture=neutral, PublicKeyToken=b03f5f7f11d50a3a'. The system cannot find the file specified.
Could not load file or assembly 'System.Runtime, Version=9.0.0.0, Culture=neutral, PublicKeyToken=b03f5f7f11d50a3a'. The system cannot find the file specified.
Could not load file or assembly 'System.Runtime, Version=9.0.0.0, Culture=neutral, PublicKeyToken=b03f5f7f11d50a3a'. The system cannot find the file specified.
Could not load file or assembly 'System.Runtime, Version=9.0.0.0, Culture=neutral, PublicKeyToken=b03f5f7f11d50a3a'. The system cannot find the file specified.
Could not load file or assembly 'System.Runtime, Version=9.0.0.0, Culture=neutral, PublicKeyToken=b03f5f7f11d50a3a'. The system cannot find the file specified.
Could not load file or assembly 'System.Runtime, Version=9.0.0.0, Culture=neutral, PublicKeyToken=b03f5f7f11d50a3a'. The system cannot find the file specified.
Could not load file or assembly 'System.Runtime, Version=9.0.0.0, Culture=neutral, PublicKeyToken=b03f5f7f11d50a3a'. The system cannot find the file specified.
Could not load file or assembly 'System.Runtime, Version=9.0.0.0, Culture=neutral, PublicKeyToken=b03f5f7f11d50a3a'. The system cannot find the file specified.
Could not load file or assembly 'System.Runtime, Version=9.0.0.0, Culture=neutral, PublicKeyToken=b03f5f7f11d50a3a'. The system cannot find the file specified.
Could not load file or assembly 'System.Runtime, Version=9.0.0.0, Culture=neutral, PublicKeyToken=b03f5f7f11d50a3a'. The system cannot find the file specified.
Could not load file or assembly 'System.Runtime, Version=9.0.0.0, Culture=neutral, PublicKeyToken=b03f5f7f11d50a3a'. The system cannot find the file specified.
Could not load file or assembly 'System.Runtime, Version=9.0.0.0, Culture=neutral, PublicKeyToken=b03f5f7f11d50a3a'. The system cannot find the file specified.
Could not load file or assembly 'System.Runtime, Version=9.0.0.0, Culture=neutral, PublicKeyToken=b03f5f7f11d50a3a'. The system cannot find the file specified.
Could not load file or assembly 'System.Runtime, Version=9.0.0.0, Culture=neutral, PublicKeyToken=b03f5f7f11d50a3a'. The system cannot find the file specified.
Could not load file or assembly 'System.Runtime, Version=9.0.0.0, Culture=neutral, PublicKeyToken=b03f5f7f11d50a3a'. The system cannot find the file specified.
Could not load file or assembly 'System.Runtime, Version=9.0.0.0, Culture=neutral, PublicKeyToken=b03f5f7f11d50a3a'. The system cannot find the file specified.
Could not load file or assembly 'System.Runtime, Version=9.0.0.0, Culture=neutral, PublicKeyToken=b03f5f7f11d50a3a'. The system cannot find the file specified.
Could not load file or assembly 'System.Runtime, Version=9.0.0.0, Culture=neutral, PublicKeyToken=b03f5f7f11d50a3a'. The system cannot find the file specified.
Could not load file or assembly 'System.Runtime, Version=9.0.0.0, Culture=neutral, PublicKeyToken=b03f5f7f11d50a3a'. The system cannot find the file specified.
Could not load file or assembly 'System.Runtime, Version=9.0.0.0, Culture=neutral, PublicKeyToken=b03f5f7f11d50a3a'. The system cannot find the file specified.
Could not load file or assembly 'System.Runtime, Version=9.0.0.0, Culture=neutral, PublicKeyToken=b03f5f7f11d50a3a'. The system cannot find the file specified.
Could not load file or assembly 'System.Runtime, Version=9.0.0.0, Culture=neutral, PublicKeyToken=b03f5f7f11d50a3a'. The system cannot find the file specified.
Could not load file or assembly 'System.Runtime, Version=9.0.0.0, Culture=neutral, PublicKeyToken=b03f5f7f11d50a3a'. The system cannot find the file specified.
Could not load file or assembly 'System.Runtime, Version=9.0.0.0, Culture=neutral, PublicKeyToken=b03f5f7f11d50a3a'. The system cannot find the file specified.
Could not load file or assembly 'System.Runtime, Version=9.0.0.0, Culture=neutral, PublicKeyToken=b03f5f7f11d50a3a'. The system cannot find the file specified.
Could not load file or assembly 'System.Runtime, Version=9.0.0.0, Culture=neutral, PublicKeyToken=b03f5f7f11d50a3a'. The system cannot find the file specified.
Could not load file or assembly 'System.Runtime, Version=9.0.0.0, Culture=neutral, PublicKeyToken=b03f5f7f11d50a3a'. The system cannot find the file specified.
Could not load file or assembly 'System.Runtime, Version=9.0.0.0, Culture=neutral, PublicKeyToken=b03f5f7f11d50a3a'. The system cannot find the file specified.
Could not load file or assembly 'System.Runtime, Version=9.0.0.0, Culture=neutral, PublicKeyToken=b03f5f7f11d50a3a'. The system cannot find the file specified.
Could not load file or assembly 'System.Runtime, Version=9.0.0.0, Culture=neutral, PublicKeyToken=b03f5f7f11d50a3a'. The system cannot find the file specified.
Could not load file or assembly 'System.Runtime, Version=9.0.0.0, Culture=neutral, PublicKeyToken=b03f5f7f11d50a3a'. The system cannot find the file specified.
Could not load file or assembly 'System.Runtime, Version=9.0.0.0, Culture=neutral, PublicKeyToken=b03f5f7f11d50a3a'. The system cannot find the file specified.
Could not load file or assembly 'System.Runtime, Version=9.0.0.0, Culture=neutral, PublicKeyToken=b03f5f7f11d50a3a'. The system cannot find the file specified.
Could not load file or assembly 'System.Runtime, Version=9.0.0.0, Culture=neutral, PublicKeyToken=b03f5f7f11d50a3a'. The system cannot find the file specified.
Could not load file or assembly 'System.Runtime, Version=9.0.0.0, Culture=neutral, PublicKeyToken=b03f5f7f11d50a3a'. The system cannot find the file specified.
Could not load file or assembly 'System.Runtime, Version=9.0.0.0, Culture=neutral, PublicKeyToken=b03f5f7f11d50a3a'. The system cannot find the file specified.
Could not load file or assembly 'System.Runtime, Version=9.0.0.0, Culture=neutral, PublicKeyToken=b03f5f7f11d50a3a'. The system cannot find the file specified.
Could not load file or assembly 'System.Runtime, Version=9.0.0.0, Culture=neutral, PublicKeyToken=b03f5f7f11d50a3a'. The system cannot find the file specified.
Could not load file or assembly 'System.Runtime, Version=9.0.0.0, Culture=neutral, PublicKeyToken=b03f5f7f11d50a3a'. The system cannot find the file specified.
Could not load file or assembly 'System.Runtime, Version=9.0.0.0, Culture=neutral, PublicKeyToken=b03f5f7f11d50a3a'. The system cannot find the file specified.
Could not load file or assembly 'System.Runtime, Version=9.0.0.0, Culture=neutral, PublicKeyToken=b03f5f7f11d50a3a'. The system cannot find the file specified.
Could not load file or assembly 'System.Runtime, Version=9.0.0.0, Culture=neutral, PublicKeyToken=b03f5f7f11d50a3a'. The system cannot find the file specified.
Could not load file or assembly 'System.Runtime, Version=9.0.0.0, Culture=neutral, PublicKeyToken=b03f5f7f11d50a3a'. The system cannot find the file specified.
Could not load file or assembly 'System.Runtime, Version=9.0.0.0, Culture=neutral, PublicKeyToken=b03f5f7f11d50a3a'. The system cannot find the file specified.
Could not load file or assembly 'System.Runtime, Version=9.0.0.0, Culture=neutral, PublicKeyToken=b03f5f7f11d50a3a'. The system cannot find the file specified.
  ----> System.Reflection.ReflectionTypeLoadException : Unable to load one or more of the requested types.
Could not load file or assembly 'System.Runtime, Version=9.0.0.0, Culture=neutral, PublicKeyToken=b03f5f7f11d50a3a'. The system cannot find the file specified.
Could not load file or assembly 'System.Runtime, Version=9.0.0.0, Culture=neutral, PublicKeyToken=b03f5f7f11d50a3a'. The system cannot find the file specified.
Could not load file or assembly 'System.Runtime, Version=9.0.0.0, Culture=neutral, PublicKeyToken=b03f5f7f11d50a3a'. The system cannot find the file specified.
Could not load file or assembly 'System.Runtime, Version=9.0.0.0, Culture=neutral, PublicKeyToken=b03f5f7f11d50a3a'. The system cannot find the file specified.
Could not load file or assembly 'System.Runtime, Version=9.0.0.0, Culture=neutral, PublicKeyToken=b03f5f7f11d50a3a'. The system cannot find the file specified.
Could not load file or assembly 'System.Runtime, Version=9.0.0.0, Culture=neutral, PublicKeyToken=b03f5f7f11d50a3a'. The system cannot find the file specified.
Could not load file or assembly 'System.Runtime, Version=9.0.0.0, Culture=neutral, PublicKeyToken=b03f5f7f11d50a3a'. The system cannot find the file specified.
Could not load file or assembly 'System.Runtime, Version=9.0.0.0, Culture=neutral, PublicKeyToken=b03f5f7f11d50a3a'. The system cannot find the file specified.
Could not load file or assembly 'System.Runtime, Version=9.0.0.0, Culture=neutral, PublicKeyToken=b03f5f7f11d50a3a'. The system cannot find the file specified.
Could not load file or assembly 'System.Runtime, Version=9.0.0.0, Culture=neutral, PublicKeyToken=b03f5f7f11d50a3a'. The system cannot find the file specified.
Could not load file or assembly 'System.Runtime, Version=9.0.0.0, Culture=neutral, PublicKeyToken=b03f5f7f11d50a3a'. The system cannot find the file specified.
Could not load file or assembly 'System.Runtime, Version=9.0.0.0, Culture=neutral, PublicKeyToken=b03f5f7f11d50a3a'. The system cannot find the file specified.
Could not load file or assembly 'System.Runtime, Version=9.0.0.0, Culture=neutral, PublicKeyToken=b03f5f7f11d50a3a'. The system cannot find the file specified.
Could not load file or assembly 'System.Runtime, Version=9.0.0.0, Culture=neutral, PublicKeyToken=b03f5f7f11d50a3a'. The system cannot find the file specified.
Could not load file or assembly 'System.Runtime, Version=9.0.0.0, Culture=neutral, PublicKeyToken=b03f5f7f11d50a3a'. The system cannot find the file specified.
Could not load file or assembly 'System.Runtime, Version=9.0.0.0, Culture=neutral, PublicKeyToken=b03f5f7f11d50a3a'. The system cannot find the file specified.
Could not load file or assembly 'System.Runtime, Version=9.0.0.0, Culture=neutral, PublicKeyToken=b03f5f7f11d50a3a'. The system cannot find the file specified.
Could not load file or assembly 'System.Runtime, Version=9.0.0.0, Culture=neutral, PublicKeyToken=b03f5f7f11d50a3a'. The system cannot find the file specified.
Could not load file or assembly 'System.Runtime, Version=9.0.0.0, Culture=neutral, PublicKeyToken=b03f5f7f11d50a3a'. The system cannot find the file specified.
Could not load file or assembly 'System.Runtime, Version=9.0.0.0, Culture=neutral, PublicKeyToken=b03f5f7f11d50a3a'. The system cannot find the file specified.
Could not load file or assembly 'System.Runtime, Version=9.0.0.0, Culture=neutral, PublicKeyToken=b03f5f7f11d50a3a'. The system cannot find the file specified.
Could not load file or assembly 'System.Runtime, Version=9.0.0.0, Culture=neutral, PublicKeyToken=b03f5f7f11d50a3a'. The system cannot find the file specified.
Could not load file or assembly 'System.Runtime, Version=9.0.0.0, Culture=neutral, PublicKeyToken=b03f5f7f11d50a3a'. The system cannot find the file specified.
Could not load file or assembly 'System.Runtime, Version=9.0.0.0, Culture=neutral, PublicKeyToken=b03f5f7f11d50a3a'. The system cannot find the file specified.
Could not load file or assembly 'System.Runtime, Version=9.0.0.0, Culture=neutral, PublicKeyToken=b03f5f7f11d50a3a'. The system cannot find the file specified.
Could not load file or assembly 'System.Runtime, Version=9.0.0.0, Culture=neutral, PublicKeyToken=b03f5f7f11d50a3a'. The system cannot find the file specified.
Could not load file or assembly 'System.Runtime, Version=9.0.0.0, Culture=neutral, PublicKeyToken=b03f5f7f11d50a3a'. The system cannot find the file specified.
Could not load file or assembly 'System.Runtime, Version=9.0.0.0, Culture=neutral, PublicKeyToken=b03f5f7f11d50a3a'. The system cannot find the file specified.
Could not load file or assembly 'System.Runtime, Version=9.0.0.0, Culture=neutral, PublicKeyToken=b03f5f7f11d50a3a'. The system cannot find the file specified.
Could not load file or assembly 'System.Runtime, Version=9.0.0.0, Culture=neutral, PublicKeyToken=b03f5f7f11d50a3a'. The system cannot find the file specified.
Could not load file or assembly 'System.Runtime, Version=9.0.0.0, Culture=neutral, PublicKeyToken=b03f5f7f11d50a3a'. The system cannot find the file specified.
Could not load file or assembly 'System.Runtime, Version=9.0.0.0, Culture=neutral, PublicKeyToken=b03f5f7f11d50a3a'. The system cannot find the file specified.
Could not load file or assembly 'System.Runtime, Version=9.0.0.0, Culture=neutral, PublicKeyToken=b03f5f7f11d50a3a'. The system cannot find the file specified.
Could not load file or assembly 'System.Runtime, Version=9.0.0.0, Culture=neutral, PublicKeyToken=b03f5f7f11d50a3a'. The system cannot find the file specified.
Could not load file or assembly 'System.Runtime, Version=9.0.0.0, Culture=neutral, PublicKeyToken=b03f5f7f11d50a3a'. The system cannot find the file specified.
Could not load file or assembly 'System.Runtime, Version=9.0.0.0, Culture=neutral, PublicKeyToken=b03f5f7f11d50a3a'. The system cannot find the file specified.
Could not load file or assembly 'System.Runtime, Version=9.0.0.0, Culture=neutral, PublicKeyToken=b03f5f7f11d50a3a'. The system cannot find the file specified.
Could not load file or assembly 'System.Runtime, Version=9.0.0.0, Culture=neutral, PublicKeyToken=b03f5f7f11d50a3a'. The system cannot find the file specified.
Could not load file or assembly 'System.Runtime, Version=9.0.0.0, Culture=neutral, PublicKeyToken=b03f5f7f11d50a3a'. The system cannot find the file specified.
Could not load file or assembly 'System.Runtime, Version=9.0.0.0, Culture=neutral, PublicKeyToken=b03f5f7f11d50a3a'. The system cannot find the file specified.
Could not load file or assembly 'System.Runtime, Version=9.0.0.0, Culture=neutral, PublicKeyToken=b03f5f7f11d50a3a'. The system cannot find the file specified.
Could not load file or assembly 'System.Runtime, Version=9.0.0.0, Culture=neutral, PublicKeyToken=b03f5f7f11d50a3a'. The system cannot find the file specified.
Could not load file or assembly 'System.Runtime, Version=9.0.0.0, Culture=neutral, PublicKeyToken=b03f5f7f11d50a3a'. The system cannot find the file specified.
Could not load file or assembly 'System.Runtime, Version=9.0.0.0, Culture=neutral, PublicKeyToken=b03f5f7f11d50a3a'. The system cannot find the file specified.
Could not load file or assembly 'System.Runtime, Version=9.0.0.0, Culture=neutral, PublicKeyToken=b03f5f7f11d50a3a'. The system cannot find the file specified.
Could not load file or assembly 'System.Runtime, Version=9.0.0.0, Culture=neutral, PublicKeyToken=b03f5f7f11d50a3a'. The system cannot find the file specified.
Could not load file or assembly 'System.Runtime, Version=9.0.0.0, Culture=neutral, PublicKeyToken=b03f5f7f11d50a3a'. The system cannot find the file specified.
Could not load file or assembly 'System.Runtime, Version=9.0.0.0, Culture=neutral, PublicKeyToken=b03f5f7f11d50a3a'. The system cannot find the file specified.
Could not load file or assembly 'System.Runtime, Version=9.0.0.0, Culture=neutral, PublicKeyToken=b03f5f7f11d50a3a'. The system cannot find the file specified.
Could not load file or assembly 'System.Runtime, Version=9.0.0.0, Culture=neutral, PublicKeyToken=b03f5f7f11d50a3a'. The system cannot find the file specified.
Could not load file or assembly 'System.Runtime, Version=9.0.0.0, Culture=neutral, PublicKeyToken=b03f5f7f11d50a3a'. The system cannot find the file specified.
Could not load file or assembly 'System.Runtime, Version=9.0.0.0, Culture=neutral, PublicKeyToken=b03f5f7f11d50a3a'. The system cannot find the file specified.
Could not load file or assembly 'System.Runtime, Version=9.0.0.0, Culture=neutral, PublicKeyToken=b03f5f7f11d50a3a'. The system cannot find the file specified.
Could not load file or assembly 'System.Runtime, Version=9.0.0.0, Culture=neutral, PublicKeyToken=b03f5f7f11d50a3a'. The system cannot find the file specified.
Could not load file or assembly 'System.Runtime, Version=9.0.0.0, Culture=neutral, PublicKeyToken=b03f5f7f11d50a3a'. The system cannot find the file specified.
Could not load file or assembly 'System.Runtime, Version=9.0.0.0, Culture=neutral, PublicKeyToken=b03f5f7f11d50a3a'. The system cannot find the file specified.
Could not load file or assembly 'System.Runtime, Version=9.0.0.0, Culture=neutral, PublicKeyToken=b03f5f7f11d50a3a'. The system cannot find the file specified.
Could not load file or assembly 'System.Runtime, Version=9.0.0.0, Culture=neutral, PublicKeyToken=b03f5f7f11d50a3a'. The system cannot find the file specified.
Could not load file or assembly 'System.Runtime, Version=9.0.0.0, Culture=neutral, PublicKeyToken=b03f5f7f11d50a3a'. The system cannot find the file specified.
Could not load file or assembly 'System.Runtime, Version=9.0.0.0, Culture=neutral, PublicKeyToken=b03f5f7f11d50a3a'. The system cannot find the file specified.
Could not load file or assembly 'System.Runtime, Version=9.0.0.0, Culture=neutral, PublicKeyToken=b03f5f7f11d50a3a'. The system cannot find the file specified.
Could not load file or assembly 'System.Runtime, Version=9.0.0.0, Culture=neutral, PublicKeyToken=b03f5f7f11d50a3a'. The system cannot find the file specified.
Could not load file or assembly 'System.Runtime, Version=9.0.0.0, Culture=neutral, PublicKeyToken=b03f5f7f11d50a3a'. The system cannot find the file specified.
Could not load file or assembly 'System.Runtime, Version=9.0.0.0, Culture=neutral, PublicKeyToken=b03f5f7f11d50a3a'. The system cannot find the file specified.
Could not load file or assembly 'System.Runtime, Version=9.0.0.0, Culture=neutral, PublicKeyToken=b03f5f7f11d50a3a'. The system cannot find the file specified.
Could not load file or assembly 'System.Runtime, Version=9.0.0.0, Culture=neutral, PublicKeyToken=b03f5f7f11d50a3a'. The system cannot find the file specified.
Could not load file or assembly 'System.Runtime, Version=9.0.0.0, Culture=neutral, PublicKeyToken=b03f5f7f11d50a3a'. The system cannot find the file specified.
Could not load file or assembly 'System.Runtime, Version=9.0.0.0, Culture=neutral, PublicKeyToken=b03f5f7f11d50a3a'. The system cannot find the file specified.
Could not load file or assembly 'System.Runtime, Version=9.0.0.0, Culture=neutral, PublicKeyToken=b03f5f7f11d50a3a'. The system cannot find the file specified.
Could not load file or assembly 'System.Runtime, Version=9.0.0.0, Culture=neutral, PublicKeyToken=b03f5f7f11d50a3a'. The system cannot find the file specified.
Could not load file or assembly 'System.Runtime, Version=9.0.0.0, Culture=neutral, PublicKeyToken=b03f5f7f11d50a3a'. The system cannot find the file specified.
Could not load file or assembly 'System.Runtime, Version=9.0.0.0, Culture=neutral, PublicKeyToken=b03f5f7f11d50a3a'. The system cannot find the file specified.
Could not load file or assembly 'System.Runtime, Version=9.0.0.0, Culture=neutral, PublicKeyToken=b03f5f7f11d50a3a'. The system cannot find the file specified.
Could not load file or assembly 'System.Runtime, Version=9.0.0.0, Culture=neutral, PublicKeyToken=b03f5f7f11d50a3a'. The system cannot find the file specified.
Could not load file or assembly 'System.Runtime, Version=9.0.0.0, Culture=neutral, PublicKeyToken=b03f5f7f11d50a3a'. The system cannot find the file specified.
Could not load file or assembly 'System.Runtime, Version=9.0.0.0, Culture=neutral, PublicKeyToken=b03f5f7f11d50a3a'. The system cannot find the file specified.
Could not load file or assembly 'System.Runtime, Version=9.0.0.0, Culture=neutral, PublicKeyToken=b03f5f7f11d50a3a'. The system cannot find the file specified.
  ----> System.Reflection.ReflectionTypeLoadException : Unable to load one or more of the requested types.
Could not load file or assembly 'System.Runtime, Version=9.0.0.0, Culture=neutral, PublicKeyToken=b03f5f7f11d50a3a'. The system cannot find the file specified.
Could not load file or assembly 'System.Runtime, Version=9.0.0.0, Culture=neutral, PublicKeyToken=b03f5f7f11d50a3a'. The system cannot find the file specified.
Could not load file or assembly 'System.Runtime, Version=9.0.0.0, Culture=neutral, PublicKeyToken=b03f5f7f11d50a3a'. The system cannot find the file specified.
Could not load file or assembly 'System.Runtime, Version=9.0.0.0, Culture=neutral, PublicKeyToken=b03f5f7f11d50a3a'. The system cannot find the file specified.
Could not load file or assembly 'System.Runtime, Version=9.0.0.0, Culture=neutral, PublicKeyToken=b03f5f7f11d50a3a'. The system cannot find the file specified.
Could not load file or assembly 'System.Runtime, Version=9.0.0.0, Culture=neutral, PublicKeyToken=b03f5f7f11d50a3a'. The system cannot find the file specified.
Could not load file or assembly 'System.Runtime, Version=9.0.0.0, Culture=neutral, PublicKeyToken=b03f5f7f11d50a3a'. The system cannot find the file specified.
Could not load file or assembly 'System.Runtime, Version=9.0.0.0, Culture=neutral, PublicKeyToken=b03f5f7f11d50a3a'. The system cannot find the file specified.
Could not load file or assembly 'System.Runtime, Version=9.0.0.0, Culture=neutral, PublicKeyToken=b03f5f7f11d50a3a'. The system cannot find the file specified.
Could not load file or assembly 'System.Runtime, Version=9.0.0.0, Culture=neutral, PublicKeyToken=b03f5f7f11d50a3a'. The system cannot find the file specified.
Could not load file or assembly 'System.Runtime, Version=9.0.0.0, Culture=neutral, PublicKeyToken=b03f5f7f11d50a3a'. The system cannot find the file specified.
Could not load file or assembly 'System.Runtime, Version=9.0.0.0, Culture=neutral, PublicKeyToken=b03f5f7f11d50a3a'. The system cannot find the file specified.
Could not load file or assembly 'System.Runtime, Version=9.0.0.0, Culture=neutral, PublicKeyToken=b03f5f7f11d50a3a'. The system cannot find the file specified.
Could not load file or assembly 'System.Runtime, Version=9.0.0.0, Culture=neutral, PublicKeyToken=b03f5f7f11d50a3a'. The system cannot find the file specified.
Could not load file or assembly 'System.Runtime, Version=9.0.0.0, Culture=neutral, PublicKeyToken=b03f5f7f11d50a3a'. The system cannot find the file specified.
Could not load file or assembly 'System.Runtime, Version=9.0.0.0, Culture=neutral, PublicKeyToken=b03f5f7f11d50a3a'. The system cannot find the file specified.
Could not load file or assembly 'System.Runtime, Version=9.0.0.0, Culture=neutral, PublicKeyToken=b03f5f7f11d50a3a'. The system cannot find the file specified.
Could not load file or assembly 'System.Runtime, Version=9.0.0.0, Culture=neutral, PublicKeyToken=b03f5f7f11d50a3a'. The system cannot find the file specified.
Could not load file or assembly 'System.Runtime, Version=9.0.0.0, Culture=neutral, PublicKeyToken=b03f5f7f11d50a3a'. The system cannot find the file specified.
Could not load file or assembly 'System.Runtime, Version=9.0.0.0, Culture=neutral, PublicKeyToken=b03f5f7f11d50a3a'. The system cannot find the file specified.
Could not load file or assembly 'System.Runtime, Version=9.0.0.0, Culture=neutral, PublicKeyToken=b03f5f7f11d50a3a'. The system cannot find the file specified.
Could not load file or assembly 'System.Runtime, Version=9.0.0.0, Culture=neutral, PublicKeyToken=b03f5f7f11d50a3a'. The system cannot find the file specified.
Could not load file or assembly 'System.Runtime, Version=9.0.0.0, Culture=neutral, PublicKeyToken=b03f5f7f11d50a3a'. The system cannot find the file specified.
Could not load file or assembly 'System.Runtime, Version=9.0.0.0, Culture=neutral, PublicKeyToken=b03f5f7f11d50a3a'. The system cannot find the file specified.
Could not load file or assembly 'System.Runtime, Version=9.0.0.0, Culture=neutral, PublicKeyToken=b03f5f7f11d50a3a'. The system cannot find the file specified.
Could not load file or assembly 'System.Runtime, Version=9.0.0.0, Culture=neutral, PublicKeyToken=b03f5f7f11d50a3a'. The system cannot find the file specified.
Could not load file or assembly 'System.Runtime, Version=9.0.0.0, Culture=neutral, PublicKeyToken=b03f5f7f11d50a3a'. The system cannot find the file specified.
Could not load file or assembly 'System.Runtime, Version=9.0.0.0, Culture=neutral, PublicKeyToken=b03f5f7f11d50a3a'. The system cannot find the file specified.
Could not load file or assembly 'System.Runtime, Version=9.0.0.0, Culture=neutral, PublicKeyToken=b03f5f7f11d50a3a'. The system cannot find the file specified.
Could not load file or assembly 'System.Runtime, Version=9.0.0.0, Culture=neutral, PublicKeyToken=b03f5f7f11d50a3a'. The system cannot find the file specified.
Could not load file or assembly 'System.Runtime, Version=9.0.0.0, Culture=neutral, PublicKeyToken=b03f5f7f11d50a3a'. The system cannot find the file specified.
Could not load file or assembly 'System.Runtime, Version=9.0.0.0, Culture=neutral, PublicKeyToken=b03f5f7f11d50a3a'. The system cannot find the file specified.
Could not load file or assembly 'System.Runtime, Version=9.0.0.0, Culture=neutral, PublicKeyToken=b03f5f7f11d50a3a'. The system cannot find the file specified.
Could not load file or assembly 'System.Runtime, Version=9.0.0.0, Culture=neutral, PublicKeyToken=b03f5f7f11d50a3a'. The system cannot find the file specified.
Could not load file or assembly 'System.Runtime, Version=9.0.0.0, Culture=neutral, PublicKeyToken=b03f5f7f11d50a3a'. The system cannot find the file specified.
Could not load file or assembly 'System.Runtime, Version=9.0.0.0, Culture=neutral, PublicKeyToken=b03f5f7f11d50a3a'. The system cannot find the file specified.
Could not load file or assembly 'System.Runtime, Version=9.0.0.0, Culture=neutral, PublicKeyToken=b03f5f7f11d50a3a'. The system cannot find the file specified.
Could not load file or assembly 'System.Runtime, Version=9.0.0.0, Culture=neutral, PublicKeyToken=b03f5f7f11d50a3a'. The system cannot find the file specified.
Could not load file or assembly 'System.Runtime, Version=9.0.0.0, Culture=neutral, PublicKeyToken=b03f5f7f11d50a3a'. The system cannot find the file specified.
Could not load file or assembly 'System.Runtime, Version=9.0.0.0, Culture=neutral, PublicKeyToken=b03f5f7f11d50a3a'. The system cannot find the file specified.
Could not load file or assembly 'System.Runtime, Version=9.0.0.0, Culture=neutral, PublicKeyToken=b03f5f7f11d50a3a'. The system cannot find the file specified.
Could not load file or assembly 'System.Runtime, Version=9.0.0.0, Culture=neutral, PublicKeyToken=b03f5f7f11d50a3a'. The system cannot find the file specified.
Could not load file or assembly 'System.Runtime, Version=9.0.0.0, Culture=neutral, PublicKeyToken=b03f5f7f11d50a3a'. The system cannot find the file specified.
Could not load file or assembly 'System.Runtime, Version=9.0.0.0, Culture=neutral, PublicKeyToken=b03f5f7f11d50a3a'. The system cannot find the file specified.
Could not load file or assembly 'System.Runtime, Version=9.0.0.0, Culture=neutral, PublicKeyToken=b03f5f7f11d50a3a'. The system cannot find the file specified.
Could not load file or assembly 'System.Runtime, Version=9.0.0.0, Culture=neutral, PublicKeyToken=b03f5f7f11d50a3a'. The system cannot find the file specified.
Could not load file or assembly 'System.Runtime, Version=9.0.0.0, Culture=neutral, PublicKeyToken=b03f5f7f11d50a3a'. The system cannot find the file specified.
Could not load file or assembly 'System.Runtime, Version=9.0.0.0, Culture=neutral, PublicKeyToken=b03f5f7f11d50a3a'. The system cannot find the file specified.
Could not load file or assembly 'System.Runtime, Version=9.0.0.0, Culture=neutral, PublicKeyToken=b03f5f7f11d50a3a'. The system cannot find the file specified.
Could not load file or assembly 'System.Runtime, Version=9.0.0.0, Culture=neutral, PublicKeyToken=b03f5f7f11d50a3a'. The system cannot find the file specified.
Could not load file or assembly 'System.Runtime, Version=9.0.0.0, Culture=neutral, PublicKeyToken=b03f5f7f11d50a3a'. The system cannot find the file specified.
Could not load file or assembly 'System.Runtime, Version=9.0.0.0, Culture=neutral, PublicKeyToken=b03f5f7f11d50a3a'. The system cannot find the file specified.
Could not load file or assembly 'System.Runtime, Version=9.0.0.0, Culture=neutral, PublicKeyToken=b03f5f7f11d50a3a'. The system cannot find the file specified.
Could not load file or assembly 'System.Runtime, Version=9.0.0.0, Culture=neutral, PublicKeyToken=b03f5f7f11d50a3a'. The system cannot find the file specified.
Could not load file or assembly 'System.Runtime, Version=9.0.0.0, Culture=neutral, PublicKeyToken=b03f5f7f11d50a3a'. The system cannot find the file specified.
Could not load file or assembly 'System.Runtime, Version=9.0.0.0, Culture=neutral, PublicKeyToken=b03f5f7f11d50a3a'. The system cannot find the file specified.
Could not load file or assembly 'System.Runtime, Version=9.0.0.0, Culture=neutral, PublicKeyToken=b03f5f7f11d50a3a'. The system cannot find the file specified.
Could not load file or assembly 'System.Runtime, Version=9.0.0.0, Culture=neutral, PublicKeyToken=b03f5f7f11d50a3a'. The system cannot find the file specified.
Could not load file or assembly 'System.Runtime, Version=9.0.0.0, Culture=neutral, PublicKeyToken=b03f5f7f11d50a3a'. The system cannot find the file specified.
Could not load file or assembly 'System.Runtime, Version=9.0.0.0, Culture=neutral, PublicKeyToken=b03f5f7f11d50a3a'. The system cannot find the file specified.
Could not load file or assembly 'System.Runtime, Version=9.0.0.0, Culture=neutral, PublicKeyToken=b03f5f7f11d50a3a'. The system cannot find the file specified.
Could not load file or assembly 'System.Runtime, Version=9.0.0.0, Culture=neutral, PublicKeyToken=b03f5f7f11d50a3a'. The system cannot find the file specified.
Could not load file or assembly 'System.Runtime, Version=9.0.0.0, Culture=neutral, PublicKeyToken=b03f5f7f11d50a3a'. The system cannot find the file specified.
Could not load file or assembly 'System.Runtime, Version=9.0.0.0, Culture=neutral, PublicKeyToken=b03f5f7f11d50a3a'. The system cannot find the file specified.
Could not load file or assembly 'System.Runtime, Version=9.0.0.0, Culture=neutral, PublicKeyToken=b03f5f7f11d50a3a'. The system cannot find the file specified.
Could not load file or assembly 'System.Runtime, Version=9.0.0.0, Culture=neutral, PublicKeyToken=b03f5f7f11d50a3a'. The system cannot find the file specified.
Could not load file or assembly 'System.Runtime, Version=9.0.0.0, Culture=neutral, PublicKeyToken=b03f5f7f11d50a3a'. The system cannot find the file specified.
Could not load file or assembly 'System.Runtime, Version=9.0.0.0, Culture=neutral, PublicKeyToken=b03f5f7f11d50a3a'. The system cannot find the file specified.
Could not load file or assembly 'System.Runtime, Version=9.0.0.0, Culture=neutral, PublicKeyToken=b03f5f7f11d50a3a'. The system cannot find the file specified.
Could not load file or assembly 'System.Runtime, Version=9.0.0.0, Culture=neutral, PublicKeyToken=b03f5f7f11d50a3a'. The system cannot find the file specified.
Could not load file or assembly 'System.Runtime, Version=9.0.0.0, Culture=neutral, PublicKeyToken=b03f5f7f11d50a3a'. The system cannot find the file specified.
Could not load file or assembly 'System.Runtime, Version=9.0.0.0, Culture=neutral, PublicKeyToken=b03f5f7f11d50a3a'. The system cannot find the file specified.
Could not load file or assembly 'System.Runtime, Version=9.0.0.0, Culture=neutral, PublicKeyToken=b03f5f7f11d50a3a'. The system cannot find the file specified.
Could not load file or assembly 'System.Runtime, Version=9.0.0.0, Culture=neutral, PublicKeyToken=b03f5f7f11d50a3a'. The system cannot find the file specified.
Could not load file or assembly 'System.Runtime, Version=9.0.0.0, Culture=neutral, PublicKeyToken=b03f5f7f11d50a3a'. The system cannot find the file specified.
Could not load file or assembly 'System.Runtime, Version=9.0.0.0, Culture=neutral, PublicKeyToken=b03f5f7f11d50a3a'. The system cannot find the file specified.
Could not load file or assembly 'System.Runtime, Version=9.0.0.0, Culture=neutral, PublicKeyToken=b03f5f7f11d50a3a'. The system cannot find the file specified.
  ----> System.Reflection.ReflectionTypeLoadException : Unable to load one or more of the requested types.
Could not load file or assembly 'System.Runtime, Version=9.0.0.0, Culture=neutral, PublicKeyToken=b03f5f7f11d50a3a'. The system cannot find the file specified.
Could not load file or assembly 'System.Runtime, Version=9.0.0.0, Culture=neutral, PublicKeyToken=b03f5f7f11d50a3a'. The system cannot find the file specified.
Could not load file or assembly 'System.Runtime, Version=9.0.0.0, Culture=neutral, PublicKeyToken=b03f5f7f11d50a3a'. The system cannot find the file specified.
Could not load file or assembly 'System.Runtime, Version=9.0.0.0, Culture=neutral, PublicKeyToken=b03f5f7f11d50a3a'. The system cannot find the file specified.
Could not load file or assembly 'System.Runtime, Version=9.0.0.0, Culture=neutral, PublicKeyToken=b03f5f7f11d50a3a'. The system cannot find the file specified.
Could not load file or assembly 'System.Runtime, Version=9.0.0.0, Culture=neutral, PublicKeyToken=b03f5f7f11d50a3a'. The system cannot find the file specified.
Could not load file or assembly 'System.Runtime, Version=9.0.0.0, Culture=neutral, PublicKeyToken=b03f5f7f11d50a3a'. The system cannot find the file specified.
Could not load file or assembly 'System.Runtime, Version=9.0.0.0, Culture=neutral, PublicKeyToken=b03f5f7f11d50a3a'. The system cannot find the file specified.
Could not load file or assembly 'System.Runtime, Version=9.0.0.0, Culture=neutral, PublicKeyToken=b03f5f7f11d50a3a'. The system cannot find the file specified.
Could not load file or assembly 'System.Runtime, Version=9.0.0.0, Culture=neutral, PublicKeyToken=b03f5f7f11d50a3a'. The system cannot find the file specified.
Could not load file or assembly 'System.Runtime, Version=9.0.0.0, Culture=neutral, PublicKeyToken=b03f5f7f11d50a3a'. The system cannot find the file specified.
Could not load file or assembly 'System.Runtime, Version=9.0.0.0, Culture=neutral, PublicKeyToken=b03f5f7f11d50a3a'. The system cannot find the file specified.
Could not load file or assembly 'System.Runtime, Version=9.0.0.0, Culture=neutral, PublicKeyToken=b03f5f7f11d50a3a'. The system cannot find the file specified.
Could not load file or assembly 'System.Runtime, Version=9.0.0.0, Culture=neutral, PublicKeyToken=b03f5f7f11d50a3a'. The system cannot find the file specified.
Could not load file or assembly 'System.Runtime, Version=9.0.0.0, Culture=neutral, PublicKeyToken=b03f5f7f11d50a3a'. The system cannot find the file specified.
Could not load file or assembly 'System.Runtime, Version=9.0.0.0, Culture=neutral, PublicKeyToken=b03f5f7f11d50a3a'. The system cannot find the file specified.
Could not load file or assembly 'System.Runtime, Version=9.0.0.0, Culture=neutral, PublicKeyToken=b03f5f7f11d50a3a'. The system cannot find the file specified.
Could not load file or assembly 'System.Runtime, Version=9.0.0.0, Culture=neutral, PublicKeyToken=b03f5f7f11d50a3a'. The system cannot find the file specified.
Could not load file or assembly 'System.Runtime, Version=9.0.0.0, Culture=neutral, PublicKeyToken=b03f5f7f11d50a3a'. The system cannot find the file specified.
Could not load file or assembly 'System.Runtime, Version=9.0.0.0, Culture=neutral, PublicKeyToken=b03f5f7f11d50a3a'. The system cannot find the file specified.
Could not load file or assembly 'System.Runtime, Version=9.0.0.0, Culture=neutral, PublicKeyToken=b03f5f7f11d50a3a'. The system cannot find the file specified.
Could not load file or assembly 'System.Runtime, Version=9.0.0.0, Culture=neutral, PublicKeyToken=b03f5f7f11d50a3a'. The system cannot find the file specified.
Could not load file or assembly 'System.Runtime, Version=9.0.0.0, Culture=neutral, PublicKeyToken=b03f5f7f11d50a3a'. The system cannot find the file specified.
Could not load file or assembly 'System.Runtime, Version=9.0.0.0, Culture=neutral, PublicKeyToken=b03f5f7f11d50a3a'. The system cannot find the file specified.
Could not load file or assembly 'System.Runtime, Version=9.0.0.0, Culture=neutral, PublicKeyToken=b03f5f7f11d50a3a'. The system cannot find the file specified.
Could not load file or assembly 'System.Runtime, Version=9.0.0.0, Culture=neutral, PublicKeyToken=b03f5f7f11d50a3a'. The system cannot find the file specified.
Could not load file or assembly 'System.Runtime, Version=9.0.0.0, Culture=neutral, PublicKeyToken=b03f5f7f11d50a3a'. The system cannot find the file specified.
Could not load file or assembly 'System.Runtime, Version=9.0.0.0, Culture=neutral, PublicKeyToken=b03f5f7f11d50a3a'. The system cannot find the file specified.
Could not load file or assembly 'System.Runtime, Version=9.0.0.0, Culture=neutral, PublicKeyToken=b03f5f7f11d50a3a'. The system cannot find the file specified.
Could not load file or assembly 'System.Runtime, Version=9.0.0.0, Culture=neutral, PublicKeyToken=b03f5f7f11d50a3a'. The system cannot find the file specified.
Could not load file or assembly 'System.Runtime, Version=9.0.0.0, Culture=neutral, PublicKeyToken=b03f5f7f11d50a3a'. The system cannot find the file specified.
Could not load file or assembly 'System.Runtime, Version=9.0.0.0, Culture=neutral, PublicKeyToken=b03f5f7f11d50a3a'. The system cannot find the file specified.
Could not load file or assembly 'System.Runtime, Version=9.0.0.0, Culture=neutral, PublicKeyToken=b03f5f7f11d50a3a'. The system cannot find the file specified.
Could not load file or assembly 'System.Runtime, Version=9.0.0.0, Culture=neutral, PublicKeyToken=b03f5f7f11d50a3a'. The system cannot find the file specified.
Could not load file or assembly 'System.Runtime, Version=9.0.0.0, Culture=neutral, PublicKeyToken=b03f5f7f11d50a3a'. The system cannot find the file specified.
Could not load file or assembly 'System.Runtime, Version=9.0.0.0, Culture=neutral, PublicKeyToken=b03f5f7f11d50a3a'. The system cannot find the file specified.
Could not load file or assembly 'System.Runtime, Version=9.0.0.0, Culture=neutral, PublicKeyToken=b03f5f7f11d50a3a'. The system cannot find the file specified.
Could not load file or assembly 'System.Runtime, Version=9.0.0.0, Culture=neutral, PublicKeyToken=b03f5f7f11d50a3a'. The system cannot find the file specified.
Could not load file or assembly 'System.Runtime, Version=9.0.0.0, Culture=neutral, PublicKeyToken=b03f5f7f11d50a3a'. The system cannot find the file specified.
Could not load file or assembly 'System.Runtime, Version=9.0.0.0, Culture=neutral, PublicKeyToken=b03f5f7f11d50a3a'. The system cannot find the file specified.
Could not load file or assembly 'System.Runtime, Version=9.0.0.0, Culture=neutral, PublicKeyToken=b03f5f7f11d50a3a'. The system cannot find the file specified.
Could not load file or assembly 'System.Runtime, Version=9.0.0.0, Culture=neutral, PublicKeyToken=b03f5f7f11d50a3a'. The system cannot find the file specified.
Could not load file or assembly 'System.Runtime, Version=9.0.0.0, Culture=neutral, PublicKeyToken=b03f5f7f11d50a3a'. The system cannot find the file specified.
Could not load file or assembly 'System.Runtime, Version=9.0.0.0, Culture=neutral, PublicKeyToken=b03f5f7f11d50a3a'. The system cannot find the file specified.
Could not load file or assembly 'System.Runtime, Version=9.0.0.0, Culture=neutral, PublicKeyToken=b03f5f7f11d50a3a'. The system cannot find the file specified.
Could not load file or assembly 'System.Runtime, Version=9.0.0.0, Culture=neutral, PublicKeyToken=b03f5f7f11d50a3a'. The system cannot find the file specified.
Could not load file or assembly 'System.Runtime, Version=9.0.0.0, Culture=neutral, PublicKeyToken=b03f5f7f11d50a3a'. The system cannot find the file specified.
Could not load file or assembly 'System.Runtime, Version=9.0.0.0, Culture=neutral, PublicKeyToken=b03f5f7f11d50a3a'. The system cannot find the file specified.
Could not load file or assembly 'System.Runtime, Version=9.0.0.0, Culture=neutral, PublicKeyToken=b03f5f7f11d50a3a'. The system cannot find the file specified.
Could not load file or assembly 'System.Runtime, Version=9.0.0.0, Culture=neutral, PublicKeyToken=b03f5f7f11d50a3a'. The system cannot find the file specified.
Could not load file or assembly 'System.Runtime, Version=9.0.0.0, Culture=neutral, PublicKeyToken=b03f5f7f11d50a3a'. The system cannot find the file specified.
Could not load file or assembly 'System.Runtime, Version=9.0.0.0, Culture=neutral, PublicKeyToken=b03f5f7f11d50a3a'. The system cannot find the file specified.
Could not load file or assembly 'System.Runtime, Version=9.0.0.0, Culture=neutral, PublicKeyToken=b03f5f7f11d50a3a'. The system cannot find the file specified.
Could not load file or assembly 'System.Runtime, Version=9.0.0.0, Culture=neutral, PublicKeyToken=b03f5f7f11d50a3a'. The system cannot find the file specified.
Could not load file or assembly 'System.Runtime, Version=9.0.0.0, Culture=neutral, PublicKeyToken=b03f5f7f11d50a3a'. The system cannot find the file specified.
Could not load file or assembly 'System.Runtime, Version=9.0.0.0, Culture=neutral, PublicKeyToken=b03f5f7f11d50a3a'. The system cannot find the file specified.
Could not load file or assembly 'System.Runtime, Version=9.0.0.0, Culture=neutral, PublicKeyToken=b03f5f7f11d50a3a'. The system cannot find the file specified.
Could not load file or assembly 'System.Runtime, Version=9.0.0.0, Culture=neutral, PublicKeyToken=b03f5f7f11d50a3a'. The system cannot find the file specified.
Could not load file or assembly 'System.Runtime, Version=9.0.0.0, Culture=neutral, PublicKeyToken=b03f5f7f11d50a3a'. The system cannot find the file specified.
Could not load file or assembly 'System.Runtime, Version=9.0.0.0, Culture=neutral, PublicKeyToken=b03f5f7f11d50a3a'. The system cannot find the file specified.
Could not load file or assembly 'System.Runtime, Version=9.0.0.0, Culture=neutral, PublicKeyToken=b03f5f7f11d50a3a'. The system cannot find the file specified.
Could not load file or assembly 'System.Runtime, Version=9.0.0.0, Culture=neutral, PublicKeyToken=b03f5f7f11d50a3a'. The system cannot find the file specified.
Could not load file or assembly 'System.Runtime, Version=9.0.0.0, Culture=neutral, PublicKeyToken=b03f5f7f11d50a3a'. The system cannot find the file specified.
Could not load file or assembly 'System.Runtime, Version=9.0.0.0, Culture=neutral, PublicKeyToken=b03f5f7f11d50a3a'. The system cannot find the file specified.
Could not load file or assembly 'System.Runtime, Version=9.0.0.0, Culture=neutral, PublicKeyToken=b03f5f7f11d50a3a'. The system cannot find the file specified.
Could not load file or assembly 'System.Runtime, Version=9.0.0.0, Culture=neutral, PublicKeyToken=b03f5f7f11d50a3a'. The system cannot find the file specified.
Could not load file or assembly 'System.Runtime, Version=9.0.0.0, Culture=neutral, PublicKeyToken=b03f5f7f11d50a3a'. The system cannot find the file specified.
Could not load file or assembly 'System.Runtime, Version=9.0.0.0, Culture=neutral, PublicKeyToken=b03f5f7f11d50a3a'. The system cannot find the file specified.
Could not load file or assembly 'System.Runtime, Version=9.0.0.0, Culture=neutral, PublicKeyToken=b03f5f7f11d50a3a'. The system cannot find the file specified.
Could not load file or assembly 'System.Runtime, Version=9.0.0.0, Culture=neutral, PublicKeyToken=b03f5f7f11d50a3a'. The system cannot find the file specified.
Could not load file or assembly 'System.Runtime, Version=9.0.0.0, Culture=neutral, PublicKeyToken=b03f5f7f11d50a3a'. The system cannot find the file specified.
Could not load file or assembly 'System.Runtime, Version=9.0.0.0, Culture=neutral, PublicKeyToken=b03f5f7f11d50a3a'. The system cannot find the file specified.
Could not load file or assembly 'System.Runtime, Version=9.0.0.0, Culture=neutral, PublicKeyToken=b03f5f7f11d50a3a'. The system cannot find the file specified.
Could not load file or assembly 'System.Runtime, Version=9.0.0.0, Culture=neutral, PublicKeyToken=b03f5f7f11d50a3a'. The system cannot find the file specified.
Could not load file or assembly 'System.Runtime, Version=9.0.0.0, Culture=neutral, PublicKeyToken=b03f5f7f11d50a3a'. The system cannot find the file specified.
Could not load file or assembly 'System.Runtime, Version=9.0.0.0, Culture=neutral, PublicKeyToken=b03f5f7f11d50a3a'. The system cannot find the file specified.
Could not load file or assembly 'System.Runtime, Version=9.0.0.0, Culture=neutral, PublicKeyToken=b03f5f7f11d50a3a'. The system cannot find the file specified.
  ----> System.Reflection.ReflectionTypeLoadException : Unable to load one or more of the requested types.
Could not load file or assembly 'System.Runtime, Version=9.0.0.0, Culture=neutral, PublicKeyToken=b03f5f7f11d50a3a'. The system cannot find the file specified.
Could not load file or assembly 'System.Runtime, Version=9.0.0.0, Culture=neutral, PublicKeyToken=b03f5f7f11d50a3a'. The system cannot find the file specified.
Could not load file or assembly 'System.Runtime, Version=9.0.0.0, Culture=neutral, PublicKeyToken=b03f5f7f11d50a3a'. The system cannot find the file specified.
Could not load file or assembly 'System.Runtime, Version=9.0.0.0, Culture=neutral, PublicKeyToken=b03f5f7f11d50a3a'. The system cannot find the file specified.
Could not load file or assembly 'System.Runtime, Version=9.0.0.0, Culture=neutral, PublicKeyToken=b03f5f7f11d50a3a'. The system cannot find the file specified.
Could not load file or assembly 'System.Runtime, Version=9.0.0.0, Culture=neutral, PublicKeyToken=b03f5f7f11d50a3a'. The system cannot find the file specified.
Could not load file or assembly 'System.Runtime, Version=9.0.0.0, Culture=neutral, PublicKeyToken=b03f5f7f11d50a3a'. The system cannot find the file specified.
Could not load file or assembly 'System.Runtime, Version=9.0.0.0, Culture=neutral, PublicKeyToken=b03f5f7f11d50a3a'. The system cannot find the file specified.
Could not load file or assembly 'System.Runtime, Version=9.0.0.0, Culture=neutral, PublicKeyToken=b03f5f7f11d50a3a'. The system cannot find the file specified.
Could not load file or assembly 'System.Runtime, Version=9.0.0.0, Culture=neutral, PublicKeyToken=b03f5f7f11d50a3a'. The system cannot find the file specified.
Could not load file or assembly 'System.Runtime, Version=9.0.0.0, Culture=neutral, PublicKeyToken=b03f5f7f11d50a3a'. The system cannot find the file specified.
Could not load file or assembly 'System.Runtime, Version=9.0.0.0, Culture=neutral, PublicKeyToken=b03f5f7f11d50a3a'. The system cannot find the file specified.
Could not load file or assembly 'System.Runtime, Version=9.0.0.0, Culture=neutral, PublicKeyToken=b03f5f7f11d50a3a'. The system cannot find the file specified.
Could not load file or assembly 'System.Runtime, Version=9.0.0.0, Culture=neutral, PublicKeyToken=b03f5f7f11d50a3a'. The system cannot find the file specified.
Could not load file or assembly 'System.Runtime, Version=9.0.0.0, Culture=neutral, PublicKeyToken=b03f5f7f11d50a3a'. The system cannot find the file specified.
Could not load file or assembly 'System.Runtime, Version=9.0.0.0, Culture=neutral, PublicKeyToken=b03f5f7f11d50a3a'. The system cannot find the file specified.
Could not load file or assembly 'System.Runtime, Version=9.0.0.0, Culture=neutral, PublicKeyToken=b03f5f7f11d50a3a'. The system cannot find the file specified.
Could not load file or assembly 'System.Runtime, Version=9.0.0.0, Culture=neutral, PublicKeyToken=b03f5f7f11d50a3a'. The system cannot find the file specified.
Could not load file or assembly 'System.Runtime, Version=9.0.0.0, Culture=neutral, PublicKeyToken=b03f5f7f11d50a3a'. The system cannot find the file specified.
Could not load file or assembly 'System.Runtime, Version=9.0.0.0, Culture=neutral, PublicKeyToken=b03f5f7f11d50a3a'. The system cannot find the file specified.
Could not load file or assembly 'System.Runtime, Version=9.0.0.0, Culture=neutral, PublicKeyToken=b03f5f7f11d50a3a'. The system cannot find the file specified.
Could not load file or assembly 'System.Runtime, Version=9.0.0.0, Culture=neutral, PublicKeyToken=b03f5f7f11d50a3a'. The system cannot find the file specified.
Could not load file or assembly 'System.Runtime, Version=9.0.0.0, Culture=neutral, PublicKeyToken=b03f5f7f11d50a3a'. The system cannot find the file specified.
Could not load file or assembly 'System.Runtime, Version=9.0.0.0, Culture=neutral, PublicKeyToken=b03f5f7f11d50a3a'. The system cannot find the file specified.
Could not load file or assembly 'System.Runtime, Version=9.0.0.0, Culture=neutral, PublicKeyToken=b03f5f7f11d50a3a'. The system cannot find the file specified.
Could not load file or assembly 'System.Runtime, Version=9.0.0.0, Culture=neutral, PublicKeyToken=b03f5f7f11d50a3a'. The system cannot find the file specified.
Could not load file or assembly 'System.Runtime, Version=9.0.0.0, Culture=neutral, PublicKeyToken=b03f5f7f11d50a3a'. The system cannot find the file specified.
Could not load file or assembly 'System.Runtime, Version=9.0.0.0, Culture=neutral, PublicKeyToken=b03f5f7f11d50a3a'. The system cannot find the file specified.
Could not load file or assembly 'System.Runtime, Version=9.0.0.0, Culture=neutral, PublicKeyToken=b03f5f7f11d50a3a'. The system cannot find the file specified.
Could not load file or assembly 'System.Runtime, Version=9.0.0.0, Culture=neutral, PublicKeyToken=b03f5f7f11d50a3a'. The system cannot find the file specified.
Could not load file or assembly 'System.Runtime, Version=9.0.0.0, Culture=neutral, PublicKeyToken=b03f5f7f11d50a3a'. The system cannot find the file specified.
Could not load file or assembly 'System.Runtime, Version=9.0.0.0, Culture=neutral, PublicKeyToken=b03f5f7f11d50a3a'. The system cannot find the file specified.
Could not load file or assembly 'System.Runtime, Version=9.0.0.0, Culture=neutral, PublicKeyToken=b03f5f7f11d50a3a'. The system cannot find the file specified.
Could not load file or assembly 'System.Runtime, Version=9.0.0.0, Culture=neutral, PublicKeyToken=b03f5f7f11d50a3a'. The system cannot find the file specified.
Could not load file or assembly 'System.Runtime, Version=9.0.0.0, Culture=neutral, PublicKeyToken=b03f5f7f11d50a3a'. The system cannot find the file specified.
Could not load file or assembly 'System.Runtime, Version=9.0.0.0, Culture=neutral, PublicKeyToken=b03f5f7f11d50a3a'. The system cannot find the file specified.
Could not load file or assembly 'System.Runtime, Version=9.0.0.0, Culture=neutral, PublicKeyToken=b03f5f7f11d50a3a'. The system cannot find the file specified.
Could not load file or assembly 'System.Runtime, Version=9.0.0.0, Culture=neutral, PublicKeyToken=b03f5f7f11d50a3a'. The system cannot find the file specified.
Could not load file or assembly 'System.Runtime, Version=9.0.0.0, Culture=neutral, PublicKeyToken=b03f5f7f11d50a3a'. The system cannot find the file specified.
Could not load file or assembly 'System.Runtime, Version=9.0.0.0, Culture=neutral, PublicKeyToken=b03f5f7f11d50a3a'. The system cannot find the file specified.
Could not load file or assembly 'System.Runtime, Version=9.0.0.0, Culture=neutral, PublicKeyToken=b03f5f7f11d50a3a'. The system cannot find the file specified.
Could not load file or assembly 'System.Runtime, Version=9.0.0.0, Culture=neutral, PublicKeyToken=b03f5f7f11d50a3a'. The system cannot find the file specified.
Could not load file or assembly 'System.Runtime, Version=9.0.0.0, Culture=neutral, PublicKeyToken=b03f5f7f11d50a3a'. The system cannot find the file specified.
Could not load file or assembly 'System.Runtime, Version=9.0.0.0, Culture=neutral, PublicKeyToken=b03f5f7f11d50a3a'. The system cannot find the file specified.
Could not load file or assembly 'System.Runtime, Version=9.0.0.0, Culture=neutral, PublicKeyToken=b03f5f7f11d50a3a'. The system cannot find the file specified.
Could not load file or assembly 'System.Runtime, Version=9.0.0.0, Culture=neutral, PublicKeyToken=b03f5f7f11d50a3a'. The system cannot find the file specified.
Could not load file or assembly 'System.Runtime, Version=9.0.0.0, Culture=neutral, PublicKeyToken=b03f5f7f11d50a3a'. The system cannot find the file specified.
Could not load file or assembly 'System.Runtime, Version=9.0.0.0, Culture=neutral, PublicKeyToken=b03f5f7f11d50a3a'. The system cannot find the file specified.
Could not load file or assembly 'System.Runtime, Version=9.0.0.0, Culture=neutral, PublicKeyToken=b03f5f7f11d50a3a'. The system cannot find the file specified.
Could not load file or assembly 'System.Runtime, Version=9.0.0.0, Culture=neutral, PublicKeyToken=b03f5f7f11d50a3a'. The system cannot find the file specified.
Could not load file or assembly 'System.Runtime, Version=9.0.0.0, Culture=neutral, PublicKeyToken=b03f5f7f11d50a3a'. The system cannot find the file specified.
Could not load file or assembly 'System.Runtime, Version=9.0.0.0, Culture=neutral, PublicKeyToken=b03f5f7f11d50a3a'. The system cannot find the file specified.
Could not load file or assembly 'System.Runtime, Version=9.0.0.0, Culture=neutral, PublicKeyToken=b03f5f7f11d50a3a'. The system cannot find the file specified.
Could not load file or assembly 'System.Runtime, Version=9.0.0.0, Culture=neutral, PublicKeyToken=b03f5f7f11d50a3a'. The system cannot find the file specified.
Could not load file or assembly 'System.Runtime, Version=9.0.0.0, Culture=neutral, PublicKeyToken=b03f5f7f11d50a3a'. The system cannot find the file specified.
Could not load file or assembly 'System.Runtime, Version=9.0.0.0, Culture=neutral, PublicKeyToken=b03f5f7f11d50a3a'. The system cannot find the file specified.
Could not load file or assembly 'System.Runtime, Version=9.0.0.0, Culture=neutral, PublicKeyToken=b03f5f7f11d50a3a'. The system cannot find the file specified.
Could not load file or assembly 'System.Runtime, Version=9.0.0.0, Culture=neutral, PublicKeyToken=b03f5f7f11d50a3a'. The system cannot find the file specified.
Could not load file or assembly 'System.Runtime, Version=9.0.0.0, Culture=neutral, PublicKeyToken=b03f5f7f11d50a3a'. The system cannot find the file specified.
Could not load file or assembly 'System.Runtime, Version=9.0.0.0, Culture=neutral, PublicKeyToken=b03f5f7f11d50a3a'. The system cannot find the file specified.
Could not load file or assembly 'System.Runtime, Version=9.0.0.0, Culture=neutral, PublicKeyToken=b03f5f7f11d50a3a'. The system cannot find the file specified.
Could not load file or assembly 'System.Runtime, Version=9.0.0.0, Culture=neutral, PublicKeyToken=b03f5f7f11d50a3a'. The system cannot find the file specified.
Could not load file or assembly 'System.Runtime, Version=9.0.0.0, Culture=neutral, PublicKeyToken=b03f5f7f11d50a3a'. The system cannot find the file specified.
Could not load file or assembly 'System.Runtime, Version=9.0.0.0, Culture=neutral, PublicKeyToken=b03f5f7f11d50a3a'. The system cannot find the file specified.
Could not load file or assembly 'System.Runtime, Version=9.0.0.0, Culture=neutral, PublicKeyToken=b03f5f7f11d50a3a'. The system cannot find the file specified.
Could not load file or assembly 'System.Runtime, Version=9.0.0.0, Culture=neutral, PublicKeyToken=b03f5f7f11d50a3a'. The system cannot find the file specified.
Could not load file or assembly 'System.Runtime, Version=9.0.0.0, Culture=neutral, PublicKeyToken=b03f5f7f11d50a3a'. The system cannot find the file specified.
Could not load file or assembly 'System.Runtime, Version=9.0.0.0, Culture=neutral, PublicKeyToken=b03f5f7f11d50a3a'. The system cannot find the file specified.
Could not load file or assembly 'System.Runtime, Version=9.0.0.0, Culture=neutral, PublicKeyToken=b03f5f7f11d50a3a'. The system cannot find the file specified.
Could not load file or assembly 'System.Runtime, Version=9.0.0.0, Culture=neutral, PublicKeyToken=b03f5f7f11d50a3a'. The system cannot find the file specified.
Could not load file or assembly 'System.Runtime, Version=9.0.0.0, Culture=neutral, PublicKeyToken=b03f5f7f11d50a3a'. The system cannot find the file specified.
Could not load file or assembly 'System.Runtime, Version=9.0.0.0, Culture=neutral, PublicKeyToken=b03f5f7f11d50a3a'. The system cannot find the file specified.
Could not load file or assembly 'System.Runtime, Version=9.0.0.0, Culture=neutral, PublicKeyToken=b03f5f7f11d50a3a'. The system cannot find the file specified.
Could not load file or assembly 'System.Runtime, Version=9.0.0.0, Culture=neutral, PublicKeyToken=b03f5f7f11d50a3a'. The system cannot find the file specified.
Could not load file or assembly 'System.Runtime, Version=9.0.0.0, Culture=neutral, PublicKeyToken=b03f5f7f11d50a3a'. The system cannot find the file specified.
Could not load file or assembly 'System.Runtime, Version=9.0.0.0, Culture=neutral, PublicKeyToken=b03f5f7f11d50a3a'. The system cannot find the file specified.
Could not load file or assembly 'System.Runtime, Version=9.0.0.0, Culture=neutral, PublicKeyToken=b03f5f7f11d50a3a'. The system cannot find the file specified.
  ----> System.Reflection.ReflectionTypeLoadException : Unable to load one or more of the requested types.
Could not load file or assembly 'System.Runtime, Version=9.0.0.0, Culture=neutral, PublicKeyToken=b03f5f7f11d50a3a'. The system cannot find the file specified.
Could not load file or assembly 'System.Runtime, Version=9.0.0.0, Culture=neutral, PublicKeyToken=b03f5f7f11d50a3a'. The system cannot find the file specified.
Could not load file or assembly 'System.Runtime, Version=9.0.0.0, Culture=neutral, PublicKeyToken=b03f5f7f11d50a3a'. The system cannot find the file specified.
Could not load file or assembly 'System.Runtime, Version=9.0.0.0, Culture=neutral, PublicKeyToken=b03f5f7f11d50a3a'. The system cannot find the file specified.
Could not load file or assembly 'System.Runtime, Version=9.0.0.0, Culture=neutral, PublicKeyToken=b03f5f7f11d50a3a'. The system cannot find the file specified.
Could not load file or assembly 'System.Runtime, Version=9.0.0.0, Culture=neutral, PublicKeyToken=b03f5f7f11d50a3a'. The system cannot find the file specified.
Could not load file or assembly 'System.Runtime, Version=9.0.0.0, Culture=neutral, PublicKeyToken=b03f5f7f11d50a3a'. The system cannot find the file specified.
Could not load file or assembly 'System.Runtime, Version=9.0.0.0, Culture=neutral, PublicKeyToken=b03f5f7f11d50a3a'. The system cannot find the file specified.
Could not load file or assembly 'System.Runtime, Version=9.0.0.0, Culture=neutral, PublicKeyToken=b03f5f7f11d50a3a'. The system cannot find the file specified.
Could not load file or assembly 'System.Runtime, Version=9.0.0.0, Culture=neutral, PublicKeyToken=b03f5f7f11d50a3a'. The system cannot find the file specified.
Could not load file or assembly 'System.Runtime, Version=9.0.0.0, Culture=neutral, PublicKeyToken=b03f5f7f11d50a3a'. The system cannot find the file specified.
Could not load file or assembly 'System.Runtime, Version=9.0.0.0, Culture=neutral, PublicKeyToken=b03f5f7f11d50a3a'. The system cannot find the file specified.
Could not load file or assembly 'System.Runtime, Version=9.0.0.0, Culture=neutral, PublicKeyToken=b03f5f7f11d50a3a'. The system cannot find the file specified.
Could not load file or assembly 'System.Runtime, Version=9.0.0.0, Culture=neutral, PublicKeyToken=b03f5f7f11d50a3a'. The system cannot find the file specified.
Could not load file or assembly 'System.Runtime, Version=9.0.0.0, Culture=neutral, PublicKeyToken=b03f5f7f11d50a3a'. The system cannot find the file specified.
Could not load file or assembly 'System.Runtime, Version=9.0.0.0, Culture=neutral, PublicKeyToken=b03f5f7f11d50a3a'. The system cannot find the file specified.
Could not load file or assembly 'System.Runtime, Version=9.0.0.0, Culture=neutral, PublicKeyToken=b03f5f7f11d50a3a'. The system cannot find the file specified.
Could not load file or assembly 'System.Runtime, Version=9.0.0.0, Culture=neutral, PublicKeyToken=b03f5f7f11d50a3a'. The system cannot find the file specified.
Could not load file or assembly 'System.Runtime, Version=9.0.0.0, Culture=neutral, PublicKeyToken=b03f5f7f11d50a3a'. The system cannot find the file specified.
Could not load file or assembly 'System.Runtime, Version=9.0.0.0, Culture=neutral, PublicKeyToken=b03f5f7f11d50a3a'. The system cannot find the file specified.
Could not load file or assembly 'System.Runtime, Version=9.0.0.0, Culture=neutral, PublicKeyToken=b03f5f7f11d50a3a'. The system cannot find the file specified.
Could not load file or assembly 'System.Runtime, Version=9.0.0.0, Culture=neutral, PublicKeyToken=b03f5f7f11d50a3a'. The system cannot find the file specified.
Could not load file or assembly 'System.Runtime, Version=9.0.0.0, Culture=neutral, PublicKeyToken=b03f5f7f11d50a3a'. The system cannot find the file specified.
Could not load file or assembly 'System.Runtime, Version=9.0.0.0, Culture=neutral, PublicKeyToken=b03f5f7f11d50a3a'. The system cannot find the file specified.
Could not load file or assembly 'System.Runtime, Version=9.0.0.0, Culture=neutral, PublicKeyToken=b03f5f7f11d50a3a'. The system cannot find the file specified.
Could not load file or assembly 'System.Runtime, Version=9.0.0.0, Culture=neutral, PublicKeyToken=b03f5f7f11d50a3a'. The system cannot find the file specified.
Could not load file or assembly 'System.Runtime, Version=9.0.0.0, Culture=neutral, PublicKeyToken=b03f5f7f11d50a3a'. The system cannot find the file specified.
Could not load file or assembly 'System.Runtime, Version=9.0.0.0, Culture=neutral, PublicKeyToken=b03f5f7f11d50a3a'. The system cannot find the file specified.
Could not load file or assembly 'System.Runtime, Version=9.0.0.0, Culture=neutral, PublicKeyToken=b03f5f7f11d50a3a'. The system cannot find the file specified.
Could not load file or assembly 'System.Runtime, Version=9.0.0.0, Culture=neutral, PublicKeyToken=b03f5f7f11d50a3a'. The system cannot find the file specified.
Could not load file or assembly 'System.Runtime, Version=9.0.0.0, Culture=neutral, PublicKeyToken=b03f5f7f11d50a3a'. The system cannot find the file specified.
Could not load file or assembly 'System.Runtime, Version=9.0.0.0, Culture=neutral, PublicKeyToken=b03f5f7f11d50a3a'. The system cannot find the file specified.
Could not load file or assembly 'System.Runtime, Version=9.0.0.0, Culture=neutral, PublicKeyToken=b03f5f7f11d50a3a'. The system cannot find the file specified.
Could not load file or assembly 'System.Runtime, Version=9.0.0.0, Culture=neutral, PublicKeyToken=b03f5f7f11d50a3a'. The system cannot find the file specified.
Could not load file or assembly 'System.Runtime, Version=9.0.0.0, Culture=neutral, PublicKeyToken=b03f5f7f11d50a3a'. The system cannot find the file specified.
Could not load file or assembly 'System.Runtime, Version=9.0.0.0, Culture=neutral, PublicKeyToken=b03f5f7f11d50a3a'. The system cannot find the file specified.
Could not load file or assembly 'System.Runtime, Version=9.0.0.0, Culture=neutral, PublicKeyToken=b03f5f7f11d50a3a'. The system cannot find the file specified.
Could not load file or assembly 'System.Runtime, Version=9.0.0.0, Culture=neutral, PublicKeyToken=b03f5f7f11d50a3a'. The system cannot find the file specified.
Could not load file or assembly 'System.Runtime, Version=9.0.0.0, Culture=neutral, PublicKeyToken=b03f5f7f11d50a3a'. The system cannot find the file specified.
Could not load file or assembly 'System.Runtime, Version=9.0.0.0, Culture=neutral, PublicKeyToken=b03f5f7f11d50a3a'. The system cannot find the file specified.
Could not load file or assembly 'System.Runtime, Version=9.0.0.0, Culture=neutral, PublicKeyToken=b03f5f7f11d50a3a'. The system cannot find the file specified.
Could not load file or assembly 'System.Runtime, Version=9.0.0.0, Culture=neutral, PublicKeyToken=b03f5f7f11d50a3a'. The system cannot find the file specified.
Could not load file or assembly 'System.Runtime, Version=9.0.0.0, Culture=neutral, PublicKeyToken=b03f5f7f11d50a3a'. The system cannot find the file specified.
Could not load file or assembly 'System.Runtime, Version=9.0.0.0, Culture=neutral, PublicKeyToken=b03f5f7f11d50a3a'. The system cannot find the file specified.
Could not load file or assembly 'System.Runtime, Version=9.0.0.0, Culture=neutral, PublicKeyToken=b03f5f7f11d50a3a'. The system cannot find the file specified.
Could not load file or assembly 'System.Runtime, Version=9.0.0.0, Culture=neutral, PublicKeyToken=b03f5f7f11d50a3a'. The system cannot find the file specified.
Could not load file or assembly 'System.Runtime, Version=9.0.0.0, Culture=neutral, PublicKeyToken=b03f5f7f11d50a3a'. The system cannot find the file specified.
Could not load file or assembly 'System.Runtime, Version=9.0.0.0, Culture=neutral, PublicKeyToken=b03f5f7f11d50a3a'. The system cannot find the file specified.
Could not load file or assembly 'System.Runtime, Version=9.0.0.0, Culture=neutral, PublicKeyToken=b03f5f7f11d50a3a'. The system cannot find the file specified.
Could not load file or assembly 'System.Runtime, Version=9.0.0.0, Culture=neutral, PublicKeyToken=b03f5f7f11d50a3a'. The system cannot find the file specified.
Could not load file or assembly 'System.Runtime, Version=9.0.0.0, Culture=neutral, PublicKeyToken=b03f5f7f11d50a3a'. The system cannot find the file specified.
Could not load file or assembly 'System.Runtime, Version=9.0.0.0, Culture=neutral, PublicKeyToken=b03f5f7f11d50a3a'. The system cannot find the file specified.
Could not load file or assembly 'System.Runtime, Version=9.0.0.0, Culture=neutral, PublicKeyToken=b03f5f7f11d50a3a'. The system cannot find the file specified.
Could not load file or assembly 'System.Runtime, Version=9.0.0.0, Culture=neutral, PublicKeyToken=b03f5f7f11d50a3a'. The system cannot find the file specified.
Could not load file or assembly 'System.Runtime, Version=9.0.0.0, Culture=neutral, PublicKeyToken=b03f5f7f11d50a3a'. The system cannot find the file specified.
Could not load file or assembly 'System.Runtime, Version=9.0.0.0, Culture=neutral, PublicKeyToken=b03f5f7f11d50a3a'. The system cannot find the file specified.
Could not load file or assembly 'System.Runtime, Version=9.0.0.0, Culture=neutral, PublicKeyToken=b03f5f7f11d50a3a'. The system cannot find the file specified.
Could not load file or assembly 'System.Runtime, Version=9.0.0.0, Culture=neutral, PublicKeyToken=b03f5f7f11d50a3a'. The system cannot find the file specified.
Could not load file or assembly 'System.Runtime, Version=9.0.0.0, Culture=neutral, PublicKeyToken=b03f5f7f11d50a3a'. The system cannot find the file specified.
Could not load file or assembly 'System.Runtime, Version=9.0.0.0, Culture=neutral, PublicKeyToken=b03f5f7f11d50a3a'. The system cannot find the file specified.
Could not load file or assembly 'System.Runtime, Version=9.0.0.0, Culture=neutral, PublicKeyToken=b03f5f7f11d50a3a'. The system cannot find the file specified.
Could not load file or assembly 'System.Runtime, Version=9.0.0.0, Culture=neutral, PublicKeyToken=b03f5f7f11d50a3a'. The system cannot find the file specified.
Could not load file or assembly 'System.Runtime, Version=9.0.0.0, Culture=neutral, PublicKeyToken=b03f5f7f11d50a3a'. The system cannot find the file specified.
Could not load file or assembly 'System.Runtime, Version=9.0.0.0, Culture=neutral, PublicKeyToken=b03f5f7f11d50a3a'. The system cannot find the file specified.
Could not load file or assembly 'System.Runtime, Version=9.0.0.0, Culture=neutral, PublicKeyToken=b03f5f7f11d50a3a'. The system cannot find the file specified.
Could not load file or assembly 'System.Runtime, Version=9.0.0.0, Culture=neutral, PublicKeyToken=b03f5f7f11d50a3a'. The system cannot find the file specified.
Could not load file or assembly 'System.Runtime, Version=9.0.0.0, Culture=neutral, PublicKeyToken=b03f5f7f11d50a3a'. The system cannot find the file specified.
Could not load file or assembly 'System.Runtime, Version=9.0.0.0, Culture=neutral, PublicKeyToken=b03f5f7f11d50a3a'. The system cannot find the file specified.
Could not load file or assembly 'System.Runtime, Version=9.0.0.0, Culture=neutral, PublicKeyToken=b03f5f7f11d50a3a'. The system cannot find the file specified.
Could not load file or assembly 'System.Runtime, Version=9.0.0.0, Culture=neutral, PublicKeyToken=b03f5f7f11d50a3a'. The system cannot find the file specified.
Could not load file or assembly 'System.Runtime, Version=9.0.0.0, Culture=neutral, PublicKeyToken=b03f5f7f11d50a3a'. The system cannot find the file specified.
Could not load file or assembly 'System.Runtime, Version=9.0.0.0, Culture=neutral, PublicKeyToken=b03f5f7f11d50a3a'. The system cannot find the file specified.
Could not load file or assembly 'System.Runtime, Version=9.0.0.0, Culture=neutral, PublicKeyToken=b03f5f7f11d50a3a'. The system cannot find the file specified.
Could not load file or assembly 'System.Runtime, Version=9.0.0.0, Culture=neutral, PublicKeyToken=b03f5f7f11d50a3a'. The system cannot find the file specified.
Could not load file or assembly 'System.Runtime, Version=9.0.0.0, Culture=neutral, PublicKeyToken=b03f5f7f11d50a3a'. The system cannot find the file specified.
Could not load file or assembly 'System.Runtime, Version=9.0.0.0, Culture=neutral, PublicKeyToken=b03f5f7f11d50a3a'. The system cannot find the file specified.
Could not load file or assembly 'System.Runtime, Version=9.0.0.0, Culture=neutral, PublicKeyToken=b03f5f7f11d50a3a'. The system cannot find the file specified.
  ----> System.Reflection.ReflectionTypeLoadException : Unable to load one or more of the requested types.
Could not load file or assembly 'System.Runtime, Version=9.0.0.0, Culture=neutral, PublicKeyToken=b03f5f7f11d50a3a'. The system cannot find the file specified.
Could not load file or assembly 'System.Runtime, Version=9.0.0.0, Culture=neutral, PublicKeyToken=b03f5f7f11d50a3a'. The system cannot find the file specified.
Could not load file or assembly 'System.Runtime, Version=9.0.0.0, Culture=neutral, PublicKeyToken=b03f5f7f11d50a3a'. The system cannot find the file specified.
Could not load file or assembly 'System.Runtime, Version=9.0.0.0, Culture=neutral, PublicKeyToken=b03f5f7f11d50a3a'. The system cannot find the file specified.
Could not load file or assembly 'System.Runtime, Version=9.0.0.0, Culture=neutral, PublicKeyToken=b03f5f7f11d50a3a'. The system cannot find the file specified.
Could not load file or assembly 'System.Runtime, Version=9.0.0.0, Culture=neutral, PublicKeyToken=b03f5f7f11d50a3a'. The system cannot find the file specified.
Could not load file or assembly 'System.Runtime, Version=9.0.0.0, Culture=neutral, PublicKeyToken=b03f5f7f11d50a3a'. The system cannot find the file specified.
Could not load file or assembly 'System.Runtime, Version=9.0.0.0, Culture=neutral, PublicKeyToken=b03f5f7f11d50a3a'. The system cannot find the file specified.
Could not load file or assembly 'System.Runtime, Version=9.0.0.0, Culture=neutral, PublicKeyToken=b03f5f7f11d50a3a'. The system cannot find the file specified.
Could not load file or assembly 'System.Runtime, Version=9.0.0.0, Culture=neutral, PublicKeyToken=b03f5f7f11d50a3a'. The system cannot find the file specified.
Could not load file or assembly 'System.Runtime, Version=9.0.0.0, Culture=neutral, PublicKeyToken=b03f5f7f11d50a3a'. The system cannot find the file specified.
Could not load file or assembly 'System.Runtime, Version=9.0.0.0, Culture=neutral, PublicKeyToken=b03f5f7f11d50a3a'. The system cannot find the file specified.
Could not load file or assembly 'System.Runtime, Version=9.0.0.0, Culture=neutral, PublicKeyToken=b03f5f7f11d50a3a'. The system cannot find the file specified.
Could not load file or assembly 'System.Runtime, Version=9.0.0.0, Culture=neutral, PublicKeyToken=b03f5f7f11d50a3a'. The system cannot find the file specified.
Could not load file or assembly 'System.Runtime, Version=9.0.0.0, Culture=neutral, PublicKeyToken=b03f5f7f11d50a3a'. The system cannot find the file specified.
Could not load file or assembly 'System.Runtime, Version=9.0.0.0, Culture=neutral, PublicKeyToken=b03f5f7f11d50a3a'. The system cannot find the file specified.
Could not load file or assembly 'System.Runtime, Version=9.0.0.0, Culture=neutral, PublicKeyToken=b03f5f7f11d50a3a'. The system cannot find the file specified.
Could not load file or assembly 'System.Runtime, Version=9.0.0.0, Culture=neutral, PublicKeyToken=b03f5f7f11d50a3a'. The system cannot find the file specified.
Could not load file or assembly 'System.Runtime, Version=9.0.0.0, Culture=neutral, PublicKeyToken=b03f5f7f11d50a3a'. The system cannot find the file specified.
Could not load file or assembly 'System.Runtime, Version=9.0.0.0, Culture=neutral, PublicKeyToken=b03f5f7f11d50a3a'. The system cannot find the file specified.
Could not load file or assembly 'System.Runtime, Version=9.0.0.0, Culture=neutral, PublicKeyToken=b03f5f7f11d50a3a'. The system cannot find the file specified.
Could not load file or assembly 'System.Runtime, Version=9.0.0.0, Culture=neutral, PublicKeyToken=b03f5f7f11d50a3a'. The system cannot find the file specified.
Could not load file or assembly 'System.Runtime, Version=9.0.0.0, Culture=neutral, PublicKeyToken=b03f5f7f11d50a3a'. The system cannot find the file specified.
Could not load file or assembly 'System.Runtime, Version=9.0.0.0, Culture=neutral, PublicKeyToken=b03f5f7f11d50a3a'. The system cannot find the file specified.
Could not load file or assembly 'System.Runtime, Version=9.0.0.0, Culture=neutral, PublicKeyToken=b03f5f7f11d50a3a'. The system cannot find the file specified.
Could not load file or assembly 'System.Runtime, Version=9.0.0.0, Culture=neutral, PublicKeyToken=b03f5f7f11d50a3a'. The system cannot find the file specified.
Could not load file or assembly 'System.Runtime, Version=9.0.0.0, Culture=neutral, PublicKeyToken=b03f5f7f11d50a3a'. The system cannot find the file specified.
Could not load file or assembly 'System.Runtime, Version=9.0.0.0, Culture=neutral, PublicKeyToken=b03f5f7f11d50a3a'. The system cannot find the file specified.
Could not load file or assembly 'System.Runtime, Version=9.0.0.0, Culture=neutral, PublicKeyToken=b03f5f7f11d50a3a'. The system cannot find the file specified.
Could not load file or assembly 'System.Runtime, Version=9.0.0.0, Culture=neutral, PublicKeyToken=b03f5f7f11d50a3a'. The system cannot find the file specified.
Could not load file or assembly 'System.Runtime, Version=9.0.0.0, Culture=neutral, PublicKeyToken=b03f5f7f11d50a3a'. The system cannot find the file specified.
Could not load file or assembly 'System.Runtime, Version=9.0.0.0, Culture=neutral, PublicKeyToken=b03f5f7f11d50a3a'. The system cannot find the file specified.
Could not load file or assembly 'System.Runtime, Version=9.0.0.0, Culture=neutral, PublicKeyToken=b03f5f7f11d50a3a'. The system cannot find the file specified.
Could not load file or assembly 'System.Runtime, Version=9.0.0.0, Culture=neutral, PublicKeyToken=b03f5f7f11d50a3a'. The system cannot find the file specified.
Could not load file or assembly 'System.Runtime, Version=9.0.0.0, Culture=neutral, PublicKeyToken=b03f5f7f11d50a3a'. The system cannot find the file specified.
Could not load file or assembly 'System.Runtime, Version=9.0.0.0, Culture=neutral, PublicKeyToken=b03f5f7f11d50a3a'. The system cannot find the file specified.
Could not load file or assembly 'System.Runtime, Version=9.0.0.0, Culture=neutral, PublicKeyToken=b03f5f7f11d50a3a'. The system cannot find the file specified.
Could not load file or assembly 'System.Runtime, Version=9.0.0.0, Culture=neutral, PublicKeyToken=b03f5f7f11d50a3a'. The system cannot find the file specified.
Could not load file or assembly 'System.Runtime, Version=9.0.0.0, Culture=neutral, PublicKeyToken=b03f5f7f11d50a3a'. The system cannot find the file specified.
Could not load file or assembly 'System.Runtime, Version=9.0.0.0, Culture=neutral, PublicKeyToken=b03f5f7f11d50a3a'. The system cannot find the file specified.
Could not load file or assembly 'System.Runtime, Version=9.0.0.0, Culture=neutral, PublicKeyToken=b03f5f7f11d50a3a'. The system cannot find the file specified.
Could not load file or assembly 'System.Runtime, Version=9.0.0.0, Culture=neutral, PublicKeyToken=b03f5f7f11d50a3a'. The system cannot find the file specified.
Could not load file or assembly 'System.Runtime, Version=9.0.0.0, Culture=neutral, PublicKeyToken=b03f5f7f11d50a3a'. The system cannot find the file specified.
Could not load file or assembly 'System.Runtime, Version=9.0.0.0, Culture=neutral, PublicKeyToken=b03f5f7f11d50a3a'. The system cannot find the file specified.
Could not load file or assembly 'System.Runtime, Version=9.0.0.0, Culture=neutral, PublicKeyToken=b03f5f7f11d50a3a'. The system cannot find the file specified.
Could not load file or assembly 'System.Runtime, Version=9.0.0.0, Culture=neutral, PublicKeyToken=b03f5f7f11d50a3a'. The system cannot find the file specified.
Could not load file or assembly 'System.Runtime, Version=9.0.0.0, Culture=neutral, PublicKeyToken=b03f5f7f11d50a3a'. The system cannot find the file specified.
Could not load file or assembly 'System.Runtime, Version=9.0.0.0, Culture=neutral, PublicKeyToken=b03f5f7f11d50a3a'. The system cannot find the file specified.
Could not load file or assembly 'System.Runtime, Version=9.0.0.0, Culture=neutral, PublicKeyToken=b03f5f7f11d50a3a'. The system cannot find the file specified.
Could not load file or assembly 'System.Runtime, Version=9.0.0.0, Culture=neutral, PublicKeyToken=b03f5f7f11d50a3a'. The system cannot find the file specified.
Could not load file or assembly 'System.Runtime, Version=9.0.0.0, Culture=neutral, PublicKeyToken=b03f5f7f11d50a3a'. The system cannot find the file specified.
Could not load file or assembly 'System.Runtime, Version=9.0.0.0, Culture=neutral, PublicKeyToken=b03f5f7f11d50a3a'. The system cannot find the file specified.
Could not load file or assembly 'System.Runtime, Version=9.0.0.0, Culture=neutral, PublicKeyToken=b03f5f7f11d50a3a'. The system cannot find the file specified.
Could not load file or assembly 'System.Runtime, Version=9.0.0.0, Culture=neutral, PublicKeyToken=b03f5f7f11d50a3a'. The system cannot find the file specified.
Could not load file or assembly 'System.Runtime, Version=9.0.0.0, Culture=neutral, PublicKeyToken=b03f5f7f11d50a3a'. The system cannot find the file specified.
Could not load file or assembly 'System.Runtime, Version=9.0.0.0, Culture=neutral, PublicKeyToken=b03f5f7f11d50a3a'. The system cannot find the file specified.
Could not load file or assembly 'System.Runtime, Version=9.0.0.0, Culture=neutral, PublicKeyToken=b03f5f7f11d50a3a'. The system cannot find the file specified.
Could not load file or assembly 'System.Runtime, Version=9.0.0.0, Culture=neutral, PublicKeyToken=b03f5f7f11d50a3a'. The system cannot find the file specified.
Could not load file or assembly 'System.Runtime, Version=9.0.0.0, Culture=neutral, PublicKeyToken=b03f5f7f11d50a3a'. The system cannot find the file specified.
Could not load file or assembly 'System.Runtime, Version=9.0.0.0, Culture=neutral, PublicKeyToken=b03f5f7f11d50a3a'. The system cannot find the file specified.
Could not load file or assembly 'System.Runtime, Version=9.0.0.0, Culture=neutral, PublicKeyToken=b03f5f7f11d50a3a'. The system cannot find the file specified.
Could not load file or assembly 'System.Runtime, Version=9.0.0.0, Culture=neutral, PublicKeyToken=b03f5f7f11d50a3a'. The system cannot find the file specified.
Could not load file or assembly 'System.Runtime, Version=9.0.0.0, Culture=neutral, PublicKeyToken=b03f5f7f11d50a3a'. The system cannot find the file specified.
Could not load file or assembly 'System.Runtime, Version=9.0.0.0, Culture=neutral, PublicKeyToken=b03f5f7f11d50a3a'. The system cannot find the file specified.
Could not load file or assembly 'System.Runtime, Version=9.0.0.0, Culture=neutral, PublicKeyToken=b03f5f7f11d50a3a'. The system cannot find the file specified.
Could not load file or assembly 'System.Runtime, Version=9.0.0.0, Culture=neutral, PublicKeyToken=b03f5f7f11d50a3a'. The system cannot find the file specified.
Could not load file or assembly 'System.Runtime, Version=9.0.0.0, Culture=neutral, PublicKeyToken=b03f5f7f11d50a3a'. The system cannot find the file specified.
Could not load file or assembly 'System.Runtime, Version=9.0.0.0, Culture=neutral, PublicKeyToken=b03f5f7f11d50a3a'. The system cannot find the file specified.
Could not load file or assembly 'System.Runtime, Version=9.0.0.0, Culture=neutral, PublicKeyToken=b03f5f7f11d50a3a'. The system cannot find the file specified.
Could not load file or assembly 'System.Runtime, Version=9.0.0.0, Culture=neutral, PublicKeyToken=b03f5f7f11d50a3a'. The system cannot find the file specified.
Could not load file or assembly 'System.Runtime, Version=9.0.0.0, Culture=neutral, PublicKeyToken=b03f5f7f11d50a3a'. The system cannot find the file specified.
Could not load file or assembly 'System.Runtime, Version=9.0.0.0, Culture=neutral, PublicKeyToken=b03f5f7f11d50a3a'. The system cannot find the file specified.
Could not load file or assembly 'System.Runtime, Version=9.0.0.0, Culture=neutral, PublicKeyToken=b03f5f7f11d50a3a'. The system cannot find the file specified.
Could not load file or assembly 'System.Runtime, Version=9.0.0.0, Culture=neutral, PublicKeyToken=b03f5f7f11d50a3a'. The system cannot find the file specified.
Could not load file or assembly 'System.Runtime, Version=9.0.0.0, Culture=neutral, PublicKeyToken=b03f5f7f11d50a3a'. The system cannot find the file specified.
Could not load file or assembly 'System.Runtime, Version=9.0.0.0, Culture=neutral, PublicKeyToken=b03f5f7f11d50a3a'. The system cannot find the file specified.
Could not load file or assembly 'System.Runtime, Version=9.0.0.0, Culture=neutral, PublicKeyToken=b03f5f7f11d50a3a'. The system cannot find the file specified.
  ----> System.Reflection.ReflectionTypeLoadException : Unable to load one or more of the requested types.
Could not load file or assembly 'System.Runtime, Version=9.0.0.0, Culture=neutral, PublicKeyToken=b03f5f7f11d50a3a'. The system cannot find the file specified.
Could not load file or assembly 'System.Runtime, Version=9.0.0.0, Culture=neutral, PublicKeyToken=b03f5f7f11d50a3a'. The system cannot find the file specified.
Could not load file or assembly 'System.Runtime, Version=9.0.0.0, Culture=neutral, PublicKeyToken=b03f5f7f11d50a3a'. The system cannot find the file specified.
Could not load file or assembly 'System.Runtime, Version=9.0.0.0, Culture=neutral, PublicKeyToken=b03f5f7f11d50a3a'. The system cannot find the file specified.
Could not load file or assembly 'System.Runtime, Version=9.0.0.0, Culture=neutral, PublicKeyToken=b03f5f7f11d50a3a'. The system cannot find the file specified.
Could not load file or assembly 'System.Runtime, Version=9.0.0.0, Culture=neutral, PublicKeyToken=b03f5f7f11d50a3a'. The system cannot find the file specified.
Could not load file or assembly 'System.Runtime, Version=9.0.0.0, Culture=neutral, PublicKeyToken=b03f5f7f11d50a3a'. The system cannot find the file specified.
Could not load file or assembly 'System.Runtime, Version=9.0.0.0, Culture=neutral, PublicKeyToken=b03f5f7f11d50a3a'. The system cannot find the file specified.
Could not load file or assembly 'System.Runtime, Version=9.0.0.0, Culture=neutral, PublicKeyToken=b03f5f7f11d50a3a'. The system cannot find the file specified.
Could not load file or assembly 'System.Runtime, Version=9.0.0.0, Culture=neutral, PublicKeyToken=b03f5f7f11d50a3a'. The system cannot find the file specified.
Could not load file or assembly 'System.Runtime, Version=9.0.0.0, Culture=neutral, PublicKeyToken=b03f5f7f11d50a3a'. The system cannot find the file specified.
Could not load file or assembly 'System.Runtime, Version=9.0.0.0, Culture=neutral, PublicKeyToken=b03f5f7f11d50a3a'. The system cannot find the file specified.
Could not load file or assembly 'System.Runtime, Version=9.0.0.0, Culture=neutral, PublicKeyToken=b03f5f7f11d50a3a'. The system cannot find the file specified.
Could not load file or assembly 'System.Runtime, Version=9.0.0.0, Culture=neutral, PublicKeyToken=b03f5f7f11d50a3a'. The system cannot find the file specified.
Could not load file or assembly 'System.Runtime, Version=9.0.0.0, Culture=neutral, PublicKeyToken=b03f5f7f11d50a3a'. The system cannot find the file specified.
Could not load file or assembly 'System.Runtime, Version=9.0.0.0, Culture=neutral, PublicKeyToken=b03f5f7f11d50a3a'. The system cannot find the file specified.
Could not load file or assembly 'System.Runtime, Version=9.0.0.0, Culture=neutral, PublicKeyToken=b03f5f7f11d50a3a'. The system cannot find the file specified.
Could not load file or assembly 'System.Runtime, Version=9.0.0.0, Culture=neutral, PublicKeyToken=b03f5f7f11d50a3a'. The system cannot find the file specified.
Could not load file or assembly 'System.Runtime, Version=9.0.0.0, Culture=neutral, PublicKeyToken=b03f5f7f11d50a3a'. The system cannot find the file specified.
Could not load file or assembly 'System.Runtime, Version=9.0.0.0, Culture=neutral, PublicKeyToken=b03f5f7f11d50a3a'. The system cannot find the file specified.
Could not load file or assembly 'System.Runtime, Version=9.0.0.0, Culture=neutral, PublicKeyToken=b03f5f7f11d50a3a'. The system cannot find the file specified.
Could not load file or assembly 'System.Runtime, Version=9.0.0.0, Culture=neutral, PublicKeyToken=b03f5f7f11d50a3a'. The system cannot find the file specified.
Could not load file or assembly 'System.Runtime, Version=9.0.0.0, Culture=neutral, PublicKeyToken=b03f5f7f11d50a3a'. The system cannot find the file specified.
Could not load file or assembly 'System.Runtime, Version=9.0.0.0, Culture=neutral, PublicKeyToken=b03f5f7f11d50a3a'. The system cannot find the file specified.
Could not load file or assembly 'System.Runtime, Version=9.0.0.0, Culture=neutral, PublicKeyToken=b03f5f7f11d50a3a'. The system cannot find the file specified.
Could not load file or assembly 'System.Runtime, Version=9.0.0.0, Culture=neutral, PublicKeyToken=b03f5f7f11d50a3a'. The system cannot find the file specified.
Could not load file or assembly 'System.Runtime, Version=9.0.0.0, Culture=neutral, PublicKeyToken=b03f5f7f11d50a3a'. The system cannot find the file specified.
Could not load file or assembly 'System.Runtime, Version=9.0.0.0, Culture=neutral, PublicKeyToken=b03f5f7f11d50a3a'. The system cannot find the file specified.
Could not load file or assembly 'System.Runtime, Version=9.0.0.0, Culture=neutral, PublicKeyToken=b03f5f7f11d50a3a'. The system cannot find the file specified.
Could not load file or assembly 'System.Runtime, Version=9.0.0.0, Culture=neutral, PublicKeyToken=b03f5f7f11d50a3a'. The system cannot find the file specified.
Could not load file or assembly 'System.Runtime, Version=9.0.0.0, Culture=neutral, PublicKeyToken=b03f5f7f11d50a3a'. The system cannot find the file specified.
Could not load file or assembly 'System.Runtime, Version=9.0.0.0, Culture=neutral, PublicKeyToken=b03f5f7f11d50a3a'. The system cannot find the file specified.
Could not load file or assembly 'System.Runtime, Version=9.0.0.0, Culture=neutral, PublicKeyToken=b03f5f7f11d50a3a'. The system cannot find the file specified.
Could not load file or assembly 'System.Runtime, Version=9.0.0.0, Culture=neutral, PublicKeyToken=b03f5f7f11d50a3a'. The system cannot find the file specified.
Could not load file or assembly 'System.Runtime, Version=9.0.0.0, Culture=neutral, PublicKeyToken=b03f5f7f11d50a3a'. The system cannot find the file specified.
Could not load file or assembly 'System.Runtime, Version=9.0.0.0, Culture=neutral, PublicKeyToken=b03f5f7f11d50a3a'. The system cannot find the file specified.
Could not load file or assembly 'System.Runtime, Version=9.0.0.0, Culture=neutral, PublicKeyToken=b03f5f7f11d50a3a'. The system cannot find the file specified.
Could not load file or assembly 'System.Runtime, Version=9.0.0.0, Culture=neutral, PublicKeyToken=b03f5f7f11d50a3a'. The system cannot find the file specified.
Could not load file or assembly 'System.Runtime, Version=9.0.0.0, Culture=neutral, PublicKeyToken=b03f5f7f11d50a3a'. The system cannot find the file specified.
Could not load file or assembly 'System.Runtime, Version=9.0.0.0, Culture=neutral, PublicKeyToken=b03f5f7f11d50a3a'. The system cannot find the file specified.
Could not load file or assembly 'System.Runtime, Version=9.0.0.0, Culture=neutral, PublicKeyToken=b03f5f7f11d50a3a'. The system cannot find the file specified.
Could not load file or assembly 'System.Runtime, Version=9.0.0.0, Culture=neutral, PublicKeyToken=b03f5f7f11d50a3a'. The system cannot find the file specified.
Could not load file or assembly 'System.Runtime, Version=9.0.0.0, Culture=neutral, PublicKeyToken=b03f5f7f11d50a3a'. The system cannot find the file specified.
Could not load file or assembly 'System.Runtime, Version=9.0.0.0, Culture=neutral, PublicKeyToken=b03f5f7f11d50a3a'. The system cannot find the file specified.
Could not load file or assembly 'System.Runtime, Version=9.0.0.0, Culture=neutral, PublicKeyToken=b03f5f7f11d50a3a'. The system cannot find the file specified.
Could not load file or assembly 'System.Runtime, Version=9.0.0.0, Culture=neutral, PublicKeyToken=b03f5f7f11d50a3a'. The system cannot find the file specified.
Could not load file or assembly 'System.Runtime, Version=9.0.0.0, Culture=neutral, PublicKeyToken=b03f5f7f11d50a3a'. The system cannot find the file specified.
Could not load file or assembly 'System.Runtime, Version=9.0.0.0, Culture=neutral, PublicKeyToken=b03f5f7f11d50a3a'. The system cannot find the file specified.
Could not load file or assembly 'System.Runtime, Version=9.0.0.0, Culture=neutral, PublicKeyToken=b03f5f7f11d50a3a'. The system cannot find the file specified.
Could not load file or assembly 'System.Runtime, Version=9.0.0.0, Culture=neutral, PublicKeyToken=b03f5f7f11d50a3a'. The system cannot find the file specified.
Could not load file or assembly 'System.Runtime, Version=9.0.0.0, Culture=neutral, PublicKeyToken=b03f5f7f11d50a3a'. The system cannot find the file specified.
Could not load file or assembly 'System.Runtime, Version=9.0.0.0, Culture=neutral, PublicKeyToken=b03f5f7f11d50a3a'. The system cannot find the file specified.
Could not load file or assembly 'System.Runtime, Version=9.0.0.0, Culture=neutral, PublicKeyToken=b03f5f7f11d50a3a'. The system cannot find the file specified.
Could not load file or assembly 'System.Runtime, Version=9.0.0.0, Culture=neutral, PublicKeyToken=b03f5f7f11d50a3a'. The system cannot find the file specified.
Could not load file or assembly 'System.Runtime, Version=9.0.0.0, Culture=neutral, PublicKeyToken=b03f5f7f11d50a3a'. The system cannot find the file specified.
Could not load file or assembly 'System.Runtime, Version=9.0.0.0, Culture=neutral, PublicKeyToken=b03f5f7f11d50a3a'. The system cannot find the file specified.
Could not load file or assembly 'System.Runtime, Version=9.0.0.0, Culture=neutral, PublicKeyToken=b03f5f7f11d50a3a'. The system cannot find the file specified.
Could not load file or assembly 'System.Runtime, Version=9.0.0.0, Culture=neutral, PublicKeyToken=b03f5f7f11d50a3a'. The system cannot find the file specified.
Could not load file or assembly 'System.Runtime, Version=9.0.0.0, Culture=neutral, PublicKeyToken=b03f5f7f11d50a3a'. The system cannot find the file specified.
Could not load file or assembly 'System.Runtime, Version=9.0.0.0, Culture=neutral, PublicKeyToken=b03f5f7f11d50a3a'. The system cannot find the file specified.
Could not load file or assembly 'System.Runtime, Version=9.0.0.0, Culture=neutral, PublicKeyToken=b03f5f7f11d50a3a'. The system cannot find the file specified.
Could not load file or assembly 'System.Runtime, Version=9.0.0.0, Culture=neutral, PublicKeyToken=b03f5f7f11d50a3a'. The system cannot find the file specified.
Could not load file or assembly 'System.Runtime, Version=9.0.0.0, Culture=neutral, PublicKeyToken=b03f5f7f11d50a3a'. The system cannot find the file specified.
Could not load file or assembly 'System.Runtime, Version=9.0.0.0, Culture=neutral, PublicKeyToken=b03f5f7f11d50a3a'. The system cannot find the file specified.
Could not load file or assembly 'System.Runtime, Version=9.0.0.0, Culture=neutral, PublicKeyToken=b03f5f7f11d50a3a'. The system cannot find the file specified.
Could not load file or assembly 'System.Runtime, Version=9.0.0.0, Culture=neutral, PublicKeyToken=b03f5f7f11d50a3a'. The system cannot find the file specified.
Could not load file or assembly 'System.Runtime, Version=9.0.0.0, Culture=neutral, PublicKeyToken=b03f5f7f11d50a3a'. The system cannot find the file specified.
Could not load file or assembly 'System.Runtime, Version=9.0.0.0, Culture=neutral, PublicKeyToken=b03f5f7f11d50a3a'. The system cannot find the file specified.
Could not load file or assembly 'System.Runtime, Version=9.0.0.0, Culture=neutral, PublicKeyToken=b03f5f7f11d50a3a'. The system cannot find the file specified.
Could not load file or assembly 'System.Runtime, Version=9.0.0.0, Culture=neutral, PublicKeyToken=b03f5f7f11d50a3a'. The system cannot find the file specified.
Could not load file or assembly 'System.Runtime, Version=9.0.0.0, Culture=neutral, PublicKeyToken=b03f5f7f11d50a3a'. The system cannot find the file specified.
Could not load file or assembly 'System.Runtime, Version=9.0.0.0, Culture=neutral, PublicKeyToken=b03f5f7f11d50a3a'. The system cannot find the file specified.
Could not load file or assembly 'System.Runtime, Version=9.0.0.0, Culture=neutral, PublicKeyToken=b03f5f7f11d50a3a'. The system cannot find the file specified.
Could not load file or assembly 'System.Runtime, Version=9.0.0.0, Culture=neutral, PublicKeyToken=b03f5f7f11d50a3a'. The system cannot find the file specified.
Could not load file or assembly 'System.Runtime, Version=9.0.0.0, Culture=neutral, PublicKeyToken=b03f5f7f11d50a3a'. The system cannot find the file specified.
Could not load file or assembly 'System.Runtime, Version=9.0.0.0, Culture=neutral, PublicKeyToken=b03f5f7f11d50a3a'. The system cannot find the file specified.
Could not load file or assembly 'System.Runtime, Version=9.0.0.0, Culture=neutral, PublicKeyToken=b03f5f7f11d50a3a'. The system cannot find the file specified.
  ----> System.Reflection.ReflectionTypeLoadException : Unable to load one or more of the requested types.
Could not load file or assembly 'System.Runtime, Version=9.0.0.0, Culture=neutral, PublicKeyToken=b03f5f7f11d50a3a'. The system cannot find the file specified.
Could not load file or assembly 'System.Runtime, Version=9.0.0.0, Culture=neutral, PublicKeyToken=b03f5f7f11d50a3a'. The system cannot find the file specified.
Could not load file or assembly 'System.Runtime, Version=9.0.0.0, Culture=neutral, PublicKeyToken=b03f5f7f11d50a3a'. The system cannot find the file specified.
Could not load file or assembly 'System.Runtime, Version=9.0.0.0, Culture=neutral, PublicKeyToken=b03f5f7f11d50a3a'. The system cannot find the file specified.
Could not load file or assembly 'System.Runtime, Version=9.0.0.0, Culture=neutral, PublicKeyToken=b03f5f7f11d50a3a'. The system cannot find the file specified.
Could not load file or assembly 'System.Runtime, Version=9.0.0.0, Culture=neutral, PublicKeyToken=b03f5f7f11d50a3a'. The system cannot find the file specified.
Could not load file or assembly 'System.Runtime, Version=9.0.0.0, Culture=neutral, PublicKeyToken=b03f5f7f11d50a3a'. The system cannot find the file specified.
Could not load file or assembly 'System.Runtime, Version=9.0.0.0, Culture=neutral, PublicKeyToken=b03f5f7f11d50a3a'. The system cannot find the file specified.
Could not load file or assembly 'System.Runtime, Version=9.0.0.0, Culture=neutral, PublicKeyToken=b03f5f7f11d50a3a'. The system cannot find the file specified.
Could not load file or assembly 'System.Runtime, Version=9.0.0.0, Culture=neutral, PublicKeyToken=b03f5f7f11d50a3a'. The system cannot find the file specified.
Could not load file or assembly 'System.Runtime, Version=9.0.0.0, Culture=neutral, PublicKeyToken=b03f5f7f11d50a3a'. The system cannot find the file specified.
Could not load file or assembly 'System.Runtime, Version=9.0.0.0, Culture=neutral, PublicKeyToken=b03f5f7f11d50a3a'. The system cannot find the file specified.
Could not load file or assembly 'System.Runtime, Version=9.0.0.0, Culture=neutral, PublicKeyToken=b03f5f7f11d50a3a'. The system cannot find the file specified.
Could not load file or assembly 'System.Runtime, Version=9.0.0.0, Culture=neutral, PublicKeyToken=b03f5f7f11d50a3a'. The system cannot find the file specified.
Could not load file or assembly 'System.Runtime, Version=9.0.0.0, Culture=neutral, PublicKeyToken=b03f5f7f11d50a3a'. The system cannot find the file specified.
Could not load file or assembly 'System.Runtime, Version=9.0.0.0, Culture=neutral, PublicKeyToken=b03f5f7f11d50a3a'. The system cannot find the file specified.
Could not load file or assembly 'System.Runtime, Version=9.0.0.0, Culture=neutral, PublicKeyToken=b03f5f7f11d50a3a'. The system cannot find the file specified.
Could not load file or assembly 'System.Runtime, Version=9.0.0.0, Culture=neutral, PublicKeyToken=b03f5f7f11d50a3a'. The system cannot find the file specified.
Could not load file or assembly 'System.Runtime, Version=9.0.0.0, Culture=neutral, PublicKeyToken=b03f5f7f11d50a3a'. The system cannot find the file specified.
Could not load file or assembly 'System.Runtime, Version=9.0.0.0, Culture=neutral, PublicKeyToken=b03f5f7f11d50a3a'. The system cannot find the file specified.
Could not load file or assembly 'System.Runtime, Version=9.0.0.0, Culture=neutral, PublicKeyToken=b03f5f7f11d50a3a'. The system cannot find the file specified.
Could not load file or assembly 'System.Runtime, Version=9.0.0.0, Culture=neutral, PublicKeyToken=b03f5f7f11d50a3a'. The system cannot find the file specified.
Could not load file or assembly 'System.Runtime, Version=9.0.0.0, Culture=neutral, PublicKeyToken=b03f5f7f11d50a3a'. The system cannot find the file specified.
Could not load file or assembly 'System.Runtime, Version=9.0.0.0, Culture=neutral, PublicKeyToken=b03f5f7f11d50a3a'. The system cannot find the file specified.
Could not load file or assembly 'System.Runtime, Version=9.0.0.0, Culture=neutral, PublicKeyToken=b03f5f7f11d50a3a'. The system cannot find the file specified.
Could not load file or assembly 'System.Runtime, Version=9.0.0.0, Culture=neutral, PublicKeyToken=b03f5f7f11d50a3a'. The system cannot find the file specified.
Could not load file or assembly 'System.Runtime, Version=9.0.0.0, Culture=neutral, PublicKeyToken=b03f5f7f11d50a3a'. The system cannot find the file specified.
Could not load file or assembly 'System.Runtime, Version=9.0.0.0, Culture=neutral, PublicKeyToken=b03f5f7f11d50a3a'. The system cannot find the file specified.
Could not load file or assembly 'System.Runtime, Version=9.0.0.0, Culture=neutral, PublicKeyToken=b03f5f7f11d50a3a'. The system cannot find the file specified.
Could not load file or assembly 'System.Runtime, Version=9.0.0.0, Culture=neutral, PublicKeyToken=b03f5f7f11d50a3a'. The system cannot find the file specified.
Could not load file or assembly 'System.Runtime, Version=9.0.0.0, Culture=neutral, PublicKeyToken=b03f5f7f11d50a3a'. The system cannot find the file specified.
Could not load file or assembly 'System.Runtime, Version=9.0.0.0, Culture=neutral, PublicKeyToken=b03f5f7f11d50a3a'. The system cannot find the file specified.
Could not load file or assembly 'System.Runtime, Version=9.0.0.0, Culture=neutral, PublicKeyToken=b03f5f7f11d50a3a'. The system cannot find the file specified.
Could not load file or assembly 'System.Runtime, Version=9.0.0.0, Culture=neutral, PublicKeyToken=b03f5f7f11d50a3a'. The system cannot find the file specified.
Could not load file or assembly 'System.Runtime, Version=9.0.0.0, Culture=neutral, PublicKeyToken=b03f5f7f11d50a3a'. The system cannot find the file specified.
Could not load file or assembly 'System.Runtime, Version=9.0.0.0, Culture=neutral, PublicKeyToken=b03f5f7f11d50a3a'. The system cannot find the file specified.
Could not load file or assembly 'System.Runtime, Version=9.0.0.0, Culture=neutral, PublicKeyToken=b03f5f7f11d50a3a'. The system cannot find the file specified.
Could not load file or assembly 'System.Runtime, Version=9.0.0.0, Culture=neutral, PublicKeyToken=b03f5f7f11d50a3a'. The system cannot find the file specified.
Could not load file or assembly 'System.Runtime, Version=9.0.0.0, Culture=neutral, PublicKeyToken=b03f5f7f11d50a3a'. The system cannot find the file specified.
Could not load file or assembly 'System.Runtime, Version=9.0.0.0, Culture=neutral, PublicKeyToken=b03f5f7f11d50a3a'. The system cannot find the file specified.
Could not load file or assembly 'System.Runtime, Version=9.0.0.0, Culture=neutral, PublicKeyToken=b03f5f7f11d50a3a'. The system cannot find the file specified.
Could not load file or assembly 'System.Runtime, Version=9.0.0.0, Culture=neutral, PublicKeyToken=b03f5f7f11d50a3a'. The system cannot find the file specified.
Could not load file or assembly 'System.Runtime, Version=9.0.0.0, Culture=neutral, PublicKeyToken=b03f5f7f11d50a3a'. The system cannot find the file specified.
Could not load file or assembly 'System.Runtime, Version=9.0.0.0, Culture=neutral, PublicKeyToken=b03f5f7f11d50a3a'. The system cannot find the file specified.
Could not load file or assembly 'System.Runtime, Version=9.0.0.0, Culture=neutral, PublicKeyToken=b03f5f7f11d50a3a'. The system cannot find the file specified.
Could not load file or assembly 'System.Runtime, Version=9.0.0.0, Culture=neutral, PublicKeyToken=b03f5f7f11d50a3a'. The system cannot find the file specified.
Could not load file or assembly 'System.Runtime, Version=9.0.0.0, Culture=neutral, PublicKeyToken=b03f5f7f11d50a3a'. The system cannot find the file specified.
Could not load file or assembly 'System.Runtime, Version=9.0.0.0, Culture=neutral, PublicKeyToken=b03f5f7f11d50a3a'. The system cannot find the file specified.
Could not load file or assembly 'System.Runtime, Version=9.0.0.0, Culture=neutral, PublicKeyToken=b03f5f7f11d50a3a'. The system cannot find the file specified.
Could not load file or assembly 'System.Runtime, Version=9.0.0.0, Culture=neutral, PublicKeyToken=b03f5f7f11d50a3a'. The system cannot find the file specified.
Could not load file or assembly 'System.Runtime, Version=9.0.0.0, Culture=neutral, PublicKeyToken=b03f5f7f11d50a3a'. The system cannot find the file specified.
Could not load file or assembly 'System.Runtime, Version=9.0.0.0, Culture=neutral, PublicKeyToken=b03f5f7f11d50a3a'. The system cannot find the file specified.
Could not load file or assembly 'System.Runtime, Version=9.0.0.0, Culture=neutral, PublicKeyToken=b03f5f7f11d50a3a'. The system cannot find the file specified.
Could not load file or assembly 'System.Runtime, Version=9.0.0.0, Culture=neutral, PublicKeyToken=b03f5f7f11d50a3a'. The system cannot find the file specified.
Could not load file or assembly 'System.Runtime, Version=9.0.0.0, Culture=neutral, PublicKeyToken=b03f5f7f11d50a3a'. The system cannot find the file specified.
Could not load file or assembly 'System.Runtime, Version=9.0.0.0, Culture=neutral, PublicKeyToken=b03f5f7f11d50a3a'. The system cannot find the file specified.
Could not load file or assembly 'System.Runtime, Version=9.0.0.0, Culture=neutral, PublicKeyToken=b03f5f7f11d50a3a'. The system cannot find the file specified.
Could not load file or assembly 'System.Runtime, Version=9.0.0.0, Culture=neutral, PublicKeyToken=b03f5f7f11d50a3a'. The system cannot find the file specified.
Could not load file or assembly 'System.Runtime, Version=9.0.0.0, Culture=neutral, PublicKeyToken=b03f5f7f11d50a3a'. The system cannot find the file specified.
Could not load file or assembly 'System.Runtime, Version=9.0.0.0, Culture=neutral, PublicKeyToken=b03f5f7f11d50a3a'. The system cannot find the file specified.
Could not load file or assembly 'System.Runtime, Version=9.0.0.0, Culture=neutral, PublicKeyToken=b03f5f7f11d50a3a'. The system cannot find the file specified.
Could not load file or assembly 'System.Runtime, Version=9.0.0.0, Culture=neutral, PublicKeyToken=b03f5f7f11d50a3a'. The system cannot find the file specified.
Could not load file or assembly 'System.Runtime, Version=9.0.0.0, Culture=neutral, PublicKeyToken=b03f5f7f11d50a3a'. The system cannot find the file specified.
Could not load file or assembly 'System.Runtime, Version=9.0.0.0, Culture=neutral, PublicKeyToken=b03f5f7f11d50a3a'. The system cannot find the file specified.
Could not load file or assembly 'System.Runtime, Version=9.0.0.0, Culture=neutral, PublicKeyToken=b03f5f7f11d50a3a'. The system cannot find the file specified.
Could not load file or assembly 'System.Runtime, Version=9.0.0.0, Culture=neutral, PublicKeyToken=b03f5f7f11d50a3a'. The system cannot find the file specified.
Could not load file or assembly 'System.Runtime, Version=9.0.0.0, Culture=neutral, PublicKeyToken=b03f5f7f11d50a3a'. The system cannot find the file specified.
Could not load file or assembly 'System.Runtime, Version=9.0.0.0, Culture=neutral, PublicKeyToken=b03f5f7f11d50a3a'. The system cannot find the file specified.
Could not load file or assembly 'System.Runtime, Version=9.0.0.0, Culture=neutral, PublicKeyToken=b03f5f7f11d50a3a'. The system cannot find the file specified.
Could not load file or assembly 'System.Runtime, Version=9.0.0.0, Culture=neutral, PublicKeyToken=b03f5f7f11d50a3a'. The system cannot find the file specified.
Could not load file or assembly 'System.Runtime, Version=9.0.0.0, Culture=neutral, PublicKeyToken=b03f5f7f11d50a3a'. The system cannot find the file specified.
Could not load file or assembly 'System.Runtime, Version=9.0.0.0, Culture=neutral, PublicKeyToken=b03f5f7f11d50a3a'. The system cannot find the file specified.
Could not load file or assembly 'System.Runtime, Version=9.0.0.0, Culture=neutral, PublicKeyToken=b03f5f7f11d50a3a'. The system cannot find the file specified.
Could not load file or assembly 'System.Runtime, Version=9.0.0.0, Culture=neutral, PublicKeyToken=b03f5f7f11d50a3a'. The system cannot find the file specified.
Could not load file or assembly 'System.Runtime, Version=9.0.0.0, Culture=neutral, PublicKeyToken=b03f5f7f11d50a3a'. The system cannot find the file specified.
Could not load file or assembly 'System.Runtime, Version=9.0.0.0, Culture=neutral, PublicKeyToken=b03f5f7f11d50a3a'. The system cannot find the file specified.
Could not load file or assembly 'System.Runtime, Version=9.0.0.0, Culture=neutral, PublicKeyToken=b03f5f7f11d50a3a'. The system cannot find the file specified.
  ----> System.Reflection.ReflectionTypeLoadException : Unable to load one or more of the requested types.
Could not load file or assembly 'System.Runtime, Version=9.0.0.0, Culture=neutral, PublicKeyToken=b03f5f7f11d50a3a'. The system cannot find the file specified.
Could not load file or assembly 'System.Runtime, Version=9.0.0.0, Culture=neutral, PublicKeyToken=b03f5f7f11d50a3a'. The system cannot find the file specified.
Could not load file or assembly 'System.Runtime, Version=9.0.0.0, Culture=neutral, PublicKeyToken=b03f5f7f11d50a3a'. The system cannot find the file specified.
Could not load file or assembly 'System.Runtime, Version=9.0.0.0, Culture=neutral, PublicKeyToken=b03f5f7f11d50a3a'. The system cannot find the file specified.
Could not load file or assembly 'System.Runtime, Version=9.0.0.0, Culture=neutral, PublicKeyToken=b03f5f7f11d50a3a'. The system cannot find the file specified.
Could not load file or assembly 'System.Runtime, Version=9.0.0.0, Culture=neutral, PublicKeyToken=b03f5f7f11d50a3a'. The system cannot find the file specified.
Could not load file or assembly 'System.Runtime, Version=9.0.0.0, Culture=neutral, PublicKeyToken=b03f5f7f11d50a3a'. The system cannot find the file specified.
Could not load file or assembly 'System.Runtime, Version=9.0.0.0, Culture=neutral, PublicKeyToken=b03f5f7f11d50a3a'. The system cannot find the file specified.
Could not load file or assembly 'System.Runtime, Version=9.0.0.0, Culture=neutral, PublicKeyToken=b03f5f7f11d50a3a'. The system cannot find the file specified.
Could not load file or assembly 'System.Runtime, Version=9.0.0.0, Culture=neutral, PublicKeyToken=b03f5f7f11d50a3a'. The system cannot find the file specified.
Could not load file or assembly 'System.Runtime, Version=9.0.0.0, Culture=neutral, PublicKeyToken=b03f5f7f11d50a3a'. The system cannot find the file specified.
Could not load file or assembly 'System.Runtime, Version=9.0.0.0, Culture=neutral, PublicKeyToken=b03f5f7f11d50a3a'. The system cannot find the file specified.
Could not load file or assembly 'System.Runtime, Version=9.0.0.0, Culture=neutral, PublicKeyToken=b03f5f7f11d50a3a'. The system cannot find the file specified.
Could not load file or assembly 'System.Runtime, Version=9.0.0.0, Culture=neutral, PublicKeyToken=b03f5f7f11d50a3a'. The system cannot find the file specified.
Could not load file or assembly 'System.Runtime, Version=9.0.0.0, Culture=neutral, PublicKeyToken=b03f5f7f11d50a3a'. The system cannot find the file specified.
Could not load file or assembly 'System.Runtime, Version=9.0.0.0, Culture=neutral, PublicKeyToken=b03f5f7f11d50a3a'. The system cannot find the file specified.
Could not load file or assembly 'System.Runtime, Version=9.0.0.0, Culture=neutral, PublicKeyToken=b03f5f7f11d50a3a'. The system cannot find the file specified.
Could not load file or assembly 'System.Runtime, Version=9.0.0.0, Culture=neutral, PublicKeyToken=b03f5f7f11d50a3a'. The system cannot find the file specified.
Could not load file or assembly 'System.Runtime, Version=9.0.0.0, Culture=neutral, PublicKeyToken=b03f5f7f11d50a3a'. The system cannot find the file specified.
Could not load file or assembly 'System.Runtime, Version=9.0.0.0, Culture=neutral, PublicKeyToken=b03f5f7f11d50a3a'. The system cannot find the file specified.
Could not load file or assembly 'System.Runtime, Version=9.0.0.0, Culture=neutral, PublicKeyToken=b03f5f7f11d50a3a'. The system cannot find the file specified.
Could not load file or assembly 'System.Runtime, Version=9.0.0.0, Culture=neutral, PublicKeyToken=b03f5f7f11d50a3a'. The system cannot find the file specified.
Could not load file or assembly 'System.Runtime, Version=9.0.0.0, Culture=neutral, PublicKeyToken=b03f5f7f11d50a3a'. The system cannot find the file specified.
Could not load file or assembly 'System.Runtime, Version=9.0.0.0, Culture=neutral, PublicKeyToken=b03f5f7f11d50a3a'. The system cannot find the file specified.
Could not load file or assembly 'System.Runtime, Version=9.0.0.0, Culture=neutral, PublicKeyToken=b03f5f7f11d50a3a'. The system cannot find the file specified.
Could not load file or assembly 'System.Runtime, Version=9.0.0.0, Culture=neutral, PublicKeyToken=b03f5f7f11d50a3a'. The system cannot find the file specified.
Could not load file or assembly 'System.Runtime, Version=9.0.0.0, Culture=neutral, PublicKeyToken=b03f5f7f11d50a3a'. The system cannot find the file specified.
Could not load file or assembly 'System.Runtime, Version=9.0.0.0, Culture=neutral, PublicKeyToken=b03f5f7f11d50a3a'. The system cannot find the file specified.
Could not load file or assembly 'System.Runtime, Version=9.0.0.0, Culture=neutral, PublicKeyToken=b03f5f7f11d50a3a'. The system cannot find the file specified.
Could not load file or assembly 'System.Runtime, Version=9.0.0.0, Culture=neutral, PublicKeyToken=b03f5f7f11d50a3a'. The system cannot find the file specified.
Could not load file or assembly 'System.Runtime, Version=9.0.0.0, Culture=neutral, PublicKeyToken=b03f5f7f11d50a3a'. The system cannot find the file specified.
Could not load file or assembly 'System.Runtime, Version=9.0.0.0, Culture=neutral, PublicKeyToken=b03f5f7f11d50a3a'. The system cannot find the file specified.
Could not load file or assembly 'System.Runtime, Version=9.0.0.0, Culture=neutral, PublicKeyToken=b03f5f7f11d50a3a'. The system cannot find the file specified.
Could not load file or assembly 'System.Runtime, Version=9.0.0.0, Culture=neutral, PublicKeyToken=b03f5f7f11d50a3a'. The system cannot find the file specified.
Could not load file or assembly 'System.Runtime, Version=9.0.0.0, Culture=neutral, PublicKeyToken=b03f5f7f11d50a3a'. The system cannot find the file specified.
Could not load file or assembly 'System.Runtime, Version=9.0.0.0, Culture=neutral, PublicKeyToken=b03f5f7f11d50a3a'. The system cannot find the file specified.
Could not load file or assembly 'System.Runtime, Version=9.0.0.0, Culture=neutral, PublicKeyToken=b03f5f7f11d50a3a'. The system cannot find the file specified.
Could not load file or assembly 'System.Runtime, Version=9.0.0.0, Culture=neutral, PublicKeyToken=b03f5f7f11d50a3a'. The system cannot find the file specified.
Could not load file or assembly 'System.Runtime, Version=9.0.0.0, Culture=neutral, PublicKeyToken=b03f5f7f11d50a3a'. The system cannot find the file specified.
Could not load file or assembly 'System.Runtime, Version=9.0.0.0, Culture=neutral, PublicKeyToken=b03f5f7f11d50a3a'. The system cannot find the file specified.
Could not load file or assembly 'System.Runtime, Version=9.0.0.0, Culture=neutral, PublicKeyToken=b03f5f7f11d50a3a'. The system cannot find the file specified.
Could not load file or assembly 'System.Runtime, Version=9.0.0.0, Culture=neutral, PublicKeyToken=b03f5f7f11d50a3a'. The system cannot find the file specified.
Could not load file or assembly 'System.Runtime, Version=9.0.0.0, Culture=neutral, PublicKeyToken=b03f5f7f11d50a3a'. The system cannot find the file specified.
Could not load file or assembly 'System.Runtime, Version=9.0.0.0, Culture=neutral, PublicKeyToken=b03f5f7f11d50a3a'. The system cannot find the file specified.
Could not load file or assembly 'System.Runtime, Version=9.0.0.0, Culture=neutral, PublicKeyToken=b03f5f7f11d50a3a'. The system cannot find the file specified.
Could not load file or assembly 'System.Runtime, Version=9.0.0.0, Culture=neutral, PublicKeyToken=b03f5f7f11d50a3a'. The system cannot find the file specified.
Could not load file or assembly 'System.Runtime, Version=9.0.0.0, Culture=neutral, PublicKeyToken=b03f5f7f11d50a3a'. The system cannot find the file specified.
Could not load file or assembly 'System.Runtime, Version=9.0.0.0, Culture=neutral, PublicKeyToken=b03f5f7f11d50a3a'. The system cannot find the file specified.
Could not load file or assembly 'System.Runtime, Version=9.0.0.0, Culture=neutral, PublicKeyToken=b03f5f7f11d50a3a'. The system cannot find the file specified.
Could not load file or assembly 'System.Runtime, Version=9.0.0.0, Culture=neutral, PublicKeyToken=b03f5f7f11d50a3a'. The system cannot find the file specified.
Could not load file or assembly 'System.Runtime, Version=9.0.0.0, Culture=neutral, PublicKeyToken=b03f5f7f11d50a3a'. The system cannot find the file specified.
Could not load file or assembly 'System.Runtime, Version=9.0.0.0, Culture=neutral, PublicKeyToken=b03f5f7f11d50a3a'. The system cannot find the file specified.
Could not load file or assembly 'System.Runtime, Version=9.0.0.0, Culture=neutral, PublicKeyToken=b03f5f7f11d50a3a'. The system cannot find the file specified.
Could not load file or assembly 'System.Runtime, Version=9.0.0.0, Culture=neutral, PublicKeyToken=b03f5f7f11d50a3a'. The system cannot find the file specified.
Could not load file or assembly 'System.Runtime, Version=9.0.0.0, Culture=neutral, PublicKeyToken=b03f5f7f11d50a3a'. The system cannot find the file specified.
Could not load file or assembly 'System.Runtime, Version=9.0.0.0, Culture=neutral, PublicKeyToken=b03f5f7f11d50a3a'. The system cannot find the file specified.
Could not load file or assembly 'System.Runtime, Version=9.0.0.0, Culture=neutral, PublicKeyToken=b03f5f7f11d50a3a'. The system cannot find the file specified.
Could not load file or assembly 'System.Runtime, Version=9.0.0.0, Culture=neutral, PublicKeyToken=b03f5f7f11d50a3a'. The system cannot find the file specified.
Could not load file or assembly 'System.Runtime, Version=9.0.0.0, Culture=neutral, PublicKeyToken=b03f5f7f11d50a3a'. The system cannot find the file specified.
Could not load file or assembly 'System.Runtime, Version=9.0.0.0, Culture=neutral, PublicKeyToken=b03f5f7f11d50a3a'. The system cannot find the file specified.
Could not load file or assembly 'System.Runtime, Version=9.0.0.0, Culture=neutral, PublicKeyToken=b03f5f7f11d50a3a'. The system cannot find the file specified.
Could not load file or assembly 'System.Runtime, Version=9.0.0.0, Culture=neutral, PublicKeyToken=b03f5f7f11d50a3a'. The system cannot find the file specified.
Could not load file or assembly 'System.Runtime, Version=9.0.0.0, Culture=neutral, PublicKeyToken=b03f5f7f11d50a3a'. The system cannot find the file specified.
Could not load file or assembly 'System.Runtime, Version=9.0.0.0, Culture=neutral, PublicKeyToken=b03f5f7f11d50a3a'. The system cannot find the file specified.
Could not load file or assembly 'System.Runtime, Version=9.0.0.0, Culture=neutral, PublicKeyToken=b03f5f7f11d50a3a'. The system cannot find the file specified.
Could not load file or assembly 'System.Runtime, Version=9.0.0.0, Culture=neutral, PublicKeyToken=b03f5f7f11d50a3a'. The system cannot find the file specified.
Could not load file or assembly 'System.Runtime, Version=9.0.0.0, Culture=neutral, PublicKeyToken=b03f5f7f11d50a3a'. The system cannot find the file specified.
Could not load file or assembly 'System.Runtime, Version=9.0.0.0, Culture=neutral, PublicKeyToken=b03f5f7f11d50a3a'. The system cannot find the file specified.
Could not load file or assembly 'System.Runtime, Version=9.0.0.0, Culture=neutral, PublicKeyToken=b03f5f7f11d50a3a'. The system cannot find the file specified.
Could not load file or assembly 'System.Runtime, Version=9.0.0.0, Culture=neutral, PublicKeyToken=b03f5f7f11d50a3a'. The system cannot find the file specified.
Could not load file or assembly 'System.Runtime, Version=9.0.0.0, Culture=neutral, PublicKeyToken=b03f5f7f11d50a3a'. The system cannot find the file specified.
Could not load file or assembly 'System.Runtime, Version=9.0.0.0, Culture=neutral, PublicKeyToken=b03f5f7f11d50a3a'. The system cannot find the file specified.
Could not load file or assembly 'System.Runtime, Version=9.0.0.0, Culture=neutral, PublicKeyToken=b03f5f7f11d50a3a'. The system cannot find the file specified.
Could not load file or assembly 'System.Runtime, Version=9.0.0.0, Culture=neutral, PublicKeyToken=b03f5f7f11d50a3a'. The system cannot find the file specified.
Could not load file or assembly 'System.Runtime, Version=9.0.0.0, Culture=neutral, PublicKeyToken=b03f5f7f11d50a3a'. The system cannot find the file specified.
Could not load file or assembly 'System.Runtime, Version=9.0.0.0, Culture=neutral, PublicKeyToken=b03f5f7f11d50a3a'. The system cannot find the file specified.
Could not load file or assembly 'System.Runtime, Version=9.0.0.0, Culture=neutral, PublicKeyToken=b03f5f7f11d50a3a'. The system cannot find the file specified.
  ----> System.Reflection.ReflectionTypeLoadException : Unable to load one or more of the requested types.
Could not load file or assembly 'System.Runtime, Version=9.0.0.0, Culture=neutral, PublicKeyToken=b03f5f7f11d50a3a'. The system cannot find the file specified.
Could not load file or assembly 'System.Runtime, Version=9.0.0.0, Culture=neutral, PublicKeyToken=b03f5f7f11d50a3a'. The system cannot find the file specified.
Could not load file or assembly 'System.Runtime, Version=9.0.0.0, Culture=neutral, PublicKeyToken=b03f5f7f11d50a3a'. The system cannot find the file specified.
Could not load file or assembly 'System.Runtime, Version=9.0.0.0, Culture=neutral, PublicKeyToken=b03f5f7f11d50a3a'. The system cannot find the file specified.
Could not load file or assembly 'System.Runtime, Version=9.0.0.0, Culture=neutral, PublicKeyToken=b03f5f7f11d50a3a'. The system cannot find the file specified.
Could not load file or assembly 'System.Runtime, Version=9.0.0.0, Culture=neutral, PublicKeyToken=b03f5f7f11d50a3a'. The system cannot find the file specified.
Could not load file or assembly 'System.Runtime, Version=9.0.0.0, Culture=neutral, PublicKeyToken=b03f5f7f11d50a3a'. The system cannot find the file specified.
Could not load file or assembly 'System.Runtime, Version=9.0.0.0, Culture=neutral, PublicKeyToken=b03f5f7f11d50a3a'. The system cannot find the file specified.
Could not load file or assembly 'System.Runtime, Version=9.0.0.0, Culture=neutral, PublicKeyToken=b03f5f7f11d50a3a'. The system cannot find the file specified.
Could not load file or assembly 'System.Runtime, Version=9.0.0.0, Culture=neutral, PublicKeyToken=b03f5f7f11d50a3a'. The system cannot find the file specified.
Could not load file or assembly 'System.Runtime, Version=9.0.0.0, Culture=neutral, PublicKeyToken=b03f5f7f11d50a3a'. The system cannot find the file specified.
Could not load file or assembly 'System.Runtime, Version=9.0.0.0, Culture=neutral, PublicKeyToken=b03f5f7f11d50a3a'. The system cannot find the file specified.
Could not load file or assembly 'System.Runtime, Version=9.0.0.0, Culture=neutral, PublicKeyToken=b03f5f7f11d50a3a'. The system cannot find the file specified.
Could not load file or assembly 'System.Runtime, Version=9.0.0.0, Culture=neutral, PublicKeyToken=b03f5f7f11d50a3a'. The system cannot find the file specified.
Could not load file or assembly 'System.Runtime, Version=9.0.0.0, Culture=neutral, PublicKeyToken=b03f5f7f11d50a3a'. The system cannot find the file specified.
Could not load file or assembly 'System.Runtime, Version=9.0.0.0, Culture=neutral, PublicKeyToken=b03f5f7f11d50a3a'. The system cannot find the file specified.
Could not load file or assembly 'System.Runtime, Version=9.0.0.0, Culture=neutral, PublicKeyToken=b03f5f7f11d50a3a'. The system cannot find the file specified.
Could not load file or assembly 'System.Runtime, Version=9.0.0.0, Culture=neutral, PublicKeyToken=b03f5f7f11d50a3a'. The system cannot find the file specified.
Could not load file or assembly 'System.Runtime, Version=9.0.0.0, Culture=neutral, PublicKeyToken=b03f5f7f11d50a3a'. The system cannot find the file specified.
Could not load file or assembly 'System.Runtime, Version=9.0.0.0, Culture=neutral, PublicKeyToken=b03f5f7f11d50a3a'. The system cannot find the file specified.
Could not load file or assembly 'System.Runtime, Version=9.0.0.0, Culture=neutral, PublicKeyToken=b03f5f7f11d50a3a'. The system cannot find the file specified.
Could not load file or assembly 'System.Runtime, Version=9.0.0.0, Culture=neutral, PublicKeyToken=b03f5f7f11d50a3a'. The system cannot find the file specified.
Could not load file or assembly 'System.Runtime, Version=9.0.0.0, Culture=neutral, PublicKeyToken=b03f5f7f11d50a3a'. The system cannot find the file specified.
Could not load file or assembly 'System.Runtime, Version=9.0.0.0, Culture=neutral, PublicKeyToken=b03f5f7f11d50a3a'. The system cannot find the file specified.
Could not load file or assembly 'System.Runtime, Version=9.0.0.0, Culture=neutral, PublicKeyToken=b03f5f7f11d50a3a'. The system cannot find the file specified.
Could not load file or assembly 'System.Runtime, Version=9.0.0.0, Culture=neutral, PublicKeyToken=b03f5f7f11d50a3a'. The system cannot find the file specified.
Could not load file or assembly 'System.Runtime, Version=9.0.0.0, Culture=neutral, PublicKeyToken=b03f5f7f11d50a3a'. The system cannot find the file specified.
Could not load file or assembly 'System.Runtime, Version=9.0.0.0, Culture=neutral, PublicKeyToken=b03f5f7f11d50a3a'. The system cannot find the file specified.
Could not load file or assembly 'System.Runtime, Version=9.0.0.0, Culture=neutral, PublicKeyToken=b03f5f7f11d50a3a'. The system cannot find the file specified.
Could not load file or assembly 'System.Runtime, Version=9.0.0.0, Culture=neutral, PublicKeyToken=b03f5f7f11d50a3a'. The system cannot find the file specified.
Could not load file or assembly 'System.Runtime, Version=9.0.0.0, Culture=neutral, PublicKeyToken=b03f5f7f11d50a3a'. The system cannot find the file specified.
Could not load file or assembly 'System.Runtime, Version=9.0.0.0, Culture=neutral, PublicKeyToken=b03f5f7f11d50a3a'. The system cannot find the file specified.
Could not load file or assembly 'System.Runtime, Version=9.0.0.0, Culture=neutral, PublicKeyToken=b03f5f7f11d50a3a'. The system cannot find the file specified.
Could not load file or assembly 'System.Runtime, Version=9.0.0.0, Culture=neutral, PublicKeyToken=b03f5f7f11d50a3a'. The system cannot find the file specified.
Could not load file or assembly 'System.Runtime, Version=9.0.0.0, Culture=neutral, PublicKeyToken=b03f5f7f11d50a3a'. The system cannot find the file specified.
Could not load file or assembly 'System.Runtime, Version=9.0.0.0, Culture=neutral, PublicKeyToken=b03f5f7f11d50a3a'. The system cannot find the file specified.
Could not load file or assembly 'System.Runtime, Version=9.0.0.0, Culture=neutral, PublicKeyToken=b03f5f7f11d50a3a'. The system cannot find the file specified.
Could not load file or assembly 'System.Runtime, Version=9.0.0.0, Culture=neutral, PublicKeyToken=b03f5f7f11d50a3a'. The system cannot find the file specified.
Could not load file or assembly 'System.Runtime, Version=9.0.0.0, Culture=neutral, PublicKeyToken=b03f5f7f11d50a3a'. The system cannot find the file specified.
Could not load file or assembly 'System.Runtime, Version=9.0.0.0, Culture=neutral, PublicKeyToken=b03f5f7f11d50a3a'. The system cannot find the file specified.
Could not load file or assembly 'System.Runtime, Version=9.0.0.0, Culture=neutral, PublicKeyToken=b03f5f7f11d50a3a'. The system cannot find the file specified.
Could not load file or assembly 'System.Runtime, Version=9.0.0.0, Culture=neutral, PublicKeyToken=b03f5f7f11d50a3a'. The system cannot find the file specified.
Could not load file or assembly 'System.Runtime, Version=9.0.0.0, Culture=neutral, PublicKeyToken=b03f5f7f11d50a3a'. The system cannot find the file specified.
Could not load file or assembly 'System.Runtime, Version=9.0.0.0, Culture=neutral, PublicKeyToken=b03f5f7f11d50a3a'. The system cannot find the file specified.
Could not load file or assembly 'System.Runtime, Version=9.0.0.0, Culture=neutral, PublicKeyToken=b03f5f7f11d50a3a'. The system cannot find the file specified.
Could not load file or assembly 'System.Runtime, Version=9.0.0.0, Culture=neutral, PublicKeyToken=b03f5f7f11d50a3a'. The system cannot find the file specified.
Could not load file or assembly 'System.Runtime, Version=9.0.0.0, Culture=neutral, PublicKeyToken=b03f5f7f11d50a3a'. The system cannot find the file specified.
Could not load file or assembly 'System.Runtime, Version=9.0.0.0, Culture=neutral, PublicKeyToken=b03f5f7f11d50a3a'. The system cannot find the file specified.
Could not load file or assembly 'System.Runtime, Version=9.0.0.0, Culture=neutral, PublicKeyToken=b03f5f7f11d50a3a'. The system cannot find the file specified.
Could not load file or assembly 'System.Runtime, Version=9.0.0.0, Culture=neutral, PublicKeyToken=b03f5f7f11d50a3a'. The system cannot find the file specified.
Could not load file or assembly 'System.Runtime, Version=9.0.0.0, Culture=neutral, PublicKeyToken=b03f5f7f11d50a3a'. The system cannot find the file specified.
Could not load file or assembly 'System.Runtime, Version=9.0.0.0, Culture=neutral, PublicKeyToken=b03f5f7f11d50a3a'. The system cannot find the file specified.
Could not load file or assembly 'System.Runtime, Version=9.0.0.0, Culture=neutral, PublicKeyToken=b03f5f7f11d50a3a'. The system cannot find the file specified.
Could not load file or assembly 'System.Runtime, Version=9.0.0.0, Culture=neutral, PublicKeyToken=b03f5f7f11d50a3a'. The system cannot find the file specified.
Could not load file or assembly 'System.Runtime, Version=9.0.0.0, Culture=neutral, PublicKeyToken=b03f5f7f11d50a3a'. The system cannot find the file specified.
Could not load file or assembly 'System.Runtime, Version=9.0.0.0, Culture=neutral, PublicKeyToken=b03f5f7f11d50a3a'. The system cannot find the file specified.
Could not load file or assembly 'System.Runtime, Version=9.0.0.0, Culture=neutral, PublicKeyToken=b03f5f7f11d50a3a'. The system cannot find the file specified.
Could not load file or assembly 'System.Runtime, Version=9.0.0.0, Culture=neutral, PublicKeyToken=b03f5f7f11d50a3a'. The system cannot find the file specified.
Could not load file or assembly 'System.Runtime, Version=9.0.0.0, Culture=neutral, PublicKeyToken=b03f5f7f11d50a3a'. The system cannot find the file specified.
Could not load file or assembly 'System.Runtime, Version=9.0.0.0, Culture=neutral, PublicKeyToken=b03f5f7f11d50a3a'. The system cannot find the file specified.
Could not load file or assembly 'System.Runtime, Version=9.0.0.0, Culture=neutral, PublicKeyToken=b03f5f7f11d50a3a'. The system cannot find the file specified.
Could not load file or assembly 'System.Runtime, Version=9.0.0.0, Culture=neutral, PublicKeyToken=b03f5f7f11d50a3a'. The system cannot find the file specified.
Could not load file or assembly 'System.Runtime, Version=9.0.0.0, Culture=neutral, PublicKeyToken=b03f5f7f11d50a3a'. The system cannot find the file specified.
Could not load file or assembly 'System.Runtime, Version=9.0.0.0, Culture=neutral, PublicKeyToken=b03f5f7f11d50a3a'. The system cannot find the file specified.
Could not load file or assembly 'System.Runtime, Version=9.0.0.0, Culture=neutral, PublicKeyToken=b03f5f7f11d50a3a'. The system cannot find the file specified.
Could not load file or assembly 'System.Runtime, Version=9.0.0.0, Culture=neutral, PublicKeyToken=b03f5f7f11d50a3a'. The system cannot find the file specified.
Could not load file or assembly 'System.Runtime, Version=9.0.0.0, Culture=neutral, PublicKeyToken=b03f5f7f11d50a3a'. The system cannot find the file specified.
Could not load file or assembly 'System.Runtime, Version=9.0.0.0, Culture=neutral, PublicKeyToken=b03f5f7f11d50a3a'. The system cannot find the file specified.
Could not load file or assembly 'System.Runtime, Version=9.0.0.0, Culture=neutral, PublicKeyToken=b03f5f7f11d50a3a'. The system cannot find the file specified.
Could not load file or assembly 'System.Runtime, Version=9.0.0.0, Culture=neutral, PublicKeyToken=b03f5f7f11d50a3a'. The system cannot find the file specified.
Could not load file or assembly 'System.Runtime, Version=9.0.0.0, Culture=neutral, PublicKeyToken=b03f5f7f11d50a3a'. The system cannot find the file specified.
Could not load file or assembly 'System.Runtime, Version=9.0.0.0, Culture=neutral, PublicKeyToken=b03f5f7f11d50a3a'. The system cannot find the file specified.
Could not load file or assembly 'System.Runtime, Version=9.0.0.0, Culture=neutral, PublicKeyToken=b03f5f7f11d50a3a'. The system cannot find the file specified.
Could not load file or assembly 'System.Runtime, Version=9.0.0.0, Culture=neutral, PublicKeyToken=b03f5f7f11d50a3a'. The system cannot find the file specified.
Could not load file or assembly 'System.Runtime, Version=9.0.0.0, Culture=neutral, PublicKeyToken=b03f5f7f11d50a3a'. The system cannot find the file specified.
Could not load file or assembly 'System.Runtime, Version=9.0.0.0, Culture=neutral, PublicKeyToken=b03f5f7f11d50a3a'. The system cannot find the file specified.
Could not load file or assembly 'System.Runtime, Version=9.0.0.0, Culture=neutral, PublicKeyToken=b03f5f7f11d50a3a'. The system cannot find the file specified.
  ----> System.Reflection.ReflectionTypeLoadException : Unable to load one or more of the requested types.
Could not load file or assembly 'System.Runtime, Version=9.0.0.0, Culture=neutral, PublicKeyToken=b03f5f7f11d50a3a'. The system cannot find the file specified.
Could not load file or assembly 'System.Runtime, Version=9.0.0.0, Culture=neutral, PublicKeyToken=b03f5f7f11d50a3a'. The system cannot find the file specified.
Could not load file or assembly 'System.Runtime, Version=9.0.0.0, Culture=neutral, PublicKeyToken=b03f5f7f11d50a3a'. The system cannot find the file specified.
Could not load file or assembly 'System.Runtime, Version=9.0.0.0, Culture=neutral, PublicKeyToken=b03f5f7f11d50a3a'. The system cannot find the file specified.
Could not load file or assembly 'System.Runtime, Version=9.0.0.0, Culture=neutral, PublicKeyToken=b03f5f7f11d50a3a'. The system cannot find the file specified.
Could not load file or assembly 'System.Runtime, Version=9.0.0.0, Culture=neutral, PublicKeyToken=b03f5f7f11d50a3a'. The system cannot find the file specified.
Could not load file or assembly 'System.Runtime, Version=9.0.0.0, Culture=neutral, PublicKeyToken=b03f5f7f11d50a3a'. The system cannot find the file specified.
Could not load file or assembly 'System.Runtime, Version=9.0.0.0, Culture=neutral, PublicKeyToken=b03f5f7f11d50a3a'. The system cannot find the file specified.
Could not load file or assembly 'System.Runtime, Version=9.0.0.0, Culture=neutral, PublicKeyToken=b03f5f7f11d50a3a'. The system cannot find the file specified.
Could not load file or assembly 'System.Runtime, Version=9.0.0.0, Culture=neutral, PublicKeyToken=b03f5f7f11d50a3a'. The system cannot find the file specified.
Could not load file or assembly 'System.Runtime, Version=9.0.0.0, Culture=neutral, PublicKeyToken=b03f5f7f11d50a3a'. The system cannot find the file specified.
Could not load file or assembly 'System.Runtime, Version=9.0.0.0, Culture=neutral, PublicKeyToken=b03f5f7f11d50a3a'. The system cannot find the file specified.
Could not load file or assembly 'System.Runtime, Version=9.0.0.0, Culture=neutral, PublicKeyToken=b03f5f7f11d50a3a'. The system cannot find the file specified.
Could not load file or assembly 'System.Runtime, Version=9.0.0.0, Culture=neutral, PublicKeyToken=b03f5f7f11d50a3a'. The system cannot find the file specified.
Could not load file or assembly 'System.Runtime, Version=9.0.0.0, Culture=neutral, PublicKeyToken=b03f5f7f11d50a3a'. The system cannot find the file specified.
Could not load file or assembly 'System.Runtime, Version=9.0.0.0, Culture=neutral, PublicKeyToken=b03f5f7f11d50a3a'. The system cannot find the file specified.
Could not load file or assembly 'System.Runtime, Version=9.0.0.0, Culture=neutral, PublicKeyToken=b03f5f7f11d50a3a'. The system cannot find the file specified.
Could not load file or assembly 'System.Runtime, Version=9.0.0.0, Culture=neutral, PublicKeyToken=b03f5f7f11d50a3a'. The system cannot find the file specified.
Could not load file or assembly 'System.Runtime, Version=9.0.0.0, Culture=neutral, PublicKeyToken=b03f5f7f11d50a3a'. The system cannot find the file specified.
Could not load file or assembly 'System.Runtime, Version=9.0.0.0, Culture=neutral, PublicKeyToken=b03f5f7f11d50a3a'. The system cannot find the file specified.
Could not load file or assembly 'System.Runtime, Version=9.0.0.0, Culture=neutral, PublicKeyToken=b03f5f7f11d50a3a'. The system cannot find the file specified.
Could not load file or assembly 'System.Runtime, Version=9.0.0.0, Culture=neutral, PublicKeyToken=b03f5f7f11d50a3a'. The system cannot find the file specified.
Could not load file or assembly 'System.Runtime, Version=9.0.0.0, Culture=neutral, PublicKeyToken=b03f5f7f11d50a3a'. The system cannot find the file specified.
Could not load file or assembly 'System.Runtime, Version=9.0.0.0, Culture=neutral, PublicKeyToken=b03f5f7f11d50a3a'. The system cannot find the file specified.
Could not load file or assembly 'System.Runtime, Version=9.0.0.0, Culture=neutral, PublicKeyToken=b03f5f7f11d50a3a'. The system cannot find the file specified.
Could not load file or assembly 'System.Runtime, Version=9.0.0.0, Culture=neutral, PublicKeyToken=b03f5f7f11d50a3a'. The system cannot find the file specified.
Could not load file or assembly 'System.Runtime, Version=9.0.0.0, Culture=neutral, PublicKeyToken=b03f5f7f11d50a3a'. The system cannot find the file specified.
Could not load file or assembly 'System.Runtime, Version=9.0.0.0, Culture=neutral, PublicKeyToken=b03f5f7f11d50a3a'. The system cannot find the file specified.
Could not load file or assembly 'System.Runtime, Version=9.0.0.0, Culture=neutral, PublicKeyToken=b03f5f7f11d50a3a'. The system cannot find the file specified.
Could not load file or assembly 'System.Runtime, Version=9.0.0.0, Culture=neutral, PublicKeyToken=b03f5f7f11d50a3a'. The system cannot find the file specified.
Could not load file or assembly 'System.Runtime, Version=9.0.0.0, Culture=neutral, PublicKeyToken=b03f5f7f11d50a3a'. The system cannot find the file specified.
Could not load file or assembly 'System.Runtime, Version=9.0.0.0, Culture=neutral, PublicKeyToken=b03f5f7f11d50a3a'. The system cannot find the file specified.
Could not load file or assembly 'System.Runtime, Version=9.0.0.0, Culture=neutral, PublicKeyToken=b03f5f7f11d50a3a'. The system cannot find the file specified.
Could not load file or assembly 'System.Runtime, Version=9.0.0.0, Culture=neutral, PublicKeyToken=b03f5f7f11d50a3a'. The system cannot find the file specified.
Could not load file or assembly 'System.Runtime, Version=9.0.0.0, Culture=neutral, PublicKeyToken=b03f5f7f11d50a3a'. The system cannot find the file specified.
Could not load file or assembly 'System.Runtime, Version=9.0.0.0, Culture=neutral, PublicKeyToken=b03f5f7f11d50a3a'. The system cannot find the file specified.
Could not load file or assembly 'System.Runtime, Version=9.0.0.0, Culture=neutral, PublicKeyToken=b03f5f7f11d50a3a'. The system cannot find the file specified.
Could not load file or assembly 'System.Runtime, Version=9.0.0.0, Culture=neutral, PublicKeyToken=b03f5f7f11d50a3a'. The system cannot find the file specified.
Could not load file or assembly 'System.Runtime, Version=9.0.0.0, Culture=neutral, PublicKeyToken=b03f5f7f11d50a3a'. The system cannot find the file specified.
Could not load file or assembly 'System.Runtime, Version=9.0.0.0, Culture=neutral, PublicKeyToken=b03f5f7f11d50a3a'. The system cannot find the file specified.
Could not load file or assembly 'System.Runtime, Version=9.0.0.0, Culture=neutral, PublicKeyToken=b03f5f7f11d50a3a'. The system cannot find the file specified.
Could not load file or assembly 'System.Runtime, Version=9.0.0.0, Culture=neutral, PublicKeyToken=b03f5f7f11d50a3a'. The system cannot find the file specified.
Could not load file or assembly 'System.Runtime, Version=9.0.0.0, Culture=neutral, PublicKeyToken=b03f5f7f11d50a3a'. The system cannot find the file specified.
Could not load file or assembly 'System.Runtime, Version=9.0.0.0, Culture=neutral, PublicKeyToken=b03f5f7f11d50a3a'. The system cannot find the file specified.
Could not load file or assembly 'System.Runtime, Version=9.0.0.0, Culture=neutral, PublicKeyToken=b03f5f7f11d50a3a'. The system cannot find the file specified.
Could not load file or assembly 'System.Runtime, Version=9.0.0.0, Culture=neutral, PublicKeyToken=b03f5f7f11d50a3a'. The system cannot find the file specified.
Could not load file or assembly 'System.Runtime, Version=9.0.0.0, Culture=neutral, PublicKeyToken=b03f5f7f11d50a3a'. The system cannot find the file specified.
Could not load file or assembly 'System.Runtime, Version=9.0.0.0, Culture=neutral, PublicKeyToken=b03f5f7f11d50a3a'. The system cannot find the file specified.
Could not load file or assembly 'System.Runtime, Version=9.0.0.0, Culture=neutral, PublicKeyToken=b03f5f7f11d50a3a'. The system cannot find the file specified.
Could not load file or assembly 'System.Runtime, Version=9.0.0.0, Culture=neutral, PublicKeyToken=b03f5f7f11d50a3a'. The system cannot find the file specified.
Could not load file or assembly 'System.Runtime, Version=9.0.0.0, Culture=neutral, PublicKeyToken=b03f5f7f11d50a3a'. The system cannot find the file specified.
Could not load file or assembly 'System.Runtime, Version=9.0.0.0, Culture=neutral, PublicKeyToken=b03f5f7f11d50a3a'. The system cannot find the file specified.
Could not load file or assembly 'System.Runtime, Version=9.0.0.0, Culture=neutral, PublicKeyToken=b03f5f7f11d50a3a'. The system cannot find the file specified.
Could not load file or assembly 'System.Runtime, Version=9.0.0.0, Culture=neutral, PublicKeyToken=b03f5f7f11d50a3a'. The system cannot find the file specified.
Could not load file or assembly 'System.Runtime, Version=9.0.0.0, Culture=neutral, PublicKeyToken=b03f5f7f11d50a3a'. The system cannot find the file specified.
Could not load file or assembly 'System.Runtime, Version=9.0.0.0, Culture=neutral, PublicKeyToken=b03f5f7f11d50a3a'. The system cannot find the file specified.
Could not load file or assembly 'System.Runtime, Version=9.0.0.0, Culture=neutral, PublicKeyToken=b03f5f7f11d50a3a'. The system cannot find the file specified.
Could not load file or assembly 'System.Runtime, Version=9.0.0.0, Culture=neutral, PublicKeyToken=b03f5f7f11d50a3a'. The system cannot find the file specified.
Could not load file or assembly 'System.Runtime, Version=9.0.0.0, Culture=neutral, PublicKeyToken=b03f5f7f11d50a3a'. The system cannot find the file specified.
Could not load file or assembly 'System.Runtime, Version=9.0.0.0, Culture=neutral, PublicKeyToken=b03f5f7f11d50a3a'. The system cannot find the file specified.
Could not load file or assembly 'System.Runtime, Version=9.0.0.0, Culture=neutral, PublicKeyToken=b03f5f7f11d50a3a'. The system cannot find the file specified.
Could not load file or assembly 'System.Runtime, Version=9.0.0.0, Culture=neutral, PublicKeyToken=b03f5f7f11d50a3a'. The system cannot find the file specified.
Could not load file or assembly 'System.Runtime, Version=9.0.0.0, Culture=neutral, PublicKeyToken=b03f5f7f11d50a3a'. The system cannot find the file specified.
Could not load file or assembly 'System.Runtime, Version=9.0.0.0, Culture=neutral, PublicKeyToken=b03f5f7f11d50a3a'. The system cannot find the file specified.
Could not load file or assembly 'System.Runtime, Version=9.0.0.0, Culture=neutral, PublicKeyToken=b03f5f7f11d50a3a'. The system cannot find the file specified.
Could not load file or assembly 'System.Runtime, Version=9.0.0.0, Culture=neutral, PublicKeyToken=b03f5f7f11d50a3a'. The system cannot find the file specified.
Could not load file or assembly 'System.Runtime, Version=9.0.0.0, Culture=neutral, PublicKeyToken=b03f5f7f11d50a3a'. The system cannot find the file specified.
Could not load file or assembly 'System.Runtime, Version=9.0.0.0, Culture=neutral, PublicKeyToken=b03f5f7f11d50a3a'. The system cannot find the file specified.
Could not load file or assembly 'System.Runtime, Version=9.0.0.0, Culture=neutral, PublicKeyToken=b03f5f7f11d50a3a'. The system cannot find the file specified.
Could not load file or assembly 'System.Runtime, Version=9.0.0.0, Culture=neutral, PublicKeyToken=b03f5f7f11d50a3a'. The system cannot find the file specified.
Could not load file or assembly 'System.Runtime, Version=9.0.0.0, Culture=neutral, PublicKeyToken=b03f5f7f11d50a3a'. The system cannot find the file specified.
Could not load file or assembly 'System.Runtime, Version=9.0.0.0, Culture=neutral, PublicKeyToken=b03f5f7f11d50a3a'. The system cannot find the file specified.
Could not load file or assembly 'System.Runtime, Version=9.0.0.0, Culture=neutral, PublicKeyToken=b03f5f7f11d50a3a'. The system cannot find the file specified.
Could not load file or assembly 'System.Runtime, Version=9.0.0.0, Culture=neutral, PublicKeyToken=b03f5f7f11d50a3a'. The system cannot find the file specified.
Could not load file or assembly 'System.Runtime, Version=9.0.0.0, Culture=neutral, PublicKeyToken=b03f5f7f11d50a3a'. The system cannot find the file specified.
Could not load file or assembly 'System.Runtime, Version=9.0.0.0, Culture=neutral, PublicKeyToken=b03f5f7f11d50a3a'. The system cannot find the file specified.
Could not load file or assembly 'System.Runtime, Version=9.0.0.0, Culture=neutral, PublicKeyToken=b03f5f7f11d50a3a'. The system cannot find the file specified.
  ----> System.Reflection.ReflectionTypeLoadException : Unable to load one or more of the requested types.
Could not load file or assembly 'System.Runtime, Version=9.0.0.0, Culture=neutral, PublicKeyToken=b03f5f7f11d50a3a'. The system cannot find the file specified.
Could not load file or assembly 'System.Runtime, Version=9.0.0.0, Culture=neutral, PublicKeyToken=b03f5f7f11d50a3a'. The system cannot find the file specified.
Could not load file or assembly 'System.Runtime, Version=9.0.0.0, Culture=neutral, PublicKeyToken=b03f5f7f11d50a3a'. The system cannot find the file specified.
Could not load file or assembly 'System.Runtime, Version=9.0.0.0, Culture=neutral, PublicKeyToken=b03f5f7f11d50a3a'. The system cannot find the file specified.
Could not load file or assembly 'System.Runtime, Version=9.0.0.0, Culture=neutral, PublicKeyToken=b03f5f7f11d50a3a'. The system cannot find the file specified.
Could not load file or assembly 'System.Runtime, Version=9.0.0.0, Culture=neutral, PublicKeyToken=b03f5f7f11d50a3a'. The system cannot find the file specified.
Could not load file or assembly 'System.Runtime, Version=9.0.0.0, Culture=neutral, PublicKeyToken=b03f5f7f11d50a3a'. The system cannot find the file specified.
Could not load file or assembly 'System.Runtime, Version=9.0.0.0, Culture=neutral, PublicKeyToken=b03f5f7f11d50a3a'. The system cannot find the file specified.
Could not load file or assembly 'System.Runtime, Version=9.0.0.0, Culture=neutral, PublicKeyToken=b03f5f7f11d50a3a'. The system cannot find the file specified.
Could not load file or assembly 'System.Runtime, Version=9.0.0.0, Culture=neutral, PublicKeyToken=b03f5f7f11d50a3a'. The system cannot find the file specified.
Could not load file or assembly 'System.Runtime, Version=9.0.0.0, Culture=neutral, PublicKeyToken=b03f5f7f11d50a3a'. The system cannot find the file specified.
Could not load file or assembly 'System.Runtime, Version=9.0.0.0, Culture=neutral, PublicKeyToken=b03f5f7f11d50a3a'. The system cannot find the file specified.
Could not load file or assembly 'System.Runtime, Version=9.0.0.0, Culture=neutral, PublicKeyToken=b03f5f7f11d50a3a'. The system cannot find the file specified.
Could not load file or assembly 'System.Runtime, Version=9.0.0.0, Culture=neutral, PublicKeyToken=b03f5f7f11d50a3a'. The system cannot find the file specified.
Could not load file or assembly 'System.Runtime, Version=9.0.0.0, Culture=neutral, PublicKeyToken=b03f5f7f11d50a3a'. The system cannot find the file specified.
Could not load file or assembly 'System.Runtime, Version=9.0.0.0, Culture=neutral, PublicKeyToken=b03f5f7f11d50a3a'. The system cannot find the file specified.
Could not load file or assembly 'System.Runtime, Version=9.0.0.0, Culture=neutral, PublicKeyToken=b03f5f7f11d50a3a'. The system cannot find the file specified.
Could not load file or assembly 'System.Runtime, Version=9.0.0.0, Culture=neutral, PublicKeyToken=b03f5f7f11d50a3a'. The system cannot find the file specified.
Could not load file or assembly 'System.Runtime, Version=9.0.0.0, Culture=neutral, PublicKeyToken=b03f5f7f11d50a3a'. The system cannot find the file specified.
Could not load file or assembly 'System.Runtime, Version=9.0.0.0, Culture=neutral, PublicKeyToken=b03f5f7f11d50a3a'. The system cannot find the file specified.
Could not load file or assembly 'System.Runtime, Version=9.0.0.0, Culture=neutral, PublicKeyToken=b03f5f7f11d50a3a'. The system cannot find the file specified.
Could not load file or assembly 'System.Runtime, Version=9.0.0.0, Culture=neutral, PublicKeyToken=b03f5f7f11d50a3a'. The system cannot find the file specified.
Could not load file or assembly 'System.Runtime, Version=9.0.0.0, Culture=neutral, PublicKeyToken=b03f5f7f11d50a3a'. The system cannot find the file specified.
Could not load file or assembly 'System.Runtime, Version=9.0.0.0, Culture=neutral, PublicKeyToken=b03f5f7f11d50a3a'. The system cannot find the file specified.
Could not load file or assembly 'System.Runtime, Version=9.0.0.0, Culture=neutral, PublicKeyToken=b03f5f7f11d50a3a'. The system cannot find the file specified.
Could not load file or assembly 'System.Runtime, Version=9.0.0.0, Culture=neutral, PublicKeyToken=b03f5f7f11d50a3a'. The system cannot find the file specified.
Could not load file or assembly 'System.Runtime, Version=9.0.0.0, Culture=neutral, PublicKeyToken=b03f5f7f11d50a3a'. The system cannot find the file specified.
Could not load file or assembly 'System.Runtime, Version=9.0.0.0, Culture=neutral, PublicKeyToken=b03f5f7f11d50a3a'. The system cannot find the file specified.
Could not load file or assembly 'System.Runtime, Version=9.0.0.0, Culture=neutral, PublicKeyToken=b03f5f7f11d50a3a'. The system cannot find the file specified.
Could not load file or assembly 'System.Runtime, Version=9.0.0.0, Culture=neutral, PublicKeyToken=b03f5f7f11d50a3a'. The system cannot find the file specified.
Could not load file or assembly 'System.Runtime, Version=9.0.0.0, Culture=neutral, PublicKeyToken=b03f5f7f11d50a3a'. The system cannot find the file specified.
Could not load file or assembly 'System.Runtime, Version=9.0.0.0, Culture=neutral, PublicKeyToken=b03f5f7f11d50a3a'. The system cannot find the file specified.
Could not load file or assembly 'System.Runtime, Version=9.0.0.0, Culture=neutral, PublicKeyToken=b03f5f7f11d50a3a'. The system cannot find the file specified.
Could not load file or assembly 'System.Runtime, Version=9.0.0.0, Culture=neutral, PublicKeyToken=b03f5f7f11d50a3a'. The system cannot find the file specified.
Could not load file or assembly 'System.Runtime, Version=9.0.0.0, Culture=neutral, PublicKeyToken=b03f5f7f11d50a3a'. The system cannot find the file specified.
Could not load file or assembly 'System.Runtime, Version=9.0.0.0, Culture=neutral, PublicKeyToken=b03f5f7f11d50a3a'. The system cannot find the file specified.
Could not load file or assembly 'System.Runtime, Version=9.0.0.0, Culture=neutral, PublicKeyToken=b03f5f7f11d50a3a'. The system cannot find the file specified.
Could not load file or assembly 'System.Runtime, Version=9.0.0.0, Culture=neutral, PublicKeyToken=b03f5f7f11d50a3a'. The system cannot find the file specified.
Could not load file or assembly 'System.Runtime, Version=9.0.0.0, Culture=neutral, PublicKeyToken=b03f5f7f11d50a3a'. The system cannot find the file specified.
Could not load file or assembly 'System.Runtime, Version=9.0.0.0, Culture=neutral, PublicKeyToken=b03f5f7f11d50a3a'. The system cannot find the file specified.
Could not load file or assembly 'System.Runtime, Version=9.0.0.0, Culture=neutral, PublicKeyToken=b03f5f7f11d50a3a'. The system cannot find the file specified.
Could not load file or assembly 'System.Runtime, Version=9.0.0.0, Culture=neutral, PublicKeyToken=b03f5f7f11d50a3a'. The system cannot find the file specified.
Could not load file or assembly 'System.Runtime, Version=9.0.0.0, Culture=neutral, PublicKeyToken=b03f5f7f11d50a3a'. The system cannot find the file specified.
Could not load file or assembly 'System.Runtime, Version=9.0.0.0, Culture=neutral, PublicKeyToken=b03f5f7f11d50a3a'. The system cannot find the file specified.
Could not load file or assembly 'System.Runtime, Version=9.0.0.0, Culture=neutral, PublicKeyToken=b03f5f7f11d50a3a'. The system cannot find the file specified.
Could not load file or assembly 'System.Runtime, Version=9.0.0.0, Culture=neutral, PublicKeyToken=b03f5f7f11d50a3a'. The system cannot find the file specified.
Could not load file or assembly 'System.Runtime, Version=9.0.0.0, Culture=neutral, PublicKeyToken=b03f5f7f11d50a3a'. The system cannot find the file specified.
Could not load file or assembly 'System.Runtime, Version=9.0.0.0, Culture=neutral, PublicKeyToken=b03f5f7f11d50a3a'. The system cannot find the file specified.
Could not load file or assembly 'System.Runtime, Version=9.0.0.0, Culture=neutral, PublicKeyToken=b03f5f7f11d50a3a'. The system cannot find the file specified.
Could not load file or assembly 'System.Runtime, Version=9.0.0.0, Culture=neutral, PublicKeyToken=b03f5f7f11d50a3a'. The system cannot find the file specified.
Could not load file or assembly 'System.Runtime, Version=9.0.0.0, Culture=neutral, PublicKeyToken=b03f5f7f11d50a3a'. The system cannot find the file specified.
Could not load file or assembly 'System.Runtime, Version=9.0.0.0, Culture=neutral, PublicKeyToken=b03f5f7f11d50a3a'. The system cannot find the file specified.
Could not load file or assembly 'System.Runtime, Version=9.0.0.0, Culture=neutral, PublicKeyToken=b03f5f7f11d50a3a'. The system cannot find the file specified.
Could not load file or assembly 'System.Runtime, Version=9.0.0.0, Culture=neutral, PublicKeyToken=b03f5f7f11d50a3a'. The system cannot find the file specified.
Could not load file or assembly 'System.Runtime, Version=9.0.0.0, Culture=neutral, PublicKeyToken=b03f5f7f11d50a3a'. The system cannot find the file specified.
Could not load file or assembly 'System.Runtime, Version=9.0.0.0, Culture=neutral, PublicKeyToken=b03f5f7f11d50a3a'. The system cannot find the file specified.
Could not load file or assembly 'System.Runtime, Version=9.0.0.0, Culture=neutral, PublicKeyToken=b03f5f7f11d50a3a'. The system cannot find the file specified.
Could not load file or assembly 'System.Runtime, Version=9.0.0.0, Culture=neutral, PublicKeyToken=b03f5f7f11d50a3a'. The system cannot find the file specified.
Could not load file or assembly 'System.Runtime, Version=9.0.0.0, Culture=neutral, PublicKeyToken=b03f5f7f11d50a3a'. The system cannot find the file specified.
Could not load file or assembly 'System.Runtime, Version=9.0.0.0, Culture=neutral, PublicKeyToken=b03f5f7f11d50a3a'. The system cannot find the file specified.
Could not load file or assembly 'System.Runtime, Version=9.0.0.0, Culture=neutral, PublicKeyToken=b03f5f7f11d50a3a'. The system cannot find the file specified.
Could not load file or assembly 'System.Runtime, Version=9.0.0.0, Culture=neutral, PublicKeyToken=b03f5f7f11d50a3a'. The system cannot find the file specified.
Could not load file or assembly 'System.Runtime, Version=9.0.0.0, Culture=neutral, PublicKeyToken=b03f5f7f11d50a3a'. The system cannot find the file specified.
Could not load file or assembly 'System.Runtime, Version=9.0.0.0, Culture=neutral, PublicKeyToken=b03f5f7f11d50a3a'. The system cannot find the file specified.
Could not load file or assembly 'System.Runtime, Version=9.0.0.0, Culture=neutral, PublicKeyToken=b03f5f7f11d50a3a'. The system cannot find the file specified.
Could not load file or assembly 'System.Runtime, Version=9.0.0.0, Culture=neutral, PublicKeyToken=b03f5f7f11d50a3a'. The system cannot find the file specified.
Could not load file or assembly 'System.Runtime, Version=9.0.0.0, Culture=neutral, PublicKeyToken=b03f5f7f11d50a3a'. The system cannot find the file specified.
Could not load file or assembly 'System.Runtime, Version=9.0.0.0, Culture=neutral, PublicKeyToken=b03f5f7f11d50a3a'. The system cannot find the file specified.
Could not load file or assembly 'System.Runtime, Version=9.0.0.0, Culture=neutral, PublicKeyToken=b03f5f7f11d50a3a'. The system cannot find the file specified.
Could not load file or assembly 'System.Runtime, Version=9.0.0.0, Culture=neutral, PublicKeyToken=b03f5f7f11d50a3a'. The system cannot find the file specified.
Could not load file or assembly 'System.Runtime, Version=9.0.0.0, Culture=neutral, PublicKeyToken=b03f5f7f11d50a3a'. The system cannot find the file specified.
Could not load file or assembly 'System.Runtime, Version=9.0.0.0, Culture=neutral, PublicKeyToken=b03f5f7f11d50a3a'. The system cannot find the file specified.
Could not load file or assembly 'System.Runtime, Version=9.0.0.0, Culture=neutral, PublicKeyToken=b03f5f7f11d50a3a'. The system cannot find the file specified.
Could not load file or assembly 'System.Runtime, Version=9.0.0.0, Culture=neutral, PublicKeyToken=b03f5f7f11d50a3a'. The system cannot find the file specified.
Could not load file or assembly 'System.Runtime, Version=9.0.0.0, Culture=neutral, PublicKeyToken=b03f5f7f11d50a3a'. The system cannot find the file specified.
Could not load file or assembly 'System.Runtime, Version=9.0.0.0, Culture=neutral, PublicKeyToken=b03f5f7f11d50a3a'. The system cannot find the file specified.
Could not load file or assembly 'System.Runtime, Version=9.0.0.0, Culture=neutral, PublicKeyToken=b03f5f7f11d50a3a'. The system cannot find the file specified.
  ----> System.Reflection.ReflectionTypeLoadException : Unable to load one or more of the requested types.
Could not load file or assembly 'System.Runtime, Version=9.0.0.0, Culture=neutral, PublicKeyToken=b03f5f7f11d50a3a'. The system cannot find the file specified.
Could not load file or assembly 'System.Runtime, Version=9.0.0.0, Culture=neutral, PublicKeyToken=b03f5f7f11d50a3a'. The system cannot find the file specified.
Could not load file or assembly 'System.Runtime, Version=9.0.0.0, Culture=neutral, PublicKeyToken=b03f5f7f11d50a3a'. The system cannot find the file specified.
Could not load file or assembly 'System.Runtime, Version=9.0.0.0, Culture=neutral, PublicKeyToken=b03f5f7f11d50a3a'. The system cannot find the file specified.
Could not load file or assembly 'System.Runtime, Version=9.0.0.0, Culture=neutral, PublicKeyToken=b03f5f7f11d50a3a'. The system cannot find the file specified.
Could not load file or assembly 'System.Runtime, Version=9.0.0.0, Culture=neutral, PublicKeyToken=b03f5f7f11d50a3a'. The system cannot find the file specified.
Could not load file or assembly 'System.Runtime, Version=9.0.0.0, Culture=neutral, PublicKeyToken=b03f5f7f11d50a3a'. The system cannot find the file specified.
Could not load file or assembly 'System.Runtime, Version=9.0.0.0, Culture=neutral, PublicKeyToken=b03f5f7f11d50a3a'. The system cannot find the file specified.
Could not load file or assembly 'System.Runtime, Version=9.0.0.0, Culture=neutral, PublicKeyToken=b03f5f7f11d50a3a'. The system cannot find the file specified.
Could not load file or assembly 'System.Runtime, Version=9.0.0.0, Culture=neutral, PublicKeyToken=b03f5f7f11d50a3a'. The system cannot find the file specified.
Could not load file or assembly 'System.Runtime, Version=9.0.0.0, Culture=neutral, PublicKeyToken=b03f5f7f11d50a3a'. The system cannot find the file specified.
Could not load file or assembly 'System.Runtime, Version=9.0.0.0, Culture=neutral, PublicKeyToken=b03f5f7f11d50a3a'. The system cannot find the file specified.
Could not load file or assembly 'System.Runtime, Version=9.0.0.0, Culture=neutral, PublicKeyToken=b03f5f7f11d50a3a'. The system cannot find the file specified.
Could not load file or assembly 'System.Runtime, Version=9.0.0.0, Culture=neutral, PublicKeyToken=b03f5f7f11d50a3a'. The system cannot find the file specified.
Could not load file or assembly 'System.Runtime, Version=9.0.0.0, Culture=neutral, PublicKeyToken=b03f5f7f11d50a3a'. The system cannot find the file specified.
Could not load file or assembly 'System.Runtime, Version=9.0.0.0, Culture=neutral, PublicKeyToken=b03f5f7f11d50a3a'. The system cannot find the file specified.
Could not load file or assembly 'System.Runtime, Version=9.0.0.0, Culture=neutral, PublicKeyToken=b03f5f7f11d50a3a'. The system cannot find the file specified.
Could not load file or assembly 'System.Runtime, Version=9.0.0.0, Culture=neutral, PublicKeyToken=b03f5f7f11d50a3a'. The system cannot find the file specified.
Could not load file or assembly 'System.Runtime, Version=9.0.0.0, Culture=neutral, PublicKeyToken=b03f5f7f11d50a3a'. The system cannot find the file specified.
Could not load file or assembly 'System.Runtime, Version=9.0.0.0, Culture=neutral, PublicKeyToken=b03f5f7f11d50a3a'. The system cannot find the file specified.
Could not load file or assembly 'System.Runtime, Version=9.0.0.0, Culture=neutral, PublicKeyToken=b03f5f7f11d50a3a'. The system cannot find the file specified.
Could not load file or assembly 'System.Runtime, Version=9.0.0.0, Culture=neutral, PublicKeyToken=b03f5f7f11d50a3a'. The system cannot find the file specified.
Could not load file or assembly 'System.Runtime, Version=9.0.0.0, Culture=neutral, PublicKeyToken=b03f5f7f11d50a3a'. The system cannot find the file specified.
Could not load file or assembly 'System.Runtime, Version=9.0.0.0, Culture=neutral, PublicKeyToken=b03f5f7f11d50a3a'. The system cannot find the file specified.
Could not load file or assembly 'System.Runtime, Version=9.0.0.0, Culture=neutral, PublicKeyToken=b03f5f7f11d50a3a'. The system cannot find the file specified.
Could not load file or assembly 'System.Runtime, Version=9.0.0.0, Culture=neutral, PublicKeyToken=b03f5f7f11d50a3a'. The system cannot find the file specified.
Could not load file or assembly 'System.Runtime, Version=9.0.0.0, Culture=neutral, PublicKeyToken=b03f5f7f11d50a3a'. The system cannot find the file specified.
Could not load file or assembly 'System.Runtime, Version=9.0.0.0, Culture=neutral, PublicKeyToken=b03f5f7f11d50a3a'. The system cannot find the file specified.
Could not load file or assembly 'System.Runtime, Version=9.0.0.0, Culture=neutral, PublicKeyToken=b03f5f7f11d50a3a'. The system cannot find the file specified.
Could not load file or assembly 'System.Runtime, Version=9.0.0.0, Culture=neutral, PublicKeyToken=b03f5f7f11d50a3a'. The system cannot find the file specified.
Could not load file or assembly 'System.Runtime, Version=9.0.0.0, Culture=neutral, PublicKeyToken=b03f5f7f11d50a3a'. The system cannot find the file specified.
Could not load file or assembly 'System.Runtime, Version=9.0.0.0, Culture=neutral, PublicKeyToken=b03f5f7f11d50a3a'. The system cannot find the file specified.
Could not load file or assembly 'System.Runtime, Version=9.0.0.0, Culture=neutral, PublicKeyToken=b03f5f7f11d50a3a'. The system cannot find the file specified.
Could not load file or assembly 'System.Runtime, Version=9.0.0.0, Culture=neutral, PublicKeyToken=b03f5f7f11d50a3a'. The system cannot find the file specified.
Could not load file or assembly 'System.Runtime, Version=9.0.0.0, Culture=neutral, PublicKeyToken=b03f5f7f11d50a3a'. The system cannot find the file specified.
Could not load file or assembly 'System.Runtime, Version=9.0.0.0, Culture=neutral, PublicKeyToken=b03f5f7f11d50a3a'. The system cannot find the file specified.
Could not load file or assembly 'System.Runtime, Version=9.0.0.0, Culture=neutral, PublicKeyToken=b03f5f7f11d50a3a'. The system cannot find the file specified.
Could not load file or assembly 'System.Runtime, Version=9.0.0.0, Culture=neutral, PublicKeyToken=b03f5f7f11d50a3a'. The system cannot find the file specified.
Could not load file or assembly 'System.Runtime, Version=9.0.0.0, Culture=neutral, PublicKeyToken=b03f5f7f11d50a3a'. The system cannot find the file specified.
Could not load file or assembly 'System.Runtime, Version=9.0.0.0, Culture=neutral, PublicKeyToken=b03f5f7f11d50a3a'. The system cannot find the file specified.
Could not load file or assembly 'System.Runtime, Version=9.0.0.0, Culture=neutral, PublicKeyToken=b03f5f7f11d50a3a'. The system cannot find the file specified.
Could not load file or assembly 'System.Runtime, Version=9.0.0.0, Culture=neutral, PublicKeyToken=b03f5f7f11d50a3a'. The system cannot find the file specified.
Could not load file or assembly 'System.Runtime, Version=9.0.0.0, Culture=neutral, PublicKeyToken=b03f5f7f11d50a3a'. The system cannot find the file specified.
Could not load file or assembly 'System.Runtime, Version=9.0.0.0, Culture=neutral, PublicKeyToken=b03f5f7f11d50a3a'. The system cannot find the file specified.
Could not load file or assembly 'System.Runtime, Version=9.0.0.0, Culture=neutral, PublicKeyToken=b03f5f7f11d50a3a'. The system cannot find the file specified.
Could not load file or assembly 'System.Runtime, Version=9.0.0.0, Culture=neutral, PublicKeyToken=b03f5f7f11d50a3a'. The system cannot find the file specified.
Could not load file or assembly 'System.Runtime, Version=9.0.0.0, Culture=neutral, PublicKeyToken=b03f5f7f11d50a3a'. The system cannot find the file specified.
Could not load file or assembly 'System.Runtime, Version=9.0.0.0, Culture=neutral, PublicKeyToken=b03f5f7f11d50a3a'. The system cannot find the file specified.
Could not load file or assembly 'System.Runtime, Version=9.0.0.0, Culture=neutral, PublicKeyToken=b03f5f7f11d50a3a'. The system cannot find the file specified.
Could not load file or assembly 'System.Runtime, Version=9.0.0.0, Culture=neutral, PublicKeyToken=b03f5f7f11d50a3a'. The system cannot find the file specified.
Could not load file or assembly 'System.Runtime, Version=9.0.0.0, Culture=neutral, PublicKeyToken=b03f5f7f11d50a3a'. The system cannot find the file specified.
Could not load file or assembly 'System.Runtime, Version=9.0.0.0, Culture=neutral, PublicKeyToken=b03f5f7f11d50a3a'. The system cannot find the file specified.
Could not load file or assembly 'System.Runtime, Version=9.0.0.0, Culture=neutral, PublicKeyToken=b03f5f7f11d50a3a'. The system cannot find the file specified.
Could not load file or assembly 'System.Runtime, Version=9.0.0.0, Culture=neutral, PublicKeyToken=b03f5f7f11d50a3a'. The system cannot find the file specified.
Could not load file or assembly 'System.Runtime, Version=9.0.0.0, Culture=neutral, PublicKeyToken=b03f5f7f11d50a3a'. The system cannot find the file specified.
Could not load file or assembly 'System.Runtime, Version=9.0.0.0, Culture=neutral, PublicKeyToken=b03f5f7f11d50a3a'. The system cannot find the file specified.
Could not load file or assembly 'System.Runtime, Version=9.0.0.0, Culture=neutral, PublicKeyToken=b03f5f7f11d50a3a'. The system cannot find the file specified.
Could not load file or assembly 'System.Runtime, Version=9.0.0.0, Culture=neutral, PublicKeyToken=b03f5f7f11d50a3a'. The system cannot find the file specified.
Could not load file or assembly 'System.Runtime, Version=9.0.0.0, Culture=neutral, PublicKeyToken=b03f5f7f11d50a3a'. The system cannot find the file specified.
Could not load file or assembly 'System.Runtime, Version=9.0.0.0, Culture=neutral, PublicKeyToken=b03f5f7f11d50a3a'. The system cannot find the file specified.
Could not load file or assembly 'System.Runtime, Version=9.0.0.0, Culture=neutral, PublicKeyToken=b03f5f7f11d50a3a'. The system cannot find the file specified.
Could not load file or assembly 'System.Runtime, Version=9.0.0.0, Culture=neutral, PublicKeyToken=b03f5f7f11d50a3a'. The system cannot find the file specified.
Could not load file or assembly 'System.Runtime, Version=9.0.0.0, Culture=neutral, PublicKeyToken=b03f5f7f11d50a3a'. The system cannot find the file specified.
Could not load file or assembly 'System.Runtime, Version=9.0.0.0, Culture=neutral, PublicKeyToken=b03f5f7f11d50a3a'. The system cannot find the file specified.
Could not load file or assembly 'System.Runtime, Version=9.0.0.0, Culture=neutral, PublicKeyToken=b03f5f7f11d50a3a'. The system cannot find the file specified.
Could not load file or assembly 'System.Runtime, Version=9.0.0.0, Culture=neutral, PublicKeyToken=b03f5f7f11d50a3a'. The system cannot find the file specified.
Could not load file or assembly 'System.Runtime, Version=9.0.0.0, Culture=neutral, PublicKeyToken=b03f5f7f11d50a3a'. The system cannot find the file specified.
Could not load file or assembly 'System.Runtime, Version=9.0.0.0, Culture=neutral, PublicKeyToken=b03f5f7f11d50a3a'. The system cannot find the file specified.
Could not load file or assembly 'System.Runtime, Version=9.0.0.0, Culture=neutral, PublicKeyToken=b03f5f7f11d50a3a'. The system cannot find the file specified.
Could not load file or assembly 'System.Runtime, Version=9.0.0.0, Culture=neutral, PublicKeyToken=b03f5f7f11d50a3a'. The system cannot find the file specified.
Could not load file or assembly 'System.Runtime, Version=9.0.0.0, Culture=neutral, PublicKeyToken=b03f5f7f11d50a3a'. The system cannot find the file specified.
Could not load file or assembly 'System.Runtime, Version=9.0.0.0, Culture=neutral, PublicKeyToken=b03f5f7f11d50a3a'. The system cannot find the file specified.
Could not load file or assembly 'System.Runtime, Version=9.0.0.0, Culture=neutral, PublicKeyToken=b03f5f7f11d50a3a'. The system cannot find the file specified.
Could not load file or assembly 'System.Runtime, Version=9.0.0.0, Culture=neutral, PublicKeyToken=b03f5f7f11d50a3a'. The system cannot find the file specified.
Could not load file or assembly 'System.Runtime, Version=9.0.0.0, Culture=neutral, PublicKeyToken=b03f5f7f11d50a3a'. The system cannot find the file specified.
Could not load file or assembly 'System.Runtime, Version=9.0.0.0, Culture=neutral, PublicKeyToken=b03f5f7f11d50a3a'. The system cannot find the file specified.
Could not load file or assembly 'System.Runtime, Version=9.0.0.0, Culture=neutral, PublicKeyToken=b03f5f7f11d50a3a'. The system cannot find the file specified.
  ----> System.Reflection.ReflectionTypeLoadException : Unable to load one or more of the requested types.
Could not load file or assembly 'System.Runtime, Version=9.0.0.0, Culture=neutral, PublicKeyToken=b03f5f7f11d50a3a'. The system cannot find the file specified.
Could not load file or assembly 'System.Runtime, Version=9.0.0.0, Culture=neutral, PublicKeyToken=b03f5f7f11d50a3a'. The system cannot find the file specified.
Could not load file or assembly 'System.Runtime, Version=9.0.0.0, Culture=neutral, PublicKeyToken=b03f5f7f11d50a3a'. The system cannot find the file specified.
Could not load file or assembly 'System.Runtime, Version=9.0.0.0, Culture=neutral, PublicKeyToken=b03f5f7f11d50a3a'. The system cannot find the file specified.
Could not load file or assembly 'System.Runtime, Version=9.0.0.0, Culture=neutral, PublicKeyToken=b03f5f7f11d50a3a'. The system cannot find the file specified.
Could not load file or assembly 'System.Runtime, Version=9.0.0.0, Culture=neutral, PublicKeyToken=b03f5f7f11d50a3a'. The system cannot find the file specified.
Could not load file or assembly 'System.Runtime, Version=9.0.0.0, Culture=neutral, PublicKeyToken=b03f5f7f11d50a3a'. The system cannot find the file specified.
Could not load file or assembly 'System.Runtime, Version=9.0.0.0, Culture=neutral, PublicKeyToken=b03f5f7f11d50a3a'. The system cannot find the file specified.
Could not load file or assembly 'System.Runtime, Version=9.0.0.0, Culture=neutral, PublicKeyToken=b03f5f7f11d50a3a'. The system cannot find the file specified.
Could not load file or assembly 'System.Runtime, Version=9.0.0.0, Culture=neutral, PublicKeyToken=b03f5f7f11d50a3a'. The system cannot find the file specified.
Could not load file or assembly 'System.Runtime, Version=9.0.0.0, Culture=neutral, PublicKeyToken=b03f5f7f11d50a3a'. The system cannot find the file specified.
Could not load file or assembly 'System.Runtime, Version=9.0.0.0, Culture=neutral, PublicKeyToken=b03f5f7f11d50a3a'. The system cannot find the file specified.
Could not load file or assembly 'System.Runtime, Version=9.0.0.0, Culture=neutral, PublicKeyToken=b03f5f7f11d50a3a'. The system cannot find the file specified.
Could not load file or assembly 'System.Runtime, Version=9.0.0.0, Culture=neutral, PublicKeyToken=b03f5f7f11d50a3a'. The system cannot find the file specified.
Could not load file or assembly 'System.Runtime, Version=9.0.0.0, Culture=neutral, PublicKeyToken=b03f5f7f11d50a3a'. The system cannot find the file specified.
Could not load file or assembly 'System.Runtime, Version=9.0.0.0, Culture=neutral, PublicKeyToken=b03f5f7f11d50a3a'. The system cannot find the file specified.
Could not load file or assembly 'System.Runtime, Version=9.0.0.0, Culture=neutral, PublicKeyToken=b03f5f7f11d50a3a'. The system cannot find the file specified.
Could not load file or assembly 'System.Runtime, Version=9.0.0.0, Culture=neutral, PublicKeyToken=b03f5f7f11d50a3a'. The system cannot find the file specified.
Could not load file or assembly 'System.Runtime, Version=9.0.0.0, Culture=neutral, PublicKeyToken=b03f5f7f11d50a3a'. The system cannot find the file specified.
Could not load file or assembly 'System.Runtime, Version=9.0.0.0, Culture=neutral, PublicKeyToken=b03f5f7f11d50a3a'. The system cannot find the file specified.
Could not load file or assembly 'System.Runtime, Version=9.0.0.0, Culture=neutral, PublicKeyToken=b03f5f7f11d50a3a'. The system cannot find the file specified.
Could not load file or assembly 'System.Runtime, Version=9.0.0.0, Culture=neutral, PublicKeyToken=b03f5f7f11d50a3a'. The system cannot find the file specified.
Could not load file or assembly 'System.Runtime, Version=9.0.0.0, Culture=neutral, PublicKeyToken=b03f5f7f11d50a3a'. The system cannot find the file specified.
Could not load file or assembly 'System.Runtime, Version=9.0.0.0, Culture=neutral, PublicKeyToken=b03f5f7f11d50a3a'. The system cannot find the file specified.
Could not load file or assembly 'System.Runtime, Version=9.0.0.0, Culture=neutral, PublicKeyToken=b03f5f7f11d50a3a'. The system cannot find the file specified.
Could not load file or assembly 'System.Runtime, Version=9.0.0.0, Culture=neutral, PublicKeyToken=b03f5f7f11d50a3a'. The system cannot find the file specified.
Could not load file or assembly 'System.Runtime, Version=9.0.0.0, Culture=neutral, PublicKeyToken=b03f5f7f11d50a3a'. The system cannot find the file specified.
Could not load file or assembly 'System.Runtime, Version=9.0.0.0, Culture=neutral, PublicKeyToken=b03f5f7f11d50a3a'. The system cannot find the file specified.
Could not load file or assembly 'System.Runtime, Version=9.0.0.0, Culture=neutral, PublicKeyToken=b03f5f7f11d50a3a'. The system cannot find the file specified.
Could not load file or assembly 'System.Runtime, Version=9.0.0.0, Culture=neutral, PublicKeyToken=b03f5f7f11d50a3a'. The system cannot find the file specified.
Could not load file or assembly 'System.Runtime, Version=9.0.0.0, Culture=neutral, PublicKeyToken=b03f5f7f11d50a3a'. The system cannot find the file specified.
Could not load file or assembly 'System.Runtime, Version=9.0.0.0, Culture=neutral, PublicKeyToken=b03f5f7f11d50a3a'. The system cannot find the file specified.
Could not load file or assembly 'System.Runtime, Version=9.0.0.0, Culture=neutral, PublicKeyToken=b03f5f7f11d50a3a'. The system cannot find the file specified.
Could not load file or assembly 'System.Runtime, Version=9.0.0.0, Culture=neutral, PublicKeyToken=b03f5f7f11d50a3a'. The system cannot find the file specified.
Could not load file or assembly 'System.Runtime, Version=9.0.0.0, Culture=neutral, PublicKeyToken=b03f5f7f11d50a3a'. The system cannot find the file specified.
Could not load file or assembly 'System.Runtime, Version=9.0.0.0, Culture=neutral, PublicKeyToken=b03f5f7f11d50a3a'. The system cannot find the file specified.
Could not load file or assembly 'System.Runtime, Version=9.0.0.0, Culture=neutral, PublicKeyToken=b03f5f7f11d50a3a'. The system cannot find the file specified.
Could not load file or assembly 'System.Runtime, Version=9.0.0.0, Culture=neutral, PublicKeyToken=b03f5f7f11d50a3a'. The system cannot find the file specified.
Could not load file or assembly 'System.Runtime, Version=9.0.0.0, Culture=neutral, PublicKeyToken=b03f5f7f11d50a3a'. The system cannot find the file specified.
Could not load file or assembly 'System.Runtime, Version=9.0.0.0, Culture=neutral, PublicKeyToken=b03f5f7f11d50a3a'. The system cannot find the file specified.
Could not load file or assembly 'System.Runtime, Version=9.0.0.0, Culture=neutral, PublicKeyToken=b03f5f7f11d50a3a'. The system cannot find the file specified.
Could not load file or assembly 'System.Runtime, Version=9.0.0.0, Culture=neutral, PublicKeyToken=b03f5f7f11d50a3a'. The system cannot find the file specified.
Could not load file or assembly 'System.Runtime, Version=9.0.0.0, Culture=neutral, PublicKeyToken=b03f5f7f11d50a3a'. The system cannot find the file specified.
Could not load file or assembly 'System.Runtime, Version=9.0.0.0, Culture=neutral, PublicKeyToken=b03f5f7f11d50a3a'. The system cannot find the file specified.
Could not load file or assembly 'System.Runtime, Version=9.0.0.0, Culture=neutral, PublicKeyToken=b03f5f7f11d50a3a'. The system cannot find the file specified.
Could not load file or assembly 'System.Runtime, Version=9.0.0.0, Culture=neutral, PublicKeyToken=b03f5f7f11d50a3a'. The system cannot find the file specified.
Could not load file or assembly 'System.Runtime, Version=9.0.0.0, Culture=neutral, PublicKeyToken=b03f5f7f11d50a3a'. The system cannot find the file specified.
Could not load file or assembly 'System.Runtime, Version=9.0.0.0, Culture=neutral, PublicKeyToken=b03f5f7f11d50a3a'. The system cannot find the file specified.
Could not load file or assembly 'System.Runtime, Version=9.0.0.0, Culture=neutral, PublicKeyToken=b03f5f7f11d50a3a'. The system cannot find the file specified.
Could not load file or assembly 'System.Runtime, Version=9.0.0.0, Culture=neutral, PublicKeyToken=b03f5f7f11d50a3a'. The system cannot find the file specified.
Could not load file or assembly 'System.Runtime, Version=9.0.0.0, Culture=neutral, PublicKeyToken=b03f5f7f11d50a3a'. The system cannot find the file specified.
Could not load file or assembly 'System.Runtime, Version=9.0.0.0, Culture=neutral, PublicKeyToken=b03f5f7f11d50a3a'. The system cannot find the file specified.
Could not load file or assembly 'System.Runtime, Version=9.0.0.0, Culture=neutral, PublicKeyToken=b03f5f7f11d50a3a'. The system cannot find the file specified.
Could not load file or assembly 'System.Runtime, Version=9.0.0.0, Culture=neutral, PublicKeyToken=b03f5f7f11d50a3a'. The system cannot find the file specified.
Could not load file or assembly 'System.Runtime, Version=9.0.0.0, Culture=neutral, PublicKeyToken=b03f5f7f11d50a3a'. The system cannot find the file specified.
Could not load file or assembly 'System.Runtime, Version=9.0.0.0, Culture=neutral, PublicKeyToken=b03f5f7f11d50a3a'. The system cannot find the file specified.
Could not load file or assembly 'System.Runtime, Version=9.0.0.0, Culture=neutral, PublicKeyToken=b03f5f7f11d50a3a'. The system cannot find the file specified.
Could not load file or assembly 'System.Runtime, Version=9.0.0.0, Culture=neutral, PublicKeyToken=b03f5f7f11d50a3a'. The system cannot find the file specified.
Could not load file or assembly 'System.Runtime, Version=9.0.0.0, Culture=neutral, PublicKeyToken=b03f5f7f11d50a3a'. The system cannot find the file specified.
Could not load file or assembly 'System.Runtime, Version=9.0.0.0, Culture=neutral, PublicKeyToken=b03f5f7f11d50a3a'. The system cannot find the file specified.
Could not load file or assembly 'System.Runtime, Version=9.0.0.0, Culture=neutral, PublicKeyToken=b03f5f7f11d50a3a'. The system cannot find the file specified.
Could not load file or assembly 'System.Runtime, Version=9.0.0.0, Culture=neutral, PublicKeyToken=b03f5f7f11d50a3a'. The system cannot find the file specified.
Could not load file or assembly 'System.Runtime, Version=9.0.0.0, Culture=neutral, PublicKeyToken=b03f5f7f11d50a3a'. The system cannot find the file specified.
Could not load file or assembly 'System.Runtime, Version=9.0.0.0, Culture=neutral, PublicKeyToken=b03f5f7f11d50a3a'. The system cannot find the file specified.
Could not load file or assembly 'System.Runtime, Version=9.0.0.0, Culture=neutral, PublicKeyToken=b03f5f7f11d50a3a'. The system cannot find the file specified.
Could not load file or assembly 'System.Runtime, Version=9.0.0.0, Culture=neutral, PublicKeyToken=b03f5f7f11d50a3a'. The system cannot find the file specified.
Could not load file or assembly 'System.Runtime, Version=9.0.0.0, Culture=neutral, PublicKeyToken=b03f5f7f11d50a3a'. The system cannot find the file specified.
Could not load file or assembly 'System.Runtime, Version=9.0.0.0, Culture=neutral, PublicKeyToken=b03f5f7f11d50a3a'. The system cannot find the file specified.
Could not load file or assembly 'System.Runtime, Version=9.0.0.0, Culture=neutral, PublicKeyToken=b03f5f7f11d50a3a'. The system cannot find the file specified.
Could not load file or assembly 'System.Runtime, Version=9.0.0.0, Culture=neutral, PublicKeyToken=b03f5f7f11d50a3a'. The system cannot find the file specified.
Could not load file or assembly 'System.Runtime, Version=9.0.0.0, Culture=neutral, PublicKeyToken=b03f5f7f11d50a3a'. The system cannot find the file specified.
Could not load file or assembly 'System.Runtime, Version=9.0.0.0, Culture=neutral, PublicKeyToken=b03f5f7f11d50a3a'. The system cannot find the file specified.
Could not load file or assembly 'System.Runtime, Version=9.0.0.0, Culture=neutral, PublicKeyToken=b03f5f7f11d50a3a'. The system cannot find the file specified.
Could not load file or assembly 'System.Runtime, Version=9.0.0.0, Culture=neutral, PublicKeyToken=b03f5f7f11d50a3a'. The system cannot find the file specified.
Could not load file or assembly 'System.Runtime, Version=9.0.0.0, Culture=neutral, PublicKeyToken=b03f5f7f11d50a3a'. The system cannot find the file specified.
Could not load file or assembly 'System.Runtime, Version=9.0.0.0, Culture=neutral, PublicKeyToken=b03f5f7f11d50a3a'. The system cannot find the file specified.
Could not load file or assembly 'System.Runtime, Version=9.0.0.0, Culture=neutral, PublicKeyToken=b03f5f7f11d50a3a'. The system cannot find the file specified.
  ----> System.Reflection.ReflectionTypeLoadException : Unable to load one or more of the requested types.
Could not load file or assembly 'System.Runtime, Version=9.0.0.0, Culture=neutral, PublicKeyToken=b03f5f7f11d50a3a'. The system cannot find the file specified.
Could not load file or assembly 'System.Runtime, Version=9.0.0.0, Culture=neutral, PublicKeyToken=b03f5f7f11d50a3a'. The system cannot find the file specified.
Could not load file or assembly 'System.Runtime, Version=9.0.0.0, Culture=neutral, PublicKeyToken=b03f5f7f11d50a3a'. The system cannot find the file specified.
Could not load file or assembly 'System.Runtime, Version=9.0.0.0, Culture=neutral, PublicKeyToken=b03f5f7f11d50a3a'. The system cannot find the file specified.
Could not load file or assembly 'System.Runtime, Version=9.0.0.0, Culture=neutral, PublicKeyToken=b03f5f7f11d50a3a'. The system cannot find the file specified.
Could not load file or assembly 'System.Runtime, Version=9.0.0.0, Culture=neutral, PublicKeyToken=b03f5f7f11d50a3a'. The system cannot find the file specified.
Could not load file or assembly 'System.Runtime, Version=9.0.0.0, Culture=neutral, PublicKeyToken=b03f5f7f11d50a3a'. The system cannot find the file specified.
Could not load file or assembly 'System.Runtime, Version=9.0.0.0, Culture=neutral, PublicKeyToken=b03f5f7f11d50a3a'. The system cannot find the file specified.
Could not load file or assembly 'System.Runtime, Version=9.0.0.0, Culture=neutral, PublicKeyToken=b03f5f7f11d50a3a'. The system cannot find the file specified.
Could not load file or assembly 'System.Runtime, Version=9.0.0.0, Culture=neutral, PublicKeyToken=b03f5f7f11d50a3a'. The system cannot find the file specified.
Could not load file or assembly 'System.Runtime, Version=9.0.0.0, Culture=neutral, PublicKeyToken=b03f5f7f11d50a3a'. The system cannot find the file specified.
Could not load file or assembly 'System.Runtime, Version=9.0.0.0, Culture=neutral, PublicKeyToken=b03f5f7f11d50a3a'. The system cannot find the file specified.
Could not load file or assembly 'System.Runtime, Version=9.0.0.0, Culture=neutral, PublicKeyToken=b03f5f7f11d50a3a'. The system cannot find the file specified.
Could not load file or assembly 'System.Runtime, Version=9.0.0.0, Culture=neutral, PublicKeyToken=b03f5f7f11d50a3a'. The system cannot find the file specified.
Could not load file or assembly 'System.Runtime, Version=9.0.0.0, Culture=neutral, PublicKeyToken=b03f5f7f11d50a3a'. The system cannot find the file specified.
Could not load file or assembly 'System.Runtime, Version=9.0.0.0, Culture=neutral, PublicKeyToken=b03f5f7f11d50a3a'. The system cannot find the file specified.
Could not load file or assembly 'System.Runtime, Version=9.0.0.0, Culture=neutral, PublicKeyToken=b03f5f7f11d50a3a'. The system cannot find the file specified.
Could not load file or assembly 'System.Runtime, Version=9.0.0.0, Culture=neutral, PublicKeyToken=b03f5f7f11d50a3a'. The system cannot find the file specified.
Could not load file or assembly 'System.Runtime, Version=9.0.0.0, Culture=neutral, PublicKeyToken=b03f5f7f11d50a3a'. The system cannot find the file specified.
Could not load file or assembly 'System.Runtime, Version=9.0.0.0, Culture=neutral, PublicKeyToken=b03f5f7f11d50a3a'. The system cannot find the file specified.
Could not load file or assembly 'System.Runtime, Version=9.0.0.0, Culture=neutral, PublicKeyToken=b03f5f7f11d50a3a'. The system cannot find the file specified.
Could not load file or assembly 'System.Runtime, Version=9.0.0.0, Culture=neutral, PublicKeyToken=b03f5f7f11d50a3a'. The system cannot find the file specified.
Could not load file or assembly 'System.Runtime, Version=9.0.0.0, Culture=neutral, PublicKeyToken=b03f5f7f11d50a3a'. The system cannot find the file specified.
Could not load file or assembly 'System.Runtime, Version=9.0.0.0, Culture=neutral, PublicKeyToken=b03f5f7f11d50a3a'. The system cannot find the file specified.
Could not load file or assembly 'System.Runtime, Version=9.0.0.0, Culture=neutral, PublicKeyToken=b03f5f7f11d50a3a'. The system cannot find the file specified.
Could not load file or assembly 'System.Runtime, Version=9.0.0.0, Culture=neutral, PublicKeyToken=b03f5f7f11d50a3a'. The system cannot find the file specified.
Could not load file or assembly 'System.Runtime, Version=9.0.0.0, Culture=neutral, PublicKeyToken=b03f5f7f11d50a3a'. The system cannot find the file specified.
Could not load file or assembly 'System.Runtime, Version=9.0.0.0, Culture=neutral, PublicKeyToken=b03f5f7f11d50a3a'. The system cannot find the file specified.
Could not load file or assembly 'System.Runtime, Version=9.0.0.0, Culture=neutral, PublicKeyToken=b03f5f7f11d50a3a'. The system cannot find the file specified.
Could not load file or assembly 'System.Runtime, Version=9.0.0.0, Culture=neutral, PublicKeyToken=b03f5f7f11d50a3a'. The system cannot find the file specified.
Could not load file or assembly 'System.Runtime, Version=9.0.0.0, Culture=neutral, PublicKeyToken=b03f5f7f11d50a3a'. The system cannot find the file specified.
Could not load file or assembly 'System.Runtime, Version=9.0.0.0, Culture=neutral, PublicKeyToken=b03f5f7f11d50a3a'. The system cannot find the file specified.
Could not load file or assembly 'System.Runtime, Version=9.0.0.0, Culture=neutral, PublicKeyToken=b03f5f7f11d50a3a'. The system cannot find the file specified.
Could not load file or assembly 'System.Runtime, Version=9.0.0.0, Culture=neutral, PublicKeyToken=b03f5f7f11d50a3a'. The system cannot find the file specified.
Could not load file or assembly 'System.Runtime, Version=9.0.0.0, Culture=neutral, PublicKeyToken=b03f5f7f11d50a3a'. The system cannot find the file specified.
Could not load file or assembly 'System.Runtime, Version=9.0.0.0, Culture=neutral, PublicKeyToken=b03f5f7f11d50a3a'. The system cannot find the file specified.
Could not load file or assembly 'System.Runtime, Version=9.0.0.0, Culture=neutral, PublicKeyToken=b03f5f7f11d50a3a'. The system cannot find the file specified.
Could not load file or assembly 'System.Runtime, Version=9.0.0.0, Culture=neutral, PublicKeyToken=b03f5f7f11d50a3a'. The system cannot find the file specified.
Could not load file or assembly 'System.Runtime, Version=9.0.0.0, Culture=neutral, PublicKeyToken=b03f5f7f11d50a3a'. The system cannot find the file specified.
Could not load file or assembly 'System.Runtime, Version=9.0.0.0, Culture=neutral, PublicKeyToken=b03f5f7f11d50a3a'. The system cannot find the file specified.
Could not load file or assembly 'System.Runtime, Version=9.0.0.0, Culture=neutral, PublicKeyToken=b03f5f7f11d50a3a'. The system cannot find the file specified.
Could not load file or assembly 'System.Runtime, Version=9.0.0.0, Culture=neutral, PublicKeyToken=b03f5f7f11d50a3a'. The system cannot find the file specified.
Could not load file or assembly 'System.Runtime, Version=9.0.0.0, Culture=neutral, PublicKeyToken=b03f5f7f11d50a3a'. The system cannot find the file specified.
Could not load file or assembly 'System.Runtime, Version=9.0.0.0, Culture=neutral, PublicKeyToken=b03f5f7f11d50a3a'. The system cannot find the file specified.
Could not load file or assembly 'System.Runtime, Version=9.0.0.0, Culture=neutral, PublicKeyToken=b03f5f7f11d50a3a'. The system cannot find the file specified.
Could not load file or assembly 'System.Runtime, Version=9.0.0.0, Culture=neutral, PublicKeyToken=b03f5f7f11d50a3a'. The system cannot find the file specified.
Could not load file or assembly 'System.Runtime, Version=9.0.0.0, Culture=neutral, PublicKeyToken=b03f5f7f11d50a3a'. The system cannot find the file specified.
Could not load file or assembly 'System.Runtime, Version=9.0.0.0, Culture=neutral, PublicKeyToken=b03f5f7f11d50a3a'. The system cannot find the file specified.
Could not load file or assembly 'System.Runtime, Version=9.0.0.0, Culture=neutral, PublicKeyToken=b03f5f7f11d50a3a'. The system cannot find the file specified.
Could not load file or assembly 'System.Runtime, Version=9.0.0.0, Culture=neutral, PublicKeyToken=b03f5f7f11d50a3a'. The system cannot find the file specified.
Could not load file or assembly 'System.Runtime, Version=9.0.0.0, Culture=neutral, PublicKeyToken=b03f5f7f11d50a3a'. The system cannot find the file specified.
Could not load file or assembly 'System.Runtime, Version=9.0.0.0, Culture=neutral, PublicKeyToken=b03f5f7f11d50a3a'. The system cannot find the file specified.
Could not load file or assembly 'System.Runtime, Version=9.0.0.0, Culture=neutral, PublicKeyToken=b03f5f7f11d50a3a'. The system cannot find the file specified.
Could not load file or assembly 'System.Runtime, Version=9.0.0.0, Culture=neutral, PublicKeyToken=b03f5f7f11d50a3a'. The system cannot find the file specified.
Could not load file or assembly 'System.Runtime, Version=9.0.0.0, Culture=neutral, PublicKeyToken=b03f5f7f11d50a3a'. The system cannot find the file specified.
Could not load file or assembly 'System.Runtime, Version=9.0.0.0, Culture=neutral, PublicKeyToken=b03f5f7f11d50a3a'. The system cannot find the file specified.
Could not load file or assembly 'System.Runtime, Version=9.0.0.0, Culture=neutral, PublicKeyToken=b03f5f7f11d50a3a'. The system cannot find the file specified.
Could not load file or assembly 'System.Runtime, Version=9.0.0.0, Culture=neutral, PublicKeyToken=b03f5f7f11d50a3a'. The system cannot find the file specified.
Could not load file or assembly 'System.Runtime, Version=9.0.0.0, Culture=neutral, PublicKeyToken=b03f5f7f11d50a3a'. The system cannot find the file specified.
Could not load file or assembly 'System.Runtime, Version=9.0.0.0, Culture=neutral, PublicKeyToken=b03f5f7f11d50a3a'. The system cannot find the file specified.
Could not load file or assembly 'System.Runtime, Version=9.0.0.0, Culture=neutral, PublicKeyToken=b03f5f7f11d50a3a'. The system cannot find the file specified.
Could not load file or assembly 'System.Runtime, Version=9.0.0.0, Culture=neutral, PublicKeyToken=b03f5f7f11d50a3a'. The system cannot find the file specified.
Could not load file or assembly 'System.Runtime, Version=9.0.0.0, Culture=neutral, PublicKeyToken=b03f5f7f11d50a3a'. The system cannot find the file specified.
Could not load file or assembly 'System.Runtime, Version=9.0.0.0, Culture=neutral, PublicKeyToken=b03f5f7f11d50a3a'. The system cannot find the file specified.
Could not load file or assembly 'System.Runtime, Version=9.0.0.0, Culture=neutral, PublicKeyToken=b03f5f7f11d50a3a'. The system cannot find the file specified.
Could not load file or assembly 'System.Runtime, Version=9.0.0.0, Culture=neutral, PublicKeyToken=b03f5f7f11d50a3a'. The system cannot find the file specified.
Could not load file or assembly 'System.Runtime, Version=9.0.0.0, Culture=neutral, PublicKeyToken=b03f5f7f11d50a3a'. The system cannot find the file specified.
Could not load file or assembly 'System.Runtime, Version=9.0.0.0, Culture=neutral, PublicKeyToken=b03f5f7f11d50a3a'. The system cannot find the file specified.
Could not load file or assembly 'System.Runtime, Version=9.0.0.0, Culture=neutral, PublicKeyToken=b03f5f7f11d50a3a'. The system cannot find the file specified.
Could not load file or assembly 'System.Runtime, Version=9.0.0.0, Culture=neutral, PublicKeyToken=b03f5f7f11d50a3a'. The system cannot find the file specified.
Could not load file or assembly 'System.Runtime, Version=9.0.0.0, Culture=neutral, PublicKeyToken=b03f5f7f11d50a3a'. The system cannot find the file specified.
Could not load file or assembly 'System.Runtime, Version=9.0.0.0, Culture=neutral, PublicKeyToken=b03f5f7f11d50a3a'. The system cannot find the file specified.
Could not load file or assembly 'System.Runtime, Version=9.0.0.0, Culture=neutral, PublicKeyToken=b03f5f7f11d50a3a'. The system cannot find the file specified.
Could not load file or assembly 'System.Runtime, Version=9.0.0.0, Culture=neutral, PublicKeyToken=b03f5f7f11d50a3a'. The system cannot find the file specified.
Could not load file or assembly 'System.Runtime, Version=9.0.0.0, Culture=neutral, PublicKeyToken=b03f5f7f11d50a3a'. The system cannot find the file specified.
Could not load file or assembly 'System.Runtime, Version=9.0.0.0, Culture=neutral, PublicKeyToken=b03f5f7f11d50a3a'. The system cannot find the file specified.
Could not load file or assembly 'System.Runtime, Version=9.0.0.0, Culture=neutral, PublicKeyToken=b03f5f7f11d50a3a'. The system cannot find the file specified.
  ----> System.Reflection.ReflectionTypeLoadException : Unable to load one or more of the requested types.
Could not load file or assembly 'System.Runtime, Version=9.0.0.0, Culture=neutral, PublicKeyToken=b03f5f7f11d50a3a'. The system cannot find the file specified.
Could not load file or assembly 'System.Runtime, Version=9.0.0.0, Culture=neutral, PublicKeyToken=b03f5f7f11d50a3a'. The system cannot find the file specified.
Could not load file or assembly 'System.Runtime, Version=9.0.0.0, Culture=neutral, PublicKeyToken=b03f5f7f11d50a3a'. The system cannot find the file specified.
Could not load file or assembly 'System.Runtime, Version=9.0.0.0, Culture=neutral, PublicKeyToken=b03f5f7f11d50a3a'. The system cannot find the file specified.
Could not load file or assembly 'System.Runtime, Version=9.0.0.0, Culture=neutral, PublicKeyToken=b03f5f7f11d50a3a'. The system cannot find the file specified.
Could not load file or assembly 'System.Runtime, Version=9.0.0.0, Culture=neutral, PublicKeyToken=b03f5f7f11d50a3a'. The system cannot find the file specified.
Could not load file or assembly 'System.Runtime, Version=9.0.0.0, Culture=neutral, PublicKeyToken=b03f5f7f11d50a3a'. The system cannot find the file specified.
Could not load file or assembly 'System.Runtime, Version=9.0.0.0, Culture=neutral, PublicKeyToken=b03f5f7f11d50a3a'. The system cannot find the file specified.
Could not load file or assembly 'System.Runtime, Version=9.0.0.0, Culture=neutral, PublicKeyToken=b03f5f7f11d50a3a'. The system cannot find the file specified.
Could not load file or assembly 'System.Runtime, Version=9.0.0.0, Culture=neutral, PublicKeyToken=b03f5f7f11d50a3a'. The system cannot find the file specified.
Could not load file or assembly 'System.Runtime, Version=9.0.0.0, Culture=neutral, PublicKeyToken=b03f5f7f11d50a3a'. The system cannot find the file specified.
Could not load file or assembly 'System.Runtime, Version=9.0.0.0, Culture=neutral, PublicKeyToken=b03f5f7f11d50a3a'. The system cannot find the file specified.
Could not load file or assembly 'System.Runtime, Version=9.0.0.0, Culture=neutral, PublicKeyToken=b03f5f7f11d50a3a'. The system cannot find the file specified.
Could not load file or assembly 'System.Runtime, Version=9.0.0.0, Culture=neutral, PublicKeyToken=b03f5f7f11d50a3a'. The system cannot find the file specified.
Could not load file or assembly 'System.Runtime, Version=9.0.0.0, Culture=neutral, PublicKeyToken=b03f5f7f11d50a3a'. The system cannot find the file specified.
Could not load file or assembly 'System.Runtime, Version=9.0.0.0, Culture=neutral, PublicKeyToken=b03f5f7f11d50a3a'. The system cannot find the file specified.
Could not load file or assembly 'System.Runtime, Version=9.0.0.0, Culture=neutral, PublicKeyToken=b03f5f7f11d50a3a'. The system cannot find the file specified.
Could not load file or assembly 'System.Runtime, Version=9.0.0.0, Culture=neutral, PublicKeyToken=b03f5f7f11d50a3a'. The system cannot find the file specified.
Could not load file or assembly 'System.Runtime, Version=9.0.0.0, Culture=neutral, PublicKeyToken=b03f5f7f11d50a3a'. The system cannot find the file specified.
Could not load file or assembly 'System.Runtime, Version=9.0.0.0, Culture=neutral, PublicKeyToken=b03f5f7f11d50a3a'. The system cannot find the file specified.
Could not load file or assembly 'System.Runtime, Version=9.0.0.0, Culture=neutral, PublicKeyToken=b03f5f7f11d50a3a'. The system cannot find the file specified.
Could not load file or assembly 'System.Runtime, Version=9.0.0.0, Culture=neutral, PublicKeyToken=b03f5f7f11d50a3a'. The system cannot find the file specified.
Could not load file or assembly 'System.Runtime, Version=9.0.0.0, Culture=neutral, PublicKeyToken=b03f5f7f11d50a3a'. The system cannot find the file specified.
Could not load file or assembly 'System.Runtime, Version=9.0.0.0, Culture=neutral, PublicKeyToken=b03f5f7f11d50a3a'. The system cannot find the file specified.
Could not load file or assembly 'System.Runtime, Version=9.0.0.0, Culture=neutral, PublicKeyToken=b03f5f7f11d50a3a'. The system cannot find the file specified.
Could not load file or assembly 'System.Runtime, Version=9.0.0.0, Culture=neutral, PublicKeyToken=b03f5f7f11d50a3a'. The system cannot find the file specified.
Could not load file or assembly 'System.Runtime, Version=9.0.0.0, Culture=neutral, PublicKeyToken=b03f5f7f11d50a3a'. The system cannot find the file specified.
Could not load file or assembly 'System.Runtime, Version=9.0.0.0, Culture=neutral, PublicKeyToken=b03f5f7f11d50a3a'. The system cannot find the file specified.
Could not load file or assembly 'System.Runtime, Version=9.0.0.0, Culture=neutral, PublicKeyToken=b03f5f7f11d50a3a'. The system cannot find the file specified.
Could not load file or assembly 'System.Runtime, Version=9.0.0.0, Culture=neutral, PublicKeyToken=b03f5f7f11d50a3a'. The system cannot find the file specified.
Could not load file or assembly 'System.Runtime, Version=9.0.0.0, Culture=neutral, PublicKeyToken=b03f5f7f11d50a3a'. The system cannot find the file specified.
Could not load file or assembly 'System.Runtime, Version=9.0.0.0, Culture=neutral, PublicKeyToken=b03f5f7f11d50a3a'. The system cannot find the file specified.
Could not load file or assembly 'System.Runtime, Version=9.0.0.0, Culture=neutral, PublicKeyToken=b03f5f7f11d50a3a'. The system cannot find the file specified.
Could not load file or assembly 'System.Runtime, Version=9.0.0.0, Culture=neutral, PublicKeyToken=b03f5f7f11d50a3a'. The system cannot find the file specified.
Could not load file or assembly 'System.Runtime, Version=9.0.0.0, Culture=neutral, PublicKeyToken=b03f5f7f11d50a3a'. The system cannot find the file specified.
Could not load file or assembly 'System.Runtime, Version=9.0.0.0, Culture=neutral, PublicKeyToken=b03f5f7f11d50a3a'. The system cannot find the file specified.
Could not load file or assembly 'System.Runtime, Version=9.0.0.0, Culture=neutral, PublicKeyToken=b03f5f7f11d50a3a'. The system cannot find the file specified.
Could not load file or assembly 'System.Runtime, Version=9.0.0.0, Culture=neutral, PublicKeyToken=b03f5f7f11d50a3a'. The system cannot find the file specified.
Could not load file or assembly 'System.Runtime, Version=9.0.0.0, Culture=neutral, PublicKeyToken=b03f5f7f11d50a3a'. The system cannot find the file specified.
Could not load file or assembly 'System.Runtime, Version=9.0.0.0, Culture=neutral, PublicKeyToken=b03f5f7f11d50a3a'. The system cannot find the file specified.
Could not load file or assembly 'System.Runtime, Version=9.0.0.0, Culture=neutral, PublicKeyToken=b03f5f7f11d50a3a'. The system cannot find the file specified.
Could not load file or assembly 'System.Runtime, Version=9.0.0.0, Culture=neutral, PublicKeyToken=b03f5f7f11d50a3a'. The system cannot find the file specified.
Could not load file or assembly 'System.Runtime, Version=9.0.0.0, Culture=neutral, PublicKeyToken=b03f5f7f11d50a3a'. The system cannot find the file specified.
Could not load file or assembly 'System.Runtime, Version=9.0.0.0, Culture=neutral, PublicKeyToken=b03f5f7f11d50a3a'. The system cannot find the file specified.
Could not load file or assembly 'System.Runtime, Version=9.0.0.0, Culture=neutral, PublicKeyToken=b03f5f7f11d50a3a'. The system cannot find the file specified.
Could not load file or assembly 'System.Runtime, Version=9.0.0.0, Culture=neutral, PublicKeyToken=b03f5f7f11d50a3a'. The system cannot find the file specified.
Could not load file or assembly 'System.Runtime, Version=9.0.0.0, Culture=neutral, PublicKeyToken=b03f5f7f11d50a3a'. The system cannot find the file specified.
Could not load file or assembly 'System.Runtime, Version=9.0.0.0, Culture=neutral, PublicKeyToken=b03f5f7f11d50a3a'. The system cannot find the file specified.
Could not load file or assembly 'System.Runtime, Version=9.0.0.0, Culture=neutral, PublicKeyToken=b03f5f7f11d50a3a'. The system cannot find the file specified.
Could not load file or assembly 'System.Runtime, Version=9.0.0.0, Culture=neutral, PublicKeyToken=b03f5f7f11d50a3a'. The system cannot find the file specified.
Could not load file or assembly 'System.Runtime, Version=9.0.0.0, Culture=neutral, PublicKeyToken=b03f5f7f11d50a3a'. The system cannot find the file specified.
Could not load file or assembly 'System.Runtime, Version=9.0.0.0, Culture=neutral, PublicKeyToken=b03f5f7f11d50a3a'. The system cannot find the file specified.
Could not load file or assembly 'System.Runtime, Version=9.0.0.0, Culture=neutral, PublicKeyToken=b03f5f7f11d50a3a'. The system cannot find the file specified.
Could not load file or assembly 'System.Runtime, Version=9.0.0.0, Culture=neutral, PublicKeyToken=b03f5f7f11d50a3a'. The system cannot find the file specified.
Could not load file or assembly 'System.Runtime, Version=9.0.0.0, Culture=neutral, PublicKeyToken=b03f5f7f11d50a3a'. The system cannot find the file specified.
Could not load file or assembly 'System.Runtime, Version=9.0.0.0, Culture=neutral, PublicKeyToken=b03f5f7f11d50a3a'. The system cannot find the file specified.
Could not load file or assembly 'System.Runtime, Version=9.0.0.0, Culture=neutral, PublicKeyToken=b03f5f7f11d50a3a'. The system cannot find the file specified.
Could not load file or assembly 'System.Runtime, Version=9.0.0.0, Culture=neutral, PublicKeyToken=b03f5f7f11d50a3a'. The system cannot find the file specified.
Could not load file or assembly 'System.Runtime, Version=9.0.0.0, Culture=neutral, PublicKeyToken=b03f5f7f11d50a3a'. The system cannot find the file specified.
Could not load file or assembly 'System.Runtime, Version=9.0.0.0, Culture=neutral, PublicKeyToken=b03f5f7f11d50a3a'. The system cannot find the file specified.
Could not load file or assembly 'System.Runtime, Version=9.0.0.0, Culture=neutral, PublicKeyToken=b03f5f7f11d50a3a'. The system cannot find the file specified.
Could not load file or assembly 'System.Runtime, Version=9.0.0.0, Culture=neutral, PublicKeyToken=b03f5f7f11d50a3a'. The system cannot find the file specified.
Could not load file or assembly 'System.Runtime, Version=9.0.0.0, Culture=neutral, PublicKeyToken=b03f5f7f11d50a3a'. The system cannot find the file specified.
Could not load file or assembly 'System.Runtime, Version=9.0.0.0, Culture=neutral, PublicKeyToken=b03f5f7f11d50a3a'. The system cannot find the file specified.
Could not load file or assembly 'System.Runtime, Version=9.0.0.0, Culture=neutral, PublicKeyToken=b03f5f7f11d50a3a'. The system cannot find the file specified.
Could not load file or assembly 'System.Runtime, Version=9.0.0.0, Culture=neutral, PublicKeyToken=b03f5f7f11d50a3a'. The system cannot find the file specified.
Could not load file or assembly 'System.Runtime, Version=9.0.0.0, Culture=neutral, PublicKeyToken=b03f5f7f11d50a3a'. The system cannot find the file specified.
Could not load file or assembly 'System.Runtime, Version=9.0.0.0, Culture=neutral, PublicKeyToken=b03f5f7f11d50a3a'. The system cannot find the file specified.
Could not load file or assembly 'System.Runtime, Version=9.0.0.0, Culture=neutral, PublicKeyToken=b03f5f7f11d50a3a'. The system cannot find the file specified.
Could not load file or assembly 'System.Runtime, Version=9.0.0.0, Culture=neutral, PublicKeyToken=b03f5f7f11d50a3a'. The system cannot find the file specified.
Could not load file or assembly 'System.Runtime, Version=9.0.0.0, Culture=neutral, PublicKeyToken=b03f5f7f11d50a3a'. The system cannot find the file specified.
Could not load file or assembly 'System.Runtime, Version=9.0.0.0, Culture=neutral, PublicKeyToken=b03f5f7f11d50a3a'. The system cannot find the file specified.
Could not load file or assembly 'System.Runtime, Version=9.0.0.0, Culture=neutral, PublicKeyToken=b03f5f7f11d50a3a'. The system cannot find the file specified.
Could not load file or assembly 'System.Runtime, Version=9.0.0.0, Culture=neutral, PublicKeyToken=b03f5f7f11d50a3a'. The system cannot find the file specified.
Could not load file or assembly 'System.Runtime, Version=9.0.0.0, Culture=neutral, PublicKeyToken=b03f5f7f11d50a3a'. The system cannot find the file specified.
Could not load file or assembly 'System.Runtime, Version=9.0.0.0, Culture=neutral, PublicKeyToken=b03f5f7f11d50a3a'. The system cannot find the file specified.
Could not load file or assembly 'System.Runtime, Version=9.0.0.0, Culture=neutral, PublicKeyToken=b03f5f7f11d50a3a'. The system cannot find the file specified.
  ----> System.Reflection.ReflectionTypeLoadException : Unable to load one or more of the requested types.
Could not load file or assembly 'System.Runtime, Version=9.0.0.0, Culture=neutral, PublicKeyToken=b03f5f7f11d50a3a'. The system cannot find the file specified.
Could not load file or assembly 'System.Runtime, Version=9.0.0.0, Culture=neutral, PublicKeyToken=b03f5f7f11d50a3a'. The system cannot find the file specified.
Could not load file or assembly 'System.Runtime, Version=9.0.0.0, Culture=neutral, PublicKeyToken=b03f5f7f11d50a3a'. The system cannot find the file specified.
Could not load file or assembly 'System.Runtime, Version=9.0.0.0, Culture=neutral, PublicKeyToken=b03f5f7f11d50a3a'. The system cannot find the file specified.
Could not load file or assembly 'System.Runtime, Version=9.0.0.0, Culture=neutral, PublicKeyToken=b03f5f7f11d50a3a'. The system cannot find the file specified.
Could not load file or assembly 'System.Runtime, Version=9.0.0.0, Culture=neutral, PublicKeyToken=b03f5f7f11d50a3a'. The system cannot find the file specified.
Could not load file or assembly 'System.Runtime, Version=9.0.0.0, Culture=neutral, PublicKeyToken=b03f5f7f11d50a3a'. The system cannot find the file specified.
Could not load file or assembly 'System.Runtime, Version=9.0.0.0, Culture=neutral, PublicKeyToken=b03f5f7f11d50a3a'. The system cannot find the file specified.
Could not load file or assembly 'System.Runtime, Version=9.0.0.0, Culture=neutral, PublicKeyToken=b03f5f7f11d50a3a'. The system cannot find the file specified.
Could not load file or assembly 'System.Runtime, Version=9.0.0.0, Culture=neutral, PublicKeyToken=b03f5f7f11d50a3a'. The system cannot find the file specified.
Could not load file or assembly 'System.Runtime, Version=9.0.0.0, Culture=neutral, PublicKeyToken=b03f5f7f11d50a3a'. The system cannot find the file specified.
Could not load file or assembly 'System.Runtime, Version=9.0.0.0, Culture=neutral, PublicKeyToken=b03f5f7f11d50a3a'. The system cannot find the file specified.
Could not load file or assembly 'System.Runtime, Version=9.0.0.0, Culture=neutral, PublicKeyToken=b03f5f7f11d50a3a'. The system cannot find the file specified.
Could not load file or assembly 'System.Runtime, Version=9.0.0.0, Culture=neutral, PublicKeyToken=b03f5f7f11d50a3a'. The system cannot find the file specified.
Could not load file or assembly 'System.Runtime, Version=9.0.0.0, Culture=neutral, PublicKeyToken=b03f5f7f11d50a3a'. The system cannot find the file specified.
Could not load file or assembly 'System.Runtime, Version=9.0.0.0, Culture=neutral, PublicKeyToken=b03f5f7f11d50a3a'. The system cannot find the file specified.
Could not load file or assembly 'System.Runtime, Version=9.0.0.0, Culture=neutral, PublicKeyToken=b03f5f7f11d50a3a'. The system cannot find the file specified.
Could not load file or assembly 'System.Runtime, Version=9.0.0.0, Culture=neutral, PublicKeyToken=b03f5f7f11d50a3a'. The system cannot find the file specified.
Could not load file or assembly 'System.Runtime, Version=9.0.0.0, Culture=neutral, PublicKeyToken=b03f5f7f11d50a3a'. The system cannot find the file specified.
Could not load file or assembly 'System.Runtime, Version=9.0.0.0, Culture=neutral, PublicKeyToken=b03f5f7f11d50a3a'. The system cannot find the file specified.
Could not load file or assembly 'System.Runtime, Version=9.0.0.0, Culture=neutral, PublicKeyToken=b03f5f7f11d50a3a'. The system cannot find the file specified.
Could not load file or assembly 'System.Runtime, Version=9.0.0.0, Culture=neutral, PublicKeyToken=b03f5f7f11d50a3a'. The system cannot find the file specified.
Could not load file or assembly 'System.Runtime, Version=9.0.0.0, Culture=neutral, PublicKeyToken=b03f5f7f11d50a3a'. The system cannot find the file specified.
Could not load file or assembly 'System.Runtime, Version=9.0.0.0, Culture=neutral, PublicKeyToken=b03f5f7f11d50a3a'. The system cannot find the file specified.
Could not load file or assembly 'System.Runtime, Version=9.0.0.0, Culture=neutral, PublicKeyToken=b03f5f7f11d50a3a'. The system cannot find the file specified.
Could not load file or assembly 'System.Runtime, Version=9.0.0.0, Culture=neutral, PublicKeyToken=b03f5f7f11d50a3a'. The system cannot find the file specified.
Could not load file or assembly 'System.Runtime, Version=9.0.0.0, Culture=neutral, PublicKeyToken=b03f5f7f11d50a3a'. The system cannot find the file specified.
Could not load file or assembly 'System.Runtime, Version=9.0.0.0, Culture=neutral, PublicKeyToken=b03f5f7f11d50a3a'. The system cannot find the file specified.
Could not load file or assembly 'System.Runtime, Version=9.0.0.0, Culture=neutral, PublicKeyToken=b03f5f7f11d50a3a'. The system cannot find the file specified.
Could not load file or assembly 'System.Runtime, Version=9.0.0.0, Culture=neutral, PublicKeyToken=b03f5f7f11d50a3a'. The system cannot find the file specified.
Could not load file or assembly 'System.Runtime, Version=9.0.0.0, Culture=neutral, PublicKeyToken=b03f5f7f11d50a3a'. The system cannot find the file specified.
Could not load file or assembly 'System.Runtime, Version=9.0.0.0, Culture=neutral, PublicKeyToken=b03f5f7f11d50a3a'. The system cannot find the file specified.
Could not load file or assembly 'System.Runtime, Version=9.0.0.0, Culture=neutral, PublicKeyToken=b03f5f7f11d50a3a'. The system cannot find the file specified.
Could not load file or assembly 'System.Runtime, Version=9.0.0.0, Culture=neutral, PublicKeyToken=b03f5f7f11d50a3a'. The system cannot find the file specified.
Could not load file or assembly 'System.Runtime, Version=9.0.0.0, Culture=neutral, PublicKeyToken=b03f5f7f11d50a3a'. The system cannot find the file specified.
Could not load file or assembly 'System.Runtime, Version=9.0.0.0, Culture=neutral, PublicKeyToken=b03f5f7f11d50a3a'. The system cannot find the file specified.
Could not load file or assembly 'System.Runtime, Version=9.0.0.0, Culture=neutral, PublicKeyToken=b03f5f7f11d50a3a'. The system cannot find the file specified.
Could not load file or assembly 'System.Runtime, Version=9.0.0.0, Culture=neutral, PublicKeyToken=b03f5f7f11d50a3a'. The system cannot find the file specified.
Could not load file or assembly 'System.Runtime, Version=9.0.0.0, Culture=neutral, PublicKeyToken=b03f5f7f11d50a3a'. The system cannot find the file specified.
Could not load file or assembly 'System.Runtime, Version=9.0.0.0, Culture=neutral, PublicKeyToken=b03f5f7f11d50a3a'. The system cannot find the file specified.
Could not load file or assembly 'System.Runtime, Version=9.0.0.0, Culture=neutral, PublicKeyToken=b03f5f7f11d50a3a'. The system cannot find the file specified.
Could not load file or assembly 'System.Runtime, Version=9.0.0.0, Culture=neutral, PublicKeyToken=b03f5f7f11d50a3a'. The system cannot find the file specified.
Could not load file or assembly 'System.Runtime, Version=9.0.0.0, Culture=neutral, PublicKeyToken=b03f5f7f11d50a3a'. The system cannot find the file specified.
Could not load file or assembly 'System.Runtime, Version=9.0.0.0, Culture=neutral, PublicKeyToken=b03f5f7f11d50a3a'. The system cannot find the file specified.
Could not load file or assembly 'System.Runtime, Version=9.0.0.0, Culture=neutral, PublicKeyToken=b03f5f7f11d50a3a'. The system cannot find the file specified.
Could not load file or assembly 'System.Runtime, Version=9.0.0.0, Culture=neutral, PublicKeyToken=b03f5f7f11d50a3a'. The system cannot find the file specified.
Could not load file or assembly 'System.Runtime, Version=9.0.0.0, Culture=neutral, PublicKeyToken=b03f5f7f11d50a3a'. The system cannot find the file specified.
Could not load file or assembly 'System.Runtime, Version=9.0.0.0, Culture=neutral, PublicKeyToken=b03f5f7f11d50a3a'. The system cannot find the file specified.
Could not load file or assembly 'System.Runtime, Version=9.0.0.0, Culture=neutral, PublicKeyToken=b03f5f7f11d50a3a'. The system cannot find the file specified.
Could not load file or assembly 'System.Runtime, Version=9.0.0.0, Culture=neutral, PublicKeyToken=b03f5f7f11d50a3a'. The system cannot find the file specified.
Could not load file or assembly 'System.Runtime, Version=9.0.0.0, Culture=neutral, PublicKeyToken=b03f5f7f11d50a3a'. The system cannot find the file specified.
Could not load file or assembly 'System.Runtime, Version=9.0.0.0, Culture=neutral, PublicKeyToken=b03f5f7f11d50a3a'. The system cannot find the file specified.
Could not load file or assembly 'System.Runtime, Version=9.0.0.0, Culture=neutral, PublicKeyToken=b03f5f7f11d50a3a'. The system cannot find the file specified.
Could not load file or assembly 'System.Runtime, Version=9.0.0.0, Culture=neutral, PublicKeyToken=b03f5f7f11d50a3a'. The system cannot find the file specified.
Could not load file or assembly 'System.Runtime, Version=9.0.0.0, Culture=neutral, PublicKeyToken=b03f5f7f11d50a3a'. The system cannot find the file specified.
Could not load file or assembly 'System.Runtime, Version=9.0.0.0, Culture=neutral, PublicKeyToken=b03f5f7f11d50a3a'. The system cannot find the file specified.
Could not load file or assembly 'System.Runtime, Version=9.0.0.0, Culture=neutral, PublicKeyToken=b03f5f7f11d50a3a'. The system cannot find the file specified.
Could not load file or assembly 'System.Runtime, Version=9.0.0.0, Culture=neutral, PublicKeyToken=b03f5f7f11d50a3a'. The system cannot find the file specified.
Could not load file or assembly 'System.Runtime, Version=9.0.0.0, Culture=neutral, PublicKeyToken=b03f5f7f11d50a3a'. The system cannot find the file specified.
Could not load file or assembly 'System.Runtime, Version=9.0.0.0, Culture=neutral, PublicKeyToken=b03f5f7f11d50a3a'. The system cannot find the file specified.
Could not load file or assembly 'System.Runtime, Version=9.0.0.0, Culture=neutral, PublicKeyToken=b03f5f7f11d50a3a'. The system cannot find the file specified.
Could not load file or assembly 'System.Runtime, Version=9.0.0.0, Culture=neutral, PublicKeyToken=b03f5f7f11d50a3a'. The system cannot find the file specified.
Could not load file or assembly 'System.Runtime, Version=9.0.0.0, Culture=neutral, PublicKeyToken=b03f5f7f11d50a3a'. The system cannot find the file specified.
Could not load file or assembly 'System.Runtime, Version=9.0.0.0, Culture=neutral, PublicKeyToken=b03f5f7f11d50a3a'. The system cannot find the file specified.
Could not load file or assembly 'System.Runtime, Version=9.0.0.0, Culture=neutral, PublicKeyToken=b03f5f7f11d50a3a'. The system cannot find the file specified.
Could not load file or assembly 'System.Runtime, Version=9.0.0.0, Culture=neutral, PublicKeyToken=b03f5f7f11d50a3a'. The system cannot find the file specified.
Could not load file or assembly 'System.Runtime, Version=9.0.0.0, Culture=neutral, PublicKeyToken=b03f5f7f11d50a3a'. The system cannot find the file specified.
Could not load file or assembly 'System.Runtime, Version=9.0.0.0, Culture=neutral, PublicKeyToken=b03f5f7f11d50a3a'. The system cannot find the file specified.
Could not load file or assembly 'System.Runtime, Version=9.0.0.0, Culture=neutral, PublicKeyToken=b03f5f7f11d50a3a'. The system cannot find the file specified.
Could not load file or assembly 'System.Runtime, Version=9.0.0.0, Culture=neutral, PublicKeyToken=b03f5f7f11d50a3a'. The system cannot find the file specified.
Could not load file or assembly 'System.Runtime, Version=9.0.0.0, Culture=neutral, PublicKeyToken=b03f5f7f11d50a3a'. The system cannot find the file specified.
Could not load file or assembly 'System.Runtime, Version=9.0.0.0, Culture=neutral, PublicKeyToken=b03f5f7f11d50a3a'. The system cannot find the file specified.
Could not load file or assembly 'System.Runtime, Version=9.0.0.0, Culture=neutral, PublicKeyToken=b03f5f7f11d50a3a'. The system cannot find the file specified.
Could not load file or assembly 'System.Runtime, Version=9.0.0.0, Culture=neutral, PublicKeyToken=b03f5f7f11d50a3a'. The system cannot find the file specified.
Could not load file or assembly 'System.Runtime, Version=9.0.0.0, Culture=neutral, PublicKeyToken=b03f5f7f11d50a3a'. The system cannot find the file specified.
Could not load file or assembly 'System.Runtime, Version=9.0.0.0, Culture=neutral, PublicKeyToken=b03f5f7f11d50a3a'. The system cannot find the file specified.
Could not load file or assembly 'System.Runtime, Version=9.0.0.0, Culture=neutral, PublicKeyToken=b03f5f7f11d50a3a'. The system cannot find the file specified.
  ----> System.Reflection.ReflectionTypeLoadException : Unable to load one or more of the requested types.
Could not load file or assembly 'System.Runtime, Version=9.0.0.0, Culture=neutral, PublicKeyToken=b03f5f7f11d50a3a'. The system cannot find the file specified.
Could not load file or assembly 'System.Runtime, Version=9.0.0.0, Culture=neutral, PublicKeyToken=b03f5f7f11d50a3a'. The system cannot find the file specified.
Could not load file or assembly 'System.Runtime, Version=9.0.0.0, Culture=neutral, PublicKeyToken=b03f5f7f11d50a3a'. The system cannot find the file specified.
Could not load file or assembly 'System.Runtime, Version=9.0.0.0, Culture=neutral, PublicKeyToken=b03f5f7f11d50a3a'. The system cannot find the file specified.
Could not load file or assembly 'System.Runtime, Version=9.0.0.0, Culture=neutral, PublicKeyToken=b03f5f7f11d50a3a'. The system cannot find the file specified.
Could not load file or assembly 'System.Runtime, Version=9.0.0.0, Culture=neutral, PublicKeyToken=b03f5f7f11d50a3a'. The system cannot find the file specified.
Could not load file or assembly 'System.Runtime, Version=9.0.0.0, Culture=neutral, PublicKeyToken=b03f5f7f11d50a3a'. The system cannot find the file specified.
Could not load file or assembly 'System.Runtime, Version=9.0.0.0, Culture=neutral, PublicKeyToken=b03f5f7f11d50a3a'. The system cannot find the file specified.
Could not load file or assembly 'System.Runtime, Version=9.0.0.0, Culture=neutral, PublicKeyToken=b03f5f7f11d50a3a'. The system cannot find the file specified.
Could not load file or assembly 'System.Runtime, Version=9.0.0.0, Culture=neutral, PublicKeyToken=b03f5f7f11d50a3a'. The system cannot find the file specified.
Could not load file or assembly 'System.Runtime, Version=9.0.0.0, Culture=neutral, PublicKeyToken=b03f5f7f11d50a3a'. The system cannot find the file specified.
Could not load file or assembly 'System.Runtime, Version=9.0.0.0, Culture=neutral, PublicKeyToken=b03f5f7f11d50a3a'. The system cannot find the file specified.
Could not load file or assembly 'System.Runtime, Version=9.0.0.0, Culture=neutral, PublicKeyToken=b03f5f7f11d50a3a'. The system cannot find the file specified.
Could not load file or assembly 'System.Runtime, Version=9.0.0.0, Culture=neutral, PublicKeyToken=b03f5f7f11d50a3a'. The system cannot find the file specified.
Could not load file or assembly 'System.Runtime, Version=9.0.0.0, Culture=neutral, PublicKeyToken=b03f5f7f11d50a3a'. The system cannot find the file specified.
Could not load file or assembly 'System.Runtime, Version=9.0.0.0, Culture=neutral, PublicKeyToken=b03f5f7f11d50a3a'. The system cannot find the file specified.
Could not load file or assembly 'System.Runtime, Version=9.0.0.0, Culture=neutral, PublicKeyToken=b03f5f7f11d50a3a'. The system cannot find the file specified.
Could not load file or assembly 'System.Runtime, Version=9.0.0.0, Culture=neutral, PublicKeyToken=b03f5f7f11d50a3a'. The system cannot find the file specified.
Could not load file or assembly 'System.Runtime, Version=9.0.0.0, Culture=neutral, PublicKeyToken=b03f5f7f11d50a3a'. The system cannot find the file specified.
Could not load file or assembly 'System.Runtime, Version=9.0.0.0, Culture=neutral, PublicKeyToken=b03f5f7f11d50a3a'. The system cannot find the file specified.
Could not load file or assembly 'System.Runtime, Version=9.0.0.0, Culture=neutral, PublicKeyToken=b03f5f7f11d50a3a'. The system cannot find the file specified.
Could not load file or assembly 'System.Runtime, Version=9.0.0.0, Culture=neutral, PublicKeyToken=b03f5f7f11d50a3a'. The system cannot find the file specified.
Could not load file or assembly 'System.Runtime, Version=9.0.0.0, Culture=neutral, PublicKeyToken=b03f5f7f11d50a3a'. The system cannot find the file specified.
Could not load file or assembly 'System.Runtime, Version=9.0.0.0, Culture=neutral, PublicKeyToken=b03f5f7f11d50a3a'. The system cannot find the file specified.
Could not load file or assembly 'System.Runtime, Version=9.0.0.0, Culture=neutral, PublicKeyToken=b03f5f7f11d50a3a'. The system cannot find the file specified.
Could not load file or assembly 'System.Runtime, Version=9.0.0.0, Culture=neutral, PublicKeyToken=b03f5f7f11d50a3a'. The system cannot find the file specified.
Could not load file or assembly 'System.Runtime, Version=9.0.0.0, Culture=neutral, PublicKeyToken=b03f5f7f11d50a3a'. The system cannot find the file specified.
Could not load file or assembly 'System.Runtime, Version=9.0.0.0, Culture=neutral, PublicKeyToken=b03f5f7f11d50a3a'. The system cannot find the file specified.
Could not load file or assembly 'System.Runtime, Version=9.0.0.0, Culture=neutral, PublicKeyToken=b03f5f7f11d50a3a'. The system cannot find the file specified.
Could not load file or assembly 'System.Runtime, Version=9.0.0.0, Culture=neutral, PublicKeyToken=b03f5f7f11d50a3a'. The system cannot find the file specified.
Could not load file or assembly 'System.Runtime, Version=9.0.0.0, Culture=neutral, PublicKeyToken=b03f5f7f11d50a3a'. The system cannot find the file specified.
Could not load file or assembly 'System.Runtime, Version=9.0.0.0, Culture=neutral, PublicKeyToken=b03f5f7f11d50a3a'. The system cannot find the file specified.
Could not load file or assembly 'System.Runtime, Version=9.0.0.0, Culture=neutral, PublicKeyToken=b03f5f7f11d50a3a'. The system cannot find the file specified.
Could not load file or assembly 'System.Runtime, Version=9.0.0.0, Culture=neutral, PublicKeyToken=b03f5f7f11d50a3a'. The system cannot find the file specified.
Could not load file or assembly 'System.Runtime, Version=9.0.0.0, Culture=neutral, PublicKeyToken=b03f5f7f11d50a3a'. The system cannot find the file specified.
Could not load file or assembly 'System.Runtime, Version=9.0.0.0, Culture=neutral, PublicKeyToken=b03f5f7f11d50a3a'. The system cannot find the file specified.
Could not load file or assembly 'System.Runtime, Version=9.0.0.0, Culture=neutral, PublicKeyToken=b03f5f7f11d50a3a'. The system cannot find the file specified.
Could not load file or assembly 'System.Runtime, Version=9.0.0.0, Culture=neutral, PublicKeyToken=b03f5f7f11d50a3a'. The system cannot find the file specified.
Could not load file or assembly 'System.Runtime, Version=9.0.0.0, Culture=neutral, PublicKeyToken=b03f5f7f11d50a3a'. The system cannot find the file specified.
Could not load file or assembly 'System.Runtime, Version=9.0.0.0, Culture=neutral, PublicKeyToken=b03f5f7f11d50a3a'. The system cannot find the file specified.
Could not load file or assembly 'System.Runtime, Version=9.0.0.0, Culture=neutral, PublicKeyToken=b03f5f7f11d50a3a'. The system cannot find the file specified.
Could not load file or assembly 'System.Runtime, Version=9.0.0.0, Culture=neutral, PublicKeyToken=b03f5f7f11d50a3a'. The system cannot find the file specified.
Could not load file or assembly 'System.Runtime, Version=9.0.0.0, Culture=neutral, PublicKeyToken=b03f5f7f11d50a3a'. The system cannot find the file specified.
Could not load file or assembly 'System.Runtime, Version=9.0.0.0, Culture=neutral, PublicKeyToken=b03f5f7f11d50a3a'. The system cannot find the file specified.
Could not load file or assembly 'System.Runtime, Version=9.0.0.0, Culture=neutral, PublicKeyToken=b03f5f7f11d50a3a'. The system cannot find the file specified.
Could not load file or assembly 'System.Runtime, Version=9.0.0.0, Culture=neutral, PublicKeyToken=b03f5f7f11d50a3a'. The system cannot find the file specified.
Could not load file or assembly 'System.Runtime, Version=9.0.0.0, Culture=neutral, PublicKeyToken=b03f5f7f11d50a3a'. The system cannot find the file specified.
Could not load file or assembly 'System.Runtime, Version=9.0.0.0, Culture=neutral, PublicKeyToken=b03f5f7f11d50a3a'. The system cannot find the file specified.
Could not load file or assembly 'System.Runtime, Version=9.0.0.0, Culture=neutral, PublicKeyToken=b03f5f7f11d50a3a'. The system cannot find the file specified.
Could not load file or assembly 'System.Runtime, Version=9.0.0.0, Culture=neutral, PublicKeyToken=b03f5f7f11d50a3a'. The system cannot find the file specified.
Could not load file or assembly 'System.Runtime, Version=9.0.0.0, Culture=neutral, PublicKeyToken=b03f5f7f11d50a3a'. The system cannot find the file specified.
Could not load file or assembly 'System.Runtime, Version=9.0.0.0, Culture=neutral, PublicKeyToken=b03f5f7f11d50a3a'. The system cannot find the file specified.
Could not load file or assembly 'System.Runtime, Version=9.0.0.0, Culture=neutral, PublicKeyToken=b03f5f7f11d50a3a'. The system cannot find the file specified.
Could not load file or assembly 'System.Runtime, Version=9.0.0.0, Culture=neutral, PublicKeyToken=b03f5f7f11d50a3a'. The system cannot find the file specified.
Could not load file or assembly 'System.Runtime, Version=9.0.0.0, Culture=neutral, PublicKeyToken=b03f5f7f11d50a3a'. The system cannot find the file specified.
Could not load file or assembly 'System.Runtime, Version=9.0.0.0, Culture=neutral, PublicKeyToken=b03f5f7f11d50a3a'. The system cannot find the file specified.
Could not load file or assembly 'System.Runtime, Version=9.0.0.0, Culture=neutral, PublicKeyToken=b03f5f7f11d50a3a'. The system cannot find the file specified.
Could not load file or assembly 'System.Runtime, Version=9.0.0.0, Culture=neutral, PublicKeyToken=b03f5f7f11d50a3a'. The system cannot find the file specified.
Could not load file or assembly 'System.Runtime, Version=9.0.0.0, Culture=neutral, PublicKeyToken=b03f5f7f11d50a3a'. The system cannot find the file specified.
Could not load file or assembly 'System.Runtime, Version=9.0.0.0, Culture=neutral, PublicKeyToken=b03f5f7f11d50a3a'. The system cannot find the file specified.
Could not load file or assembly 'System.Runtime, Version=9.0.0.0, Culture=neutral, PublicKeyToken=b03f5f7f11d50a3a'. The system cannot find the file specified.
Could not load file or assembly 'System.Runtime, Version=9.0.0.0, Culture=neutral, PublicKeyToken=b03f5f7f11d50a3a'. The system cannot find the file specified.
Could not load file or assembly 'System.Runtime, Version=9.0.0.0, Culture=neutral, PublicKeyToken=b03f5f7f11d50a3a'. The system cannot find the file specified.
Could not load file or assembly 'System.Runtime, Version=9.0.0.0, Culture=neutral, PublicKeyToken=b03f5f7f11d50a3a'. The system cannot find the file specified.
Could not load file or assembly 'System.Runtime, Version=9.0.0.0, Culture=neutral, PublicKeyToken=b03f5f7f11d50a3a'. The system cannot find the file specified.
Could not load file or assembly 'System.Runtime, Version=9.0.0.0, Culture=neutral, PublicKeyToken=b03f5f7f11d50a3a'. The system cannot find the file specified.
Could not load file or assembly 'System.Runtime, Version=9.0.0.0, Culture=neutral, PublicKeyToken=b03f5f7f11d50a3a'. The system cannot find the file specified.
Could not load file or assembly 'System.Runtime, Version=9.0.0.0, Culture=neutral, PublicKeyToken=b03f5f7f11d50a3a'. The system cannot find the file specified.
Could not load file or assembly 'System.Runtime, Version=9.0.0.0, Culture=neutral, PublicKeyToken=b03f5f7f11d50a3a'. The system cannot find the file specified.
Could not load file or assembly 'System.Runtime, Version=9.0.0.0, Culture=neutral, PublicKeyToken=b03f5f7f11d50a3a'. The system cannot find the file specified.
Could not load file or assembly 'System.Runtime, Version=9.0.0.0, Culture=neutral, PublicKeyToken=b03f5f7f11d50a3a'. The system cannot find the file specified.
Could not load file or assembly 'System.Runtime, Version=9.0.0.0, Culture=neutral, PublicKeyToken=b03f5f7f11d50a3a'. The system cannot find the file specified.
Could not load file or assembly 'System.Runtime, Version=9.0.0.0, Culture=neutral, PublicKeyToken=b03f5f7f11d50a3a'. The system cannot find the file specified.
Could not load file or assembly 'System.Runtime, Version=9.0.0.0, Culture=neutral, PublicKeyToken=b03f5f7f11d50a3a'. The system cannot find the file specified.
Could not load file or assembly 'System.Runtime, Version=9.0.0.0, Culture=neutral, PublicKeyToken=b03f5f7f11d50a3a'. The system cannot find the file specified.
Could not load file or assembly 'System.Runtime, Version=9.0.0.0, Culture=neutral, PublicKeyToken=b03f5f7f11d50a3a'. The system cannot find the file specified.
Could not load file or assembly 'System.Runtime, Version=9.0.0.0, Culture=neutral, PublicKeyToken=b03f5f7f11d50a3a'. The system cannot find the file specified.
  ----> System.Reflection.ReflectionTypeLoadException : Unable to load one or more of the requested types.
Could not load file or assembly 'System.Runtime, Version=9.0.0.0, Culture=neutral, PublicKeyToken=b03f5f7f11d50a3a'. The system cannot find the file specified.
Could not load file or assembly 'System.Runtime, Version=9.0.0.0, Culture=neutral, PublicKeyToken=b03f5f7f11d50a3a'. The system cannot find the file specified.
Could not load file or assembly 'System.Runtime, Version=9.0.0.0, Culture=neutral, PublicKeyToken=b03f5f7f11d50a3a'. The system cannot find the file specified.
Could not load file or assembly 'System.Runtime, Version=9.0.0.0, Culture=neutral, PublicKeyToken=b03f5f7f11d50a3a'. The system cannot find the file specified.
Could not load file or assembly 'System.Runtime, Version=9.0.0.0, Culture=neutral, PublicKeyToken=b03f5f7f11d50a3a'. The system cannot find the file specified.
Could not load file or assembly 'System.Runtime, Version=9.0.0.0, Culture=neutral, PublicKeyToken=b03f5f7f11d50a3a'. The system cannot find the file specified.
Could not load file or assembly 'System.Runtime, Version=9.0.0.0, Culture=neutral, PublicKeyToken=b03f5f7f11d50a3a'. The system cannot find the file specified.
Could not load file or assembly 'System.Runtime, Version=9.0.0.0, Culture=neutral, PublicKeyToken=b03f5f7f11d50a3a'. The system cannot find the file specified.
Could not load file or assembly 'System.Runtime, Version=9.0.0.0, Culture=neutral, PublicKeyToken=b03f5f7f11d50a3a'. The system cannot find the file specified.
Could not load file or assembly 'System.Runtime, Version=9.0.0.0, Culture=neutral, PublicKeyToken=b03f5f7f11d50a3a'. The system cannot find the file specified.
Could not load file or assembly 'System.Runtime, Version=9.0.0.0, Culture=neutral, PublicKeyToken=b03f5f7f11d50a3a'. The system cannot find the file specified.
Could not load file or assembly 'System.Runtime, Version=9.0.0.0, Culture=neutral, PublicKeyToken=b03f5f7f11d50a3a'. The system cannot find the file specified.
Could not load file or assembly 'System.Runtime, Version=9.0.0.0, Culture=neutral, PublicKeyToken=b03f5f7f11d50a3a'. The system cannot find the file specified.
Could not load file or assembly 'System.Runtime, Version=9.0.0.0, Culture=neutral, PublicKeyToken=b03f5f7f11d50a3a'. The system cannot find the file specified.
Could not load file or assembly 'System.Runtime, Version=9.0.0.0, Culture=neutral, PublicKeyToken=b03f5f7f11d50a3a'. The system cannot find the file specified.
Could not load file or assembly 'System.Runtime, Version=9.0.0.0, Culture=neutral, PublicKeyToken=b03f5f7f11d50a3a'. The system cannot find the file specified.
Could not load file or assembly 'System.Runtime, Version=9.0.0.0, Culture=neutral, PublicKeyToken=b03f5f7f11d50a3a'. The system cannot find the file specified.
Could not load file or assembly 'System.Runtime, Version=9.0.0.0, Culture=neutral, PublicKeyToken=b03f5f7f11d50a3a'. The system cannot find the file specified.
Could not load file or assembly 'System.Runtime, Version=9.0.0.0, Culture=neutral, PublicKeyToken=b03f5f7f11d50a3a'. The system cannot find the file specified.
Could not load file or assembly 'System.Runtime, Version=9.0.0.0, Culture=neutral, PublicKeyToken=b03f5f7f11d50a3a'. The system cannot find the file specified.
Could not load file or assembly 'System.Runtime, Version=9.0.0.0, Culture=neutral, PublicKeyToken=b03f5f7f11d50a3a'. The system cannot find the file specified.
Could not load file or assembly 'System.Runtime, Version=9.0.0.0, Culture=neutral, PublicKeyToken=b03f5f7f11d50a3a'. The system cannot find the file specified.
Could not load file or assembly 'System.Runtime, Version=9.0.0.0, Culture=neutral, PublicKeyToken=b03f5f7f11d50a3a'. The system cannot find the file specified.
Could not load file or assembly 'System.Runtime, Version=9.0.0.0, Culture=neutral, PublicKeyToken=b03f5f7f11d50a3a'. The system cannot find the file specified.
Could not load file or assembly 'System.Runtime, Version=9.0.0.0, Culture=neutral, PublicKeyToken=b03f5f7f11d50a3a'. The system cannot find the file specified.
Could not load file or assembly 'System.Runtime, Version=9.0.0.0, Culture=neutral, PublicKeyToken=b03f5f7f11d50a3a'. The system cannot find the file specified.
Could not load file or assembly 'System.Runtime, Version=9.0.0.0, Culture=neutral, PublicKeyToken=b03f5f7f11d50a3a'. The system cannot find the file specified.
Could not load file or assembly 'System.Runtime, Version=9.0.0.0, Culture=neutral, PublicKeyToken=b03f5f7f11d50a3a'. The system cannot find the file specified.
Could not load file or assembly 'System.Runtime, Version=9.0.0.0, Culture=neutral, PublicKeyToken=b03f5f7f11d50a3a'. The system cannot find the file specified.
Could not load file or assembly 'System.Runtime, Version=9.0.0.0, Culture=neutral, PublicKeyToken=b03f5f7f11d50a3a'. The system cannot find the file specified.
Could not load file or assembly 'System.Runtime, Version=9.0.0.0, Culture=neutral, PublicKeyToken=b03f5f7f11d50a3a'. The system cannot find the file specified.
Could not load file or assembly 'System.Runtime, Version=9.0.0.0, Culture=neutral, PublicKeyToken=b03f5f7f11d50a3a'. The system cannot find the file specified.
Could not load file or assembly 'System.Runtime, Version=9.0.0.0, Culture=neutral, PublicKeyToken=b03f5f7f11d50a3a'. The system cannot find the file specified.
Could not load file or assembly 'System.Runtime, Version=9.0.0.0, Culture=neutral, PublicKeyToken=b03f5f7f11d50a3a'. The system cannot find the file specified.
Could not load file or assembly 'System.Runtime, Version=9.0.0.0, Culture=neutral, PublicKeyToken=b03f5f7f11d50a3a'. The system cannot find the file specified.
Could not load file or assembly 'System.Runtime, Version=9.0.0.0, Culture=neutral, PublicKeyToken=b03f5f7f11d50a3a'. The system cannot find the file specified.
Could not load file or assembly 'System.Runtime, Version=9.0.0.0, Culture=neutral, PublicKeyToken=b03f5f7f11d50a3a'. The system cannot find the file specified.
Could not load file or assembly 'System.Runtime, Version=9.0.0.0, Culture=neutral, PublicKeyToken=b03f5f7f11d50a3a'. The system cannot find the file specified.
Could not load file or assembly 'System.Runtime, Version=9.0.0.0, Culture=neutral, PublicKeyToken=b03f5f7f11d50a3a'. The system cannot find the file specified.
Could not load file or assembly 'System.Runtime, Version=9.0.0.0, Culture=neutral, PublicKeyToken=b03f5f7f11d50a3a'. The system cannot find the file specified.
Could not load file or assembly 'System.Runtime, Version=9.0.0.0, Culture=neutral, PublicKeyToken=b03f5f7f11d50a3a'. The system cannot find the file specified.
Could not load file or assembly 'System.Runtime, Version=9.0.0.0, Culture=neutral, PublicKeyToken=b03f5f7f11d50a3a'. The system cannot find the file specified.
Could not load file or assembly 'System.Runtime, Version=9.0.0.0, Culture=neutral, PublicKeyToken=b03f5f7f11d50a3a'. The system cannot find the file specified.
Could not load file or assembly 'System.Runtime, Version=9.0.0.0, Culture=neutral, PublicKeyToken=b03f5f7f11d50a3a'. The system cannot find the file specified.
Could not load file or assembly 'System.Runtime, Version=9.0.0.0, Culture=neutral, PublicKeyToken=b03f5f7f11d50a3a'. The system cannot find the file specified.
Could not load file or assembly 'System.Runtime, Version=9.0.0.0, Culture=neutral, PublicKeyToken=b03f5f7f11d50a3a'. The system cannot find the file specified.
Could not load file or assembly 'System.Runtime, Version=9.0.0.0, Culture=neutral, PublicKeyToken=b03f5f7f11d50a3a'. The system cannot find the file specified.
Could not load file or assembly 'System.Runtime, Version=9.0.0.0, Culture=neutral, PublicKeyToken=b03f5f7f11d50a3a'. The system cannot find the file specified.
Could not load file or assembly 'System.Runtime, Version=9.0.0.0, Culture=neutral, PublicKeyToken=b03f5f7f11d50a3a'. The system cannot find the file specified.
Could not load file or assembly 'System.Runtime, Version=9.0.0.0, Culture=neutral, PublicKeyToken=b03f5f7f11d50a3a'. The system cannot find the file specified.
Could not load file or assembly 'System.Runtime, Version=9.0.0.0, Culture=neutral, PublicKeyToken=b03f5f7f11d50a3a'. The system cannot find the file specified.
Could not load file or assembly 'System.Runtime, Version=9.0.0.0, Culture=neutral, PublicKeyToken=b03f5f7f11d50a3a'. The system cannot find the file specified.
Could not load file or assembly 'System.Runtime, Version=9.0.0.0, Culture=neutral, PublicKeyToken=b03f5f7f11d50a3a'. The system cannot find the file specified.
Could not load file or assembly 'System.Runtime, Version=9.0.0.0, Culture=neutral, PublicKeyToken=b03f5f7f11d50a3a'. The system cannot find the file specified.
Could not load file or assembly 'System.Runtime, Version=9.0.0.0, Culture=neutral, PublicKeyToken=b03f5f7f11d50a3a'. The system cannot find the file specified.
Could not load file or assembly 'System.Runtime, Version=9.0.0.0, Culture=neutral, PublicKeyToken=b03f5f7f11d50a3a'. The system cannot find the file specified.
Could not load file or assembly 'System.Runtime, Version=9.0.0.0, Culture=neutral, PublicKeyToken=b03f5f7f11d50a3a'. The system cannot find the file specified.
Could not load file or assembly 'System.Runtime, Version=9.0.0.0, Culture=neutral, PublicKeyToken=b03f5f7f11d50a3a'. The system cannot find the file specified.
Could not load file or assembly 'System.Runtime, Version=9.0.0.0, Culture=neutral, PublicKeyToken=b03f5f7f11d50a3a'. The system cannot find the file specified.
Could not load file or assembly 'System.Runtime, Version=9.0.0.0, Culture=neutral, PublicKeyToken=b03f5f7f11d50a3a'. The system cannot find the file specified.
Could not load file or assembly 'System.Runtime, Version=9.0.0.0, Culture=neutral, PublicKeyToken=b03f5f7f11d50a3a'. The system cannot find the file specified.
Could not load file or assembly 'System.Runtime, Version=9.0.0.0, Culture=neutral, PublicKeyToken=b03f5f7f11d50a3a'. The system cannot find the file specified.
Could not load file or assembly 'System.Runtime, Version=9.0.0.0, Culture=neutral, PublicKeyToken=b03f5f7f11d50a3a'. The system cannot find the file specified.
Could not load file or assembly 'System.Runtime, Version=9.0.0.0, Culture=neutral, PublicKeyToken=b03f5f7f11d50a3a'. The system cannot find the file specified.
Could not load file or assembly 'System.Runtime, Version=9.0.0.0, Culture=neutral, PublicKeyToken=b03f5f7f11d50a3a'. The system cannot find the file specified.
Could not load file or assembly 'System.Runtime, Version=9.0.0.0, Culture=neutral, PublicKeyToken=b03f5f7f11d50a3a'. The system cannot find the file specified.
Could not load file or assembly 'System.Runtime, Version=9.0.0.0, Culture=neutral, PublicKeyToken=b03f5f7f11d50a3a'. The system cannot find the file specified.
Could not load file or assembly 'System.Runtime, Version=9.0.0.0, Culture=neutral, PublicKeyToken=b03f5f7f11d50a3a'. The system cannot find the file specified.
Could not load file or assembly 'System.Runtime, Version=9.0.0.0, Culture=neutral, PublicKeyToken=b03f5f7f11d50a3a'. The system cannot find the file specified.
Could not load file or assembly 'System.Runtime, Version=9.0.0.0, Culture=neutral, PublicKeyToken=b03f5f7f11d50a3a'. The system cannot find the file specified.
Could not load file or assembly 'System.Runtime, Version=9.0.0.0, Culture=neutral, PublicKeyToken=b03f5f7f11d50a3a'. The system cannot find the file specified.
Could not load file or assembly 'System.Runtime, Version=9.0.0.0, Culture=neutral, PublicKeyToken=b03f5f7f11d50a3a'. The system cannot find the file specified.
Could not load file or assembly 'System.Runtime, Version=9.0.0.0, Culture=neutral, PublicKeyToken=b03f5f7f11d50a3a'. The system cannot find the file specified.
Could not load file or assembly 'System.Runtime, Version=9.0.0.0, Culture=neutral, PublicKeyToken=b03f5f7f11d50a3a'. The system cannot find the file specified.
Could not load file or assembly 'System.Runtime, Version=9.0.0.0, Culture=neutral, PublicKeyToken=b03f5f7f11d50a3a'. The system cannot find the file specified.
Could not load file or assembly 'System.Runtime, Version=9.0.0.0, Culture=neutral, PublicKeyToken=b03f5f7f11d50a3a'. The system cannot find the file specified.
Could not load file or assembly 'System.Runtime, Version=9.0.0.0, Culture=neutral, PublicKeyToken=b03f5f7f11d50a3a'. The system cannot find the file specified.
  ----> System.Reflection.ReflectionTypeLoadException : Unable to load one or more of the requested types.
Could not load file or assembly 'System.Runtime, Version=9.0.0.0, Culture=neutral, PublicKeyToken=b03f5f7f11d50a3a'. The system cannot find the file specified.
Could not load file or assembly 'System.Runtime, Version=9.0.0.0, Culture=neutral, PublicKeyToken=b03f5f7f11d50a3a'. The system cannot find the file specified.
Could not load file or assembly 'System.Runtime, Version=9.0.0.0, Culture=neutral, PublicKeyToken=b03f5f7f11d50a3a'. The system cannot find the file specified.
Could not load file or assembly 'System.Runtime, Version=9.0.0.0, Culture=neutral, PublicKeyToken=b03f5f7f11d50a3a'. The system cannot find the file specified.
Could not load file or assembly 'System.Runtime, Version=9.0.0.0, Culture=neutral, PublicKeyToken=b03f5f7f11d50a3a'. The system cannot find the file specified.
Could not load file or assembly 'System.Runtime, Version=9.0.0.0, Culture=neutral, PublicKeyToken=b03f5f7f11d50a3a'. The system cannot find the file specified.
Could not load file or assembly 'System.Runtime, Version=9.0.0.0, Culture=neutral, PublicKeyToken=b03f5f7f11d50a3a'. The system cannot find the file specified.
Could not load file or assembly 'System.Runtime, Version=9.0.0.0, Culture=neutral, PublicKeyToken=b03f5f7f11d50a3a'. The system cannot find the file specified.
Could not load file or assembly 'System.Runtime, Version=9.0.0.0, Culture=neutral, PublicKeyToken=b03f5f7f11d50a3a'. The system cannot find the file specified.
Could not load file or assembly 'System.Runtime, Version=9.0.0.0, Culture=neutral, PublicKeyToken=b03f5f7f11d50a3a'. The system cannot find the file specified.
Could not load file or assembly 'System.Runtime, Version=9.0.0.0, Culture=neutral, PublicKeyToken=b03f5f7f11d50a3a'. The system cannot find the file specified.
Could not load file or assembly 'System.Runtime, Version=9.0.0.0, Culture=neutral, PublicKeyToken=b03f5f7f11d50a3a'. The system cannot find the file specified.
Could not load file or assembly 'System.Runtime, Version=9.0.0.0, Culture=neutral, PublicKeyToken=b03f5f7f11d50a3a'. The system cannot find the file specified.
Could not load file or assembly 'System.Runtime, Version=9.0.0.0, Culture=neutral, PublicKeyToken=b03f5f7f11d50a3a'. The system cannot find the file specified.
Could not load file or assembly 'System.Runtime, Version=9.0.0.0, Culture=neutral, PublicKeyToken=b03f5f7f11d50a3a'. The system cannot find the file specified.
Could not load file or assembly 'System.Runtime, Version=9.0.0.0, Culture=neutral, PublicKeyToken=b03f5f7f11d50a3a'. The system cannot find the file specified.
Could not load file or assembly 'System.Runtime, Version=9.0.0.0, Culture=neutral, PublicKeyToken=b03f5f7f11d50a3a'. The system cannot find the file specified.
Could not load file or assembly 'System.Runtime, Version=9.0.0.0, Culture=neutral, PublicKeyToken=b03f5f7f11d50a3a'. The system cannot find the file specified.
Could not load file or assembly 'System.Runtime, Version=9.0.0.0, Culture=neutral, PublicKeyToken=b03f5f7f11d50a3a'. The system cannot find the file specified.
Could not load file or assembly 'System.Runtime, Version=9.0.0.0, Culture=neutral, PublicKeyToken=b03f5f7f11d50a3a'. The system cannot find the file specified.
Could not load file or assembly 'System.Runtime, Version=9.0.0.0, Culture=neutral, PublicKeyToken=b03f5f7f11d50a3a'. The system cannot find the file specified.
Could not load file or assembly 'System.Runtime, Version=9.0.0.0, Culture=neutral, PublicKeyToken=b03f5f7f11d50a3a'. The system cannot find the file specified.
Could not load file or assembly 'System.Runtime, Version=9.0.0.0, Culture=neutral, PublicKeyToken=b03f5f7f11d50a3a'. The system cannot find the file specified.
Could not load file or assembly 'System.Runtime, Version=9.0.0.0, Culture=neutral, PublicKeyToken=b03f5f7f11d50a3a'. The system cannot find the file specified.
Could not load file or assembly 'System.Runtime, Version=9.0.0.0, Culture=neutral, PublicKeyToken=b03f5f7f11d50a3a'. The system cannot find the file specified.
Could not load file or assembly 'System.Runtime, Version=9.0.0.0, Culture=neutral, PublicKeyToken=b03f5f7f11d50a3a'. The system cannot find the file specified.
Could not load file or assembly 'System.Runtime, Version=9.0.0.0, Culture=neutral, PublicKeyToken=b03f5f7f11d50a3a'. The system cannot find the file specified.
Could not load file or assembly 'System.Runtime, Version=9.0.0.0, Culture=neutral, PublicKeyToken=b03f5f7f11d50a3a'. The system cannot find the file specified.
Could not load file or assembly 'System.Runtime, Version=9.0.0.0, Culture=neutral, PublicKeyToken=b03f5f7f11d50a3a'. The system cannot find the file specified.
Could not load file or assembly 'System.Runtime, Version=9.0.0.0, Culture=neutral, PublicKeyToken=b03f5f7f11d50a3a'. The system cannot find the file specified.
Could not load file or assembly 'System.Runtime, Version=9.0.0.0, Culture=neutral, PublicKeyToken=b03f5f7f11d50a3a'. The system cannot find the file specified.
Could not load file or assembly 'System.Runtime, Version=9.0.0.0, Culture=neutral, PublicKeyToken=b03f5f7f11d50a3a'. The system cannot find the file specified.
Could not load file or assembly 'System.Runtime, Version=9.0.0.0, Culture=neutral, PublicKeyToken=b03f5f7f11d50a3a'. The system cannot find the file specified.
Could not load file or assembly 'System.Runtime, Version=9.0.0.0, Culture=neutral, PublicKeyToken=b03f5f7f11d50a3a'. The system cannot find the file specified.
Could not load file or assembly 'System.Runtime, Version=9.0.0.0, Culture=neutral, PublicKeyToken=b03f5f7f11d50a3a'. The system cannot find the file specified.
Could not load file or assembly 'System.Runtime, Version=9.0.0.0, Culture=neutral, PublicKeyToken=b03f5f7f11d50a3a'. The system cannot find the file specified.
Could not load file or assembly 'System.Runtime, Version=9.0.0.0, Culture=neutral, PublicKeyToken=b03f5f7f11d50a3a'. The system cannot find the file specified.
Could not load file or assembly 'System.Runtime, Version=9.0.0.0, Culture=neutral, PublicKeyToken=b03f5f7f11d50a3a'. The system cannot find the file specified.
Could not load file or assembly 'System.Runtime, Version=9.0.0.0, Culture=neutral, PublicKeyToken=b03f5f7f11d50a3a'. The system cannot find the file specified.
Could not load file or assembly 'System.Runtime, Version=9.0.0.0, Culture=neutral, PublicKeyToken=b03f5f7f11d50a3a'. The system cannot find the file specified.
Could not load file or assembly 'System.Runtime, Version=9.0.0.0, Culture=neutral, PublicKeyToken=b03f5f7f11d50a3a'. The system cannot find the file specified.
Could not load file or assembly 'System.Runtime, Version=9.0.0.0, Culture=neutral, PublicKeyToken=b03f5f7f11d50a3a'. The system cannot find the file specified.
Could not load file or assembly 'System.Runtime, Version=9.0.0.0, Culture=neutral, PublicKeyToken=b03f5f7f11d50a3a'. The system cannot find the file specified.
Could not load file or assembly 'System.Runtime, Version=9.0.0.0, Culture=neutral, PublicKeyToken=b03f5f7f11d50a3a'. The system cannot find the file specified.
Could not load file or assembly 'System.Runtime, Version=9.0.0.0, Culture=neutral, PublicKeyToken=b03f5f7f11d50a3a'. The system cannot find the file specified.
Could not load file or assembly 'System.Runtime, Version=9.0.0.0, Culture=neutral, PublicKeyToken=b03f5f7f11d50a3a'. The system cannot find the file specified.
Could not load file or assembly 'System.Runtime, Version=9.0.0.0, Culture=neutral, PublicKeyToken=b03f5f7f11d50a3a'. The system cannot find the file specified.
Could not load file or assembly 'System.Runtime, Version=9.0.0.0, Culture=neutral, PublicKeyToken=b03f5f7f11d50a3a'. The system cannot find the file specified.
Could not load file or assembly 'System.Runtime, Version=9.0.0.0, Culture=neutral, PublicKeyToken=b03f5f7f11d50a3a'. The system cannot find the file specified.
Could not load file or assembly 'System.Runtime, Version=9.0.0.0, Culture=neutral, PublicKeyToken=b03f5f7f11d50a3a'. The system cannot find the file specified.
Could not load file or assembly 'System.Runtime, Version=9.0.0.0, Culture=neutral, PublicKeyToken=b03f5f7f11d50a3a'. The system cannot find the file specified.
Could not load file or assembly 'System.Runtime, Version=9.0.0.0, Culture=neutral, PublicKeyToken=b03f5f7f11d50a3a'. The system cannot find the file specified.
Could not load file or assembly 'System.Runtime, Version=9.0.0.0, Culture=neutral, PublicKeyToken=b03f5f7f11d50a3a'. The system cannot find the file specified.
Could not load file or assembly 'System.Runtime, Version=9.0.0.0, Culture=neutral, PublicKeyToken=b03f5f7f11d50a3a'. The system cannot find the file specified.
Could not load file or assembly 'System.Runtime, Version=9.0.0.0, Culture=neutral, PublicKeyToken=b03f5f7f11d50a3a'. The system cannot find the file specified.
Could not load file or assembly 'System.Runtime, Version=9.0.0.0, Culture=neutral, PublicKeyToken=b03f5f7f11d50a3a'. The system cannot find the file specified.
Could not load file or assembly 'System.Runtime, Version=9.0.0.0, Culture=neutral, PublicKeyToken=b03f5f7f11d50a3a'. The system cannot find the file specified.
Could not load file or assembly 'System.Runtime, Version=9.0.0.0, Culture=neutral, PublicKeyToken=b03f5f7f11d50a3a'. The system cannot find the file specified.
Could not load file or assembly 'System.Runtime, Version=9.0.0.0, Culture=neutral, PublicKeyToken=b03f5f7f11d50a3a'. The system cannot find the file specified.
Could not load file or assembly 'System.Runtime, Version=9.0.0.0, Culture=neutral, PublicKeyToken=b03f5f7f11d50a3a'. The system cannot find the file specified.
Could not load file or assembly 'System.Runtime, Version=9.0.0.0, Culture=neutral, PublicKeyToken=b03f5f7f11d50a3a'. The system cannot find the file specified.
Could not load file or assembly 'System.Runtime, Version=9.0.0.0, Culture=neutral, PublicKeyToken=b03f5f7f11d50a3a'. The system cannot find the file specified.
Could not load file or assembly 'System.Runtime, Version=9.0.0.0, Culture=neutral, PublicKeyToken=b03f5f7f11d50a3a'. The system cannot find the file specified.
Could not load file or assembly 'System.Runtime, Version=9.0.0.0, Culture=neutral, PublicKeyToken=b03f5f7f11d50a3a'. The system cannot find the file specified.
Could not load file or assembly 'System.Runtime, Version=9.0.0.0, Culture=neutral, PublicKeyToken=b03f5f7f11d50a3a'. The system cannot find the file specified.
Could not load file or assembly 'System.Runtime, Version=9.0.0.0, Culture=neutral, PublicKeyToken=b03f5f7f11d50a3a'. The system cannot find the file specified.
Could not load file or assembly 'System.Runtime, Version=9.0.0.0, Culture=neutral, PublicKeyToken=b03f5f7f11d50a3a'. The system cannot find the file specified.
Could not load file or assembly 'System.Runtime, Version=9.0.0.0, Culture=neutral, PublicKeyToken=b03f5f7f11d50a3a'. The system cannot find the file specified.
Could not load file or assembly 'System.Runtime, Version=9.0.0.0, Culture=neutral, PublicKeyToken=b03f5f7f11d50a3a'. The system cannot find the file specified.
Could not load file or assembly 'System.Runtime, Version=9.0.0.0, Culture=neutral, PublicKeyToken=b03f5f7f11d50a3a'. The system cannot find the file specified.
Could not load file or assembly 'System.Runtime, Version=9.0.0.0, Culture=neutral, PublicKeyToken=b03f5f7f11d50a3a'. The system cannot find the file specified.
Could not load file or assembly 'System.Runtime, Version=9.0.0.0, Culture=neutral, PublicKeyToken=b03f5f7f11d50a3a'. The system cannot find the file specified.
Could not load file or assembly 'System.Runtime, Version=9.0.0.0, Culture=neutral, PublicKeyToken=b03f5f7f11d50a3a'. The system cannot find the file specified.
Could not load file or assembly 'System.Runtime, Version=9.0.0.0, Culture=neutral, PublicKeyToken=b03f5f7f11d50a3a'. The system cannot find the file specified.
Could not load file or assembly 'System.Runtime, Version=9.0.0.0, Culture=neutral, PublicKeyToken=b03f5f7f11d50a3a'. The system cannot find the file specified.
Could not load file or assembly 'System.Runtime, Version=9.0.0.0, Culture=neutral, PublicKeyToken=b03f5f7f11d50a3a'. The system cannot find the file specified.
Could not load file or assembly 'System.Runtime, Version=9.0.0.0, Culture=neutral, PublicKeyToken=b03f5f7f11d50a3a'. The system cannot find the file specified.
  ----> System.Reflection.ReflectionTypeLoadException : Unable to load one or more of the requested types.
Could not load file or assembly 'System.Runtime, Version=9.0.0.0, Culture=neutral, PublicKeyToken=b03f5f7f11d50a3a'. The system cannot find the file specified.
Could not load file or assembly 'System.Runtime, Version=9.0.0.0, Culture=neutral, PublicKeyToken=b03f5f7f11d50a3a'. The system cannot find the file specified.
Could not load file or assembly 'System.Runtime, Version=9.0.0.0, Culture=neutral, PublicKeyToken=b03f5f7f11d50a3a'. The system cannot find the file specified.
Could not load file or assembly 'System.Runtime, Version=9.0.0.0, Culture=neutral, PublicKeyToken=b03f5f7f11d50a3a'. The system cannot find the file specified.
Could not load file or assembly 'System.Runtime, Version=9.0.0.0, Culture=neutral, PublicKeyToken=b03f5f7f11d50a3a'. The system cannot find the file specified.
Could not load file or assembly 'System.Runtime, Version=9.0.0.0, Culture=neutral, PublicKeyToken=b03f5f7f11d50a3a'. The system cannot find the file specified.
Could not load file or assembly 'System.Runtime, Version=9.0.0.0, Culture=neutral, PublicKeyToken=b03f5f7f11d50a3a'. The system cannot find the file specified.
Could not load file or assembly 'System.Runtime, Version=9.0.0.0, Culture=neutral, PublicKeyToken=b03f5f7f11d50a3a'. The system cannot find the file specified.
Could not load file or assembly 'System.Runtime, Version=9.0.0.0, Culture=neutral, PublicKeyToken=b03f5f7f11d50a3a'. The system cannot find the file specified.
Could not load file or assembly 'System.Runtime, Version=9.0.0.0, Culture=neutral, PublicKeyToken=b03f5f7f11d50a3a'. The system cannot find the file specified.
Could not load file or assembly 'System.Runtime, Version=9.0.0.0, Culture=neutral, PublicKeyToken=b03f5f7f11d50a3a'. The system cannot find the file specified.
Could not load file or assembly 'System.Runtime, Version=9.0.0.0, Culture=neutral, PublicKeyToken=b03f5f7f11d50a3a'. The system cannot find the file specified.
Could not load file or assembly 'System.Runtime, Version=9.0.0.0, Culture=neutral, PublicKeyToken=b03f5f7f11d50a3a'. The system cannot find the file specified.
Could not load file or assembly 'System.Runtime, Version=9.0.0.0, Culture=neutral, PublicKeyToken=b03f5f7f11d50a3a'. The system cannot find the file specified.
Could not load file or assembly 'System.Runtime, Version=9.0.0.0, Culture=neutral, PublicKeyToken=b03f5f7f11d50a3a'. The system cannot find the file specified.
Could not load file or assembly 'System.Runtime, Version=9.0.0.0, Culture=neutral, PublicKeyToken=b03f5f7f11d50a3a'. The system cannot find the file specified.
Could not load file or assembly 'System.Runtime, Version=9.0.0.0, Culture=neutral, PublicKeyToken=b03f5f7f11d50a3a'. The system cannot find the file specified.
Could not load file or assembly 'System.Runtime, Version=9.0.0.0, Culture=neutral, PublicKeyToken=b03f5f7f11d50a3a'. The system cannot find the file specified.
Could not load file or assembly 'System.Runtime, Version=9.0.0.0, Culture=neutral, PublicKeyToken=b03f5f7f11d50a3a'. The system cannot find the file specified.
Could not load file or assembly 'System.Runtime, Version=9.0.0.0, Culture=neutral, PublicKeyToken=b03f5f7f11d50a3a'. The system cannot find the file specified.
Could not load file or assembly 'System.Runtime, Version=9.0.0.0, Culture=neutral, PublicKeyToken=b03f5f7f11d50a3a'. The system cannot find the file specified.
Could not load file or assembly 'System.Runtime, Version=9.0.0.0, Culture=neutral, PublicKeyToken=b03f5f7f11d50a3a'. The system cannot find the file specified.
Could not load file or assembly 'System.Runtime, Version=9.0.0.0, Culture=neutral, PublicKeyToken=b03f5f7f11d50a3a'. The system cannot find the file specified.
Could not load file or assembly 'System.Runtime, Version=9.0.0.0, Culture=neutral, PublicKeyToken=b03f5f7f11d50a3a'. The system cannot find the file specified.
Could not load file or assembly 'System.Runtime, Version=9.0.0.0, Culture=neutral, PublicKeyToken=b03f5f7f11d50a3a'. The system cannot find the file specified.
Could not load file or assembly 'System.Runtime, Version=9.0.0.0, Culture=neutral, PublicKeyToken=b03f5f7f11d50a3a'. The system cannot find the file specified.
Could not load file or assembly 'System.Runtime, Version=9.0.0.0, Culture=neutral, PublicKeyToken=b03f5f7f11d50a3a'. The system cannot find the file specified.
Could not load file or assembly 'System.Runtime, Version=9.0.0.0, Culture=neutral, PublicKeyToken=b03f5f7f11d50a3a'. The system cannot find the file specified.
Could not load file or assembly 'System.Runtime, Version=9.0.0.0, Culture=neutral, PublicKeyToken=b03f5f7f11d50a3a'. The system cannot find the file specified.
Could not load file or assembly 'System.Runtime, Version=9.0.0.0, Culture=neutral, PublicKeyToken=b03f5f7f11d50a3a'. The system cannot find the file specified.
Could not load file or assembly 'System.Runtime, Version=9.0.0.0, Culture=neutral, PublicKeyToken=b03f5f7f11d50a3a'. The system cannot find the file specified.
Could not load file or assembly 'System.Runtime, Version=9.0.0.0, Culture=neutral, PublicKeyToken=b03f5f7f11d50a3a'. The system cannot find the file specified.
Could not load file or assembly 'System.Runtime, Version=9.0.0.0, Culture=neutral, PublicKeyToken=b03f5f7f11d50a3a'. The system cannot find the file specified.
Could not load file or assembly 'System.Runtime, Version=9.0.0.0, Culture=neutral, PublicKeyToken=b03f5f7f11d50a3a'. The system cannot find the file specified.
Could not load file or assembly 'System.Runtime, Version=9.0.0.0, Culture=neutral, PublicKeyToken=b03f5f7f11d50a3a'. The system cannot find the file specified.
Could not load file or assembly 'System.Runtime, Version=9.0.0.0, Culture=neutral, PublicKeyToken=b03f5f7f11d50a3a'. The system cannot find the file specified.
Could not load file or assembly 'System.Runtime, Version=9.0.0.0, Culture=neutral, PublicKeyToken=b03f5f7f11d50a3a'. The system cannot find the file specified.
Could not load file or assembly 'System.Runtime, Version=9.0.0.0, Culture=neutral, PublicKeyToken=b03f5f7f11d50a3a'. The system cannot find the file specified.
Could not load file or assembly 'System.Runtime, Version=9.0.0.0, Culture=neutral, PublicKeyToken=b03f5f7f11d50a3a'. The system cannot find the file specified.
Could not load file or assembly 'System.Runtime, Version=9.0.0.0, Culture=neutral, PublicKeyToken=b03f5f7f11d50a3a'. The system cannot find the file specified.
Could not load file or assembly 'System.Runtime, Version=9.0.0.0, Culture=neutral, PublicKeyToken=b03f5f7f11d50a3a'. The system cannot find the file specified.
Could not load file or assembly 'System.Runtime, Version=9.0.0.0, Culture=neutral, PublicKeyToken=b03f5f7f11d50a3a'. The system cannot find the file specified.
Could not load file or assembly 'System.Runtime, Version=9.0.0.0, Culture=neutral, PublicKeyToken=b03f5f7f11d50a3a'. The system cannot find the file specified.
Could not load file or assembly 'System.Runtime, Version=9.0.0.0, Culture=neutral, PublicKeyToken=b03f5f7f11d50a3a'. The system cannot find the file specified.
Could not load file or assembly 'System.Runtime, Version=9.0.0.0, Culture=neutral, PublicKeyToken=b03f5f7f11d50a3a'. The system cannot find the file specified.
Could not load file or assembly 'System.Runtime, Version=9.0.0.0, Culture=neutral, PublicKeyToken=b03f5f7f11d50a3a'. The system cannot find the file specified.
Could not load file or assembly 'System.Runtime, Version=9.0.0.0, Culture=neutral, PublicKeyToken=b03f5f7f11d50a3a'. The system cannot find the file specified.
Could not load file or assembly 'System.Runtime, Version=9.0.0.0, Culture=neutral, PublicKeyToken=b03f5f7f11d50a3a'. The system cannot find the file specified.
Could not load file or assembly 'System.Runtime, Version=9.0.0.0, Culture=neutral, PublicKeyToken=b03f5f7f11d50a3a'. The system cannot find the file specified.
Could not load file or assembly 'System.Runtime, Version=9.0.0.0, Culture=neutral, PublicKeyToken=b03f5f7f11d50a3a'. The system cannot find the file specified.
Could not load file or assembly 'System.Runtime, Version=9.0.0.0, Culture=neutral, PublicKeyToken=b03f5f7f11d50a3a'. The system cannot find the file specified.
Could not load file or assembly 'System.Runtime, Version=9.0.0.0, Culture=neutral, PublicKeyToken=b03f5f7f11d50a3a'. The system cannot find the file specified.
Could not load file or assembly 'System.Runtime, Version=9.0.0.0, Culture=neutral, PublicKeyToken=b03f5f7f11d50a3a'. The system cannot find the file specified.
Could not load file or assembly 'System.Runtime, Version=9.0.0.0, Culture=neutral, PublicKeyToken=b03f5f7f11d50a3a'. The system cannot find the file specified.
Could not load file or assembly 'System.Runtime, Version=9.0.0.0, Culture=neutral, PublicKeyToken=b03f5f7f11d50a3a'. The system cannot find the file specified.
Could not load file or assembly 'System.Runtime, Version=9.0.0.0, Culture=neutral, PublicKeyToken=b03f5f7f11d50a3a'. The system cannot find the file specified.
Could not load file or assembly 'System.Runtime, Version=9.0.0.0, Culture=neutral, PublicKeyToken=b03f5f7f11d50a3a'. The system cannot find the file specified.
Could not load file or assembly 'System.Runtime, Version=9.0.0.0, Culture=neutral, PublicKeyToken=b03f5f7f11d50a3a'. The system cannot find the file specified.
Could not load file or assembly 'System.Runtime, Version=9.0.0.0, Culture=neutral, PublicKeyToken=b03f5f7f11d50a3a'. The system cannot find the file specified.
Could not load file or assembly 'System.Runtime, Version=9.0.0.0, Culture=neutral, PublicKeyToken=b03f5f7f11d50a3a'. The system cannot find the file specified.
Could not load file or assembly 'System.Runtime, Version=9.0.0.0, Culture=neutral, PublicKeyToken=b03f5f7f11d50a3a'. The system cannot find the file specified.
Could not load file or assembly 'System.Runtime, Version=9.0.0.0, Culture=neutral, PublicKeyToken=b03f5f7f11d50a3a'. The system cannot find the file specified.
Could not load file or assembly 'System.Runtime, Version=9.0.0.0, Culture=neutral, PublicKeyToken=b03f5f7f11d50a3a'. The system cannot find the file specified.
Could not load file or assembly 'System.Runtime, Version=9.0.0.0, Culture=neutral, PublicKeyToken=b03f5f7f11d50a3a'. The system cannot find the file specified.
Could not load file or assembly 'System.Runtime, Version=9.0.0.0, Culture=neutral, PublicKeyToken=b03f5f7f11d50a3a'. The system cannot find the file specified.
Could not load file or assembly 'System.Runtime, Version=9.0.0.0, Culture=neutral, PublicKeyToken=b03f5f7f11d50a3a'. The system cannot find the file specified.
Could not load file or assembly 'System.Runtime, Version=9.0.0.0, Culture=neutral, PublicKeyToken=b03f5f7f11d50a3a'. The system cannot find the file specified.
Could not load file or assembly 'System.Runtime, Version=9.0.0.0, Culture=neutral, PublicKeyToken=b03f5f7f11d50a3a'. The system cannot find the file specified.
Could not load file or assembly 'System.Runtime, Version=9.0.0.0, Culture=neutral, PublicKeyToken=b03f5f7f11d50a3a'. The system cannot find the file specified.
Could not load file or assembly 'System.Runtime, Version=9.0.0.0, Culture=neutral, PublicKeyToken=b03f5f7f11d50a3a'. The system cannot find the file specified.
Could not load file or assembly 'System.Runtime, Version=9.0.0.0, Culture=neutral, PublicKeyToken=b03f5f7f11d50a3a'. The system cannot find the file specified.
Could not load file or assembly 'System.Runtime, Version=9.0.0.0, Culture=neutral, PublicKeyToken=b03f5f7f11d50a3a'. The system cannot find the file specified.
Could not load file or assembly 'System.Runtime, Version=9.0.0.0, Culture=neutral, PublicKeyToken=b03f5f7f11d50a3a'. The system cannot find the file specified.
Could not load file or assembly 'System.Runtime, Version=9.0.0.0, Culture=neutral, PublicKeyToken=b03f5f7f11d50a3a'. The system cannot find the file specified.
Could not load file or assembly 'System.Runtime, Version=9.0.0.0, Culture=neutral, PublicKeyToken=b03f5f7f11d50a3a'. The system cannot find the file specified.
Could not load file or assembly 'System.Runtime, Version=9.0.0.0, Culture=neutral, PublicKeyToken=b03f5f7f11d50a3a'. The system cannot find the file specified.
Could not load file or assembly 'System.Runtime, Version=9.0.0.0, Culture=neutral, PublicKeyToken=b03f5f7f11d50a3a'. The system cannot find the file specified.]]></message>
                      <stack-trace><![CDATA[   at System.Reflection.RuntimeModule.GetTypes(RuntimeModule module)
   at System.Reflection.RuntimeModule.GetTypes()
   at Centazio.Core.Tests.Inspect.CheckStandardNamingOfCommonTypes.<>c__DisplayClass2_0.<Test_naming_standards>g__ValidateAssembly|0(Assembly ass) in C:\dev\projects\internal_projects\centazio3\tests\Centazio.Core.Tests\Inspect\CheckStandardNamingOfCommonTypes.cs:line 39
   at System.Collections.Generic.List`1.ForEach(Action`1 action)
   at Centazio.Core.Tests.Inspect.CheckStandardNamingOfCommonTypes.Test_naming_standards() in C:\dev\projects\internal_projects\centazio3\tests\Centazio.Core.Tests\Inspect\CheckStandardNamingOfCommonTypes.cs:line 36
   at System.RuntimeMethodHandle.InvokeMethod(Object target, Void** arguments, Signature sig, Boolean isConstructor)
   at System.Reflection.MethodBaseInvoker.InvokeWithNoArgs(Object obj, BindingFlags invokeAttr)
--ReflectionTypeLoadException
   at System.Reflection.RuntimeModule.GetTypes(RuntimeModule module)
   at System.Reflection.RuntimeModule.GetTypes()
   at Centazio.Core.Tests.Inspect.CheckStandardNamingOfCommonTypes.<>c__DisplayClass2_0.<Test_naming_standards>g__ValidateAssembly|0(Assembly ass) in C:\dev\projects\internal_projects\centazio3\tests\Centazio.Core.Tests\Inspect\CheckStandardNamingOfCommonTypes.cs:line 39
   at System.Collections.Generic.List`1.ForEach(Action`1 action)
   at Centazio.Core.Tests.Inspect.CheckStandardNamingOfCommonTypes.Test_naming_standards() in C:\dev\projects\internal_projects\centazio3\tests\Centazio.Core.Tests\Inspect\CheckStandardNamingOfCommonTypes.cs:line 36
   at System.RuntimeMethodHandle.InvokeMethod(Object target, Void** arguments, Signature sig, Boolean isConstructor)
   at System.Reflection.MethodBaseInvoker.InvokeWithNoArgs(Object obj, BindingFlags invokeAttr)
--ReflectionTypeLoadException
   at System.Reflection.RuntimeModule.GetTypes(RuntimeModule module)
   at System.Reflection.RuntimeModule.GetTypes()
   at Centazio.Core.Tests.Inspect.CheckStandardNamingOfCommonTypes.<>c__DisplayClass2_0.<Test_naming_standards>g__ValidateAssembly|0(Assembly ass) in C:\dev\projects\internal_projects\centazio3\tests\Centazio.Core.Tests\Inspect\CheckStandardNamingOfCommonTypes.cs:line 39
   at System.Collections.Generic.List`1.ForEach(Action`1 action)
   at Centazio.Core.Tests.Inspect.CheckStandardNamingOfCommonTypes.Test_naming_standards() in C:\dev\projects\internal_projects\centazio3\tests\Centazio.Core.Tests\Inspect\CheckStandardNamingOfCommonTypes.cs:line 36
   at System.RuntimeMethodHandle.InvokeMethod(Object target, Void** arguments, Signature sig, Boolean isConstructor)
   at System.Reflection.MethodBaseInvoker.InvokeWithNoArgs(Object obj, BindingFlags invokeAttr)
--ReflectionTypeLoadException
   at System.Reflection.RuntimeModule.GetTypes(RuntimeModule module)
   at System.Reflection.RuntimeModule.GetTypes()
   at Centazio.Core.Tests.Inspect.CheckStandardNamingOfCommonTypes.<>c__DisplayClass2_0.<Test_naming_standards>g__ValidateAssembly|0(Assembly ass) in C:\dev\projects\internal_projects\centazio3\tests\Centazio.Core.Tests\Inspect\CheckStandardNamingOfCommonTypes.cs:line 39
   at System.Collections.Generic.List`1.ForEach(Action`1 action)
   at Centazio.Core.Tests.Inspect.CheckStandardNamingOfCommonTypes.Test_naming_standards() in C:\dev\projects\internal_projects\centazio3\tests\Centazio.Core.Tests\Inspect\CheckStandardNamingOfCommonTypes.cs:line 36
   at System.RuntimeMethodHandle.InvokeMethod(Object target, Void** arguments, Signature sig, Boolean isConstructor)
   at System.Reflection.MethodBaseInvoker.InvokeWithNoArgs(Object obj, BindingFlags invokeAttr)
--ReflectionTypeLoadException
   at System.Reflection.RuntimeModule.GetTypes(RuntimeModule module)
   at System.Reflection.RuntimeModule.GetTypes()
   at Centazio.Core.Tests.Inspect.CheckStandardNamingOfCommonTypes.<>c__DisplayClass2_0.<Test_naming_standards>g__ValidateAssembly|0(Assembly ass) in C:\dev\projects\internal_projects\centazio3\tests\Centazio.Core.Tests\Inspect\CheckStandardNamingOfCommonTypes.cs:line 39
   at System.Collections.Generic.List`1.ForEach(Action`1 action)
   at Centazio.Core.Tests.Inspect.CheckStandardNamingOfCommonTypes.Test_naming_standards() in C:\dev\projects\internal_projects\centazio3\tests\Centazio.Core.Tests\Inspect\CheckStandardNamingOfCommonTypes.cs:line 36
   at System.RuntimeMethodHandle.InvokeMethod(Object target, Void** arguments, Signature sig, Boolean isConstructor)
   at System.Reflection.MethodBaseInvoker.InvokeWithNoArgs(Object obj, BindingFlags invokeAttr)
--ReflectionTypeLoadException
   at System.Reflection.RuntimeModule.GetTypes(RuntimeModule module)
   at System.Reflection.RuntimeModule.GetTypes()
   at Centazio.Core.Tests.Inspect.CheckStandardNamingOfCommonTypes.<>c__DisplayClass2_0.<Test_naming_standards>g__ValidateAssembly|0(Assembly ass) in C:\dev\projects\internal_projects\centazio3\tests\Centazio.Core.Tests\Inspect\CheckStandardNamingOfCommonTypes.cs:line 39
   at System.Collections.Generic.List`1.ForEach(Action`1 action)
   at Centazio.Core.Tests.Inspect.CheckStandardNamingOfCommonTypes.Test_naming_standards() in C:\dev\projects\internal_projects\centazio3\tests\Centazio.Core.Tests\Inspect\CheckStandardNamingOfCommonTypes.cs:line 36
   at System.RuntimeMethodHandle.InvokeMethod(Object target, Void** arguments, Signature sig, Boolean isConstructor)
   at System.Reflection.MethodBaseInvoker.InvokeWithNoArgs(Object obj, BindingFlags invokeAttr)
--ReflectionTypeLoadException
   at System.Reflection.RuntimeModule.GetTypes(RuntimeModule module)
   at System.Reflection.RuntimeModule.GetTypes()
   at Centazio.Core.Tests.Inspect.CheckStandardNamingOfCommonTypes.<>c__DisplayClass2_0.<Test_naming_standards>g__ValidateAssembly|0(Assembly ass) in C:\dev\projects\internal_projects\centazio3\tests\Centazio.Core.Tests\Inspect\CheckStandardNamingOfCommonTypes.cs:line 39
   at System.Collections.Generic.List`1.ForEach(Action`1 action)
   at Centazio.Core.Tests.Inspect.CheckStandardNamingOfCommonTypes.Test_naming_standards() in C:\dev\projects\internal_projects\centazio3\tests\Centazio.Core.Tests\Inspect\CheckStandardNamingOfCommonTypes.cs:line 36
   at System.RuntimeMethodHandle.InvokeMethod(Object target, Void** arguments, Signature sig, Boolean isConstructor)
   at System.Reflection.MethodBaseInvoker.InvokeWithNoArgs(Object obj, BindingFlags invokeAttr)
--ReflectionTypeLoadException
   at System.Reflection.RuntimeModule.GetTypes(RuntimeModule module)
   at System.Reflection.RuntimeModule.GetTypes()
   at Centazio.Core.Tests.Inspect.CheckStandardNamingOfCommonTypes.<>c__DisplayClass2_0.<Test_naming_standards>g__ValidateAssembly|0(Assembly ass) in C:\dev\projects\internal_projects\centazio3\tests\Centazio.Core.Tests\Inspect\CheckStandardNamingOfCommonTypes.cs:line 39
   at System.Collections.Generic.List`1.ForEach(Action`1 action)
   at Centazio.Core.Tests.Inspect.CheckStandardNamingOfCommonTypes.Test_naming_standards() in C:\dev\projects\internal_projects\centazio3\tests\Centazio.Core.Tests\Inspect\CheckStandardNamingOfCommonTypes.cs:line 36
   at System.RuntimeMethodHandle.InvokeMethod(Object target, Void** arguments, Signature sig, Boolean isConstructor)
   at System.Reflection.MethodBaseInvoker.InvokeWithNoArgs(Object obj, BindingFlags invokeAttr)
--ReflectionTypeLoadException
   at System.Reflection.RuntimeModule.GetTypes(RuntimeModule module)
   at System.Reflection.RuntimeModule.GetTypes()
   at Centazio.Core.Tests.Inspect.CheckStandardNamingOfCommonTypes.<>c__DisplayClass2_0.<Test_naming_standards>g__ValidateAssembly|0(Assembly ass) in C:\dev\projects\internal_projects\centazio3\tests\Centazio.Core.Tests\Inspect\CheckStandardNamingOfCommonTypes.cs:line 39
   at System.Collections.Generic.List`1.ForEach(Action`1 action)
   at Centazio.Core.Tests.Inspect.CheckStandardNamingOfCommonTypes.Test_naming_standards() in C:\dev\projects\internal_projects\centazio3\tests\Centazio.Core.Tests\Inspect\CheckStandardNamingOfCommonTypes.cs:line 36
   at System.RuntimeMethodHandle.InvokeMethod(Object target, Void** arguments, Signature sig, Boolean isConstructor)
   at System.Reflection.MethodBaseInvoker.InvokeWithNoArgs(Object obj, BindingFlags invokeAttr)
--ReflectionTypeLoadException
   at System.Reflection.RuntimeModule.GetTypes(RuntimeModule module)
   at System.Reflection.RuntimeModule.GetTypes()
   at Centazio.Core.Tests.Inspect.CheckStandardNamingOfCommonTypes.<>c__DisplayClass2_0.<Test_naming_standards>g__ValidateAssembly|0(Assembly ass) in C:\dev\projects\internal_projects\centazio3\tests\Centazio.Core.Tests\Inspect\CheckStandardNamingOfCommonTypes.cs:line 39
   at System.Collections.Generic.List`1.ForEach(Action`1 action)
   at Centazio.Core.Tests.Inspect.CheckStandardNamingOfCommonTypes.Test_naming_standards() in C:\dev\projects\internal_projects\centazio3\tests\Centazio.Core.Tests\Inspect\CheckStandardNamingOfCommonTypes.cs:line 36
   at System.RuntimeMethodHandle.InvokeMethod(Object target, Void** arguments, Signature sig, Boolean isConstructor)
   at System.Reflection.MethodBaseInvoker.InvokeWithNoArgs(Object obj, BindingFlags invokeAttr)
--ReflectionTypeLoadException
   at System.Reflection.RuntimeModule.GetTypes(RuntimeModule module)
   at System.Reflection.RuntimeModule.GetTypes()
   at Centazio.Core.Tests.Inspect.CheckStandardNamingOfCommonTypes.<>c__DisplayClass2_0.<Test_naming_standards>g__ValidateAssembly|0(Assembly ass) in C:\dev\projects\internal_projects\centazio3\tests\Centazio.Core.Tests\Inspect\CheckStandardNamingOfCommonTypes.cs:line 39
   at System.Collections.Generic.List`1.ForEach(Action`1 action)
   at Centazio.Core.Tests.Inspect.CheckStandardNamingOfCommonTypes.Test_naming_standards() in C:\dev\projects\internal_projects\centazio3\tests\Centazio.Core.Tests\Inspect\CheckStandardNamingOfCommonTypes.cs:line 36
   at System.RuntimeMethodHandle.InvokeMethod(Object target, Void** arguments, Signature sig, Boolean isConstructor)
   at System.Reflection.MethodBaseInvoker.InvokeWithNoArgs(Object obj, BindingFlags invokeAttr)
--ReflectionTypeLoadException
   at System.Reflection.RuntimeModule.GetTypes(RuntimeModule module)
   at System.Reflection.RuntimeModule.GetTypes()
   at Centazio.Core.Tests.Inspect.CheckStandardNamingOfCommonTypes.<>c__DisplayClass2_0.<Test_naming_standards>g__ValidateAssembly|0(Assembly ass) in C:\dev\projects\internal_projects\centazio3\tests\Centazio.Core.Tests\Inspect\CheckStandardNamingOfCommonTypes.cs:line 39
   at System.Collections.Generic.List`1.ForEach(Action`1 action)
   at Centazio.Core.Tests.Inspect.CheckStandardNamingOfCommonTypes.Test_naming_standards() in C:\dev\projects\internal_projects\centazio3\tests\Centazio.Core.Tests\Inspect\CheckStandardNamingOfCommonTypes.cs:line 36
   at System.RuntimeMethodHandle.InvokeMethod(Object target, Void** arguments, Signature sig, Boolean isConstructor)
   at System.Reflection.MethodBaseInvoker.InvokeWithNoArgs(Object obj, BindingFlags invokeAttr)
--ReflectionTypeLoadException
   at System.Reflection.RuntimeModule.GetTypes(RuntimeModule module)
   at System.Reflection.RuntimeModule.GetTypes()
   at Centazio.Core.Tests.Inspect.CheckStandardNamingOfCommonTypes.<>c__DisplayClass2_0.<Test_naming_standards>g__ValidateAssembly|0(Assembly ass) in C:\dev\projects\internal_projects\centazio3\tests\Centazio.Core.Tests\Inspect\CheckStandardNamingOfCommonTypes.cs:line 39
   at System.Collections.Generic.List`1.ForEach(Action`1 action)
   at Centazio.Core.Tests.Inspect.CheckStandardNamingOfCommonTypes.Test_naming_standards() in C:\dev\projects\internal_projects\centazio3\tests\Centazio.Core.Tests\Inspect\CheckStandardNamingOfCommonTypes.cs:line 36
   at System.RuntimeMethodHandle.InvokeMethod(Object target, Void** arguments, Signature sig, Boolean isConstructor)
   at System.Reflection.MethodBaseInvoker.InvokeWithNoArgs(Object obj, BindingFlags invokeAttr)
--ReflectionTypeLoadException
   at System.Reflection.RuntimeModule.GetTypes(RuntimeModule module)
   at System.Reflection.RuntimeModule.GetTypes()
   at Centazio.Core.Tests.Inspect.CheckStandardNamingOfCommonTypes.<>c__DisplayClass2_0.<Test_naming_standards>g__ValidateAssembly|0(Assembly ass) in C:\dev\projects\internal_projects\centazio3\tests\Centazio.Core.Tests\Inspect\CheckStandardNamingOfCommonTypes.cs:line 39
   at System.Collections.Generic.List`1.ForEach(Action`1 action)
   at Centazio.Core.Tests.Inspect.CheckStandardNamingOfCommonTypes.Test_naming_standards() in C:\dev\projects\internal_projects\centazio3\tests\Centazio.Core.Tests\Inspect\CheckStandardNamingOfCommonTypes.cs:line 36
   at System.RuntimeMethodHandle.InvokeMethod(Object target, Void** arguments, Signature sig, Boolean isConstructor)
   at System.Reflection.MethodBaseInvoker.InvokeWithNoArgs(Object obj, BindingFlags invokeAttr)
--ReflectionTypeLoadException
   at System.Reflection.RuntimeModule.GetTypes(RuntimeModule module)
   at System.Reflection.RuntimeModule.GetTypes()
   at Centazio.Core.Tests.Inspect.CheckStandardNamingOfCommonTypes.<>c__DisplayClass2_0.<Test_naming_standards>g__ValidateAssembly|0(Assembly ass) in C:\dev\projects\internal_projects\centazio3\tests\Centazio.Core.Tests\Inspect\CheckStandardNamingOfCommonTypes.cs:line 39
   at System.Collections.Generic.List`1.ForEach(Action`1 action)
   at Centazio.Core.Tests.Inspect.CheckStandardNamingOfCommonTypes.Test_naming_standards() in C:\dev\projects\internal_projects\centazio3\tests\Centazio.Core.Tests\Inspect\CheckStandardNamingOfCommonTypes.cs:line 36
   at System.RuntimeMethodHandle.InvokeMethod(Object target, Void** arguments, Signature sig, Boolean isConstructor)
   at System.Reflection.MethodBaseInvoker.InvokeWithNoArgs(Object obj, BindingFlags invokeAttr)
--ReflectionTypeLoadException
   at System.Reflection.RuntimeModule.GetTypes(RuntimeModule module)
   at System.Reflection.RuntimeModule.GetTypes()
   at Centazio.Core.Tests.Inspect.CheckStandardNamingOfCommonTypes.<>c__DisplayClass2_0.<Test_naming_standards>g__ValidateAssembly|0(Assembly ass) in C:\dev\projects\internal_projects\centazio3\tests\Centazio.Core.Tests\Inspect\CheckStandardNamingOfCommonTypes.cs:line 39
   at System.Collections.Generic.List`1.ForEach(Action`1 action)
   at Centazio.Core.Tests.Inspect.CheckStandardNamingOfCommonTypes.Test_naming_standards() in C:\dev\projects\internal_projects\centazio3\tests\Centazio.Core.Tests\Inspect\CheckStandardNamingOfCommonTypes.cs:line 36
   at System.RuntimeMethodHandle.InvokeMethod(Object target, Void** arguments, Signature sig, Boolean isConstructor)
   at System.Reflection.MethodBaseInvoker.InvokeWithNoArgs(Object obj, BindingFlags invokeAttr)
--ReflectionTypeLoadException
   at System.Reflection.RuntimeModule.GetTypes(RuntimeModule module)
   at System.Reflection.RuntimeModule.GetTypes()
   at Centazio.Core.Tests.Inspect.CheckStandardNamingOfCommonTypes.<>c__DisplayClass2_0.<Test_naming_standards>g__ValidateAssembly|0(Assembly ass) in C:\dev\projects\internal_projects\centazio3\tests\Centazio.Core.Tests\Inspect\CheckStandardNamingOfCommonTypes.cs:line 39
   at System.Collections.Generic.List`1.ForEach(Action`1 action)
   at Centazio.Core.Tests.Inspect.CheckStandardNamingOfCommonTypes.Test_naming_standards() in C:\dev\projects\internal_projects\centazio3\tests\Centazio.Core.Tests\Inspect\CheckStandardNamingOfCommonTypes.cs:line 36
   at System.RuntimeMethodHandle.InvokeMethod(Object target, Void** arguments, Signature sig, Boolean isConstructor)
   at System.Reflection.MethodBaseInvoker.InvokeWithNoArgs(Object obj, BindingFlags invokeAttr)
--ReflectionTypeLoadException
   at System.Reflection.RuntimeModule.GetTypes(RuntimeModule module)
   at System.Reflection.RuntimeModule.GetTypes()
   at Centazio.Core.Tests.Inspect.CheckStandardNamingOfCommonTypes.<>c__DisplayClass2_0.<Test_naming_standards>g__ValidateAssembly|0(Assembly ass) in C:\dev\projects\internal_projects\centazio3\tests\Centazio.Core.Tests\Inspect\CheckStandardNamingOfCommonTypes.cs:line 39
   at System.Collections.Generic.List`1.ForEach(Action`1 action)
   at Centazio.Core.Tests.Inspect.CheckStandardNamingOfCommonTypes.Test_naming_standards() in C:\dev\projects\internal_projects\centazio3\tests\Centazio.Core.Tests\Inspect\CheckStandardNamingOfCommonTypes.cs:line 36
   at System.RuntimeMethodHandle.InvokeMethod(Object target, Void** arguments, Signature sig, Boolean isConstructor)
   at System.Reflection.MethodBaseInvoker.InvokeWithNoArgs(Object obj, BindingFlags invokeAttr)
--ReflectionTypeLoadException
   at System.Reflection.RuntimeModule.GetTypes(RuntimeModule module)
   at System.Reflection.RuntimeModule.GetTypes()
   at Centazio.Core.Tests.Inspect.CheckStandardNamingOfCommonTypes.<>c__DisplayClass2_0.<Test_naming_standards>g__ValidateAssembly|0(Assembly ass) in C:\dev\projects\internal_projects\centazio3\tests\Centazio.Core.Tests\Inspect\CheckStandardNamingOfCommonTypes.cs:line 39
   at System.Collections.Generic.List`1.ForEach(Action`1 action)
   at Centazio.Core.Tests.Inspect.CheckStandardNamingOfCommonTypes.Test_naming_standards() in C:\dev\projects\internal_projects\centazio3\tests\Centazio.Core.Tests\Inspect\CheckStandardNamingOfCommonTypes.cs:line 36
   at System.RuntimeMethodHandle.InvokeMethod(Object target, Void** arguments, Signature sig, Boolean isConstructor)
   at System.Reflection.MethodBaseInvoker.InvokeWithNoArgs(Object obj, BindingFlags invokeAttr)
--ReflectionTypeLoadException
   at System.Reflection.RuntimeModule.GetTypes(RuntimeModule module)
   at System.Reflection.RuntimeModule.GetTypes()
   at Centazio.Core.Tests.Inspect.CheckStandardNamingOfCommonTypes.<>c__DisplayClass2_0.<Test_naming_standards>g__ValidateAssembly|0(Assembly ass) in C:\dev\projects\internal_projects\centazio3\tests\Centazio.Core.Tests\Inspect\CheckStandardNamingOfCommonTypes.cs:line 39
   at System.Collections.Generic.List`1.ForEach(Action`1 action)
   at Centazio.Core.Tests.Inspect.CheckStandardNamingOfCommonTypes.Test_naming_standards() in C:\dev\projects\internal_projects\centazio3\tests\Centazio.Core.Tests\Inspect\CheckStandardNamingOfCommonTypes.cs:line 36
   at System.RuntimeMethodHandle.InvokeMethod(Object target, Void** arguments, Signature sig, Boolean isConstructor)
   at System.Reflection.MethodBaseInvoker.InvokeWithNoArgs(Object obj, BindingFlags invokeAttr)
--ReflectionTypeLoadException
   at System.Reflection.RuntimeModule.GetTypes(RuntimeModule module)
   at System.Reflection.RuntimeModule.GetTypes()
   at Centazio.Core.Tests.Inspect.CheckStandardNamingOfCommonTypes.<>c__DisplayClass2_0.<Test_naming_standards>g__ValidateAssembly|0(Assembly ass) in C:\dev\projects\internal_projects\centazio3\tests\Centazio.Core.Tests\Inspect\CheckStandardNamingOfCommonTypes.cs:line 39
   at System.Collections.Generic.List`1.ForEach(Action`1 action)
   at Centazio.Core.Tests.Inspect.CheckStandardNamingOfCommonTypes.Test_naming_standards() in C:\dev\projects\internal_projects\centazio3\tests\Centazio.Core.Tests\Inspect\CheckStandardNamingOfCommonTypes.cs:line 36
   at System.RuntimeMethodHandle.InvokeMethod(Object target, Void** arguments, Signature sig, Boolean isConstructor)
   at System.Reflection.MethodBaseInvoker.InvokeWithNoArgs(Object obj, BindingFlags invokeAttr)
--ReflectionTypeLoadException
   at System.Reflection.RuntimeModule.GetTypes(RuntimeModule module)
   at System.Reflection.RuntimeModule.GetTypes()
   at Centazio.Core.Tests.Inspect.CheckStandardNamingOfCommonTypes.<>c__DisplayClass2_0.<Test_naming_standards>g__ValidateAssembly|0(Assembly ass) in C:\dev\projects\internal_projects\centazio3\tests\Centazio.Core.Tests\Inspect\CheckStandardNamingOfCommonTypes.cs:line 39
   at System.Collections.Generic.List`1.ForEach(Action`1 action)
   at Centazio.Core.Tests.Inspect.CheckStandardNamingOfCommonTypes.Test_naming_standards() in C:\dev\projects\internal_projects\centazio3\tests\Centazio.Core.Tests\Inspect\CheckStandardNamingOfCommonTypes.cs:line 36
   at System.RuntimeMethodHandle.InvokeMethod(Object target, Void** arguments, Signature sig, Boolean isConstructor)
   at System.Reflection.MethodBaseInvoker.InvokeWithNoArgs(Object obj, BindingFlags invokeAttr)
--ReflectionTypeLoadException
   at System.Reflection.RuntimeModule.GetTypes(RuntimeModule module)
   at System.Reflection.RuntimeModule.GetTypes()
   at Centazio.Core.Tests.Inspect.CheckStandardNamingOfCommonTypes.<>c__DisplayClass2_0.<Test_naming_standards>g__ValidateAssembly|0(Assembly ass) in C:\dev\projects\internal_projects\centazio3\tests\Centazio.Core.Tests\Inspect\CheckStandardNamingOfCommonTypes.cs:line 39
   at System.Collections.Generic.List`1.ForEach(Action`1 action)
   at Centazio.Core.Tests.Inspect.CheckStandardNamingOfCommonTypes.Test_naming_standards() in C:\dev\projects\internal_projects\centazio3\tests\Centazio.Core.Tests\Inspect\CheckStandardNamingOfCommonTypes.cs:line 36
   at System.RuntimeMethodHandle.InvokeMethod(Object target, Void** arguments, Signature sig, Boolean isConstructor)
   at System.Reflection.MethodBaseInvoker.InvokeWithNoArgs(Object obj, BindingFlags invokeAttr)
--ReflectionTypeLoadException
   at System.Reflection.RuntimeModule.GetTypes(RuntimeModule module)
   at System.Reflection.RuntimeModule.GetTypes()
   at Centazio.Core.Tests.Inspect.CheckStandardNamingOfCommonTypes.<>c__DisplayClass2_0.<Test_naming_standards>g__ValidateAssembly|0(Assembly ass) in C:\dev\projects\internal_projects\centazio3\tests\Centazio.Core.Tests\Inspect\CheckStandardNamingOfCommonTypes.cs:line 39
   at System.Collections.Generic.List`1.ForEach(Action`1 action)
   at Centazio.Core.Tests.Inspect.CheckStandardNamingOfCommonTypes.Test_naming_standards() in C:\dev\projects\internal_projects\centazio3\tests\Centazio.Core.Tests\Inspect\CheckStandardNamingOfCommonTypes.cs:line 36
   at System.RuntimeMethodHandle.InvokeMethod(Object target, Void** arguments, Signature sig, Boolean isConstructor)
   at System.Reflection.MethodBaseInvoker.InvokeWithNoArgs(Object obj, BindingFlags invokeAttr)
--ReflectionTypeLoadException
   at System.Reflection.RuntimeModule.GetTypes(RuntimeModule module)
   at System.Reflection.RuntimeModule.GetTypes()
   at Centazio.Core.Tests.Inspect.CheckStandardNamingOfCommonTypes.<>c__DisplayClass2_0.<Test_naming_standards>g__ValidateAssembly|0(Assembly ass) in C:\dev\projects\internal_projects\centazio3\tests\Centazio.Core.Tests\Inspect\CheckStandardNamingOfCommonTypes.cs:line 39
   at System.Collections.Generic.List`1.ForEach(Action`1 action)
   at Centazio.Core.Tests.Inspect.CheckStandardNamingOfCommonTypes.Test_naming_standards() in C:\dev\projects\internal_projects\centazio3\tests\Centazio.Core.Tests\Inspect\CheckStandardNamingOfCommonTypes.cs:line 36
   at System.RuntimeMethodHandle.InvokeMethod(Object target, Void** arguments, Signature sig, Boolean isConstructor)
   at System.Reflection.MethodBaseInvoker.InvokeWithNoArgs(Object obj, BindingFlags invokeAttr)
--ReflectionTypeLoadException
   at System.Reflection.RuntimeModule.GetTypes(RuntimeModule module)
   at System.Reflection.RuntimeModule.GetTypes()
   at Centazio.Core.Tests.Inspect.CheckStandardNamingOfCommonTypes.<>c__DisplayClass2_0.<Test_naming_standards>g__ValidateAssembly|0(Assembly ass) in C:\dev\projects\internal_projects\centazio3\tests\Centazio.Core.Tests\Inspect\CheckStandardNamingOfCommonTypes.cs:line 39
   at System.Collections.Generic.List`1.ForEach(Action`1 action)
   at Centazio.Core.Tests.Inspect.CheckStandardNamingOfCommonTypes.Test_naming_standards() in C:\dev\projects\internal_projects\centazio3\tests\Centazio.Core.Tests\Inspect\CheckStandardNamingOfCommonTypes.cs:line 36
   at System.RuntimeMethodHandle.InvokeMethod(Object target, Void** arguments, Signature sig, Boolean isConstructor)
   at System.Reflection.MethodBaseInvoker.InvokeWithNoArgs(Object obj, BindingFlags invokeAttr)
--ReflectionTypeLoadException
   at System.Reflection.RuntimeModule.GetTypes(RuntimeModule module)
   at System.Reflection.RuntimeModule.GetTypes()
   at Centazio.Core.Tests.Inspect.CheckStandardNamingOfCommonTypes.<>c__DisplayClass2_0.<Test_naming_standards>g__ValidateAssembly|0(Assembly ass) in C:\dev\projects\internal_projects\centazio3\tests\Centazio.Core.Tests\Inspect\CheckStandardNamingOfCommonTypes.cs:line 39
   at System.Collections.Generic.List`1.ForEach(Action`1 action)
   at Centazio.Core.Tests.Inspect.CheckStandardNamingOfCommonTypes.Test_naming_standards() in C:\dev\projects\internal_projects\centazio3\tests\Centazio.Core.Tests\Inspect\CheckStandardNamingOfCommonTypes.cs:line 36
   at System.RuntimeMethodHandle.InvokeMethod(Object target, Void** arguments, Signature sig, Boolean isConstructor)
   at System.Reflection.MethodBaseInvoker.InvokeWithNoArgs(Object obj, BindingFlags invokeAttr)
--ReflectionTypeLoadException
   at System.Reflection.RuntimeModule.GetTypes(RuntimeModule module)
   at System.Reflection.RuntimeModule.GetTypes()
   at Centazio.Core.Tests.Inspect.CheckStandardNamingOfCommonTypes.<>c__DisplayClass2_0.<Test_naming_standards>g__ValidateAssembly|0(Assembly ass) in C:\dev\projects\internal_projects\centazio3\tests\Centazio.Core.Tests\Inspect\CheckStandardNamingOfCommonTypes.cs:line 39
   at System.Collections.Generic.List`1.ForEach(Action`1 action)
   at Centazio.Core.Tests.Inspect.CheckStandardNamingOfCommonTypes.Test_naming_standards() in C:\dev\projects\internal_projects\centazio3\tests\Centazio.Core.Tests\Inspect\CheckStandardNamingOfCommonTypes.cs:line 36
   at System.RuntimeMethodHandle.InvokeMethod(Object target, Void** arguments, Signature sig, Boolean isConstructor)
   at System.Reflection.MethodBaseInvoker.InvokeWithNoArgs(Object obj, BindingFlags invokeAttr)
--ReflectionTypeLoadException
   at System.Reflection.RuntimeModule.GetTypes(RuntimeModule module)
   at System.Reflection.RuntimeModule.GetTypes()
   at Centazio.Core.Tests.Inspect.CheckStandardNamingOfCommonTypes.<>c__DisplayClass2_0.<Test_naming_standards>g__ValidateAssembly|0(Assembly ass) in C:\dev\projects\internal_projects\centazio3\tests\Centazio.Core.Tests\Inspect\CheckStandardNamingOfCommonTypes.cs:line 39
   at System.Collections.Generic.List`1.ForEach(Action`1 action)
   at Centazio.Core.Tests.Inspect.CheckStandardNamingOfCommonTypes.Test_naming_standards() in C:\dev\projects\internal_projects\centazio3\tests\Centazio.Core.Tests\Inspect\CheckStandardNamingOfCommonTypes.cs:line 36
   at System.RuntimeMethodHandle.InvokeMethod(Object target, Void** arguments, Signature sig, Boolean isConstructor)
   at System.Reflection.MethodBaseInvoker.InvokeWithNoArgs(Object obj, BindingFlags invokeAttr)
--ReflectionTypeLoadException
   at System.Reflection.RuntimeModule.GetTypes(RuntimeModule module)
   at System.Reflection.RuntimeModule.GetTypes()
   at Centazio.Core.Tests.Inspect.CheckStandardNamingOfCommonTypes.<>c__DisplayClass2_0.<Test_naming_standards>g__ValidateAssembly|0(Assembly ass) in C:\dev\projects\internal_projects\centazio3\tests\Centazio.Core.Tests\Inspect\CheckStandardNamingOfCommonTypes.cs:line 39
   at System.Collections.Generic.List`1.ForEach(Action`1 action)
   at Centazio.Core.Tests.Inspect.CheckStandardNamingOfCommonTypes.Test_naming_standards() in C:\dev\projects\internal_projects\centazio3\tests\Centazio.Core.Tests\Inspect\CheckStandardNamingOfCommonTypes.cs:line 36
   at System.RuntimeMethodHandle.InvokeMethod(Object target, Void** arguments, Signature sig, Boolean isConstructor)
   at System.Reflection.MethodBaseInvoker.InvokeWithNoArgs(Object obj, BindingFlags invokeAttr)
--ReflectionTypeLoadException
   at System.Reflection.RuntimeModule.GetTypes(RuntimeModule module)
   at System.Reflection.RuntimeModule.GetTypes()
   at Centazio.Core.Tests.Inspect.CheckStandardNamingOfCommonTypes.<>c__DisplayClass2_0.<Test_naming_standards>g__ValidateAssembly|0(Assembly ass) in C:\dev\projects\internal_projects\centazio3\tests\Centazio.Core.Tests\Inspect\CheckStandardNamingOfCommonTypes.cs:line 39
   at System.Collections.Generic.List`1.ForEach(Action`1 action)
   at Centazio.Core.Tests.Inspect.CheckStandardNamingOfCommonTypes.Test_naming_standards() in C:\dev\projects\internal_projects\centazio3\tests\Centazio.Core.Tests\Inspect\CheckStandardNamingOfCommonTypes.cs:line 36
   at System.RuntimeMethodHandle.InvokeMethod(Object target, Void** arguments, Signature sig, Boolean isConstructor)
   at System.Reflection.MethodBaseInvoker.InvokeWithNoArgs(Object obj, BindingFlags invokeAttr)
--ReflectionTypeLoadException
   at System.Reflection.RuntimeModule.GetTypes(RuntimeModule module)
   at System.Reflection.RuntimeModule.GetTypes()
   at Centazio.Core.Tests.Inspect.CheckStandardNamingOfCommonTypes.<>c__DisplayClass2_0.<Test_naming_standards>g__ValidateAssembly|0(Assembly ass) in C:\dev\projects\internal_projects\centazio3\tests\Centazio.Core.Tests\Inspect\CheckStandardNamingOfCommonTypes.cs:line 39
   at System.Collections.Generic.List`1.ForEach(Action`1 action)
   at Centazio.Core.Tests.Inspect.CheckStandardNamingOfCommonTypes.Test_naming_standards() in C:\dev\projects\internal_projects\centazio3\tests\Centazio.Core.Tests\Inspect\CheckStandardNamingOfCommonTypes.cs:line 36
   at System.RuntimeMethodHandle.InvokeMethod(Object target, Void** arguments, Signature sig, Boolean isConstructor)
   at System.Reflection.MethodBaseInvoker.InvokeWithNoArgs(Object obj, BindingFlags invokeAttr)
--ReflectionTypeLoadException
   at System.Reflection.RuntimeModule.GetTypes(RuntimeModule module)
   at System.Reflection.RuntimeModule.GetTypes()
   at Centazio.Core.Tests.Inspect.CheckStandardNamingOfCommonTypes.<>c__DisplayClass2_0.<Test_naming_standards>g__ValidateAssembly|0(Assembly ass) in C:\dev\projects\internal_projects\centazio3\tests\Centazio.Core.Tests\Inspect\CheckStandardNamingOfCommonTypes.cs:line 39
   at System.Collections.Generic.List`1.ForEach(Action`1 action)
   at Centazio.Core.Tests.Inspect.CheckStandardNamingOfCommonTypes.Test_naming_standards() in C:\dev\projects\internal_projects\centazio3\tests\Centazio.Core.Tests\Inspect\CheckStandardNamingOfCommonTypes.cs:line 36
   at System.RuntimeMethodHandle.InvokeMethod(Object target, Void** arguments, Signature sig, Boolean isConstructor)
   at System.Reflection.MethodBaseInvoker.InvokeWithNoArgs(Object obj, BindingFlags invokeAttr)
--ReflectionTypeLoadException
   at System.Reflection.RuntimeModule.GetTypes(RuntimeModule module)
   at System.Reflection.RuntimeModule.GetTypes()
   at Centazio.Core.Tests.Inspect.CheckStandardNamingOfCommonTypes.<>c__DisplayClass2_0.<Test_naming_standards>g__ValidateAssembly|0(Assembly ass) in C:\dev\projects\internal_projects\centazio3\tests\Centazio.Core.Tests\Inspect\CheckStandardNamingOfCommonTypes.cs:line 39
   at System.Collections.Generic.List`1.ForEach(Action`1 action)
   at Centazio.Core.Tests.Inspect.CheckStandardNamingOfCommonTypes.Test_naming_standards() in C:\dev\projects\internal_projects\centazio3\tests\Centazio.Core.Tests\Inspect\CheckStandardNamingOfCommonTypes.cs:line 36
   at System.RuntimeMethodHandle.InvokeMethod(Object target, Void** arguments, Signature sig, Boolean isConstructor)
   at System.Reflection.MethodBaseInvoker.InvokeWithNoArgs(Object obj, BindingFlags invokeAttr)
--ReflectionTypeLoadException
   at System.Reflection.RuntimeModule.GetTypes(RuntimeModule module)
   at System.Reflection.RuntimeModule.GetTypes()
   at Centazio.Core.Tests.Inspect.CheckStandardNamingOfCommonTypes.<>c__DisplayClass2_0.<Test_naming_standards>g__ValidateAssembly|0(Assembly ass) in C:\dev\projects\internal_projects\centazio3\tests\Centazio.Core.Tests\Inspect\CheckStandardNamingOfCommonTypes.cs:line 39
   at System.Collections.Generic.List`1.ForEach(Action`1 action)
   at Centazio.Core.Tests.Inspect.CheckStandardNamingOfCommonTypes.Test_naming_standards() in C:\dev\projects\internal_projects\centazio3\tests\Centazio.Core.Tests\Inspect\CheckStandardNamingOfCommonTypes.cs:line 36
   at System.RuntimeMethodHandle.InvokeMethod(Object target, Void** arguments, Signature sig, Boolean isConstructor)
   at System.Reflection.MethodBaseInvoker.InvokeWithNoArgs(Object obj, BindingFlags invokeAttr)
--ReflectionTypeLoadException
   at System.Reflection.RuntimeModule.GetTypes(RuntimeModule module)
   at System.Reflection.RuntimeModule.GetTypes()
   at Centazio.Core.Tests.Inspect.CheckStandardNamingOfCommonTypes.<>c__DisplayClass2_0.<Test_naming_standards>g__ValidateAssembly|0(Assembly ass) in C:\dev\projects\internal_projects\centazio3\tests\Centazio.Core.Tests\Inspect\CheckStandardNamingOfCommonTypes.cs:line 39
   at System.Collections.Generic.List`1.ForEach(Action`1 action)
   at Centazio.Core.Tests.Inspect.CheckStandardNamingOfCommonTypes.Test_naming_standards() in C:\dev\projects\internal_projects\centazio3\tests\Centazio.Core.Tests\Inspect\CheckStandardNamingOfCommonTypes.cs:line 36
   at System.RuntimeMethodHandle.InvokeMethod(Object target, Void** arguments, Signature sig, Boolean isConstructor)
   at System.Reflection.MethodBaseInvoker.InvokeWithNoArgs(Object obj, BindingFlags invokeAttr)
--ReflectionTypeLoadException
   at System.Reflection.RuntimeModule.GetTypes(RuntimeModule module)
   at System.Reflection.RuntimeModule.GetTypes()
   at Centazio.Core.Tests.Inspect.CheckStandardNamingOfCommonTypes.<>c__DisplayClass2_0.<Test_naming_standards>g__ValidateAssembly|0(Assembly ass) in C:\dev\projects\internal_projects\centazio3\tests\Centazio.Core.Tests\Inspect\CheckStandardNamingOfCommonTypes.cs:line 39
   at System.Collections.Generic.List`1.ForEach(Action`1 action)
   at Centazio.Core.Tests.Inspect.CheckStandardNamingOfCommonTypes.Test_naming_standards() in C:\dev\projects\internal_projects\centazio3\tests\Centazio.Core.Tests\Inspect\CheckStandardNamingOfCommonTypes.cs:line 36
   at System.RuntimeMethodHandle.InvokeMethod(Object target, Void** arguments, Signature sig, Boolean isConstructor)
   at System.Reflection.MethodBaseInvoker.InvokeWithNoArgs(Object obj, BindingFlags invokeAttr)
--ReflectionTypeLoadException
   at System.Reflection.RuntimeModule.GetTypes(RuntimeModule module)
   at System.Reflection.RuntimeModule.GetTypes()
   at Centazio.Core.Tests.Inspect.CheckStandardNamingOfCommonTypes.<>c__DisplayClass2_0.<Test_naming_standards>g__ValidateAssembly|0(Assembly ass) in C:\dev\projects\internal_projects\centazio3\tests\Centazio.Core.Tests\Inspect\CheckStandardNamingOfCommonTypes.cs:line 39
   at System.Collections.Generic.List`1.ForEach(Action`1 action)
   at Centazio.Core.Tests.Inspect.CheckStandardNamingOfCommonTypes.Test_naming_standards() in C:\dev\projects\internal_projects\centazio3\tests\Centazio.Core.Tests\Inspect\CheckStandardNamingOfCommonTypes.cs:line 36
   at System.RuntimeMethodHandle.InvokeMethod(Object target, Void** arguments, Signature sig, Boolean isConstructor)
   at System.Reflection.MethodBaseInvoker.InvokeWithNoArgs(Object obj, BindingFlags invokeAttr)
--ReflectionTypeLoadException
   at System.Reflection.RuntimeModule.GetTypes(RuntimeModule module)
   at System.Reflection.RuntimeModule.GetTypes()
   at Centazio.Core.Tests.Inspect.CheckStandardNamingOfCommonTypes.<>c__DisplayClass2_0.<Test_naming_standards>g__ValidateAssembly|0(Assembly ass) in C:\dev\projects\internal_projects\centazio3\tests\Centazio.Core.Tests\Inspect\CheckStandardNamingOfCommonTypes.cs:line 39
   at System.Collections.Generic.List`1.ForEach(Action`1 action)
   at Centazio.Core.Tests.Inspect.CheckStandardNamingOfCommonTypes.Test_naming_standards() in C:\dev\projects\internal_projects\centazio3\tests\Centazio.Core.Tests\Inspect\CheckStandardNamingOfCommonTypes.cs:line 36
   at System.RuntimeMethodHandle.InvokeMethod(Object target, Void** arguments, Signature sig, Boolean isConstructor)
   at System.Reflection.MethodBaseInvoker.InvokeWithNoArgs(Object obj, BindingFlags invokeAttr)
--ReflectionTypeLoadException
   at System.Reflection.RuntimeModule.GetTypes(RuntimeModule module)
   at System.Reflection.RuntimeModule.GetTypes()
   at Centazio.Core.Tests.Inspect.CheckStandardNamingOfCommonTypes.<>c__DisplayClass2_0.<Test_naming_standards>g__ValidateAssembly|0(Assembly ass) in C:\dev\projects\internal_projects\centazio3\tests\Centazio.Core.Tests\Inspect\CheckStandardNamingOfCommonTypes.cs:line 39
   at System.Collections.Generic.List`1.ForEach(Action`1 action)
   at Centazio.Core.Tests.Inspect.CheckStandardNamingOfCommonTypes.Test_naming_standards() in C:\dev\projects\internal_projects\centazio3\tests\Centazio.Core.Tests\Inspect\CheckStandardNamingOfCommonTypes.cs:line 36
   at System.RuntimeMethodHandle.InvokeMethod(Object target, Void** arguments, Signature sig, Boolean isConstructor)
   at System.Reflection.MethodBaseInvoker.InvokeWithNoArgs(Object obj, BindingFlags invokeAttr)
--ReflectionTypeLoadException
   at System.Reflection.RuntimeModule.GetTypes(RuntimeModule module)
   at System.Reflection.RuntimeModule.GetTypes()
   at Centazio.Core.Tests.Inspect.CheckStandardNamingOfCommonTypes.<>c__DisplayClass2_0.<Test_naming_standards>g__ValidateAssembly|0(Assembly ass) in C:\dev\projects\internal_projects\centazio3\tests\Centazio.Core.Tests\Inspect\CheckStandardNamingOfCommonTypes.cs:line 39
   at System.Collections.Generic.List`1.ForEach(Action`1 action)
   at Centazio.Core.Tests.Inspect.CheckStandardNamingOfCommonTypes.Test_naming_standards() in C:\dev\projects\internal_projects\centazio3\tests\Centazio.Core.Tests\Inspect\CheckStandardNamingOfCommonTypes.cs:line 36
   at System.RuntimeMethodHandle.InvokeMethod(Object target, Void** arguments, Signature sig, Boolean isConstructor)
   at System.Reflection.MethodBaseInvoker.InvokeWithNoArgs(Object obj, BindingFlags invokeAttr)
--ReflectionTypeLoadException
   at System.Reflection.RuntimeModule.GetTypes(RuntimeModule module)
   at System.Reflection.RuntimeModule.GetTypes()
   at Centazio.Core.Tests.Inspect.CheckStandardNamingOfCommonTypes.<>c__DisplayClass2_0.<Test_naming_standards>g__ValidateAssembly|0(Assembly ass) in C:\dev\projects\internal_projects\centazio3\tests\Centazio.Core.Tests\Inspect\CheckStandardNamingOfCommonTypes.cs:line 39
   at System.Collections.Generic.List`1.ForEach(Action`1 action)
   at Centazio.Core.Tests.Inspect.CheckStandardNamingOfCommonTypes.Test_naming_standards() in C:\dev\projects\internal_projects\centazio3\tests\Centazio.Core.Tests\Inspect\CheckStandardNamingOfCommonTypes.cs:line 36
   at System.RuntimeMethodHandle.InvokeMethod(Object target, Void** arguments, Signature sig, Boolean isConstructor)
   at System.Reflection.MethodBaseInvoker.InvokeWithNoArgs(Object obj, BindingFlags invokeAttr)
--ReflectionTypeLoadException
   at System.Reflection.RuntimeModule.GetTypes(RuntimeModule module)
   at System.Reflection.RuntimeModule.GetTypes()
   at Centazio.Core.Tests.Inspect.CheckStandardNamingOfCommonTypes.<>c__DisplayClass2_0.<Test_naming_standards>g__ValidateAssembly|0(Assembly ass) in C:\dev\projects\internal_projects\centazio3\tests\Centazio.Core.Tests\Inspect\CheckStandardNamingOfCommonTypes.cs:line 39
   at System.Collections.Generic.List`1.ForEach(Action`1 action)
   at Centazio.Core.Tests.Inspect.CheckStandardNamingOfCommonTypes.Test_naming_standards() in C:\dev\projects\internal_projects\centazio3\tests\Centazio.Core.Tests\Inspect\CheckStandardNamingOfCommonTypes.cs:line 36
   at System.RuntimeMethodHandle.InvokeMethod(Object target, Void** arguments, Signature sig, Boolean isConstructor)
   at System.Reflection.MethodBaseInvoker.InvokeWithNoArgs(Object obj, BindingFlags invokeAttr)
--ReflectionTypeLoadException
   at System.Reflection.RuntimeModule.GetTypes(RuntimeModule module)
   at System.Reflection.RuntimeModule.GetTypes()
   at Centazio.Core.Tests.Inspect.CheckStandardNamingOfCommonTypes.<>c__DisplayClass2_0.<Test_naming_standards>g__ValidateAssembly|0(Assembly ass) in C:\dev\projects\internal_projects\centazio3\tests\Centazio.Core.Tests\Inspect\CheckStandardNamingOfCommonTypes.cs:line 39
   at System.Collections.Generic.List`1.ForEach(Action`1 action)
   at Centazio.Core.Tests.Inspect.CheckStandardNamingOfCommonTypes.Test_naming_standards() in C:\dev\projects\internal_projects\centazio3\tests\Centazio.Core.Tests\Inspect\CheckStandardNamingOfCommonTypes.cs:line 36
   at System.RuntimeMethodHandle.InvokeMethod(Object target, Void** arguments, Signature sig, Boolean isConstructor)
   at System.Reflection.MethodBaseInvoker.InvokeWithNoArgs(Object obj, BindingFlags invokeAttr)
--ReflectionTypeLoadException
   at System.Reflection.RuntimeModule.GetTypes(RuntimeModule module)
   at System.Reflection.RuntimeModule.GetTypes()
   at Centazio.Core.Tests.Inspect.CheckStandardNamingOfCommonTypes.<>c__DisplayClass2_0.<Test_naming_standards>g__ValidateAssembly|0(Assembly ass) in C:\dev\projects\internal_projects\centazio3\tests\Centazio.Core.Tests\Inspect\CheckStandardNamingOfCommonTypes.cs:line 39
   at System.Collections.Generic.List`1.ForEach(Action`1 action)
   at Centazio.Core.Tests.Inspect.CheckStandardNamingOfCommonTypes.Test_naming_standards() in C:\dev\projects\internal_projects\centazio3\tests\Centazio.Core.Tests\Inspect\CheckStandardNamingOfCommonTypes.cs:line 36
   at System.RuntimeMethodHandle.InvokeMethod(Object target, Void** arguments, Signature sig, Boolean isConstructor)
   at System.Reflection.MethodBaseInvoker.InvokeWithNoArgs(Object obj, BindingFlags invokeAttr)
--ReflectionTypeLoadException
   at System.Reflection.RuntimeModule.GetTypes(RuntimeModule module)
   at System.Reflection.RuntimeModule.GetTypes()
   at Centazio.Core.Tests.Inspect.CheckStandardNamingOfCommonTypes.<>c__DisplayClass2_0.<Test_naming_standards>g__ValidateAssembly|0(Assembly ass) in C:\dev\projects\internal_projects\centazio3\tests\Centazio.Core.Tests\Inspect\CheckStandardNamingOfCommonTypes.cs:line 39
   at System.Collections.Generic.List`1.ForEach(Action`1 action)
   at Centazio.Core.Tests.Inspect.CheckStandardNamingOfCommonTypes.Test_naming_standards() in C:\dev\projects\internal_projects\centazio3\tests\Centazio.Core.Tests\Inspect\CheckStandardNamingOfCommonTypes.cs:line 36
   at System.RuntimeMethodHandle.InvokeMethod(Object target, Void** arguments, Signature sig, Boolean isConstructor)
   at System.Reflection.MethodBaseInvoker.InvokeWithNoArgs(Object obj, BindingFlags invokeAttr)
--ReflectionTypeLoadException
   at System.Reflection.RuntimeModule.GetTypes(RuntimeModule module)
   at System.Reflection.RuntimeModule.GetTypes()
   at Centazio.Core.Tests.Inspect.CheckStandardNamingOfCommonTypes.<>c__DisplayClass2_0.<Test_naming_standards>g__ValidateAssembly|0(Assembly ass) in C:\dev\projects\internal_projects\centazio3\tests\Centazio.Core.Tests\Inspect\CheckStandardNamingOfCommonTypes.cs:line 39
   at System.Collections.Generic.List`1.ForEach(Action`1 action)
   at Centazio.Core.Tests.Inspect.CheckStandardNamingOfCommonTypes.Test_naming_standards() in C:\dev\projects\internal_projects\centazio3\tests\Centazio.Core.Tests\Inspect\CheckStandardNamingOfCommonTypes.cs:line 36
   at System.RuntimeMethodHandle.InvokeMethod(Object target, Void** arguments, Signature sig, Boolean isConstructor)
   at System.Reflection.MethodBaseInvoker.InvokeWithNoArgs(Object obj, BindingFlags invokeAttr)
--ReflectionTypeLoadException
   at System.Reflection.RuntimeModule.GetTypes(RuntimeModule module)
   at System.Reflection.RuntimeModule.GetTypes()
   at Centazio.Core.Tests.Inspect.CheckStandardNamingOfCommonTypes.<>c__DisplayClass2_0.<Test_naming_standards>g__ValidateAssembly|0(Assembly ass) in C:\dev\projects\internal_projects\centazio3\tests\Centazio.Core.Tests\Inspect\CheckStandardNamingOfCommonTypes.cs:line 39
   at System.Collections.Generic.List`1.ForEach(Action`1 action)
   at Centazio.Core.Tests.Inspect.CheckStandardNamingOfCommonTypes.Test_naming_standards() in C:\dev\projects\internal_projects\centazio3\tests\Centazio.Core.Tests\Inspect\CheckStandardNamingOfCommonTypes.cs:line 36
   at System.RuntimeMethodHandle.InvokeMethod(Object target, Void** arguments, Signature sig, Boolean isConstructor)
   at System.Reflection.MethodBaseInvoker.InvokeWithNoArgs(Object obj, BindingFlags invokeAttr)
--ReflectionTypeLoadException
   at System.Reflection.RuntimeModule.GetTypes(RuntimeModule module)
   at System.Reflection.RuntimeModule.GetTypes()
   at Centazio.Core.Tests.Inspect.CheckStandardNamingOfCommonTypes.<>c__DisplayClass2_0.<Test_naming_standards>g__ValidateAssembly|0(Assembly ass) in C:\dev\projects\internal_projects\centazio3\tests\Centazio.Core.Tests\Inspect\CheckStandardNamingOfCommonTypes.cs:line 39
   at System.Collections.Generic.List`1.ForEach(Action`1 action)
   at Centazio.Core.Tests.Inspect.CheckStandardNamingOfCommonTypes.Test_naming_standards() in C:\dev\projects\internal_projects\centazio3\tests\Centazio.Core.Tests\Inspect\CheckStandardNamingOfCommonTypes.cs:line 36
   at System.RuntimeMethodHandle.InvokeMethod(Object target, Void** arguments, Signature sig, Boolean isConstructor)
   at System.Reflection.MethodBaseInvoker.InvokeWithNoArgs(Object obj, BindingFlags invokeAttr)
--ReflectionTypeLoadException
   at System.Reflection.RuntimeModule.GetTypes(RuntimeModule module)
   at System.Reflection.RuntimeModule.GetTypes()
   at Centazio.Core.Tests.Inspect.CheckStandardNamingOfCommonTypes.<>c__DisplayClass2_0.<Test_naming_standards>g__ValidateAssembly|0(Assembly ass) in C:\dev\projects\internal_projects\centazio3\tests\Centazio.Core.Tests\Inspect\CheckStandardNamingOfCommonTypes.cs:line 39
   at System.Collections.Generic.List`1.ForEach(Action`1 action)
   at Centazio.Core.Tests.Inspect.CheckStandardNamingOfCommonTypes.Test_naming_standards() in C:\dev\projects\internal_projects\centazio3\tests\Centazio.Core.Tests\Inspect\CheckStandardNamingOfCommonTypes.cs:line 36
   at System.RuntimeMethodHandle.InvokeMethod(Object target, Void** arguments, Signature sig, Boolean isConstructor)
   at System.Reflection.MethodBaseInvoker.InvokeWithNoArgs(Object obj, BindingFlags invokeAttr)
--ReflectionTypeLoadException
   at System.Reflection.RuntimeModule.GetTypes(RuntimeModule module)
   at System.Reflection.RuntimeModule.GetTypes()
   at Centazio.Core.Tests.Inspect.CheckStandardNamingOfCommonTypes.<>c__DisplayClass2_0.<Test_naming_standards>g__ValidateAssembly|0(Assembly ass) in C:\dev\projects\internal_projects\centazio3\tests\Centazio.Core.Tests\Inspect\CheckStandardNamingOfCommonTypes.cs:line 39
   at System.Collections.Generic.List`1.ForEach(Action`1 action)
   at Centazio.Core.Tests.Inspect.CheckStandardNamingOfCommonTypes.Test_naming_standards() in C:\dev\projects\internal_projects\centazio3\tests\Centazio.Core.Tests\Inspect\CheckStandardNamingOfCommonTypes.cs:line 36
   at System.RuntimeMethodHandle.InvokeMethod(Object target, Void** arguments, Signature sig, Boolean isConstructor)
   at System.Reflection.MethodBaseInvoker.InvokeWithNoArgs(Object obj, BindingFlags invokeAttr)
--ReflectionTypeLoadException
   at System.Reflection.RuntimeModule.GetTypes(RuntimeModule module)
   at System.Reflection.RuntimeModule.GetTypes()
   at Centazio.Core.Tests.Inspect.CheckStandardNamingOfCommonTypes.<>c__DisplayClass2_0.<Test_naming_standards>g__ValidateAssembly|0(Assembly ass) in C:\dev\projects\internal_projects\centazio3\tests\Centazio.Core.Tests\Inspect\CheckStandardNamingOfCommonTypes.cs:line 39
   at System.Collections.Generic.List`1.ForEach(Action`1 action)
   at Centazio.Core.Tests.Inspect.CheckStandardNamingOfCommonTypes.Test_naming_standards() in C:\dev\projects\internal_projects\centazio3\tests\Centazio.Core.Tests\Inspect\CheckStandardNamingOfCommonTypes.cs:line 36
   at System.RuntimeMethodHandle.InvokeMethod(Object target, Void** arguments, Signature sig, Boolean isConstructor)
   at System.Reflection.MethodBaseInvoker.InvokeWithNoArgs(Object obj, BindingFlags invokeAttr)
--ReflectionTypeLoadException
   at System.Reflection.RuntimeModule.GetTypes(RuntimeModule module)
   at System.Reflection.RuntimeModule.GetTypes()
   at Centazio.Core.Tests.Inspect.CheckStandardNamingOfCommonTypes.<>c__DisplayClass2_0.<Test_naming_standards>g__ValidateAssembly|0(Assembly ass) in C:\dev\projects\internal_projects\centazio3\tests\Centazio.Core.Tests\Inspect\CheckStandardNamingOfCommonTypes.cs:line 39
   at System.Collections.Generic.List`1.ForEach(Action`1 action)
   at Centazio.Core.Tests.Inspect.CheckStandardNamingOfCommonTypes.Test_naming_standards() in C:\dev\projects\internal_projects\centazio3\tests\Centazio.Core.Tests\Inspect\CheckStandardNamingOfCommonTypes.cs:line 36
   at System.RuntimeMethodHandle.InvokeMethod(Object target, Void** arguments, Signature sig, Boolean isConstructor)
   at System.Reflection.MethodBaseInvoker.InvokeWithNoArgs(Object obj, BindingFlags invokeAttr)
--ReflectionTypeLoadException
   at System.Reflection.RuntimeModule.GetTypes(RuntimeModule module)
   at System.Reflection.RuntimeModule.GetTypes()
   at Centazio.Core.Tests.Inspect.CheckStandardNamingOfCommonTypes.<>c__DisplayClass2_0.<Test_naming_standards>g__ValidateAssembly|0(Assembly ass) in C:\dev\projects\internal_projects\centazio3\tests\Centazio.Core.Tests\Inspect\CheckStandardNamingOfCommonTypes.cs:line 39
   at System.Collections.Generic.List`1.ForEach(Action`1 action)
   at Centazio.Core.Tests.Inspect.CheckStandardNamingOfCommonTypes.Test_naming_standards() in C:\dev\projects\internal_projects\centazio3\tests\Centazio.Core.Tests\Inspect\CheckStandardNamingOfCommonTypes.cs:line 36
   at System.RuntimeMethodHandle.InvokeMethod(Object target, Void** arguments, Signature sig, Boolean isConstructor)
   at System.Reflection.MethodBaseInvoker.InvokeWithNoArgs(Object obj, BindingFlags invokeAttr)
--ReflectionTypeLoadException
   at System.Reflection.RuntimeModule.GetTypes(RuntimeModule module)
   at System.Reflection.RuntimeModule.GetTypes()
   at Centazio.Core.Tests.Inspect.CheckStandardNamingOfCommonTypes.<>c__DisplayClass2_0.<Test_naming_standards>g__ValidateAssembly|0(Assembly ass) in C:\dev\projects\internal_projects\centazio3\tests\Centazio.Core.Tests\Inspect\CheckStandardNamingOfCommonTypes.cs:line 39
   at System.Collections.Generic.List`1.ForEach(Action`1 action)
   at Centazio.Core.Tests.Inspect.CheckStandardNamingOfCommonTypes.Test_naming_standards() in C:\dev\projects\internal_projects\centazio3\tests\Centazio.Core.Tests\Inspect\CheckStandardNamingOfCommonTypes.cs:line 36
   at System.RuntimeMethodHandle.InvokeMethod(Object target, Void** arguments, Signature sig, Boolean isConstructor)
   at System.Reflection.MethodBaseInvoker.InvokeWithNoArgs(Object obj, BindingFlags invokeAttr)
--ReflectionTypeLoadException
   at System.Reflection.RuntimeModule.GetTypes(RuntimeModule module)
   at System.Reflection.RuntimeModule.GetTypes()
   at Centazio.Core.Tests.Inspect.CheckStandardNamingOfCommonTypes.<>c__DisplayClass2_0.<Test_naming_standards>g__ValidateAssembly|0(Assembly ass) in C:\dev\projects\internal_projects\centazio3\tests\Centazio.Core.Tests\Inspect\CheckStandardNamingOfCommonTypes.cs:line 39
   at System.Collections.Generic.List`1.ForEach(Action`1 action)
   at Centazio.Core.Tests.Inspect.CheckStandardNamingOfCommonTypes.Test_naming_standards() in C:\dev\projects\internal_projects\centazio3\tests\Centazio.Core.Tests\Inspect\CheckStandardNamingOfCommonTypes.cs:line 36
   at System.RuntimeMethodHandle.InvokeMethod(Object target, Void** arguments, Signature sig, Boolean isConstructor)
   at System.Reflection.MethodBaseInvoker.InvokeWithNoArgs(Object obj, BindingFlags invokeAttr)
--ReflectionTypeLoadException
   at System.Reflection.RuntimeModule.GetTypes(RuntimeModule module)
   at System.Reflection.RuntimeModule.GetTypes()
   at Centazio.Core.Tests.Inspect.CheckStandardNamingOfCommonTypes.<>c__DisplayClass2_0.<Test_naming_standards>g__ValidateAssembly|0(Assembly ass) in C:\dev\projects\internal_projects\centazio3\tests\Centazio.Core.Tests\Inspect\CheckStandardNamingOfCommonTypes.cs:line 39
   at System.Collections.Generic.List`1.ForEach(Action`1 action)
   at Centazio.Core.Tests.Inspect.CheckStandardNamingOfCommonTypes.Test_naming_standards() in C:\dev\projects\internal_projects\centazio3\tests\Centazio.Core.Tests\Inspect\CheckStandardNamingOfCommonTypes.cs:line 36
   at System.RuntimeMethodHandle.InvokeMethod(Object target, Void** arguments, Signature sig, Boolean isConstructor)
   at System.Reflection.MethodBaseInvoker.InvokeWithNoArgs(Object obj, BindingFlags invokeAttr)
--ReflectionTypeLoadException
   at System.Reflection.RuntimeModule.GetTypes(RuntimeModule module)
   at System.Reflection.RuntimeModule.GetTypes()
   at Centazio.Core.Tests.Inspect.CheckStandardNamingOfCommonTypes.<>c__DisplayClass2_0.<Test_naming_standards>g__ValidateAssembly|0(Assembly ass) in C:\dev\projects\internal_projects\centazio3\tests\Centazio.Core.Tests\Inspect\CheckStandardNamingOfCommonTypes.cs:line 39
   at System.Collections.Generic.List`1.ForEach(Action`1 action)
   at Centazio.Core.Tests.Inspect.CheckStandardNamingOfCommonTypes.Test_naming_standards() in C:\dev\projects\internal_projects\centazio3\tests\Centazio.Core.Tests\Inspect\CheckStandardNamingOfCommonTypes.cs:line 36
   at System.RuntimeMethodHandle.InvokeMethod(Object target, Void** arguments, Signature sig, Boolean isConstructor)
   at System.Reflection.MethodBaseInvoker.InvokeWithNoArgs(Object obj, BindingFlags invokeAttr)
--ReflectionTypeLoadException
   at System.Reflection.RuntimeModule.GetTypes(RuntimeModule module)
   at System.Reflection.RuntimeModule.GetTypes()
   at Centazio.Core.Tests.Inspect.CheckStandardNamingOfCommonTypes.<>c__DisplayClass2_0.<Test_naming_standards>g__ValidateAssembly|0(Assembly ass) in C:\dev\projects\internal_projects\centazio3\tests\Centazio.Core.Tests\Inspect\CheckStandardNamingOfCommonTypes.cs:line 39
   at System.Collections.Generic.List`1.ForEach(Action`1 action)
   at Centazio.Core.Tests.Inspect.CheckStandardNamingOfCommonTypes.Test_naming_standards() in C:\dev\projects\internal_projects\centazio3\tests\Centazio.Core.Tests\Inspect\CheckStandardNamingOfCommonTypes.cs:line 36
   at System.RuntimeMethodHandle.InvokeMethod(Object target, Void** arguments, Signature sig, Boolean isConstructor)
   at System.Reflection.MethodBaseInvoker.InvokeWithNoArgs(Object obj, BindingFlags invokeAttr)
--ReflectionTypeLoadException
   at System.Reflection.RuntimeModule.GetTypes(RuntimeModule module)
   at System.Reflection.RuntimeModule.GetTypes()
   at Centazio.Core.Tests.Inspect.CheckStandardNamingOfCommonTypes.<>c__DisplayClass2_0.<Test_naming_standards>g__ValidateAssembly|0(Assembly ass) in C:\dev\projects\internal_projects\centazio3\tests\Centazio.Core.Tests\Inspect\CheckStandardNamingOfCommonTypes.cs:line 39
   at System.Collections.Generic.List`1.ForEach(Action`1 action)
   at Centazio.Core.Tests.Inspect.CheckStandardNamingOfCommonTypes.Test_naming_standards() in C:\dev\projects\internal_projects\centazio3\tests\Centazio.Core.Tests\Inspect\CheckStandardNamingOfCommonTypes.cs:line 36
   at System.RuntimeMethodHandle.InvokeMethod(Object target, Void** arguments, Signature sig, Boolean isConstructor)
   at System.Reflection.MethodBaseInvoker.InvokeWithNoArgs(Object obj, BindingFlags invokeAttr)
--ReflectionTypeLoadException
   at System.Reflection.RuntimeModule.GetTypes(RuntimeModule module)
   at System.Reflection.RuntimeModule.GetTypes()
   at Centazio.Core.Tests.Inspect.CheckStandardNamingOfCommonTypes.<>c__DisplayClass2_0.<Test_naming_standards>g__ValidateAssembly|0(Assembly ass) in C:\dev\projects\internal_projects\centazio3\tests\Centazio.Core.Tests\Inspect\CheckStandardNamingOfCommonTypes.cs:line 39
   at System.Collections.Generic.List`1.ForEach(Action`1 action)
   at Centazio.Core.Tests.Inspect.CheckStandardNamingOfCommonTypes.Test_naming_standards() in C:\dev\projects\internal_projects\centazio3\tests\Centazio.Core.Tests\Inspect\CheckStandardNamingOfCommonTypes.cs:line 36
   at System.RuntimeMethodHandle.InvokeMethod(Object target, Void** arguments, Signature sig, Boolean isConstructor)
   at System.Reflection.MethodBaseInvoker.InvokeWithNoArgs(Object obj, BindingFlags invokeAttr)
--ReflectionTypeLoadException
   at System.Reflection.RuntimeModule.GetTypes(RuntimeModule module)
   at System.Reflection.RuntimeModule.GetTypes()
   at Centazio.Core.Tests.Inspect.CheckStandardNamingOfCommonTypes.<>c__DisplayClass2_0.<Test_naming_standards>g__ValidateAssembly|0(Assembly ass) in C:\dev\projects\internal_projects\centazio3\tests\Centazio.Core.Tests\Inspect\CheckStandardNamingOfCommonTypes.cs:line 39
   at System.Collections.Generic.List`1.ForEach(Action`1 action)
   at Centazio.Core.Tests.Inspect.CheckStandardNamingOfCommonTypes.Test_naming_standards() in C:\dev\projects\internal_projects\centazio3\tests\Centazio.Core.Tests\Inspect\CheckStandardNamingOfCommonTypes.cs:line 36
   at System.RuntimeMethodHandle.InvokeMethod(Object target, Void** arguments, Signature sig, Boolean isConstructor)
   at System.Reflection.MethodBaseInvoker.InvokeWithNoArgs(Object obj, BindingFlags invokeAttr)
--ReflectionTypeLoadException
   at System.Reflection.RuntimeModule.GetTypes(RuntimeModule module)
   at System.Reflection.RuntimeModule.GetTypes()
   at Centazio.Core.Tests.Inspect.CheckStandardNamingOfCommonTypes.<>c__DisplayClass2_0.<Test_naming_standards>g__ValidateAssembly|0(Assembly ass) in C:\dev\projects\internal_projects\centazio3\tests\Centazio.Core.Tests\Inspect\CheckStandardNamingOfCommonTypes.cs:line 39
   at System.Collections.Generic.List`1.ForEach(Action`1 action)
   at Centazio.Core.Tests.Inspect.CheckStandardNamingOfCommonTypes.Test_naming_standards() in C:\dev\projects\internal_projects\centazio3\tests\Centazio.Core.Tests\Inspect\CheckStandardNamingOfCommonTypes.cs:line 36
   at System.RuntimeMethodHandle.InvokeMethod(Object target, Void** arguments, Signature sig, Boolean isConstructor)
   at System.Reflection.MethodBaseInvoker.InvokeWithNoArgs(Object obj, BindingFlags invokeAttr)
--ReflectionTypeLoadException
   at System.Reflection.RuntimeModule.GetTypes(RuntimeModule module)
   at System.Reflection.RuntimeModule.GetTypes()
   at Centazio.Core.Tests.Inspect.CheckStandardNamingOfCommonTypes.<>c__DisplayClass2_0.<Test_naming_standards>g__ValidateAssembly|0(Assembly ass) in C:\dev\projects\internal_projects\centazio3\tests\Centazio.Core.Tests\Inspect\CheckStandardNamingOfCommonTypes.cs:line 39
   at System.Collections.Generic.List`1.ForEach(Action`1 action)
   at Centazio.Core.Tests.Inspect.CheckStandardNamingOfCommonTypes.Test_naming_standards() in C:\dev\projects\internal_projects\centazio3\tests\Centazio.Core.Tests\Inspect\CheckStandardNamingOfCommonTypes.cs:line 36
   at System.RuntimeMethodHandle.InvokeMethod(Object target, Void** arguments, Signature sig, Boolean isConstructor)
   at System.Reflection.MethodBaseInvoker.InvokeWithNoArgs(Object obj, BindingFlags invokeAttr)
--ReflectionTypeLoadException
   at System.Reflection.RuntimeModule.GetTypes(RuntimeModule module)
   at System.Reflection.RuntimeModule.GetTypes()
   at Centazio.Core.Tests.Inspect.CheckStandardNamingOfCommonTypes.<>c__DisplayClass2_0.<Test_naming_standards>g__ValidateAssembly|0(Assembly ass) in C:\dev\projects\internal_projects\centazio3\tests\Centazio.Core.Tests\Inspect\CheckStandardNamingOfCommonTypes.cs:line 39
   at System.Collections.Generic.List`1.ForEach(Action`1 action)
   at Centazio.Core.Tests.Inspect.CheckStandardNamingOfCommonTypes.Test_naming_standards() in C:\dev\projects\internal_projects\centazio3\tests\Centazio.Core.Tests\Inspect\CheckStandardNamingOfCommonTypes.cs:line 36
   at System.RuntimeMethodHandle.InvokeMethod(Object target, Void** arguments, Signature sig, Boolean isConstructor)
   at System.Reflection.MethodBaseInvoker.InvokeWithNoArgs(Object obj, BindingFlags invokeAttr)
--ReflectionTypeLoadException
   at System.Reflection.RuntimeModule.GetTypes(RuntimeModule module)
   at System.Reflection.RuntimeModule.GetTypes()
   at Centazio.Core.Tests.Inspect.CheckStandardNamingOfCommonTypes.<>c__DisplayClass2_0.<Test_naming_standards>g__ValidateAssembly|0(Assembly ass) in C:\dev\projects\internal_projects\centazio3\tests\Centazio.Core.Tests\Inspect\CheckStandardNamingOfCommonTypes.cs:line 39
   at System.Collections.Generic.List`1.ForEach(Action`1 action)
   at Centazio.Core.Tests.Inspect.CheckStandardNamingOfCommonTypes.Test_naming_standards() in C:\dev\projects\internal_projects\centazio3\tests\Centazio.Core.Tests\Inspect\CheckStandardNamingOfCommonTypes.cs:line 36
   at System.RuntimeMethodHandle.InvokeMethod(Object target, Void** arguments, Signature sig, Boolean isConstructor)
   at System.Reflection.MethodBaseInvoker.InvokeWithNoArgs(Object obj, BindingFlags invokeAttr)
--ReflectionTypeLoadException
   at System.Reflection.RuntimeModule.GetTypes(RuntimeModule module)
   at System.Reflection.RuntimeModule.GetTypes()
   at Centazio.Core.Tests.Inspect.CheckStandardNamingOfCommonTypes.<>c__DisplayClass2_0.<Test_naming_standards>g__ValidateAssembly|0(Assembly ass) in C:\dev\projects\internal_projects\centazio3\tests\Centazio.Core.Tests\Inspect\CheckStandardNamingOfCommonTypes.cs:line 39
   at System.Collections.Generic.List`1.ForEach(Action`1 action)
   at Centazio.Core.Tests.Inspect.CheckStandardNamingOfCommonTypes.Test_naming_standards() in C:\dev\projects\internal_projects\centazio3\tests\Centazio.Core.Tests\Inspect\CheckStandardNamingOfCommonTypes.cs:line 36
   at System.RuntimeMethodHandle.InvokeMethod(Object target, Void** arguments, Signature sig, Boolean isConstructor)
   at System.Reflection.MethodBaseInvoker.InvokeWithNoArgs(Object obj, BindingFlags invokeAttr)
--ReflectionTypeLoadException
   at System.Reflection.RuntimeModule.GetTypes(RuntimeModule module)
   at System.Reflection.RuntimeModule.GetTypes()
   at Centazio.Core.Tests.Inspect.CheckStandardNamingOfCommonTypes.<>c__DisplayClass2_0.<Test_naming_standards>g__ValidateAssembly|0(Assembly ass) in C:\dev\projects\internal_projects\centazio3\tests\Centazio.Core.Tests\Inspect\CheckStandardNamingOfCommonTypes.cs:line 39
   at System.Collections.Generic.List`1.ForEach(Action`1 action)
   at Centazio.Core.Tests.Inspect.CheckStandardNamingOfCommonTypes.Test_naming_standards() in C:\dev\projects\internal_projects\centazio3\tests\Centazio.Core.Tests\Inspect\CheckStandardNamingOfCommonTypes.cs:line 36
   at System.RuntimeMethodHandle.InvokeMethod(Object target, Void** arguments, Signature sig, Boolean isConstructor)
   at System.Reflection.MethodBaseInvoker.InvokeWithNoArgs(Object obj, BindingFlags invokeAttr)
--ReflectionTypeLoadException
   at System.Reflection.RuntimeModule.GetTypes(RuntimeModule module)
   at System.Reflection.RuntimeModule.GetTypes()
   at Centazio.Core.Tests.Inspect.CheckStandardNamingOfCommonTypes.<>c__DisplayClass2_0.<Test_naming_standards>g__ValidateAssembly|0(Assembly ass) in C:\dev\projects\internal_projects\centazio3\tests\Centazio.Core.Tests\Inspect\CheckStandardNamingOfCommonTypes.cs:line 39
   at System.Collections.Generic.List`1.ForEach(Action`1 action)
   at Centazio.Core.Tests.Inspect.CheckStandardNamingOfCommonTypes.Test_naming_standards() in C:\dev\projects\internal_projects\centazio3\tests\Centazio.Core.Tests\Inspect\CheckStandardNamingOfCommonTypes.cs:line 36
   at System.RuntimeMethodHandle.InvokeMethod(Object target, Void** arguments, Signature sig, Boolean isConstructor)
   at System.Reflection.MethodBaseInvoker.InvokeWithNoArgs(Object obj, BindingFlags invokeAttr)
--ReflectionTypeLoadException
   at System.Reflection.RuntimeModule.GetTypes(RuntimeModule module)
   at System.Reflection.RuntimeModule.GetTypes()
   at Centazio.Core.Tests.Inspect.CheckStandardNamingOfCommonTypes.<>c__DisplayClass2_0.<Test_naming_standards>g__ValidateAssembly|0(Assembly ass) in C:\dev\projects\internal_projects\centazio3\tests\Centazio.Core.Tests\Inspect\CheckStandardNamingOfCommonTypes.cs:line 39
   at System.Collections.Generic.List`1.ForEach(Action`1 action)
   at Centazio.Core.Tests.Inspect.CheckStandardNamingOfCommonTypes.Test_naming_standards() in C:\dev\projects\internal_projects\centazio3\tests\Centazio.Core.Tests\Inspect\CheckStandardNamingOfCommonTypes.cs:line 36
   at System.RuntimeMethodHandle.InvokeMethod(Object target, Void** arguments, Signature sig, Boolean isConstructor)
   at System.Reflection.MethodBaseInvoker.InvokeWithNoArgs(Object obj, BindingFlags invokeAttr)
--ReflectionTypeLoadException
   at System.Reflection.RuntimeModule.GetTypes(RuntimeModule module)
   at System.Reflection.RuntimeModule.GetTypes()
   at Centazio.Core.Tests.Inspect.CheckStandardNamingOfCommonTypes.<>c__DisplayClass2_0.<Test_naming_standards>g__ValidateAssembly|0(Assembly ass) in C:\dev\projects\internal_projects\centazio3\tests\Centazio.Core.Tests\Inspect\CheckStandardNamingOfCommonTypes.cs:line 39
   at System.Collections.Generic.List`1.ForEach(Action`1 action)
   at Centazio.Core.Tests.Inspect.CheckStandardNamingOfCommonTypes.Test_naming_standards() in C:\dev\projects\internal_projects\centazio3\tests\Centazio.Core.Tests\Inspect\CheckStandardNamingOfCommonTypes.cs:line 36
   at System.RuntimeMethodHandle.InvokeMethod(Object target, Void** arguments, Signature sig, Boolean isConstructor)
   at System.Reflection.MethodBaseInvoker.InvokeWithNoArgs(Object obj, BindingFlags invokeAttr)
--ReflectionTypeLoadException
   at System.Reflection.RuntimeModule.GetTypes(RuntimeModule module)
   at System.Reflection.RuntimeModule.GetTypes()
   at Centazio.Core.Tests.Inspect.CheckStandardNamingOfCommonTypes.<>c__DisplayClass2_0.<Test_naming_standards>g__ValidateAssembly|0(Assembly ass) in C:\dev\projects\internal_projects\centazio3\tests\Centazio.Core.Tests\Inspect\CheckStandardNamingOfCommonTypes.cs:line 39
   at System.Collections.Generic.List`1.ForEach(Action`1 action)
   at Centazio.Core.Tests.Inspect.CheckStandardNamingOfCommonTypes.Test_naming_standards() in C:\dev\projects\internal_projects\centazio3\tests\Centazio.Core.Tests\Inspect\CheckStandardNamingOfCommonTypes.cs:line 36
   at System.RuntimeMethodHandle.InvokeMethod(Object target, Void** arguments, Signature sig, Boolean isConstructor)
   at System.Reflection.MethodBaseInvoker.InvokeWithNoArgs(Object obj, BindingFlags invokeAttr)
--ReflectionTypeLoadException
   at System.Reflection.RuntimeModule.GetTypes(RuntimeModule module)
   at System.Reflection.RuntimeModule.GetTypes()
   at Centazio.Core.Tests.Inspect.CheckStandardNamingOfCommonTypes.<>c__DisplayClass2_0.<Test_naming_standards>g__ValidateAssembly|0(Assembly ass) in C:\dev\projects\internal_projects\centazio3\tests\Centazio.Core.Tests\Inspect\CheckStandardNamingOfCommonTypes.cs:line 39
   at System.Collections.Generic.List`1.ForEach(Action`1 action)
   at Centazio.Core.Tests.Inspect.CheckStandardNamingOfCommonTypes.Test_naming_standards() in C:\dev\projects\internal_projects\centazio3\tests\Centazio.Core.Tests\Inspect\CheckStandardNamingOfCommonTypes.cs:line 36
   at System.RuntimeMethodHandle.InvokeMethod(Object target, Void** arguments, Signature sig, Boolean isConstructor)
   at System.Reflection.MethodBaseInvoker.InvokeWithNoArgs(Object obj, BindingFlags invokeAttr)
--ReflectionTypeLoadException
   at System.Reflection.RuntimeModule.GetTypes(RuntimeModule module)
   at System.Reflection.RuntimeModule.GetTypes()
   at Centazio.Core.Tests.Inspect.CheckStandardNamingOfCommonTypes.<>c__DisplayClass2_0.<Test_naming_standards>g__ValidateAssembly|0(Assembly ass) in C:\dev\projects\internal_projects\centazio3\tests\Centazio.Core.Tests\Inspect\CheckStandardNamingOfCommonTypes.cs:line 39
   at System.Collections.Generic.List`1.ForEach(Action`1 action)
   at Centazio.Core.Tests.Inspect.CheckStandardNamingOfCommonTypes.Test_naming_standards() in C:\dev\projects\internal_projects\centazio3\tests\Centazio.Core.Tests\Inspect\CheckStandardNamingOfCommonTypes.cs:line 36
   at System.RuntimeMethodHandle.InvokeMethod(Object target, Void** arguments, Signature sig, Boolean isConstructor)
   at System.Reflection.MethodBaseInvoker.InvokeWithNoArgs(Object obj, BindingFlags invokeAttr)
--ReflectionTypeLoadException
   at System.Reflection.RuntimeModule.GetTypes(RuntimeModule module)
   at System.Reflection.RuntimeModule.GetTypes()
   at Centazio.Core.Tests.Inspect.CheckStandardNamingOfCommonTypes.<>c__DisplayClass2_0.<Test_naming_standards>g__ValidateAssembly|0(Assembly ass) in C:\dev\projects\internal_projects\centazio3\tests\Centazio.Core.Tests\Inspect\CheckStandardNamingOfCommonTypes.cs:line 39
   at System.Collections.Generic.List`1.ForEach(Action`1 action)
   at Centazio.Core.Tests.Inspect.CheckStandardNamingOfCommonTypes.Test_naming_standards() in C:\dev\projects\internal_projects\centazio3\tests\Centazio.Core.Tests\Inspect\CheckStandardNamingOfCommonTypes.cs:line 36
   at System.RuntimeMethodHandle.InvokeMethod(Object target, Void** arguments, Signature sig, Boolean isConstructor)
   at System.Reflection.MethodBaseInvoker.InvokeWithNoArgs(Object obj, BindingFlags invokeAttr)
--ReflectionTypeLoadException
   at System.Reflection.RuntimeModule.GetTypes(RuntimeModule module)
   at System.Reflection.RuntimeModule.GetTypes()
   at Centazio.Core.Tests.Inspect.CheckStandardNamingOfCommonTypes.<>c__DisplayClass2_0.<Test_naming_standards>g__ValidateAssembly|0(Assembly ass) in C:\dev\projects\internal_projects\centazio3\tests\Centazio.Core.Tests\Inspect\CheckStandardNamingOfCommonTypes.cs:line 39
   at System.Collections.Generic.List`1.ForEach(Action`1 action)
   at Centazio.Core.Tests.Inspect.CheckStandardNamingOfCommonTypes.Test_naming_standards() in C:\dev\projects\internal_projects\centazio3\tests\Centazio.Core.Tests\Inspect\CheckStandardNamingOfCommonTypes.cs:line 36
   at System.RuntimeMethodHandle.InvokeMethod(Object target, Void** arguments, Signature sig, Boolean isConstructor)
   at System.Reflection.MethodBaseInvoker.InvokeWithNoArgs(Object obj, BindingFlags invokeAttr)
--ReflectionTypeLoadException
   at System.Reflection.RuntimeModule.GetTypes(RuntimeModule module)
   at System.Reflection.RuntimeModule.GetTypes()
   at Centazio.Core.Tests.Inspect.CheckStandardNamingOfCommonTypes.<>c__DisplayClass2_0.<Test_naming_standards>g__ValidateAssembly|0(Assembly ass) in C:\dev\projects\internal_projects\centazio3\tests\Centazio.Core.Tests\Inspect\CheckStandardNamingOfCommonTypes.cs:line 39
   at System.Collections.Generic.List`1.ForEach(Action`1 action)
   at Centazio.Core.Tests.Inspect.CheckStandardNamingOfCommonTypes.Test_naming_standards() in C:\dev\projects\internal_projects\centazio3\tests\Centazio.Core.Tests\Inspect\CheckStandardNamingOfCommonTypes.cs:line 36
   at System.RuntimeMethodHandle.InvokeMethod(Object target, Void** arguments, Signature sig, Boolean isConstructor)
   at System.Reflection.MethodBaseInvoker.InvokeWithNoArgs(Object obj, BindingFlags invokeAttr)
--ReflectionTypeLoadException
   at System.Reflection.RuntimeModule.GetTypes(RuntimeModule module)
   at System.Reflection.RuntimeModule.GetTypes()
   at Centazio.Core.Tests.Inspect.CheckStandardNamingOfCommonTypes.<>c__DisplayClass2_0.<Test_naming_standards>g__ValidateAssembly|0(Assembly ass) in C:\dev\projects\internal_projects\centazio3\tests\Centazio.Core.Tests\Inspect\CheckStandardNamingOfCommonTypes.cs:line 39
   at System.Collections.Generic.List`1.ForEach(Action`1 action)
   at Centazio.Core.Tests.Inspect.CheckStandardNamingOfCommonTypes.Test_naming_standards() in C:\dev\projects\internal_projects\centazio3\tests\Centazio.Core.Tests\Inspect\CheckStandardNamingOfCommonTypes.cs:line 36
   at System.RuntimeMethodHandle.InvokeMethod(Object target, Void** arguments, Signature sig, Boolean isConstructor)
   at System.Reflection.MethodBaseInvoker.InvokeWithNoArgs(Object obj, BindingFlags invokeAttr)]]></stack-trace>
                    </failure>
                  </test-case>
                </test-suite>
                <test-suite type="TestFixture" id="57-1121" name="CheckThatInternalsVisibleToIsOnlyAvailableToTestProjects" fullname="Centazio.Core.Tests.Inspect.CheckThatInternalsVisibleToIsOnlyAvailableToTestProjects" classname="Centazio.Core.Tests.Inspect.CheckThatInternalsVisibleToIsOnlyAvailableToTestProjects" runstate="Runnable" testcasecount="1" result="Failed" site="Child" start-time="2024-10-27T22:05:43.0855351Z" end-time="2024-10-27T22:05:43.1169780Z" duration="0.031443" total="1" passed="0" failed="1" warnings="0" inconclusive="0" skipped="0" asserts="0">
                  <failure>
                    <message><![CDATA[One or more child tests had errors]]></message>
                  </failure>
                  <test-case id="57-1122" name="Go" fullname="Centazio.Core.Tests.Inspect.CheckThatInternalsVisibleToIsOnlyAvailableToTestProjects.Go" methodname="Go" classname="Centazio.Core.Tests.Inspect.CheckThatInternalsVisibleToIsOnlyAvailableToTestProjects" runstate="Runnable" seed="110143748" result="Failed" label="Error" start-time="2024-10-27T22:05:43.0856516Z" end-time="2024-10-27T22:05:43.1169360Z" duration="0.031285" asserts="0">
                    <failure>
                      <message><![CDATA[System.IO.FileNotFoundException : Could not load file or assembly 'System.Runtime, Version=9.0.0.0, Culture=neutral, PublicKeyToken=b03f5f7f11d50a3a'. The system cannot find the file specified.]]></message>
                      <stack-trace><![CDATA[   at System.ModuleHandle.ResolveMethod(QCallModule module, Int32 methodToken, IntPtr* typeInstArgs, Int32 typeInstCount, IntPtr* methodInstArgs, Int32 methodInstCount)
   at System.ModuleHandle.ResolveMethodHandleInternal(RuntimeModule module, Int32 methodToken, ReadOnlySpan`1 typeInstantiationContext, ReadOnlySpan`1 methodInstantiationContext)
   at System.ModuleHandle.ResolveMethodHandle(Int32 methodToken, RuntimeTypeHandle[] typeInstantiationContext, RuntimeTypeHandle[] methodInstantiationContext)
   at System.RuntimeType.GetMethodBase(RuntimeModule scope, Int32 typeMetadataToken)
   at System.Reflection.RuntimeCustomAttributeData..ctor(RuntimeModule scope, MetadataToken caCtorToken, ConstArray& blob)
   at System.Reflection.RuntimeCustomAttributeData.GetCustomAttributes(RuntimeModule module, Int32 tkTarget)
   at Centazio.Core.Tests.Inspect.CheckThatInternalsVisibleToIsOnlyAvailableToTestProjects.<>c__DisplayClass0_0.<Go>b__0(String dll) in C:\dev\projects\internal_projects\centazio3\tests\Centazio.Core.Tests\Inspect\CheckThatInternalsVisibleToIsOnlyAvailableToTestProjects.cs:line 14
   at System.Collections.Generic.List`1.ForEach(Action`1 action)
   at Centazio.Core.Tests.Inspect.CheckThatInternalsVisibleToIsOnlyAvailableToTestProjects.Go() in C:\dev\projects\internal_projects\centazio3\tests\Centazio.Core.Tests\Inspect\CheckThatInternalsVisibleToIsOnlyAvailableToTestProjects.cs:line 10
   at System.RuntimeMethodHandle.InvokeMethod(Object target, Void** arguments, Signature sig, Boolean isConstructor)
   at System.Reflection.MethodBaseInvoker.InvokeWithNoArgs(Object obj, BindingFlags invokeAttr)]]></stack-trace>
                    </failure>
                  </test-case>
                </test-suite>
                <test-suite type="TestFixture" id="57-1123" name="DateTimeUsageTests" fullname="Centazio.Core.Tests.Inspect.DateTimeUsageTests" classname="Centazio.Core.Tests.Inspect.DateTimeUsageTests" runstate="Runnable" testcasecount="1" result="Passed" start-time="2024-10-27T22:05:43.1169990Z" end-time="2024-10-27T22:05:43.1269788Z" duration="0.009980" total="1" passed="1" failed="0" warnings="0" inconclusive="0" skipped="0" asserts="1">
                  <test-case id="57-1124" name="Test_no_DateTime_usage_all_dates_should_be_from_UtcDate" fullname="Centazio.Core.Tests.Inspect.DateTimeUsageTests.Test_no_DateTime_usage_all_dates_should_be_from_UtcDate" methodname="Test_no_DateTime_usage_all_dates_should_be_from_UtcDate" classname="Centazio.Core.Tests.Inspect.DateTimeUsageTests" runstate="Runnable" seed="919418891" result="Passed" start-time="2024-10-27T22:05:43.1171247Z" end-time="2024-10-27T22:05:43.1269543Z" duration="0.009830" asserts="1" />
                </test-suite>
              </test-suite>
              <test-suite type="TestSuite" id="57-1169" name="IntegrationTests" fullname="Centazio.Core.Tests.IntegrationTests" runstate="Runnable" testcasecount="6" result="Failed" site="Child" start-time="2024-10-27T22:05:42.5680630Z" end-time="2024-10-27T22:05:43.1910589Z" duration="0.622995" total="6" passed="1" failed="5" warnings="0" inconclusive="0" skipped="0" asserts="12">
                <failure>
                  <message><![CDATA[One or more child tests had errors]]></message>
                </failure>
                <test-suite type="TestSuite" id="57-1172" name="Promote" fullname="Centazio.Core.Tests.IntegrationTests.Promote" runstate="Runnable" testcasecount="3" result="Failed" site="Child" start-time="2024-10-27T22:05:42.5680660Z" end-time="2024-10-27T22:05:43.1421644Z" duration="0.574098" total="3" passed="0" failed="3" warnings="0" inconclusive="0" skipped="0" asserts="0">
                  <failure>
                    <message><![CDATA[One or more child tests had errors]]></message>
                  </failure>
                  <test-suite type="TestFixture" id="57-1096" name="PromoteFunctionTests" fullname="Centazio.Core.Tests.IntegrationTests.Promote.PromoteFunctionTests" classname="Centazio.Core.Tests.IntegrationTests.Promote.PromoteFunctionTests" runstate="Runnable" testcasecount="3" result="Failed" site="Child" start-time="2024-10-27T22:05:43.1270081Z" end-time="2024-10-27T22:05:43.1421592Z" duration="0.015151" total="3" passed="0" failed="3" warnings="0" inconclusive="0" skipped="0" asserts="0">
                    <failure>
                      <message><![CDATA[One or more child tests had errors]]></message>
                    </failure>
                    <test-case id="57-1097" name="Test_generic_deserialisation" fullname="Centazio.Core.Tests.IntegrationTests.Promote.PromoteFunctionTests.Test_generic_deserialisation" methodname="Test_generic_deserialisation" classname="Centazio.Core.Tests.IntegrationTests.Promote.PromoteFunctionTests" runstate="Runnable" seed="1584323702" result="Failed" label="Error" start-time="2024-10-27T22:05:43.1271275Z" end-time="2024-10-27T22:05:43.1368749Z" duration="0.009748" asserts="0">
                      <failure>
                        <message><![CDATA[System.MissingMethodException : Method not found: 'System.Guid System.Guid.CreateVersion7()'.]]></message>
                        <stack-trace><![CDATA[   at Centazio.Core.Ctl.Entities.StagedEntity.Create(SystemName system, SystemEntityTypeName systype, DateTime staged, ValidString data, StagedEntityChecksum checksum)
   at Centazio.Core.Stage.AbstractStagedEntityRepository.<>c__DisplayClass7_0.<Stage>b__0(String data) in C:\dev\projects\internal_projects\centazio3\src\Centazio.Core\Stage\StagedEntityRepository.cs:line 39
   at System.Linq.Enumerable.SelectEnumerableIterator`2.ToList()
   at System.Linq.Enumerable.ToList[TSource](IEnumerable`1 source)
   at Centazio.Core.Stage.AbstractStagedEntityRepository.Stage(SystemName system, SystemEntityTypeName systype, List`1 datas) in C:\dev\projects\internal_projects\centazio3\src\Centazio.Core\Stage\StagedEntityRepository.cs:line 39
   at Centazio.Core.Stage.AbstractStagedEntityRepository.Stage(SystemName system, SystemEntityTypeName systype, String data) in C:\dev\projects\internal_projects\centazio3\src\Centazio.Core\Stage\StagedEntityRepository.cs:line 33
   at Centazio.Core.Tests.IntegrationTests.Promote.PromoteFunctionTests.Test_generic_deserialisation() in C:\dev\projects\internal_projects\centazio3\tests\Centazio.Core.Tests\IntegrationTests\Promote\PromoteFunctionTests.cs:line 27
   at NUnit.Framework.Internal.TaskAwaitAdapter.GenericAdapter`1.GetResult()
   at NUnit.Framework.Internal.AsyncToSyncAdapter.Await[TResult](Func`1 invoke)
   at NUnit.Framework.Internal.AsyncToSyncAdapter.Await(Func`1 invoke)
   at NUnit.Framework.Internal.Commands.TestMethodCommand.RunTestMethod(TestExecutionContext context)
   at NUnit.Framework.Internal.Commands.TestMethodCommand.Execute(TestExecutionContext context)
   at NUnit.Framework.Internal.Commands.BeforeAndAfterTestCommand.<>c__DisplayClass1_0.<Execute>b__0()
   at NUnit.Framework.Internal.Commands.DelegatingTestCommand.RunTestMethodInThreadAbortSafeZone(TestExecutionContext context, Action action)]]></stack-trace>
                      </failure>
                    </test-case>
                    <test-case id="57-1098" name="Test_standalone_Promote_function" fullname="Centazio.Core.Tests.IntegrationTests.Promote.PromoteFunctionTests.Test_standalone_Promote_function" methodname="Test_standalone_Promote_function" classname="Centazio.Core.Tests.IntegrationTests.Promote.PromoteFunctionTests" runstate="Runnable" seed="503232996" result="Failed" label="Error" start-time="2024-10-27T22:05:43.1368954Z" end-time="2024-10-27T22:05:43.1401915Z" duration="0.003296" asserts="0">
                      <failure>
                        <message><![CDATA[System.MissingMethodException : Method not found: 'System.TimeSpan System.TimeSpan.FromSeconds(Int64)'.]]></message>
                        <stack-trace><![CDATA[   at Centazio.Test.Lib.TestingUtcDate.Tick(Nullable`1 interval)
   at Centazio.Test.Lib.TestingUtcDate.DoTick(Nullable`1 interval) in C:\dev\projects\internal_projects\centazio3\src\Centazio.Test.Lib\TestingUtcDate.cs:line 12
   at Centazio.Core.Tests.IntegrationTests.Promote.PromoteFunctionTests.Test_standalone_Promote_function() in C:\dev\projects\internal_projects\centazio3\tests\Centazio.Core.Tests\IntegrationTests\Promote\PromoteFunctionTests.cs:line 39
   at NUnit.Framework.Internal.TaskAwaitAdapter.GenericAdapter`1.GetResult()
   at NUnit.Framework.Internal.AsyncToSyncAdapter.Await[TResult](Func`1 invoke)
   at NUnit.Framework.Internal.AsyncToSyncAdapter.Await(Func`1 invoke)
   at NUnit.Framework.Internal.Commands.TestMethodCommand.RunTestMethod(TestExecutionContext context)
   at NUnit.Framework.Internal.Commands.TestMethodCommand.Execute(TestExecutionContext context)
   at NUnit.Framework.Internal.Commands.BeforeAndAfterTestCommand.<>c__DisplayClass1_0.<Execute>b__0()
   at NUnit.Framework.Internal.Commands.DelegatingTestCommand.RunTestMethodInThreadAbortSafeZone(TestExecutionContext context, Action action)]]></stack-trace>
                      </failure>
                    </test-case>
                    <test-case id="57-1099" name="Test_standalone_Promote_function_that_ignores_staged_entities" fullname="Centazio.Core.Tests.IntegrationTests.Promote.PromoteFunctionTests.Test_standalone_Promote_function_that_ignores_staged_entities" methodname="Test_standalone_Promote_function_that_ignores_staged_entities" classname="Centazio.Core.Tests.IntegrationTests.Promote.PromoteFunctionTests" runstate="Runnable" seed="413086115" result="Failed" label="Error" start-time="2024-10-27T22:05:43.1402098Z" end-time="2024-10-27T22:05:43.1421401Z" duration="0.001930" asserts="0">
                      <failure>
                        <message><![CDATA[System.MissingMethodException : Method not found: 'System.TimeSpan System.TimeSpan.FromSeconds(Int64)'.]]></message>
                        <stack-trace><![CDATA[   at Centazio.Test.Lib.TestingUtcDate.Tick(Nullable`1 interval)
   at Centazio.Test.Lib.TestingUtcDate.DoTick(Nullable`1 interval) in C:\dev\projects\internal_projects\centazio3\src\Centazio.Test.Lib\TestingUtcDate.cs:line 12
   at Centazio.Core.Tests.IntegrationTests.Promote.PromoteFunctionTests.Test_standalone_Promote_function_that_ignores_staged_entities() in C:\dev\projects\internal_projects\centazio3\tests\Centazio.Core.Tests\IntegrationTests\Promote\PromoteFunctionTests.cs:line 84
   at NUnit.Framework.Internal.TaskAwaitAdapter.GenericAdapter`1.GetResult()
   at NUnit.Framework.Internal.AsyncToSyncAdapter.Await[TResult](Func`1 invoke)
   at NUnit.Framework.Internal.AsyncToSyncAdapter.Await(Func`1 invoke)
   at NUnit.Framework.Internal.Commands.TestMethodCommand.RunTestMethod(TestExecutionContext context)
   at NUnit.Framework.Internal.Commands.TestMethodCommand.Execute(TestExecutionContext context)
   at NUnit.Framework.Internal.Commands.BeforeAndAfterTestCommand.<>c__DisplayClass1_0.<Execute>b__0()
   at NUnit.Framework.Internal.Commands.DelegatingTestCommand.RunTestMethodInThreadAbortSafeZone(TestExecutionContext context, Action action)]]></stack-trace>
                      </failure>
                    </test-case>
                  </test-suite>
                </test-suite>
                <test-suite type="TestSuite" id="57-1171" name="Read" fullname="Centazio.Core.Tests.IntegrationTests.Read" runstate="Runnable" testcasecount="1" result="Failed" site="Child" start-time="2024-10-27T22:05:42.5680694Z" end-time="2024-10-27T22:05:43.1698486Z" duration="0.601779" total="1" passed="0" failed="1" warnings="0" inconclusive="0" skipped="0" asserts="0">
                  <failure>
                    <message><![CDATA[One or more child tests had errors]]></message>
                  </failure>
                  <test-suite type="TestFixture" id="57-1094" name="ReadFunctionTests" fullname="Centazio.Core.Tests.IntegrationTests.Read.ReadFunctionTests" classname="Centazio.Core.Tests.IntegrationTests.Read.ReadFunctionTests" runstate="Runnable" testcasecount="1" result="Failed" site="Child" start-time="2024-10-27T22:05:43.1421800Z" end-time="2024-10-27T22:05:43.1698431Z" duration="0.027663" total="1" passed="0" failed="1" warnings="0" inconclusive="0" skipped="0" asserts="0">
                    <failure>
                      <message><![CDATA[One or more child tests had errors]]></message>
                    </failure>
                    <test-case id="57-1095" name="Test_standalone_read_function" fullname="Centazio.Core.Tests.IntegrationTests.Read.ReadFunctionTests.Test_standalone_read_function" methodname="Test_standalone_read_function" classname="Centazio.Core.Tests.IntegrationTests.Read.ReadFunctionTests" runstate="Runnable" seed="1190157840" result="Failed" label="Error" start-time="2024-10-27T22:05:43.1422613Z" end-time="2024-10-27T22:05:43.1698166Z" duration="0.027555" asserts="0">
                      <failure>
                        <message><![CDATA[System.MissingMethodException : Method not found: 'System.TimeSpan System.TimeSpan.FromSeconds(Int64)'.]]></message>
                        <stack-trace><![CDATA[   at Centazio.Test.Lib.TestingUtcDate.Tick(Nullable`1 interval)
   at Centazio.Test.Lib.TestingUtcDate.DoTick(Nullable`1 interval) in C:\dev\projects\internal_projects\centazio3\src\Centazio.Test.Lib\TestingUtcDate.cs:line 12
   at Centazio.Core.Tests.IntegrationTests.Read.ReadFunctionTests.Test_standalone_read_function() in C:\dev\projects\internal_projects\centazio3\tests\Centazio.Core.Tests\IntegrationTests\Read\ReadFunctionTests.cs:line 35
   at NUnit.Framework.Internal.TaskAwaitAdapter.GenericAdapter`1.GetResult()
   at NUnit.Framework.Internal.AsyncToSyncAdapter.Await[TResult](Func`1 invoke)
   at NUnit.Framework.Internal.AsyncToSyncAdapter.Await(Func`1 invoke)
   at NUnit.Framework.Internal.Commands.TestMethodCommand.RunTestMethod(TestExecutionContext context)
   at NUnit.Framework.Internal.Commands.TestMethodCommand.Execute(TestExecutionContext context)
   at NUnit.Framework.Internal.Commands.BeforeAndAfterTestCommand.<>c__DisplayClass1_0.<Execute>b__0()
   at NUnit.Framework.Internal.Commands.DelegatingTestCommand.RunTestMethodInThreadAbortSafeZone(TestExecutionContext context, Action action)]]></stack-trace>
                      </failure>
                      <output><![CDATA[[09:05:43 INF] function started [CRM/Read] - 12/31/2023 13:00:00
[09:05:43 INF] operation started - [CRM/Read/SystemEntityTypeName] checkpoint[11/30/2023 13:00:00]
[09:05:43 INF] operation completed - [CRM/Read/SystemEntityTypeName] took[0ms] - Success -> 0 Message[EmptyReadOperationResult]
]]></output>
                    </test-case>
                  </test-suite>
                </test-suite>
                <test-suite type="TestSuite" id="57-1170" name="Write" fullname="Centazio.Core.Tests.IntegrationTests.Write" runstate="Runnable" testcasecount="2" result="Failed" site="Child" start-time="2024-10-27T22:05:42.5680730Z" end-time="2024-10-27T22:05:43.1910549Z" duration="0.622981" total="2" passed="1" failed="1" warnings="0" inconclusive="0" skipped="0" asserts="12">
                  <failure>
                    <message><![CDATA[One or more child tests had errors]]></message>
                  </failure>
                  <test-suite type="TestFixture" id="57-1091" name="WriteFunctionTests" fullname="Centazio.Core.Tests.IntegrationTests.Write.WriteFunctionTests" classname="Centazio.Core.Tests.IntegrationTests.Write.WriteFunctionTests" runstate="Runnable" testcasecount="2" result="Failed" site="Child" start-time="2024-10-27T22:05:43.1698649Z" end-time="2024-10-27T22:05:43.1910481Z" duration="0.021183" total="2" passed="1" failed="1" warnings="0" inconclusive="0" skipped="0" asserts="12">
                    <failure>
                      <message><![CDATA[One or more child tests had errors]]></message>
                    </failure>
                    <test-case id="57-1092" name="Test_WriteFunction" fullname="Centazio.Core.Tests.IntegrationTests.Write.WriteFunctionTests.Test_WriteFunction" methodname="Test_WriteFunction" classname="Centazio.Core.Tests.IntegrationTests.Write.WriteFunctionTests" runstate="Runnable" seed="1138753767" result="Failed" label="Error" start-time="2024-10-27T22:05:43.1699298Z" end-time="2024-10-27T22:05:43.1822678Z" duration="0.012338" asserts="0">
                      <failure>
                        <message><![CDATA[System.MissingMethodException : Method not found: 'System.TimeSpan System.TimeSpan.FromSeconds(Int64)'.]]></message>
                        <stack-trace><![CDATA[   at Centazio.Test.Lib.TestingUtcDate.Tick(Nullable`1 interval)
   at Centazio.Test.Lib.TestingUtcDate.DoTick(Nullable`1 interval) in C:\dev\projects\internal_projects\centazio3\src\Centazio.Test.Lib\TestingUtcDate.cs:line 12
   at Centazio.Core.Tests.IntegrationTests.Write.WriteFunctionTests.Test_WriteFunction() in C:\dev\projects\internal_projects\centazio3\tests\Centazio.Core.Tests\IntegrationTests\Write\WriteFunctionTests.cs:line 26
   at NUnit.Framework.Internal.TaskAwaitAdapter.GenericAdapter`1.GetResult()
   at NUnit.Framework.Internal.AsyncToSyncAdapter.Await[TResult](Func`1 invoke)
   at NUnit.Framework.Internal.AsyncToSyncAdapter.Await(Func`1 invoke)
   at NUnit.Framework.Internal.Commands.TestMethodCommand.RunTestMethod(TestExecutionContext context)
   at NUnit.Framework.Internal.Commands.TestMethodCommand.Execute(TestExecutionContext context)
   at NUnit.Framework.Internal.Execution.SimpleWorkItem.<>c__DisplayClass3_0.<PerformWork>b__0()
   at NUnit.Framework.Internal.ContextUtils.<>c__DisplayClass1_0`1.<DoIsolated>b__0(Object _)
   at System.Threading.ExecutionContext.RunInternal(ExecutionContext executionContext, ContextCallback callback, Object state)
--- End of stack trace from previous location ---
   at System.Threading.ExecutionContext.RunInternal(ExecutionContext executionContext, ContextCallback callback, Object state)
   at NUnit.Framework.Internal.ContextUtils.DoIsolated(ContextCallback callback, Object state)
   at NUnit.Framework.Internal.ContextUtils.DoIsolated[T](Func`1 func)
   at NUnit.Framework.Internal.Execution.SimpleWorkItem.PerformWork()]]></stack-trace>
                      </failure>
                      <output><![CDATA[[09:05:43 INF] function started [FIN/Write] - 12/31/2023 13:00:00
[09:05:43 INF] operation started - [FIN/Write/CoreEntity] checkpoint[11/30/2023 13:00:00]
[09:05:43 INF] WriteOperationRunner [FIN/CoreEntity] Checkpoint[2023-11-30T13:00:00.0000000Z] Pending[2] ToCreate[2] ToUpdate[0] Meaningful[0]
[09:05:43 INF] operation completed - [FIN/Write/CoreEntity] took[0ms] - EntitiesCreated[2] EntitiesUpdated[0] Result[Success] Message[SuccessWriteOperationResult Created[2] Updated[0]]
]]></output>
                    </test-case>
                    <test-case id="57-1093" name="Test_WriteFunction_error_handling" fullname="Centazio.Core.Tests.IntegrationTests.Write.WriteFunctionTests.Test_WriteFunction_error_handling" methodname="Test_WriteFunction_error_handling" classname="Centazio.Core.Tests.IntegrationTests.Write.WriteFunctionTests" runstate="Runnable" seed="1895399082" result="Passed" start-time="2024-10-27T22:05:43.1822937Z" end-time="2024-10-27T22:05:43.1910225Z" duration="0.008729" asserts="12">
                      <output><![CDATA[[09:05:43 INF] function started [FIN/Write] - 12/31/2023 13:00:00
[09:05:43 INF] operation started - [FIN/Write/CoreEntity] checkpoint[11/30/2023 13:00:00]
[09:05:43 INF] WriteOperationRunner [FIN/CoreEntity] Checkpoint[2023-11-30T13:00:00.0000000Z] Pending[1] ToCreate[1] ToUpdate[0] Meaningful[0]
[09:05:43 ERR] unhandled RunOperation exception, EntitiesCreated[0] EntitiesUpdated[0] Result[Error] Message[ErrorWriteOperationResult[mock function error] - AbortVote[Abort]]
System.Exception: mock function error
   at Centazio.Core.Tests.IntegrationTests.Write.TestingBatchWriteFunction.WriteEntitiesToTargetSystem(WriteOperationConfig config, List`1 tocreate, List`1 toupdate) in C:\dev\projects\internal_projects\centazio3\tests\Centazio.Core.Tests\IntegrationTests\Write\WriteFunctionTests.cs:line 106
   at Centazio.Core.Write.WriteOperationRunner`1.RunOperation(OperationStateAndConfig`1 op) in C:\dev\projects\internal_projects\centazio3\src\Centazio.Core\Write\WriteOperationRunner.cs:line 23
   at Centazio.Core.Runner.AbstractFunction`2.<>c__DisplayClass5_0.<<RunOperationsTillAbort>g__RunOp|1>d.MoveNext() in C:\dev\projects\internal_projects\centazio3\src\Centazio.Core\Runner\AbstractFunction.cs:line 60
[09:05:43 INF] operation completed - [FIN/Write/CoreEntity] took[0ms] - EntitiesCreated[0] EntitiesUpdated[0] Result[Error] Message[ErrorWriteOperationResult[mock function error] - AbortVote[Abort]]
]]></output>
                    </test-case>
                  </test-suite>
                </test-suite>
              </test-suite>
              <test-suite type="TestSuite" id="57-1168" name="Misc" fullname="Centazio.Core.Tests.Misc" runstate="Runnable" testcasecount="23" result="Passed" start-time="2024-10-27T22:05:42.5680803Z" end-time="2024-10-27T22:05:43.2465321Z" duration="0.678451" total="23" passed="23" failed="0" warnings="0" inconclusive="0" skipped="0" asserts="42">
                <test-suite type="TestFixture" id="57-1063" name="DateSerialisationTests" fullname="Centazio.Core.Tests.Misc.DateSerialisationTests" classname="Centazio.Core.Tests.Misc.DateSerialisationTests" runstate="Runnable" testcasecount="1" result="Passed" start-time="2024-10-27T22:05:43.1910754Z" end-time="2024-10-27T22:05:43.1928318Z" duration="0.001756" total="1" passed="1" failed="0" warnings="0" inconclusive="0" skipped="0" asserts="2">
                  <test-case id="57-1064" name="Test_serialisation_of_dates" fullname="Centazio.Core.Tests.Misc.DateSerialisationTests.Test_serialisation_of_dates" methodname="Test_serialisation_of_dates" classname="Centazio.Core.Tests.Misc.DateSerialisationTests" runstate="Runnable" seed="1216996876" result="Passed" start-time="2024-10-27T22:05:43.1911547Z" end-time="2024-10-27T22:05:43.1928149Z" duration="0.001660" asserts="2" />
                </test-suite>
                <test-suite type="TestFixture" id="57-1065" name="DbFieldsHelperTests" fullname="Centazio.Core.Tests.Misc.DbFieldsHelperTests" classname="Centazio.Core.Tests.Misc.DbFieldsHelperTests" runstate="Runnable" testcasecount="3" result="Passed" start-time="2024-10-27T22:05:43.1928505Z" end-time="2024-10-27T22:05:43.2003944Z" duration="0.007544" total="3" passed="3" failed="0" warnings="0" inconclusive="0" skipped="0" asserts="5">
                  <test-case id="57-1066" name="Test_GetObjectDbFields" fullname="Centazio.Core.Tests.Misc.DbFieldsHelperTests.Test_GetObjectDbFields" methodname="Test_GetObjectDbFields" classname="Centazio.Core.Tests.Misc.DbFieldsHelperTests" runstate="Runnable" seed="335468847" result="Passed" start-time="2024-10-27T22:05:43.1929178Z" end-time="2024-10-27T22:05:43.1967691Z" duration="0.003851" asserts="3" />
                  <test-case id="57-1068" name="Test_GetSqliteCreateTableScript" fullname="Centazio.Core.Tests.Misc.DbFieldsHelperTests.Test_GetSqliteCreateTableScript" methodname="Test_GetSqliteCreateTableScript" classname="Centazio.Core.Tests.Misc.DbFieldsHelperTests" runstate="Runnable" seed="106758123" result="Passed" start-time="2024-10-27T22:05:43.1967888Z" end-time="2024-10-27T22:05:43.1986684Z" duration="0.001880" asserts="1" />
                  <test-case id="57-1067" name="Test_GetSqlServerCreateTableScript" fullname="Centazio.Core.Tests.Misc.DbFieldsHelperTests.Test_GetSqlServerCreateTableScript" methodname="Test_GetSqlServerCreateTableScript" classname="Centazio.Core.Tests.Misc.DbFieldsHelperTests" runstate="Runnable" seed="1702487063" result="Passed" start-time="2024-10-27T22:05:43.1986836Z" end-time="2024-10-27T22:05:43.2003738Z" duration="0.001690" asserts="1" />
                </test-suite>
                <test-suite type="TestFixture" id="57-1069" name="JsonSerialisationTests" fullname="Centazio.Core.Tests.Misc.JsonSerialisationTests" classname="Centazio.Core.Tests.Misc.JsonSerialisationTests" runstate="Runnable" testcasecount="8" result="Passed" start-time="2024-10-27T22:05:43.2004112Z" end-time="2024-10-27T22:05:43.2362135Z" duration="0.035802" total="8" passed="8" failed="0" warnings="0" inconclusive="0" skipped="0" asserts="12">
                  <test-case id="57-1076" name="Test_dto_pattern" fullname="Centazio.Core.Tests.Misc.JsonSerialisationTests.Test_dto_pattern" methodname="Test_dto_pattern" classname="Centazio.Core.Tests.Misc.JsonSerialisationTests" runstate="Runnable" seed="225434303" result="Passed" start-time="2024-10-27T22:05:43.2004781Z" end-time="2024-10-27T22:05:43.2042319Z" duration="0.003754" asserts="1" />
                  <test-case id="57-1077" name="Test_real_dtos" fullname="Centazio.Core.Tests.Misc.JsonSerialisationTests.Test_real_dtos" methodname="Test_real_dtos" classname="Centazio.Core.Tests.Misc.JsonSerialisationTests" runstate="Runnable" seed="406864385" result="Passed" start-time="2024-10-27T22:05:43.2042466Z" end-time="2024-10-27T22:05:43.2269408Z" duration="0.022694" asserts="5" />
                  <test-case id="57-1075" name="Test_serialisation_of_object_dtos_with_child_valid_string_subclasses" fullname="Centazio.Core.Tests.Misc.JsonSerialisationTests.Test_serialisation_of_object_dtos_with_child_valid_string_subclasses" methodname="Test_serialisation_of_object_dtos_with_child_valid_string_subclasses" classname="Centazio.Core.Tests.Misc.JsonSerialisationTests" runstate="Runnable" seed="1408597977" result="Passed" start-time="2024-10-27T22:05:43.2269673Z" end-time="2024-10-27T22:05:43.2285715Z" duration="0.001604" asserts="1" />
                  <test-case id="57-1074" name="Test_serialisation_of_object_dtos_with_child_valid_strings" fullname="Centazio.Core.Tests.Misc.JsonSerialisationTests.Test_serialisation_of_object_dtos_with_child_valid_strings" methodname="Test_serialisation_of_object_dtos_with_child_valid_strings" classname="Centazio.Core.Tests.Misc.JsonSerialisationTests" runstate="Runnable" seed="1347963107" result="Passed" start-time="2024-10-27T22:05:43.2285862Z" end-time="2024-10-27T22:05:43.2297600Z" duration="0.001174" asserts="1" />
                  <test-case id="57-1073" name="Test_serialisation_of_objects_with_child_valid_string_subclasses" fullname="Centazio.Core.Tests.Misc.JsonSerialisationTests.Test_serialisation_of_objects_with_child_valid_string_subclasses" methodname="Test_serialisation_of_objects_with_child_valid_string_subclasses" classname="Centazio.Core.Tests.Misc.JsonSerialisationTests" runstate="Runnable" seed="1251630802" result="Passed" start-time="2024-10-27T22:05:43.2297738Z" end-time="2024-10-27T22:05:43.2346077Z" duration="0.004834" asserts="1" />
                  <test-case id="57-1072" name="Test_serialisation_of_objects_with_child_valid_strings" fullname="Centazio.Core.Tests.Misc.JsonSerialisationTests.Test_serialisation_of_objects_with_child_valid_strings" methodname="Test_serialisation_of_objects_with_child_valid_strings" classname="Centazio.Core.Tests.Misc.JsonSerialisationTests" runstate="Runnable" seed="1795370973" result="Passed" start-time="2024-10-27T22:05:43.2346226Z" end-time="2024-10-27T22:05:43.2358314Z" duration="0.001209" asserts="1" />
                  <test-case id="57-1071" name="Test_serialisation_of_valid_string_subclasses" fullname="Centazio.Core.Tests.Misc.JsonSerialisationTests.Test_serialisation_of_valid_string_subclasses" methodname="Test_serialisation_of_valid_string_subclasses" classname="Centazio.Core.Tests.Misc.JsonSerialisationTests" runstate="Runnable" seed="567162940" result="Passed" start-time="2024-10-27T22:05:43.2358456Z" end-time="2024-10-27T22:05:43.2360545Z" duration="0.000209" asserts="1" />
                  <test-case id="57-1070" name="Test_serialisation_of_valid_strings" fullname="Centazio.Core.Tests.Misc.JsonSerialisationTests.Test_serialisation_of_valid_strings" methodname="Test_serialisation_of_valid_strings" classname="Centazio.Core.Tests.Misc.JsonSerialisationTests" runstate="Runnable" seed="1285938862" result="Passed" start-time="2024-10-27T22:05:43.2360672Z" end-time="2024-10-27T22:05:43.2361990Z" duration="0.000132" asserts="1" />
                </test-suite>
                <test-suite type="TestFixture" id="57-1078" name="LoggingTests" fullname="Centazio.Core.Tests.Misc.LoggingTests" classname="Centazio.Core.Tests.Misc.LoggingTests" runstate="Runnable" testcasecount="5" result="Passed" start-time="2024-10-27T22:05:43.2362322Z" end-time="2024-10-27T22:05:43.2445557Z" duration="0.008323" total="5" passed="5" failed="0" warnings="0" inconclusive="0" skipped="0" asserts="0">
                  <test-case id="57-1080" name="Test_destructing_SystemName" fullname="Centazio.Core.Tests.Misc.LoggingTests.Test_destructing_SystemName" methodname="Test_destructing_SystemName" classname="Centazio.Core.Tests.Misc.LoggingTests" runstate="Runnable" seed="2116724072" result="Passed" start-time="2024-10-27T22:05:43.2362915Z" end-time="2024-10-27T22:05:43.2374000Z" duration="0.001109" asserts="0">
                    <output><![CDATA[[09:05:43 INF] system [LoggingTests]
]]></output>
                  </test-case>
                  <test-case id="57-1081" name="Test_destructing_SystemState" fullname="Centazio.Core.Tests.Misc.LoggingTests.Test_destructing_SystemState" methodname="Test_destructing_SystemState" classname="Centazio.Core.Tests.Misc.LoggingTests" runstate="Runnable" seed="664410898" result="Passed" start-time="2024-10-27T22:05:43.2374126Z" end-time="2024-10-27T22:05:43.2440574Z" duration="0.006645" asserts="0">
                    <output><![CDATA[[09:05:43 INF] empty[{"System": "LoggingTests", "Stage": "LoggingTests", "DateCreated": "2023-12-31T13:00:00.0000000Z", "Active": true, "Status": "Idle", "DateUpdated": null, "LastStarted": null, "LastCompleted": null, "$type": "SystemState"}] full[{"System": "LoggingTests", "Stage": "LoggingTests", "DateCreated": "2023-12-31T13:00:00.0000000Z", "Active": true, "Status": "Idle", "DateUpdated": "2023-12-31T13:00:00.0000000Z", "LastStarted": "2023-12-31T13:00:00.0000000Z", "LastCompleted": "2023-12-31T13:00:00.0000000Z", "$type": "SystemState"}]
]]></output>
                  </test-case>
                  <test-case id="57-1083" name="Test_disabling_logging" fullname="Centazio.Core.Tests.Misc.LoggingTests.Test_disabling_logging" methodname="Test_disabling_logging" classname="Centazio.Core.Tests.Misc.LoggingTests" runstate="Runnable" seed="1952074172" result="Passed" start-time="2024-10-27T22:05:43.2440806Z" end-time="2024-10-27T22:05:43.2441610Z" duration="0.000080" asserts="0" />
                  <test-case id="57-1082" name="Test_logging_of_exceptions" fullname="Centazio.Core.Tests.Misc.LoggingTests.Test_logging_of_exceptions" methodname="Test_logging_of_exceptions" classname="Centazio.Core.Tests.Misc.LoggingTests" runstate="Runnable" seed="613989991" result="Passed" start-time="2024-10-27T22:05:43.2441697Z" end-time="2024-10-27T22:05:43.2444705Z" duration="0.000301" asserts="0" />
                  <test-case id="57-1079" name="Test_overriding_SystemName_ToString" fullname="Centazio.Core.Tests.Misc.LoggingTests.Test_overriding_SystemName_ToString" methodname="Test_overriding_SystemName_ToString" classname="Centazio.Core.Tests.Misc.LoggingTests" runstate="Runnable" seed="1379225720" result="Passed" start-time="2024-10-27T22:05:43.2444835Z" end-time="2024-10-27T22:05:43.2445420Z" duration="0.000059" asserts="0" />
                </test-suite>
                <test-suite type="TestFixture" id="57-1084" name="ReflectionUtilsTests" fullname="Centazio.Core.Tests.Misc.ReflectionUtilsTests" classname="Centazio.Core.Tests.Misc.ReflectionUtilsTests" runstate="Runnable" testcasecount="6" result="Passed" start-time="2024-10-27T22:05:43.2445739Z" end-time="2024-10-27T22:05:43.2465249Z" duration="0.001951" total="6" passed="6" failed="0" warnings="0" inconclusive="0" skipped="0" asserts="23">
                  <test-case id="57-1090" name="Test_get_inherited_attribute" fullname="Centazio.Core.Tests.Misc.ReflectionUtilsTests.Test_get_inherited_attribute" methodname="Test_get_inherited_attribute" classname="Centazio.Core.Tests.Misc.ReflectionUtilsTests" runstate="Runnable" seed="2137953405" result="Passed" start-time="2024-10-27T22:05:43.2446401Z" end-time="2024-10-27T22:05:43.2450903Z" duration="0.000450" asserts="2" />
                  <test-case id="57-1085" name="Test_GetPropVal" fullname="Centazio.Core.Tests.Misc.ReflectionUtilsTests.Test_GetPropVal" methodname="Test_GetPropVal" classname="Centazio.Core.Tests.Misc.ReflectionUtilsTests" runstate="Runnable" seed="372161503" result="Passed" start-time="2024-10-27T22:05:43.2451035Z" end-time="2024-10-27T22:05:43.2453343Z" duration="0.000231" asserts="1" />
                  <test-case id="57-1086" name="Test_GetPropValAsString" fullname="Centazio.Core.Tests.Misc.ReflectionUtilsTests.Test_GetPropValAsString" methodname="Test_GetPropValAsString" classname="Centazio.Core.Tests.Misc.ReflectionUtilsTests" runstate="Runnable" seed="844383601" result="Passed" start-time="2024-10-27T22:05:43.2453466Z" end-time="2024-10-27T22:05:43.2456185Z" duration="0.000272" asserts="1" />
                  <test-case id="57-1088" name="Test_IsNullable" fullname="Centazio.Core.Tests.Misc.ReflectionUtilsTests.Test_IsNullable" methodname="Test_IsNullable" classname="Centazio.Core.Tests.Misc.ReflectionUtilsTests" runstate="Runnable" seed="2123162607" result="Passed" start-time="2024-10-27T22:05:43.2456320Z" end-time="2024-10-27T22:05:43.2460959Z" duration="0.000464" asserts="9" />
                  <test-case id="57-1089" name="Test_IsPropJsonIgnored" fullname="Centazio.Core.Tests.Misc.ReflectionUtilsTests.Test_IsPropJsonIgnored" methodname="Test_IsPropJsonIgnored" classname="Centazio.Core.Tests.Misc.ReflectionUtilsTests" runstate="Runnable" seed="1529984518" result="Passed" start-time="2024-10-27T22:05:43.2461092Z" end-time="2024-10-27T22:05:43.2463057Z" duration="0.000197" asserts="4" />
                  <test-case id="57-1087" name="Test_IsRecord" fullname="Centazio.Core.Tests.Misc.ReflectionUtilsTests.Test_IsRecord" methodname="Test_IsRecord" classname="Centazio.Core.Tests.Misc.ReflectionUtilsTests" runstate="Runnable" seed="640525916" result="Passed" start-time="2024-10-27T22:05:43.2463181Z" end-time="2024-10-27T22:05:43.2465098Z" duration="0.000192" asserts="6" />
                </test-suite>
              </test-suite>
              <test-suite type="TestSuite" id="57-1167" name="Promote" fullname="Centazio.Core.Tests.Promote" runstate="Runnable" testcasecount="4" result="Failed" site="Child" start-time="2024-10-27T22:05:42.5680871Z" end-time="2024-10-27T22:05:43.2552476Z" duration="0.687160" total="4" passed="1" failed="3" warnings="0" inconclusive="0" skipped="0" asserts="2">
                <failure>
                  <message><![CDATA[One or more child tests had errors]]></message>
                </failure>
                <test-suite type="TestFixture" id="57-1057" name="PromoteOperationRunnerTests" fullname="Centazio.Core.Tests.Promote.PromoteOperationRunnerTests" classname="Centazio.Core.Tests.Promote.PromoteOperationRunnerTests" runstate="Runnable" testcasecount="2" result="Failed" site="Child" start-time="2024-10-27T22:05:43.2465455Z" end-time="2024-10-27T22:05:43.2512296Z" duration="0.004684" total="2" passed="0" failed="2" warnings="0" inconclusive="0" skipped="0" asserts="0">
                  <failure>
                    <message><![CDATA[One or more child tests had errors]]></message>
                  </failure>
                  <test-case id="57-1059" name="Todo_RunOperation_will_not_do_anything_on_error" fullname="Centazio.Core.Tests.Promote.PromoteOperationRunnerTests.Todo_RunOperation_will_not_do_anything_on_error" methodname="Todo_RunOperation_will_not_do_anything_on_error" classname="Centazio.Core.Tests.Promote.PromoteOperationRunnerTests" runstate="Runnable" seed="135950384" result="Failed" label="Error" start-time="2024-10-27T22:05:43.2466166Z" end-time="2024-10-27T22:05:43.2492291Z" duration="0.002613" asserts="0">
                    <failure>
                      <message><![CDATA[System.MissingMethodException : Method not found: 'System.Guid System.Guid.CreateVersion7()'.]]></message>
                      <stack-trace><![CDATA[   at Centazio.Core.Ctl.Entities.StagedEntity.Create(SystemName system, SystemEntityTypeName systype, DateTime staged, ValidString data, StagedEntityChecksum checksum)
   at Centazio.Core.Stage.AbstractStagedEntityRepository.<>c__DisplayClass7_0.<Stage>b__0(String data) in C:\dev\projects\internal_projects\centazio3\src\Centazio.Core\Stage\StagedEntityRepository.cs:line 39
   at System.Linq.Enumerable.SelectEnumerableIterator`2.ToList()
   at System.Linq.Enumerable.ToList[TSource](IEnumerable`1 source)
   at Centazio.Core.Stage.AbstractStagedEntityRepository.Stage(SystemName system, SystemEntityTypeName systype, List`1 datas) in C:\dev\projects\internal_projects\centazio3\src\Centazio.Core\Stage\StagedEntityRepository.cs:line 39
   at Centazio.Core.Tests.Promote.PromoteOperationRunnerTests.Todo_RunOperation_will_not_do_anything_on_error() in C:\dev\projects\internal_projects\centazio3\tests\Centazio.Core.Tests\Promote\PromoteOperationRunnerTests.cs:line 54
   at NUnit.Framework.Internal.TaskAwaitAdapter.GenericAdapter`1.GetResult()
   at NUnit.Framework.Internal.AsyncToSyncAdapter.Await[TResult](Func`1 invoke)
   at NUnit.Framework.Internal.AsyncToSyncAdapter.Await(Func`1 invoke)
   at NUnit.Framework.Internal.Commands.TestMethodCommand.RunTestMethod(TestExecutionContext context)
   at NUnit.Framework.Internal.Commands.TestMethodCommand.Execute(TestExecutionContext context)
   at NUnit.Framework.Internal.Commands.BeforeAndAfterTestCommand.<>c__DisplayClass1_0.<Execute>b__0()
   at NUnit.Framework.Internal.Commands.DelegatingTestCommand.RunTestMethodInThreadAbortSafeZone(TestExecutionContext context, Action action)]]></stack-trace>
                    </failure>
                  </test-case>
                  <test-case id="57-1058" name="Todo_RunOperation_will_update_staged_entities_and_core_storage" fullname="Centazio.Core.Tests.Promote.PromoteOperationRunnerTests.Todo_RunOperation_will_update_staged_entities_and_core_storage" methodname="Todo_RunOperation_will_update_staged_entities_and_core_storage" classname="Centazio.Core.Tests.Promote.PromoteOperationRunnerTests" runstate="Runnable" seed="712666048" result="Failed" label="Error" start-time="2024-10-27T22:05:43.2492451Z" end-time="2024-10-27T22:05:43.2512103Z" duration="0.001965" asserts="0">
                    <failure>
                      <message><![CDATA[System.MissingMethodException : Method not found: 'System.Guid System.Guid.CreateVersion7()'.]]></message>
                      <stack-trace><![CDATA[   at Centazio.Core.Ctl.Entities.StagedEntity.Create(SystemName system, SystemEntityTypeName systype, DateTime staged, ValidString data, StagedEntityChecksum checksum)
   at Centazio.Core.Stage.AbstractStagedEntityRepository.<>c__DisplayClass7_0.<Stage>b__0(String data) in C:\dev\projects\internal_projects\centazio3\src\Centazio.Core\Stage\StagedEntityRepository.cs:line 39
   at System.Linq.Enumerable.SelectEnumerableIterator`2.ToList()
   at System.Linq.Enumerable.ToList[TSource](IEnumerable`1 source)
   at Centazio.Core.Stage.AbstractStagedEntityRepository.Stage(SystemName system, SystemEntityTypeName systype, List`1 datas) in C:\dev\projects\internal_projects\centazio3\src\Centazio.Core\Stage\StagedEntityRepository.cs:line 39
   at Centazio.Core.Tests.Promote.PromoteOperationRunnerTests.Todo_RunOperation_will_update_staged_entities_and_core_storage() in C:\dev\projects\internal_projects\centazio3\tests\Centazio.Core.Tests\Promote\PromoteOperationRunnerTests.cs:line 31
   at NUnit.Framework.Internal.TaskAwaitAdapter.GenericAdapter`1.GetResult()
   at NUnit.Framework.Internal.AsyncToSyncAdapter.Await[TResult](Func`1 invoke)
   at NUnit.Framework.Internal.AsyncToSyncAdapter.Await(Func`1 invoke)
   at NUnit.Framework.Internal.Commands.TestMethodCommand.RunTestMethod(TestExecutionContext context)
   at NUnit.Framework.Internal.Commands.TestMethodCommand.Execute(TestExecutionContext context)
   at NUnit.Framework.Internal.Commands.BeforeAndAfterTestCommand.<>c__DisplayClass1_0.<Execute>b__0()
   at NUnit.Framework.Internal.Commands.DelegatingTestCommand.RunTestMethodInThreadAbortSafeZone(TestExecutionContext context, Action action)]]></stack-trace>
                    </failure>
                  </test-case>
                </test-suite>
                <test-suite type="TestFixture" id="57-1060" name="PromotionStepsTests" fullname="Centazio.Core.Tests.Promote.PromotionStepsTests" classname="Centazio.Core.Tests.Promote.PromotionStepsTests" runstate="Runnable" testcasecount="2" result="Failed" site="Child" start-time="2024-10-27T22:05:43.2512460Z" end-time="2024-10-27T22:05:43.2552419Z" duration="0.003996" total="2" passed="1" failed="1" warnings="0" inconclusive="0" skipped="0" asserts="2">
                  <failure>
                    <message><![CDATA[One or more child tests had errors]]></message>
                  </failure>
                  <test-case id="57-1062" name="Test_IgnoreEntitiesBouncingBack" fullname="Centazio.Core.Tests.Promote.PromotionStepsTests.Test_IgnoreEntitiesBouncingBack" methodname="Test_IgnoreEntitiesBouncingBack" classname="Centazio.Core.Tests.Promote.PromotionStepsTests" runstate="Runnable" seed="918998015" result="Passed" start-time="2024-10-27T22:05:43.2513049Z" end-time="2024-10-27T22:05:43.2546564Z" duration="0.003352" asserts="2" />
                  <test-case id="57-1061" name="Test_IgnoreMultipleUpdatesToSameEntity" fullname="Centazio.Core.Tests.Promote.PromotionStepsTests.Test_IgnoreMultipleUpdatesToSameEntity" methodname="Test_IgnoreMultipleUpdatesToSameEntity" classname="Centazio.Core.Tests.Promote.PromotionStepsTests" runstate="Runnable" seed="581042681" result="Failed" label="Error" start-time="2024-10-27T22:05:43.2546706Z" end-time="2024-10-27T22:05:43.2552247Z" duration="0.000554" asserts="0">
                    <failure>
                      <message><![CDATA[System.MissingMethodException : Method not found: 'System.TimeSpan System.TimeSpan.FromSeconds(Int64)'.]]></message>
                      <stack-trace><![CDATA[   at Centazio.Test.Lib.TestingUtcDate.Tick(Nullable`1 interval)
   at Centazio.Test.Lib.TestingUtcDate.DoTick(Nullable`1 interval) in C:\dev\projects\internal_projects\centazio3\src\Centazio.Test.Lib\TestingUtcDate.cs:line 12
   at Centazio.Core.Tests.Promote.PromotionStepsTests.Test_IgnoreMultipleUpdatesToSameEntity() in C:\dev\projects\internal_projects\centazio3\tests\Centazio.Core.Tests\Promote\PromotionStepsTests.cs:line 13
   at System.RuntimeMethodHandle.InvokeMethod(Object target, Void** arguments, Signature sig, Boolean isConstructor)
   at System.Reflection.MethodBaseInvoker.InvokeWithNoArgs(Object obj, BindingFlags invokeAttr)]]></stack-trace>
                    </failure>
                  </test-case>
                </test-suite>
              </test-suite>
              <test-suite type="TestSuite" id="57-1166" name="Read" fullname="Centazio.Core.Tests.Read" runstate="Runnable" testcasecount="5" result="Failed" site="Child" start-time="2024-10-27T22:05:42.5680915Z" end-time="2024-10-27T22:05:43.2765074Z" duration="0.708415" total="5" passed="3" failed="2" warnings="0" inconclusive="0" skipped="0" asserts="9">
                <failure>
                  <message><![CDATA[One or more child tests had errors]]></message>
                </failure>
                <test-suite type="TestFixture" id="57-1051" name="ReadOperationRunnerTests" fullname="Centazio.Core.Tests.Read.ReadOperationRunnerTests" classname="Centazio.Core.Tests.Read.ReadOperationRunnerTests" runstate="Runnable" testcasecount="5" result="Failed" site="Child" start-time="2024-10-27T22:05:43.2552608Z" end-time="2024-10-27T22:05:43.2765023Z" duration="0.021242" total="5" passed="3" failed="2" warnings="0" inconclusive="0" skipped="0" asserts="9">
                  <failure>
                    <message><![CDATA[One or more child tests had errors]]></message>
                  </failure>
                  <test-case id="57-1053" name="Test_empty_results_are_not_staged" fullname="Centazio.Core.Tests.Read.ReadOperationRunnerTests.Test_empty_results_are_not_staged" methodname="Test_empty_results_are_not_staged" classname="Centazio.Core.Tests.Read.ReadOperationRunnerTests" runstate="Runnable" seed="369216761" result="Passed" start-time="2024-10-27T22:05:43.2553184Z" end-time="2024-10-27T22:05:43.2705879Z" duration="0.015270" asserts="3" />
                  <test-case id="57-1052" name="Test_FailedRead_operations_are_not_staged" fullname="Centazio.Core.Tests.Read.ReadOperationRunnerTests.Test_FailedRead_operations_are_not_staged" methodname="Test_FailedRead_operations_are_not_staged" classname="Centazio.Core.Tests.Read.ReadOperationRunnerTests" runstate="Runnable" seed="913909993" result="Passed" start-time="2024-10-27T22:05:43.2706087Z" end-time="2024-10-27T22:05:43.2719155Z" duration="0.001307" asserts="3" />
                  <test-case id="57-1056" name="Test_results_cannot_be_invalid_PayloadLength" fullname="Centazio.Core.Tests.Read.ReadOperationRunnerTests.Test_results_cannot_be_invalid_PayloadLength" methodname="Test_results_cannot_be_invalid_PayloadLength" classname="Centazio.Core.Tests.Read.ReadOperationRunnerTests" runstate="Runnable" seed="1390685697" result="Passed" start-time="2024-10-27T22:05:43.2719306Z" end-time="2024-10-27T22:05:43.2732225Z" duration="0.001292" asserts="3" />
                  <test-case id="57-1055" name="Test_valid_List_results_are_staged" fullname="Centazio.Core.Tests.Read.ReadOperationRunnerTests.Test_valid_List_results_are_staged" methodname="Test_valid_List_results_are_staged" classname="Centazio.Core.Tests.Read.ReadOperationRunnerTests" runstate="Runnable" seed="542421393" result="Failed" label="Error" start-time="2024-10-27T22:05:43.2732872Z" end-time="2024-10-27T22:05:43.2752652Z" duration="0.001978" asserts="0">
                    <failure>
                      <message><![CDATA[System.MissingMethodException : Method not found: 'System.Guid System.Guid.CreateVersion7()'.]]></message>
                      <stack-trace><![CDATA[   at Centazio.Core.Ctl.Entities.StagedEntity.Create(SystemName system, SystemEntityTypeName systype, DateTime staged, ValidString data, StagedEntityChecksum checksum)
   at Centazio.Core.Stage.AbstractStagedEntityRepository.<>c__DisplayClass7_0.<Stage>b__0(String data) in C:\dev\projects\internal_projects\centazio3\src\Centazio.Core\Stage\StagedEntityRepository.cs:line 39
   at System.Linq.Enumerable.SelectEnumerableIterator`2.ToList()
   at System.Linq.Enumerable.ToList[TSource](IEnumerable`1 source)
   at Centazio.Core.Stage.AbstractStagedEntityRepository.Stage(SystemName system, SystemEntityTypeName systype, List`1 datas) in C:\dev\projects\internal_projects\centazio3\src\Centazio.Core\Stage\StagedEntityRepository.cs:line 39
   at Centazio.Core.Read.ReadOperationRunner.<>c__DisplayClass2_0.<<RunOperation>g__DoStage|0>d.MoveNext() in C:\dev\projects\internal_projects\centazio3\src\Centazio.Core\Read\ReadOperationRunner.cs:line 19
--- End of stack trace from previous location ---
   at Centazio.Core.Read.ReadOperationRunner.RunOperation(OperationStateAndConfig`1 op) in C:\dev\projects\internal_projects\centazio3\src\Centazio.Core\Read\ReadOperationRunner.cs:line 12
   at Centazio.Core.Tests.Read.ReadOperationRunnerTests.Test_valid_List_results_are_staged() in C:\dev\projects\internal_projects\centazio3\tests\Centazio.Core.Tests\Read\ReadOperationRunnerTests.cs:line 51
   at NUnit.Framework.Internal.TaskAwaitAdapter.GenericAdapter`1.GetResult()
   at NUnit.Framework.Internal.AsyncToSyncAdapter.Await[TResult](Func`1 invoke)
   at NUnit.Framework.Internal.AsyncToSyncAdapter.Await(Func`1 invoke)
   at NUnit.Framework.Internal.Commands.TestMethodCommand.RunTestMethod(TestExecutionContext context)
   at NUnit.Framework.Internal.Commands.TestMethodCommand.Execute(TestExecutionContext context)
   at NUnit.Framework.Internal.Commands.BeforeAndAfterTestCommand.<>c__DisplayClass1_0.<Execute>b__0()
   at NUnit.Framework.Internal.Commands.DelegatingTestCommand.RunTestMethodInThreadAbortSafeZone(TestExecutionContext context, Action action)]]></stack-trace>
                    </failure>
                  </test-case>
                  <test-case id="57-1054" name="Test_valid_Single_results_are_staged" fullname="Centazio.Core.Tests.Read.ReadOperationRunnerTests.Test_valid_Single_results_are_staged" methodname="Test_valid_Single_results_are_staged" classname="Centazio.Core.Tests.Read.ReadOperationRunnerTests" runstate="Runnable" seed="426961212" result="Failed" label="Error" start-time="2024-10-27T22:05:43.2752799Z" end-time="2024-10-27T22:05:43.2764839Z" duration="0.001204" asserts="0">
                    <failure>
                      <message><![CDATA[System.MissingMethodException : Method not found: 'System.Guid System.Guid.CreateVersion7()'.]]></message>
                      <stack-trace><![CDATA[   at Centazio.Core.Ctl.Entities.StagedEntity.Create(SystemName system, SystemEntityTypeName systype, DateTime staged, ValidString data, StagedEntityChecksum checksum)
   at Centazio.Core.Stage.AbstractStagedEntityRepository.<>c__DisplayClass7_0.<Stage>b__0(String data) in C:\dev\projects\internal_projects\centazio3\src\Centazio.Core\Stage\StagedEntityRepository.cs:line 39
   at System.Linq.Enumerable.SelectEnumerableIterator`2.ToList()
   at System.Linq.Enumerable.ToList[TSource](IEnumerable`1 source)
   at Centazio.Core.Stage.AbstractStagedEntityRepository.Stage(SystemName system, SystemEntityTypeName systype, List`1 datas) in C:\dev\projects\internal_projects\centazio3\src\Centazio.Core\Stage\StagedEntityRepository.cs:line 39
   at Centazio.Core.Stage.AbstractStagedEntityRepository.Stage(SystemName system, SystemEntityTypeName systype, String data) in C:\dev\projects\internal_projects\centazio3\src\Centazio.Core\Stage\StagedEntityRepository.cs:line 33
   at Centazio.Core.Read.ReadOperationRunner.<>c__DisplayClass2_0.<<RunOperation>g__DoStage|0>d.MoveNext() in C:\dev\projects\internal_projects\centazio3\src\Centazio.Core\Read\ReadOperationRunner.cs:line 17
--- End of stack trace from previous location ---
   at Centazio.Core.Read.ReadOperationRunner.RunOperation(OperationStateAndConfig`1 op) in C:\dev\projects\internal_projects\centazio3\src\Centazio.Core\Read\ReadOperationRunner.cs:line 12
   at Centazio.Core.Tests.Read.ReadOperationRunnerTests.Test_valid_Single_results_are_staged() in C:\dev\projects\internal_projects\centazio3\tests\Centazio.Core.Tests\Read\ReadOperationRunnerTests.cs:line 42
   at NUnit.Framework.Internal.TaskAwaitAdapter.GenericAdapter`1.GetResult()
   at NUnit.Framework.Internal.AsyncToSyncAdapter.Await[TResult](Func`1 invoke)
   at NUnit.Framework.Internal.AsyncToSyncAdapter.Await(Func`1 invoke)
   at NUnit.Framework.Internal.Commands.TestMethodCommand.RunTestMethod(TestExecutionContext context)
   at NUnit.Framework.Internal.Commands.TestMethodCommand.Execute(TestExecutionContext context)
   at NUnit.Framework.Internal.Commands.BeforeAndAfterTestCommand.<>c__DisplayClass1_0.<Execute>b__0()
   at NUnit.Framework.Internal.Commands.DelegatingTestCommand.RunTestMethodInThreadAbortSafeZone(TestExecutionContext context, Action action)]]></stack-trace>
                    </failure>
                  </test-case>
                </test-suite>
              </test-suite>
              <test-suite type="TestSuite" id="57-1165" name="Runner" fullname="Centazio.Core.Tests.Runner" runstate="Runnable" testcasecount="12" result="Passed" start-time="2024-10-27T22:05:42.5680989Z" end-time="2024-10-27T22:05:43.2934921Z" duration="0.725392" total="12" passed="12" failed="0" warnings="0" inconclusive="0" skipped="0" asserts="50">
                <test-suite type="TestFixture" id="57-1037" name="AbstractFunctionStaticHelperTests" fullname="Centazio.Core.Tests.Runner.AbstractFunctionStaticHelperTests" classname="Centazio.Core.Tests.Runner.AbstractFunctionStaticHelperTests" runstate="Runnable" testcasecount="7" result="Passed" start-time="2024-10-27T22:05:43.2765234Z" end-time="2024-10-27T22:05:43.2868353Z" duration="0.010312" total="7" passed="7" failed="0" warnings="0" inconclusive="0" skipped="0" asserts="26">
                  <test-case id="57-1041" name="Test_GetReadyOperations_correctly_filters_out_operations_not_meeting_cron_criteria" fullname="Centazio.Core.Tests.Runner.AbstractFunctionStaticHelperTests.Test_GetReadyOperations_correctly_filters_out_operations_not_meeting_cron_criteria" methodname="Test_GetReadyOperations_correctly_filters_out_operations_not_meeting_cron_criteria" classname="Centazio.Core.Tests.Runner.AbstractFunctionStaticHelperTests" runstate="Runnable" seed="512180364" result="Passed" start-time="2024-10-27T22:05:43.2765839Z" end-time="2024-10-27T22:05:43.2779850Z" duration="0.001401" asserts="1" />
                  <test-case id="57-1039" name="Test_LoadOperationsStates_creates_missing_operations" fullname="Centazio.Core.Tests.Runner.AbstractFunctionStaticHelperTests.Test_LoadOperationsStates_creates_missing_operations" methodname="Test_LoadOperationsStates_creates_missing_operations" classname="Centazio.Core.Tests.Runner.AbstractFunctionStaticHelperTests" runstate="Runnable" seed="765317072" result="Passed" start-time="2024-10-27T22:05:43.2779981Z" end-time="2024-10-27T22:05:43.2804426Z" duration="0.002445" asserts="9" />
                  <test-case id="57-1040" name="Test_LoadOperationsStates_ignores_innactive_states" fullname="Centazio.Core.Tests.Runner.AbstractFunctionStaticHelperTests.Test_LoadOperationsStates_ignores_innactive_states" methodname="Test_LoadOperationsStates_ignores_innactive_states" classname="Centazio.Core.Tests.Runner.AbstractFunctionStaticHelperTests" runstate="Runnable" seed="799602059" result="Passed" start-time="2024-10-27T22:05:43.2804569Z" end-time="2024-10-27T22:05:43.2812675Z" duration="0.000811" asserts="1" />
                  <test-case id="57-1038" name="Test_ReadFunctionConfig_Validate_fails_with_empty_operations" fullname="Centazio.Core.Tests.Runner.AbstractFunctionStaticHelperTests.Test_ReadFunctionConfig_Validate_fails_with_empty_operations" methodname="Test_ReadFunctionConfig_Validate_fails_with_empty_operations" classname="Centazio.Core.Tests.Runner.AbstractFunctionStaticHelperTests" runstate="Runnable" seed="405783854" result="Passed" start-time="2024-10-27T22:05:43.2812809Z" end-time="2024-10-27T22:05:43.2814680Z" duration="0.000187" asserts="1" />
                  <test-case id="57-1042" name="Test_RunOperationsTillAbort_on_single_valid_op" fullname="Centazio.Core.Tests.Runner.AbstractFunctionStaticHelperTests.Test_RunOperationsTillAbort_on_single_valid_op" methodname="Test_RunOperationsTillAbort_on_single_valid_op" classname="Centazio.Core.Tests.Runner.AbstractFunctionStaticHelperTests" runstate="Runnable" seed="914842481" result="Passed" start-time="2024-10-27T22:05:43.2814809Z" end-time="2024-10-27T22:05:43.2843140Z" duration="0.002833" asserts="5" />
                  <test-case id="57-1043" name="Test_RunOperationsTillAbort_stops_on_first_abort" fullname="Centazio.Core.Tests.Runner.AbstractFunctionStaticHelperTests.Test_RunOperationsTillAbort_stops_on_first_abort" methodname="Test_RunOperationsTillAbort_stops_on_first_abort" classname="Centazio.Core.Tests.Runner.AbstractFunctionStaticHelperTests" runstate="Runnable" seed="1894688429" result="Passed" start-time="2024-10-27T22:05:43.2843279Z" end-time="2024-10-27T22:05:43.2852146Z" duration="0.000887" asserts="4" />
                  <test-case id="57-1044" name="Test_RunOperationsTillAbort_stops_on_first_exception" fullname="Centazio.Core.Tests.Runner.AbstractFunctionStaticHelperTests.Test_RunOperationsTillAbort_stops_on_first_exception" methodname="Test_RunOperationsTillAbort_stops_on_first_exception" classname="Centazio.Core.Tests.Runner.AbstractFunctionStaticHelperTests" runstate="Runnable" seed="1651719264" result="Passed" start-time="2024-10-27T22:05:43.2852286Z" end-time="2024-10-27T22:05:43.2868149Z" duration="0.001586" asserts="5" />
                </test-suite>
                <test-suite type="TestFixture" id="57-1045" name="FunctionRunnerTests" fullname="Centazio.Core.Tests.Runner.FunctionRunnerTests" classname="Centazio.Core.Tests.Runner.FunctionRunnerTests" runstate="Runnable" testcasecount="5" result="Passed" start-time="2024-10-27T22:05:43.2868533Z" end-time="2024-10-27T22:05:43.2934868Z" duration="0.006634" total="5" passed="5" failed="0" warnings="0" inconclusive="0" skipped="0" asserts="24">
                  <test-case id="57-1049" name="Test_already_running_function_creates_valid_state_but_does_not_run" fullname="Centazio.Core.Tests.Runner.FunctionRunnerTests.Test_already_running_function_creates_valid_state_but_does_not_run" methodname="Test_already_running_function_creates_valid_state_but_does_not_run" classname="Centazio.Core.Tests.Runner.FunctionRunnerTests" runstate="Runnable" seed="1327764410" result="Passed" start-time="2024-10-27T22:05:43.2871604Z" end-time="2024-10-27T22:05:43.2886868Z" duration="0.001526" asserts="4" />
                  <test-case id="57-1046" name="Test_run_functions_creates_state_if_it_does_not_exist" fullname="Centazio.Core.Tests.Runner.FunctionRunnerTests.Test_run_functions_creates_state_if_it_does_not_exist" methodname="Test_run_functions_creates_state_if_it_does_not_exist" classname="Centazio.Core.Tests.Runner.FunctionRunnerTests" runstate="Runnable" seed="1283061219" result="Passed" start-time="2024-10-27T22:05:43.2887019Z" end-time="2024-10-27T22:05:43.2900856Z" duration="0.001384" asserts="6" />
                  <test-case id="57-1048" name="Test_run_functions_with_multiple_results" fullname="Centazio.Core.Tests.Runner.FunctionRunnerTests.Test_run_functions_with_multiple_results" methodname="Test_run_functions_with_multiple_results" classname="Centazio.Core.Tests.Runner.FunctionRunnerTests" runstate="Runnable" seed="1912986934" result="Passed" start-time="2024-10-27T22:05:43.2900994Z" end-time="2024-10-27T22:05:43.2917089Z" duration="0.001610" asserts="5" />
                  <test-case id="57-1047" name="Test_run_inactive_function_creates_valid_state_but_does_not_run" fullname="Centazio.Core.Tests.Runner.FunctionRunnerTests.Test_run_inactive_function_creates_valid_state_but_does_not_run" methodname="Test_run_inactive_function_creates_valid_state_but_does_not_run" classname="Centazio.Core.Tests.Runner.FunctionRunnerTests" runstate="Runnable" seed="466722791" result="Passed" start-time="2024-10-27T22:05:43.2917221Z" end-time="2024-10-27T22:05:43.2925135Z" duration="0.000792" asserts="4" />
                  <test-case id="57-1050" name="Test_stuck_running_function_runs_again" fullname="Centazio.Core.Tests.Runner.FunctionRunnerTests.Test_stuck_running_function_runs_again" methodname="Test_stuck_running_function_runs_again" classname="Centazio.Core.Tests.Runner.FunctionRunnerTests" runstate="Runnable" seed="879950822" result="Passed" start-time="2024-10-27T22:05:43.2925272Z" end-time="2024-10-27T22:05:43.2934690Z" duration="0.000942" asserts="5" />
                </test-suite>
              </test-suite>
              <test-suite type="TestSuite" id="57-1164" name="Secrets" fullname="Centazio.Core.Tests.Secrets" runstate="Runnable" testcasecount="1" result="Passed" start-time="2024-10-27T22:05:42.5681033Z" end-time="2024-10-27T22:05:43.2987305Z" duration="0.730626" total="1" passed="1" failed="0" warnings="0" inconclusive="0" skipped="0" asserts="1">
                <test-suite type="TestFixture" id="57-1035" name="NetworkLocationEnvFileSecretsLoaderTests" fullname="Centazio.Core.Tests.Secrets.NetworkLocationEnvFileSecretsLoaderTests" classname="Centazio.Core.Tests.Secrets.NetworkLocationEnvFileSecretsLoaderTests" runstate="Runnable" testcasecount="1" result="Passed" start-time="2024-10-27T22:05:43.2935061Z" end-time="2024-10-27T22:05:43.2987255Z" duration="0.005219" total="1" passed="1" failed="0" warnings="0" inconclusive="0" skipped="0" asserts="1">
                  <test-case id="57-1036" name="Test_loading_from_local" fullname="Centazio.Core.Tests.Secrets.NetworkLocationEnvFileSecretsLoaderTests.Test_loading_from_local" methodname="Test_loading_from_local" classname="Centazio.Core.Tests.Secrets.NetworkLocationEnvFileSecretsLoaderTests" runstate="Runnable" seed="212944063" result="Passed" start-time="2024-10-27T22:05:43.2935661Z" end-time="2024-10-27T22:05:43.2987050Z" duration="0.005139" asserts="1" />
                </test-suite>
              </test-suite>
              <test-suite type="TestSuite" id="57-1163" name="Settings" fullname="Centazio.Core.Tests.Settings" runstate="Runnable" testcasecount="2" result="Passed" start-time="2024-10-27T22:05:42.5681070Z" end-time="2024-10-27T22:05:43.3416971Z" duration="0.773589" total="2" passed="2" failed="0" warnings="0" inconclusive="0" skipped="0" asserts="6">
                <test-suite type="TestFixture" id="57-1032" name="SettingsLoaderTests" fullname="Centazio.Core.Tests.Settings.SettingsLoaderTests" classname="Centazio.Core.Tests.Settings.SettingsLoaderTests" runstate="Runnable" testcasecount="2" result="Passed" start-time="2024-10-27T22:05:43.2987516Z" end-time="2024-10-27T22:05:43.3416915Z" duration="0.042940" total="2" passed="2" failed="0" warnings="0" inconclusive="0" skipped="0" asserts="6">
                  <test-case id="57-1033" name="Test_loading_of_settings_from_dir_hierarchy" fullname="Centazio.Core.Tests.Settings.SettingsLoaderTests.Test_loading_of_settings_from_dir_hierarchy" methodname="Test_loading_of_settings_from_dir_hierarchy" classname="Centazio.Core.Tests.Settings.SettingsLoaderTests" runstate="Runnable" seed="1080419034" result="Passed" start-time="2024-10-27T22:05:43.2988166Z" end-time="2024-10-27T22:05:43.3371787Z" duration="0.038363" asserts="3" />
                  <test-case id="57-1034" name="Test_loading_of_settings_with_overriding_environment_file" fullname="Centazio.Core.Tests.Settings.SettingsLoaderTests.Test_loading_of_settings_with_overriding_environment_file" methodname="Test_loading_of_settings_with_overriding_environment_file" classname="Centazio.Core.Tests.Settings.SettingsLoaderTests" runstate="Runnable" seed="1801035536" result="Passed" start-time="2024-10-27T22:05:43.3372000Z" end-time="2024-10-27T22:05:43.3416688Z" duration="0.004469" asserts="3" />
                </test-suite>
              </test-suite>
              <test-suite type="TestSuite" id="57-1162" name="Stage" fullname="Centazio.Core.Tests.Stage" runstate="Runnable" testcasecount="20" result="Failed" site="Child" start-time="2024-10-27T22:05:42.5681163Z" end-time="2024-10-27T22:05:43.3716574Z" duration="0.803540" total="20" passed="0" failed="20" warnings="0" inconclusive="0" skipped="0" asserts="0">
                <failure>
                  <message><![CDATA[One or more child tests had errors]]></message>
                </failure>
                <test-suite type="TestFixture" id="57-1009" name="EntityStagerTests" fullname="Centazio.Core.Tests.Stage.EntityStagerTests" classname="Centazio.Core.Tests.Stage.EntityStagerTests" runstate="Runnable" testcasecount="2" result="Failed" site="Child" start-time="2024-10-27T22:05:43.3417141Z" end-time="2024-10-27T22:05:43.3443201Z" duration="0.002606" total="2" passed="0" failed="2" warnings="0" inconclusive="0" skipped="0" asserts="0">
                  <failure>
                    <message><![CDATA[One or more child tests had errors]]></message>
                  </failure>
                  <test-case id="57-1011" name="Test_staging_a_multiple_records" fullname="Centazio.Core.Tests.Stage.EntityStagerTests.Test_staging_a_multiple_records" methodname="Test_staging_a_multiple_records" classname="Centazio.Core.Tests.Stage.EntityStagerTests" runstate="Runnable" seed="1842238186" result="Failed" label="Error" start-time="2024-10-27T22:05:43.3417854Z" end-time="2024-10-27T22:05:43.3432816Z" duration="0.001496" asserts="0">
                    <failure>
                      <message><![CDATA[System.MissingMethodException : Method not found: 'System.Guid System.Guid.CreateVersion7()'.]]></message>
                      <stack-trace><![CDATA[   at Centazio.Core.Ctl.Entities.StagedEntity.Create(SystemName system, SystemEntityTypeName systype, DateTime staged, ValidString data, StagedEntityChecksum checksum)
   at Centazio.Core.Stage.AbstractStagedEntityRepository.<>c__DisplayClass7_0.<Stage>b__0(String data) in C:\dev\projects\internal_projects\centazio3\src\Centazio.Core\Stage\StagedEntityRepository.cs:line 39
   at System.Linq.Enumerable.SelectEnumerableIterator`2.ToList()
   at System.Linq.Enumerable.ToList[TSource](IEnumerable`1 source)
   at Centazio.Core.Stage.AbstractStagedEntityRepository.Stage(SystemName system, SystemEntityTypeName systype, List`1 datas) in C:\dev\projects\internal_projects\centazio3\src\Centazio.Core\Stage\StagedEntityRepository.cs:line 39
   at Centazio.Core.Tests.Stage.EntityStagerTests.Test_staging_a_multiple_records() in C:\dev\projects\internal_projects\centazio3\tests\Centazio.Core.Tests\Stage\EntityStagerTests.cs:line 34
   at NUnit.Framework.Internal.TaskAwaitAdapter.GenericAdapter`1.GetResult()
   at NUnit.Framework.Internal.AsyncToSyncAdapter.Await[TResult](Func`1 invoke)
   at NUnit.Framework.Internal.AsyncToSyncAdapter.Await(Func`1 invoke)
   at NUnit.Framework.Internal.Commands.TestMethodCommand.RunTestMethod(TestExecutionContext context)
   at NUnit.Framework.Internal.Commands.TestMethodCommand.Execute(TestExecutionContext context)
   at NUnit.Framework.Internal.Commands.BeforeAndAfterTestCommand.<>c__DisplayClass1_0.<Execute>b__0()
   at NUnit.Framework.Internal.Commands.DelegatingTestCommand.RunTestMethodInThreadAbortSafeZone(TestExecutionContext context, Action action)]]></stack-trace>
                    </failure>
                  </test-case>
                  <test-case id="57-1010" name="Test_staging_a_single_record" fullname="Centazio.Core.Tests.Stage.EntityStagerTests.Test_staging_a_single_record" methodname="Test_staging_a_single_record" classname="Centazio.Core.Tests.Stage.EntityStagerTests" runstate="Runnable" seed="761439716" result="Failed" label="Error" start-time="2024-10-27T22:05:43.3432984Z" end-time="2024-10-27T22:05:43.3443024Z" duration="0.001004" asserts="0">
                    <failure>
                      <message><![CDATA[System.MissingMethodException : Method not found: 'System.Guid System.Guid.CreateVersion7()'.]]></message>
                      <stack-trace><![CDATA[   at Centazio.Core.Ctl.Entities.StagedEntity.Create(SystemName system, SystemEntityTypeName systype, DateTime staged, ValidString data, StagedEntityChecksum checksum)
   at Centazio.Core.Stage.AbstractStagedEntityRepository.<>c__DisplayClass7_0.<Stage>b__0(String data) in C:\dev\projects\internal_projects\centazio3\src\Centazio.Core\Stage\StagedEntityRepository.cs:line 39
   at System.Linq.Enumerable.SelectEnumerableIterator`2.ToList()
   at System.Linq.Enumerable.ToList[TSource](IEnumerable`1 source)
   at Centazio.Core.Stage.AbstractStagedEntityRepository.Stage(SystemName system, SystemEntityTypeName systype, List`1 datas) in C:\dev\projects\internal_projects\centazio3\src\Centazio.Core\Stage\StagedEntityRepository.cs:line 39
   at Centazio.Core.Stage.AbstractStagedEntityRepository.Stage(SystemName system, SystemEntityTypeName systype, String data) in C:\dev\projects\internal_projects\centazio3\src\Centazio.Core\Stage\StagedEntityRepository.cs:line 33
   at Centazio.Core.Tests.Stage.EntityStagerTests.Test_staging_a_single_record() in C:\dev\projects\internal_projects\centazio3\tests\Centazio.Core.Tests\Stage\EntityStagerTests.cs:line 22
   at NUnit.Framework.Internal.TaskAwaitAdapter.GenericAdapter`1.GetResult()
   at NUnit.Framework.Internal.AsyncToSyncAdapter.Await[TResult](Func`1 invoke)
   at NUnit.Framework.Internal.AsyncToSyncAdapter.Await(Func`1 invoke)
   at NUnit.Framework.Internal.Commands.TestMethodCommand.RunTestMethod(TestExecutionContext context)
   at NUnit.Framework.Internal.Commands.TestMethodCommand.Execute(TestExecutionContext context)
   at NUnit.Framework.Internal.Commands.BeforeAndAfterTestCommand.<>c__DisplayClass1_0.<Execute>b__0()
   at NUnit.Framework.Internal.Commands.DelegatingTestCommand.RunTestMethodInThreadAbortSafeZone(TestExecutionContext context, Action action)]]></stack-trace>
                    </failure>
                  </test-case>
                </test-suite>
                <test-suite type="TestFixture" id="57-1012" name="InMemoryStagedEntityRepositoryTests" fullname="Centazio.Core.Tests.Stage.InMemoryStagedEntityRepositoryTests" classname="Centazio.Core.Tests.Stage.InMemoryStagedEntityRepositoryTests" runstate="Runnable" testcasecount="17" result="Failed" site="Child" start-time="2024-10-27T22:05:43.3443358Z" end-time="2024-10-27T22:05:43.3710415Z" duration="0.026706" total="17" passed="0" failed="17" warnings="0" inconclusive="0" skipped="0" asserts="0">
                  <failure>
                    <message><![CDATA[One or more child tests had errors]]></message>
                  </failure>
                  <test-case id="57-1025" name="Test_delete_large_batch" fullname="Centazio.Core.Tests.Stage.InMemoryStagedEntityRepositoryTests.Test_delete_large_batch" methodname="Test_delete_large_batch" classname="Centazio.Test.Lib.BaseProviderTests.BaseStagedEntityRepositoryTests" runstate="Runnable" seed="121207409" result="Failed" label="Error" start-time="2024-10-27T22:05:43.3447758Z" end-time="2024-10-27T22:05:43.3465226Z" duration="0.001747" asserts="0">
                    <failure>
                      <message><![CDATA[System.MissingMethodException : Method not found: 'System.Guid System.Guid.CreateVersion7()'.]]></message>
                      <stack-trace><![CDATA[   at Centazio.Core.Ctl.Entities.StagedEntity.Create(SystemName system, SystemEntityTypeName systype, DateTime staged, ValidString data, StagedEntityChecksum checksum)
   at Centazio.Core.Stage.AbstractStagedEntityRepository.<>c__DisplayClass7_0.<Stage>b__0(String data) in C:\dev\projects\internal_projects\centazio3\src\Centazio.Core\Stage\StagedEntityRepository.cs:line 39
   at System.Linq.Enumerable.SelectEnumerableIterator`2.ToList()
   at System.Linq.Enumerable.ToList[TSource](IEnumerable`1 source)
   at Centazio.Core.Stage.AbstractStagedEntityRepository.Stage(SystemName system, SystemEntityTypeName systype, List`1 datas) in C:\dev\projects\internal_projects\centazio3\src\Centazio.Core\Stage\StagedEntityRepository.cs:line 39
   at Centazio.Test.Lib.BaseProviderTests.BaseStagedEntityRepositoryTests.Test_delete_large_batch() in C:\dev\projects\internal_projects\centazio3\src\Centazio.Test.Lib\BaseProviderTests\BaseStagedEntityRepositoryTests.cs:line 271
   at NUnit.Framework.Internal.TaskAwaitAdapter.GenericAdapter`1.GetResult()
   at NUnit.Framework.Internal.AsyncToSyncAdapter.Await[TResult](Func`1 invoke)
   at NUnit.Framework.Internal.AsyncToSyncAdapter.Await(Func`1 invoke)
   at NUnit.Framework.Internal.Commands.TestMethodCommand.RunTestMethod(TestExecutionContext context)
   at NUnit.Framework.Internal.Commands.TestMethodCommand.Execute(TestExecutionContext context)
   at NUnit.Framework.Internal.Commands.BeforeAndAfterTestCommand.<>c__DisplayClass1_0.<Execute>b__0()
   at NUnit.Framework.Internal.Commands.DelegatingTestCommand.RunTestMethodInThreadAbortSafeZone(TestExecutionContext context, Action action)]]></stack-trace>
                    </failure>
                  </test-case>
                  <test-case id="57-1026" name="Test_delete_promoted_before" fullname="Centazio.Core.Tests.Stage.InMemoryStagedEntityRepositoryTests.Test_delete_promoted_before" methodname="Test_delete_promoted_before" classname="Centazio.Test.Lib.BaseProviderTests.BaseStagedEntityRepositoryTests" runstate="Runnable" seed="91949779" result="Failed" label="Error" start-time="2024-10-27T22:05:43.3465372Z" end-time="2024-10-27T22:05:43.3493298Z" duration="0.002793" asserts="0">
                    <failure>
                      <message><![CDATA[System.MissingMethodException : Method not found: 'System.Guid System.Guid.CreateVersion7()'.]]></message>
                      <stack-trace><![CDATA[   at Centazio.Core.Ctl.Entities.StagedEntity.Create(SystemName system, SystemEntityTypeName systype, DateTime staged, ValidString data, StagedEntityChecksum checksum)
   at Centazio.Core.Stage.AbstractStagedEntityRepository.<>c__DisplayClass7_0.<Stage>b__0(String data) in C:\dev\projects\internal_projects\centazio3\src\Centazio.Core\Stage\StagedEntityRepository.cs:line 39
   at System.Linq.Enumerable.SelectEnumerableIterator`2.ToList()
   at System.Linq.Enumerable.ToList[TSource](IEnumerable`1 source)
   at Centazio.Core.Stage.AbstractStagedEntityRepository.Stage(SystemName system, SystemEntityTypeName systype, List`1 datas) in C:\dev\projects\internal_projects\centazio3\src\Centazio.Core\Stage\StagedEntityRepository.cs:line 39
   at Centazio.Core.Stage.AbstractStagedEntityRepository.Stage(SystemName system, SystemEntityTypeName systype, String data) in C:\dev\projects\internal_projects\centazio3\src\Centazio.Core\Stage\StagedEntityRepository.cs:line 33
   at Centazio.Test.Lib.BaseProviderTests.BaseStagedEntityRepositoryTests.Test_delete_promoted_before() in C:\dev\projects\internal_projects\centazio3\src\Centazio.Test.Lib\BaseProviderTests\BaseStagedEntityRepositoryTests.cs:line 280
   at NUnit.Framework.Internal.TaskAwaitAdapter.GenericAdapter`1.GetResult()
   at NUnit.Framework.Internal.AsyncToSyncAdapter.Await[TResult](Func`1 invoke)
   at NUnit.Framework.Internal.AsyncToSyncAdapter.Await(Func`1 invoke)
   at NUnit.Framework.Internal.Commands.TestMethodCommand.RunTestMethod(TestExecutionContext context)
   at NUnit.Framework.Internal.Commands.TestMethodCommand.Execute(TestExecutionContext context)
   at NUnit.Framework.Internal.Commands.BeforeAndAfterTestCommand.<>c__DisplayClass1_0.<Execute>b__0()
   at NUnit.Framework.Internal.Commands.DelegatingTestCommand.RunTestMethodInThreadAbortSafeZone(TestExecutionContext context, Action action)]]></stack-trace>
                    </failure>
                  </test-case>
                  <test-case id="57-1024" name="Test_delete_staged_before" fullname="Centazio.Core.Tests.Stage.InMemoryStagedEntityRepositoryTests.Test_delete_staged_before" methodname="Test_delete_staged_before" classname="Centazio.Test.Lib.BaseProviderTests.BaseStagedEntityRepositoryTests" runstate="Runnable" seed="599824870" result="Failed" label="Error" start-time="2024-10-27T22:05:43.3493458Z" end-time="2024-10-27T22:05:43.3511622Z" duration="0.001816" asserts="0">
                    <failure>
                      <message><![CDATA[System.MissingMethodException : Method not found: 'System.Guid System.Guid.CreateVersion7()'.]]></message>
                      <stack-trace><![CDATA[   at Centazio.Core.Ctl.Entities.StagedEntity.Create(SystemName system, SystemEntityTypeName systype, DateTime staged, ValidString data, StagedEntityChecksum checksum)
   at Centazio.Core.Stage.AbstractStagedEntityRepository.<>c__DisplayClass7_0.<Stage>b__0(String data) in C:\dev\projects\internal_projects\centazio3\src\Centazio.Core\Stage\StagedEntityRepository.cs:line 39
   at System.Linq.Enumerable.SelectEnumerableIterator`2.ToList()
   at System.Linq.Enumerable.ToList[TSource](IEnumerable`1 source)
   at Centazio.Core.Stage.AbstractStagedEntityRepository.Stage(SystemName system, SystemEntityTypeName systype, List`1 datas) in C:\dev\projects\internal_projects\centazio3\src\Centazio.Core\Stage\StagedEntityRepository.cs:line 39
   at Centazio.Core.Stage.AbstractStagedEntityRepository.Stage(SystemName system, SystemEntityTypeName systype, String data) in C:\dev\projects\internal_projects\centazio3\src\Centazio.Core\Stage\StagedEntityRepository.cs:line 33
   at Centazio.Test.Lib.BaseProviderTests.BaseStagedEntityRepositoryTests.Test_delete_staged_before() in C:\dev\projects\internal_projects\centazio3\src\Centazio.Test.Lib\BaseProviderTests\BaseStagedEntityRepositoryTests.cs:line 247
   at NUnit.Framework.Internal.TaskAwaitAdapter.GenericAdapter`1.GetResult()
   at NUnit.Framework.Internal.AsyncToSyncAdapter.Await[TResult](Func`1 invoke)
   at NUnit.Framework.Internal.AsyncToSyncAdapter.Await(Func`1 invoke)
   at NUnit.Framework.Internal.Commands.TestMethodCommand.RunTestMethod(TestExecutionContext context)
   at NUnit.Framework.Internal.Commands.TestMethodCommand.Execute(TestExecutionContext context)
   at NUnit.Framework.Internal.Commands.BeforeAndAfterTestCommand.<>c__DisplayClass1_0.<Execute>b__0()
   at NUnit.Framework.Internal.Commands.DelegatingTestCommand.RunTestMethodInThreadAbortSafeZone(TestExecutionContext context, Action action)]]></stack-trace>
                    </failure>
                  </test-case>
                  <test-case id="57-1020" name="Test_get_returns_expected" fullname="Centazio.Core.Tests.Stage.InMemoryStagedEntityRepositoryTests.Test_get_returns_expected" methodname="Test_get_returns_expected" classname="Centazio.Test.Lib.BaseProviderTests.BaseStagedEntityRepositoryTests" runstate="Runnable" seed="1088437081" result="Failed" label="Error" start-time="2024-10-27T22:05:43.3511763Z" end-time="2024-10-27T22:05:43.3527904Z" duration="0.001614" asserts="0">
                    <failure>
                      <message><![CDATA[System.MissingMethodException : Method not found: 'System.TimeSpan System.TimeSpan.FromSeconds(Int64)'.]]></message>
                      <stack-trace><![CDATA[   at Centazio.Test.Lib.TestingUtcDate.Tick(Nullable`1 interval)
   at Centazio.Test.Lib.BaseProviderTests.BaseStagedEntityRepositoryTests.Test_get_returns_expected() in C:\dev\projects\internal_projects\centazio3\src\Centazio.Test.Lib\BaseProviderTests\BaseStagedEntityRepositoryTests.cs:line 140
   at NUnit.Framework.Internal.TaskAwaitAdapter.GenericAdapter`1.GetResult()
   at NUnit.Framework.Internal.AsyncToSyncAdapter.Await[TResult](Func`1 invoke)
   at NUnit.Framework.Internal.AsyncToSyncAdapter.Await(Func`1 invoke)
   at NUnit.Framework.Internal.Commands.TestMethodCommand.RunTestMethod(TestExecutionContext context)
   at NUnit.Framework.Internal.Commands.TestMethodCommand.Execute(TestExecutionContext context)
   at NUnit.Framework.Internal.Commands.BeforeAndAfterTestCommand.<>c__DisplayClass1_0.<Execute>b__0()
   at NUnit.Framework.Internal.Commands.DelegatingTestCommand.RunTestMethodInThreadAbortSafeZone(TestExecutionContext context, Action action)]]></stack-trace>
                    </failure>
                  </test-case>
                  <test-case id="57-1022" name="Test_get_returns_expected_with_ignores" fullname="Centazio.Core.Tests.Stage.InMemoryStagedEntityRepositoryTests.Test_get_returns_expected_with_ignores" methodname="Test_get_returns_expected_with_ignores" classname="Centazio.Test.Lib.BaseProviderTests.BaseStagedEntityRepositoryTests" runstate="Runnable" seed="506479581" result="Failed" label="Error" start-time="2024-10-27T22:05:43.3528044Z" end-time="2024-10-27T22:05:43.3548181Z" duration="0.002014" asserts="0">
                    <failure>
                      <message><![CDATA[System.MissingMethodException : Method not found: 'System.TimeSpan System.TimeSpan.FromSeconds(Int64)'.]]></message>
                      <stack-trace><![CDATA[   at Centazio.Test.Lib.TestingUtcDate.Tick(Nullable`1 interval)
   at Centazio.Test.Lib.BaseProviderTests.BaseStagedEntityRepositoryTests.Test_get_returns_expected_with_ignores() in C:\dev\projects\internal_projects\centazio3\src\Centazio.Test.Lib\BaseProviderTests\BaseStagedEntityRepositoryTests.cs:line 174
   at NUnit.Framework.Internal.TaskAwaitAdapter.GenericAdapter`1.GetResult()
   at NUnit.Framework.Internal.AsyncToSyncAdapter.Await[TResult](Func`1 invoke)
   at NUnit.Framework.Internal.AsyncToSyncAdapter.Await(Func`1 invoke)
   at NUnit.Framework.Internal.Commands.TestMethodCommand.RunTestMethod(TestExecutionContext context)
   at NUnit.Framework.Internal.Commands.TestMethodCommand.Execute(TestExecutionContext context)
   at NUnit.Framework.Internal.Commands.BeforeAndAfterTestCommand.<>c__DisplayClass1_0.<Execute>b__0()
   at NUnit.Framework.Internal.Commands.DelegatingTestCommand.RunTestMethodInThreadAbortSafeZone(TestExecutionContext context, Action action)]]></stack-trace>
                    </failure>
                  </test-case>
                  <test-case id="57-1016" name="Test_get_returns_in_sorted_order" fullname="Centazio.Core.Tests.Stage.InMemoryStagedEntityRepositoryTests.Test_get_returns_in_sorted_order" methodname="Test_get_returns_in_sorted_order" classname="Centazio.Test.Lib.BaseProviderTests.BaseStagedEntityRepositoryTests" runstate="Runnable" seed="1770947575" result="Failed" label="Error" start-time="2024-10-27T22:05:43.3548321Z" end-time="2024-10-27T22:05:43.3571269Z" duration="0.002295" asserts="0">
                    <failure>
                      <message><![CDATA[System.MissingMethodException : Method not found: 'System.TimeSpan System.TimeSpan.FromSeconds(Int64)'.]]></message>
                      <stack-trace><![CDATA[   at Centazio.Test.Lib.TestingUtcDate.Tick(Nullable`1 interval)
   at Centazio.Test.Lib.BaseProviderTests.BaseStagedEntityRepositoryTests.<Test_get_returns_in_sorted_order>b__10_0(Int32 _) in C:\dev\projects\internal_projects\centazio3\src\Centazio.Test.Lib\BaseProviderTests\BaseStagedEntityRepositoryTests.cs:line 61
   at System.Linq.Enumerable.SelectRangeIterator`1.Fill(Span`1 results, Int32 start, Func`2 func)
   at System.Linq.Enumerable.SelectRangeIterator`1.ToList()
   at System.Linq.Enumerable.ToList[TSource](IEnumerable`1 source)
   at Centazio.Test.Lib.BaseProviderTests.BaseStagedEntityRepositoryTests.Test_get_returns_in_sorted_order() in C:\dev\projects\internal_projects\centazio3\src\Centazio.Test.Lib\BaseProviderTests\BaseStagedEntityRepositoryTests.cs:line 61
   at NUnit.Framework.Internal.TaskAwaitAdapter.GenericAdapter`1.GetResult()
   at NUnit.Framework.Internal.AsyncToSyncAdapter.Await[TResult](Func`1 invoke)
   at NUnit.Framework.Internal.AsyncToSyncAdapter.Await(Func`1 invoke)
   at NUnit.Framework.Internal.Commands.TestMethodCommand.RunTestMethod(TestExecutionContext context)
   at NUnit.Framework.Internal.Commands.TestMethodCommand.Execute(TestExecutionContext context)
   at NUnit.Framework.Internal.Commands.BeforeAndAfterTestCommand.<>c__DisplayClass1_0.<Execute>b__0()
   at NUnit.Framework.Internal.Commands.DelegatingTestCommand.RunTestMethodInThreadAbortSafeZone(TestExecutionContext context, Action action)]]></stack-trace>
                    </failure>
                  </test-case>
                  <test-case id="57-1017" name="Test_get_returns_in_sorted_order_with_limit" fullname="Centazio.Core.Tests.Stage.InMemoryStagedEntityRepositoryTests.Test_get_returns_in_sorted_order_with_limit" methodname="Test_get_returns_in_sorted_order_with_limit" classname="Centazio.Test.Lib.BaseProviderTests.BaseStagedEntityRepositoryTests" runstate="Runnable" seed="1189694745" result="Failed" label="Error" start-time="2024-10-27T22:05:43.3571412Z" end-time="2024-10-27T22:05:43.3580564Z" duration="0.000915" asserts="0">
                    <failure>
                      <message><![CDATA[System.MissingMethodException : Method not found: 'System.TimeSpan System.TimeSpan.FromSeconds(Int64)'.]]></message>
                      <stack-trace><![CDATA[   at Centazio.Test.Lib.TestingUtcDate.Tick(Nullable`1 interval)
   at Centazio.Test.Lib.BaseProviderTests.BaseStagedEntityRepositoryTests.<Test_get_returns_in_sorted_order_with_limit>b__11_0(Int32 _) in C:\dev\projects\internal_projects\centazio3\src\Centazio.Test.Lib\BaseProviderTests\BaseStagedEntityRepositoryTests.cs:line 76
   at System.Linq.Enumerable.SelectRangeIterator`1.Fill(Span`1 results, Int32 start, Func`2 func)
   at System.Linq.Enumerable.SelectRangeIterator`1.ToList()
   at System.Linq.Enumerable.ToList[TSource](IEnumerable`1 source)
   at Centazio.Test.Lib.BaseProviderTests.BaseStagedEntityRepositoryTests.Test_get_returns_in_sorted_order_with_limit() in C:\dev\projects\internal_projects\centazio3\src\Centazio.Test.Lib\BaseProviderTests\BaseStagedEntityRepositoryTests.cs:line 76
   at NUnit.Framework.Internal.TaskAwaitAdapter.GenericAdapter`1.GetResult()
   at NUnit.Framework.Internal.AsyncToSyncAdapter.Await[TResult](Func`1 invoke)
   at NUnit.Framework.Internal.AsyncToSyncAdapter.Await(Func`1 invoke)
   at NUnit.Framework.Internal.Commands.TestMethodCommand.RunTestMethod(TestExecutionContext context)
   at NUnit.Framework.Internal.Commands.TestMethodCommand.Execute(TestExecutionContext context)
   at NUnit.Framework.Internal.Commands.BeforeAndAfterTestCommand.<>c__DisplayClass1_0.<Execute>b__0()
   at NUnit.Framework.Internal.Commands.DelegatingTestCommand.RunTestMethodInThreadAbortSafeZone(TestExecutionContext context, Action action)]]></stack-trace>
                    </failure>
                  </test-case>
                  <test-case id="57-1023" name="Test_get_returns_oldest_first_page_as_expected" fullname="Centazio.Core.Tests.Stage.InMemoryStagedEntityRepositoryTests.Test_get_returns_oldest_first_page_as_expected" methodname="Test_get_returns_oldest_first_page_as_expected" classname="Centazio.Test.Lib.BaseProviderTests.BaseStagedEntityRepositoryTests" runstate="Runnable" seed="1378473485" result="Failed" label="Error" start-time="2024-10-27T22:05:43.3580701Z" end-time="2024-10-27T22:05:43.3592561Z" duration="0.001186" asserts="0">
                    <failure>
                      <message><![CDATA[System.MissingMethodException : Method not found: 'System.TimeSpan System.TimeSpan.FromSeconds(Int64)'.]]></message>
                      <stack-trace><![CDATA[   at Centazio.Test.Lib.TestingUtcDate.Tick(Nullable`1 interval)
   at Centazio.Test.Lib.BaseProviderTests.BaseStagedEntityRepositoryTests.Test_get_returns_oldest_first_page_as_expected() in C:\dev\projects\internal_projects\centazio3\src\Centazio.Test.Lib\BaseProviderTests\BaseStagedEntityRepositoryTests.cs:line 222
   at NUnit.Framework.Internal.TaskAwaitAdapter.GenericAdapter`1.GetResult()
   at NUnit.Framework.Internal.AsyncToSyncAdapter.Await[TResult](Func`1 invoke)
   at NUnit.Framework.Internal.AsyncToSyncAdapter.Await(Func`1 invoke)
   at NUnit.Framework.Internal.Commands.TestMethodCommand.RunTestMethod(TestExecutionContext context)
   at NUnit.Framework.Internal.Commands.TestMethodCommand.Execute(TestExecutionContext context)
   at NUnit.Framework.Internal.Commands.BeforeAndAfterTestCommand.<>c__DisplayClass1_0.<Execute>b__0()
   at NUnit.Framework.Internal.Commands.DelegatingTestCommand.RunTestMethodInThreadAbortSafeZone(TestExecutionContext context, Action action)]]></stack-trace>
                    </failure>
                  </test-case>
                  <test-case id="57-1029" name="Test_GetAll_GetUnpromoted_respect_DatePromoted_state" fullname="Centazio.Core.Tests.Stage.InMemoryStagedEntityRepositoryTests.Test_GetAll_GetUnpromoted_respect_DatePromoted_state" methodname="Test_GetAll_GetUnpromoted_respect_DatePromoted_state" classname="Centazio.Test.Lib.BaseProviderTests.BaseStagedEntityRepositoryTests" runstate="Runnable" seed="2042729109" result="Failed" label="Error" start-time="2024-10-27T22:05:43.3592699Z" end-time="2024-10-27T22:05:43.3603870Z" duration="0.001117" asserts="0">
                    <failure>
                      <message><![CDATA[System.MissingMethodException : Method not found: 'System.Guid System.Guid.CreateVersion7()'.]]></message>
                      <stack-trace><![CDATA[   at Centazio.Core.Ctl.Entities.StagedEntity.Create(SystemName system, SystemEntityTypeName systype, DateTime staged, ValidString data, StagedEntityChecksum checksum)
   at Centazio.Core.Stage.AbstractStagedEntityRepository.<>c__DisplayClass7_0.<Stage>b__0(String data) in C:\dev\projects\internal_projects\centazio3\src\Centazio.Core\Stage\StagedEntityRepository.cs:line 39
   at System.Linq.Enumerable.SelectEnumerableIterator`2.ToList()
   at System.Linq.Enumerable.ToList[TSource](IEnumerable`1 source)
   at Centazio.Core.Stage.AbstractStagedEntityRepository.Stage(SystemName system, SystemEntityTypeName systype, List`1 datas) in C:\dev\projects\internal_projects\centazio3\src\Centazio.Core\Stage\StagedEntityRepository.cs:line 39
   at Centazio.Core.Stage.AbstractStagedEntityRepository.Stage(SystemName system, SystemEntityTypeName systype, String data) in C:\dev\projects\internal_projects\centazio3\src\Centazio.Core\Stage\StagedEntityRepository.cs:line 33
   at Centazio.Test.Lib.BaseProviderTests.BaseStagedEntityRepositoryTests.Test_GetAll_GetUnpromoted_respect_DatePromoted_state() in C:\dev\projects\internal_projects\centazio3\src\Centazio.Test.Lib\BaseProviderTests\BaseStagedEntityRepositoryTests.cs:line 334
   at NUnit.Framework.Internal.TaskAwaitAdapter.GenericAdapter`1.GetResult()
   at NUnit.Framework.Internal.AsyncToSyncAdapter.Await[TResult](Func`1 invoke)
   at NUnit.Framework.Internal.AsyncToSyncAdapter.Await(Func`1 invoke)
   at NUnit.Framework.Internal.Commands.TestMethodCommand.RunTestMethod(TestExecutionContext context)
   at NUnit.Framework.Internal.Commands.TestMethodCommand.Execute(TestExecutionContext context)
   at NUnit.Framework.Internal.Commands.BeforeAndAfterTestCommand.<>c__DisplayClass1_0.<Execute>b__0()
   at NUnit.Framework.Internal.Commands.DelegatingTestCommand.RunTestMethodInThreadAbortSafeZone(TestExecutionContext context, Action action)]]></stack-trace>
                    </failure>
                  </test-case>
                  <test-case id="57-1015" name="Test_saving_multiple_entities" fullname="Centazio.Core.Tests.Stage.InMemoryStagedEntityRepositoryTests.Test_saving_multiple_entities" methodname="Test_saving_multiple_entities" classname="Centazio.Test.Lib.BaseProviderTests.BaseStagedEntityRepositoryTests" runstate="Runnable" seed="44374421" result="Failed" label="Error" start-time="2024-10-27T22:05:43.3604011Z" end-time="2024-10-27T22:05:43.3633390Z" duration="0.002938" asserts="0">
                    <failure>
                      <message><![CDATA[System.MissingMethodException : Method not found: 'System.Guid System.Guid.CreateVersion7()'.]]></message>
                      <stack-trace><![CDATA[   at Centazio.Core.Ctl.Entities.StagedEntity.Create(SystemName system, SystemEntityTypeName systype, DateTime staged, ValidString data, StagedEntityChecksum checksum)
   at Centazio.Core.Stage.AbstractStagedEntityRepository.<>c__DisplayClass7_0.<Stage>b__0(String data) in C:\dev\projects\internal_projects\centazio3\src\Centazio.Core\Stage\StagedEntityRepository.cs:line 39
   at System.Linq.Enumerable.SelectEnumerableIterator`2.ToList()
   at System.Linq.Enumerable.ToList[TSource](IEnumerable`1 source)
   at Centazio.Core.Stage.AbstractStagedEntityRepository.Stage(SystemName system, SystemEntityTypeName systype, List`1 datas) in C:\dev\projects\internal_projects\centazio3\src\Centazio.Core\Stage\StagedEntityRepository.cs:line 39
   at Centazio.Test.Lib.BaseProviderTests.BaseStagedEntityRepositoryTests.Test_saving_multiple_entities() in C:\dev\projects\internal_projects\centazio3\src\Centazio.Test.Lib\BaseProviderTests\BaseStagedEntityRepositoryTests.cs:line 46
   at NUnit.Framework.Internal.TaskAwaitAdapter.GenericAdapter`1.GetResult()
   at NUnit.Framework.Internal.AsyncToSyncAdapter.Await[TResult](Func`1 invoke)
   at NUnit.Framework.Internal.AsyncToSyncAdapter.Await(Func`1 invoke)
   at NUnit.Framework.Internal.Commands.TestMethodCommand.RunTestMethod(TestExecutionContext context)
   at NUnit.Framework.Internal.Commands.TestMethodCommand.Execute(TestExecutionContext context)
   at NUnit.Framework.Internal.Commands.BeforeAndAfterTestCommand.<>c__DisplayClass1_0.<Execute>b__0()
   at NUnit.Framework.Internal.Commands.DelegatingTestCommand.RunTestMethodInThreadAbortSafeZone(TestExecutionContext context, Action action)]]></stack-trace>
                    </failure>
                  </test-case>
                  <test-case id="57-1019" name="Test_saving_multiple_large_entities" fullname="Centazio.Core.Tests.Stage.InMemoryStagedEntityRepositoryTests.Test_saving_multiple_large_entities" methodname="Test_saving_multiple_large_entities" classname="Centazio.Test.Lib.BaseProviderTests.BaseStagedEntityRepositoryTests" runstate="Runnable" seed="1018432668" result="Failed" label="Error" start-time="2024-10-27T22:05:43.3633532Z" end-time="2024-10-27T22:05:43.3652348Z" duration="0.001882" asserts="0">
                    <failure>
                      <message><![CDATA[System.MissingMethodException : Method not found: 'System.Guid System.Guid.CreateVersion7()'.]]></message>
                      <stack-trace><![CDATA[   at Centazio.Core.Ctl.Entities.StagedEntity.Create(SystemName system, SystemEntityTypeName systype, DateTime staged, ValidString data, StagedEntityChecksum checksum)
   at Centazio.Core.Stage.AbstractStagedEntityRepository.<>c__DisplayClass7_0.<Stage>b__0(String data) in C:\dev\projects\internal_projects\centazio3\src\Centazio.Core\Stage\StagedEntityRepository.cs:line 39
   at System.Linq.Enumerable.SelectEnumerableIterator`2.ToList()
   at System.Linq.Enumerable.ToList[TSource](IEnumerable`1 source)
   at Centazio.Core.Stage.AbstractStagedEntityRepository.Stage(SystemName system, SystemEntityTypeName systype, List`1 datas) in C:\dev\projects\internal_projects\centazio3\src\Centazio.Core\Stage\StagedEntityRepository.cs:line 39
   at Centazio.Test.Lib.BaseProviderTests.BaseStagedEntityRepositoryTests.Test_saving_multiple_large_entities() in C:\dev\projects\internal_projects\centazio3\src\Centazio.Test.Lib\BaseProviderTests\BaseStagedEntityRepositoryTests.cs:line 114
   at NUnit.Framework.Internal.TaskAwaitAdapter.GenericAdapter`1.GetResult()
   at NUnit.Framework.Internal.AsyncToSyncAdapter.Await[TResult](Func`1 invoke)
   at NUnit.Framework.Internal.AsyncToSyncAdapter.Await(Func`1 invoke)
   at NUnit.Framework.Internal.Commands.TestMethodCommand.RunTestMethod(TestExecutionContext context)
   at NUnit.Framework.Internal.Commands.TestMethodCommand.Execute(TestExecutionContext context)
   at NUnit.Framework.Internal.Commands.BeforeAndAfterTestCommand.<>c__DisplayClass1_0.<Execute>b__0()
   at NUnit.Framework.Internal.Commands.DelegatingTestCommand.RunTestMethodInThreadAbortSafeZone(TestExecutionContext context, Action action)]]></stack-trace>
                    </failure>
                  </test-case>
                  <test-case id="57-1013" name="Test_saving_single_entity" fullname="Centazio.Core.Tests.Stage.InMemoryStagedEntityRepositoryTests.Test_saving_single_entity" methodname="Test_saving_single_entity" classname="Centazio.Test.Lib.BaseProviderTests.BaseStagedEntityRepositoryTests" runstate="Runnable" seed="1416537031" result="Failed" label="Error" start-time="2024-10-27T22:05:43.3652519Z" end-time="2024-10-27T22:05:43.3661949Z" duration="0.000943" asserts="0">
                    <failure>
                      <message><![CDATA[System.MissingMethodException : Method not found: 'System.Guid System.Guid.CreateVersion7()'.]]></message>
                      <stack-trace><![CDATA[   at Centazio.Core.Ctl.Entities.StagedEntity.Create(SystemName system, SystemEntityTypeName systype, DateTime staged, ValidString data, StagedEntityChecksum checksum)
   at Centazio.Core.Stage.AbstractStagedEntityRepository.<>c__DisplayClass7_0.<Stage>b__0(String data) in C:\dev\projects\internal_projects\centazio3\src\Centazio.Core\Stage\StagedEntityRepository.cs:line 39
   at System.Linq.Enumerable.SelectEnumerableIterator`2.ToList()
   at System.Linq.Enumerable.ToList[TSource](IEnumerable`1 source)
   at Centazio.Core.Stage.AbstractStagedEntityRepository.Stage(SystemName system, SystemEntityTypeName systype, List`1 datas) in C:\dev\projects\internal_projects\centazio3\src\Centazio.Core\Stage\StagedEntityRepository.cs:line 39
   at Centazio.Core.Stage.AbstractStagedEntityRepository.Stage(SystemName system, SystemEntityTypeName systype, String data) in C:\dev\projects\internal_projects\centazio3\src\Centazio.Core\Stage\StagedEntityRepository.cs:line 33
   at Centazio.Test.Lib.BaseProviderTests.BaseStagedEntityRepositoryTests.Test_saving_single_entity() in C:\dev\projects\internal_projects\centazio3\src\Centazio.Test.Lib\BaseProviderTests\BaseStagedEntityRepositoryTests.cs:line 27
   at NUnit.Framework.Internal.TaskAwaitAdapter.GenericAdapter`1.GetResult()
   at NUnit.Framework.Internal.AsyncToSyncAdapter.Await[TResult](Func`1 invoke)
   at NUnit.Framework.Internal.AsyncToSyncAdapter.Await(Func`1 invoke)
   at NUnit.Framework.Internal.Commands.TestMethodCommand.RunTestMethod(TestExecutionContext context)
   at NUnit.Framework.Internal.Commands.TestMethodCommand.Execute(TestExecutionContext context)
   at NUnit.Framework.Internal.Commands.BeforeAndAfterTestCommand.<>c__DisplayClass1_0.<Execute>b__0()
   at NUnit.Framework.Internal.Commands.DelegatingTestCommand.RunTestMethodInThreadAbortSafeZone(TestExecutionContext context, Action action)]]></stack-trace>
                    </failure>
                  </test-case>
                  <test-case id="57-1021" name="Test_single_ignore_update" fullname="Centazio.Core.Tests.Stage.InMemoryStagedEntityRepositoryTests.Test_single_ignore_update" methodname="Test_single_ignore_update" classname="Centazio.Test.Lib.BaseProviderTests.BaseStagedEntityRepositoryTests" runstate="Runnable" seed="2037282042" result="Failed" label="Error" start-time="2024-10-27T22:05:43.3662124Z" end-time="2024-10-27T22:05:43.3671157Z" duration="0.000903" asserts="0">
                    <failure>
                      <message><![CDATA[System.MissingMethodException : Method not found: 'System.Guid System.Guid.CreateVersion7()'.]]></message>
                      <stack-trace><![CDATA[   at Centazio.Core.Ctl.Entities.StagedEntity.Create(SystemName system, SystemEntityTypeName systype, DateTime staged, ValidString data, StagedEntityChecksum checksum)
   at Centazio.Core.Stage.AbstractStagedEntityRepository.<>c__DisplayClass7_0.<Stage>b__0(String data) in C:\dev\projects\internal_projects\centazio3\src\Centazio.Core\Stage\StagedEntityRepository.cs:line 39
   at System.Linq.Enumerable.SelectEnumerableIterator`2.ToList()
   at System.Linq.Enumerable.ToList[TSource](IEnumerable`1 source)
   at Centazio.Core.Stage.AbstractStagedEntityRepository.Stage(SystemName system, SystemEntityTypeName systype, List`1 datas) in C:\dev\projects\internal_projects\centazio3\src\Centazio.Core\Stage\StagedEntityRepository.cs:line 39
   at Centazio.Core.Stage.AbstractStagedEntityRepository.Stage(SystemName system, SystemEntityTypeName systype, String data) in C:\dev\projects\internal_projects\centazio3\src\Centazio.Core\Stage\StagedEntityRepository.cs:line 33
   at Centazio.Test.Lib.BaseProviderTests.BaseStagedEntityRepositoryTests.Test_single_ignore_update() in C:\dev\projects\internal_projects\centazio3\src\Centazio.Test.Lib\BaseProviderTests\BaseStagedEntityRepositoryTests.cs:line 167
   at NUnit.Framework.Internal.TaskAwaitAdapter.GenericAdapter`1.GetResult()
   at NUnit.Framework.Internal.AsyncToSyncAdapter.Await[TResult](Func`1 invoke)
   at NUnit.Framework.Internal.AsyncToSyncAdapter.Await(Func`1 invoke)
   at NUnit.Framework.Internal.Commands.TestMethodCommand.RunTestMethod(TestExecutionContext context)
   at NUnit.Framework.Internal.Commands.TestMethodCommand.Execute(TestExecutionContext context)
   at NUnit.Framework.Internal.Commands.BeforeAndAfterTestCommand.<>c__DisplayClass1_0.<Execute>b__0()
   at NUnit.Framework.Internal.Commands.DelegatingTestCommand.RunTestMethodInThreadAbortSafeZone(TestExecutionContext context, Action action)]]></stack-trace>
                    </failure>
                  </test-case>
                  <test-case id="57-1027" name="Test_stage_single_ignores_duplicates" fullname="Centazio.Core.Tests.Stage.InMemoryStagedEntityRepositoryTests.Test_stage_single_ignores_duplicates" methodname="Test_stage_single_ignores_duplicates" classname="Centazio.Test.Lib.BaseProviderTests.BaseStagedEntityRepositoryTests" runstate="Runnable" seed="997243470" result="Failed" label="Error" start-time="2024-10-27T22:05:43.3671314Z" end-time="2024-10-27T22:05:43.3680524Z" duration="0.000921" asserts="0">
                    <failure>
                      <message><![CDATA[System.MissingMethodException : Method not found: 'System.TimeSpan System.TimeSpan.FromSeconds(Int64)'.]]></message>
                      <stack-trace><![CDATA[   at Centazio.Test.Lib.TestingUtcDate.Tick(Nullable`1 interval)
   at Centazio.Test.Lib.BaseProviderTests.BaseStagedEntityRepositoryTests.Test_stage_single_ignores_duplicates() in C:\dev\projects\internal_projects\centazio3\src\Centazio.Test.Lib\BaseProviderTests\BaseStagedEntityRepositoryTests.cs:line 310
   at NUnit.Framework.Internal.TaskAwaitAdapter.GenericAdapter`1.GetResult()
   at NUnit.Framework.Internal.AsyncToSyncAdapter.Await[TResult](Func`1 invoke)
   at NUnit.Framework.Internal.AsyncToSyncAdapter.Await(Func`1 invoke)
   at NUnit.Framework.Internal.Commands.TestMethodCommand.RunTestMethod(TestExecutionContext context)
   at NUnit.Framework.Internal.Commands.TestMethodCommand.Execute(TestExecutionContext context)
   at NUnit.Framework.Internal.Commands.BeforeAndAfterTestCommand.<>c__DisplayClass1_0.<Execute>b__0()
   at NUnit.Framework.Internal.Commands.DelegatingTestCommand.RunTestMethodInThreadAbortSafeZone(TestExecutionContext context, Action action)]]></stack-trace>
                    </failure>
                  </test-case>
                  <test-case id="57-1028" name="Test_staging_multiple_entities_ignores_duplicates" fullname="Centazio.Core.Tests.Stage.InMemoryStagedEntityRepositoryTests.Test_staging_multiple_entities_ignores_duplicates" methodname="Test_staging_multiple_entities_ignores_duplicates" classname="Centazio.Test.Lib.BaseProviderTests.BaseStagedEntityRepositoryTests" runstate="Runnable" seed="1385416934" result="Failed" label="Error" start-time="2024-10-27T22:05:43.3680664Z" end-time="2024-10-27T22:05:43.3690061Z" duration="0.000940" asserts="0">
                    <failure>
                      <message><![CDATA[System.MissingMethodException : Method not found: 'System.Guid System.Guid.CreateVersion7()'.]]></message>
                      <stack-trace><![CDATA[   at Centazio.Core.Ctl.Entities.StagedEntity.Create(SystemName system, SystemEntityTypeName systype, DateTime staged, ValidString data, StagedEntityChecksum checksum)
   at Centazio.Core.Stage.AbstractStagedEntityRepository.<>c__DisplayClass7_0.<Stage>b__0(String data) in C:\dev\projects\internal_projects\centazio3\src\Centazio.Core\Stage\StagedEntityRepository.cs:line 39
   at System.Linq.Enumerable.SelectEnumerableIterator`2.ToList()
   at System.Linq.Enumerable.ToList[TSource](IEnumerable`1 source)
   at Centazio.Core.Stage.AbstractStagedEntityRepository.Stage(SystemName system, SystemEntityTypeName systype, List`1 datas) in C:\dev\projects\internal_projects\centazio3\src\Centazio.Core\Stage\StagedEntityRepository.cs:line 39
   at Centazio.Test.Lib.BaseProviderTests.BaseStagedEntityRepositoryTests.Test_staging_multiple_entities_ignores_duplicates() in C:\dev\projects\internal_projects\centazio3\src\Centazio.Test.Lib\BaseProviderTests\BaseStagedEntityRepositoryTests.cs:line 325
   at NUnit.Framework.Internal.TaskAwaitAdapter.GenericAdapter`1.GetResult()
   at NUnit.Framework.Internal.AsyncToSyncAdapter.Await[TResult](Func`1 invoke)
   at NUnit.Framework.Internal.AsyncToSyncAdapter.Await(Func`1 invoke)
   at NUnit.Framework.Internal.Commands.TestMethodCommand.RunTestMethod(TestExecutionContext context)
   at NUnit.Framework.Internal.Commands.TestMethodCommand.Execute(TestExecutionContext context)
   at NUnit.Framework.Internal.Commands.BeforeAndAfterTestCommand.<>c__DisplayClass1_0.<Execute>b__0()
   at NUnit.Framework.Internal.Commands.DelegatingTestCommand.RunTestMethodInThreadAbortSafeZone(TestExecutionContext context, Action action)]]></stack-trace>
                    </failure>
                  </test-case>
                  <test-case id="57-1018" name="Test_updating_multiple_entities" fullname="Centazio.Core.Tests.Stage.InMemoryStagedEntityRepositoryTests.Test_updating_multiple_entities" methodname="Test_updating_multiple_entities" classname="Centazio.Test.Lib.BaseProviderTests.BaseStagedEntityRepositoryTests" runstate="Runnable" seed="878706733" result="Failed" label="Error" start-time="2024-10-27T22:05:43.3690201Z" end-time="2024-10-27T22:05:43.3701337Z" duration="0.001114" asserts="0">
                    <failure>
                      <message><![CDATA[System.MissingMethodException : Method not found: 'System.Guid System.Guid.CreateVersion7()'.]]></message>
                      <stack-trace><![CDATA[   at Centazio.Core.Ctl.Entities.StagedEntity.Create(SystemName system, SystemEntityTypeName systype, DateTime staged, ValidString data, StagedEntityChecksum checksum)
   at Centazio.Core.Stage.AbstractStagedEntityRepository.<>c__DisplayClass7_0.<Stage>b__0(String data) in C:\dev\projects\internal_projects\centazio3\src\Centazio.Core\Stage\StagedEntityRepository.cs:line 39
   at System.Linq.Enumerable.SelectEnumerableIterator`2.ToList()
   at System.Linq.Enumerable.ToList[TSource](IEnumerable`1 source)
   at Centazio.Core.Stage.AbstractStagedEntityRepository.Stage(SystemName system, SystemEntityTypeName systype, List`1 datas) in C:\dev\projects\internal_projects\centazio3\src\Centazio.Core\Stage\StagedEntityRepository.cs:line 39
   at Centazio.Test.Lib.BaseProviderTests.BaseStagedEntityRepositoryTests.Test_updating_multiple_entities() in C:\dev\projects\internal_projects\centazio3\src\Centazio.Test.Lib\BaseProviderTests\BaseStagedEntityRepositoryTests.cs:line 95
   at NUnit.Framework.Internal.TaskAwaitAdapter.GenericAdapter`1.GetResult()
   at NUnit.Framework.Internal.AsyncToSyncAdapter.Await[TResult](Func`1 invoke)
   at NUnit.Framework.Internal.AsyncToSyncAdapter.Await(Func`1 invoke)
   at NUnit.Framework.Internal.Commands.TestMethodCommand.RunTestMethod(TestExecutionContext context)
   at NUnit.Framework.Internal.Commands.TestMethodCommand.Execute(TestExecutionContext context)
   at NUnit.Framework.Internal.Commands.BeforeAndAfterTestCommand.<>c__DisplayClass1_0.<Execute>b__0()
   at NUnit.Framework.Internal.Commands.DelegatingTestCommand.RunTestMethodInThreadAbortSafeZone(TestExecutionContext context, Action action)]]></stack-trace>
                    </failure>
                  </test-case>
                  <test-case id="57-1014" name="Test_updating_single_entity" fullname="Centazio.Core.Tests.Stage.InMemoryStagedEntityRepositoryTests.Test_updating_single_entity" methodname="Test_updating_single_entity" classname="Centazio.Test.Lib.BaseProviderTests.BaseStagedEntityRepositoryTests" runstate="Runnable" seed="1317809394" result="Failed" label="Error" start-time="2024-10-27T22:05:43.3701478Z" end-time="2024-10-27T22:05:43.3710186Z" duration="0.000871" asserts="0">
                    <failure>
                      <message><![CDATA[System.MissingMethodException : Method not found: 'System.Guid System.Guid.CreateVersion7()'.]]></message>
                      <stack-trace><![CDATA[   at Centazio.Core.Ctl.Entities.StagedEntity.Create(SystemName system, SystemEntityTypeName systype, DateTime staged, ValidString data, StagedEntityChecksum checksum)
   at Centazio.Core.Stage.AbstractStagedEntityRepository.<>c__DisplayClass7_0.<Stage>b__0(String data) in C:\dev\projects\internal_projects\centazio3\src\Centazio.Core\Stage\StagedEntityRepository.cs:line 39
   at System.Linq.Enumerable.SelectEnumerableIterator`2.ToList()
   at System.Linq.Enumerable.ToList[TSource](IEnumerable`1 source)
   at Centazio.Core.Stage.AbstractStagedEntityRepository.Stage(SystemName system, SystemEntityTypeName systype, List`1 datas) in C:\dev\projects\internal_projects\centazio3\src\Centazio.Core\Stage\StagedEntityRepository.cs:line 39
   at Centazio.Core.Stage.AbstractStagedEntityRepository.Stage(SystemName system, SystemEntityTypeName systype, String data) in C:\dev\projects\internal_projects\centazio3\src\Centazio.Core\Stage\StagedEntityRepository.cs:line 33
   at Centazio.Test.Lib.BaseProviderTests.BaseStagedEntityRepositoryTests.Test_updating_single_entity() in C:\dev\projects\internal_projects\centazio3\src\Centazio.Test.Lib\BaseProviderTests\BaseStagedEntityRepositoryTests.cs:line 36
   at NUnit.Framework.Internal.TaskAwaitAdapter.GenericAdapter`1.GetResult()
   at NUnit.Framework.Internal.AsyncToSyncAdapter.Await[TResult](Func`1 invoke)
   at NUnit.Framework.Internal.AsyncToSyncAdapter.Await(Func`1 invoke)
   at NUnit.Framework.Internal.Commands.TestMethodCommand.RunTestMethod(TestExecutionContext context)
   at NUnit.Framework.Internal.Commands.TestMethodCommand.Execute(TestExecutionContext context)
   at NUnit.Framework.Internal.Commands.BeforeAndAfterTestCommand.<>c__DisplayClass1_0.<Execute>b__0()
   at NUnit.Framework.Internal.Commands.DelegatingTestCommand.RunTestMethodInThreadAbortSafeZone(TestExecutionContext context, Action action)]]></stack-trace>
                    </failure>
                  </test-case>
                </test-suite>
                <test-suite type="TestFixture" id="57-1030" name="StagedEntityTests" fullname="Centazio.Core.Tests.Stage.StagedEntityTests" classname="Centazio.Core.Tests.Stage.StagedEntityTests" runstate="Runnable" testcasecount="1" result="Failed" site="Child" start-time="2024-10-27T22:05:43.3710590Z" end-time="2024-10-27T22:05:43.3716517Z" duration="0.000593" total="1" passed="0" failed="1" warnings="0" inconclusive="0" skipped="0" asserts="0">
                  <failure>
                    <message><![CDATA[One or more child tests had errors]]></message>
                  </failure>
                  <test-case id="57-1031" name="Test_initialisation_handles_ignore_correctly" fullname="Centazio.Core.Tests.Stage.StagedEntityTests.Test_initialisation_handles_ignore_correctly" methodname="Test_initialisation_handles_ignore_correctly" classname="Centazio.Core.Tests.Stage.StagedEntityTests" runstate="Runnable" seed="69923538" result="Failed" label="Error" start-time="2024-10-27T22:05:43.3714464Z" end-time="2024-10-27T22:05:43.3716362Z" duration="0.000190" asserts="0">
                    <failure>
                      <message><![CDATA[System.MissingMethodException : Method not found: 'System.Guid System.Guid.CreateVersion7()'.]]></message>
                      <stack-trace><![CDATA[   at Centazio.Core.Tests.Stage.StagedEntityTests.Test_initialisation_handles_ignore_correctly()
   at System.RuntimeMethodHandle.InvokeMethod(Object target, Void** arguments, Signature sig, Boolean isConstructor)
   at System.Reflection.MethodBaseInvoker.InvokeWithNoArgs(Object obj, BindingFlags invokeAttr)]]></stack-trace>
                    </failure>
                  </test-case>
                </test-suite>
              </test-suite>
              <test-suite type="TestFixture" id="57-1003" name="TypesTests" fullname="Centazio.Core.Tests.TypesTests" classname="Centazio.Core.Tests.TypesTests" runstate="Runnable" testcasecount="5" result="Passed" start-time="2024-10-27T22:05:43.3716770Z" end-time="2024-10-27T22:05:43.3732438Z" duration="0.001567" total="5" passed="5" failed="0" warnings="0" inconclusive="0" skipped="0" asserts="18">
                <test-case id="57-1008" name="Test_ObjectName_casting_to_SystemEntityType_and_CoreEntityType" fullname="Centazio.Core.Tests.TypesTests.Test_ObjectName_casting_to_SystemEntityType_and_CoreEntityType" methodname="Test_ObjectName_casting_to_SystemEntityType_and_CoreEntityType" classname="Centazio.Core.Tests.TypesTests" runstate="Runnable" seed="1775956417" result="Passed" start-time="2024-10-27T22:05:43.3717324Z" end-time="2024-10-27T22:05:43.3722327Z" duration="0.000500" asserts="4" />
                <test-case id="57-1007" name="Test_SystemName_conversions" fullname="Centazio.Core.Tests.TypesTests.Test_SystemName_conversions" methodname="Test_SystemName_conversions" classname="Centazio.Core.Tests.TypesTests" runstate="Runnable" seed="1833135693" result="Passed" start-time="2024-10-27T22:05:43.3722562Z" end-time="2024-10-27T22:05:43.3726546Z" duration="0.000399" asserts="8" />
                <test-case id="57-1006" name="Test_ValidString_fails_on_empty" fullname="Centazio.Core.Tests.TypesTests.Test_ValidString_fails_on_empty" methodname="Test_ValidString_fails_on_empty" classname="Centazio.Core.Tests.TypesTests" runstate="Runnable" seed="539725564" result="Passed" start-time="2024-10-27T22:05:43.3726674Z" end-time="2024-10-27T22:05:43.3729148Z" duration="0.000248" asserts="2" />
                <test-case id="57-1005" name="Test_ValidString_fails_on_null" fullname="Centazio.Core.Tests.TypesTests.Test_ValidString_fails_on_null" methodname="Test_ValidString_fails_on_null" classname="Centazio.Core.Tests.TypesTests" runstate="Runnable" seed="1865646389" result="Passed" start-time="2024-10-27T22:05:43.3729278Z" end-time="2024-10-27T22:05:43.3731303Z" duration="0.000203" asserts="2" />
                <test-case id="57-1004" name="Test_ValidString_trims_value" fullname="Centazio.Core.Tests.TypesTests.Test_ValidString_trims_value" methodname="Test_ValidString_trims_value" classname="Centazio.Core.Tests.TypesTests" runstate="Runnable" seed="769356625" result="Passed" start-time="2024-10-27T22:05:43.3731427Z" end-time="2024-10-27T22:05:43.3732332Z" duration="0.000091" asserts="2" />
              </test-suite>
            </test-suite>
          </test-suite>
        </test-suite>
      </test-suite>
    </test-suite>
    <test-suite type="Assembly" id="58-1" name="Centazio.Providers.Aws.dll" fullname="C:\dev\projects\internal_projects\centazio3\src\Centazio.Providers\Centazio.Providers.Aws\bin\Debug\net9.0\Centazio.Providers.Aws.dll" testcasecount="0" runstate="Runnable" result="Skipped" label="NoTests">
      <properties>
        <property name="_SKIPREASON" value="Skipping non-test assembly" />
      </properties>
      <reason>
        <message>Skipping non-test assembly</message>
      </reason>
    </test-suite>
    <test-suite type="Assembly" id="59-1037" name="Centazio.Providers.Aws.Tests.dll" fullname="C:\dev\projects\internal_projects\centazio3\tests\Centazio.Providers.Aws.Tests\bin\Debug\net9.0\Centazio.Providers.Aws.Tests.dll" runstate="Runnable" testcasecount="34" result="Failed" site="Child" start-time="2024-10-27T22:05:43.9688183Z" end-time="2024-10-27T22:05:53.5614213Z" duration="9.592571" total="34" passed="0" failed="34" warnings="0" inconclusive="0" skipped="0" asserts="0">
      <environment framework-version="4.0.1.0" clr-version="8.0.8" os-version="Microsoft Windows 10.0.19045" platform="Win32NT" cwd="C:\dev\projects\internal_projects\centazio3" machine-name="PICNETD113" user="guidot" user-domain="PICNET" culture="en-AU" uiculture="en-GB" os-architecture="x64" />
      <settings>
        <setting name="SkipNonTestAssemblies" value="True" />
        <setting name="DisposeRunners" value="True" />
        <setting name="WorkDirectory" value="C:\dev\projects\internal_projects\centazio3" />
        <setting name="ActiveConfig" value="Debug" />
        <setting name="ConfigNames" value="System.Collections.Generic.List`1[System.String]" />
        <setting name="ImageRuntimeVersion" value="4.0.30319" />
        <setting name="ImageTargetFrameworkName" value=".NETCoreApp,Version=v9.0" />
        <setting name="ImageRequiresX86" value="False" />
        <setting name="ImageRequiresDefaultAppDomainAssemblyResolver" value="False" />
        <setting name="TargetRuntimeFramework" value="netcore-9.0" />
        <setting name="NumberOfTestWorkers" value="8" />
      </settings>
      <properties>
        <property name="_PID" value="25340" />
        <property name="_APPDOMAIN" value="nunit-agent" />
      </properties>
      <failure>
        <message><![CDATA[One or more child tests had errors]]></message>
      </failure>
      <test-suite type="SetUpFixture" id="59-1000" name="[default namespace]" fullname="TestSuiteInitialiser" classname="TestSuiteInitialiser" runstate="Runnable" testcasecount="34" result="Failed" site="Child" start-time="2024-10-27T22:05:43.9722373Z" end-time="2024-10-27T22:05:53.5614171Z" duration="9.589169" total="34" passed="0" failed="34" warnings="0" inconclusive="0" skipped="0" asserts="0">
        <failure>
          <message><![CDATA[One or more child tests had errors]]></message>
        </failure>
        <test-suite type="TestSuite" id="59-1038" name="Centazio" fullname="Centazio" runstate="Runnable" testcasecount="34" result="Failed" site="Child" start-time="2024-10-27T22:05:43.9935658Z" end-time="2024-10-27T22:05:53.5613912Z" duration="9.567815" total="34" passed="0" failed="34" warnings="0" inconclusive="0" skipped="0" asserts="0">
          <failure>
            <message><![CDATA[One or more child tests had errors]]></message>
          </failure>
          <test-suite type="TestSuite" id="59-1039" name="Providers" fullname="Centazio.Providers" runstate="Runnable" testcasecount="34" result="Failed" site="Child" start-time="2024-10-27T22:05:43.9936079Z" end-time="2024-10-27T22:05:53.5613865Z" duration="9.567768" total="34" passed="0" failed="34" warnings="0" inconclusive="0" skipped="0" asserts="0">
            <failure>
              <message><![CDATA[One or more child tests had errors]]></message>
            </failure>
            <test-suite type="TestSuite" id="59-1040" name="Aws" fullname="Centazio.Providers.Aws" runstate="Runnable" testcasecount="34" result="Failed" site="Child" start-time="2024-10-27T22:05:43.9936130Z" end-time="2024-10-27T22:05:53.5613832Z" duration="9.567760" total="34" passed="0" failed="34" warnings="0" inconclusive="0" skipped="0" asserts="0">
              <failure>
                <message><![CDATA[One or more child tests had errors]]></message>
              </failure>
              <test-suite type="TestSuite" id="59-1041" name="Tests" fullname="Centazio.Providers.Aws.Tests" runstate="Runnable" testcasecount="34" result="Failed" site="Child" start-time="2024-10-27T22:05:43.9936158Z" end-time="2024-10-27T22:05:53.5613796Z" duration="9.567753" total="34" passed="0" failed="34" warnings="0" inconclusive="0" skipped="0" asserts="0">
                <failure>
                  <message><![CDATA[One or more child tests had errors]]></message>
                </failure>
                <test-suite type="TestSuite" id="59-1042" name="Stage" fullname="Centazio.Providers.Aws.Tests.Stage" runstate="Runnable" testcasecount="34" result="Failed" site="Child" start-time="2024-10-27T22:05:43.9936187Z" end-time="2024-10-27T22:05:53.5613731Z" duration="9.567744" total="34" passed="0" failed="34" warnings="0" inconclusive="0" skipped="0" asserts="0">
                  <failure>
                    <message><![CDATA[One or more child tests had errors]]></message>
                  </failure>
                  <test-suite type="TestFixture" id="59-1001" name="DynamoStagedEntityRepositoryTests" fullname="Centazio.Providers.Aws.Tests.Stage.DynamoStagedEntityRepositoryTests" classname="Centazio.Providers.Aws.Tests.Stage.DynamoStagedEntityRepositoryTests" runstate="Runnable" testcasecount="17" result="Failed" site="Child" start-time="2024-10-27T22:05:43.9936450Z" end-time="2024-10-27T22:05:50.7212517Z" duration="6.727600" total="17" passed="0" failed="17" warnings="0" inconclusive="0" skipped="0" asserts="0">
                    <failure>
                      <message><![CDATA[One or more child tests had errors]]></message>
                    </failure>
                    <output><![CDATA[[testcontainers.org 00:00:00.88] Connected to Docker:
  Host: npipe://./pipe/docker_engine
  Server Version: 27.1.1
  Kernel Version: 5.15.153.1-microsoft-standard-WSL2
  API Version: 1.46
  Operating System: Docker Desktop
  Total Memory: 1.93 GB
[testcontainers.org 00:00:01.07] Docker container 6b5c9ada4d97 created
[testcontainers.org 00:00:01.11] Start Docker container 6b5c9ada4d97
[testcontainers.org 00:00:03.07] Wait for Docker container 6b5c9ada4d97 to complete readiness checks
[testcontainers.org 00:00:03.07] Docker container 6b5c9ada4d97 ready
[testcontainers.org 00:00:03.16] Docker container 48fd1d20a0cb created
[testcontainers.org 00:00:03.18] Start Docker container 48fd1d20a0cb
[testcontainers.org 00:00:04.49] Wait for Docker container 48fd1d20a0cb to complete readiness checks
[testcontainers.org 00:00:05.75] Docker container 48fd1d20a0cb ready
[testcontainers.org 00:00:05.85] Stop Docker container 48fd1d20a0cb
[testcontainers.org 00:00:06.50] Delete Docker container 48fd1d20a0cb
]]></output>
                    <test-case id="59-1014" name="Test_delete_large_batch" fullname="Centazio.Providers.Aws.Tests.Stage.DynamoStagedEntityRepositoryTests.Test_delete_large_batch" methodname="Test_delete_large_batch" classname="Centazio.Test.Lib.BaseProviderTests.BaseStagedEntityRepositoryTests" runstate="Runnable" seed="1423679668" result="Failed" label="Error" start-time="2024-10-27T22:05:49.9567289Z" end-time="2024-10-27T22:05:50.0399000Z" duration="0.083211" asserts="0">
                      <failure>
                        <message><![CDATA[System.MissingMethodException : Method not found: 'System.TimeSpan System.TimeSpan.FromMilliseconds(Int64, Int64)'.
TearDown : System.NullReferenceException : Object reference not set to an instance of an object.]]></message>
                        <stack-trace><![CDATA[   at Centazio.Providers.Aws.Stage.DynamoStagedEntityRepository.Initalise()
   at System.Runtime.CompilerServices.AsyncMethodBuilderCore.Start[TStateMachine](TStateMachine& stateMachine)
   at Centazio.Providers.Aws.Stage.DynamoStagedEntityRepository.Initalise()
   at Centazio.Providers.Aws.Tests.Stage.DynamoStagedEntityRepositoryTests.GetRepository(Int32 limit, Func`2 checksum) in C:\dev\projects\internal_projects\centazio3\tests\Centazio.Providers.Aws.Tests\Stage\DynamoStagedEntityRepositoryTests.cs:line 27
   at Centazio.Test.Lib.BaseProviderTests.BaseStagedEntityRepositoryTests.SetUp() in C:\dev\projects\internal_projects\centazio3\src\Centazio.Test.Lib\BaseProviderTests\BaseStagedEntityRepositoryTests.cs:line 20
   at NUnit.Framework.Internal.TaskAwaitAdapter.GenericAdapter`1.GetResult()
   at NUnit.Framework.Internal.AsyncToSyncAdapter.Await[TResult](Func`1 invoke)
   at NUnit.Framework.Internal.AsyncToSyncAdapter.Await(Func`1 invoke)
   at NUnit.Framework.Internal.Commands.SetUpTearDownItem.RunSetUpOrTearDownMethod(TestExecutionContext context, IMethodInfo method)
   at NUnit.Framework.Internal.Commands.SetUpTearDownItem.RunSetUp(TestExecutionContext context)
   at NUnit.Framework.Internal.Commands.BeforeAndAfterTestCommand.<>c__DisplayClass1_0.<Execute>b__0()
   at NUnit.Framework.Internal.Commands.DelegatingTestCommand.RunTestMethodInThreadAbortSafeZone(TestExecutionContext context, Action action)
--TearDown
   at Centazio.Test.Lib.BaseProviderTests.BaseStagedEntityRepositoryTests.TearDown() in C:\dev\projects\internal_projects\centazio3\src\Centazio.Test.Lib\BaseProviderTests\BaseStagedEntityRepositoryTests.cs:line 24
   at NUnit.Framework.Internal.TaskAwaitAdapter.GenericAdapter`1.GetResult()
   at NUnit.Framework.Internal.AsyncToSyncAdapter.Await[TResult](Func`1 invoke)
   at NUnit.Framework.Internal.AsyncToSyncAdapter.Await(Func`1 invoke)
   at NUnit.Framework.Internal.Commands.SetUpTearDownItem.RunSetUpOrTearDownMethod(TestExecutionContext context, IMethodInfo method)
   at NUnit.Framework.Internal.Commands.SetUpTearDownItem.RunTearDown(TestExecutionContext context)]]></stack-trace>
                      </failure>
                    </test-case>
                    <test-case id="59-1015" name="Test_delete_promoted_before" fullname="Centazio.Providers.Aws.Tests.Stage.DynamoStagedEntityRepositoryTests.Test_delete_promoted_before" methodname="Test_delete_promoted_before" classname="Centazio.Test.Lib.BaseProviderTests.BaseStagedEntityRepositoryTests" runstate="Runnable" seed="481381561" result="Failed" label="Error" start-time="2024-10-27T22:05:50.0408256Z" end-time="2024-10-27T22:05:50.0416870Z" duration="0.000861" asserts="0">
                      <failure>
                        <message><![CDATA[System.MissingMethodException : Method not found: 'System.TimeSpan System.TimeSpan.FromMilliseconds(Int64, Int64)'.
TearDown : System.NullReferenceException : Object reference not set to an instance of an object.]]></message>
                        <stack-trace><![CDATA[   at Centazio.Providers.Aws.Stage.DynamoStagedEntityRepository.Initalise()
   at System.Runtime.CompilerServices.AsyncMethodBuilderCore.Start[TStateMachine](TStateMachine& stateMachine)
   at Centazio.Providers.Aws.Stage.DynamoStagedEntityRepository.Initalise()
   at Centazio.Providers.Aws.Tests.Stage.DynamoStagedEntityRepositoryTests.GetRepository(Int32 limit, Func`2 checksum) in C:\dev\projects\internal_projects\centazio3\tests\Centazio.Providers.Aws.Tests\Stage\DynamoStagedEntityRepositoryTests.cs:line 27
   at Centazio.Test.Lib.BaseProviderTests.BaseStagedEntityRepositoryTests.SetUp() in C:\dev\projects\internal_projects\centazio3\src\Centazio.Test.Lib\BaseProviderTests\BaseStagedEntityRepositoryTests.cs:line 20
   at NUnit.Framework.Internal.TaskAwaitAdapter.GenericAdapter`1.GetResult()
   at NUnit.Framework.Internal.AsyncToSyncAdapter.Await[TResult](Func`1 invoke)
   at NUnit.Framework.Internal.AsyncToSyncAdapter.Await(Func`1 invoke)
   at NUnit.Framework.Internal.Commands.SetUpTearDownItem.RunSetUpOrTearDownMethod(TestExecutionContext context, IMethodInfo method)
   at NUnit.Framework.Internal.Commands.SetUpTearDownItem.RunSetUp(TestExecutionContext context)
   at NUnit.Framework.Internal.Commands.BeforeAndAfterTestCommand.<>c__DisplayClass1_0.<Execute>b__0()
   at NUnit.Framework.Internal.Commands.DelegatingTestCommand.RunTestMethodInThreadAbortSafeZone(TestExecutionContext context, Action action)
--TearDown
   at Centazio.Test.Lib.BaseProviderTests.BaseStagedEntityRepositoryTests.TearDown() in C:\dev\projects\internal_projects\centazio3\src\Centazio.Test.Lib\BaseProviderTests\BaseStagedEntityRepositoryTests.cs:line 24
   at NUnit.Framework.Internal.TaskAwaitAdapter.GenericAdapter`1.GetResult()
   at NUnit.Framework.Internal.AsyncToSyncAdapter.Await[TResult](Func`1 invoke)
   at NUnit.Framework.Internal.AsyncToSyncAdapter.Await(Func`1 invoke)
   at NUnit.Framework.Internal.Commands.SetUpTearDownItem.RunSetUpOrTearDownMethod(TestExecutionContext context, IMethodInfo method)
   at NUnit.Framework.Internal.Commands.SetUpTearDownItem.RunTearDown(TestExecutionContext context)]]></stack-trace>
                      </failure>
                    </test-case>
                    <test-case id="59-1013" name="Test_delete_staged_before" fullname="Centazio.Providers.Aws.Tests.Stage.DynamoStagedEntityRepositoryTests.Test_delete_staged_before" methodname="Test_delete_staged_before" classname="Centazio.Test.Lib.BaseProviderTests.BaseStagedEntityRepositoryTests" runstate="Runnable" seed="28444589" result="Failed" label="Error" start-time="2024-10-27T22:05:50.0417201Z" end-time="2024-10-27T22:05:50.0422992Z" duration="0.000579" asserts="0">
                      <failure>
                        <message><![CDATA[System.MissingMethodException : Method not found: 'System.TimeSpan System.TimeSpan.FromMilliseconds(Int64, Int64)'.
TearDown : System.NullReferenceException : Object reference not set to an instance of an object.]]></message>
                        <stack-trace><![CDATA[   at Centazio.Providers.Aws.Stage.DynamoStagedEntityRepository.Initalise()
   at System.Runtime.CompilerServices.AsyncMethodBuilderCore.Start[TStateMachine](TStateMachine& stateMachine)
   at Centazio.Providers.Aws.Stage.DynamoStagedEntityRepository.Initalise()
   at Centazio.Providers.Aws.Tests.Stage.DynamoStagedEntityRepositoryTests.GetRepository(Int32 limit, Func`2 checksum) in C:\dev\projects\internal_projects\centazio3\tests\Centazio.Providers.Aws.Tests\Stage\DynamoStagedEntityRepositoryTests.cs:line 27
   at Centazio.Test.Lib.BaseProviderTests.BaseStagedEntityRepositoryTests.SetUp() in C:\dev\projects\internal_projects\centazio3\src\Centazio.Test.Lib\BaseProviderTests\BaseStagedEntityRepositoryTests.cs:line 20
   at NUnit.Framework.Internal.TaskAwaitAdapter.GenericAdapter`1.GetResult()
   at NUnit.Framework.Internal.AsyncToSyncAdapter.Await[TResult](Func`1 invoke)
   at NUnit.Framework.Internal.AsyncToSyncAdapter.Await(Func`1 invoke)
   at NUnit.Framework.Internal.Commands.SetUpTearDownItem.RunSetUpOrTearDownMethod(TestExecutionContext context, IMethodInfo method)
   at NUnit.Framework.Internal.Commands.SetUpTearDownItem.RunSetUp(TestExecutionContext context)
   at NUnit.Framework.Internal.Commands.BeforeAndAfterTestCommand.<>c__DisplayClass1_0.<Execute>b__0()
   at NUnit.Framework.Internal.Commands.DelegatingTestCommand.RunTestMethodInThreadAbortSafeZone(TestExecutionContext context, Action action)
--TearDown
   at Centazio.Test.Lib.BaseProviderTests.BaseStagedEntityRepositoryTests.TearDown() in C:\dev\projects\internal_projects\centazio3\src\Centazio.Test.Lib\BaseProviderTests\BaseStagedEntityRepositoryTests.cs:line 24
   at NUnit.Framework.Internal.TaskAwaitAdapter.GenericAdapter`1.GetResult()
   at NUnit.Framework.Internal.AsyncToSyncAdapter.Await[TResult](Func`1 invoke)
   at NUnit.Framework.Internal.AsyncToSyncAdapter.Await(Func`1 invoke)
   at NUnit.Framework.Internal.Commands.SetUpTearDownItem.RunSetUpOrTearDownMethod(TestExecutionContext context, IMethodInfo method)
   at NUnit.Framework.Internal.Commands.SetUpTearDownItem.RunTearDown(TestExecutionContext context)]]></stack-trace>
                      </failure>
                    </test-case>
                    <test-case id="59-1009" name="Test_get_returns_expected" fullname="Centazio.Providers.Aws.Tests.Stage.DynamoStagedEntityRepositoryTests.Test_get_returns_expected" methodname="Test_get_returns_expected" classname="Centazio.Test.Lib.BaseProviderTests.BaseStagedEntityRepositoryTests" runstate="Runnable" seed="392704865" result="Failed" label="Error" start-time="2024-10-27T22:05:50.0423103Z" end-time="2024-10-27T22:05:50.0428680Z" duration="0.000558" asserts="0">
                      <failure>
                        <message><![CDATA[System.MissingMethodException : Method not found: 'System.TimeSpan System.TimeSpan.FromMilliseconds(Int64, Int64)'.
TearDown : System.NullReferenceException : Object reference not set to an instance of an object.]]></message>
                        <stack-trace><![CDATA[   at Centazio.Providers.Aws.Stage.DynamoStagedEntityRepository.Initalise()
   at System.Runtime.CompilerServices.AsyncMethodBuilderCore.Start[TStateMachine](TStateMachine& stateMachine)
   at Centazio.Providers.Aws.Stage.DynamoStagedEntityRepository.Initalise()
   at Centazio.Providers.Aws.Tests.Stage.DynamoStagedEntityRepositoryTests.GetRepository(Int32 limit, Func`2 checksum) in C:\dev\projects\internal_projects\centazio3\tests\Centazio.Providers.Aws.Tests\Stage\DynamoStagedEntityRepositoryTests.cs:line 27
   at Centazio.Test.Lib.BaseProviderTests.BaseStagedEntityRepositoryTests.SetUp() in C:\dev\projects\internal_projects\centazio3\src\Centazio.Test.Lib\BaseProviderTests\BaseStagedEntityRepositoryTests.cs:line 20
   at NUnit.Framework.Internal.TaskAwaitAdapter.GenericAdapter`1.GetResult()
   at NUnit.Framework.Internal.AsyncToSyncAdapter.Await[TResult](Func`1 invoke)
   at NUnit.Framework.Internal.AsyncToSyncAdapter.Await(Func`1 invoke)
   at NUnit.Framework.Internal.Commands.SetUpTearDownItem.RunSetUpOrTearDownMethod(TestExecutionContext context, IMethodInfo method)
   at NUnit.Framework.Internal.Commands.SetUpTearDownItem.RunSetUp(TestExecutionContext context)
   at NUnit.Framework.Internal.Commands.BeforeAndAfterTestCommand.<>c__DisplayClass1_0.<Execute>b__0()
   at NUnit.Framework.Internal.Commands.DelegatingTestCommand.RunTestMethodInThreadAbortSafeZone(TestExecutionContext context, Action action)
--TearDown
   at Centazio.Test.Lib.BaseProviderTests.BaseStagedEntityRepositoryTests.TearDown() in C:\dev\projects\internal_projects\centazio3\src\Centazio.Test.Lib\BaseProviderTests\BaseStagedEntityRepositoryTests.cs:line 24
   at NUnit.Framework.Internal.TaskAwaitAdapter.GenericAdapter`1.GetResult()
   at NUnit.Framework.Internal.AsyncToSyncAdapter.Await[TResult](Func`1 invoke)
   at NUnit.Framework.Internal.AsyncToSyncAdapter.Await(Func`1 invoke)
   at NUnit.Framework.Internal.Commands.SetUpTearDownItem.RunSetUpOrTearDownMethod(TestExecutionContext context, IMethodInfo method)
   at NUnit.Framework.Internal.Commands.SetUpTearDownItem.RunTearDown(TestExecutionContext context)]]></stack-trace>
                      </failure>
                    </test-case>
                    <test-case id="59-1011" name="Test_get_returns_expected_with_ignores" fullname="Centazio.Providers.Aws.Tests.Stage.DynamoStagedEntityRepositoryTests.Test_get_returns_expected_with_ignores" methodname="Test_get_returns_expected_with_ignores" classname="Centazio.Test.Lib.BaseProviderTests.BaseStagedEntityRepositoryTests" runstate="Runnable" seed="1304693404" result="Failed" label="Error" start-time="2024-10-27T22:05:50.0428793Z" end-time="2024-10-27T22:05:50.0434338Z" duration="0.000555" asserts="0">
                      <failure>
                        <message><![CDATA[System.MissingMethodException : Method not found: 'System.TimeSpan System.TimeSpan.FromMilliseconds(Int64, Int64)'.
TearDown : System.NullReferenceException : Object reference not set to an instance of an object.]]></message>
                        <stack-trace><![CDATA[   at Centazio.Providers.Aws.Stage.DynamoStagedEntityRepository.Initalise()
   at System.Runtime.CompilerServices.AsyncMethodBuilderCore.Start[TStateMachine](TStateMachine& stateMachine)
   at Centazio.Providers.Aws.Stage.DynamoStagedEntityRepository.Initalise()
   at Centazio.Providers.Aws.Tests.Stage.DynamoStagedEntityRepositoryTests.GetRepository(Int32 limit, Func`2 checksum) in C:\dev\projects\internal_projects\centazio3\tests\Centazio.Providers.Aws.Tests\Stage\DynamoStagedEntityRepositoryTests.cs:line 27
   at Centazio.Test.Lib.BaseProviderTests.BaseStagedEntityRepositoryTests.SetUp() in C:\dev\projects\internal_projects\centazio3\src\Centazio.Test.Lib\BaseProviderTests\BaseStagedEntityRepositoryTests.cs:line 20
   at NUnit.Framework.Internal.TaskAwaitAdapter.GenericAdapter`1.GetResult()
   at NUnit.Framework.Internal.AsyncToSyncAdapter.Await[TResult](Func`1 invoke)
   at NUnit.Framework.Internal.AsyncToSyncAdapter.Await(Func`1 invoke)
   at NUnit.Framework.Internal.Commands.SetUpTearDownItem.RunSetUpOrTearDownMethod(TestExecutionContext context, IMethodInfo method)
   at NUnit.Framework.Internal.Commands.SetUpTearDownItem.RunSetUp(TestExecutionContext context)
   at NUnit.Framework.Internal.Commands.BeforeAndAfterTestCommand.<>c__DisplayClass1_0.<Execute>b__0()
   at NUnit.Framework.Internal.Commands.DelegatingTestCommand.RunTestMethodInThreadAbortSafeZone(TestExecutionContext context, Action action)
--TearDown
   at Centazio.Test.Lib.BaseProviderTests.BaseStagedEntityRepositoryTests.TearDown() in C:\dev\projects\internal_projects\centazio3\src\Centazio.Test.Lib\BaseProviderTests\BaseStagedEntityRepositoryTests.cs:line 24
   at NUnit.Framework.Internal.TaskAwaitAdapter.GenericAdapter`1.GetResult()
   at NUnit.Framework.Internal.AsyncToSyncAdapter.Await[TResult](Func`1 invoke)
   at NUnit.Framework.Internal.AsyncToSyncAdapter.Await(Func`1 invoke)
   at NUnit.Framework.Internal.Commands.SetUpTearDownItem.RunSetUpOrTearDownMethod(TestExecutionContext context, IMethodInfo method)
   at NUnit.Framework.Internal.Commands.SetUpTearDownItem.RunTearDown(TestExecutionContext context)]]></stack-trace>
                      </failure>
                    </test-case>
                    <test-case id="59-1005" name="Test_get_returns_in_sorted_order" fullname="Centazio.Providers.Aws.Tests.Stage.DynamoStagedEntityRepositoryTests.Test_get_returns_in_sorted_order" methodname="Test_get_returns_in_sorted_order" classname="Centazio.Test.Lib.BaseProviderTests.BaseStagedEntityRepositoryTests" runstate="Runnable" seed="1802204330" result="Failed" label="Error" start-time="2024-10-27T22:05:50.0434452Z" end-time="2024-10-27T22:05:50.0439893Z" duration="0.000544" asserts="0">
                      <failure>
                        <message><![CDATA[System.MissingMethodException : Method not found: 'System.TimeSpan System.TimeSpan.FromMilliseconds(Int64, Int64)'.
TearDown : System.NullReferenceException : Object reference not set to an instance of an object.]]></message>
                        <stack-trace><![CDATA[   at Centazio.Providers.Aws.Stage.DynamoStagedEntityRepository.Initalise()
   at System.Runtime.CompilerServices.AsyncMethodBuilderCore.Start[TStateMachine](TStateMachine& stateMachine)
   at Centazio.Providers.Aws.Stage.DynamoStagedEntityRepository.Initalise()
   at Centazio.Providers.Aws.Tests.Stage.DynamoStagedEntityRepositoryTests.GetRepository(Int32 limit, Func`2 checksum) in C:\dev\projects\internal_projects\centazio3\tests\Centazio.Providers.Aws.Tests\Stage\DynamoStagedEntityRepositoryTests.cs:line 27
   at Centazio.Test.Lib.BaseProviderTests.BaseStagedEntityRepositoryTests.SetUp() in C:\dev\projects\internal_projects\centazio3\src\Centazio.Test.Lib\BaseProviderTests\BaseStagedEntityRepositoryTests.cs:line 20
   at NUnit.Framework.Internal.TaskAwaitAdapter.GenericAdapter`1.GetResult()
   at NUnit.Framework.Internal.AsyncToSyncAdapter.Await[TResult](Func`1 invoke)
   at NUnit.Framework.Internal.AsyncToSyncAdapter.Await(Func`1 invoke)
   at NUnit.Framework.Internal.Commands.SetUpTearDownItem.RunSetUpOrTearDownMethod(TestExecutionContext context, IMethodInfo method)
   at NUnit.Framework.Internal.Commands.SetUpTearDownItem.RunSetUp(TestExecutionContext context)
   at NUnit.Framework.Internal.Commands.BeforeAndAfterTestCommand.<>c__DisplayClass1_0.<Execute>b__0()
   at NUnit.Framework.Internal.Commands.DelegatingTestCommand.RunTestMethodInThreadAbortSafeZone(TestExecutionContext context, Action action)
--TearDown
   at Centazio.Test.Lib.BaseProviderTests.BaseStagedEntityRepositoryTests.TearDown() in C:\dev\projects\internal_projects\centazio3\src\Centazio.Test.Lib\BaseProviderTests\BaseStagedEntityRepositoryTests.cs:line 24
   at NUnit.Framework.Internal.TaskAwaitAdapter.GenericAdapter`1.GetResult()
   at NUnit.Framework.Internal.AsyncToSyncAdapter.Await[TResult](Func`1 invoke)
   at NUnit.Framework.Internal.AsyncToSyncAdapter.Await(Func`1 invoke)
   at NUnit.Framework.Internal.Commands.SetUpTearDownItem.RunSetUpOrTearDownMethod(TestExecutionContext context, IMethodInfo method)
   at NUnit.Framework.Internal.Commands.SetUpTearDownItem.RunTearDown(TestExecutionContext context)]]></stack-trace>
                      </failure>
                    </test-case>
                    <test-case id="59-1006" name="Test_get_returns_in_sorted_order_with_limit" fullname="Centazio.Providers.Aws.Tests.Stage.DynamoStagedEntityRepositoryTests.Test_get_returns_in_sorted_order_with_limit" methodname="Test_get_returns_in_sorted_order_with_limit" classname="Centazio.Test.Lib.BaseProviderTests.BaseStagedEntityRepositoryTests" runstate="Runnable" seed="1682489925" result="Failed" label="Error" start-time="2024-10-27T22:05:50.0440007Z" end-time="2024-10-27T22:05:50.0445542Z" duration="0.000554" asserts="0">
                      <failure>
                        <message><![CDATA[System.MissingMethodException : Method not found: 'System.TimeSpan System.TimeSpan.FromMilliseconds(Int64, Int64)'.
TearDown : System.NullReferenceException : Object reference not set to an instance of an object.]]></message>
                        <stack-trace><![CDATA[   at Centazio.Providers.Aws.Stage.DynamoStagedEntityRepository.Initalise()
   at System.Runtime.CompilerServices.AsyncMethodBuilderCore.Start[TStateMachine](TStateMachine& stateMachine)
   at Centazio.Providers.Aws.Stage.DynamoStagedEntityRepository.Initalise()
   at Centazio.Providers.Aws.Tests.Stage.DynamoStagedEntityRepositoryTests.GetRepository(Int32 limit, Func`2 checksum) in C:\dev\projects\internal_projects\centazio3\tests\Centazio.Providers.Aws.Tests\Stage\DynamoStagedEntityRepositoryTests.cs:line 27
   at Centazio.Test.Lib.BaseProviderTests.BaseStagedEntityRepositoryTests.SetUp() in C:\dev\projects\internal_projects\centazio3\src\Centazio.Test.Lib\BaseProviderTests\BaseStagedEntityRepositoryTests.cs:line 20
   at NUnit.Framework.Internal.TaskAwaitAdapter.GenericAdapter`1.GetResult()
   at NUnit.Framework.Internal.AsyncToSyncAdapter.Await[TResult](Func`1 invoke)
   at NUnit.Framework.Internal.AsyncToSyncAdapter.Await(Func`1 invoke)
   at NUnit.Framework.Internal.Commands.SetUpTearDownItem.RunSetUpOrTearDownMethod(TestExecutionContext context, IMethodInfo method)
   at NUnit.Framework.Internal.Commands.SetUpTearDownItem.RunSetUp(TestExecutionContext context)
   at NUnit.Framework.Internal.Commands.BeforeAndAfterTestCommand.<>c__DisplayClass1_0.<Execute>b__0()
   at NUnit.Framework.Internal.Commands.DelegatingTestCommand.RunTestMethodInThreadAbortSafeZone(TestExecutionContext context, Action action)
--TearDown
   at Centazio.Test.Lib.BaseProviderTests.BaseStagedEntityRepositoryTests.TearDown() in C:\dev\projects\internal_projects\centazio3\src\Centazio.Test.Lib\BaseProviderTests\BaseStagedEntityRepositoryTests.cs:line 24
   at NUnit.Framework.Internal.TaskAwaitAdapter.GenericAdapter`1.GetResult()
   at NUnit.Framework.Internal.AsyncToSyncAdapter.Await[TResult](Func`1 invoke)
   at NUnit.Framework.Internal.AsyncToSyncAdapter.Await(Func`1 invoke)
   at NUnit.Framework.Internal.Commands.SetUpTearDownItem.RunSetUpOrTearDownMethod(TestExecutionContext context, IMethodInfo method)
   at NUnit.Framework.Internal.Commands.SetUpTearDownItem.RunTearDown(TestExecutionContext context)]]></stack-trace>
                      </failure>
                    </test-case>
                    <test-case id="59-1012" name="Test_get_returns_oldest_first_page_as_expected" fullname="Centazio.Providers.Aws.Tests.Stage.DynamoStagedEntityRepositoryTests.Test_get_returns_oldest_first_page_as_expected" methodname="Test_get_returns_oldest_first_page_as_expected" classname="Centazio.Test.Lib.BaseProviderTests.BaseStagedEntityRepositoryTests" runstate="Runnable" seed="5620733" result="Failed" label="Error" start-time="2024-10-27T22:05:50.0445659Z" end-time="2024-10-27T22:05:50.0451141Z" duration="0.000548" asserts="0">
                      <failure>
                        <message><![CDATA[System.MissingMethodException : Method not found: 'System.TimeSpan System.TimeSpan.FromMilliseconds(Int64, Int64)'.
TearDown : System.NullReferenceException : Object reference not set to an instance of an object.]]></message>
                        <stack-trace><![CDATA[   at Centazio.Providers.Aws.Stage.DynamoStagedEntityRepository.Initalise()
   at System.Runtime.CompilerServices.AsyncMethodBuilderCore.Start[TStateMachine](TStateMachine& stateMachine)
   at Centazio.Providers.Aws.Stage.DynamoStagedEntityRepository.Initalise()
   at Centazio.Providers.Aws.Tests.Stage.DynamoStagedEntityRepositoryTests.GetRepository(Int32 limit, Func`2 checksum) in C:\dev\projects\internal_projects\centazio3\tests\Centazio.Providers.Aws.Tests\Stage\DynamoStagedEntityRepositoryTests.cs:line 27
   at Centazio.Test.Lib.BaseProviderTests.BaseStagedEntityRepositoryTests.SetUp() in C:\dev\projects\internal_projects\centazio3\src\Centazio.Test.Lib\BaseProviderTests\BaseStagedEntityRepositoryTests.cs:line 20
   at NUnit.Framework.Internal.TaskAwaitAdapter.GenericAdapter`1.GetResult()
   at NUnit.Framework.Internal.AsyncToSyncAdapter.Await[TResult](Func`1 invoke)
   at NUnit.Framework.Internal.AsyncToSyncAdapter.Await(Func`1 invoke)
   at NUnit.Framework.Internal.Commands.SetUpTearDownItem.RunSetUpOrTearDownMethod(TestExecutionContext context, IMethodInfo method)
   at NUnit.Framework.Internal.Commands.SetUpTearDownItem.RunSetUp(TestExecutionContext context)
   at NUnit.Framework.Internal.Commands.BeforeAndAfterTestCommand.<>c__DisplayClass1_0.<Execute>b__0()
   at NUnit.Framework.Internal.Commands.DelegatingTestCommand.RunTestMethodInThreadAbortSafeZone(TestExecutionContext context, Action action)
--TearDown
   at Centazio.Test.Lib.BaseProviderTests.BaseStagedEntityRepositoryTests.TearDown() in C:\dev\projects\internal_projects\centazio3\src\Centazio.Test.Lib\BaseProviderTests\BaseStagedEntityRepositoryTests.cs:line 24
   at NUnit.Framework.Internal.TaskAwaitAdapter.GenericAdapter`1.GetResult()
   at NUnit.Framework.Internal.AsyncToSyncAdapter.Await[TResult](Func`1 invoke)
   at NUnit.Framework.Internal.AsyncToSyncAdapter.Await(Func`1 invoke)
   at NUnit.Framework.Internal.Commands.SetUpTearDownItem.RunSetUpOrTearDownMethod(TestExecutionContext context, IMethodInfo method)
   at NUnit.Framework.Internal.Commands.SetUpTearDownItem.RunTearDown(TestExecutionContext context)]]></stack-trace>
                      </failure>
                    </test-case>
                    <test-case id="59-1018" name="Test_GetAll_GetUnpromoted_respect_DatePromoted_state" fullname="Centazio.Providers.Aws.Tests.Stage.DynamoStagedEntityRepositoryTests.Test_GetAll_GetUnpromoted_respect_DatePromoted_state" methodname="Test_GetAll_GetUnpromoted_respect_DatePromoted_state" classname="Centazio.Test.Lib.BaseProviderTests.BaseStagedEntityRepositoryTests" runstate="Runnable" seed="475552444" result="Failed" label="Error" start-time="2024-10-27T22:05:50.0451252Z" end-time="2024-10-27T22:05:50.0456887Z" duration="0.000564" asserts="0">
                      <failure>
                        <message><![CDATA[System.MissingMethodException : Method not found: 'System.TimeSpan System.TimeSpan.FromMilliseconds(Int64, Int64)'.
TearDown : System.NullReferenceException : Object reference not set to an instance of an object.]]></message>
                        <stack-trace><![CDATA[   at Centazio.Providers.Aws.Stage.DynamoStagedEntityRepository.Initalise()
   at System.Runtime.CompilerServices.AsyncMethodBuilderCore.Start[TStateMachine](TStateMachine& stateMachine)
   at Centazio.Providers.Aws.Stage.DynamoStagedEntityRepository.Initalise()
   at Centazio.Providers.Aws.Tests.Stage.DynamoStagedEntityRepositoryTests.GetRepository(Int32 limit, Func`2 checksum) in C:\dev\projects\internal_projects\centazio3\tests\Centazio.Providers.Aws.Tests\Stage\DynamoStagedEntityRepositoryTests.cs:line 27
   at Centazio.Test.Lib.BaseProviderTests.BaseStagedEntityRepositoryTests.SetUp() in C:\dev\projects\internal_projects\centazio3\src\Centazio.Test.Lib\BaseProviderTests\BaseStagedEntityRepositoryTests.cs:line 20
   at NUnit.Framework.Internal.TaskAwaitAdapter.GenericAdapter`1.GetResult()
   at NUnit.Framework.Internal.AsyncToSyncAdapter.Await[TResult](Func`1 invoke)
   at NUnit.Framework.Internal.AsyncToSyncAdapter.Await(Func`1 invoke)
   at NUnit.Framework.Internal.Commands.SetUpTearDownItem.RunSetUpOrTearDownMethod(TestExecutionContext context, IMethodInfo method)
   at NUnit.Framework.Internal.Commands.SetUpTearDownItem.RunSetUp(TestExecutionContext context)
   at NUnit.Framework.Internal.Commands.BeforeAndAfterTestCommand.<>c__DisplayClass1_0.<Execute>b__0()
   at NUnit.Framework.Internal.Commands.DelegatingTestCommand.RunTestMethodInThreadAbortSafeZone(TestExecutionContext context, Action action)
--TearDown
   at Centazio.Test.Lib.BaseProviderTests.BaseStagedEntityRepositoryTests.TearDown() in C:\dev\projects\internal_projects\centazio3\src\Centazio.Test.Lib\BaseProviderTests\BaseStagedEntityRepositoryTests.cs:line 24
   at NUnit.Framework.Internal.TaskAwaitAdapter.GenericAdapter`1.GetResult()
   at NUnit.Framework.Internal.AsyncToSyncAdapter.Await[TResult](Func`1 invoke)
   at NUnit.Framework.Internal.AsyncToSyncAdapter.Await(Func`1 invoke)
   at NUnit.Framework.Internal.Commands.SetUpTearDownItem.RunSetUpOrTearDownMethod(TestExecutionContext context, IMethodInfo method)
   at NUnit.Framework.Internal.Commands.SetUpTearDownItem.RunTearDown(TestExecutionContext context)]]></stack-trace>
                      </failure>
                    </test-case>
                    <test-case id="59-1004" name="Test_saving_multiple_entities" fullname="Centazio.Providers.Aws.Tests.Stage.DynamoStagedEntityRepositoryTests.Test_saving_multiple_entities" methodname="Test_saving_multiple_entities" classname="Centazio.Test.Lib.BaseProviderTests.BaseStagedEntityRepositoryTests" runstate="Runnable" seed="65048304" result="Failed" label="Error" start-time="2024-10-27T22:05:50.0457008Z" end-time="2024-10-27T22:05:50.0462856Z" duration="0.000585" asserts="0">
                      <failure>
                        <message><![CDATA[System.MissingMethodException : Method not found: 'System.TimeSpan System.TimeSpan.FromMilliseconds(Int64, Int64)'.
TearDown : System.NullReferenceException : Object reference not set to an instance of an object.]]></message>
                        <stack-trace><![CDATA[   at Centazio.Providers.Aws.Stage.DynamoStagedEntityRepository.Initalise()
   at System.Runtime.CompilerServices.AsyncMethodBuilderCore.Start[TStateMachine](TStateMachine& stateMachine)
   at Centazio.Providers.Aws.Stage.DynamoStagedEntityRepository.Initalise()
   at Centazio.Providers.Aws.Tests.Stage.DynamoStagedEntityRepositoryTests.GetRepository(Int32 limit, Func`2 checksum) in C:\dev\projects\internal_projects\centazio3\tests\Centazio.Providers.Aws.Tests\Stage\DynamoStagedEntityRepositoryTests.cs:line 27
   at Centazio.Test.Lib.BaseProviderTests.BaseStagedEntityRepositoryTests.SetUp() in C:\dev\projects\internal_projects\centazio3\src\Centazio.Test.Lib\BaseProviderTests\BaseStagedEntityRepositoryTests.cs:line 20
   at NUnit.Framework.Internal.TaskAwaitAdapter.GenericAdapter`1.GetResult()
   at NUnit.Framework.Internal.AsyncToSyncAdapter.Await[TResult](Func`1 invoke)
   at NUnit.Framework.Internal.AsyncToSyncAdapter.Await(Func`1 invoke)
   at NUnit.Framework.Internal.Commands.SetUpTearDownItem.RunSetUpOrTearDownMethod(TestExecutionContext context, IMethodInfo method)
   at NUnit.Framework.Internal.Commands.SetUpTearDownItem.RunSetUp(TestExecutionContext context)
   at NUnit.Framework.Internal.Commands.BeforeAndAfterTestCommand.<>c__DisplayClass1_0.<Execute>b__0()
   at NUnit.Framework.Internal.Commands.DelegatingTestCommand.RunTestMethodInThreadAbortSafeZone(TestExecutionContext context, Action action)
--TearDown
   at Centazio.Test.Lib.BaseProviderTests.BaseStagedEntityRepositoryTests.TearDown() in C:\dev\projects\internal_projects\centazio3\src\Centazio.Test.Lib\BaseProviderTests\BaseStagedEntityRepositoryTests.cs:line 24
   at NUnit.Framework.Internal.TaskAwaitAdapter.GenericAdapter`1.GetResult()
   at NUnit.Framework.Internal.AsyncToSyncAdapter.Await[TResult](Func`1 invoke)
   at NUnit.Framework.Internal.AsyncToSyncAdapter.Await(Func`1 invoke)
   at NUnit.Framework.Internal.Commands.SetUpTearDownItem.RunSetUpOrTearDownMethod(TestExecutionContext context, IMethodInfo method)
   at NUnit.Framework.Internal.Commands.SetUpTearDownItem.RunTearDown(TestExecutionContext context)]]></stack-trace>
                      </failure>
                    </test-case>
                    <test-case id="59-1008" name="Test_saving_multiple_large_entities" fullname="Centazio.Providers.Aws.Tests.Stage.DynamoStagedEntityRepositoryTests.Test_saving_multiple_large_entities" methodname="Test_saving_multiple_large_entities" classname="Centazio.Test.Lib.BaseProviderTests.BaseStagedEntityRepositoryTests" runstate="Runnable" seed="14592733" result="Failed" label="Error" start-time="2024-10-27T22:05:50.0462984Z" end-time="2024-10-27T22:05:50.0468557Z" duration="0.000557" asserts="0">
                      <failure>
                        <message><![CDATA[System.MissingMethodException : Method not found: 'System.TimeSpan System.TimeSpan.FromMilliseconds(Int64, Int64)'.
TearDown : System.NullReferenceException : Object reference not set to an instance of an object.]]></message>
                        <stack-trace><![CDATA[   at Centazio.Providers.Aws.Stage.DynamoStagedEntityRepository.Initalise()
   at System.Runtime.CompilerServices.AsyncMethodBuilderCore.Start[TStateMachine](TStateMachine& stateMachine)
   at Centazio.Providers.Aws.Stage.DynamoStagedEntityRepository.Initalise()
   at Centazio.Providers.Aws.Tests.Stage.DynamoStagedEntityRepositoryTests.GetRepository(Int32 limit, Func`2 checksum) in C:\dev\projects\internal_projects\centazio3\tests\Centazio.Providers.Aws.Tests\Stage\DynamoStagedEntityRepositoryTests.cs:line 27
   at Centazio.Test.Lib.BaseProviderTests.BaseStagedEntityRepositoryTests.SetUp() in C:\dev\projects\internal_projects\centazio3\src\Centazio.Test.Lib\BaseProviderTests\BaseStagedEntityRepositoryTests.cs:line 20
   at NUnit.Framework.Internal.TaskAwaitAdapter.GenericAdapter`1.GetResult()
   at NUnit.Framework.Internal.AsyncToSyncAdapter.Await[TResult](Func`1 invoke)
   at NUnit.Framework.Internal.AsyncToSyncAdapter.Await(Func`1 invoke)
   at NUnit.Framework.Internal.Commands.SetUpTearDownItem.RunSetUpOrTearDownMethod(TestExecutionContext context, IMethodInfo method)
   at NUnit.Framework.Internal.Commands.SetUpTearDownItem.RunSetUp(TestExecutionContext context)
   at NUnit.Framework.Internal.Commands.BeforeAndAfterTestCommand.<>c__DisplayClass1_0.<Execute>b__0()
   at NUnit.Framework.Internal.Commands.DelegatingTestCommand.RunTestMethodInThreadAbortSafeZone(TestExecutionContext context, Action action)
--TearDown
   at Centazio.Test.Lib.BaseProviderTests.BaseStagedEntityRepositoryTests.TearDown() in C:\dev\projects\internal_projects\centazio3\src\Centazio.Test.Lib\BaseProviderTests\BaseStagedEntityRepositoryTests.cs:line 24
   at NUnit.Framework.Internal.TaskAwaitAdapter.GenericAdapter`1.GetResult()
   at NUnit.Framework.Internal.AsyncToSyncAdapter.Await[TResult](Func`1 invoke)
   at NUnit.Framework.Internal.AsyncToSyncAdapter.Await(Func`1 invoke)
   at NUnit.Framework.Internal.Commands.SetUpTearDownItem.RunSetUpOrTearDownMethod(TestExecutionContext context, IMethodInfo method)
   at NUnit.Framework.Internal.Commands.SetUpTearDownItem.RunTearDown(TestExecutionContext context)]]></stack-trace>
                      </failure>
                    </test-case>
                    <test-case id="59-1002" name="Test_saving_single_entity" fullname="Centazio.Providers.Aws.Tests.Stage.DynamoStagedEntityRepositoryTests.Test_saving_single_entity" methodname="Test_saving_single_entity" classname="Centazio.Test.Lib.BaseProviderTests.BaseStagedEntityRepositoryTests" runstate="Runnable" seed="915822410" result="Failed" label="Error" start-time="2024-10-27T22:05:50.0468669Z" end-time="2024-10-27T22:05:50.0474285Z" duration="0.000562" asserts="0">
                      <failure>
                        <message><![CDATA[System.MissingMethodException : Method not found: 'System.TimeSpan System.TimeSpan.FromMilliseconds(Int64, Int64)'.
TearDown : System.NullReferenceException : Object reference not set to an instance of an object.]]></message>
                        <stack-trace><![CDATA[   at Centazio.Providers.Aws.Stage.DynamoStagedEntityRepository.Initalise()
   at System.Runtime.CompilerServices.AsyncMethodBuilderCore.Start[TStateMachine](TStateMachine& stateMachine)
   at Centazio.Providers.Aws.Stage.DynamoStagedEntityRepository.Initalise()
   at Centazio.Providers.Aws.Tests.Stage.DynamoStagedEntityRepositoryTests.GetRepository(Int32 limit, Func`2 checksum) in C:\dev\projects\internal_projects\centazio3\tests\Centazio.Providers.Aws.Tests\Stage\DynamoStagedEntityRepositoryTests.cs:line 27
   at Centazio.Test.Lib.BaseProviderTests.BaseStagedEntityRepositoryTests.SetUp() in C:\dev\projects\internal_projects\centazio3\src\Centazio.Test.Lib\BaseProviderTests\BaseStagedEntityRepositoryTests.cs:line 20
   at NUnit.Framework.Internal.TaskAwaitAdapter.GenericAdapter`1.GetResult()
   at NUnit.Framework.Internal.AsyncToSyncAdapter.Await[TResult](Func`1 invoke)
   at NUnit.Framework.Internal.AsyncToSyncAdapter.Await(Func`1 invoke)
   at NUnit.Framework.Internal.Commands.SetUpTearDownItem.RunSetUpOrTearDownMethod(TestExecutionContext context, IMethodInfo method)
   at NUnit.Framework.Internal.Commands.SetUpTearDownItem.RunSetUp(TestExecutionContext context)
   at NUnit.Framework.Internal.Commands.BeforeAndAfterTestCommand.<>c__DisplayClass1_0.<Execute>b__0()
   at NUnit.Framework.Internal.Commands.DelegatingTestCommand.RunTestMethodInThreadAbortSafeZone(TestExecutionContext context, Action action)
--TearDown
   at Centazio.Test.Lib.BaseProviderTests.BaseStagedEntityRepositoryTests.TearDown() in C:\dev\projects\internal_projects\centazio3\src\Centazio.Test.Lib\BaseProviderTests\BaseStagedEntityRepositoryTests.cs:line 24
   at NUnit.Framework.Internal.TaskAwaitAdapter.GenericAdapter`1.GetResult()
   at NUnit.Framework.Internal.AsyncToSyncAdapter.Await[TResult](Func`1 invoke)
   at NUnit.Framework.Internal.AsyncToSyncAdapter.Await(Func`1 invoke)
   at NUnit.Framework.Internal.Commands.SetUpTearDownItem.RunSetUpOrTearDownMethod(TestExecutionContext context, IMethodInfo method)
   at NUnit.Framework.Internal.Commands.SetUpTearDownItem.RunTearDown(TestExecutionContext context)]]></stack-trace>
                      </failure>
                    </test-case>
                    <test-case id="59-1010" name="Test_single_ignore_update" fullname="Centazio.Providers.Aws.Tests.Stage.DynamoStagedEntityRepositoryTests.Test_single_ignore_update" methodname="Test_single_ignore_update" classname="Centazio.Test.Lib.BaseProviderTests.BaseStagedEntityRepositoryTests" runstate="Runnable" seed="1323149239" result="Failed" label="Error" start-time="2024-10-27T22:05:50.0474436Z" end-time="2024-10-27T22:05:50.0479837Z" duration="0.000540" asserts="0">
                      <failure>
                        <message><![CDATA[System.MissingMethodException : Method not found: 'System.TimeSpan System.TimeSpan.FromMilliseconds(Int64, Int64)'.
TearDown : System.NullReferenceException : Object reference not set to an instance of an object.]]></message>
                        <stack-trace><![CDATA[   at Centazio.Providers.Aws.Stage.DynamoStagedEntityRepository.Initalise()
   at System.Runtime.CompilerServices.AsyncMethodBuilderCore.Start[TStateMachine](TStateMachine& stateMachine)
   at Centazio.Providers.Aws.Stage.DynamoStagedEntityRepository.Initalise()
   at Centazio.Providers.Aws.Tests.Stage.DynamoStagedEntityRepositoryTests.GetRepository(Int32 limit, Func`2 checksum) in C:\dev\projects\internal_projects\centazio3\tests\Centazio.Providers.Aws.Tests\Stage\DynamoStagedEntityRepositoryTests.cs:line 27
   at Centazio.Test.Lib.BaseProviderTests.BaseStagedEntityRepositoryTests.SetUp() in C:\dev\projects\internal_projects\centazio3\src\Centazio.Test.Lib\BaseProviderTests\BaseStagedEntityRepositoryTests.cs:line 20
   at NUnit.Framework.Internal.TaskAwaitAdapter.GenericAdapter`1.GetResult()
   at NUnit.Framework.Internal.AsyncToSyncAdapter.Await[TResult](Func`1 invoke)
   at NUnit.Framework.Internal.AsyncToSyncAdapter.Await(Func`1 invoke)
   at NUnit.Framework.Internal.Commands.SetUpTearDownItem.RunSetUpOrTearDownMethod(TestExecutionContext context, IMethodInfo method)
   at NUnit.Framework.Internal.Commands.SetUpTearDownItem.RunSetUp(TestExecutionContext context)
   at NUnit.Framework.Internal.Commands.BeforeAndAfterTestCommand.<>c__DisplayClass1_0.<Execute>b__0()
   at NUnit.Framework.Internal.Commands.DelegatingTestCommand.RunTestMethodInThreadAbortSafeZone(TestExecutionContext context, Action action)
--TearDown
   at Centazio.Test.Lib.BaseProviderTests.BaseStagedEntityRepositoryTests.TearDown() in C:\dev\projects\internal_projects\centazio3\src\Centazio.Test.Lib\BaseProviderTests\BaseStagedEntityRepositoryTests.cs:line 24
   at NUnit.Framework.Internal.TaskAwaitAdapter.GenericAdapter`1.GetResult()
   at NUnit.Framework.Internal.AsyncToSyncAdapter.Await[TResult](Func`1 invoke)
   at NUnit.Framework.Internal.AsyncToSyncAdapter.Await(Func`1 invoke)
   at NUnit.Framework.Internal.Commands.SetUpTearDownItem.RunSetUpOrTearDownMethod(TestExecutionContext context, IMethodInfo method)
   at NUnit.Framework.Internal.Commands.SetUpTearDownItem.RunTearDown(TestExecutionContext context)]]></stack-trace>
                      </failure>
                    </test-case>
                    <test-case id="59-1016" name="Test_stage_single_ignores_duplicates" fullname="Centazio.Providers.Aws.Tests.Stage.DynamoStagedEntityRepositoryTests.Test_stage_single_ignores_duplicates" methodname="Test_stage_single_ignores_duplicates" classname="Centazio.Test.Lib.BaseProviderTests.BaseStagedEntityRepositoryTests" runstate="Runnable" seed="789003781" result="Failed" label="Error" start-time="2024-10-27T22:05:50.0479990Z" end-time="2024-10-27T22:05:50.0485471Z" duration="0.000548" asserts="0">
                      <failure>
                        <message><![CDATA[System.MissingMethodException : Method not found: 'System.TimeSpan System.TimeSpan.FromMilliseconds(Int64, Int64)'.
TearDown : System.NullReferenceException : Object reference not set to an instance of an object.]]></message>
                        <stack-trace><![CDATA[   at Centazio.Providers.Aws.Stage.DynamoStagedEntityRepository.Initalise()
   at System.Runtime.CompilerServices.AsyncMethodBuilderCore.Start[TStateMachine](TStateMachine& stateMachine)
   at Centazio.Providers.Aws.Stage.DynamoStagedEntityRepository.Initalise()
   at Centazio.Providers.Aws.Tests.Stage.DynamoStagedEntityRepositoryTests.GetRepository(Int32 limit, Func`2 checksum) in C:\dev\projects\internal_projects\centazio3\tests\Centazio.Providers.Aws.Tests\Stage\DynamoStagedEntityRepositoryTests.cs:line 27
   at Centazio.Test.Lib.BaseProviderTests.BaseStagedEntityRepositoryTests.SetUp() in C:\dev\projects\internal_projects\centazio3\src\Centazio.Test.Lib\BaseProviderTests\BaseStagedEntityRepositoryTests.cs:line 20
   at NUnit.Framework.Internal.TaskAwaitAdapter.GenericAdapter`1.GetResult()
   at NUnit.Framework.Internal.AsyncToSyncAdapter.Await[TResult](Func`1 invoke)
   at NUnit.Framework.Internal.AsyncToSyncAdapter.Await(Func`1 invoke)
   at NUnit.Framework.Internal.Commands.SetUpTearDownItem.RunSetUpOrTearDownMethod(TestExecutionContext context, IMethodInfo method)
   at NUnit.Framework.Internal.Commands.SetUpTearDownItem.RunSetUp(TestExecutionContext context)
   at NUnit.Framework.Internal.Commands.BeforeAndAfterTestCommand.<>c__DisplayClass1_0.<Execute>b__0()
   at NUnit.Framework.Internal.Commands.DelegatingTestCommand.RunTestMethodInThreadAbortSafeZone(TestExecutionContext context, Action action)
--TearDown
   at Centazio.Test.Lib.BaseProviderTests.BaseStagedEntityRepositoryTests.TearDown() in C:\dev\projects\internal_projects\centazio3\src\Centazio.Test.Lib\BaseProviderTests\BaseStagedEntityRepositoryTests.cs:line 24
   at NUnit.Framework.Internal.TaskAwaitAdapter.GenericAdapter`1.GetResult()
   at NUnit.Framework.Internal.AsyncToSyncAdapter.Await[TResult](Func`1 invoke)
   at NUnit.Framework.Internal.AsyncToSyncAdapter.Await(Func`1 invoke)
   at NUnit.Framework.Internal.Commands.SetUpTearDownItem.RunSetUpOrTearDownMethod(TestExecutionContext context, IMethodInfo method)
   at NUnit.Framework.Internal.Commands.SetUpTearDownItem.RunTearDown(TestExecutionContext context)]]></stack-trace>
                      </failure>
                    </test-case>
                    <test-case id="59-1017" name="Test_staging_multiple_entities_ignores_duplicates" fullname="Centazio.Providers.Aws.Tests.Stage.DynamoStagedEntityRepositoryTests.Test_staging_multiple_entities_ignores_duplicates" methodname="Test_staging_multiple_entities_ignores_duplicates" classname="Centazio.Test.Lib.BaseProviderTests.BaseStagedEntityRepositoryTests" runstate="Runnable" seed="197124595" result="Failed" label="Error" start-time="2024-10-27T22:05:50.0485644Z" end-time="2024-10-27T22:05:50.0491195Z" duration="0.000556" asserts="0">
                      <failure>
                        <message><![CDATA[System.MissingMethodException : Method not found: 'System.TimeSpan System.TimeSpan.FromMilliseconds(Int64, Int64)'.
TearDown : System.NullReferenceException : Object reference not set to an instance of an object.]]></message>
                        <stack-trace><![CDATA[   at Centazio.Providers.Aws.Stage.DynamoStagedEntityRepository.Initalise()
   at System.Runtime.CompilerServices.AsyncMethodBuilderCore.Start[TStateMachine](TStateMachine& stateMachine)
   at Centazio.Providers.Aws.Stage.DynamoStagedEntityRepository.Initalise()
   at Centazio.Providers.Aws.Tests.Stage.DynamoStagedEntityRepositoryTests.GetRepository(Int32 limit, Func`2 checksum) in C:\dev\projects\internal_projects\centazio3\tests\Centazio.Providers.Aws.Tests\Stage\DynamoStagedEntityRepositoryTests.cs:line 27
   at Centazio.Test.Lib.BaseProviderTests.BaseStagedEntityRepositoryTests.SetUp() in C:\dev\projects\internal_projects\centazio3\src\Centazio.Test.Lib\BaseProviderTests\BaseStagedEntityRepositoryTests.cs:line 20
   at NUnit.Framework.Internal.TaskAwaitAdapter.GenericAdapter`1.GetResult()
   at NUnit.Framework.Internal.AsyncToSyncAdapter.Await[TResult](Func`1 invoke)
   at NUnit.Framework.Internal.AsyncToSyncAdapter.Await(Func`1 invoke)
   at NUnit.Framework.Internal.Commands.SetUpTearDownItem.RunSetUpOrTearDownMethod(TestExecutionContext context, IMethodInfo method)
   at NUnit.Framework.Internal.Commands.SetUpTearDownItem.RunSetUp(TestExecutionContext context)
   at NUnit.Framework.Internal.Commands.BeforeAndAfterTestCommand.<>c__DisplayClass1_0.<Execute>b__0()
   at NUnit.Framework.Internal.Commands.DelegatingTestCommand.RunTestMethodInThreadAbortSafeZone(TestExecutionContext context, Action action)
--TearDown
   at Centazio.Test.Lib.BaseProviderTests.BaseStagedEntityRepositoryTests.TearDown() in C:\dev\projects\internal_projects\centazio3\src\Centazio.Test.Lib\BaseProviderTests\BaseStagedEntityRepositoryTests.cs:line 24
   at NUnit.Framework.Internal.TaskAwaitAdapter.GenericAdapter`1.GetResult()
   at NUnit.Framework.Internal.AsyncToSyncAdapter.Await[TResult](Func`1 invoke)
   at NUnit.Framework.Internal.AsyncToSyncAdapter.Await(Func`1 invoke)
   at NUnit.Framework.Internal.Commands.SetUpTearDownItem.RunSetUpOrTearDownMethod(TestExecutionContext context, IMethodInfo method)
   at NUnit.Framework.Internal.Commands.SetUpTearDownItem.RunTearDown(TestExecutionContext context)]]></stack-trace>
                      </failure>
                    </test-case>
                    <test-case id="59-1007" name="Test_updating_multiple_entities" fullname="Centazio.Providers.Aws.Tests.Stage.DynamoStagedEntityRepositoryTests.Test_updating_multiple_entities" methodname="Test_updating_multiple_entities" classname="Centazio.Test.Lib.BaseProviderTests.BaseStagedEntityRepositoryTests" runstate="Runnable" seed="732392113" result="Failed" label="Error" start-time="2024-10-27T22:05:50.0491363Z" end-time="2024-10-27T22:05:50.0497020Z" duration="0.000566" asserts="0">
                      <failure>
                        <message><![CDATA[System.MissingMethodException : Method not found: 'System.TimeSpan System.TimeSpan.FromMilliseconds(Int64, Int64)'.
TearDown : System.NullReferenceException : Object reference not set to an instance of an object.]]></message>
                        <stack-trace><![CDATA[   at Centazio.Providers.Aws.Stage.DynamoStagedEntityRepository.Initalise()
   at System.Runtime.CompilerServices.AsyncMethodBuilderCore.Start[TStateMachine](TStateMachine& stateMachine)
   at Centazio.Providers.Aws.Stage.DynamoStagedEntityRepository.Initalise()
   at Centazio.Providers.Aws.Tests.Stage.DynamoStagedEntityRepositoryTests.GetRepository(Int32 limit, Func`2 checksum) in C:\dev\projects\internal_projects\centazio3\tests\Centazio.Providers.Aws.Tests\Stage\DynamoStagedEntityRepositoryTests.cs:line 27
   at Centazio.Test.Lib.BaseProviderTests.BaseStagedEntityRepositoryTests.SetUp() in C:\dev\projects\internal_projects\centazio3\src\Centazio.Test.Lib\BaseProviderTests\BaseStagedEntityRepositoryTests.cs:line 20
   at NUnit.Framework.Internal.TaskAwaitAdapter.GenericAdapter`1.GetResult()
   at NUnit.Framework.Internal.AsyncToSyncAdapter.Await[TResult](Func`1 invoke)
   at NUnit.Framework.Internal.AsyncToSyncAdapter.Await(Func`1 invoke)
   at NUnit.Framework.Internal.Commands.SetUpTearDownItem.RunSetUpOrTearDownMethod(TestExecutionContext context, IMethodInfo method)
   at NUnit.Framework.Internal.Commands.SetUpTearDownItem.RunSetUp(TestExecutionContext context)
   at NUnit.Framework.Internal.Commands.BeforeAndAfterTestCommand.<>c__DisplayClass1_0.<Execute>b__0()
   at NUnit.Framework.Internal.Commands.DelegatingTestCommand.RunTestMethodInThreadAbortSafeZone(TestExecutionContext context, Action action)
--TearDown
   at Centazio.Test.Lib.BaseProviderTests.BaseStagedEntityRepositoryTests.TearDown() in C:\dev\projects\internal_projects\centazio3\src\Centazio.Test.Lib\BaseProviderTests\BaseStagedEntityRepositoryTests.cs:line 24
   at NUnit.Framework.Internal.TaskAwaitAdapter.GenericAdapter`1.GetResult()
   at NUnit.Framework.Internal.AsyncToSyncAdapter.Await[TResult](Func`1 invoke)
   at NUnit.Framework.Internal.AsyncToSyncAdapter.Await(Func`1 invoke)
   at NUnit.Framework.Internal.Commands.SetUpTearDownItem.RunSetUpOrTearDownMethod(TestExecutionContext context, IMethodInfo method)
   at NUnit.Framework.Internal.Commands.SetUpTearDownItem.RunTearDown(TestExecutionContext context)]]></stack-trace>
                      </failure>
                    </test-case>
                    <test-case id="59-1003" name="Test_updating_single_entity" fullname="Centazio.Providers.Aws.Tests.Stage.DynamoStagedEntityRepositoryTests.Test_updating_single_entity" methodname="Test_updating_single_entity" classname="Centazio.Test.Lib.BaseProviderTests.BaseStagedEntityRepositoryTests" runstate="Runnable" seed="1201137913" result="Failed" label="Error" start-time="2024-10-27T22:05:50.0497167Z" end-time="2024-10-27T22:05:50.0503050Z" duration="0.000588" asserts="0">
                      <failure>
                        <message><![CDATA[System.MissingMethodException : Method not found: 'System.TimeSpan System.TimeSpan.FromMilliseconds(Int64, Int64)'.
TearDown : System.NullReferenceException : Object reference not set to an instance of an object.]]></message>
                        <stack-trace><![CDATA[   at Centazio.Providers.Aws.Stage.DynamoStagedEntityRepository.Initalise()
   at System.Runtime.CompilerServices.AsyncMethodBuilderCore.Start[TStateMachine](TStateMachine& stateMachine)
   at Centazio.Providers.Aws.Stage.DynamoStagedEntityRepository.Initalise()
   at Centazio.Providers.Aws.Tests.Stage.DynamoStagedEntityRepositoryTests.GetRepository(Int32 limit, Func`2 checksum) in C:\dev\projects\internal_projects\centazio3\tests\Centazio.Providers.Aws.Tests\Stage\DynamoStagedEntityRepositoryTests.cs:line 27
   at Centazio.Test.Lib.BaseProviderTests.BaseStagedEntityRepositoryTests.SetUp() in C:\dev\projects\internal_projects\centazio3\src\Centazio.Test.Lib\BaseProviderTests\BaseStagedEntityRepositoryTests.cs:line 20
   at NUnit.Framework.Internal.TaskAwaitAdapter.GenericAdapter`1.GetResult()
   at NUnit.Framework.Internal.AsyncToSyncAdapter.Await[TResult](Func`1 invoke)
   at NUnit.Framework.Internal.AsyncToSyncAdapter.Await(Func`1 invoke)
   at NUnit.Framework.Internal.Commands.SetUpTearDownItem.RunSetUpOrTearDownMethod(TestExecutionContext context, IMethodInfo method)
   at NUnit.Framework.Internal.Commands.SetUpTearDownItem.RunSetUp(TestExecutionContext context)
   at NUnit.Framework.Internal.Commands.BeforeAndAfterTestCommand.<>c__DisplayClass1_0.<Execute>b__0()
   at NUnit.Framework.Internal.Commands.DelegatingTestCommand.RunTestMethodInThreadAbortSafeZone(TestExecutionContext context, Action action)
--TearDown
   at Centazio.Test.Lib.BaseProviderTests.BaseStagedEntityRepositoryTests.TearDown() in C:\dev\projects\internal_projects\centazio3\src\Centazio.Test.Lib\BaseProviderTests\BaseStagedEntityRepositoryTests.cs:line 24
   at NUnit.Framework.Internal.TaskAwaitAdapter.GenericAdapter`1.GetResult()
   at NUnit.Framework.Internal.AsyncToSyncAdapter.Await[TResult](Func`1 invoke)
   at NUnit.Framework.Internal.AsyncToSyncAdapter.Await(Func`1 invoke)
   at NUnit.Framework.Internal.Commands.SetUpTearDownItem.RunSetUpOrTearDownMethod(TestExecutionContext context, IMethodInfo method)
   at NUnit.Framework.Internal.Commands.SetUpTearDownItem.RunTearDown(TestExecutionContext context)]]></stack-trace>
                      </failure>
                    </test-case>
                  </test-suite>
                  <test-suite type="TestFixture" id="59-1019" name="S3StagedEntityRepositoryTests" fullname="Centazio.Providers.Aws.Tests.Stage.S3StagedEntityRepositoryTests" classname="Centazio.Providers.Aws.Tests.Stage.S3StagedEntityRepositoryTests" runstate="Runnable" testcasecount="17" result="Failed" site="Child" start-time="2024-10-27T22:05:50.7222164Z" end-time="2024-10-27T22:05:53.5613216Z" duration="2.839102" total="17" passed="0" failed="17" warnings="0" inconclusive="0" skipped="0" asserts="0">
                    <failure>
                      <message><![CDATA[One or more child tests had errors]]></message>
                    </failure>
                    <output><![CDATA[[testcontainers.org 00:00:06.58] Docker network 5f4fa08fe9e2 created
[testcontainers.org 00:00:06.68] Docker container 1b66ad3999eb created
[testcontainers.org 00:00:06.69] Start Docker container 1b66ad3999eb
[testcontainers.org 00:00:07.96] Wait for Docker container 1b66ad3999eb to complete readiness checks
[testcontainers.org 00:00:07.97] Docker container 1b66ad3999eb ready
[testcontainers.org 00:00:08.51] Stop Docker container 1b66ad3999eb
[testcontainers.org 00:00:09.34] Delete Docker container 1b66ad3999eb
]]></output>
                    <test-case id="59-1032" name="Test_delete_large_batch" fullname="Centazio.Providers.Aws.Tests.Stage.S3StagedEntityRepositoryTests.Test_delete_large_batch" methodname="Test_delete_large_batch" classname="Centazio.Test.Lib.BaseProviderTests.BaseStagedEntityRepositoryTests" runstate="Runnable" seed="1127264032" result="Failed" label="Error" start-time="2024-10-27T22:05:52.1813580Z" end-time="2024-10-27T22:05:52.4086573Z" duration="0.227299" asserts="0">
                      <failure>
                        <message><![CDATA[System.MissingMethodException : Method not found: 'System.Guid System.Guid.CreateVersion7()'.]]></message>
                        <stack-trace><![CDATA[   at Centazio.Core.Ctl.Entities.StagedEntity.Create(SystemName system, SystemEntityTypeName systype, DateTime staged, ValidString data, StagedEntityChecksum checksum)
   at Centazio.Core.Stage.AbstractStagedEntityRepository.<>c__DisplayClass7_0.<Stage>b__0(String data) in C:\dev\projects\internal_projects\centazio3\src\Centazio.Core\Stage\StagedEntityRepository.cs:line 39
   at System.Linq.Enumerable.SelectEnumerableIterator`2.ToList()
   at System.Linq.Enumerable.ToList[TSource](IEnumerable`1 source)
   at Centazio.Core.Stage.AbstractStagedEntityRepository.Stage(SystemName system, SystemEntityTypeName systype, List`1 datas) in C:\dev\projects\internal_projects\centazio3\src\Centazio.Core\Stage\StagedEntityRepository.cs:line 39
   at Centazio.Test.Lib.BaseProviderTests.BaseStagedEntityRepositoryTests.Test_delete_large_batch() in C:\dev\projects\internal_projects\centazio3\src\Centazio.Test.Lib\BaseProviderTests\BaseStagedEntityRepositoryTests.cs:line 271
   at NUnit.Framework.Internal.TaskAwaitAdapter.GenericAdapter`1.GetResult()
   at NUnit.Framework.Internal.AsyncToSyncAdapter.Await[TResult](Func`1 invoke)
   at NUnit.Framework.Internal.AsyncToSyncAdapter.Await(Func`1 invoke)
   at NUnit.Framework.Internal.Commands.TestMethodCommand.RunTestMethod(TestExecutionContext context)
   at NUnit.Framework.Internal.Commands.TestMethodCommand.Execute(TestExecutionContext context)
   at NUnit.Framework.Internal.Commands.BeforeAndAfterTestCommand.<>c__DisplayClass1_0.<Execute>b__0()
   at NUnit.Framework.Internal.Commands.DelegatingTestCommand.RunTestMethodInThreadAbortSafeZone(TestExecutionContext context, Action action)]]></stack-trace>
                      </failure>
                      <output><![CDATA[[09:05:52 DBG] creating bucket testings3stagedentityrepository
]]></output>
                    </test-case>
                    <test-case id="59-1033" name="Test_delete_promoted_before" fullname="Centazio.Providers.Aws.Tests.Stage.S3StagedEntityRepositoryTests.Test_delete_promoted_before" methodname="Test_delete_promoted_before" classname="Centazio.Test.Lib.BaseProviderTests.BaseStagedEntityRepositoryTests" runstate="Runnable" seed="1559848995" result="Failed" label="Error" start-time="2024-10-27T22:05:52.4086856Z" end-time="2024-10-27T22:05:52.4274161Z" duration="0.018731" asserts="0">
                      <failure>
                        <message><![CDATA[System.MissingMethodException : Method not found: 'System.Guid System.Guid.CreateVersion7()'.]]></message>
                        <stack-trace><![CDATA[   at Centazio.Core.Ctl.Entities.StagedEntity.Create(SystemName system, SystemEntityTypeName systype, DateTime staged, ValidString data, StagedEntityChecksum checksum)
   at Centazio.Core.Stage.AbstractStagedEntityRepository.<>c__DisplayClass7_0.<Stage>b__0(String data) in C:\dev\projects\internal_projects\centazio3\src\Centazio.Core\Stage\StagedEntityRepository.cs:line 39
   at System.Linq.Enumerable.SelectEnumerableIterator`2.ToList()
   at System.Linq.Enumerable.ToList[TSource](IEnumerable`1 source)
   at Centazio.Core.Stage.AbstractStagedEntityRepository.Stage(SystemName system, SystemEntityTypeName systype, List`1 datas) in C:\dev\projects\internal_projects\centazio3\src\Centazio.Core\Stage\StagedEntityRepository.cs:line 39
   at Centazio.Core.Stage.AbstractStagedEntityRepository.Stage(SystemName system, SystemEntityTypeName systype, String data) in C:\dev\projects\internal_projects\centazio3\src\Centazio.Core\Stage\StagedEntityRepository.cs:line 33
   at Centazio.Test.Lib.BaseProviderTests.BaseStagedEntityRepositoryTests.Test_delete_promoted_before() in C:\dev\projects\internal_projects\centazio3\src\Centazio.Test.Lib\BaseProviderTests\BaseStagedEntityRepositoryTests.cs:line 280
   at NUnit.Framework.Internal.TaskAwaitAdapter.GenericAdapter`1.GetResult()
   at NUnit.Framework.Internal.AsyncToSyncAdapter.Await[TResult](Func`1 invoke)
   at NUnit.Framework.Internal.AsyncToSyncAdapter.Await(Func`1 invoke)
   at NUnit.Framework.Internal.Commands.TestMethodCommand.RunTestMethod(TestExecutionContext context)
   at NUnit.Framework.Internal.Commands.TestMethodCommand.Execute(TestExecutionContext context)
   at NUnit.Framework.Internal.Commands.BeforeAndAfterTestCommand.<>c__DisplayClass1_0.<Execute>b__0()
   at NUnit.Framework.Internal.Commands.DelegatingTestCommand.RunTestMethodInThreadAbortSafeZone(TestExecutionContext context, Action action)]]></stack-trace>
                      </failure>
                      <output><![CDATA[[09:05:52 DBG] creating bucket testings3stagedentityrepository
]]></output>
                    </test-case>
                    <test-case id="59-1031" name="Test_delete_staged_before" fullname="Centazio.Providers.Aws.Tests.Stage.S3StagedEntityRepositoryTests.Test_delete_staged_before" methodname="Test_delete_staged_before" classname="Centazio.Test.Lib.BaseProviderTests.BaseStagedEntityRepositoryTests" runstate="Runnable" seed="1158570363" result="Failed" label="Error" start-time="2024-10-27T22:05:52.4274619Z" end-time="2024-10-27T22:05:52.4442086Z" duration="0.016747" asserts="0">
                      <failure>
                        <message><![CDATA[System.MissingMethodException : Method not found: 'System.Guid System.Guid.CreateVersion7()'.]]></message>
                        <stack-trace><![CDATA[   at Centazio.Core.Ctl.Entities.StagedEntity.Create(SystemName system, SystemEntityTypeName systype, DateTime staged, ValidString data, StagedEntityChecksum checksum)
   at Centazio.Core.Stage.AbstractStagedEntityRepository.<>c__DisplayClass7_0.<Stage>b__0(String data) in C:\dev\projects\internal_projects\centazio3\src\Centazio.Core\Stage\StagedEntityRepository.cs:line 39
   at System.Linq.Enumerable.SelectEnumerableIterator`2.ToList()
   at System.Linq.Enumerable.ToList[TSource](IEnumerable`1 source)
   at Centazio.Core.Stage.AbstractStagedEntityRepository.Stage(SystemName system, SystemEntityTypeName systype, List`1 datas) in C:\dev\projects\internal_projects\centazio3\src\Centazio.Core\Stage\StagedEntityRepository.cs:line 39
   at Centazio.Core.Stage.AbstractStagedEntityRepository.Stage(SystemName system, SystemEntityTypeName systype, String data) in C:\dev\projects\internal_projects\centazio3\src\Centazio.Core\Stage\StagedEntityRepository.cs:line 33
   at Centazio.Test.Lib.BaseProviderTests.BaseStagedEntityRepositoryTests.Test_delete_staged_before() in C:\dev\projects\internal_projects\centazio3\src\Centazio.Test.Lib\BaseProviderTests\BaseStagedEntityRepositoryTests.cs:line 247
   at NUnit.Framework.Internal.TaskAwaitAdapter.GenericAdapter`1.GetResult()
   at NUnit.Framework.Internal.AsyncToSyncAdapter.Await[TResult](Func`1 invoke)
   at NUnit.Framework.Internal.AsyncToSyncAdapter.Await(Func`1 invoke)
   at NUnit.Framework.Internal.Commands.TestMethodCommand.RunTestMethod(TestExecutionContext context)
   at NUnit.Framework.Internal.Commands.TestMethodCommand.Execute(TestExecutionContext context)
   at NUnit.Framework.Internal.Commands.BeforeAndAfterTestCommand.<>c__DisplayClass1_0.<Execute>b__0()
   at NUnit.Framework.Internal.Commands.DelegatingTestCommand.RunTestMethodInThreadAbortSafeZone(TestExecutionContext context, Action action)]]></stack-trace>
                      </failure>
                      <output><![CDATA[[09:05:52 DBG] creating bucket testings3stagedentityrepository
]]></output>
                    </test-case>
                    <test-case id="59-1027" name="Test_get_returns_expected" fullname="Centazio.Providers.Aws.Tests.Stage.S3StagedEntityRepositoryTests.Test_get_returns_expected" methodname="Test_get_returns_expected" classname="Centazio.Test.Lib.BaseProviderTests.BaseStagedEntityRepositoryTests" runstate="Runnable" seed="26777531" result="Failed" label="Error" start-time="2024-10-27T22:05:52.4442388Z" end-time="2024-10-27T22:05:52.4620512Z" duration="0.017813" asserts="0">
                      <failure>
                        <message><![CDATA[System.MissingMethodException : Method not found: 'System.TimeSpan System.TimeSpan.FromSeconds(Int64)'.]]></message>
                        <stack-trace><![CDATA[   at Centazio.Test.Lib.TestingUtcDate.Tick(Nullable`1 interval)
   at Centazio.Test.Lib.BaseProviderTests.BaseStagedEntityRepositoryTests.Test_get_returns_expected() in C:\dev\projects\internal_projects\centazio3\src\Centazio.Test.Lib\BaseProviderTests\BaseStagedEntityRepositoryTests.cs:line 140
   at NUnit.Framework.Internal.TaskAwaitAdapter.GenericAdapter`1.GetResult()
   at NUnit.Framework.Internal.AsyncToSyncAdapter.Await[TResult](Func`1 invoke)
   at NUnit.Framework.Internal.AsyncToSyncAdapter.Await(Func`1 invoke)
   at NUnit.Framework.Internal.Commands.TestMethodCommand.RunTestMethod(TestExecutionContext context)
   at NUnit.Framework.Internal.Commands.TestMethodCommand.Execute(TestExecutionContext context)
   at NUnit.Framework.Internal.Commands.BeforeAndAfterTestCommand.<>c__DisplayClass1_0.<Execute>b__0()
   at NUnit.Framework.Internal.Commands.DelegatingTestCommand.RunTestMethodInThreadAbortSafeZone(TestExecutionContext context, Action action)]]></stack-trace>
                      </failure>
                      <output><![CDATA[[09:05:52 DBG] creating bucket testings3stagedentityrepository
]]></output>
                    </test-case>
                    <test-case id="59-1029" name="Test_get_returns_expected_with_ignores" fullname="Centazio.Providers.Aws.Tests.Stage.S3StagedEntityRepositoryTests.Test_get_returns_expected_with_ignores" methodname="Test_get_returns_expected_with_ignores" classname="Centazio.Test.Lib.BaseProviderTests.BaseStagedEntityRepositoryTests" runstate="Runnable" seed="1252928372" result="Failed" label="Error" start-time="2024-10-27T22:05:52.4620841Z" end-time="2024-10-27T22:05:52.4802263Z" duration="0.018142" asserts="0">
                      <failure>
                        <message><![CDATA[System.MissingMethodException : Method not found: 'System.TimeSpan System.TimeSpan.FromSeconds(Int64)'.]]></message>
                        <stack-trace><![CDATA[   at Centazio.Test.Lib.TestingUtcDate.Tick(Nullable`1 interval)
   at Centazio.Test.Lib.BaseProviderTests.BaseStagedEntityRepositoryTests.Test_get_returns_expected_with_ignores() in C:\dev\projects\internal_projects\centazio3\src\Centazio.Test.Lib\BaseProviderTests\BaseStagedEntityRepositoryTests.cs:line 174
   at NUnit.Framework.Internal.TaskAwaitAdapter.GenericAdapter`1.GetResult()
   at NUnit.Framework.Internal.AsyncToSyncAdapter.Await[TResult](Func`1 invoke)
   at NUnit.Framework.Internal.AsyncToSyncAdapter.Await(Func`1 invoke)
   at NUnit.Framework.Internal.Commands.TestMethodCommand.RunTestMethod(TestExecutionContext context)
   at NUnit.Framework.Internal.Commands.TestMethodCommand.Execute(TestExecutionContext context)
   at NUnit.Framework.Internal.Commands.BeforeAndAfterTestCommand.<>c__DisplayClass1_0.<Execute>b__0()
   at NUnit.Framework.Internal.Commands.DelegatingTestCommand.RunTestMethodInThreadAbortSafeZone(TestExecutionContext context, Action action)]]></stack-trace>
                      </failure>
                      <output><![CDATA[[09:05:52 DBG] creating bucket testings3stagedentityrepository
]]></output>
                    </test-case>
                    <test-case id="59-1023" name="Test_get_returns_in_sorted_order" fullname="Centazio.Providers.Aws.Tests.Stage.S3StagedEntityRepositoryTests.Test_get_returns_in_sorted_order" methodname="Test_get_returns_in_sorted_order" classname="Centazio.Test.Lib.BaseProviderTests.BaseStagedEntityRepositoryTests" runstate="Runnable" seed="1638207464" result="Failed" label="Error" start-time="2024-10-27T22:05:52.4802526Z" end-time="2024-10-27T22:05:52.4981423Z" duration="0.017890" asserts="0">
                      <failure>
                        <message><![CDATA[System.MissingMethodException : Method not found: 'System.TimeSpan System.TimeSpan.FromSeconds(Int64)'.]]></message>
                        <stack-trace><![CDATA[   at Centazio.Test.Lib.TestingUtcDate.Tick(Nullable`1 interval)
   at Centazio.Test.Lib.BaseProviderTests.BaseStagedEntityRepositoryTests.<Test_get_returns_in_sorted_order>b__10_0(Int32 _) in C:\dev\projects\internal_projects\centazio3\src\Centazio.Test.Lib\BaseProviderTests\BaseStagedEntityRepositoryTests.cs:line 61
   at System.Linq.Enumerable.SelectRangeIterator`1.Fill(Span`1 results, Int32 start, Func`2 func)
   at System.Linq.Enumerable.SelectRangeIterator`1.ToList()
   at System.Linq.Enumerable.ToList[TSource](IEnumerable`1 source)
   at Centazio.Test.Lib.BaseProviderTests.BaseStagedEntityRepositoryTests.Test_get_returns_in_sorted_order() in C:\dev\projects\internal_projects\centazio3\src\Centazio.Test.Lib\BaseProviderTests\BaseStagedEntityRepositoryTests.cs:line 61
   at NUnit.Framework.Internal.TaskAwaitAdapter.GenericAdapter`1.GetResult()
   at NUnit.Framework.Internal.AsyncToSyncAdapter.Await[TResult](Func`1 invoke)
   at NUnit.Framework.Internal.AsyncToSyncAdapter.Await(Func`1 invoke)
   at NUnit.Framework.Internal.Commands.TestMethodCommand.RunTestMethod(TestExecutionContext context)
   at NUnit.Framework.Internal.Commands.TestMethodCommand.Execute(TestExecutionContext context)
   at NUnit.Framework.Internal.Commands.BeforeAndAfterTestCommand.<>c__DisplayClass1_0.<Execute>b__0()
   at NUnit.Framework.Internal.Commands.DelegatingTestCommand.RunTestMethodInThreadAbortSafeZone(TestExecutionContext context, Action action)]]></stack-trace>
                      </failure>
                      <output><![CDATA[[09:05:52 DBG] creating bucket testings3stagedentityrepository
]]></output>
                    </test-case>
                    <test-case id="59-1024" name="Test_get_returns_in_sorted_order_with_limit" fullname="Centazio.Providers.Aws.Tests.Stage.S3StagedEntityRepositoryTests.Test_get_returns_in_sorted_order_with_limit" methodname="Test_get_returns_in_sorted_order_with_limit" classname="Centazio.Test.Lib.BaseProviderTests.BaseStagedEntityRepositoryTests" runstate="Runnable" seed="745798940" result="Failed" label="Error" start-time="2024-10-27T22:05:52.4981687Z" end-time="2024-10-27T22:05:52.5124271Z" duration="0.014258" asserts="0">
                      <failure>
                        <message><![CDATA[System.MissingMethodException : Method not found: 'System.TimeSpan System.TimeSpan.FromSeconds(Int64)'.]]></message>
                        <stack-trace><![CDATA[   at Centazio.Test.Lib.TestingUtcDate.Tick(Nullable`1 interval)
   at Centazio.Test.Lib.BaseProviderTests.BaseStagedEntityRepositoryTests.<Test_get_returns_in_sorted_order_with_limit>b__11_0(Int32 _) in C:\dev\projects\internal_projects\centazio3\src\Centazio.Test.Lib\BaseProviderTests\BaseStagedEntityRepositoryTests.cs:line 76
   at System.Linq.Enumerable.SelectRangeIterator`1.Fill(Span`1 results, Int32 start, Func`2 func)
   at System.Linq.Enumerable.SelectRangeIterator`1.ToList()
   at System.Linq.Enumerable.ToList[TSource](IEnumerable`1 source)
   at Centazio.Test.Lib.BaseProviderTests.BaseStagedEntityRepositoryTests.Test_get_returns_in_sorted_order_with_limit() in C:\dev\projects\internal_projects\centazio3\src\Centazio.Test.Lib\BaseProviderTests\BaseStagedEntityRepositoryTests.cs:line 76
   at NUnit.Framework.Internal.TaskAwaitAdapter.GenericAdapter`1.GetResult()
   at NUnit.Framework.Internal.AsyncToSyncAdapter.Await[TResult](Func`1 invoke)
   at NUnit.Framework.Internal.AsyncToSyncAdapter.Await(Func`1 invoke)
   at NUnit.Framework.Internal.Commands.TestMethodCommand.RunTestMethod(TestExecutionContext context)
   at NUnit.Framework.Internal.Commands.TestMethodCommand.Execute(TestExecutionContext context)
   at NUnit.Framework.Internal.Commands.BeforeAndAfterTestCommand.<>c__DisplayClass1_0.<Execute>b__0()
   at NUnit.Framework.Internal.Commands.DelegatingTestCommand.RunTestMethodInThreadAbortSafeZone(TestExecutionContext context, Action action)]]></stack-trace>
                      </failure>
                      <output><![CDATA[[09:05:52 DBG] creating bucket testings3stagedentityrepository
]]></output>
                    </test-case>
                    <test-case id="59-1030" name="Test_get_returns_oldest_first_page_as_expected" fullname="Centazio.Providers.Aws.Tests.Stage.S3StagedEntityRepositoryTests.Test_get_returns_oldest_first_page_as_expected" methodname="Test_get_returns_oldest_first_page_as_expected" classname="Centazio.Test.Lib.BaseProviderTests.BaseStagedEntityRepositoryTests" runstate="Runnable" seed="96494218" result="Failed" label="Error" start-time="2024-10-27T22:05:52.5124544Z" end-time="2024-10-27T22:05:52.5286405Z" duration="0.016186" asserts="0">
                      <failure>
                        <message><![CDATA[System.MissingMethodException : Method not found: 'System.TimeSpan System.TimeSpan.FromSeconds(Int64)'.]]></message>
                        <stack-trace><![CDATA[   at Centazio.Test.Lib.TestingUtcDate.Tick(Nullable`1 interval)
   at Centazio.Test.Lib.BaseProviderTests.BaseStagedEntityRepositoryTests.Test_get_returns_oldest_first_page_as_expected() in C:\dev\projects\internal_projects\centazio3\src\Centazio.Test.Lib\BaseProviderTests\BaseStagedEntityRepositoryTests.cs:line 222
   at NUnit.Framework.Internal.TaskAwaitAdapter.GenericAdapter`1.GetResult()
   at NUnit.Framework.Internal.AsyncToSyncAdapter.Await[TResult](Func`1 invoke)
   at NUnit.Framework.Internal.AsyncToSyncAdapter.Await(Func`1 invoke)
   at NUnit.Framework.Internal.Commands.TestMethodCommand.RunTestMethod(TestExecutionContext context)
   at NUnit.Framework.Internal.Commands.TestMethodCommand.Execute(TestExecutionContext context)
   at NUnit.Framework.Internal.Commands.BeforeAndAfterTestCommand.<>c__DisplayClass1_0.<Execute>b__0()
   at NUnit.Framework.Internal.Commands.DelegatingTestCommand.RunTestMethodInThreadAbortSafeZone(TestExecutionContext context, Action action)]]></stack-trace>
                      </failure>
                      <output><![CDATA[[09:05:52 DBG] creating bucket testings3stagedentityrepository
]]></output>
                    </test-case>
                    <test-case id="59-1036" name="Test_GetAll_GetUnpromoted_respect_DatePromoted_state" fullname="Centazio.Providers.Aws.Tests.Stage.S3StagedEntityRepositoryTests.Test_GetAll_GetUnpromoted_respect_DatePromoted_state" methodname="Test_GetAll_GetUnpromoted_respect_DatePromoted_state" classname="Centazio.Test.Lib.BaseProviderTests.BaseStagedEntityRepositoryTests" runstate="Runnable" seed="1729954664" result="Failed" label="Error" start-time="2024-10-27T22:05:52.5286678Z" end-time="2024-10-27T22:05:52.5445397Z" duration="0.015872" asserts="0">
                      <failure>
                        <message><![CDATA[System.MissingMethodException : Method not found: 'System.Guid System.Guid.CreateVersion7()'.]]></message>
                        <stack-trace><![CDATA[   at Centazio.Core.Ctl.Entities.StagedEntity.Create(SystemName system, SystemEntityTypeName systype, DateTime staged, ValidString data, StagedEntityChecksum checksum)
   at Centazio.Core.Stage.AbstractStagedEntityRepository.<>c__DisplayClass7_0.<Stage>b__0(String data) in C:\dev\projects\internal_projects\centazio3\src\Centazio.Core\Stage\StagedEntityRepository.cs:line 39
   at System.Linq.Enumerable.SelectEnumerableIterator`2.ToList()
   at System.Linq.Enumerable.ToList[TSource](IEnumerable`1 source)
   at Centazio.Core.Stage.AbstractStagedEntityRepository.Stage(SystemName system, SystemEntityTypeName systype, List`1 datas) in C:\dev\projects\internal_projects\centazio3\src\Centazio.Core\Stage\StagedEntityRepository.cs:line 39
   at Centazio.Core.Stage.AbstractStagedEntityRepository.Stage(SystemName system, SystemEntityTypeName systype, String data) in C:\dev\projects\internal_projects\centazio3\src\Centazio.Core\Stage\StagedEntityRepository.cs:line 33
   at Centazio.Test.Lib.BaseProviderTests.BaseStagedEntityRepositoryTests.Test_GetAll_GetUnpromoted_respect_DatePromoted_state() in C:\dev\projects\internal_projects\centazio3\src\Centazio.Test.Lib\BaseProviderTests\BaseStagedEntityRepositoryTests.cs:line 334
   at NUnit.Framework.Internal.TaskAwaitAdapter.GenericAdapter`1.GetResult()
   at NUnit.Framework.Internal.AsyncToSyncAdapter.Await[TResult](Func`1 invoke)
   at NUnit.Framework.Internal.AsyncToSyncAdapter.Await(Func`1 invoke)
   at NUnit.Framework.Internal.Commands.TestMethodCommand.RunTestMethod(TestExecutionContext context)
   at NUnit.Framework.Internal.Commands.TestMethodCommand.Execute(TestExecutionContext context)
   at NUnit.Framework.Internal.Commands.BeforeAndAfterTestCommand.<>c__DisplayClass1_0.<Execute>b__0()
   at NUnit.Framework.Internal.Commands.DelegatingTestCommand.RunTestMethodInThreadAbortSafeZone(TestExecutionContext context, Action action)]]></stack-trace>
                      </failure>
                      <output><![CDATA[[09:05:52 DBG] creating bucket testings3stagedentityrepository
]]></output>
                    </test-case>
                    <test-case id="59-1022" name="Test_saving_multiple_entities" fullname="Centazio.Providers.Aws.Tests.Stage.S3StagedEntityRepositoryTests.Test_saving_multiple_entities" methodname="Test_saving_multiple_entities" classname="Centazio.Test.Lib.BaseProviderTests.BaseStagedEntityRepositoryTests" runstate="Runnable" seed="2113773640" result="Failed" label="Error" start-time="2024-10-27T22:05:52.5445691Z" end-time="2024-10-27T22:05:52.5844972Z" duration="0.039928" asserts="0">
                      <failure>
                        <message><![CDATA[System.MissingMethodException : Method not found: 'System.Guid System.Guid.CreateVersion7()'.]]></message>
                        <stack-trace><![CDATA[   at Centazio.Core.Ctl.Entities.StagedEntity.Create(SystemName system, SystemEntityTypeName systype, DateTime staged, ValidString data, StagedEntityChecksum checksum)
   at Centazio.Core.Stage.AbstractStagedEntityRepository.<>c__DisplayClass7_0.<Stage>b__0(String data) in C:\dev\projects\internal_projects\centazio3\src\Centazio.Core\Stage\StagedEntityRepository.cs:line 39
   at System.Linq.Enumerable.SelectEnumerableIterator`2.ToList()
   at System.Linq.Enumerable.ToList[TSource](IEnumerable`1 source)
   at Centazio.Core.Stage.AbstractStagedEntityRepository.Stage(SystemName system, SystemEntityTypeName systype, List`1 datas) in C:\dev\projects\internal_projects\centazio3\src\Centazio.Core\Stage\StagedEntityRepository.cs:line 39
   at Centazio.Test.Lib.BaseProviderTests.BaseStagedEntityRepositoryTests.Test_saving_multiple_entities() in C:\dev\projects\internal_projects\centazio3\src\Centazio.Test.Lib\BaseProviderTests\BaseStagedEntityRepositoryTests.cs:line 46
   at NUnit.Framework.Internal.TaskAwaitAdapter.GenericAdapter`1.GetResult()
   at NUnit.Framework.Internal.AsyncToSyncAdapter.Await[TResult](Func`1 invoke)
   at NUnit.Framework.Internal.AsyncToSyncAdapter.Await(Func`1 invoke)
   at NUnit.Framework.Internal.Commands.TestMethodCommand.RunTestMethod(TestExecutionContext context)
   at NUnit.Framework.Internal.Commands.TestMethodCommand.Execute(TestExecutionContext context)
   at NUnit.Framework.Internal.Commands.BeforeAndAfterTestCommand.<>c__DisplayClass1_0.<Execute>b__0()
   at NUnit.Framework.Internal.Commands.DelegatingTestCommand.RunTestMethodInThreadAbortSafeZone(TestExecutionContext context, Action action)]]></stack-trace>
                      </failure>
                      <output><![CDATA[[09:05:52 DBG] creating bucket testings3stagedentityrepository
]]></output>
                    </test-case>
                    <test-case id="59-1026" name="Test_saving_multiple_large_entities" fullname="Centazio.Providers.Aws.Tests.Stage.S3StagedEntityRepositoryTests.Test_saving_multiple_large_entities" methodname="Test_saving_multiple_large_entities" classname="Centazio.Test.Lib.BaseProviderTests.BaseStagedEntityRepositoryTests" runstate="Runnable" seed="1468347447" result="Failed" label="Error" start-time="2024-10-27T22:05:52.5845737Z" end-time="2024-10-27T22:05:52.6058663Z" duration="0.021293" asserts="0">
                      <failure>
                        <message><![CDATA[System.MissingMethodException : Method not found: 'System.Guid System.Guid.CreateVersion7()'.]]></message>
                        <stack-trace><![CDATA[   at Centazio.Core.Ctl.Entities.StagedEntity.Create(SystemName system, SystemEntityTypeName systype, DateTime staged, ValidString data, StagedEntityChecksum checksum)
   at Centazio.Core.Stage.AbstractStagedEntityRepository.<>c__DisplayClass7_0.<Stage>b__0(String data) in C:\dev\projects\internal_projects\centazio3\src\Centazio.Core\Stage\StagedEntityRepository.cs:line 39
   at System.Linq.Enumerable.SelectEnumerableIterator`2.ToList()
   at System.Linq.Enumerable.ToList[TSource](IEnumerable`1 source)
   at Centazio.Core.Stage.AbstractStagedEntityRepository.Stage(SystemName system, SystemEntityTypeName systype, List`1 datas) in C:\dev\projects\internal_projects\centazio3\src\Centazio.Core\Stage\StagedEntityRepository.cs:line 39
   at Centazio.Test.Lib.BaseProviderTests.BaseStagedEntityRepositoryTests.Test_saving_multiple_large_entities() in C:\dev\projects\internal_projects\centazio3\src\Centazio.Test.Lib\BaseProviderTests\BaseStagedEntityRepositoryTests.cs:line 114
   at NUnit.Framework.Internal.TaskAwaitAdapter.GenericAdapter`1.GetResult()
   at NUnit.Framework.Internal.AsyncToSyncAdapter.Await[TResult](Func`1 invoke)
   at NUnit.Framework.Internal.AsyncToSyncAdapter.Await(Func`1 invoke)
   at NUnit.Framework.Internal.Commands.TestMethodCommand.RunTestMethod(TestExecutionContext context)
   at NUnit.Framework.Internal.Commands.TestMethodCommand.Execute(TestExecutionContext context)
   at NUnit.Framework.Internal.Commands.BeforeAndAfterTestCommand.<>c__DisplayClass1_0.<Execute>b__0()
   at NUnit.Framework.Internal.Commands.DelegatingTestCommand.RunTestMethodInThreadAbortSafeZone(TestExecutionContext context, Action action)]]></stack-trace>
                      </failure>
                      <output><![CDATA[[09:05:52 DBG] creating bucket testings3stagedentityrepository
]]></output>
                    </test-case>
                    <test-case id="59-1020" name="Test_saving_single_entity" fullname="Centazio.Providers.Aws.Tests.Stage.S3StagedEntityRepositoryTests.Test_saving_single_entity" methodname="Test_saving_single_entity" classname="Centazio.Test.Lib.BaseProviderTests.BaseStagedEntityRepositoryTests" runstate="Runnable" seed="2114874395" result="Failed" label="Error" start-time="2024-10-27T22:05:52.6059650Z" end-time="2024-10-27T22:05:52.6284734Z" duration="0.022508" asserts="0">
                      <failure>
                        <message><![CDATA[System.MissingMethodException : Method not found: 'System.Guid System.Guid.CreateVersion7()'.]]></message>
                        <stack-trace><![CDATA[   at Centazio.Core.Ctl.Entities.StagedEntity.Create(SystemName system, SystemEntityTypeName systype, DateTime staged, ValidString data, StagedEntityChecksum checksum)
   at Centazio.Core.Stage.AbstractStagedEntityRepository.<>c__DisplayClass7_0.<Stage>b__0(String data) in C:\dev\projects\internal_projects\centazio3\src\Centazio.Core\Stage\StagedEntityRepository.cs:line 39
   at System.Linq.Enumerable.SelectEnumerableIterator`2.ToList()
   at System.Linq.Enumerable.ToList[TSource](IEnumerable`1 source)
   at Centazio.Core.Stage.AbstractStagedEntityRepository.Stage(SystemName system, SystemEntityTypeName systype, List`1 datas) in C:\dev\projects\internal_projects\centazio3\src\Centazio.Core\Stage\StagedEntityRepository.cs:line 39
   at Centazio.Core.Stage.AbstractStagedEntityRepository.Stage(SystemName system, SystemEntityTypeName systype, String data) in C:\dev\projects\internal_projects\centazio3\src\Centazio.Core\Stage\StagedEntityRepository.cs:line 33
   at Centazio.Test.Lib.BaseProviderTests.BaseStagedEntityRepositoryTests.Test_saving_single_entity() in C:\dev\projects\internal_projects\centazio3\src\Centazio.Test.Lib\BaseProviderTests\BaseStagedEntityRepositoryTests.cs:line 27
   at NUnit.Framework.Internal.TaskAwaitAdapter.GenericAdapter`1.GetResult()
   at NUnit.Framework.Internal.AsyncToSyncAdapter.Await[TResult](Func`1 invoke)
   at NUnit.Framework.Internal.AsyncToSyncAdapter.Await(Func`1 invoke)
   at NUnit.Framework.Internal.Commands.TestMethodCommand.RunTestMethod(TestExecutionContext context)
   at NUnit.Framework.Internal.Commands.TestMethodCommand.Execute(TestExecutionContext context)
   at NUnit.Framework.Internal.Commands.BeforeAndAfterTestCommand.<>c__DisplayClass1_0.<Execute>b__0()
   at NUnit.Framework.Internal.Commands.DelegatingTestCommand.RunTestMethodInThreadAbortSafeZone(TestExecutionContext context, Action action)]]></stack-trace>
                      </failure>
                      <output><![CDATA[[09:05:52 DBG] creating bucket testings3stagedentityrepository
]]></output>
                    </test-case>
                    <test-case id="59-1028" name="Test_single_ignore_update" fullname="Centazio.Providers.Aws.Tests.Stage.S3StagedEntityRepositoryTests.Test_single_ignore_update" methodname="Test_single_ignore_update" classname="Centazio.Test.Lib.BaseProviderTests.BaseStagedEntityRepositoryTests" runstate="Runnable" seed="295658260" result="Failed" label="Error" start-time="2024-10-27T22:05:52.6285287Z" end-time="2024-10-27T22:05:52.6471037Z" duration="0.018575" asserts="0">
                      <failure>
                        <message><![CDATA[System.MissingMethodException : Method not found: 'System.Guid System.Guid.CreateVersion7()'.]]></message>
                        <stack-trace><![CDATA[   at Centazio.Core.Ctl.Entities.StagedEntity.Create(SystemName system, SystemEntityTypeName systype, DateTime staged, ValidString data, StagedEntityChecksum checksum)
   at Centazio.Core.Stage.AbstractStagedEntityRepository.<>c__DisplayClass7_0.<Stage>b__0(String data) in C:\dev\projects\internal_projects\centazio3\src\Centazio.Core\Stage\StagedEntityRepository.cs:line 39
   at System.Linq.Enumerable.SelectEnumerableIterator`2.ToList()
   at System.Linq.Enumerable.ToList[TSource](IEnumerable`1 source)
   at Centazio.Core.Stage.AbstractStagedEntityRepository.Stage(SystemName system, SystemEntityTypeName systype, List`1 datas) in C:\dev\projects\internal_projects\centazio3\src\Centazio.Core\Stage\StagedEntityRepository.cs:line 39
   at Centazio.Core.Stage.AbstractStagedEntityRepository.Stage(SystemName system, SystemEntityTypeName systype, String data) in C:\dev\projects\internal_projects\centazio3\src\Centazio.Core\Stage\StagedEntityRepository.cs:line 33
   at Centazio.Test.Lib.BaseProviderTests.BaseStagedEntityRepositoryTests.Test_single_ignore_update() in C:\dev\projects\internal_projects\centazio3\src\Centazio.Test.Lib\BaseProviderTests\BaseStagedEntityRepositoryTests.cs:line 167
   at NUnit.Framework.Internal.TaskAwaitAdapter.GenericAdapter`1.GetResult()
   at NUnit.Framework.Internal.AsyncToSyncAdapter.Await[TResult](Func`1 invoke)
   at NUnit.Framework.Internal.AsyncToSyncAdapter.Await(Func`1 invoke)
   at NUnit.Framework.Internal.Commands.TestMethodCommand.RunTestMethod(TestExecutionContext context)
   at NUnit.Framework.Internal.Commands.TestMethodCommand.Execute(TestExecutionContext context)
   at NUnit.Framework.Internal.Commands.BeforeAndAfterTestCommand.<>c__DisplayClass1_0.<Execute>b__0()
   at NUnit.Framework.Internal.Commands.DelegatingTestCommand.RunTestMethodInThreadAbortSafeZone(TestExecutionContext context, Action action)]]></stack-trace>
                      </failure>
                      <output><![CDATA[[09:05:52 DBG] creating bucket testings3stagedentityrepository
]]></output>
                    </test-case>
                    <test-case id="59-1034" name="Test_stage_single_ignores_duplicates" fullname="Centazio.Providers.Aws.Tests.Stage.S3StagedEntityRepositoryTests.Test_stage_single_ignores_duplicates" methodname="Test_stage_single_ignores_duplicates" classname="Centazio.Test.Lib.BaseProviderTests.BaseStagedEntityRepositoryTests" runstate="Runnable" seed="767204782" result="Failed" label="Error" start-time="2024-10-27T22:05:52.6471599Z" end-time="2024-10-27T22:05:52.6635175Z" duration="0.016358" asserts="0">
                      <failure>
                        <message><![CDATA[System.MissingMethodException : Method not found: 'System.TimeSpan System.TimeSpan.FromSeconds(Int64)'.]]></message>
                        <stack-trace><![CDATA[   at Centazio.Test.Lib.TestingUtcDate.Tick(Nullable`1 interval)
   at Centazio.Test.Lib.BaseProviderTests.BaseStagedEntityRepositoryTests.Test_stage_single_ignores_duplicates() in C:\dev\projects\internal_projects\centazio3\src\Centazio.Test.Lib\BaseProviderTests\BaseStagedEntityRepositoryTests.cs:line 310
   at NUnit.Framework.Internal.TaskAwaitAdapter.GenericAdapter`1.GetResult()
   at NUnit.Framework.Internal.AsyncToSyncAdapter.Await[TResult](Func`1 invoke)
   at NUnit.Framework.Internal.AsyncToSyncAdapter.Await(Func`1 invoke)
   at NUnit.Framework.Internal.Commands.TestMethodCommand.RunTestMethod(TestExecutionContext context)
   at NUnit.Framework.Internal.Commands.TestMethodCommand.Execute(TestExecutionContext context)
   at NUnit.Framework.Internal.Commands.BeforeAndAfterTestCommand.<>c__DisplayClass1_0.<Execute>b__0()
   at NUnit.Framework.Internal.Commands.DelegatingTestCommand.RunTestMethodInThreadAbortSafeZone(TestExecutionContext context, Action action)]]></stack-trace>
                      </failure>
                      <output><![CDATA[[09:05:52 DBG] creating bucket testings3stagedentityrepository
]]></output>
                    </test-case>
                    <test-case id="59-1035" name="Test_staging_multiple_entities_ignores_duplicates" fullname="Centazio.Providers.Aws.Tests.Stage.S3StagedEntityRepositoryTests.Test_staging_multiple_entities_ignores_duplicates" methodname="Test_staging_multiple_entities_ignores_duplicates" classname="Centazio.Test.Lib.BaseProviderTests.BaseStagedEntityRepositoryTests" runstate="Runnable" seed="1643220121" result="Failed" label="Error" start-time="2024-10-27T22:05:52.6635513Z" end-time="2024-10-27T22:05:52.6796241Z" duration="0.016073" asserts="0">
                      <failure>
                        <message><![CDATA[System.MissingMethodException : Method not found: 'System.Guid System.Guid.CreateVersion7()'.]]></message>
                        <stack-trace><![CDATA[   at Centazio.Core.Ctl.Entities.StagedEntity.Create(SystemName system, SystemEntityTypeName systype, DateTime staged, ValidString data, StagedEntityChecksum checksum)
   at Centazio.Core.Stage.AbstractStagedEntityRepository.<>c__DisplayClass7_0.<Stage>b__0(String data) in C:\dev\projects\internal_projects\centazio3\src\Centazio.Core\Stage\StagedEntityRepository.cs:line 39
   at System.Linq.Enumerable.SelectEnumerableIterator`2.ToList()
   at System.Linq.Enumerable.ToList[TSource](IEnumerable`1 source)
   at Centazio.Core.Stage.AbstractStagedEntityRepository.Stage(SystemName system, SystemEntityTypeName systype, List`1 datas) in C:\dev\projects\internal_projects\centazio3\src\Centazio.Core\Stage\StagedEntityRepository.cs:line 39
   at Centazio.Test.Lib.BaseProviderTests.BaseStagedEntityRepositoryTests.Test_staging_multiple_entities_ignores_duplicates() in C:\dev\projects\internal_projects\centazio3\src\Centazio.Test.Lib\BaseProviderTests\BaseStagedEntityRepositoryTests.cs:line 325
   at NUnit.Framework.Internal.TaskAwaitAdapter.GenericAdapter`1.GetResult()
   at NUnit.Framework.Internal.AsyncToSyncAdapter.Await[TResult](Func`1 invoke)
   at NUnit.Framework.Internal.AsyncToSyncAdapter.Await(Func`1 invoke)
   at NUnit.Framework.Internal.Commands.TestMethodCommand.RunTestMethod(TestExecutionContext context)
   at NUnit.Framework.Internal.Commands.TestMethodCommand.Execute(TestExecutionContext context)
   at NUnit.Framework.Internal.Commands.BeforeAndAfterTestCommand.<>c__DisplayClass1_0.<Execute>b__0()
   at NUnit.Framework.Internal.Commands.DelegatingTestCommand.RunTestMethodInThreadAbortSafeZone(TestExecutionContext context, Action action)]]></stack-trace>
                      </failure>
                      <output><![CDATA[[09:05:52 DBG] creating bucket testings3stagedentityrepository
]]></output>
                    </test-case>
                    <test-case id="59-1025" name="Test_updating_multiple_entities" fullname="Centazio.Providers.Aws.Tests.Stage.S3StagedEntityRepositoryTests.Test_updating_multiple_entities" methodname="Test_updating_multiple_entities" classname="Centazio.Test.Lib.BaseProviderTests.BaseStagedEntityRepositoryTests" runstate="Runnable" seed="2056695518" result="Failed" label="Error" start-time="2024-10-27T22:05:52.6796518Z" end-time="2024-10-27T22:05:52.6970647Z" duration="0.017413" asserts="0">
                      <failure>
                        <message><![CDATA[System.MissingMethodException : Method not found: 'System.Guid System.Guid.CreateVersion7()'.]]></message>
                        <stack-trace><![CDATA[   at Centazio.Core.Ctl.Entities.StagedEntity.Create(SystemName system, SystemEntityTypeName systype, DateTime staged, ValidString data, StagedEntityChecksum checksum)
   at Centazio.Core.Stage.AbstractStagedEntityRepository.<>c__DisplayClass7_0.<Stage>b__0(String data) in C:\dev\projects\internal_projects\centazio3\src\Centazio.Core\Stage\StagedEntityRepository.cs:line 39
   at System.Linq.Enumerable.SelectEnumerableIterator`2.ToList()
   at System.Linq.Enumerable.ToList[TSource](IEnumerable`1 source)
   at Centazio.Core.Stage.AbstractStagedEntityRepository.Stage(SystemName system, SystemEntityTypeName systype, List`1 datas) in C:\dev\projects\internal_projects\centazio3\src\Centazio.Core\Stage\StagedEntityRepository.cs:line 39
   at Centazio.Test.Lib.BaseProviderTests.BaseStagedEntityRepositoryTests.Test_updating_multiple_entities() in C:\dev\projects\internal_projects\centazio3\src\Centazio.Test.Lib\BaseProviderTests\BaseStagedEntityRepositoryTests.cs:line 95
   at NUnit.Framework.Internal.TaskAwaitAdapter.GenericAdapter`1.GetResult()
   at NUnit.Framework.Internal.AsyncToSyncAdapter.Await[TResult](Func`1 invoke)
   at NUnit.Framework.Internal.AsyncToSyncAdapter.Await(Func`1 invoke)
   at NUnit.Framework.Internal.Commands.TestMethodCommand.RunTestMethod(TestExecutionContext context)
   at NUnit.Framework.Internal.Commands.TestMethodCommand.Execute(TestExecutionContext context)
   at NUnit.Framework.Internal.Commands.BeforeAndAfterTestCommand.<>c__DisplayClass1_0.<Execute>b__0()
   at NUnit.Framework.Internal.Commands.DelegatingTestCommand.RunTestMethodInThreadAbortSafeZone(TestExecutionContext context, Action action)]]></stack-trace>
                      </failure>
                      <output><![CDATA[[09:05:52 DBG] creating bucket testings3stagedentityrepository
]]></output>
                    </test-case>
                    <test-case id="59-1021" name="Test_updating_single_entity" fullname="Centazio.Providers.Aws.Tests.Stage.S3StagedEntityRepositoryTests.Test_updating_single_entity" methodname="Test_updating_single_entity" classname="Centazio.Test.Lib.BaseProviderTests.BaseStagedEntityRepositoryTests" runstate="Runnable" seed="812126306" result="Failed" label="Error" start-time="2024-10-27T22:05:52.6970931Z" end-time="2024-10-27T22:05:52.7124216Z" duration="0.015329" asserts="0">
                      <failure>
                        <message><![CDATA[System.MissingMethodException : Method not found: 'System.Guid System.Guid.CreateVersion7()'.]]></message>
                        <stack-trace><![CDATA[   at Centazio.Core.Ctl.Entities.StagedEntity.Create(SystemName system, SystemEntityTypeName systype, DateTime staged, ValidString data, StagedEntityChecksum checksum)
   at Centazio.Core.Stage.AbstractStagedEntityRepository.<>c__DisplayClass7_0.<Stage>b__0(String data) in C:\dev\projects\internal_projects\centazio3\src\Centazio.Core\Stage\StagedEntityRepository.cs:line 39
   at System.Linq.Enumerable.SelectEnumerableIterator`2.ToList()
   at System.Linq.Enumerable.ToList[TSource](IEnumerable`1 source)
   at Centazio.Core.Stage.AbstractStagedEntityRepository.Stage(SystemName system, SystemEntityTypeName systype, List`1 datas) in C:\dev\projects\internal_projects\centazio3\src\Centazio.Core\Stage\StagedEntityRepository.cs:line 39
   at Centazio.Core.Stage.AbstractStagedEntityRepository.Stage(SystemName system, SystemEntityTypeName systype, String data) in C:\dev\projects\internal_projects\centazio3\src\Centazio.Core\Stage\StagedEntityRepository.cs:line 33
   at Centazio.Test.Lib.BaseProviderTests.BaseStagedEntityRepositoryTests.Test_updating_single_entity() in C:\dev\projects\internal_projects\centazio3\src\Centazio.Test.Lib\BaseProviderTests\BaseStagedEntityRepositoryTests.cs:line 36
   at NUnit.Framework.Internal.TaskAwaitAdapter.GenericAdapter`1.GetResult()
   at NUnit.Framework.Internal.AsyncToSyncAdapter.Await[TResult](Func`1 invoke)
   at NUnit.Framework.Internal.AsyncToSyncAdapter.Await(Func`1 invoke)
   at NUnit.Framework.Internal.Commands.TestMethodCommand.RunTestMethod(TestExecutionContext context)
   at NUnit.Framework.Internal.Commands.TestMethodCommand.Execute(TestExecutionContext context)
   at NUnit.Framework.Internal.Commands.BeforeAndAfterTestCommand.<>c__DisplayClass1_0.<Execute>b__0()
   at NUnit.Framework.Internal.Commands.DelegatingTestCommand.RunTestMethodInThreadAbortSafeZone(TestExecutionContext context, Action action)]]></stack-trace>
                      </failure>
                      <output><![CDATA[[09:05:52 DBG] creating bucket testings3stagedentityrepository
]]></output>
                    </test-case>
                  </test-suite>
                </test-suite>
              </test-suite>
            </test-suite>
          </test-suite>
        </test-suite>
      </test-suite>
    </test-suite>
    <test-suite type="Assembly" id="60-1" name="Centazio.Providers.SqlServer.dll" fullname="C:\dev\projects\internal_projects\centazio3\src\Centazio.Providers\Centazio.Providers.SqlServer\bin\Debug\net9.0\Centazio.Providers.SqlServer.dll" testcasecount="0" runstate="Runnable" result="Skipped" label="NoTests">
      <properties>
        <property name="_SKIPREASON" value="Skipping non-test assembly" />
      </properties>
      <reason>
        <message>Skipping non-test assembly</message>
      </reason>
    </test-suite>
    <test-suite type="Assembly" id="61-1049" name="Centazio.Providers.SqlServer.Tests.dll" fullname="C:\dev\projects\internal_projects\centazio3\tests\Centazio.Providers.SqlServer.Tests\bin\Debug\net9.0\Centazio.Providers.SqlServer.Tests.dll" runstate="Runnable" testcasecount="43" result="Failed" site="Child" start-time="2024-10-27T22:05:54.1607986Z" end-time="2024-10-27T22:06:14.7510175Z" duration="20.590176" total="43" passed="18" failed="25" warnings="0" inconclusive="0" skipped="0" asserts="34">
      <environment framework-version="4.0.1.0" clr-version="8.0.8" os-version="Microsoft Windows 10.0.19045" platform="Win32NT" cwd="C:\dev\projects\internal_projects\centazio3" machine-name="PICNETD113" user="guidot" user-domain="PICNET" culture="en-AU" uiculture="en-GB" os-architecture="x64" />
      <settings>
        <setting name="SkipNonTestAssemblies" value="True" />
        <setting name="DisposeRunners" value="True" />
        <setting name="WorkDirectory" value="C:\dev\projects\internal_projects\centazio3" />
        <setting name="ActiveConfig" value="Debug" />
        <setting name="ConfigNames" value="System.Collections.Generic.List`1[System.String]" />
        <setting name="ImageRuntimeVersion" value="4.0.30319" />
        <setting name="ImageTargetFrameworkName" value=".NETCoreApp,Version=v9.0" />
        <setting name="ImageRequiresX86" value="False" />
        <setting name="ImageRequiresDefaultAppDomainAssemblyResolver" value="False" />
        <setting name="TargetRuntimeFramework" value="netcore-9.0" />
        <setting name="NumberOfTestWorkers" value="8" />
      </settings>
      <properties>
        <property name="_PID" value="2608" />
        <property name="_APPDOMAIN" value="nunit-agent" />
      </properties>
      <failure>
        <message><![CDATA[One or more child tests had errors]]></message>
      </failure>
      <test-suite type="SetUpFixture" id="61-1000" name="[default namespace]" fullname="TestSuiteInitialiser" classname="TestSuiteInitialiser" runstate="Runnable" testcasecount="43" result="Failed" site="Child" start-time="2024-10-27T22:05:54.1642952Z" end-time="2024-10-27T22:06:14.7509535Z" duration="20.586636" total="43" passed="18" failed="25" warnings="0" inconclusive="0" skipped="0" asserts="34">
        <failure>
          <message><![CDATA[One or more child tests had errors]]></message>
        </failure>
        <output><![CDATA[[testcontainers.org 00:00:11.69] Stop Docker container 7badb2fec064
[testcontainers.org 00:00:20.40] Delete Docker container 7badb2fec064
]]></output>
        <test-suite type="TestSuite" id="61-1050" name="Centazio" fullname="Centazio" runstate="Runnable" testcasecount="43" result="Failed" site="Child" start-time="2024-10-27T22:05:54.2107445Z" end-time="2024-10-27T22:06:06.0175968Z" duration="11.806839" total="43" passed="18" failed="25" warnings="0" inconclusive="0" skipped="0" asserts="34">
          <failure>
            <message><![CDATA[One or more child tests had errors]]></message>
          </failure>
          <test-suite type="TestSuite" id="61-1051" name="Providers" fullname="Centazio.Providers" runstate="Runnable" testcasecount="43" result="Failed" site="Child" start-time="2024-10-27T22:05:54.2107787Z" end-time="2024-10-27T22:06:06.0175939Z" duration="11.806802" total="43" passed="18" failed="25" warnings="0" inconclusive="0" skipped="0" asserts="34">
            <failure>
              <message><![CDATA[One or more child tests had errors]]></message>
            </failure>
            <test-suite type="TestSuite" id="61-1052" name="SqlServer" fullname="Centazio.Providers.SqlServer" runstate="Runnable" testcasecount="43" result="Failed" site="Child" start-time="2024-10-27T22:05:54.2107837Z" end-time="2024-10-27T22:06:06.0175907Z" duration="11.806794" total="43" passed="18" failed="25" warnings="0" inconclusive="0" skipped="0" asserts="34">
              <failure>
                <message><![CDATA[One or more child tests had errors]]></message>
              </failure>
              <test-suite type="TestSuite" id="61-1053" name="Tests" fullname="Centazio.Providers.SqlServer.Tests" runstate="Runnable" testcasecount="43" result="Failed" site="Child" start-time="2024-10-27T22:05:54.2107867Z" end-time="2024-10-27T22:06:06.0175874Z" duration="11.806788" total="43" passed="18" failed="25" warnings="0" inconclusive="0" skipped="0" asserts="34">
                <failure>
                  <message><![CDATA[One or more child tests had errors]]></message>
                </failure>
                <test-suite type="TestSuite" id="61-1056" name="CoreRepo" fullname="Centazio.Providers.SqlServer.Tests.CoreRepo" runstate="Runnable" testcasecount="4" result="Passed" start-time="2024-10-27T22:05:54.2107943Z" end-time="2024-10-27T22:06:04.7582190Z" duration="10.547413" total="4" passed="4" failed="0" warnings="0" inconclusive="0" skipped="0" asserts="10">
                  <test-suite type="TestFixture" id="61-1044" name="SqlServerBaseCoreRepositoryTests" fullname="Centazio.Providers.SqlServer.Tests.CoreRepo.SqlServerBaseCoreRepositoryTests" classname="Centazio.Providers.SqlServer.Tests.CoreRepo.SqlServerBaseCoreRepositoryTests" runstate="Runnable" testcasecount="4" result="Passed" start-time="2024-10-27T22:05:54.2108300Z" end-time="2024-10-27T22:06:04.7579488Z" duration="10.547108" total="4" passed="4" failed="0" warnings="0" inconclusive="0" skipped="0" asserts="10">
                    <test-case id="61-1047" name="Test_batch_upsert" fullname="Centazio.Providers.SqlServer.Tests.CoreRepo.SqlServerBaseCoreRepositoryTests.Test_batch_upsert" methodname="Test_batch_upsert" classname="Centazio.Test.Lib.BaseProviderTests.BaseCoreStorageRepositoryTests" runstate="Runnable" seed="1883932543" result="Passed" start-time="2024-10-27T22:05:54.2109770Z" end-time="2024-10-27T22:06:04.1415268Z" duration="9.930584" asserts="2">
                      <output><![CDATA[[testcontainers.org 00:00:00.78] Connected to Docker:
  Host: npipe://./pipe/docker_engine
  Server Version: 27.1.1
  Kernel Version: 5.15.153.1-microsoft-standard-WSL2
  API Version: 1.46
  Operating System: Docker Desktop
  Total Memory: 1.93 GB
[testcontainers.org 00:00:00.95] Docker container 0b619a082921 created
[testcontainers.org 00:00:00.99] Start Docker container 0b619a082921
[testcontainers.org 00:00:02.27] Wait for Docker container 0b619a082921 to complete readiness checks
[testcontainers.org 00:00:02.28] Docker container 0b619a082921 ready
[testcontainers.org 00:00:02.35] Docker container 7badb2fec064 created
[testcontainers.org 00:00:02.36] Start Docker container 7badb2fec064
[testcontainers.org 00:00:03.61] Wait for Docker container 7badb2fec064 to complete readiness checks
[testcontainers.org 00:00:03.62] Execute "/opt/mssql-tools/bin/sqlcmd -Q SELECT 1;" at Docker container 7badb2fec064
[testcontainers.org 00:00:09.30] Docker container 7badb2fec064 ready
]]></output>
                    </test-case>
                    <test-case id="61-1045" name="Test_get_missing_entity_throws_exception" fullname="Centazio.Providers.SqlServer.Tests.CoreRepo.SqlServerBaseCoreRepositoryTests.Test_get_missing_entity_throws_exception" methodname="Test_get_missing_entity_throws_exception" classname="Centazio.Test.Lib.BaseProviderTests.BaseCoreStorageRepositoryTests" runstate="Runnable" seed="307924854" result="Passed" start-time="2024-10-27T22:06:04.1425126Z" end-time="2024-10-27T22:06:04.2220015Z" duration="0.079490" asserts="2" />
                    <test-case id="61-1046" name="Test_insert_get_update_get" fullname="Centazio.Providers.SqlServer.Tests.CoreRepo.SqlServerBaseCoreRepositoryTests.Test_insert_get_update_get" methodname="Test_insert_get_update_get" classname="Centazio.Test.Lib.BaseProviderTests.BaseCoreStorageRepositoryTests" runstate="Runnable" seed="1419763275" result="Passed" start-time="2024-10-27T22:06:04.2220525Z" end-time="2024-10-27T22:06:04.2643507Z" duration="0.042299" asserts="5" />
                    <test-case id="61-1048" name="Test_query" fullname="Centazio.Providers.SqlServer.Tests.CoreRepo.SqlServerBaseCoreRepositoryTests.Test_query" methodname="Test_query" classname="Centazio.Test.Lib.BaseProviderTests.BaseCoreStorageRepositoryTests" runstate="Runnable" seed="1792586359" result="Passed" start-time="2024-10-27T22:06:04.2643988Z" end-time="2024-10-27T22:06:04.7571777Z" duration="0.492779" asserts="1" />
                  </test-suite>
                </test-suite>
                <test-suite type="TestSuite" id="61-1055" name="Ctl" fullname="Centazio.Providers.SqlServer.Tests.Ctl" runstate="Runnable" testcasecount="21" result="Failed" site="Child" start-time="2024-10-27T22:05:54.2108003Z" end-time="2024-10-27T22:06:05.9107222Z" duration="11.699909" total="21" passed="13" failed="8" warnings="0" inconclusive="0" skipped="0" asserts="22">
                  <failure>
                    <message><![CDATA[One or more child tests had errors]]></message>
                  </failure>
                  <test-suite type="TestFixture" id="61-1034" name="SqlServerCtlRepoMappingsTests" fullname="Centazio.Providers.SqlServer.Tests.Ctl.SqlServerCtlRepoMappingsTests" classname="Centazio.Providers.SqlServer.Tests.Ctl.SqlServerCtlRepoMappingsTests" runstate="Runnable" testcasecount="9" result="Failed" site="Child" start-time="2024-10-27T22:06:04.7590676Z" end-time="2024-10-27T22:06:05.2937320Z" duration="0.534664" total="9" passed="1" failed="8" warnings="0" inconclusive="0" skipped="0" asserts="0">
                    <failure>
                      <message><![CDATA[One or more child tests had errors]]></message>
                    </failure>
                    <test-case id="61-1043" name="Reproduce_duplicate_mappings_found_in_simulation" fullname="Centazio.Providers.SqlServer.Tests.Ctl.SqlServerCtlRepoMappingsTests.Reproduce_duplicate_mappings_found_in_simulation" methodname="Reproduce_duplicate_mappings_found_in_simulation" classname="Centazio.Test.Lib.BaseProviderTests.BaseCtlRepoMappingsTests" runstate="Runnable" seed="1087583998" result="Failed" label="Error" start-time="2024-10-27T22:06:04.7618476Z" end-time="2024-10-27T22:06:04.8327732Z" duration="0.070926" asserts="0">
                      <failure>
                        <message><![CDATA[System.MissingMethodException : Method not found: 'System.TimeSpan System.TimeSpan.FromSeconds(Int64)'.]]></message>
                        <stack-trace><![CDATA[   at Centazio.Test.Lib.TestingUtcDate.Tick(Nullable`1 interval)
   at Centazio.Test.Lib.TestingUtcDate.DoTick(Nullable`1 interval) in C:\dev\projects\internal_projects\centazio3\src\Centazio.Test.Lib\TestingUtcDate.cs:line 12
   at Centazio.Test.Lib.BaseProviderTests.BaseCtlRepoMappingsTests.<>c__DisplayClass14_0.<<Reproduce_duplicate_mappings_found_in_simulation>g__SimulatePromoteOperationRunner|0>d.MoveNext() in C:\dev\projects\internal_projects\centazio3\src\Centazio.Test.Lib\BaseProviderTests\BaseCtlRepoMappingsTests.cs:line 134
--- End of stack trace from previous location ---
   at Centazio.Test.Lib.BaseProviderTests.BaseCtlRepoMappingsTests.Reproduce_duplicate_mappings_found_in_simulation() in C:\dev\projects\internal_projects\centazio3\src\Centazio.Test.Lib\BaseProviderTests\BaseCtlRepoMappingsTests.cs:line 151
   at NUnit.Framework.Internal.TaskAwaitAdapter.GenericAdapter`1.GetResult()
   at NUnit.Framework.Internal.AsyncToSyncAdapter.Await[TResult](Func`1 invoke)
   at NUnit.Framework.Internal.AsyncToSyncAdapter.Await(Func`1 invoke)
   at NUnit.Framework.Internal.Commands.TestMethodCommand.RunTestMethod(TestExecutionContext context)
   at NUnit.Framework.Internal.Commands.TestMethodCommand.Execute(TestExecutionContext context)
   at NUnit.Framework.Internal.Commands.BeforeAndAfterTestCommand.<>c__DisplayClass1_0.<Execute>b__0()
   at NUnit.Framework.Internal.Commands.DelegatingTestCommand.RunTestMethodInThreadAbortSafeZone(TestExecutionContext context, Action action)]]></stack-trace>
                      </failure>
                    </test-case>
                    <test-case id="61-1039" name="Test_creating_duplicates_by_CoreId_throws_error" fullname="Centazio.Providers.SqlServer.Tests.Ctl.SqlServerCtlRepoMappingsTests.Test_creating_duplicates_by_CoreId_throws_error" methodname="Test_creating_duplicates_by_CoreId_throws_error" classname="Centazio.Test.Lib.BaseProviderTests.BaseCtlRepoMappingsTests" runstate="Runnable" seed="831741906" result="Failed" label="Error" start-time="2024-10-27T22:06:04.8329037Z" end-time="2024-10-27T22:06:04.9003049Z" duration="0.067402" asserts="0">
                      <failure>
                        <message><![CDATA[System.MissingMethodException : Method not found: 'System.TimeSpan System.TimeSpan.FromSeconds(Int64)'.]]></message>
                        <stack-trace><![CDATA[   at Centazio.Test.Lib.TestingUtcDate.Tick(Nullable`1 interval)
   at Centazio.Test.Lib.TestingUtcDate.DoTick(Nullable`1 interval) in C:\dev\projects\internal_projects\centazio3\src\Centazio.Test.Lib\TestingUtcDate.cs:line 12
   at Centazio.Test.Lib.BaseProviderTests.BaseCtlRepoMappingsTests.Test_creating_duplicates_by_CoreId_throws_error() in C:\dev\projects\internal_projects\centazio3\src\Centazio.Test.Lib\BaseProviderTests\BaseCtlRepoMappingsTests.cs:line 89
   at NUnit.Framework.Internal.TaskAwaitAdapter.GenericAdapter`1.BlockUntilCompleted()
   at NUnit.Framework.Internal.MessagePumpStrategy.NoMessagePumpStrategy.WaitForCompletion(AwaitAdapter awaiter)
   at NUnit.Framework.Internal.AsyncToSyncAdapter.Await[TResult](Func`1 invoke)
   at NUnit.Framework.Internal.AsyncToSyncAdapter.Await(Func`1 invoke)
   at NUnit.Framework.Internal.Commands.TestMethodCommand.RunTestMethod(TestExecutionContext context)
   at NUnit.Framework.Internal.Commands.TestMethodCommand.Execute(TestExecutionContext context)
   at NUnit.Framework.Internal.Commands.BeforeAndAfterTestCommand.<>c__DisplayClass1_0.<Execute>b__0()
   at NUnit.Framework.Internal.Commands.DelegatingTestCommand.RunTestMethodInThreadAbortSafeZone(TestExecutionContext context, Action action)]]></stack-trace>
                      </failure>
                    </test-case>
                    <test-case id="61-1038" name="Test_creating_duplicates_by_SystemId_throws_error" fullname="Centazio.Providers.SqlServer.Tests.Ctl.SqlServerCtlRepoMappingsTests.Test_creating_duplicates_by_SystemId_throws_error" methodname="Test_creating_duplicates_by_SystemId_throws_error" classname="Centazio.Test.Lib.BaseProviderTests.BaseCtlRepoMappingsTests" runstate="Runnable" seed="1184532712" result="Failed" label="Error" start-time="2024-10-27T22:06:04.9003369Z" end-time="2024-10-27T22:06:04.9567833Z" duration="0.056447" asserts="0">
                      <failure>
                        <message><![CDATA[System.MissingMethodException : Method not found: 'System.TimeSpan System.TimeSpan.FromSeconds(Int64)'.]]></message>
                        <stack-trace><![CDATA[   at Centazio.Test.Lib.TestingUtcDate.Tick(Nullable`1 interval)
   at Centazio.Test.Lib.TestingUtcDate.DoTick(Nullable`1 interval) in C:\dev\projects\internal_projects\centazio3\src\Centazio.Test.Lib\TestingUtcDate.cs:line 12
   at Centazio.Test.Lib.BaseProviderTests.BaseCtlRepoMappingsTests.Test_creating_duplicates_by_SystemId_throws_error() in C:\dev\projects\internal_projects\centazio3\src\Centazio.Test.Lib\BaseProviderTests\BaseCtlRepoMappingsTests.cs:line 80
   at NUnit.Framework.Internal.TaskAwaitAdapter.GenericAdapter`1.BlockUntilCompleted()
   at NUnit.Framework.Internal.MessagePumpStrategy.NoMessagePumpStrategy.WaitForCompletion(AwaitAdapter awaiter)
   at NUnit.Framework.Internal.AsyncToSyncAdapter.Await[TResult](Func`1 invoke)
   at NUnit.Framework.Internal.AsyncToSyncAdapter.Await(Func`1 invoke)
   at NUnit.Framework.Internal.Commands.TestMethodCommand.RunTestMethod(TestExecutionContext context)
   at NUnit.Framework.Internal.Commands.TestMethodCommand.Execute(TestExecutionContext context)
   at NUnit.Framework.Internal.Commands.BeforeAndAfterTestCommand.<>c__DisplayClass1_0.<Execute>b__0()
   at NUnit.Framework.Internal.Commands.DelegatingTestCommand.RunTestMethodInThreadAbortSafeZone(TestExecutionContext context, Action action)]]></stack-trace>
                      </failure>
                    </test-case>
                    <test-case id="61-1037" name="Test_creating_unique_by_SystemId_works" fullname="Centazio.Providers.SqlServer.Tests.Ctl.SqlServerCtlRepoMappingsTests.Test_creating_unique_by_SystemId_works" methodname="Test_creating_unique_by_SystemId_works" classname="Centazio.Test.Lib.BaseProviderTests.BaseCtlRepoMappingsTests" runstate="Runnable" seed="1381875605" result="Failed" label="Error" start-time="2024-10-27T22:06:04.9568150Z" end-time="2024-10-27T22:06:05.0222270Z" duration="0.065412" asserts="0">
                      <failure>
                        <message><![CDATA[System.MissingMethodException : Method not found: 'System.TimeSpan System.TimeSpan.FromSeconds(Int64)'.]]></message>
                        <stack-trace><![CDATA[   at Centazio.Test.Lib.TestingUtcDate.Tick(Nullable`1 interval)
   at Centazio.Test.Lib.TestingUtcDate.DoTick(Nullable`1 interval) in C:\dev\projects\internal_projects\centazio3\src\Centazio.Test.Lib\TestingUtcDate.cs:line 12
   at Centazio.Test.Lib.BaseProviderTests.BaseCtlRepoMappingsTests.Test_creating_unique_by_SystemId_works() in C:\dev\projects\internal_projects\centazio3\src\Centazio.Test.Lib\BaseProviderTests\BaseCtlRepoMappingsTests.cs:line 71
   at NUnit.Framework.Internal.TaskAwaitAdapter.GenericAdapter`1.BlockUntilCompleted()
   at NUnit.Framework.Internal.MessagePumpStrategy.NoMessagePumpStrategy.WaitForCompletion(AwaitAdapter awaiter)
   at NUnit.Framework.Internal.AsyncToSyncAdapter.Await[TResult](Func`1 invoke)
   at NUnit.Framework.Internal.AsyncToSyncAdapter.Await(Func`1 invoke)
   at NUnit.Framework.Internal.Commands.TestMethodCommand.RunTestMethod(TestExecutionContext context)
   at NUnit.Framework.Internal.Commands.TestMethodCommand.Execute(TestExecutionContext context)
   at NUnit.Framework.Internal.Commands.BeforeAndAfterTestCommand.<>c__DisplayClass1_0.<Execute>b__0()
   at NUnit.Framework.Internal.Commands.DelegatingTestCommand.RunTestMethodInThreadAbortSafeZone(TestExecutionContext context, Action action)]]></stack-trace>
                      </failure>
                    </test-case>
                    <test-case id="61-1042" name="Test_duplicate_mappings_found_in_simulation" fullname="Centazio.Providers.SqlServer.Tests.Ctl.SqlServerCtlRepoMappingsTests.Test_duplicate_mappings_found_in_simulation" methodname="Test_duplicate_mappings_found_in_simulation" classname="Centazio.Test.Lib.BaseProviderTests.BaseCtlRepoMappingsTests" runstate="Runnable" seed="1109501789" result="Passed" start-time="2024-10-27T22:06:05.0222578Z" end-time="2024-10-27T22:06:05.0900281Z" duration="0.067771" asserts="0" />
                    <test-case id="61-1041" name="Test_updating_missing_by_CoreId_throws_error" fullname="Centazio.Providers.SqlServer.Tests.Ctl.SqlServerCtlRepoMappingsTests.Test_updating_missing_by_CoreId_throws_error" methodname="Test_updating_missing_by_CoreId_throws_error" classname="Centazio.Test.Lib.BaseProviderTests.BaseCtlRepoMappingsTests" runstate="Runnable" seed="116512140" result="Failed" label="Error" start-time="2024-10-27T22:06:05.0900588Z" end-time="2024-10-27T22:06:05.1494852Z" duration="0.059427" asserts="0">
                      <failure>
                        <message><![CDATA[System.MissingMethodException : Method not found: 'System.TimeSpan System.TimeSpan.FromSeconds(Int64)'.]]></message>
                        <stack-trace><![CDATA[   at Centazio.Test.Lib.TestingUtcDate.Tick(Nullable`1 interval)
   at Centazio.Test.Lib.TestingUtcDate.DoTick(Nullable`1 interval) in C:\dev\projects\internal_projects\centazio3\src\Centazio.Test.Lib\TestingUtcDate.cs:line 12
   at Centazio.Test.Lib.BaseProviderTests.BaseCtlRepoMappingsTests.Test_updating_missing_by_CoreId_throws_error() in C:\dev\projects\internal_projects\centazio3\src\Centazio.Test.Lib\BaseProviderTests\BaseCtlRepoMappingsTests.cs:line 108
   at NUnit.Framework.Internal.TaskAwaitAdapter.GenericAdapter`1.BlockUntilCompleted()
   at NUnit.Framework.Internal.MessagePumpStrategy.NoMessagePumpStrategy.WaitForCompletion(AwaitAdapter awaiter)
   at NUnit.Framework.Internal.AsyncToSyncAdapter.Await[TResult](Func`1 invoke)
   at NUnit.Framework.Internal.AsyncToSyncAdapter.Await(Func`1 invoke)
   at NUnit.Framework.Internal.Commands.TestMethodCommand.RunTestMethod(TestExecutionContext context)
   at NUnit.Framework.Internal.Commands.TestMethodCommand.Execute(TestExecutionContext context)
   at NUnit.Framework.Internal.Commands.BeforeAndAfterTestCommand.<>c__DisplayClass1_0.<Execute>b__0()
   at NUnit.Framework.Internal.Commands.DelegatingTestCommand.RunTestMethodInThreadAbortSafeZone(TestExecutionContext context, Action action)]]></stack-trace>
                      </failure>
                    </test-case>
                    <test-case id="61-1040" name="Test_updating_with_no_missing_works" fullname="Centazio.Providers.SqlServer.Tests.Ctl.SqlServerCtlRepoMappingsTests.Test_updating_with_no_missing_works" methodname="Test_updating_with_no_missing_works" classname="Centazio.Test.Lib.BaseProviderTests.BaseCtlRepoMappingsTests" runstate="Runnable" seed="1442415513" result="Failed" label="Error" start-time="2024-10-27T22:06:05.1495161Z" end-time="2024-10-27T22:06:05.2022498Z" duration="0.052734" asserts="0">
                      <failure>
                        <message><![CDATA[System.MissingMethodException : Method not found: 'System.TimeSpan System.TimeSpan.FromSeconds(Int64)'.]]></message>
                        <stack-trace><![CDATA[   at Centazio.Test.Lib.TestingUtcDate.Tick(Nullable`1 interval)
   at Centazio.Test.Lib.TestingUtcDate.DoTick(Nullable`1 interval) in C:\dev\projects\internal_projects\centazio3\src\Centazio.Test.Lib\TestingUtcDate.cs:line 12
   at Centazio.Test.Lib.BaseProviderTests.BaseCtlRepoMappingsTests.Test_updating_with_no_missing_works() in C:\dev\projects\internal_projects\centazio3\src\Centazio.Test.Lib\BaseProviderTests\BaseCtlRepoMappingsTests.cs:line 98
   at NUnit.Framework.Internal.TaskAwaitAdapter.GenericAdapter`1.BlockUntilCompleted()
   at NUnit.Framework.Internal.MessagePumpStrategy.NoMessagePumpStrategy.WaitForCompletion(AwaitAdapter awaiter)
   at NUnit.Framework.Internal.AsyncToSyncAdapter.Await[TResult](Func`1 invoke)
   at NUnit.Framework.Internal.AsyncToSyncAdapter.Await(Func`1 invoke)
   at NUnit.Framework.Internal.Commands.TestMethodCommand.RunTestMethod(TestExecutionContext context)
   at NUnit.Framework.Internal.Commands.TestMethodCommand.Execute(TestExecutionContext context)
   at NUnit.Framework.Internal.Commands.BeforeAndAfterTestCommand.<>c__DisplayClass1_0.<Execute>b__0()
   at NUnit.Framework.Internal.Commands.DelegatingTestCommand.RunTestMethodInThreadAbortSafeZone(TestExecutionContext context, Action action)]]></stack-trace>
                      </failure>
                    </test-case>
                    <test-case id="61-1036" name="Test_upsert_enum" fullname="Centazio.Providers.SqlServer.Tests.Ctl.SqlServerCtlRepoMappingsTests.Test_upsert_enum" methodname="Test_upsert_enum" classname="Centazio.Test.Lib.BaseProviderTests.BaseCtlRepoMappingsTests" runstate="Runnable" seed="354959086" result="Failed" label="Error" start-time="2024-10-27T22:06:05.2023188Z" end-time="2024-10-27T22:06:05.2506779Z" duration="0.048359" asserts="0">
                      <failure>
                        <message><![CDATA[System.MissingMethodException : Method not found: 'System.TimeSpan System.TimeSpan.FromSeconds(Int64)'.]]></message>
                        <stack-trace><![CDATA[   at Centazio.Test.Lib.TestingUtcDate.Tick(Nullable`1 interval)
   at Centazio.Test.Lib.TestingUtcDate.DoTick(Nullable`1 interval) in C:\dev\projects\internal_projects\centazio3\src\Centazio.Test.Lib\TestingUtcDate.cs:line 12
   at Centazio.Test.Lib.BaseProviderTests.BaseCtlRepoMappingsTests.Test_upsert_enum() in C:\dev\projects\internal_projects\centazio3\src\Centazio.Test.Lib\BaseProviderTests\BaseCtlRepoMappingsTests.cs:line 51
   at NUnit.Framework.Internal.TaskAwaitAdapter.GenericAdapter`1.GetResult()
   at NUnit.Framework.Internal.AsyncToSyncAdapter.Await[TResult](Func`1 invoke)
   at NUnit.Framework.Internal.AsyncToSyncAdapter.Await(Func`1 invoke)
   at NUnit.Framework.Internal.Commands.TestMethodCommand.RunTestMethod(TestExecutionContext context)
   at NUnit.Framework.Internal.Commands.TestMethodCommand.Execute(TestExecutionContext context)
   at NUnit.Framework.Internal.Commands.BeforeAndAfterTestCommand.<>c__DisplayClass1_0.<Execute>b__0()
   at NUnit.Framework.Internal.Commands.DelegatingTestCommand.RunTestMethodInThreadAbortSafeZone(TestExecutionContext context, Action action)]]></stack-trace>
                      </failure>
                    </test-case>
                    <test-case id="61-1035" name="Test_upsert_single" fullname="Centazio.Providers.SqlServer.Tests.Ctl.SqlServerCtlRepoMappingsTests.Test_upsert_single" methodname="Test_upsert_single" classname="Centazio.Test.Lib.BaseProviderTests.BaseCtlRepoMappingsTests" runstate="Runnable" seed="1537393381" result="Failed" label="Error" start-time="2024-10-27T22:06:05.2507098Z" end-time="2024-10-27T22:06:05.2936889Z" duration="0.042979" asserts="0">
                      <failure>
                        <message><![CDATA[System.MissingMethodException : Method not found: 'System.TimeSpan System.TimeSpan.FromSeconds(Int64)'.]]></message>
                        <stack-trace><![CDATA[   at Centazio.Test.Lib.TestingUtcDate.Tick(Nullable`1 interval)
   at Centazio.Test.Lib.TestingUtcDate.DoTick(Nullable`1 interval) in C:\dev\projects\internal_projects\centazio3\src\Centazio.Test.Lib\TestingUtcDate.cs:line 12
   at Centazio.Test.Lib.BaseProviderTests.BaseCtlRepoMappingsTests.Test_upsert_single() in C:\dev\projects\internal_projects\centazio3\src\Centazio.Test.Lib\BaseProviderTests\BaseCtlRepoMappingsTests.cs:line 31
   at NUnit.Framework.Internal.TaskAwaitAdapter.GenericAdapter`1.GetResult()
   at NUnit.Framework.Internal.AsyncToSyncAdapter.Await[TResult](Func`1 invoke)
   at NUnit.Framework.Internal.AsyncToSyncAdapter.Await(Func`1 invoke)
   at NUnit.Framework.Internal.Commands.TestMethodCommand.RunTestMethod(TestExecutionContext context)
   at NUnit.Framework.Internal.Commands.TestMethodCommand.Execute(TestExecutionContext context)
   at NUnit.Framework.Internal.Commands.BeforeAndAfterTestCommand.<>c__DisplayClass1_0.<Execute>b__0()
   at NUnit.Framework.Internal.Commands.DelegatingTestCommand.RunTestMethodInThreadAbortSafeZone(TestExecutionContext context, Action action)]]></stack-trace>
                      </failure>
                    </test-case>
                  </test-suite>
                  <test-suite type="TestFixture" id="61-1021" name="SqlServerCtlRepositoryTests" fullname="Centazio.Providers.SqlServer.Tests.Ctl.SqlServerCtlRepositoryTests" classname="Centazio.Providers.SqlServer.Tests.Ctl.SqlServerCtlRepositoryTests" runstate="Runnable" testcasecount="12" result="Passed" start-time="2024-10-27T22:06:05.2937648Z" end-time="2024-10-27T22:06:05.9107101Z" duration="0.616944" total="12" passed="12" failed="0" warnings="0" inconclusive="0" skipped="0" asserts="22">
                    <test-case id="61-1030" name="Test_CreateObjectState_fails_for_existing_object" fullname="Centazio.Providers.SqlServer.Tests.Ctl.SqlServerCtlRepositoryTests.Test_CreateObjectState_fails_for_existing_object" methodname="Test_CreateObjectState_fails_for_existing_object" classname="Centazio.Test.Lib.BaseProviderTests.CtlRepositoryDefaultTests" runstate="Runnable" seed="1526484017" result="Passed" start-time="2024-10-27T22:06:05.2939054Z" end-time="2024-10-27T22:06:05.3555460Z" duration="0.061641" asserts="1" />
                    <test-case id="61-1024" name="Test_CreateSystemState_fails_for_existing_systems" fullname="Centazio.Providers.SqlServer.Tests.Ctl.SqlServerCtlRepositoryTests.Test_CreateSystemState_fails_for_existing_systems" methodname="Test_CreateSystemState_fails_for_existing_systems" classname="Centazio.Test.Lib.BaseProviderTests.CtlRepositoryDefaultTests" runstate="Runnable" seed="1161278002" result="Passed" start-time="2024-10-27T22:06:05.3555860Z" end-time="2024-10-27T22:06:05.4006282Z" duration="0.045042" asserts="1" />
                    <test-case id="61-1029" name="Test_GetObjectState_returns_correct_state_for_known_system" fullname="Centazio.Providers.SqlServer.Tests.Ctl.SqlServerCtlRepositoryTests.Test_GetObjectState_returns_correct_state_for_known_system" methodname="Test_GetObjectState_returns_correct_state_for_known_system" classname="Centazio.Test.Lib.BaseProviderTests.CtlRepositoryDefaultTests" runstate="Runnable" seed="649750586" result="Passed" start-time="2024-10-27T22:06:05.4006566Z" end-time="2024-10-27T22:06:05.4546976Z" duration="0.054041" asserts="1" />
                    <test-case id="61-1028" name="Test_GetObjectState_returns_null_on_unknown_systems" fullname="Centazio.Providers.SqlServer.Tests.Ctl.SqlServerCtlRepositoryTests.Test_GetObjectState_returns_null_on_unknown_systems" methodname="Test_GetObjectState_returns_null_on_unknown_systems" classname="Centazio.Test.Lib.BaseProviderTests.CtlRepositoryDefaultTests" runstate="Runnable" seed="1872589940" result="Passed" start-time="2024-10-27T22:06:05.4547532Z" end-time="2024-10-27T22:06:05.5018970Z" duration="0.047144" asserts="1" />
                    <test-case id="61-1033" name="Test_GetOrCreateObjectState_creates_if_not_existing" fullname="Centazio.Providers.SqlServer.Tests.Ctl.SqlServerCtlRepositoryTests.Test_GetOrCreateObjectState_creates_if_not_existing" methodname="Test_GetOrCreateObjectState_creates_if_not_existing" classname="Centazio.Test.Lib.BaseProviderTests.CtlRepositoryDefaultTests" runstate="Runnable" seed="1263292749" result="Passed" start-time="2024-10-27T22:06:05.5019259Z" end-time="2024-10-27T22:06:05.5615383Z" duration="0.059613" asserts="4" />
                    <test-case id="61-1027" name="Test_GetOrCreateSystemState_creates_if_not_existing" fullname="Centazio.Providers.SqlServer.Tests.Ctl.SqlServerCtlRepositoryTests.Test_GetOrCreateSystemState_creates_if_not_existing" methodname="Test_GetOrCreateSystemState_creates_if_not_existing" classname="Centazio.Test.Lib.BaseProviderTests.CtlRepositoryDefaultTests" runstate="Runnable" seed="1307074308" result="Passed" start-time="2024-10-27T22:06:05.5615702Z" end-time="2024-10-27T22:06:05.6259061Z" duration="0.064336" asserts="4" />
                    <test-case id="61-1023" name="Test_GetSystemState_returns_correct_state_for_known_system" fullname="Centazio.Providers.SqlServer.Tests.Ctl.SqlServerCtlRepositoryTests.Test_GetSystemState_returns_correct_state_for_known_system" methodname="Test_GetSystemState_returns_correct_state_for_known_system" classname="Centazio.Test.Lib.BaseProviderTests.CtlRepositoryDefaultTests" runstate="Runnable" seed="636674187" result="Passed" start-time="2024-10-27T22:06:05.6259351Z" end-time="2024-10-27T22:06:05.6703046Z" duration="0.044370" asserts="1" />
                    <test-case id="61-1022" name="Test_GetSystemState_returns_null_on_unknown_systems" fullname="Centazio.Providers.SqlServer.Tests.Ctl.SqlServerCtlRepositoryTests.Test_GetSystemState_returns_null_on_unknown_systems" methodname="Test_GetSystemState_returns_null_on_unknown_systems" classname="Centazio.Test.Lib.BaseProviderTests.CtlRepositoryDefaultTests" runstate="Runnable" seed="623966690" result="Passed" start-time="2024-10-27T22:06:05.6703338Z" end-time="2024-10-27T22:06:05.7293413Z" duration="0.059008" asserts="1" />
                    <test-case id="61-1032" name="Test_SaveObjectState_fails_if_SystemState_does_not_exist" fullname="Centazio.Providers.SqlServer.Tests.Ctl.SqlServerCtlRepositoryTests.Test_SaveObjectState_fails_if_SystemState_does_not_exist" methodname="Test_SaveObjectState_fails_if_SystemState_does_not_exist" classname="Centazio.Test.Lib.BaseProviderTests.CtlRepositoryDefaultTests" runstate="Runnable" seed="664781603" result="Passed" start-time="2024-10-27T22:06:05.7293704Z" end-time="2024-10-27T22:06:05.7664027Z" duration="0.037033" asserts="1" />
                    <test-case id="61-1031" name="Test_SaveObjectState_updates_existing_state" fullname="Centazio.Providers.SqlServer.Tests.Ctl.SqlServerCtlRepositoryTests.Test_SaveObjectState_updates_existing_state" methodname="Test_SaveObjectState_updates_existing_state" classname="Centazio.Test.Lib.BaseProviderTests.CtlRepositoryDefaultTests" runstate="Runnable" seed="1139370422" result="Passed" start-time="2024-10-27T22:06:05.7664311Z" end-time="2024-10-27T22:06:05.8227320Z" duration="0.056301" asserts="3" />
                    <test-case id="61-1026" name="Test_SaveSystemState_fails_if_state_does_not_exist" fullname="Centazio.Providers.SqlServer.Tests.Ctl.SqlServerCtlRepositoryTests.Test_SaveSystemState_fails_if_state_does_not_exist" methodname="Test_SaveSystemState_fails_if_state_does_not_exist" classname="Centazio.Test.Lib.BaseProviderTests.CtlRepositoryDefaultTests" runstate="Runnable" seed="126828320" result="Passed" start-time="2024-10-27T22:06:05.8227830Z" end-time="2024-10-27T22:06:05.8630462Z" duration="0.040263" asserts="1" />
                    <test-case id="61-1025" name="Test_SaveSystemtState_updates_existing_state" fullname="Centazio.Providers.SqlServer.Tests.Ctl.SqlServerCtlRepositoryTests.Test_SaveSystemtState_updates_existing_state" methodname="Test_SaveSystemtState_updates_existing_state" classname="Centazio.Test.Lib.BaseProviderTests.CtlRepositoryDefaultTests" runstate="Runnable" seed="1397187759" result="Passed" start-time="2024-10-27T22:06:05.8630765Z" end-time="2024-10-27T22:06:05.9106712Z" duration="0.047595" asserts="3" />
                  </test-suite>
                </test-suite>
                <test-suite type="TestFixture" id="61-1001" name="MiscSqlServerTests" fullname="Centazio.Providers.SqlServer.Tests.MiscSqlServerTests" classname="Centazio.Providers.SqlServer.Tests.MiscSqlServerTests" runstate="Runnable" testcasecount="1" result="Passed" start-time="2024-10-27T22:06:05.9107561Z" end-time="2024-10-27T22:06:05.9168300Z" duration="0.006074" total="1" passed="1" failed="0" warnings="0" inconclusive="0" skipped="0" asserts="2">
                  <test-case id="61-1002" name="Test_sql_datetime_handling" fullname="Centazio.Providers.SqlServer.Tests.MiscSqlServerTests.Test_sql_datetime_handling" methodname="Test_sql_datetime_handling" classname="Centazio.Providers.SqlServer.Tests.MiscSqlServerTests" runstate="Runnable" seed="686532807" result="Passed" start-time="2024-10-27T22:06:05.9108967Z" end-time="2024-10-27T22:06:05.9168023Z" duration="0.005906" asserts="2" />
                </test-suite>
                <test-suite type="TestSuite" id="61-1054" name="Stage" fullname="Centazio.Providers.SqlServer.Tests.Stage" runstate="Runnable" testcasecount="17" result="Failed" site="Child" start-time="2024-10-27T22:05:54.2108055Z" end-time="2024-10-27T22:06:06.0175833Z" duration="11.806765" total="17" passed="0" failed="17" warnings="0" inconclusive="0" skipped="0" asserts="0">
                  <failure>
                    <message><![CDATA[One or more child tests had errors]]></message>
                  </failure>
                  <test-suite type="TestFixture" id="61-1003" name="SqlServerStagedEntityRepositoryTests" fullname="Centazio.Providers.SqlServer.Tests.Stage.SqlServerStagedEntityRepositoryTests" classname="Centazio.Providers.SqlServer.Tests.Stage.SqlServerStagedEntityRepositoryTests" runstate="Runnable" testcasecount="17" result="Failed" site="Child" start-time="2024-10-27T22:06:05.9168552Z" end-time="2024-10-27T22:06:06.0175762Z" duration="0.100721" total="17" passed="0" failed="17" warnings="0" inconclusive="0" skipped="0" asserts="0">
                    <failure>
                      <message><![CDATA[One or more child tests had errors]]></message>
                    </failure>
                    <test-case id="61-1016" name="Test_delete_large_batch" fullname="Centazio.Providers.SqlServer.Tests.Stage.SqlServerStagedEntityRepositoryTests.Test_delete_large_batch" methodname="Test_delete_large_batch" classname="Centazio.Test.Lib.BaseProviderTests.BaseStagedEntityRepositoryTests" runstate="Runnable" seed="1833179457" result="Failed" label="Error" start-time="2024-10-27T22:06:05.9189741Z" end-time="2024-10-27T22:06:06.0065463Z" duration="0.087572" asserts="0">
                      <failure>
                        <message><![CDATA[System.MissingMethodException : Method not found: 'System.String System.String.Join(System.String, System.ReadOnlySpan`1<System.Object>)'.
TearDown : System.NullReferenceException : Object reference not set to an instance of an object.]]></message>
                        <stack-trace><![CDATA[   at Microsoft.Extensions.DependencyInjection.ServiceLookup.CallSiteFactory.CreateConstructorCallSite(ResultCache lifetime, ServiceIdentifier serviceIdentifier, Type implementationType, CallSiteChain callSiteChain)
   at Microsoft.Extensions.DependencyInjection.ServiceLookup.CallSiteFactory.TryCreateExact(ServiceDescriptor descriptor, ServiceIdentifier serviceIdentifier, CallSiteChain callSiteChain, Int32 slot)
   at Microsoft.Extensions.DependencyInjection.ServiceLookup.CallSiteFactory.TryCreateExact(ServiceIdentifier serviceIdentifier, CallSiteChain callSiteChain)
   at Microsoft.Extensions.DependencyInjection.ServiceLookup.CallSiteFactory.CreateCallSite(ServiceIdentifier serviceIdentifier, CallSiteChain callSiteChain)
   at Microsoft.Extensions.DependencyInjection.ServiceLookup.CallSiteFactory.GetCallSite(ServiceIdentifier serviceIdentifier, CallSiteChain callSiteChain)
   at Microsoft.Extensions.DependencyInjection.ServiceProvider.CreateServiceAccessor(ServiceIdentifier serviceIdentifier)
   at System.Collections.Concurrent.ConcurrentDictionary`2.GetOrAdd(TKey key, Func`2 valueFactory)
   at Microsoft.Extensions.DependencyInjection.ServiceProvider.GetService(ServiceIdentifier serviceIdentifier, ServiceProviderEngineScope serviceProviderEngineScope)
   at Microsoft.Extensions.DependencyInjection.ServiceProvider.GetService(Type serviceType)
   at Microsoft.Extensions.DependencyInjection.ServiceProviderServiceExtensions.GetRequiredService(IServiceProvider provider, Type serviceType)
   at Microsoft.Extensions.DependencyInjection.ServiceProviderServiceExtensions.GetRequiredService[T](IServiceProvider provider)
   at Microsoft.EntityFrameworkCore.DbContext..ctor(DbContextOptions options)
   at Microsoft.EntityFrameworkCore.DbContext..ctor()
   at Centazio.Providers.EF.CentazioDbContext..ctor()
   at Centazio.Providers.EF.AbstractStagedEntityRepositoryDbContext..ctor(String schema, String table) in C:\dev\projects\internal_projects\centazio3\src\Centazio.Providers\Centazio.Providers.EF\AbstractStagedEntityRepositoryDbContext.cs:line 7
   at Centazio.Providers.SqlServer.Stage.SqlServerStagedEntityContext..ctor(String connstr) in C:\dev\projects\internal_projects\centazio3\src\Centazio.Providers\Centazio.Providers.SqlServer\Stage\SqlServerStagedEntityContext.cs:line 8
   at Centazio.Providers.SqlServer.Tests.Stage.SqlServerStagedEntityRepositoryTests.<>c__DisplayClass0_0.<GetRepository>b__0() in C:\dev\projects\internal_projects\centazio3\tests\Centazio.Providers.SqlServer.Tests\Stage\SqlServerStagedEntityRepositoryTests.cs:line 12
   at Centazio.Providers.EF.EFCoreStagedEntityRepository.Initialise() in C:\dev\projects\internal_projects\centazio3\src\Centazio.Providers\Centazio.Providers.EF\EFCoreStagedEntityRepository.cs:line 58
   at Centazio.Providers.SqlServer.Tests.Stage.SqlServerStagedEntityRepositoryTests.GetRepository(Int32 limit, Func`2 checksum) in C:\dev\projects\internal_projects\centazio3\tests\Centazio.Providers.SqlServer.Tests\Stage\SqlServerStagedEntityRepositoryTests.cs:line 13
   at Centazio.Test.Lib.BaseProviderTests.BaseStagedEntityRepositoryTests.SetUp() in C:\dev\projects\internal_projects\centazio3\src\Centazio.Test.Lib\BaseProviderTests\BaseStagedEntityRepositoryTests.cs:line 20
   at NUnit.Framework.Internal.TaskAwaitAdapter.GenericAdapter`1.GetResult()
   at NUnit.Framework.Internal.AsyncToSyncAdapter.Await[TResult](Func`1 invoke)
   at NUnit.Framework.Internal.AsyncToSyncAdapter.Await(Func`1 invoke)
   at NUnit.Framework.Internal.Commands.SetUpTearDownItem.RunSetUpOrTearDownMethod(TestExecutionContext context, IMethodInfo method)
   at NUnit.Framework.Internal.Commands.SetUpTearDownItem.RunSetUp(TestExecutionContext context)
   at NUnit.Framework.Internal.Commands.BeforeAndAfterTestCommand.<>c__DisplayClass1_0.<Execute>b__0()
   at NUnit.Framework.Internal.Commands.DelegatingTestCommand.RunTestMethodInThreadAbortSafeZone(TestExecutionContext context, Action action)
--TearDown
   at Centazio.Test.Lib.BaseProviderTests.BaseStagedEntityRepositoryTests.TearDown() in C:\dev\projects\internal_projects\centazio3\src\Centazio.Test.Lib\BaseProviderTests\BaseStagedEntityRepositoryTests.cs:line 24
   at NUnit.Framework.Internal.TaskAwaitAdapter.GenericAdapter`1.GetResult()
   at NUnit.Framework.Internal.AsyncToSyncAdapter.Await[TResult](Func`1 invoke)
   at NUnit.Framework.Internal.AsyncToSyncAdapter.Await(Func`1 invoke)
   at NUnit.Framework.Internal.Commands.SetUpTearDownItem.RunSetUpOrTearDownMethod(TestExecutionContext context, IMethodInfo method)
   at NUnit.Framework.Internal.Commands.SetUpTearDownItem.RunTearDown(TestExecutionContext context)]]></stack-trace>
                      </failure>
                    </test-case>
                    <test-case id="61-1017" name="Test_delete_promoted_before" fullname="Centazio.Providers.SqlServer.Tests.Stage.SqlServerStagedEntityRepositoryTests.Test_delete_promoted_before" methodname="Test_delete_promoted_before" classname="Centazio.Test.Lib.BaseProviderTests.BaseStagedEntityRepositoryTests" runstate="Runnable" seed="1240497177" result="Failed" label="Error" start-time="2024-10-27T22:06:06.0065812Z" end-time="2024-10-27T22:06:06.0101665Z" duration="0.003585" asserts="0">
                      <failure>
                        <message><![CDATA[System.MissingMethodException : Method not found: 'System.String System.String.Join(System.String, System.ReadOnlySpan`1<System.Object>)'.
TearDown : System.NullReferenceException : Object reference not set to an instance of an object.]]></message>
                        <stack-trace><![CDATA[   at Microsoft.Extensions.DependencyInjection.ServiceLookup.CallSiteFactory.CreateConstructorCallSite(ResultCache lifetime, ServiceIdentifier serviceIdentifier, Type implementationType, CallSiteChain callSiteChain)
   at Microsoft.Extensions.DependencyInjection.ServiceLookup.CallSiteFactory.TryCreateExact(ServiceDescriptor descriptor, ServiceIdentifier serviceIdentifier, CallSiteChain callSiteChain, Int32 slot)
   at Microsoft.Extensions.DependencyInjection.ServiceLookup.CallSiteFactory.TryCreateExact(ServiceIdentifier serviceIdentifier, CallSiteChain callSiteChain)
   at Microsoft.Extensions.DependencyInjection.ServiceLookup.CallSiteFactory.CreateCallSite(ServiceIdentifier serviceIdentifier, CallSiteChain callSiteChain)
   at Microsoft.Extensions.DependencyInjection.ServiceLookup.CallSiteFactory.GetCallSite(ServiceIdentifier serviceIdentifier, CallSiteChain callSiteChain)
   at Microsoft.Extensions.DependencyInjection.ServiceProvider.CreateServiceAccessor(ServiceIdentifier serviceIdentifier)
   at System.Collections.Concurrent.ConcurrentDictionary`2.GetOrAdd(TKey key, Func`2 valueFactory)
   at Microsoft.Extensions.DependencyInjection.ServiceProvider.GetService(ServiceIdentifier serviceIdentifier, ServiceProviderEngineScope serviceProviderEngineScope)
   at Microsoft.Extensions.DependencyInjection.ServiceProvider.GetService(Type serviceType)
   at Microsoft.Extensions.DependencyInjection.ServiceProviderServiceExtensions.GetRequiredService(IServiceProvider provider, Type serviceType)
   at Microsoft.Extensions.DependencyInjection.ServiceProviderServiceExtensions.GetRequiredService[T](IServiceProvider provider)
   at Microsoft.EntityFrameworkCore.DbContext..ctor(DbContextOptions options)
   at Microsoft.EntityFrameworkCore.DbContext..ctor()
   at Centazio.Providers.EF.CentazioDbContext..ctor()
   at Centazio.Providers.EF.AbstractStagedEntityRepositoryDbContext..ctor(String schema, String table) in C:\dev\projects\internal_projects\centazio3\src\Centazio.Providers\Centazio.Providers.EF\AbstractStagedEntityRepositoryDbContext.cs:line 7
   at Centazio.Providers.SqlServer.Stage.SqlServerStagedEntityContext..ctor(String connstr) in C:\dev\projects\internal_projects\centazio3\src\Centazio.Providers\Centazio.Providers.SqlServer\Stage\SqlServerStagedEntityContext.cs:line 8
   at Centazio.Providers.SqlServer.Tests.Stage.SqlServerStagedEntityRepositoryTests.<>c__DisplayClass0_0.<GetRepository>b__0() in C:\dev\projects\internal_projects\centazio3\tests\Centazio.Providers.SqlServer.Tests\Stage\SqlServerStagedEntityRepositoryTests.cs:line 12
   at Centazio.Providers.EF.EFCoreStagedEntityRepository.Initialise() in C:\dev\projects\internal_projects\centazio3\src\Centazio.Providers\Centazio.Providers.EF\EFCoreStagedEntityRepository.cs:line 58
   at Centazio.Providers.SqlServer.Tests.Stage.SqlServerStagedEntityRepositoryTests.GetRepository(Int32 limit, Func`2 checksum) in C:\dev\projects\internal_projects\centazio3\tests\Centazio.Providers.SqlServer.Tests\Stage\SqlServerStagedEntityRepositoryTests.cs:line 13
   at Centazio.Test.Lib.BaseProviderTests.BaseStagedEntityRepositoryTests.SetUp() in C:\dev\projects\internal_projects\centazio3\src\Centazio.Test.Lib\BaseProviderTests\BaseStagedEntityRepositoryTests.cs:line 20
   at NUnit.Framework.Internal.TaskAwaitAdapter.GenericAdapter`1.GetResult()
   at NUnit.Framework.Internal.AsyncToSyncAdapter.Await[TResult](Func`1 invoke)
   at NUnit.Framework.Internal.AsyncToSyncAdapter.Await(Func`1 invoke)
   at NUnit.Framework.Internal.Commands.SetUpTearDownItem.RunSetUpOrTearDownMethod(TestExecutionContext context, IMethodInfo method)
   at NUnit.Framework.Internal.Commands.SetUpTearDownItem.RunSetUp(TestExecutionContext context)
   at NUnit.Framework.Internal.Commands.BeforeAndAfterTestCommand.<>c__DisplayClass1_0.<Execute>b__0()
   at NUnit.Framework.Internal.Commands.DelegatingTestCommand.RunTestMethodInThreadAbortSafeZone(TestExecutionContext context, Action action)
--TearDown
   at Centazio.Test.Lib.BaseProviderTests.BaseStagedEntityRepositoryTests.TearDown() in C:\dev\projects\internal_projects\centazio3\src\Centazio.Test.Lib\BaseProviderTests\BaseStagedEntityRepositoryTests.cs:line 24
   at NUnit.Framework.Internal.TaskAwaitAdapter.GenericAdapter`1.GetResult()
   at NUnit.Framework.Internal.AsyncToSyncAdapter.Await[TResult](Func`1 invoke)
   at NUnit.Framework.Internal.AsyncToSyncAdapter.Await(Func`1 invoke)
   at NUnit.Framework.Internal.Commands.SetUpTearDownItem.RunSetUpOrTearDownMethod(TestExecutionContext context, IMethodInfo method)
   at NUnit.Framework.Internal.Commands.SetUpTearDownItem.RunTearDown(TestExecutionContext context)]]></stack-trace>
                      </failure>
                    </test-case>
                    <test-case id="61-1015" name="Test_delete_staged_before" fullname="Centazio.Providers.SqlServer.Tests.Stage.SqlServerStagedEntityRepositoryTests.Test_delete_staged_before" methodname="Test_delete_staged_before" classname="Centazio.Test.Lib.BaseProviderTests.BaseStagedEntityRepositoryTests" runstate="Runnable" seed="691630932" result="Failed" label="Error" start-time="2024-10-27T22:06:06.0101879Z" end-time="2024-10-27T22:06:06.0107074Z" duration="0.000520" asserts="0">
                      <failure>
                        <message><![CDATA[System.MissingMethodException : Method not found: 'System.String System.String.Join(System.String, System.ReadOnlySpan`1<System.Object>)'.
TearDown : System.NullReferenceException : Object reference not set to an instance of an object.]]></message>
                        <stack-trace><![CDATA[   at Microsoft.Extensions.DependencyInjection.ServiceLookup.CallSiteFactory.CreateConstructorCallSite(ResultCache lifetime, ServiceIdentifier serviceIdentifier, Type implementationType, CallSiteChain callSiteChain)
   at Microsoft.Extensions.DependencyInjection.ServiceLookup.CallSiteFactory.TryCreateExact(ServiceDescriptor descriptor, ServiceIdentifier serviceIdentifier, CallSiteChain callSiteChain, Int32 slot)
   at Microsoft.Extensions.DependencyInjection.ServiceLookup.CallSiteFactory.TryCreateExact(ServiceIdentifier serviceIdentifier, CallSiteChain callSiteChain)
   at Microsoft.Extensions.DependencyInjection.ServiceLookup.CallSiteFactory.CreateCallSite(ServiceIdentifier serviceIdentifier, CallSiteChain callSiteChain)
   at Microsoft.Extensions.DependencyInjection.ServiceLookup.CallSiteFactory.GetCallSite(ServiceIdentifier serviceIdentifier, CallSiteChain callSiteChain)
   at Microsoft.Extensions.DependencyInjection.ServiceProvider.CreateServiceAccessor(ServiceIdentifier serviceIdentifier)
   at System.Collections.Concurrent.ConcurrentDictionary`2.GetOrAdd(TKey key, Func`2 valueFactory)
   at Microsoft.Extensions.DependencyInjection.ServiceProvider.GetService(ServiceIdentifier serviceIdentifier, ServiceProviderEngineScope serviceProviderEngineScope)
   at Microsoft.Extensions.DependencyInjection.ServiceProvider.GetService(Type serviceType)
   at Microsoft.Extensions.DependencyInjection.ServiceProviderServiceExtensions.GetRequiredService(IServiceProvider provider, Type serviceType)
   at Microsoft.Extensions.DependencyInjection.ServiceProviderServiceExtensions.GetRequiredService[T](IServiceProvider provider)
   at Microsoft.EntityFrameworkCore.DbContext..ctor(DbContextOptions options)
   at Microsoft.EntityFrameworkCore.DbContext..ctor()
   at Centazio.Providers.EF.CentazioDbContext..ctor()
   at Centazio.Providers.EF.AbstractStagedEntityRepositoryDbContext..ctor(String schema, String table) in C:\dev\projects\internal_projects\centazio3\src\Centazio.Providers\Centazio.Providers.EF\AbstractStagedEntityRepositoryDbContext.cs:line 7
   at Centazio.Providers.SqlServer.Stage.SqlServerStagedEntityContext..ctor(String connstr) in C:\dev\projects\internal_projects\centazio3\src\Centazio.Providers\Centazio.Providers.SqlServer\Stage\SqlServerStagedEntityContext.cs:line 8
   at Centazio.Providers.SqlServer.Tests.Stage.SqlServerStagedEntityRepositoryTests.<>c__DisplayClass0_0.<GetRepository>b__0() in C:\dev\projects\internal_projects\centazio3\tests\Centazio.Providers.SqlServer.Tests\Stage\SqlServerStagedEntityRepositoryTests.cs:line 12
   at Centazio.Providers.EF.EFCoreStagedEntityRepository.Initialise() in C:\dev\projects\internal_projects\centazio3\src\Centazio.Providers\Centazio.Providers.EF\EFCoreStagedEntityRepository.cs:line 58
   at Centazio.Providers.SqlServer.Tests.Stage.SqlServerStagedEntityRepositoryTests.GetRepository(Int32 limit, Func`2 checksum) in C:\dev\projects\internal_projects\centazio3\tests\Centazio.Providers.SqlServer.Tests\Stage\SqlServerStagedEntityRepositoryTests.cs:line 13
   at Centazio.Test.Lib.BaseProviderTests.BaseStagedEntityRepositoryTests.SetUp() in C:\dev\projects\internal_projects\centazio3\src\Centazio.Test.Lib\BaseProviderTests\BaseStagedEntityRepositoryTests.cs:line 20
   at NUnit.Framework.Internal.TaskAwaitAdapter.GenericAdapter`1.GetResult()
   at NUnit.Framework.Internal.AsyncToSyncAdapter.Await[TResult](Func`1 invoke)
   at NUnit.Framework.Internal.AsyncToSyncAdapter.Await(Func`1 invoke)
   at NUnit.Framework.Internal.Commands.SetUpTearDownItem.RunSetUpOrTearDownMethod(TestExecutionContext context, IMethodInfo method)
   at NUnit.Framework.Internal.Commands.SetUpTearDownItem.RunSetUp(TestExecutionContext context)
   at NUnit.Framework.Internal.Commands.BeforeAndAfterTestCommand.<>c__DisplayClass1_0.<Execute>b__0()
   at NUnit.Framework.Internal.Commands.DelegatingTestCommand.RunTestMethodInThreadAbortSafeZone(TestExecutionContext context, Action action)
--TearDown
   at Centazio.Test.Lib.BaseProviderTests.BaseStagedEntityRepositoryTests.TearDown() in C:\dev\projects\internal_projects\centazio3\src\Centazio.Test.Lib\BaseProviderTests\BaseStagedEntityRepositoryTests.cs:line 24
   at NUnit.Framework.Internal.TaskAwaitAdapter.GenericAdapter`1.GetResult()
   at NUnit.Framework.Internal.AsyncToSyncAdapter.Await[TResult](Func`1 invoke)
   at NUnit.Framework.Internal.AsyncToSyncAdapter.Await(Func`1 invoke)
   at NUnit.Framework.Internal.Commands.SetUpTearDownItem.RunSetUpOrTearDownMethod(TestExecutionContext context, IMethodInfo method)
   at NUnit.Framework.Internal.Commands.SetUpTearDownItem.RunTearDown(TestExecutionContext context)]]></stack-trace>
                      </failure>
                    </test-case>
                    <test-case id="61-1011" name="Test_get_returns_expected" fullname="Centazio.Providers.SqlServer.Tests.Stage.SqlServerStagedEntityRepositoryTests.Test_get_returns_expected" methodname="Test_get_returns_expected" classname="Centazio.Test.Lib.BaseProviderTests.BaseStagedEntityRepositoryTests" runstate="Runnable" seed="1275963189" result="Failed" label="Error" start-time="2024-10-27T22:06:06.0107242Z" end-time="2024-10-27T22:06:06.0112061Z" duration="0.000482" asserts="0">
                      <failure>
                        <message><![CDATA[System.MissingMethodException : Method not found: 'System.String System.String.Join(System.String, System.ReadOnlySpan`1<System.Object>)'.
TearDown : System.NullReferenceException : Object reference not set to an instance of an object.]]></message>
                        <stack-trace><![CDATA[   at Microsoft.Extensions.DependencyInjection.ServiceLookup.CallSiteFactory.CreateConstructorCallSite(ResultCache lifetime, ServiceIdentifier serviceIdentifier, Type implementationType, CallSiteChain callSiteChain)
   at Microsoft.Extensions.DependencyInjection.ServiceLookup.CallSiteFactory.TryCreateExact(ServiceDescriptor descriptor, ServiceIdentifier serviceIdentifier, CallSiteChain callSiteChain, Int32 slot)
   at Microsoft.Extensions.DependencyInjection.ServiceLookup.CallSiteFactory.TryCreateExact(ServiceIdentifier serviceIdentifier, CallSiteChain callSiteChain)
   at Microsoft.Extensions.DependencyInjection.ServiceLookup.CallSiteFactory.CreateCallSite(ServiceIdentifier serviceIdentifier, CallSiteChain callSiteChain)
   at Microsoft.Extensions.DependencyInjection.ServiceLookup.CallSiteFactory.GetCallSite(ServiceIdentifier serviceIdentifier, CallSiteChain callSiteChain)
   at Microsoft.Extensions.DependencyInjection.ServiceProvider.CreateServiceAccessor(ServiceIdentifier serviceIdentifier)
   at System.Collections.Concurrent.ConcurrentDictionary`2.GetOrAdd(TKey key, Func`2 valueFactory)
   at Microsoft.Extensions.DependencyInjection.ServiceProvider.GetService(ServiceIdentifier serviceIdentifier, ServiceProviderEngineScope serviceProviderEngineScope)
   at Microsoft.Extensions.DependencyInjection.ServiceProvider.GetService(Type serviceType)
   at Microsoft.Extensions.DependencyInjection.ServiceProviderServiceExtensions.GetRequiredService(IServiceProvider provider, Type serviceType)
   at Microsoft.Extensions.DependencyInjection.ServiceProviderServiceExtensions.GetRequiredService[T](IServiceProvider provider)
   at Microsoft.EntityFrameworkCore.DbContext..ctor(DbContextOptions options)
   at Microsoft.EntityFrameworkCore.DbContext..ctor()
   at Centazio.Providers.EF.CentazioDbContext..ctor()
   at Centazio.Providers.EF.AbstractStagedEntityRepositoryDbContext..ctor(String schema, String table) in C:\dev\projects\internal_projects\centazio3\src\Centazio.Providers\Centazio.Providers.EF\AbstractStagedEntityRepositoryDbContext.cs:line 7
   at Centazio.Providers.SqlServer.Stage.SqlServerStagedEntityContext..ctor(String connstr) in C:\dev\projects\internal_projects\centazio3\src\Centazio.Providers\Centazio.Providers.SqlServer\Stage\SqlServerStagedEntityContext.cs:line 8
   at Centazio.Providers.SqlServer.Tests.Stage.SqlServerStagedEntityRepositoryTests.<>c__DisplayClass0_0.<GetRepository>b__0() in C:\dev\projects\internal_projects\centazio3\tests\Centazio.Providers.SqlServer.Tests\Stage\SqlServerStagedEntityRepositoryTests.cs:line 12
   at Centazio.Providers.EF.EFCoreStagedEntityRepository.Initialise() in C:\dev\projects\internal_projects\centazio3\src\Centazio.Providers\Centazio.Providers.EF\EFCoreStagedEntityRepository.cs:line 58
   at Centazio.Providers.SqlServer.Tests.Stage.SqlServerStagedEntityRepositoryTests.GetRepository(Int32 limit, Func`2 checksum) in C:\dev\projects\internal_projects\centazio3\tests\Centazio.Providers.SqlServer.Tests\Stage\SqlServerStagedEntityRepositoryTests.cs:line 13
   at Centazio.Test.Lib.BaseProviderTests.BaseStagedEntityRepositoryTests.SetUp() in C:\dev\projects\internal_projects\centazio3\src\Centazio.Test.Lib\BaseProviderTests\BaseStagedEntityRepositoryTests.cs:line 20
   at NUnit.Framework.Internal.TaskAwaitAdapter.GenericAdapter`1.GetResult()
   at NUnit.Framework.Internal.AsyncToSyncAdapter.Await[TResult](Func`1 invoke)
   at NUnit.Framework.Internal.AsyncToSyncAdapter.Await(Func`1 invoke)
   at NUnit.Framework.Internal.Commands.SetUpTearDownItem.RunSetUpOrTearDownMethod(TestExecutionContext context, IMethodInfo method)
   at NUnit.Framework.Internal.Commands.SetUpTearDownItem.RunSetUp(TestExecutionContext context)
   at NUnit.Framework.Internal.Commands.BeforeAndAfterTestCommand.<>c__DisplayClass1_0.<Execute>b__0()
   at NUnit.Framework.Internal.Commands.DelegatingTestCommand.RunTestMethodInThreadAbortSafeZone(TestExecutionContext context, Action action)
--TearDown
   at Centazio.Test.Lib.BaseProviderTests.BaseStagedEntityRepositoryTests.TearDown() in C:\dev\projects\internal_projects\centazio3\src\Centazio.Test.Lib\BaseProviderTests\BaseStagedEntityRepositoryTests.cs:line 24
   at NUnit.Framework.Internal.TaskAwaitAdapter.GenericAdapter`1.GetResult()
   at NUnit.Framework.Internal.AsyncToSyncAdapter.Await[TResult](Func`1 invoke)
   at NUnit.Framework.Internal.AsyncToSyncAdapter.Await(Func`1 invoke)
   at NUnit.Framework.Internal.Commands.SetUpTearDownItem.RunSetUpOrTearDownMethod(TestExecutionContext context, IMethodInfo method)
   at NUnit.Framework.Internal.Commands.SetUpTearDownItem.RunTearDown(TestExecutionContext context)]]></stack-trace>
                      </failure>
                    </test-case>
                    <test-case id="61-1013" name="Test_get_returns_expected_with_ignores" fullname="Centazio.Providers.SqlServer.Tests.Stage.SqlServerStagedEntityRepositoryTests.Test_get_returns_expected_with_ignores" methodname="Test_get_returns_expected_with_ignores" classname="Centazio.Test.Lib.BaseProviderTests.BaseStagedEntityRepositoryTests" runstate="Runnable" seed="1485900" result="Failed" label="Error" start-time="2024-10-27T22:06:06.0112254Z" end-time="2024-10-27T22:06:06.0116945Z" duration="0.000469" asserts="0">
                      <failure>
                        <message><![CDATA[System.MissingMethodException : Method not found: 'System.String System.String.Join(System.String, System.ReadOnlySpan`1<System.Object>)'.
TearDown : System.NullReferenceException : Object reference not set to an instance of an object.]]></message>
                        <stack-trace><![CDATA[   at Microsoft.Extensions.DependencyInjection.ServiceLookup.CallSiteFactory.CreateConstructorCallSite(ResultCache lifetime, ServiceIdentifier serviceIdentifier, Type implementationType, CallSiteChain callSiteChain)
   at Microsoft.Extensions.DependencyInjection.ServiceLookup.CallSiteFactory.TryCreateExact(ServiceDescriptor descriptor, ServiceIdentifier serviceIdentifier, CallSiteChain callSiteChain, Int32 slot)
   at Microsoft.Extensions.DependencyInjection.ServiceLookup.CallSiteFactory.TryCreateExact(ServiceIdentifier serviceIdentifier, CallSiteChain callSiteChain)
   at Microsoft.Extensions.DependencyInjection.ServiceLookup.CallSiteFactory.CreateCallSite(ServiceIdentifier serviceIdentifier, CallSiteChain callSiteChain)
   at Microsoft.Extensions.DependencyInjection.ServiceLookup.CallSiteFactory.GetCallSite(ServiceIdentifier serviceIdentifier, CallSiteChain callSiteChain)
   at Microsoft.Extensions.DependencyInjection.ServiceProvider.CreateServiceAccessor(ServiceIdentifier serviceIdentifier)
   at System.Collections.Concurrent.ConcurrentDictionary`2.GetOrAdd(TKey key, Func`2 valueFactory)
   at Microsoft.Extensions.DependencyInjection.ServiceProvider.GetService(ServiceIdentifier serviceIdentifier, ServiceProviderEngineScope serviceProviderEngineScope)
   at Microsoft.Extensions.DependencyInjection.ServiceProvider.GetService(Type serviceType)
   at Microsoft.Extensions.DependencyInjection.ServiceProviderServiceExtensions.GetRequiredService(IServiceProvider provider, Type serviceType)
   at Microsoft.Extensions.DependencyInjection.ServiceProviderServiceExtensions.GetRequiredService[T](IServiceProvider provider)
   at Microsoft.EntityFrameworkCore.DbContext..ctor(DbContextOptions options)
   at Microsoft.EntityFrameworkCore.DbContext..ctor()
   at Centazio.Providers.EF.CentazioDbContext..ctor()
   at Centazio.Providers.EF.AbstractStagedEntityRepositoryDbContext..ctor(String schema, String table) in C:\dev\projects\internal_projects\centazio3\src\Centazio.Providers\Centazio.Providers.EF\AbstractStagedEntityRepositoryDbContext.cs:line 7
   at Centazio.Providers.SqlServer.Stage.SqlServerStagedEntityContext..ctor(String connstr) in C:\dev\projects\internal_projects\centazio3\src\Centazio.Providers\Centazio.Providers.SqlServer\Stage\SqlServerStagedEntityContext.cs:line 8
   at Centazio.Providers.SqlServer.Tests.Stage.SqlServerStagedEntityRepositoryTests.<>c__DisplayClass0_0.<GetRepository>b__0() in C:\dev\projects\internal_projects\centazio3\tests\Centazio.Providers.SqlServer.Tests\Stage\SqlServerStagedEntityRepositoryTests.cs:line 12
   at Centazio.Providers.EF.EFCoreStagedEntityRepository.Initialise() in C:\dev\projects\internal_projects\centazio3\src\Centazio.Providers\Centazio.Providers.EF\EFCoreStagedEntityRepository.cs:line 58
   at Centazio.Providers.SqlServer.Tests.Stage.SqlServerStagedEntityRepositoryTests.GetRepository(Int32 limit, Func`2 checksum) in C:\dev\projects\internal_projects\centazio3\tests\Centazio.Providers.SqlServer.Tests\Stage\SqlServerStagedEntityRepositoryTests.cs:line 13
   at Centazio.Test.Lib.BaseProviderTests.BaseStagedEntityRepositoryTests.SetUp() in C:\dev\projects\internal_projects\centazio3\src\Centazio.Test.Lib\BaseProviderTests\BaseStagedEntityRepositoryTests.cs:line 20
   at NUnit.Framework.Internal.TaskAwaitAdapter.GenericAdapter`1.GetResult()
   at NUnit.Framework.Internal.AsyncToSyncAdapter.Await[TResult](Func`1 invoke)
   at NUnit.Framework.Internal.AsyncToSyncAdapter.Await(Func`1 invoke)
   at NUnit.Framework.Internal.Commands.SetUpTearDownItem.RunSetUpOrTearDownMethod(TestExecutionContext context, IMethodInfo method)
   at NUnit.Framework.Internal.Commands.SetUpTearDownItem.RunSetUp(TestExecutionContext context)
   at NUnit.Framework.Internal.Commands.BeforeAndAfterTestCommand.<>c__DisplayClass1_0.<Execute>b__0()
   at NUnit.Framework.Internal.Commands.DelegatingTestCommand.RunTestMethodInThreadAbortSafeZone(TestExecutionContext context, Action action)
--TearDown
   at Centazio.Test.Lib.BaseProviderTests.BaseStagedEntityRepositoryTests.TearDown() in C:\dev\projects\internal_projects\centazio3\src\Centazio.Test.Lib\BaseProviderTests\BaseStagedEntityRepositoryTests.cs:line 24
   at NUnit.Framework.Internal.TaskAwaitAdapter.GenericAdapter`1.GetResult()
   at NUnit.Framework.Internal.AsyncToSyncAdapter.Await[TResult](Func`1 invoke)
   at NUnit.Framework.Internal.AsyncToSyncAdapter.Await(Func`1 invoke)
   at NUnit.Framework.Internal.Commands.SetUpTearDownItem.RunSetUpOrTearDownMethod(TestExecutionContext context, IMethodInfo method)
   at NUnit.Framework.Internal.Commands.SetUpTearDownItem.RunTearDown(TestExecutionContext context)]]></stack-trace>
                      </failure>
                    </test-case>
                    <test-case id="61-1007" name="Test_get_returns_in_sorted_order" fullname="Centazio.Providers.SqlServer.Tests.Stage.SqlServerStagedEntityRepositoryTests.Test_get_returns_in_sorted_order" methodname="Test_get_returns_in_sorted_order" classname="Centazio.Test.Lib.BaseProviderTests.BaseStagedEntityRepositoryTests" runstate="Runnable" seed="909854510" result="Failed" label="Error" start-time="2024-10-27T22:06:06.0117088Z" end-time="2024-10-27T22:06:06.0121852Z" duration="0.000476" asserts="0">
                      <failure>
                        <message><![CDATA[System.MissingMethodException : Method not found: 'System.String System.String.Join(System.String, System.ReadOnlySpan`1<System.Object>)'.
TearDown : System.NullReferenceException : Object reference not set to an instance of an object.]]></message>
                        <stack-trace><![CDATA[   at Microsoft.Extensions.DependencyInjection.ServiceLookup.CallSiteFactory.CreateConstructorCallSite(ResultCache lifetime, ServiceIdentifier serviceIdentifier, Type implementationType, CallSiteChain callSiteChain)
   at Microsoft.Extensions.DependencyInjection.ServiceLookup.CallSiteFactory.TryCreateExact(ServiceDescriptor descriptor, ServiceIdentifier serviceIdentifier, CallSiteChain callSiteChain, Int32 slot)
   at Microsoft.Extensions.DependencyInjection.ServiceLookup.CallSiteFactory.TryCreateExact(ServiceIdentifier serviceIdentifier, CallSiteChain callSiteChain)
   at Microsoft.Extensions.DependencyInjection.ServiceLookup.CallSiteFactory.CreateCallSite(ServiceIdentifier serviceIdentifier, CallSiteChain callSiteChain)
   at Microsoft.Extensions.DependencyInjection.ServiceLookup.CallSiteFactory.GetCallSite(ServiceIdentifier serviceIdentifier, CallSiteChain callSiteChain)
   at Microsoft.Extensions.DependencyInjection.ServiceProvider.CreateServiceAccessor(ServiceIdentifier serviceIdentifier)
   at System.Collections.Concurrent.ConcurrentDictionary`2.GetOrAdd(TKey key, Func`2 valueFactory)
   at Microsoft.Extensions.DependencyInjection.ServiceProvider.GetService(ServiceIdentifier serviceIdentifier, ServiceProviderEngineScope serviceProviderEngineScope)
   at Microsoft.Extensions.DependencyInjection.ServiceProvider.GetService(Type serviceType)
   at Microsoft.Extensions.DependencyInjection.ServiceProviderServiceExtensions.GetRequiredService(IServiceProvider provider, Type serviceType)
   at Microsoft.Extensions.DependencyInjection.ServiceProviderServiceExtensions.GetRequiredService[T](IServiceProvider provider)
   at Microsoft.EntityFrameworkCore.DbContext..ctor(DbContextOptions options)
   at Microsoft.EntityFrameworkCore.DbContext..ctor()
   at Centazio.Providers.EF.CentazioDbContext..ctor()
   at Centazio.Providers.EF.AbstractStagedEntityRepositoryDbContext..ctor(String schema, String table) in C:\dev\projects\internal_projects\centazio3\src\Centazio.Providers\Centazio.Providers.EF\AbstractStagedEntityRepositoryDbContext.cs:line 7
   at Centazio.Providers.SqlServer.Stage.SqlServerStagedEntityContext..ctor(String connstr) in C:\dev\projects\internal_projects\centazio3\src\Centazio.Providers\Centazio.Providers.SqlServer\Stage\SqlServerStagedEntityContext.cs:line 8
   at Centazio.Providers.SqlServer.Tests.Stage.SqlServerStagedEntityRepositoryTests.<>c__DisplayClass0_0.<GetRepository>b__0() in C:\dev\projects\internal_projects\centazio3\tests\Centazio.Providers.SqlServer.Tests\Stage\SqlServerStagedEntityRepositoryTests.cs:line 12
   at Centazio.Providers.EF.EFCoreStagedEntityRepository.Initialise() in C:\dev\projects\internal_projects\centazio3\src\Centazio.Providers\Centazio.Providers.EF\EFCoreStagedEntityRepository.cs:line 58
   at Centazio.Providers.SqlServer.Tests.Stage.SqlServerStagedEntityRepositoryTests.GetRepository(Int32 limit, Func`2 checksum) in C:\dev\projects\internal_projects\centazio3\tests\Centazio.Providers.SqlServer.Tests\Stage\SqlServerStagedEntityRepositoryTests.cs:line 13
   at Centazio.Test.Lib.BaseProviderTests.BaseStagedEntityRepositoryTests.SetUp() in C:\dev\projects\internal_projects\centazio3\src\Centazio.Test.Lib\BaseProviderTests\BaseStagedEntityRepositoryTests.cs:line 20
   at NUnit.Framework.Internal.TaskAwaitAdapter.GenericAdapter`1.GetResult()
   at NUnit.Framework.Internal.AsyncToSyncAdapter.Await[TResult](Func`1 invoke)
   at NUnit.Framework.Internal.AsyncToSyncAdapter.Await(Func`1 invoke)
   at NUnit.Framework.Internal.Commands.SetUpTearDownItem.RunSetUpOrTearDownMethod(TestExecutionContext context, IMethodInfo method)
   at NUnit.Framework.Internal.Commands.SetUpTearDownItem.RunSetUp(TestExecutionContext context)
   at NUnit.Framework.Internal.Commands.BeforeAndAfterTestCommand.<>c__DisplayClass1_0.<Execute>b__0()
   at NUnit.Framework.Internal.Commands.DelegatingTestCommand.RunTestMethodInThreadAbortSafeZone(TestExecutionContext context, Action action)
--TearDown
   at Centazio.Test.Lib.BaseProviderTests.BaseStagedEntityRepositoryTests.TearDown() in C:\dev\projects\internal_projects\centazio3\src\Centazio.Test.Lib\BaseProviderTests\BaseStagedEntityRepositoryTests.cs:line 24
   at NUnit.Framework.Internal.TaskAwaitAdapter.GenericAdapter`1.GetResult()
   at NUnit.Framework.Internal.AsyncToSyncAdapter.Await[TResult](Func`1 invoke)
   at NUnit.Framework.Internal.AsyncToSyncAdapter.Await(Func`1 invoke)
   at NUnit.Framework.Internal.Commands.SetUpTearDownItem.RunSetUpOrTearDownMethod(TestExecutionContext context, IMethodInfo method)
   at NUnit.Framework.Internal.Commands.SetUpTearDownItem.RunTearDown(TestExecutionContext context)]]></stack-trace>
                      </failure>
                    </test-case>
                    <test-case id="61-1008" name="Test_get_returns_in_sorted_order_with_limit" fullname="Centazio.Providers.SqlServer.Tests.Stage.SqlServerStagedEntityRepositoryTests.Test_get_returns_in_sorted_order_with_limit" methodname="Test_get_returns_in_sorted_order_with_limit" classname="Centazio.Test.Lib.BaseProviderTests.BaseStagedEntityRepositoryTests" runstate="Runnable" seed="1877931655" result="Failed" label="Error" start-time="2024-10-27T22:06:06.0121993Z" end-time="2024-10-27T22:06:06.0126918Z" duration="0.000493" asserts="0">
                      <failure>
                        <message><![CDATA[System.MissingMethodException : Method not found: 'System.String System.String.Join(System.String, System.ReadOnlySpan`1<System.Object>)'.
TearDown : System.NullReferenceException : Object reference not set to an instance of an object.]]></message>
                        <stack-trace><![CDATA[   at Microsoft.Extensions.DependencyInjection.ServiceLookup.CallSiteFactory.CreateConstructorCallSite(ResultCache lifetime, ServiceIdentifier serviceIdentifier, Type implementationType, CallSiteChain callSiteChain)
   at Microsoft.Extensions.DependencyInjection.ServiceLookup.CallSiteFactory.TryCreateExact(ServiceDescriptor descriptor, ServiceIdentifier serviceIdentifier, CallSiteChain callSiteChain, Int32 slot)
   at Microsoft.Extensions.DependencyInjection.ServiceLookup.CallSiteFactory.TryCreateExact(ServiceIdentifier serviceIdentifier, CallSiteChain callSiteChain)
   at Microsoft.Extensions.DependencyInjection.ServiceLookup.CallSiteFactory.CreateCallSite(ServiceIdentifier serviceIdentifier, CallSiteChain callSiteChain)
   at Microsoft.Extensions.DependencyInjection.ServiceLookup.CallSiteFactory.GetCallSite(ServiceIdentifier serviceIdentifier, CallSiteChain callSiteChain)
   at Microsoft.Extensions.DependencyInjection.ServiceProvider.CreateServiceAccessor(ServiceIdentifier serviceIdentifier)
   at System.Collections.Concurrent.ConcurrentDictionary`2.GetOrAdd(TKey key, Func`2 valueFactory)
   at Microsoft.Extensions.DependencyInjection.ServiceProvider.GetService(ServiceIdentifier serviceIdentifier, ServiceProviderEngineScope serviceProviderEngineScope)
   at Microsoft.Extensions.DependencyInjection.ServiceProvider.GetService(Type serviceType)
   at Microsoft.Extensions.DependencyInjection.ServiceProviderServiceExtensions.GetRequiredService(IServiceProvider provider, Type serviceType)
   at Microsoft.Extensions.DependencyInjection.ServiceProviderServiceExtensions.GetRequiredService[T](IServiceProvider provider)
   at Microsoft.EntityFrameworkCore.DbContext..ctor(DbContextOptions options)
   at Microsoft.EntityFrameworkCore.DbContext..ctor()
   at Centazio.Providers.EF.CentazioDbContext..ctor()
   at Centazio.Providers.EF.AbstractStagedEntityRepositoryDbContext..ctor(String schema, String table) in C:\dev\projects\internal_projects\centazio3\src\Centazio.Providers\Centazio.Providers.EF\AbstractStagedEntityRepositoryDbContext.cs:line 7
   at Centazio.Providers.SqlServer.Stage.SqlServerStagedEntityContext..ctor(String connstr) in C:\dev\projects\internal_projects\centazio3\src\Centazio.Providers\Centazio.Providers.SqlServer\Stage\SqlServerStagedEntityContext.cs:line 8
   at Centazio.Providers.SqlServer.Tests.Stage.SqlServerStagedEntityRepositoryTests.<>c__DisplayClass0_0.<GetRepository>b__0() in C:\dev\projects\internal_projects\centazio3\tests\Centazio.Providers.SqlServer.Tests\Stage\SqlServerStagedEntityRepositoryTests.cs:line 12
   at Centazio.Providers.EF.EFCoreStagedEntityRepository.Initialise() in C:\dev\projects\internal_projects\centazio3\src\Centazio.Providers\Centazio.Providers.EF\EFCoreStagedEntityRepository.cs:line 58
   at Centazio.Providers.SqlServer.Tests.Stage.SqlServerStagedEntityRepositoryTests.GetRepository(Int32 limit, Func`2 checksum) in C:\dev\projects\internal_projects\centazio3\tests\Centazio.Providers.SqlServer.Tests\Stage\SqlServerStagedEntityRepositoryTests.cs:line 13
   at Centazio.Test.Lib.BaseProviderTests.BaseStagedEntityRepositoryTests.SetUp() in C:\dev\projects\internal_projects\centazio3\src\Centazio.Test.Lib\BaseProviderTests\BaseStagedEntityRepositoryTests.cs:line 20
   at NUnit.Framework.Internal.TaskAwaitAdapter.GenericAdapter`1.GetResult()
   at NUnit.Framework.Internal.AsyncToSyncAdapter.Await[TResult](Func`1 invoke)
   at NUnit.Framework.Internal.AsyncToSyncAdapter.Await(Func`1 invoke)
   at NUnit.Framework.Internal.Commands.SetUpTearDownItem.RunSetUpOrTearDownMethod(TestExecutionContext context, IMethodInfo method)
   at NUnit.Framework.Internal.Commands.SetUpTearDownItem.RunSetUp(TestExecutionContext context)
   at NUnit.Framework.Internal.Commands.BeforeAndAfterTestCommand.<>c__DisplayClass1_0.<Execute>b__0()
   at NUnit.Framework.Internal.Commands.DelegatingTestCommand.RunTestMethodInThreadAbortSafeZone(TestExecutionContext context, Action action)
--TearDown
   at Centazio.Test.Lib.BaseProviderTests.BaseStagedEntityRepositoryTests.TearDown() in C:\dev\projects\internal_projects\centazio3\src\Centazio.Test.Lib\BaseProviderTests\BaseStagedEntityRepositoryTests.cs:line 24
   at NUnit.Framework.Internal.TaskAwaitAdapter.GenericAdapter`1.GetResult()
   at NUnit.Framework.Internal.AsyncToSyncAdapter.Await[TResult](Func`1 invoke)
   at NUnit.Framework.Internal.AsyncToSyncAdapter.Await(Func`1 invoke)
   at NUnit.Framework.Internal.Commands.SetUpTearDownItem.RunSetUpOrTearDownMethod(TestExecutionContext context, IMethodInfo method)
   at NUnit.Framework.Internal.Commands.SetUpTearDownItem.RunTearDown(TestExecutionContext context)]]></stack-trace>
                      </failure>
                    </test-case>
                    <test-case id="61-1014" name="Test_get_returns_oldest_first_page_as_expected" fullname="Centazio.Providers.SqlServer.Tests.Stage.SqlServerStagedEntityRepositoryTests.Test_get_returns_oldest_first_page_as_expected" methodname="Test_get_returns_oldest_first_page_as_expected" classname="Centazio.Test.Lib.BaseProviderTests.BaseStagedEntityRepositoryTests" runstate="Runnable" seed="1851009676" result="Failed" label="Error" start-time="2024-10-27T22:06:06.0127060Z" end-time="2024-10-27T22:06:06.0131794Z" duration="0.000473" asserts="0">
                      <failure>
                        <message><![CDATA[System.MissingMethodException : Method not found: 'System.String System.String.Join(System.String, System.ReadOnlySpan`1<System.Object>)'.
TearDown : System.NullReferenceException : Object reference not set to an instance of an object.]]></message>
                        <stack-trace><![CDATA[   at Microsoft.Extensions.DependencyInjection.ServiceLookup.CallSiteFactory.CreateConstructorCallSite(ResultCache lifetime, ServiceIdentifier serviceIdentifier, Type implementationType, CallSiteChain callSiteChain)
   at Microsoft.Extensions.DependencyInjection.ServiceLookup.CallSiteFactory.TryCreateExact(ServiceDescriptor descriptor, ServiceIdentifier serviceIdentifier, CallSiteChain callSiteChain, Int32 slot)
   at Microsoft.Extensions.DependencyInjection.ServiceLookup.CallSiteFactory.TryCreateExact(ServiceIdentifier serviceIdentifier, CallSiteChain callSiteChain)
   at Microsoft.Extensions.DependencyInjection.ServiceLookup.CallSiteFactory.CreateCallSite(ServiceIdentifier serviceIdentifier, CallSiteChain callSiteChain)
   at Microsoft.Extensions.DependencyInjection.ServiceLookup.CallSiteFactory.GetCallSite(ServiceIdentifier serviceIdentifier, CallSiteChain callSiteChain)
   at Microsoft.Extensions.DependencyInjection.ServiceProvider.CreateServiceAccessor(ServiceIdentifier serviceIdentifier)
   at System.Collections.Concurrent.ConcurrentDictionary`2.GetOrAdd(TKey key, Func`2 valueFactory)
   at Microsoft.Extensions.DependencyInjection.ServiceProvider.GetService(ServiceIdentifier serviceIdentifier, ServiceProviderEngineScope serviceProviderEngineScope)
   at Microsoft.Extensions.DependencyInjection.ServiceProvider.GetService(Type serviceType)
   at Microsoft.Extensions.DependencyInjection.ServiceProviderServiceExtensions.GetRequiredService(IServiceProvider provider, Type serviceType)
   at Microsoft.Extensions.DependencyInjection.ServiceProviderServiceExtensions.GetRequiredService[T](IServiceProvider provider)
   at Microsoft.EntityFrameworkCore.DbContext..ctor(DbContextOptions options)
   at Microsoft.EntityFrameworkCore.DbContext..ctor()
   at Centazio.Providers.EF.CentazioDbContext..ctor()
   at Centazio.Providers.EF.AbstractStagedEntityRepositoryDbContext..ctor(String schema, String table) in C:\dev\projects\internal_projects\centazio3\src\Centazio.Providers\Centazio.Providers.EF\AbstractStagedEntityRepositoryDbContext.cs:line 7
   at Centazio.Providers.SqlServer.Stage.SqlServerStagedEntityContext..ctor(String connstr) in C:\dev\projects\internal_projects\centazio3\src\Centazio.Providers\Centazio.Providers.SqlServer\Stage\SqlServerStagedEntityContext.cs:line 8
   at Centazio.Providers.SqlServer.Tests.Stage.SqlServerStagedEntityRepositoryTests.<>c__DisplayClass0_0.<GetRepository>b__0() in C:\dev\projects\internal_projects\centazio3\tests\Centazio.Providers.SqlServer.Tests\Stage\SqlServerStagedEntityRepositoryTests.cs:line 12
   at Centazio.Providers.EF.EFCoreStagedEntityRepository.Initialise() in C:\dev\projects\internal_projects\centazio3\src\Centazio.Providers\Centazio.Providers.EF\EFCoreStagedEntityRepository.cs:line 58
   at Centazio.Providers.SqlServer.Tests.Stage.SqlServerStagedEntityRepositoryTests.GetRepository(Int32 limit, Func`2 checksum) in C:\dev\projects\internal_projects\centazio3\tests\Centazio.Providers.SqlServer.Tests\Stage\SqlServerStagedEntityRepositoryTests.cs:line 13
   at Centazio.Test.Lib.BaseProviderTests.BaseStagedEntityRepositoryTests.SetUp() in C:\dev\projects\internal_projects\centazio3\src\Centazio.Test.Lib\BaseProviderTests\BaseStagedEntityRepositoryTests.cs:line 20
   at NUnit.Framework.Internal.TaskAwaitAdapter.GenericAdapter`1.GetResult()
   at NUnit.Framework.Internal.AsyncToSyncAdapter.Await[TResult](Func`1 invoke)
   at NUnit.Framework.Internal.AsyncToSyncAdapter.Await(Func`1 invoke)
   at NUnit.Framework.Internal.Commands.SetUpTearDownItem.RunSetUpOrTearDownMethod(TestExecutionContext context, IMethodInfo method)
   at NUnit.Framework.Internal.Commands.SetUpTearDownItem.RunSetUp(TestExecutionContext context)
   at NUnit.Framework.Internal.Commands.BeforeAndAfterTestCommand.<>c__DisplayClass1_0.<Execute>b__0()
   at NUnit.Framework.Internal.Commands.DelegatingTestCommand.RunTestMethodInThreadAbortSafeZone(TestExecutionContext context, Action action)
--TearDown
   at Centazio.Test.Lib.BaseProviderTests.BaseStagedEntityRepositoryTests.TearDown() in C:\dev\projects\internal_projects\centazio3\src\Centazio.Test.Lib\BaseProviderTests\BaseStagedEntityRepositoryTests.cs:line 24
   at NUnit.Framework.Internal.TaskAwaitAdapter.GenericAdapter`1.GetResult()
   at NUnit.Framework.Internal.AsyncToSyncAdapter.Await[TResult](Func`1 invoke)
   at NUnit.Framework.Internal.AsyncToSyncAdapter.Await(Func`1 invoke)
   at NUnit.Framework.Internal.Commands.SetUpTearDownItem.RunSetUpOrTearDownMethod(TestExecutionContext context, IMethodInfo method)
   at NUnit.Framework.Internal.Commands.SetUpTearDownItem.RunTearDown(TestExecutionContext context)]]></stack-trace>
                      </failure>
                    </test-case>
                    <test-case id="61-1020" name="Test_GetAll_GetUnpromoted_respect_DatePromoted_state" fullname="Centazio.Providers.SqlServer.Tests.Stage.SqlServerStagedEntityRepositoryTests.Test_GetAll_GetUnpromoted_respect_DatePromoted_state" methodname="Test_GetAll_GetUnpromoted_respect_DatePromoted_state" classname="Centazio.Test.Lib.BaseProviderTests.BaseStagedEntityRepositoryTests" runstate="Runnable" seed="1632070939" result="Failed" label="Error" start-time="2024-10-27T22:06:06.0131939Z" end-time="2024-10-27T22:06:06.0136620Z" duration="0.000468" asserts="0">
                      <failure>
                        <message><![CDATA[System.MissingMethodException : Method not found: 'System.String System.String.Join(System.String, System.ReadOnlySpan`1<System.Object>)'.
TearDown : System.NullReferenceException : Object reference not set to an instance of an object.]]></message>
                        <stack-trace><![CDATA[   at Microsoft.Extensions.DependencyInjection.ServiceLookup.CallSiteFactory.CreateConstructorCallSite(ResultCache lifetime, ServiceIdentifier serviceIdentifier, Type implementationType, CallSiteChain callSiteChain)
   at Microsoft.Extensions.DependencyInjection.ServiceLookup.CallSiteFactory.TryCreateExact(ServiceDescriptor descriptor, ServiceIdentifier serviceIdentifier, CallSiteChain callSiteChain, Int32 slot)
   at Microsoft.Extensions.DependencyInjection.ServiceLookup.CallSiteFactory.TryCreateExact(ServiceIdentifier serviceIdentifier, CallSiteChain callSiteChain)
   at Microsoft.Extensions.DependencyInjection.ServiceLookup.CallSiteFactory.CreateCallSite(ServiceIdentifier serviceIdentifier, CallSiteChain callSiteChain)
   at Microsoft.Extensions.DependencyInjection.ServiceLookup.CallSiteFactory.GetCallSite(ServiceIdentifier serviceIdentifier, CallSiteChain callSiteChain)
   at Microsoft.Extensions.DependencyInjection.ServiceProvider.CreateServiceAccessor(ServiceIdentifier serviceIdentifier)
   at System.Collections.Concurrent.ConcurrentDictionary`2.GetOrAdd(TKey key, Func`2 valueFactory)
   at Microsoft.Extensions.DependencyInjection.ServiceProvider.GetService(ServiceIdentifier serviceIdentifier, ServiceProviderEngineScope serviceProviderEngineScope)
   at Microsoft.Extensions.DependencyInjection.ServiceProvider.GetService(Type serviceType)
   at Microsoft.Extensions.DependencyInjection.ServiceProviderServiceExtensions.GetRequiredService(IServiceProvider provider, Type serviceType)
   at Microsoft.Extensions.DependencyInjection.ServiceProviderServiceExtensions.GetRequiredService[T](IServiceProvider provider)
   at Microsoft.EntityFrameworkCore.DbContext..ctor(DbContextOptions options)
   at Microsoft.EntityFrameworkCore.DbContext..ctor()
   at Centazio.Providers.EF.CentazioDbContext..ctor()
   at Centazio.Providers.EF.AbstractStagedEntityRepositoryDbContext..ctor(String schema, String table) in C:\dev\projects\internal_projects\centazio3\src\Centazio.Providers\Centazio.Providers.EF\AbstractStagedEntityRepositoryDbContext.cs:line 7
   at Centazio.Providers.SqlServer.Stage.SqlServerStagedEntityContext..ctor(String connstr) in C:\dev\projects\internal_projects\centazio3\src\Centazio.Providers\Centazio.Providers.SqlServer\Stage\SqlServerStagedEntityContext.cs:line 8
   at Centazio.Providers.SqlServer.Tests.Stage.SqlServerStagedEntityRepositoryTests.<>c__DisplayClass0_0.<GetRepository>b__0() in C:\dev\projects\internal_projects\centazio3\tests\Centazio.Providers.SqlServer.Tests\Stage\SqlServerStagedEntityRepositoryTests.cs:line 12
   at Centazio.Providers.EF.EFCoreStagedEntityRepository.Initialise() in C:\dev\projects\internal_projects\centazio3\src\Centazio.Providers\Centazio.Providers.EF\EFCoreStagedEntityRepository.cs:line 58
   at Centazio.Providers.SqlServer.Tests.Stage.SqlServerStagedEntityRepositoryTests.GetRepository(Int32 limit, Func`2 checksum) in C:\dev\projects\internal_projects\centazio3\tests\Centazio.Providers.SqlServer.Tests\Stage\SqlServerStagedEntityRepositoryTests.cs:line 13
   at Centazio.Test.Lib.BaseProviderTests.BaseStagedEntityRepositoryTests.SetUp() in C:\dev\projects\internal_projects\centazio3\src\Centazio.Test.Lib\BaseProviderTests\BaseStagedEntityRepositoryTests.cs:line 20
   at NUnit.Framework.Internal.TaskAwaitAdapter.GenericAdapter`1.GetResult()
   at NUnit.Framework.Internal.AsyncToSyncAdapter.Await[TResult](Func`1 invoke)
   at NUnit.Framework.Internal.AsyncToSyncAdapter.Await(Func`1 invoke)
   at NUnit.Framework.Internal.Commands.SetUpTearDownItem.RunSetUpOrTearDownMethod(TestExecutionContext context, IMethodInfo method)
   at NUnit.Framework.Internal.Commands.SetUpTearDownItem.RunSetUp(TestExecutionContext context)
   at NUnit.Framework.Internal.Commands.BeforeAndAfterTestCommand.<>c__DisplayClass1_0.<Execute>b__0()
   at NUnit.Framework.Internal.Commands.DelegatingTestCommand.RunTestMethodInThreadAbortSafeZone(TestExecutionContext context, Action action)
--TearDown
   at Centazio.Test.Lib.BaseProviderTests.BaseStagedEntityRepositoryTests.TearDown() in C:\dev\projects\internal_projects\centazio3\src\Centazio.Test.Lib\BaseProviderTests\BaseStagedEntityRepositoryTests.cs:line 24
   at NUnit.Framework.Internal.TaskAwaitAdapter.GenericAdapter`1.GetResult()
   at NUnit.Framework.Internal.AsyncToSyncAdapter.Await[TResult](Func`1 invoke)
   at NUnit.Framework.Internal.AsyncToSyncAdapter.Await(Func`1 invoke)
   at NUnit.Framework.Internal.Commands.SetUpTearDownItem.RunSetUpOrTearDownMethod(TestExecutionContext context, IMethodInfo method)
   at NUnit.Framework.Internal.Commands.SetUpTearDownItem.RunTearDown(TestExecutionContext context)]]></stack-trace>
                      </failure>
                    </test-case>
                    <test-case id="61-1006" name="Test_saving_multiple_entities" fullname="Centazio.Providers.SqlServer.Tests.Stage.SqlServerStagedEntityRepositoryTests.Test_saving_multiple_entities" methodname="Test_saving_multiple_entities" classname="Centazio.Test.Lib.BaseProviderTests.BaseStagedEntityRepositoryTests" runstate="Runnable" seed="1040739453" result="Failed" label="Error" start-time="2024-10-27T22:06:06.0136762Z" end-time="2024-10-27T22:06:06.0141529Z" duration="0.000477" asserts="0">
                      <failure>
                        <message><![CDATA[System.MissingMethodException : Method not found: 'System.String System.String.Join(System.String, System.ReadOnlySpan`1<System.Object>)'.
TearDown : System.NullReferenceException : Object reference not set to an instance of an object.]]></message>
                        <stack-trace><![CDATA[   at Microsoft.Extensions.DependencyInjection.ServiceLookup.CallSiteFactory.CreateConstructorCallSite(ResultCache lifetime, ServiceIdentifier serviceIdentifier, Type implementationType, CallSiteChain callSiteChain)
   at Microsoft.Extensions.DependencyInjection.ServiceLookup.CallSiteFactory.TryCreateExact(ServiceDescriptor descriptor, ServiceIdentifier serviceIdentifier, CallSiteChain callSiteChain, Int32 slot)
   at Microsoft.Extensions.DependencyInjection.ServiceLookup.CallSiteFactory.TryCreateExact(ServiceIdentifier serviceIdentifier, CallSiteChain callSiteChain)
   at Microsoft.Extensions.DependencyInjection.ServiceLookup.CallSiteFactory.CreateCallSite(ServiceIdentifier serviceIdentifier, CallSiteChain callSiteChain)
   at Microsoft.Extensions.DependencyInjection.ServiceLookup.CallSiteFactory.GetCallSite(ServiceIdentifier serviceIdentifier, CallSiteChain callSiteChain)
   at Microsoft.Extensions.DependencyInjection.ServiceProvider.CreateServiceAccessor(ServiceIdentifier serviceIdentifier)
   at System.Collections.Concurrent.ConcurrentDictionary`2.GetOrAdd(TKey key, Func`2 valueFactory)
   at Microsoft.Extensions.DependencyInjection.ServiceProvider.GetService(ServiceIdentifier serviceIdentifier, ServiceProviderEngineScope serviceProviderEngineScope)
   at Microsoft.Extensions.DependencyInjection.ServiceProvider.GetService(Type serviceType)
   at Microsoft.Extensions.DependencyInjection.ServiceProviderServiceExtensions.GetRequiredService(IServiceProvider provider, Type serviceType)
   at Microsoft.Extensions.DependencyInjection.ServiceProviderServiceExtensions.GetRequiredService[T](IServiceProvider provider)
   at Microsoft.EntityFrameworkCore.DbContext..ctor(DbContextOptions options)
   at Microsoft.EntityFrameworkCore.DbContext..ctor()
   at Centazio.Providers.EF.CentazioDbContext..ctor()
   at Centazio.Providers.EF.AbstractStagedEntityRepositoryDbContext..ctor(String schema, String table) in C:\dev\projects\internal_projects\centazio3\src\Centazio.Providers\Centazio.Providers.EF\AbstractStagedEntityRepositoryDbContext.cs:line 7
   at Centazio.Providers.SqlServer.Stage.SqlServerStagedEntityContext..ctor(String connstr) in C:\dev\projects\internal_projects\centazio3\src\Centazio.Providers\Centazio.Providers.SqlServer\Stage\SqlServerStagedEntityContext.cs:line 8
   at Centazio.Providers.SqlServer.Tests.Stage.SqlServerStagedEntityRepositoryTests.<>c__DisplayClass0_0.<GetRepository>b__0() in C:\dev\projects\internal_projects\centazio3\tests\Centazio.Providers.SqlServer.Tests\Stage\SqlServerStagedEntityRepositoryTests.cs:line 12
   at Centazio.Providers.EF.EFCoreStagedEntityRepository.Initialise() in C:\dev\projects\internal_projects\centazio3\src\Centazio.Providers\Centazio.Providers.EF\EFCoreStagedEntityRepository.cs:line 58
   at Centazio.Providers.SqlServer.Tests.Stage.SqlServerStagedEntityRepositoryTests.GetRepository(Int32 limit, Func`2 checksum) in C:\dev\projects\internal_projects\centazio3\tests\Centazio.Providers.SqlServer.Tests\Stage\SqlServerStagedEntityRepositoryTests.cs:line 13
   at Centazio.Test.Lib.BaseProviderTests.BaseStagedEntityRepositoryTests.SetUp() in C:\dev\projects\internal_projects\centazio3\src\Centazio.Test.Lib\BaseProviderTests\BaseStagedEntityRepositoryTests.cs:line 20
   at NUnit.Framework.Internal.TaskAwaitAdapter.GenericAdapter`1.GetResult()
   at NUnit.Framework.Internal.AsyncToSyncAdapter.Await[TResult](Func`1 invoke)
   at NUnit.Framework.Internal.AsyncToSyncAdapter.Await(Func`1 invoke)
   at NUnit.Framework.Internal.Commands.SetUpTearDownItem.RunSetUpOrTearDownMethod(TestExecutionContext context, IMethodInfo method)
   at NUnit.Framework.Internal.Commands.SetUpTearDownItem.RunSetUp(TestExecutionContext context)
   at NUnit.Framework.Internal.Commands.BeforeAndAfterTestCommand.<>c__DisplayClass1_0.<Execute>b__0()
   at NUnit.Framework.Internal.Commands.DelegatingTestCommand.RunTestMethodInThreadAbortSafeZone(TestExecutionContext context, Action action)
--TearDown
   at Centazio.Test.Lib.BaseProviderTests.BaseStagedEntityRepositoryTests.TearDown() in C:\dev\projects\internal_projects\centazio3\src\Centazio.Test.Lib\BaseProviderTests\BaseStagedEntityRepositoryTests.cs:line 24
   at NUnit.Framework.Internal.TaskAwaitAdapter.GenericAdapter`1.GetResult()
   at NUnit.Framework.Internal.AsyncToSyncAdapter.Await[TResult](Func`1 invoke)
   at NUnit.Framework.Internal.AsyncToSyncAdapter.Await(Func`1 invoke)
   at NUnit.Framework.Internal.Commands.SetUpTearDownItem.RunSetUpOrTearDownMethod(TestExecutionContext context, IMethodInfo method)
   at NUnit.Framework.Internal.Commands.SetUpTearDownItem.RunTearDown(TestExecutionContext context)]]></stack-trace>
                      </failure>
                    </test-case>
                    <test-case id="61-1010" name="Test_saving_multiple_large_entities" fullname="Centazio.Providers.SqlServer.Tests.Stage.SqlServerStagedEntityRepositoryTests.Test_saving_multiple_large_entities" methodname="Test_saving_multiple_large_entities" classname="Centazio.Test.Lib.BaseProviderTests.BaseStagedEntityRepositoryTests" runstate="Runnable" seed="523025248" result="Failed" label="Error" start-time="2024-10-27T22:06:06.0141670Z" end-time="2024-10-27T22:06:06.0146474Z" duration="0.000480" asserts="0">
                      <failure>
                        <message><![CDATA[System.MissingMethodException : Method not found: 'System.String System.String.Join(System.String, System.ReadOnlySpan`1<System.Object>)'.
TearDown : System.NullReferenceException : Object reference not set to an instance of an object.]]></message>
                        <stack-trace><![CDATA[   at Microsoft.Extensions.DependencyInjection.ServiceLookup.CallSiteFactory.CreateConstructorCallSite(ResultCache lifetime, ServiceIdentifier serviceIdentifier, Type implementationType, CallSiteChain callSiteChain)
   at Microsoft.Extensions.DependencyInjection.ServiceLookup.CallSiteFactory.TryCreateExact(ServiceDescriptor descriptor, ServiceIdentifier serviceIdentifier, CallSiteChain callSiteChain, Int32 slot)
   at Microsoft.Extensions.DependencyInjection.ServiceLookup.CallSiteFactory.TryCreateExact(ServiceIdentifier serviceIdentifier, CallSiteChain callSiteChain)
   at Microsoft.Extensions.DependencyInjection.ServiceLookup.CallSiteFactory.CreateCallSite(ServiceIdentifier serviceIdentifier, CallSiteChain callSiteChain)
   at Microsoft.Extensions.DependencyInjection.ServiceLookup.CallSiteFactory.GetCallSite(ServiceIdentifier serviceIdentifier, CallSiteChain callSiteChain)
   at Microsoft.Extensions.DependencyInjection.ServiceProvider.CreateServiceAccessor(ServiceIdentifier serviceIdentifier)
   at System.Collections.Concurrent.ConcurrentDictionary`2.GetOrAdd(TKey key, Func`2 valueFactory)
   at Microsoft.Extensions.DependencyInjection.ServiceProvider.GetService(ServiceIdentifier serviceIdentifier, ServiceProviderEngineScope serviceProviderEngineScope)
   at Microsoft.Extensions.DependencyInjection.ServiceProvider.GetService(Type serviceType)
   at Microsoft.Extensions.DependencyInjection.ServiceProviderServiceExtensions.GetRequiredService(IServiceProvider provider, Type serviceType)
   at Microsoft.Extensions.DependencyInjection.ServiceProviderServiceExtensions.GetRequiredService[T](IServiceProvider provider)
   at Microsoft.EntityFrameworkCore.DbContext..ctor(DbContextOptions options)
   at Microsoft.EntityFrameworkCore.DbContext..ctor()
   at Centazio.Providers.EF.CentazioDbContext..ctor()
   at Centazio.Providers.EF.AbstractStagedEntityRepositoryDbContext..ctor(String schema, String table) in C:\dev\projects\internal_projects\centazio3\src\Centazio.Providers\Centazio.Providers.EF\AbstractStagedEntityRepositoryDbContext.cs:line 7
   at Centazio.Providers.SqlServer.Stage.SqlServerStagedEntityContext..ctor(String connstr) in C:\dev\projects\internal_projects\centazio3\src\Centazio.Providers\Centazio.Providers.SqlServer\Stage\SqlServerStagedEntityContext.cs:line 8
   at Centazio.Providers.SqlServer.Tests.Stage.SqlServerStagedEntityRepositoryTests.<>c__DisplayClass0_0.<GetRepository>b__0() in C:\dev\projects\internal_projects\centazio3\tests\Centazio.Providers.SqlServer.Tests\Stage\SqlServerStagedEntityRepositoryTests.cs:line 12
   at Centazio.Providers.EF.EFCoreStagedEntityRepository.Initialise() in C:\dev\projects\internal_projects\centazio3\src\Centazio.Providers\Centazio.Providers.EF\EFCoreStagedEntityRepository.cs:line 58
   at Centazio.Providers.SqlServer.Tests.Stage.SqlServerStagedEntityRepositoryTests.GetRepository(Int32 limit, Func`2 checksum) in C:\dev\projects\internal_projects\centazio3\tests\Centazio.Providers.SqlServer.Tests\Stage\SqlServerStagedEntityRepositoryTests.cs:line 13
   at Centazio.Test.Lib.BaseProviderTests.BaseStagedEntityRepositoryTests.SetUp() in C:\dev\projects\internal_projects\centazio3\src\Centazio.Test.Lib\BaseProviderTests\BaseStagedEntityRepositoryTests.cs:line 20
   at NUnit.Framework.Internal.TaskAwaitAdapter.GenericAdapter`1.GetResult()
   at NUnit.Framework.Internal.AsyncToSyncAdapter.Await[TResult](Func`1 invoke)
   at NUnit.Framework.Internal.AsyncToSyncAdapter.Await(Func`1 invoke)
   at NUnit.Framework.Internal.Commands.SetUpTearDownItem.RunSetUpOrTearDownMethod(TestExecutionContext context, IMethodInfo method)
   at NUnit.Framework.Internal.Commands.SetUpTearDownItem.RunSetUp(TestExecutionContext context)
   at NUnit.Framework.Internal.Commands.BeforeAndAfterTestCommand.<>c__DisplayClass1_0.<Execute>b__0()
   at NUnit.Framework.Internal.Commands.DelegatingTestCommand.RunTestMethodInThreadAbortSafeZone(TestExecutionContext context, Action action)
--TearDown
   at Centazio.Test.Lib.BaseProviderTests.BaseStagedEntityRepositoryTests.TearDown() in C:\dev\projects\internal_projects\centazio3\src\Centazio.Test.Lib\BaseProviderTests\BaseStagedEntityRepositoryTests.cs:line 24
   at NUnit.Framework.Internal.TaskAwaitAdapter.GenericAdapter`1.GetResult()
   at NUnit.Framework.Internal.AsyncToSyncAdapter.Await[TResult](Func`1 invoke)
   at NUnit.Framework.Internal.AsyncToSyncAdapter.Await(Func`1 invoke)
   at NUnit.Framework.Internal.Commands.SetUpTearDownItem.RunSetUpOrTearDownMethod(TestExecutionContext context, IMethodInfo method)
   at NUnit.Framework.Internal.Commands.SetUpTearDownItem.RunTearDown(TestExecutionContext context)]]></stack-trace>
                      </failure>
                    </test-case>
                    <test-case id="61-1004" name="Test_saving_single_entity" fullname="Centazio.Providers.SqlServer.Tests.Stage.SqlServerStagedEntityRepositoryTests.Test_saving_single_entity" methodname="Test_saving_single_entity" classname="Centazio.Test.Lib.BaseProviderTests.BaseStagedEntityRepositoryTests" runstate="Runnable" seed="922118025" result="Failed" label="Error" start-time="2024-10-27T22:06:06.0146615Z" end-time="2024-10-27T22:06:06.0151349Z" duration="0.000473" asserts="0">
                      <failure>
                        <message><![CDATA[System.MissingMethodException : Method not found: 'System.String System.String.Join(System.String, System.ReadOnlySpan`1<System.Object>)'.
TearDown : System.NullReferenceException : Object reference not set to an instance of an object.]]></message>
                        <stack-trace><![CDATA[   at Microsoft.Extensions.DependencyInjection.ServiceLookup.CallSiteFactory.CreateConstructorCallSite(ResultCache lifetime, ServiceIdentifier serviceIdentifier, Type implementationType, CallSiteChain callSiteChain)
   at Microsoft.Extensions.DependencyInjection.ServiceLookup.CallSiteFactory.TryCreateExact(ServiceDescriptor descriptor, ServiceIdentifier serviceIdentifier, CallSiteChain callSiteChain, Int32 slot)
   at Microsoft.Extensions.DependencyInjection.ServiceLookup.CallSiteFactory.TryCreateExact(ServiceIdentifier serviceIdentifier, CallSiteChain callSiteChain)
   at Microsoft.Extensions.DependencyInjection.ServiceLookup.CallSiteFactory.CreateCallSite(ServiceIdentifier serviceIdentifier, CallSiteChain callSiteChain)
   at Microsoft.Extensions.DependencyInjection.ServiceLookup.CallSiteFactory.GetCallSite(ServiceIdentifier serviceIdentifier, CallSiteChain callSiteChain)
   at Microsoft.Extensions.DependencyInjection.ServiceProvider.CreateServiceAccessor(ServiceIdentifier serviceIdentifier)
   at System.Collections.Concurrent.ConcurrentDictionary`2.GetOrAdd(TKey key, Func`2 valueFactory)
   at Microsoft.Extensions.DependencyInjection.ServiceProvider.GetService(ServiceIdentifier serviceIdentifier, ServiceProviderEngineScope serviceProviderEngineScope)
   at Microsoft.Extensions.DependencyInjection.ServiceProvider.GetService(Type serviceType)
   at Microsoft.Extensions.DependencyInjection.ServiceProviderServiceExtensions.GetRequiredService(IServiceProvider provider, Type serviceType)
   at Microsoft.Extensions.DependencyInjection.ServiceProviderServiceExtensions.GetRequiredService[T](IServiceProvider provider)
   at Microsoft.EntityFrameworkCore.DbContext..ctor(DbContextOptions options)
   at Microsoft.EntityFrameworkCore.DbContext..ctor()
   at Centazio.Providers.EF.CentazioDbContext..ctor()
   at Centazio.Providers.EF.AbstractStagedEntityRepositoryDbContext..ctor(String schema, String table) in C:\dev\projects\internal_projects\centazio3\src\Centazio.Providers\Centazio.Providers.EF\AbstractStagedEntityRepositoryDbContext.cs:line 7
   at Centazio.Providers.SqlServer.Stage.SqlServerStagedEntityContext..ctor(String connstr) in C:\dev\projects\internal_projects\centazio3\src\Centazio.Providers\Centazio.Providers.SqlServer\Stage\SqlServerStagedEntityContext.cs:line 8
   at Centazio.Providers.SqlServer.Tests.Stage.SqlServerStagedEntityRepositoryTests.<>c__DisplayClass0_0.<GetRepository>b__0() in C:\dev\projects\internal_projects\centazio3\tests\Centazio.Providers.SqlServer.Tests\Stage\SqlServerStagedEntityRepositoryTests.cs:line 12
   at Centazio.Providers.EF.EFCoreStagedEntityRepository.Initialise() in C:\dev\projects\internal_projects\centazio3\src\Centazio.Providers\Centazio.Providers.EF\EFCoreStagedEntityRepository.cs:line 58
   at Centazio.Providers.SqlServer.Tests.Stage.SqlServerStagedEntityRepositoryTests.GetRepository(Int32 limit, Func`2 checksum) in C:\dev\projects\internal_projects\centazio3\tests\Centazio.Providers.SqlServer.Tests\Stage\SqlServerStagedEntityRepositoryTests.cs:line 13
   at Centazio.Test.Lib.BaseProviderTests.BaseStagedEntityRepositoryTests.SetUp() in C:\dev\projects\internal_projects\centazio3\src\Centazio.Test.Lib\BaseProviderTests\BaseStagedEntityRepositoryTests.cs:line 20
   at NUnit.Framework.Internal.TaskAwaitAdapter.GenericAdapter`1.GetResult()
   at NUnit.Framework.Internal.AsyncToSyncAdapter.Await[TResult](Func`1 invoke)
   at NUnit.Framework.Internal.AsyncToSyncAdapter.Await(Func`1 invoke)
   at NUnit.Framework.Internal.Commands.SetUpTearDownItem.RunSetUpOrTearDownMethod(TestExecutionContext context, IMethodInfo method)
   at NUnit.Framework.Internal.Commands.SetUpTearDownItem.RunSetUp(TestExecutionContext context)
   at NUnit.Framework.Internal.Commands.BeforeAndAfterTestCommand.<>c__DisplayClass1_0.<Execute>b__0()
   at NUnit.Framework.Internal.Commands.DelegatingTestCommand.RunTestMethodInThreadAbortSafeZone(TestExecutionContext context, Action action)
--TearDown
   at Centazio.Test.Lib.BaseProviderTests.BaseStagedEntityRepositoryTests.TearDown() in C:\dev\projects\internal_projects\centazio3\src\Centazio.Test.Lib\BaseProviderTests\BaseStagedEntityRepositoryTests.cs:line 24
   at NUnit.Framework.Internal.TaskAwaitAdapter.GenericAdapter`1.GetResult()
   at NUnit.Framework.Internal.AsyncToSyncAdapter.Await[TResult](Func`1 invoke)
   at NUnit.Framework.Internal.AsyncToSyncAdapter.Await(Func`1 invoke)
   at NUnit.Framework.Internal.Commands.SetUpTearDownItem.RunSetUpOrTearDownMethod(TestExecutionContext context, IMethodInfo method)
   at NUnit.Framework.Internal.Commands.SetUpTearDownItem.RunTearDown(TestExecutionContext context)]]></stack-trace>
                      </failure>
                    </test-case>
                    <test-case id="61-1012" name="Test_single_ignore_update" fullname="Centazio.Providers.SqlServer.Tests.Stage.SqlServerStagedEntityRepositoryTests.Test_single_ignore_update" methodname="Test_single_ignore_update" classname="Centazio.Test.Lib.BaseProviderTests.BaseStagedEntityRepositoryTests" runstate="Runnable" seed="2054783252" result="Failed" label="Error" start-time="2024-10-27T22:06:06.0151491Z" end-time="2024-10-27T22:06:06.0156144Z" duration="0.000465" asserts="0">
                      <failure>
                        <message><![CDATA[System.MissingMethodException : Method not found: 'System.String System.String.Join(System.String, System.ReadOnlySpan`1<System.Object>)'.
TearDown : System.NullReferenceException : Object reference not set to an instance of an object.]]></message>
                        <stack-trace><![CDATA[   at Microsoft.Extensions.DependencyInjection.ServiceLookup.CallSiteFactory.CreateConstructorCallSite(ResultCache lifetime, ServiceIdentifier serviceIdentifier, Type implementationType, CallSiteChain callSiteChain)
   at Microsoft.Extensions.DependencyInjection.ServiceLookup.CallSiteFactory.TryCreateExact(ServiceDescriptor descriptor, ServiceIdentifier serviceIdentifier, CallSiteChain callSiteChain, Int32 slot)
   at Microsoft.Extensions.DependencyInjection.ServiceLookup.CallSiteFactory.TryCreateExact(ServiceIdentifier serviceIdentifier, CallSiteChain callSiteChain)
   at Microsoft.Extensions.DependencyInjection.ServiceLookup.CallSiteFactory.CreateCallSite(ServiceIdentifier serviceIdentifier, CallSiteChain callSiteChain)
   at Microsoft.Extensions.DependencyInjection.ServiceLookup.CallSiteFactory.GetCallSite(ServiceIdentifier serviceIdentifier, CallSiteChain callSiteChain)
   at Microsoft.Extensions.DependencyInjection.ServiceProvider.CreateServiceAccessor(ServiceIdentifier serviceIdentifier)
   at System.Collections.Concurrent.ConcurrentDictionary`2.GetOrAdd(TKey key, Func`2 valueFactory)
   at Microsoft.Extensions.DependencyInjection.ServiceProvider.GetService(ServiceIdentifier serviceIdentifier, ServiceProviderEngineScope serviceProviderEngineScope)
   at Microsoft.Extensions.DependencyInjection.ServiceProvider.GetService(Type serviceType)
   at Microsoft.Extensions.DependencyInjection.ServiceProviderServiceExtensions.GetRequiredService(IServiceProvider provider, Type serviceType)
   at Microsoft.Extensions.DependencyInjection.ServiceProviderServiceExtensions.GetRequiredService[T](IServiceProvider provider)
   at Microsoft.EntityFrameworkCore.DbContext..ctor(DbContextOptions options)
   at Microsoft.EntityFrameworkCore.DbContext..ctor()
   at Centazio.Providers.EF.CentazioDbContext..ctor()
   at Centazio.Providers.EF.AbstractStagedEntityRepositoryDbContext..ctor(String schema, String table) in C:\dev\projects\internal_projects\centazio3\src\Centazio.Providers\Centazio.Providers.EF\AbstractStagedEntityRepositoryDbContext.cs:line 7
   at Centazio.Providers.SqlServer.Stage.SqlServerStagedEntityContext..ctor(String connstr) in C:\dev\projects\internal_projects\centazio3\src\Centazio.Providers\Centazio.Providers.SqlServer\Stage\SqlServerStagedEntityContext.cs:line 8
   at Centazio.Providers.SqlServer.Tests.Stage.SqlServerStagedEntityRepositoryTests.<>c__DisplayClass0_0.<GetRepository>b__0() in C:\dev\projects\internal_projects\centazio3\tests\Centazio.Providers.SqlServer.Tests\Stage\SqlServerStagedEntityRepositoryTests.cs:line 12
   at Centazio.Providers.EF.EFCoreStagedEntityRepository.Initialise() in C:\dev\projects\internal_projects\centazio3\src\Centazio.Providers\Centazio.Providers.EF\EFCoreStagedEntityRepository.cs:line 58
   at Centazio.Providers.SqlServer.Tests.Stage.SqlServerStagedEntityRepositoryTests.GetRepository(Int32 limit, Func`2 checksum) in C:\dev\projects\internal_projects\centazio3\tests\Centazio.Providers.SqlServer.Tests\Stage\SqlServerStagedEntityRepositoryTests.cs:line 13
   at Centazio.Test.Lib.BaseProviderTests.BaseStagedEntityRepositoryTests.SetUp() in C:\dev\projects\internal_projects\centazio3\src\Centazio.Test.Lib\BaseProviderTests\BaseStagedEntityRepositoryTests.cs:line 20
   at NUnit.Framework.Internal.TaskAwaitAdapter.GenericAdapter`1.GetResult()
   at NUnit.Framework.Internal.AsyncToSyncAdapter.Await[TResult](Func`1 invoke)
   at NUnit.Framework.Internal.AsyncToSyncAdapter.Await(Func`1 invoke)
   at NUnit.Framework.Internal.Commands.SetUpTearDownItem.RunSetUpOrTearDownMethod(TestExecutionContext context, IMethodInfo method)
   at NUnit.Framework.Internal.Commands.SetUpTearDownItem.RunSetUp(TestExecutionContext context)
   at NUnit.Framework.Internal.Commands.BeforeAndAfterTestCommand.<>c__DisplayClass1_0.<Execute>b__0()
   at NUnit.Framework.Internal.Commands.DelegatingTestCommand.RunTestMethodInThreadAbortSafeZone(TestExecutionContext context, Action action)
--TearDown
   at Centazio.Test.Lib.BaseProviderTests.BaseStagedEntityRepositoryTests.TearDown() in C:\dev\projects\internal_projects\centazio3\src\Centazio.Test.Lib\BaseProviderTests\BaseStagedEntityRepositoryTests.cs:line 24
   at NUnit.Framework.Internal.TaskAwaitAdapter.GenericAdapter`1.GetResult()
   at NUnit.Framework.Internal.AsyncToSyncAdapter.Await[TResult](Func`1 invoke)
   at NUnit.Framework.Internal.AsyncToSyncAdapter.Await(Func`1 invoke)
   at NUnit.Framework.Internal.Commands.SetUpTearDownItem.RunSetUpOrTearDownMethod(TestExecutionContext context, IMethodInfo method)
   at NUnit.Framework.Internal.Commands.SetUpTearDownItem.RunTearDown(TestExecutionContext context)]]></stack-trace>
                      </failure>
                    </test-case>
                    <test-case id="61-1018" name="Test_stage_single_ignores_duplicates" fullname="Centazio.Providers.SqlServer.Tests.Stage.SqlServerStagedEntityRepositoryTests.Test_stage_single_ignores_duplicates" methodname="Test_stage_single_ignores_duplicates" classname="Centazio.Test.Lib.BaseProviderTests.BaseStagedEntityRepositoryTests" runstate="Runnable" seed="166689237" result="Failed" label="Error" start-time="2024-10-27T22:06:06.0156284Z" end-time="2024-10-27T22:06:06.0161089Z" duration="0.000481" asserts="0">
                      <failure>
                        <message><![CDATA[System.MissingMethodException : Method not found: 'System.String System.String.Join(System.String, System.ReadOnlySpan`1<System.Object>)'.
TearDown : System.NullReferenceException : Object reference not set to an instance of an object.]]></message>
                        <stack-trace><![CDATA[   at Microsoft.Extensions.DependencyInjection.ServiceLookup.CallSiteFactory.CreateConstructorCallSite(ResultCache lifetime, ServiceIdentifier serviceIdentifier, Type implementationType, CallSiteChain callSiteChain)
   at Microsoft.Extensions.DependencyInjection.ServiceLookup.CallSiteFactory.TryCreateExact(ServiceDescriptor descriptor, ServiceIdentifier serviceIdentifier, CallSiteChain callSiteChain, Int32 slot)
   at Microsoft.Extensions.DependencyInjection.ServiceLookup.CallSiteFactory.TryCreateExact(ServiceIdentifier serviceIdentifier, CallSiteChain callSiteChain)
   at Microsoft.Extensions.DependencyInjection.ServiceLookup.CallSiteFactory.CreateCallSite(ServiceIdentifier serviceIdentifier, CallSiteChain callSiteChain)
   at Microsoft.Extensions.DependencyInjection.ServiceLookup.CallSiteFactory.GetCallSite(ServiceIdentifier serviceIdentifier, CallSiteChain callSiteChain)
   at Microsoft.Extensions.DependencyInjection.ServiceProvider.CreateServiceAccessor(ServiceIdentifier serviceIdentifier)
   at System.Collections.Concurrent.ConcurrentDictionary`2.GetOrAdd(TKey key, Func`2 valueFactory)
   at Microsoft.Extensions.DependencyInjection.ServiceProvider.GetService(ServiceIdentifier serviceIdentifier, ServiceProviderEngineScope serviceProviderEngineScope)
   at Microsoft.Extensions.DependencyInjection.ServiceProvider.GetService(Type serviceType)
   at Microsoft.Extensions.DependencyInjection.ServiceProviderServiceExtensions.GetRequiredService(IServiceProvider provider, Type serviceType)
   at Microsoft.Extensions.DependencyInjection.ServiceProviderServiceExtensions.GetRequiredService[T](IServiceProvider provider)
   at Microsoft.EntityFrameworkCore.DbContext..ctor(DbContextOptions options)
   at Microsoft.EntityFrameworkCore.DbContext..ctor()
   at Centazio.Providers.EF.CentazioDbContext..ctor()
   at Centazio.Providers.EF.AbstractStagedEntityRepositoryDbContext..ctor(String schema, String table) in C:\dev\projects\internal_projects\centazio3\src\Centazio.Providers\Centazio.Providers.EF\AbstractStagedEntityRepositoryDbContext.cs:line 7
   at Centazio.Providers.SqlServer.Stage.SqlServerStagedEntityContext..ctor(String connstr) in C:\dev\projects\internal_projects\centazio3\src\Centazio.Providers\Centazio.Providers.SqlServer\Stage\SqlServerStagedEntityContext.cs:line 8
   at Centazio.Providers.SqlServer.Tests.Stage.SqlServerStagedEntityRepositoryTests.<>c__DisplayClass0_0.<GetRepository>b__0() in C:\dev\projects\internal_projects\centazio3\tests\Centazio.Providers.SqlServer.Tests\Stage\SqlServerStagedEntityRepositoryTests.cs:line 12
   at Centazio.Providers.EF.EFCoreStagedEntityRepository.Initialise() in C:\dev\projects\internal_projects\centazio3\src\Centazio.Providers\Centazio.Providers.EF\EFCoreStagedEntityRepository.cs:line 58
   at Centazio.Providers.SqlServer.Tests.Stage.SqlServerStagedEntityRepositoryTests.GetRepository(Int32 limit, Func`2 checksum) in C:\dev\projects\internal_projects\centazio3\tests\Centazio.Providers.SqlServer.Tests\Stage\SqlServerStagedEntityRepositoryTests.cs:line 13
   at Centazio.Test.Lib.BaseProviderTests.BaseStagedEntityRepositoryTests.SetUp() in C:\dev\projects\internal_projects\centazio3\src\Centazio.Test.Lib\BaseProviderTests\BaseStagedEntityRepositoryTests.cs:line 20
   at NUnit.Framework.Internal.TaskAwaitAdapter.GenericAdapter`1.GetResult()
   at NUnit.Framework.Internal.AsyncToSyncAdapter.Await[TResult](Func`1 invoke)
   at NUnit.Framework.Internal.AsyncToSyncAdapter.Await(Func`1 invoke)
   at NUnit.Framework.Internal.Commands.SetUpTearDownItem.RunSetUpOrTearDownMethod(TestExecutionContext context, IMethodInfo method)
   at NUnit.Framework.Internal.Commands.SetUpTearDownItem.RunSetUp(TestExecutionContext context)
   at NUnit.Framework.Internal.Commands.BeforeAndAfterTestCommand.<>c__DisplayClass1_0.<Execute>b__0()
   at NUnit.Framework.Internal.Commands.DelegatingTestCommand.RunTestMethodInThreadAbortSafeZone(TestExecutionContext context, Action action)
--TearDown
   at Centazio.Test.Lib.BaseProviderTests.BaseStagedEntityRepositoryTests.TearDown() in C:\dev\projects\internal_projects\centazio3\src\Centazio.Test.Lib\BaseProviderTests\BaseStagedEntityRepositoryTests.cs:line 24
   at NUnit.Framework.Internal.TaskAwaitAdapter.GenericAdapter`1.GetResult()
   at NUnit.Framework.Internal.AsyncToSyncAdapter.Await[TResult](Func`1 invoke)
   at NUnit.Framework.Internal.AsyncToSyncAdapter.Await(Func`1 invoke)
   at NUnit.Framework.Internal.Commands.SetUpTearDownItem.RunSetUpOrTearDownMethod(TestExecutionContext context, IMethodInfo method)
   at NUnit.Framework.Internal.Commands.SetUpTearDownItem.RunTearDown(TestExecutionContext context)]]></stack-trace>
                      </failure>
                    </test-case>
                    <test-case id="61-1019" name="Test_staging_multiple_entities_ignores_duplicates" fullname="Centazio.Providers.SqlServer.Tests.Stage.SqlServerStagedEntityRepositoryTests.Test_staging_multiple_entities_ignores_duplicates" methodname="Test_staging_multiple_entities_ignores_duplicates" classname="Centazio.Test.Lib.BaseProviderTests.BaseStagedEntityRepositoryTests" runstate="Runnable" seed="689933654" result="Failed" label="Error" start-time="2024-10-27T22:06:06.0161227Z" end-time="2024-10-27T22:06:06.0165854Z" duration="0.000463" asserts="0">
                      <failure>
                        <message><![CDATA[System.MissingMethodException : Method not found: 'System.String System.String.Join(System.String, System.ReadOnlySpan`1<System.Object>)'.
TearDown : System.NullReferenceException : Object reference not set to an instance of an object.]]></message>
                        <stack-trace><![CDATA[   at Microsoft.Extensions.DependencyInjection.ServiceLookup.CallSiteFactory.CreateConstructorCallSite(ResultCache lifetime, ServiceIdentifier serviceIdentifier, Type implementationType, CallSiteChain callSiteChain)
   at Microsoft.Extensions.DependencyInjection.ServiceLookup.CallSiteFactory.TryCreateExact(ServiceDescriptor descriptor, ServiceIdentifier serviceIdentifier, CallSiteChain callSiteChain, Int32 slot)
   at Microsoft.Extensions.DependencyInjection.ServiceLookup.CallSiteFactory.TryCreateExact(ServiceIdentifier serviceIdentifier, CallSiteChain callSiteChain)
   at Microsoft.Extensions.DependencyInjection.ServiceLookup.CallSiteFactory.CreateCallSite(ServiceIdentifier serviceIdentifier, CallSiteChain callSiteChain)
   at Microsoft.Extensions.DependencyInjection.ServiceLookup.CallSiteFactory.GetCallSite(ServiceIdentifier serviceIdentifier, CallSiteChain callSiteChain)
   at Microsoft.Extensions.DependencyInjection.ServiceProvider.CreateServiceAccessor(ServiceIdentifier serviceIdentifier)
   at System.Collections.Concurrent.ConcurrentDictionary`2.GetOrAdd(TKey key, Func`2 valueFactory)
   at Microsoft.Extensions.DependencyInjection.ServiceProvider.GetService(ServiceIdentifier serviceIdentifier, ServiceProviderEngineScope serviceProviderEngineScope)
   at Microsoft.Extensions.DependencyInjection.ServiceProvider.GetService(Type serviceType)
   at Microsoft.Extensions.DependencyInjection.ServiceProviderServiceExtensions.GetRequiredService(IServiceProvider provider, Type serviceType)
   at Microsoft.Extensions.DependencyInjection.ServiceProviderServiceExtensions.GetRequiredService[T](IServiceProvider provider)
   at Microsoft.EntityFrameworkCore.DbContext..ctor(DbContextOptions options)
   at Microsoft.EntityFrameworkCore.DbContext..ctor()
   at Centazio.Providers.EF.CentazioDbContext..ctor()
   at Centazio.Providers.EF.AbstractStagedEntityRepositoryDbContext..ctor(String schema, String table) in C:\dev\projects\internal_projects\centazio3\src\Centazio.Providers\Centazio.Providers.EF\AbstractStagedEntityRepositoryDbContext.cs:line 7
   at Centazio.Providers.SqlServer.Stage.SqlServerStagedEntityContext..ctor(String connstr) in C:\dev\projects\internal_projects\centazio3\src\Centazio.Providers\Centazio.Providers.SqlServer\Stage\SqlServerStagedEntityContext.cs:line 8
   at Centazio.Providers.SqlServer.Tests.Stage.SqlServerStagedEntityRepositoryTests.<>c__DisplayClass0_0.<GetRepository>b__0() in C:\dev\projects\internal_projects\centazio3\tests\Centazio.Providers.SqlServer.Tests\Stage\SqlServerStagedEntityRepositoryTests.cs:line 12
   at Centazio.Providers.EF.EFCoreStagedEntityRepository.Initialise() in C:\dev\projects\internal_projects\centazio3\src\Centazio.Providers\Centazio.Providers.EF\EFCoreStagedEntityRepository.cs:line 58
   at Centazio.Providers.SqlServer.Tests.Stage.SqlServerStagedEntityRepositoryTests.GetRepository(Int32 limit, Func`2 checksum) in C:\dev\projects\internal_projects\centazio3\tests\Centazio.Providers.SqlServer.Tests\Stage\SqlServerStagedEntityRepositoryTests.cs:line 13
   at Centazio.Test.Lib.BaseProviderTests.BaseStagedEntityRepositoryTests.SetUp() in C:\dev\projects\internal_projects\centazio3\src\Centazio.Test.Lib\BaseProviderTests\BaseStagedEntityRepositoryTests.cs:line 20
   at NUnit.Framework.Internal.TaskAwaitAdapter.GenericAdapter`1.GetResult()
   at NUnit.Framework.Internal.AsyncToSyncAdapter.Await[TResult](Func`1 invoke)
   at NUnit.Framework.Internal.AsyncToSyncAdapter.Await(Func`1 invoke)
   at NUnit.Framework.Internal.Commands.SetUpTearDownItem.RunSetUpOrTearDownMethod(TestExecutionContext context, IMethodInfo method)
   at NUnit.Framework.Internal.Commands.SetUpTearDownItem.RunSetUp(TestExecutionContext context)
   at NUnit.Framework.Internal.Commands.BeforeAndAfterTestCommand.<>c__DisplayClass1_0.<Execute>b__0()
   at NUnit.Framework.Internal.Commands.DelegatingTestCommand.RunTestMethodInThreadAbortSafeZone(TestExecutionContext context, Action action)
--TearDown
   at Centazio.Test.Lib.BaseProviderTests.BaseStagedEntityRepositoryTests.TearDown() in C:\dev\projects\internal_projects\centazio3\src\Centazio.Test.Lib\BaseProviderTests\BaseStagedEntityRepositoryTests.cs:line 24
   at NUnit.Framework.Internal.TaskAwaitAdapter.GenericAdapter`1.GetResult()
   at NUnit.Framework.Internal.AsyncToSyncAdapter.Await[TResult](Func`1 invoke)
   at NUnit.Framework.Internal.AsyncToSyncAdapter.Await(Func`1 invoke)
   at NUnit.Framework.Internal.Commands.SetUpTearDownItem.RunSetUpOrTearDownMethod(TestExecutionContext context, IMethodInfo method)
   at NUnit.Framework.Internal.Commands.SetUpTearDownItem.RunTearDown(TestExecutionContext context)]]></stack-trace>
                      </failure>
                    </test-case>
                    <test-case id="61-1009" name="Test_updating_multiple_entities" fullname="Centazio.Providers.SqlServer.Tests.Stage.SqlServerStagedEntityRepositoryTests.Test_updating_multiple_entities" methodname="Test_updating_multiple_entities" classname="Centazio.Test.Lib.BaseProviderTests.BaseStagedEntityRepositoryTests" runstate="Runnable" seed="1209530112" result="Failed" label="Error" start-time="2024-10-27T22:06:06.0165997Z" end-time="2024-10-27T22:06:06.0170653Z" duration="0.000466" asserts="0">
                      <failure>
                        <message><![CDATA[System.MissingMethodException : Method not found: 'System.String System.String.Join(System.String, System.ReadOnlySpan`1<System.Object>)'.
TearDown : System.NullReferenceException : Object reference not set to an instance of an object.]]></message>
                        <stack-trace><![CDATA[   at Microsoft.Extensions.DependencyInjection.ServiceLookup.CallSiteFactory.CreateConstructorCallSite(ResultCache lifetime, ServiceIdentifier serviceIdentifier, Type implementationType, CallSiteChain callSiteChain)
   at Microsoft.Extensions.DependencyInjection.ServiceLookup.CallSiteFactory.TryCreateExact(ServiceDescriptor descriptor, ServiceIdentifier serviceIdentifier, CallSiteChain callSiteChain, Int32 slot)
   at Microsoft.Extensions.DependencyInjection.ServiceLookup.CallSiteFactory.TryCreateExact(ServiceIdentifier serviceIdentifier, CallSiteChain callSiteChain)
   at Microsoft.Extensions.DependencyInjection.ServiceLookup.CallSiteFactory.CreateCallSite(ServiceIdentifier serviceIdentifier, CallSiteChain callSiteChain)
   at Microsoft.Extensions.DependencyInjection.ServiceLookup.CallSiteFactory.GetCallSite(ServiceIdentifier serviceIdentifier, CallSiteChain callSiteChain)
   at Microsoft.Extensions.DependencyInjection.ServiceProvider.CreateServiceAccessor(ServiceIdentifier serviceIdentifier)
   at System.Collections.Concurrent.ConcurrentDictionary`2.GetOrAdd(TKey key, Func`2 valueFactory)
   at Microsoft.Extensions.DependencyInjection.ServiceProvider.GetService(ServiceIdentifier serviceIdentifier, ServiceProviderEngineScope serviceProviderEngineScope)
   at Microsoft.Extensions.DependencyInjection.ServiceProvider.GetService(Type serviceType)
   at Microsoft.Extensions.DependencyInjection.ServiceProviderServiceExtensions.GetRequiredService(IServiceProvider provider, Type serviceType)
   at Microsoft.Extensions.DependencyInjection.ServiceProviderServiceExtensions.GetRequiredService[T](IServiceProvider provider)
   at Microsoft.EntityFrameworkCore.DbContext..ctor(DbContextOptions options)
   at Microsoft.EntityFrameworkCore.DbContext..ctor()
   at Centazio.Providers.EF.CentazioDbContext..ctor()
   at Centazio.Providers.EF.AbstractStagedEntityRepositoryDbContext..ctor(String schema, String table) in C:\dev\projects\internal_projects\centazio3\src\Centazio.Providers\Centazio.Providers.EF\AbstractStagedEntityRepositoryDbContext.cs:line 7
   at Centazio.Providers.SqlServer.Stage.SqlServerStagedEntityContext..ctor(String connstr) in C:\dev\projects\internal_projects\centazio3\src\Centazio.Providers\Centazio.Providers.SqlServer\Stage\SqlServerStagedEntityContext.cs:line 8
   at Centazio.Providers.SqlServer.Tests.Stage.SqlServerStagedEntityRepositoryTests.<>c__DisplayClass0_0.<GetRepository>b__0() in C:\dev\projects\internal_projects\centazio3\tests\Centazio.Providers.SqlServer.Tests\Stage\SqlServerStagedEntityRepositoryTests.cs:line 12
   at Centazio.Providers.EF.EFCoreStagedEntityRepository.Initialise() in C:\dev\projects\internal_projects\centazio3\src\Centazio.Providers\Centazio.Providers.EF\EFCoreStagedEntityRepository.cs:line 58
   at Centazio.Providers.SqlServer.Tests.Stage.SqlServerStagedEntityRepositoryTests.GetRepository(Int32 limit, Func`2 checksum) in C:\dev\projects\internal_projects\centazio3\tests\Centazio.Providers.SqlServer.Tests\Stage\SqlServerStagedEntityRepositoryTests.cs:line 13
   at Centazio.Test.Lib.BaseProviderTests.BaseStagedEntityRepositoryTests.SetUp() in C:\dev\projects\internal_projects\centazio3\src\Centazio.Test.Lib\BaseProviderTests\BaseStagedEntityRepositoryTests.cs:line 20
   at NUnit.Framework.Internal.TaskAwaitAdapter.GenericAdapter`1.GetResult()
   at NUnit.Framework.Internal.AsyncToSyncAdapter.Await[TResult](Func`1 invoke)
   at NUnit.Framework.Internal.AsyncToSyncAdapter.Await(Func`1 invoke)
   at NUnit.Framework.Internal.Commands.SetUpTearDownItem.RunSetUpOrTearDownMethod(TestExecutionContext context, IMethodInfo method)
   at NUnit.Framework.Internal.Commands.SetUpTearDownItem.RunSetUp(TestExecutionContext context)
   at NUnit.Framework.Internal.Commands.BeforeAndAfterTestCommand.<>c__DisplayClass1_0.<Execute>b__0()
   at NUnit.Framework.Internal.Commands.DelegatingTestCommand.RunTestMethodInThreadAbortSafeZone(TestExecutionContext context, Action action)
--TearDown
   at Centazio.Test.Lib.BaseProviderTests.BaseStagedEntityRepositoryTests.TearDown() in C:\dev\projects\internal_projects\centazio3\src\Centazio.Test.Lib\BaseProviderTests\BaseStagedEntityRepositoryTests.cs:line 24
   at NUnit.Framework.Internal.TaskAwaitAdapter.GenericAdapter`1.GetResult()
   at NUnit.Framework.Internal.AsyncToSyncAdapter.Await[TResult](Func`1 invoke)
   at NUnit.Framework.Internal.AsyncToSyncAdapter.Await(Func`1 invoke)
   at NUnit.Framework.Internal.Commands.SetUpTearDownItem.RunSetUpOrTearDownMethod(TestExecutionContext context, IMethodInfo method)
   at NUnit.Framework.Internal.Commands.SetUpTearDownItem.RunTearDown(TestExecutionContext context)]]></stack-trace>
                      </failure>
                    </test-case>
                    <test-case id="61-1005" name="Test_updating_single_entity" fullname="Centazio.Providers.SqlServer.Tests.Stage.SqlServerStagedEntityRepositoryTests.Test_updating_single_entity" methodname="Test_updating_single_entity" classname="Centazio.Test.Lib.BaseProviderTests.BaseStagedEntityRepositoryTests" runstate="Runnable" seed="1933765911" result="Failed" label="Error" start-time="2024-10-27T22:06:06.0170797Z" end-time="2024-10-27T22:06:06.0175501Z" duration="0.000470" asserts="0">
                      <failure>
                        <message><![CDATA[System.MissingMethodException : Method not found: 'System.String System.String.Join(System.String, System.ReadOnlySpan`1<System.Object>)'.
TearDown : System.NullReferenceException : Object reference not set to an instance of an object.]]></message>
                        <stack-trace><![CDATA[   at Microsoft.Extensions.DependencyInjection.ServiceLookup.CallSiteFactory.CreateConstructorCallSite(ResultCache lifetime, ServiceIdentifier serviceIdentifier, Type implementationType, CallSiteChain callSiteChain)
   at Microsoft.Extensions.DependencyInjection.ServiceLookup.CallSiteFactory.TryCreateExact(ServiceDescriptor descriptor, ServiceIdentifier serviceIdentifier, CallSiteChain callSiteChain, Int32 slot)
   at Microsoft.Extensions.DependencyInjection.ServiceLookup.CallSiteFactory.TryCreateExact(ServiceIdentifier serviceIdentifier, CallSiteChain callSiteChain)
   at Microsoft.Extensions.DependencyInjection.ServiceLookup.CallSiteFactory.CreateCallSite(ServiceIdentifier serviceIdentifier, CallSiteChain callSiteChain)
   at Microsoft.Extensions.DependencyInjection.ServiceLookup.CallSiteFactory.GetCallSite(ServiceIdentifier serviceIdentifier, CallSiteChain callSiteChain)
   at Microsoft.Extensions.DependencyInjection.ServiceProvider.CreateServiceAccessor(ServiceIdentifier serviceIdentifier)
   at System.Collections.Concurrent.ConcurrentDictionary`2.GetOrAdd(TKey key, Func`2 valueFactory)
   at Microsoft.Extensions.DependencyInjection.ServiceProvider.GetService(ServiceIdentifier serviceIdentifier, ServiceProviderEngineScope serviceProviderEngineScope)
   at Microsoft.Extensions.DependencyInjection.ServiceProvider.GetService(Type serviceType)
   at Microsoft.Extensions.DependencyInjection.ServiceProviderServiceExtensions.GetRequiredService(IServiceProvider provider, Type serviceType)
   at Microsoft.Extensions.DependencyInjection.ServiceProviderServiceExtensions.GetRequiredService[T](IServiceProvider provider)
   at Microsoft.EntityFrameworkCore.DbContext..ctor(DbContextOptions options)
   at Microsoft.EntityFrameworkCore.DbContext..ctor()
   at Centazio.Providers.EF.CentazioDbContext..ctor()
   at Centazio.Providers.EF.AbstractStagedEntityRepositoryDbContext..ctor(String schema, String table) in C:\dev\projects\internal_projects\centazio3\src\Centazio.Providers\Centazio.Providers.EF\AbstractStagedEntityRepositoryDbContext.cs:line 7
   at Centazio.Providers.SqlServer.Stage.SqlServerStagedEntityContext..ctor(String connstr) in C:\dev\projects\internal_projects\centazio3\src\Centazio.Providers\Centazio.Providers.SqlServer\Stage\SqlServerStagedEntityContext.cs:line 8
   at Centazio.Providers.SqlServer.Tests.Stage.SqlServerStagedEntityRepositoryTests.<>c__DisplayClass0_0.<GetRepository>b__0() in C:\dev\projects\internal_projects\centazio3\tests\Centazio.Providers.SqlServer.Tests\Stage\SqlServerStagedEntityRepositoryTests.cs:line 12
   at Centazio.Providers.EF.EFCoreStagedEntityRepository.Initialise() in C:\dev\projects\internal_projects\centazio3\src\Centazio.Providers\Centazio.Providers.EF\EFCoreStagedEntityRepository.cs:line 58
   at Centazio.Providers.SqlServer.Tests.Stage.SqlServerStagedEntityRepositoryTests.GetRepository(Int32 limit, Func`2 checksum) in C:\dev\projects\internal_projects\centazio3\tests\Centazio.Providers.SqlServer.Tests\Stage\SqlServerStagedEntityRepositoryTests.cs:line 13
   at Centazio.Test.Lib.BaseProviderTests.BaseStagedEntityRepositoryTests.SetUp() in C:\dev\projects\internal_projects\centazio3\src\Centazio.Test.Lib\BaseProviderTests\BaseStagedEntityRepositoryTests.cs:line 20
   at NUnit.Framework.Internal.TaskAwaitAdapter.GenericAdapter`1.GetResult()
   at NUnit.Framework.Internal.AsyncToSyncAdapter.Await[TResult](Func`1 invoke)
   at NUnit.Framework.Internal.AsyncToSyncAdapter.Await(Func`1 invoke)
   at NUnit.Framework.Internal.Commands.SetUpTearDownItem.RunSetUpOrTearDownMethod(TestExecutionContext context, IMethodInfo method)
   at NUnit.Framework.Internal.Commands.SetUpTearDownItem.RunSetUp(TestExecutionContext context)
   at NUnit.Framework.Internal.Commands.BeforeAndAfterTestCommand.<>c__DisplayClass1_0.<Execute>b__0()
   at NUnit.Framework.Internal.Commands.DelegatingTestCommand.RunTestMethodInThreadAbortSafeZone(TestExecutionContext context, Action action)
--TearDown
   at Centazio.Test.Lib.BaseProviderTests.BaseStagedEntityRepositoryTests.TearDown() in C:\dev\projects\internal_projects\centazio3\src\Centazio.Test.Lib\BaseProviderTests\BaseStagedEntityRepositoryTests.cs:line 24
   at NUnit.Framework.Internal.TaskAwaitAdapter.GenericAdapter`1.GetResult()
   at NUnit.Framework.Internal.AsyncToSyncAdapter.Await[TResult](Func`1 invoke)
   at NUnit.Framework.Internal.AsyncToSyncAdapter.Await(Func`1 invoke)
   at NUnit.Framework.Internal.Commands.SetUpTearDownItem.RunSetUpOrTearDownMethod(TestExecutionContext context, IMethodInfo method)
   at NUnit.Framework.Internal.Commands.SetUpTearDownItem.RunTearDown(TestExecutionContext context)]]></stack-trace>
                      </failure>
                    </test-case>
                  </test-suite>
                </test-suite>
              </test-suite>
            </test-suite>
          </test-suite>
        </test-suite>
      </test-suite>
    </test-suite>
    <test-suite type="Assembly" id="1" name="Centazio.Cli.exe" fullname="C:\dev\projects\internal_projects\centazio3\src\Centazio.Cli\bin\Debug\net9.0\Centazio.Cli.exe" testcasecount="0" runstate="" result="" label="">
      <properties>
        <property name="_SKIPREASON" value="Unmanaged libraries or applications are not supported" />
      </properties>
      <reason>
        <message>Unmanaged libraries or applications are not supported</message>
      </reason>
    </test-suite>
    <test-suite type="Assembly" id="63-1007" name="Centazio.Cli.Tests.dll" fullname="C:\dev\projects\internal_projects\centazio3\tests\Centazio.Cli.Tests\bin\Debug\net9.0\Centazio.Cli.Tests.dll" runstate="Runnable" testcasecount="3" result="Failed" site="Child" start-time="2024-10-27T22:06:15.0965574Z" end-time="2024-10-27T22:06:15.1493868Z" duration="0.052808" total="3" passed="0" failed="3" warnings="0" inconclusive="0" skipped="0" asserts="0">
      <environment framework-version="4.0.1.0" clr-version="8.0.8" os-version="Microsoft Windows 10.0.19045" platform="Win32NT" cwd="C:\dev\projects\internal_projects\centazio3" machine-name="PICNETD113" user="guidot" user-domain="PICNET" culture="en-AU" uiculture="en-GB" os-architecture="x64" />
      <settings>
        <setting name="SkipNonTestAssemblies" value="True" />
        <setting name="DisposeRunners" value="True" />
        <setting name="WorkDirectory" value="C:\dev\projects\internal_projects\centazio3" />
        <setting name="ActiveConfig" value="Debug" />
        <setting name="ConfigNames" value="System.Collections.Generic.List`1[System.String]" />
        <setting name="ImageRuntimeVersion" value="4.0.30319" />
        <setting name="ImageTargetFrameworkName" value=".NETCoreApp,Version=v9.0" />
        <setting name="ImageRequiresX86" value="False" />
        <setting name="ImageRequiresDefaultAppDomainAssemblyResolver" value="False" />
        <setting name="TargetRuntimeFramework" value="netcore-9.0" />
        <setting name="NumberOfTestWorkers" value="8" />
      </settings>
      <properties>
        <property name="_PID" value="5412" />
        <property name="_APPDOMAIN" value="nunit-agent" />
      </properties>
      <failure>
        <message><![CDATA[One or more child tests had errors]]></message>
      </failure>
      <test-suite type="SetUpFixture" id="63-1000" name="[default namespace]" fullname="TestSuiteInitialiser" classname="TestSuiteInitialiser" runstate="Runnable" testcasecount="3" result="Failed" site="Child" start-time="2024-10-27T22:06:15.1001263Z" end-time="2024-10-27T22:06:15.1493782Z" duration="0.049252" total="3" passed="0" failed="3" warnings="0" inconclusive="0" skipped="0" asserts="0">
        <failure>
          <message><![CDATA[One or more child tests had errors]]></message>
        </failure>
        <test-suite type="TestSuite" id="63-1008" name="Centazio" fullname="Centazio" runstate="Runnable" testcasecount="3" result="Failed" site="Child" start-time="2024-10-27T22:06:15.1233799Z" end-time="2024-10-27T22:06:15.1489969Z" duration="0.025617" total="3" passed="0" failed="3" warnings="0" inconclusive="0" skipped="0" asserts="0">
          <failure>
            <message><![CDATA[One or more child tests had errors]]></message>
          </failure>
          <test-suite type="TestSuite" id="63-1009" name="Cli" fullname="Centazio.Cli" runstate="Runnable" testcasecount="3" result="Failed" site="Child" start-time="2024-10-27T22:06:15.1234171Z" end-time="2024-10-27T22:06:15.1489944Z" duration="0.025577" total="3" passed="0" failed="3" warnings="0" inconclusive="0" skipped="0" asserts="0">
            <failure>
              <message><![CDATA[One or more child tests had errors]]></message>
            </failure>
            <test-suite type="TestSuite" id="63-1010" name="Tests" fullname="Centazio.Cli.Tests" runstate="Runnable" testcasecount="3" result="Failed" site="Child" start-time="2024-10-27T22:06:15.1234223Z" end-time="2024-10-27T22:06:15.1489919Z" duration="0.025570" total="3" passed="0" failed="3" warnings="0" inconclusive="0" skipped="0" asserts="0">
              <failure>
                <message><![CDATA[One or more child tests had errors]]></message>
              </failure>
              <test-suite type="TestSuite" id="63-1011" name="Infra" fullname="Centazio.Cli.Tests.Infra" runstate="Runnable" testcasecount="3" result="Failed" site="Child" start-time="2024-10-27T22:06:15.1234255Z" end-time="2024-10-27T22:06:15.1489891Z" duration="0.025564" total="3" passed="0" failed="3" warnings="0" inconclusive="0" skipped="0" asserts="0">
                <failure>
                  <message><![CDATA[One or more child tests had errors]]></message>
                </failure>
                <test-suite type="TestSuite" id="63-1013" name="Aws" fullname="Centazio.Cli.Tests.Infra.Aws" runstate="Runnable" testcasecount="1" result="Failed" site="Child" start-time="2024-10-27T22:06:15.1234283Z" end-time="2024-10-27T22:06:15.1462995Z" duration="0.022871" total="1" passed="0" failed="1" warnings="0" inconclusive="0" skipped="0" asserts="0">
                  <failure>
                    <message><![CDATA[One or more child tests had errors]]></message>
                  </failure>
                  <test-suite type="TestFixture" id="63-1005" name="AwsAccountsTests" fullname="Centazio.Cli.Tests.Infra.Aws.AwsAccountsTests" classname="Centazio.Cli.Tests.Infra.Aws.AwsAccountsTests" runstate="Runnable" testcasecount="1" result="Failed" site="Child" start-time="2024-10-27T22:06:15.1234607Z" end-time="2024-10-27T22:06:15.1460454Z" duration="0.022585" total="1" passed="0" failed="1" warnings="0" inconclusive="0" skipped="0" asserts="0">
                    <failure>
                      <message><![CDATA[One or more child tests had errors]]></message>
                    </failure>
                    <test-case id="63-1006" name="Test_ListAccounts" fullname="Centazio.Cli.Tests.Infra.Aws.AwsAccountsTests.Test_ListAccounts" methodname="Test_ListAccounts" classname="Centazio.Cli.Tests.Infra.Aws.AwsAccountsTests" runstate="Runnable" seed="1783792413" result="Failed" label="Error" start-time="2024-10-27T22:06:15.1235520Z" end-time="2024-10-27T22:06:15.1445309Z" duration="0.021019" asserts="0">
                      <failure>
                        <message><![CDATA[System.Exception : could not find settings file [settings.json] in the current directory hierarchy]]></message>
                        <stack-trace><![CDATA[   at Centazio.Core.Settings.SettingsLoader`1.Load(String environment) in C:\dev\projects\internal_projects\centazio3\src\Centazio.Core\Settings\SettingsLoader.cs:line 18
   at Centazio.Cli.Tests.TestingFactories.Secrets() in C:\dev\projects\internal_projects\centazio3\tests\Centazio.Cli.Tests\TestingFactories.cs:line 10
   at Centazio.Cli.Tests.Infra.Aws.AwsAccountsTests.Test_ListAccounts() in C:\dev\projects\internal_projects\centazio3\tests\Centazio.Cli.Tests\Infra\Aws\AwsAccountsTests.cs:line 9
   at NUnit.Framework.Internal.TaskAwaitAdapter.GenericAdapter`1.GetResult()
   at NUnit.Framework.Internal.AsyncToSyncAdapter.Await[TResult](Func`1 invoke)
   at NUnit.Framework.Internal.AsyncToSyncAdapter.Await(Func`1 invoke)
   at NUnit.Framework.Internal.Commands.TestMethodCommand.RunTestMethod(TestExecutionContext context)
   at NUnit.Framework.Internal.Commands.TestMethodCommand.Execute(TestExecutionContext context)
   at NUnit.Framework.Internal.Execution.SimpleWorkItem.<>c__DisplayClass3_0.<PerformWork>b__0()
   at NUnit.Framework.Internal.ContextUtils.<>c__DisplayClass1_0`1.<DoIsolated>b__0(Object _)
   at System.Threading.ExecutionContext.RunInternal(ExecutionContext executionContext, ContextCallback callback, Object state)
--- End of stack trace from previous location ---
   at System.Threading.ExecutionContext.RunInternal(ExecutionContext executionContext, ContextCallback callback, Object state)
   at NUnit.Framework.Internal.ContextUtils.DoIsolated(ContextCallback callback, Object state)
   at NUnit.Framework.Internal.ContextUtils.DoIsolated[T](Func`1 func)
   at NUnit.Framework.Internal.Execution.SimpleWorkItem.PerformWork()]]></stack-trace>
                      </failure>
                    </test-case>
                  </test-suite>
                </test-suite>
                <test-suite type="TestSuite" id="63-1012" name="Az" fullname="Centazio.Cli.Tests.Infra.Az" runstate="Runnable" testcasecount="2" result="Failed" site="Child" start-time="2024-10-27T22:06:15.1234333Z" end-time="2024-10-27T22:06:15.1489863Z" duration="0.025553" total="2" passed="0" failed="2" warnings="0" inconclusive="0" skipped="0" asserts="0">
                  <failure>
                    <message><![CDATA[One or more child tests had errors]]></message>
                  </failure>
                  <test-suite type="TestFixture" id="63-1001" name="AzResourceGroupsTests" fullname="Centazio.Cli.Tests.Infra.Az.AzResourceGroupsTests" classname="Centazio.Cli.Tests.Infra.Az.AzResourceGroupsTests" runstate="Runnable" testcasecount="1" result="Failed" site="Child" start-time="2024-10-27T22:06:15.1470938Z" end-time="2024-10-27T22:06:15.1481712Z" duration="0.001077" total="1" passed="0" failed="1" warnings="0" inconclusive="0" skipped="0" asserts="0">
                    <failure>
                      <message><![CDATA[One or more child tests had errors]]></message>
                    </failure>
                    <test-case id="63-1002" name="Test_ListResourceGroups" fullname="Centazio.Cli.Tests.Infra.Az.AzResourceGroupsTests.Test_ListResourceGroups" methodname="Test_ListResourceGroups" classname="Centazio.Cli.Tests.Infra.Az.AzResourceGroupsTests" runstate="Runnable" seed="1324436116" result="Failed" label="Error" start-time="2024-10-27T22:06:15.1472099Z" end-time="2024-10-27T22:06:15.1481549Z" duration="0.000945" asserts="0">
                      <failure>
                        <message><![CDATA[System.Exception : could not find settings file [settings.json] in the current directory hierarchy]]></message>
                        <stack-trace><![CDATA[   at Centazio.Core.Settings.SettingsLoader`1.Load(String environment) in C:\dev\projects\internal_projects\centazio3\src\Centazio.Core\Settings\SettingsLoader.cs:line 18
   at Centazio.Cli.Tests.TestingFactories.Secrets() in C:\dev\projects\internal_projects\centazio3\tests\Centazio.Cli.Tests\TestingFactories.cs:line 10
   at Centazio.Cli.Tests.Infra.Az.AzResourceGroupsTests.Test_ListResourceGroups() in C:\dev\projects\internal_projects\centazio3\tests\Centazio.Cli.Tests\Infra\Az\AzResourceGroupsTests.cs:line 8
   at NUnit.Framework.Internal.TaskAwaitAdapter.GenericAdapter`1.GetResult()
   at NUnit.Framework.Internal.AsyncToSyncAdapter.Await[TResult](Func`1 invoke)
   at NUnit.Framework.Internal.AsyncToSyncAdapter.Await(Func`1 invoke)
   at NUnit.Framework.Internal.Commands.TestMethodCommand.RunTestMethod(TestExecutionContext context)
   at NUnit.Framework.Internal.Commands.TestMethodCommand.Execute(TestExecutionContext context)
   at NUnit.Framework.Internal.Execution.SimpleWorkItem.<>c__DisplayClass3_0.<PerformWork>b__0()
   at NUnit.Framework.Internal.ContextUtils.<>c__DisplayClass1_0`1.<DoIsolated>b__0(Object _)
   at System.Threading.ExecutionContext.RunInternal(ExecutionContext executionContext, ContextCallback callback, Object state)
--- End of stack trace from previous location ---
   at System.Threading.ExecutionContext.RunInternal(ExecutionContext executionContext, ContextCallback callback, Object state)
   at NUnit.Framework.Internal.ContextUtils.DoIsolated(ContextCallback callback, Object state)
   at NUnit.Framework.Internal.ContextUtils.DoIsolated[T](Func`1 func)
   at NUnit.Framework.Internal.Execution.SimpleWorkItem.PerformWork()]]></stack-trace>
                      </failure>
                    </test-case>
                  </test-suite>
                  <test-suite type="TestFixture" id="63-1003" name="AzSubscriptionsTests" fullname="Centazio.Cli.Tests.Infra.Az.AzSubscriptionsTests" classname="Centazio.Cli.Tests.Infra.Az.AzSubscriptionsTests" runstate="Runnable" testcasecount="1" result="Failed" site="Child" start-time="2024-10-27T22:06:15.1481865Z" end-time="2024-10-27T22:06:15.1489824Z" duration="0.000796" total="1" passed="0" failed="1" warnings="0" inconclusive="0" skipped="0" asserts="0">
                    <failure>
                      <message><![CDATA[One or more child tests had errors]]></message>
                    </failure>
                    <test-case id="63-1004" name="Test_ListSubscriptions" fullname="Centazio.Cli.Tests.Infra.Az.AzSubscriptionsTests.Test_ListSubscriptions" methodname="Test_ListSubscriptions" classname="Centazio.Cli.Tests.Infra.Az.AzSubscriptionsTests" runstate="Runnable" seed="669024769" result="Failed" label="Error" start-time="2024-10-27T22:06:15.1482539Z" end-time="2024-10-27T22:06:15.1489703Z" duration="0.000716" asserts="0">
                      <failure>
                        <message><![CDATA[System.Exception : could not find settings file [settings.json] in the current directory hierarchy]]></message>
                        <stack-trace><![CDATA[   at Centazio.Core.Settings.SettingsLoader`1.Load(String environment) in C:\dev\projects\internal_projects\centazio3\src\Centazio.Core\Settings\SettingsLoader.cs:line 18
   at Centazio.Cli.Tests.TestingFactories.Secrets() in C:\dev\projects\internal_projects\centazio3\tests\Centazio.Cli.Tests\TestingFactories.cs:line 10
   at Centazio.Cli.Tests.Infra.Az.AzSubscriptionsTests.Test_ListSubscriptions() in C:\dev\projects\internal_projects\centazio3\tests\Centazio.Cli.Tests\Infra\Az\AzSubscriptionsTests.cs:line 8
   at NUnit.Framework.Internal.TaskAwaitAdapter.GenericAdapter`1.GetResult()
   at NUnit.Framework.Internal.AsyncToSyncAdapter.Await[TResult](Func`1 invoke)
   at NUnit.Framework.Internal.AsyncToSyncAdapter.Await(Func`1 invoke)
   at NUnit.Framework.Internal.Commands.TestMethodCommand.RunTestMethod(TestExecutionContext context)
   at NUnit.Framework.Internal.Commands.TestMethodCommand.Execute(TestExecutionContext context)
   at NUnit.Framework.Internal.Execution.SimpleWorkItem.<>c__DisplayClass3_0.<PerformWork>b__0()
   at NUnit.Framework.Internal.ContextUtils.<>c__DisplayClass1_0`1.<DoIsolated>b__0(Object _)
   at System.Threading.ExecutionContext.RunInternal(ExecutionContext executionContext, ContextCallback callback, Object state)
--- End of stack trace from previous location ---
   at System.Threading.ExecutionContext.RunInternal(ExecutionContext executionContext, ContextCallback callback, Object state)
   at NUnit.Framework.Internal.ContextUtils.DoIsolated(ContextCallback callback, Object state)
   at NUnit.Framework.Internal.ContextUtils.DoIsolated[T](Func`1 func)
   at NUnit.Framework.Internal.Execution.SimpleWorkItem.PerformWork()]]></stack-trace>
                      </failure>
                    </test-case>
                  </test-suite>
                </test-suite>
              </test-suite>
            </test-suite>
          </test-suite>
        </test-suite>
      </test-suite>
    </test-suite>
    <test-suite type="Assembly" id="64-1" name="Centazio.Providers.Sqlite.dll" fullname="C:\dev\projects\internal_projects\centazio3\src\Centazio.Providers\Centazio.Providers.Sqlite\bin\Debug\net9.0\Centazio.Providers.Sqlite.dll" testcasecount="0" runstate="Runnable" result="Skipped" label="NoTests">
      <properties>
        <property name="_SKIPREASON" value="Skipping non-test assembly" />
      </properties>
      <reason>
        <message>Skipping non-test assembly</message>
      </reason>
    </test-suite>
    <test-suite type="Assembly" id="65-1049" name="Centazio.Providers.Sqlite.Tests.dll" fullname="C:\dev\projects\internal_projects\centazio3\tests\Centazio.Providers.Sqlite.Tests\bin\Debug\net9.0\Centazio.Providers.Sqlite.Tests.dll" runstate="Runnable" testcasecount="43" result="Failed" site="Child" start-time="2024-10-27T22:06:15.7203487Z" end-time="2024-10-27T22:06:16.4576887Z" duration="0.737318" total="43" passed="4" failed="39" warnings="0" inconclusive="0" skipped="0" asserts="10">
      <environment framework-version="4.0.1.0" clr-version="8.0.8" os-version="Microsoft Windows 10.0.19045" platform="Win32NT" cwd="C:\dev\projects\internal_projects\centazio3" machine-name="PICNETD113" user="guidot" user-domain="PICNET" culture="en-AU" uiculture="en-GB" os-architecture="x64" />
      <settings>
        <setting name="SkipNonTestAssemblies" value="True" />
        <setting name="DisposeRunners" value="True" />
        <setting name="WorkDirectory" value="C:\dev\projects\internal_projects\centazio3" />
        <setting name="ActiveConfig" value="Debug" />
        <setting name="ConfigNames" value="System.Collections.Generic.List`1[System.String]" />
        <setting name="ImageRuntimeVersion" value="4.0.30319" />
        <setting name="ImageTargetFrameworkName" value=".NETCoreApp,Version=v9.0" />
        <setting name="ImageRequiresX86" value="False" />
        <setting name="ImageRequiresDefaultAppDomainAssemblyResolver" value="False" />
        <setting name="TargetRuntimeFramework" value="netcore-9.0" />
        <setting name="NumberOfTestWorkers" value="8" />
      </settings>
      <properties>
        <property name="_PID" value="11788" />
        <property name="_APPDOMAIN" value="nunit-agent" />
      </properties>
      <failure>
        <message><![CDATA[One or more child tests had errors]]></message>
      </failure>
      <test-suite type="SetUpFixture" id="65-1000" name="[default namespace]" fullname="TestSuiteInitialiser" classname="TestSuiteInitialiser" runstate="Runnable" testcasecount="43" result="Failed" site="Child" start-time="2024-10-27T22:06:15.7239454Z" end-time="2024-10-27T22:06:16.4576780Z" duration="0.733732" total="43" passed="4" failed="39" warnings="0" inconclusive="0" skipped="0" asserts="10">
        <failure>
          <message><![CDATA[One or more child tests had errors]]></message>
        </failure>
        <test-suite type="TestSuite" id="65-1050" name="Centazio" fullname="Centazio" runstate="Runnable" testcasecount="43" result="Failed" site="Child" start-time="2024-10-27T22:06:15.7573168Z" end-time="2024-10-27T22:06:16.4574783Z" duration="0.700161" total="43" passed="4" failed="39" warnings="0" inconclusive="0" skipped="0" asserts="10">
          <failure>
            <message><![CDATA[One or more child tests had errors]]></message>
          </failure>
          <test-suite type="TestSuite" id="65-1051" name="Providers" fullname="Centazio.Providers" runstate="Runnable" testcasecount="43" result="Failed" site="Child" start-time="2024-10-27T22:06:15.7573527Z" end-time="2024-10-27T22:06:16.4574752Z" duration="0.700122" total="43" passed="4" failed="39" warnings="0" inconclusive="0" skipped="0" asserts="10">
            <failure>
              <message><![CDATA[One or more child tests had errors]]></message>
            </failure>
            <test-suite type="TestSuite" id="65-1052" name="Sqlite" fullname="Centazio.Providers.Sqlite" runstate="Runnable" testcasecount="43" result="Failed" site="Child" start-time="2024-10-27T22:06:15.7573576Z" end-time="2024-10-27T22:06:16.4574716Z" duration="0.700113" total="43" passed="4" failed="39" warnings="0" inconclusive="0" skipped="0" asserts="10">
              <failure>
                <message><![CDATA[One or more child tests had errors]]></message>
              </failure>
              <test-suite type="TestSuite" id="65-1053" name="Tests" fullname="Centazio.Providers.Sqlite.Tests" runstate="Runnable" testcasecount="43" result="Failed" site="Child" start-time="2024-10-27T22:06:15.7573607Z" end-time="2024-10-27T22:06:16.4574681Z" duration="0.700107" total="43" passed="4" failed="39" warnings="0" inconclusive="0" skipped="0" asserts="10">
                <failure>
                  <message><![CDATA[One or more child tests had errors]]></message>
                </failure>
                <test-suite type="TestSuite" id="65-1057" name="CoreRepo" fullname="Centazio.Providers.Sqlite.Tests.CoreRepo" runstate="Runnable" testcasecount="4" result="Passed" start-time="2024-10-27T22:06:15.7573636Z" end-time="2024-10-27T22:06:16.3669991Z" duration="0.609635" total="4" passed="4" failed="0" warnings="0" inconclusive="0" skipped="0" asserts="10">
                  <test-suite type="TestFixture" id="65-1044" name="SqliteBaseCoreRepositoryTests" fullname="Centazio.Providers.Sqlite.Tests.CoreRepo.SqliteBaseCoreRepositoryTests" classname="Centazio.Providers.Sqlite.Tests.CoreRepo.SqliteBaseCoreRepositoryTests" runstate="Runnable" testcasecount="4" result="Passed" start-time="2024-10-27T22:06:15.7574128Z" end-time="2024-10-27T22:06:16.3667531Z" duration="0.609340" total="4" passed="4" failed="0" warnings="0" inconclusive="0" skipped="0" asserts="10">
                    <test-case id="65-1047" name="Test_batch_upsert" fullname="Centazio.Providers.Sqlite.Tests.CoreRepo.SqliteBaseCoreRepositoryTests.Test_batch_upsert" methodname="Test_batch_upsert" classname="Centazio.Test.Lib.BaseProviderTests.BaseCoreStorageRepositoryTests" runstate="Runnable" seed="1807859397" result="Passed" start-time="2024-10-27T22:06:15.7578090Z" end-time="2024-10-27T22:06:15.9659385Z" duration="0.208171" asserts="2" />
                    <test-case id="65-1045" name="Test_get_missing_entity_throws_exception" fullname="Centazio.Providers.Sqlite.Tests.CoreRepo.SqliteBaseCoreRepositoryTests.Test_get_missing_entity_throws_exception" methodname="Test_get_missing_entity_throws_exception" classname="Centazio.Test.Lib.BaseProviderTests.BaseCoreStorageRepositoryTests" runstate="Runnable" seed="977437160" result="Passed" start-time="2024-10-27T22:06:15.9669030Z" end-time="2024-10-27T22:06:15.9888182Z" duration="0.021915" asserts="2" />
                    <test-case id="65-1046" name="Test_insert_get_update_get" fullname="Centazio.Providers.Sqlite.Tests.CoreRepo.SqliteBaseCoreRepositoryTests.Test_insert_get_update_get" methodname="Test_insert_get_update_get" classname="Centazio.Test.Lib.BaseProviderTests.BaseCoreStorageRepositoryTests" runstate="Runnable" seed="47865124" result="Passed" start-time="2024-10-27T22:06:15.9888473Z" end-time="2024-10-27T22:06:16.0070953Z" duration="0.018248" asserts="5" />
                    <test-case id="65-1048" name="Test_query" fullname="Centazio.Providers.Sqlite.Tests.CoreRepo.SqliteBaseCoreRepositoryTests.Test_query" methodname="Test_query" classname="Centazio.Test.Lib.BaseProviderTests.BaseCoreStorageRepositoryTests" runstate="Runnable" seed="2080715988" result="Passed" start-time="2024-10-27T22:06:16.0071145Z" end-time="2024-10-27T22:06:16.3659369Z" duration="0.358822" asserts="1" />
                  </test-suite>
                </test-suite>
                <test-suite type="TestSuite" id="65-1056" name="Ctl" fullname="Centazio.Providers.Sqlite.Tests.Ctl" runstate="Runnable" testcasecount="21" result="Failed" site="Child" start-time="2024-10-27T22:06:15.7573722Z" end-time="2024-10-27T22:06:16.4351962Z" duration="0.677823" total="21" passed="0" failed="21" warnings="0" inconclusive="0" skipped="0" asserts="0">
                  <failure>
                    <message><![CDATA[One or more child tests had errors]]></message>
                  </failure>
                  <test-suite type="TestFixture" id="65-1034" name="SqliteCtlRepoMappingsTests" fullname="Centazio.Providers.Sqlite.Tests.Ctl.SqliteCtlRepoMappingsTests" classname="Centazio.Providers.Sqlite.Tests.Ctl.SqliteCtlRepoMappingsTests" runstate="Runnable" testcasecount="9" result="Failed" site="Child" start-time="2024-10-27T22:06:16.3677608Z" end-time="2024-10-27T22:06:16.4277262Z" duration="0.059965" total="9" passed="0" failed="9" warnings="0" inconclusive="0" skipped="0" asserts="0">
                    <failure>
                      <message><![CDATA[One or more child tests had errors]]></message>
                    </failure>
                    <test-case id="65-1043" name="Reproduce_duplicate_mappings_found_in_simulation" fullname="Centazio.Providers.Sqlite.Tests.Ctl.SqliteCtlRepoMappingsTests.Reproduce_duplicate_mappings_found_in_simulation" methodname="Reproduce_duplicate_mappings_found_in_simulation" classname="Centazio.Test.Lib.BaseProviderTests.BaseCtlRepoMappingsTests" runstate="Runnable" seed="1418815906" result="Failed" label="Error" start-time="2024-10-27T22:06:16.3682405Z" end-time="2024-10-27T22:06:16.4196990Z" duration="0.051459" asserts="0">
                      <failure>
                        <message><![CDATA[System.MissingMethodException : Method not found: 'System.String System.String.Join(System.String, System.ReadOnlySpan`1<System.Object>)'.
TearDown : System.NullReferenceException : Object reference not set to an instance of an object.]]></message>
                        <stack-trace><![CDATA[   at Microsoft.Extensions.DependencyInjection.ServiceLookup.CallSiteFactory.CreateConstructorCallSite(ResultCache lifetime, ServiceIdentifier serviceIdentifier, Type implementationType, CallSiteChain callSiteChain)
   at Microsoft.Extensions.DependencyInjection.ServiceLookup.CallSiteFactory.TryCreateExact(ServiceDescriptor descriptor, ServiceIdentifier serviceIdentifier, CallSiteChain callSiteChain, Int32 slot)
   at Microsoft.Extensions.DependencyInjection.ServiceLookup.CallSiteFactory.TryCreateExact(ServiceIdentifier serviceIdentifier, CallSiteChain callSiteChain)
   at Microsoft.Extensions.DependencyInjection.ServiceLookup.CallSiteFactory.CreateCallSite(ServiceIdentifier serviceIdentifier, CallSiteChain callSiteChain)
   at Microsoft.Extensions.DependencyInjection.ServiceLookup.CallSiteFactory.GetCallSite(ServiceIdentifier serviceIdentifier, CallSiteChain callSiteChain)
   at Microsoft.Extensions.DependencyInjection.ServiceProvider.CreateServiceAccessor(ServiceIdentifier serviceIdentifier)
   at System.Collections.Concurrent.ConcurrentDictionary`2.GetOrAdd(TKey key, Func`2 valueFactory)
   at Microsoft.Extensions.DependencyInjection.ServiceProvider.GetService(ServiceIdentifier serviceIdentifier, ServiceProviderEngineScope serviceProviderEngineScope)
   at Microsoft.Extensions.DependencyInjection.ServiceProvider.GetService(Type serviceType)
   at Microsoft.Extensions.DependencyInjection.ServiceProviderServiceExtensions.GetRequiredService(IServiceProvider provider, Type serviceType)
   at Microsoft.Extensions.DependencyInjection.ServiceProviderServiceExtensions.GetRequiredService[T](IServiceProvider provider)
   at Microsoft.EntityFrameworkCore.DbContext..ctor(DbContextOptions options)
   at Microsoft.EntityFrameworkCore.DbContext..ctor()
   at Centazio.Providers.EF.CentazioDbContext..ctor()
   at Centazio.Providers.EF.AbstractCtlRepositoryDbContext..ctor(String schema, String sys_tbl, String obj_tbl, String map_tbl) in C:\dev\projects\internal_projects\centazio3\src\Centazio.Providers\Centazio.Providers.EF\AbstractCtlRepositoryDbContext.cs:line 7
   at Centazio.Providers.Sqlite.Ctl.SqliteCtlContext..ctor() in C:\dev\projects\internal_projects\centazio3\src\Centazio.Providers\Centazio.Providers.Sqlite\Ctl\SqliteCtlContext.cs:line 7
   at Centazio.Providers.Sqlite.Tests.Ctl.TestingSqliteCtlRepository.<>c.<.ctor>b__0_0() in C:\dev\projects\internal_projects\centazio3\tests\Centazio.Providers.Sqlite.Tests\Ctl\SqliteCtlRepositoryTests.cs:line 19
   at Centazio.Providers.EF.EFCoreCtlRepository.Initalise() in C:\dev\projects\internal_projects\centazio3\src\Centazio.Providers\Centazio.Providers.EF\EFCoreCtlRepository.cs:line 11
   at Centazio.Providers.Sqlite.Tests.Ctl.SqliteCtlRepoMappingsTests.GetRepository() in C:\dev\projects\internal_projects\centazio3\tests\Centazio.Providers.Sqlite.Tests\Ctl\SqliteCtlRepositoryTests.cs:line 16
   at Centazio.Test.Lib.BaseProviderTests.BaseCtlRepoMappingsTests.SetUp() in C:\dev\projects\internal_projects\centazio3\src\Centazio.Test.Lib\BaseProviderTests\BaseCtlRepoMappingsTests.cs:line 20
   at NUnit.Framework.Internal.TaskAwaitAdapter.GenericAdapter`1.GetResult()
   at NUnit.Framework.Internal.AsyncToSyncAdapter.Await[TResult](Func`1 invoke)
   at NUnit.Framework.Internal.AsyncToSyncAdapter.Await(Func`1 invoke)
   at NUnit.Framework.Internal.Commands.SetUpTearDownItem.RunSetUpOrTearDownMethod(TestExecutionContext context, IMethodInfo method)
   at NUnit.Framework.Internal.Commands.SetUpTearDownItem.RunSetUp(TestExecutionContext context)
   at NUnit.Framework.Internal.Commands.BeforeAndAfterTestCommand.<>c__DisplayClass1_0.<Execute>b__0()
   at NUnit.Framework.Internal.Commands.DelegatingTestCommand.RunTestMethodInThreadAbortSafeZone(TestExecutionContext context, Action action)
--TearDown
   at Centazio.Test.Lib.BaseProviderTests.BaseCtlRepoMappingsTests.TearDown() in C:\dev\projects\internal_projects\centazio3\src\Centazio.Test.Lib\BaseProviderTests\BaseCtlRepoMappingsTests.cs:line 25
   at NUnit.Framework.Internal.TaskAwaitAdapter.GenericAdapter`1.GetResult()
   at NUnit.Framework.Internal.AsyncToSyncAdapter.Await[TResult](Func`1 invoke)
   at NUnit.Framework.Internal.AsyncToSyncAdapter.Await(Func`1 invoke)
   at NUnit.Framework.Internal.Commands.SetUpTearDownItem.RunSetUpOrTearDownMethod(TestExecutionContext context, IMethodInfo method)
   at NUnit.Framework.Internal.Commands.SetUpTearDownItem.RunTearDown(TestExecutionContext context)]]></stack-trace>
                      </failure>
                    </test-case>
                    <test-case id="65-1039" name="Test_creating_duplicates_by_CoreId_throws_error" fullname="Centazio.Providers.Sqlite.Tests.Ctl.SqliteCtlRepoMappingsTests.Test_creating_duplicates_by_CoreId_throws_error" methodname="Test_creating_duplicates_by_CoreId_throws_error" classname="Centazio.Test.Lib.BaseProviderTests.BaseCtlRepoMappingsTests" runstate="Runnable" seed="2030813093" result="Failed" label="Error" start-time="2024-10-27T22:06:16.4197964Z" end-time="2024-10-27T22:06:16.4217650Z" duration="0.001969" asserts="0">
                      <failure>
                        <message><![CDATA[System.MissingMethodException : Method not found: 'System.String System.String.Join(System.String, System.ReadOnlySpan`1<System.Object>)'.
TearDown : System.NullReferenceException : Object reference not set to an instance of an object.]]></message>
                        <stack-trace><![CDATA[   at Microsoft.Extensions.DependencyInjection.ServiceLookup.CallSiteFactory.CreateConstructorCallSite(ResultCache lifetime, ServiceIdentifier serviceIdentifier, Type implementationType, CallSiteChain callSiteChain)
   at Microsoft.Extensions.DependencyInjection.ServiceLookup.CallSiteFactory.TryCreateExact(ServiceDescriptor descriptor, ServiceIdentifier serviceIdentifier, CallSiteChain callSiteChain, Int32 slot)
   at Microsoft.Extensions.DependencyInjection.ServiceLookup.CallSiteFactory.TryCreateExact(ServiceIdentifier serviceIdentifier, CallSiteChain callSiteChain)
   at Microsoft.Extensions.DependencyInjection.ServiceLookup.CallSiteFactory.CreateCallSite(ServiceIdentifier serviceIdentifier, CallSiteChain callSiteChain)
   at Microsoft.Extensions.DependencyInjection.ServiceLookup.CallSiteFactory.GetCallSite(ServiceIdentifier serviceIdentifier, CallSiteChain callSiteChain)
   at Microsoft.Extensions.DependencyInjection.ServiceProvider.CreateServiceAccessor(ServiceIdentifier serviceIdentifier)
   at System.Collections.Concurrent.ConcurrentDictionary`2.GetOrAdd(TKey key, Func`2 valueFactory)
   at Microsoft.Extensions.DependencyInjection.ServiceProvider.GetService(ServiceIdentifier serviceIdentifier, ServiceProviderEngineScope serviceProviderEngineScope)
   at Microsoft.Extensions.DependencyInjection.ServiceProvider.GetService(Type serviceType)
   at Microsoft.Extensions.DependencyInjection.ServiceProviderServiceExtensions.GetRequiredService(IServiceProvider provider, Type serviceType)
   at Microsoft.Extensions.DependencyInjection.ServiceProviderServiceExtensions.GetRequiredService[T](IServiceProvider provider)
   at Microsoft.EntityFrameworkCore.DbContext..ctor(DbContextOptions options)
   at Microsoft.EntityFrameworkCore.DbContext..ctor()
   at Centazio.Providers.EF.CentazioDbContext..ctor()
   at Centazio.Providers.EF.AbstractCtlRepositoryDbContext..ctor(String schema, String sys_tbl, String obj_tbl, String map_tbl) in C:\dev\projects\internal_projects\centazio3\src\Centazio.Providers\Centazio.Providers.EF\AbstractCtlRepositoryDbContext.cs:line 7
   at Centazio.Providers.Sqlite.Ctl.SqliteCtlContext..ctor() in C:\dev\projects\internal_projects\centazio3\src\Centazio.Providers\Centazio.Providers.Sqlite\Ctl\SqliteCtlContext.cs:line 7
   at Centazio.Providers.Sqlite.Tests.Ctl.TestingSqliteCtlRepository.<>c.<.ctor>b__0_0() in C:\dev\projects\internal_projects\centazio3\tests\Centazio.Providers.Sqlite.Tests\Ctl\SqliteCtlRepositoryTests.cs:line 19
   at Centazio.Providers.EF.EFCoreCtlRepository.Initalise() in C:\dev\projects\internal_projects\centazio3\src\Centazio.Providers\Centazio.Providers.EF\EFCoreCtlRepository.cs:line 11
   at Centazio.Providers.Sqlite.Tests.Ctl.SqliteCtlRepoMappingsTests.GetRepository() in C:\dev\projects\internal_projects\centazio3\tests\Centazio.Providers.Sqlite.Tests\Ctl\SqliteCtlRepositoryTests.cs:line 16
   at Centazio.Test.Lib.BaseProviderTests.BaseCtlRepoMappingsTests.SetUp() in C:\dev\projects\internal_projects\centazio3\src\Centazio.Test.Lib\BaseProviderTests\BaseCtlRepoMappingsTests.cs:line 20
   at NUnit.Framework.Internal.TaskAwaitAdapter.GenericAdapter`1.GetResult()
   at NUnit.Framework.Internal.AsyncToSyncAdapter.Await[TResult](Func`1 invoke)
   at NUnit.Framework.Internal.AsyncToSyncAdapter.Await(Func`1 invoke)
   at NUnit.Framework.Internal.Commands.SetUpTearDownItem.RunSetUpOrTearDownMethod(TestExecutionContext context, IMethodInfo method)
   at NUnit.Framework.Internal.Commands.SetUpTearDownItem.RunSetUp(TestExecutionContext context)
   at NUnit.Framework.Internal.Commands.BeforeAndAfterTestCommand.<>c__DisplayClass1_0.<Execute>b__0()
   at NUnit.Framework.Internal.Commands.DelegatingTestCommand.RunTestMethodInThreadAbortSafeZone(TestExecutionContext context, Action action)
--TearDown
   at Centazio.Test.Lib.BaseProviderTests.BaseCtlRepoMappingsTests.TearDown() in C:\dev\projects\internal_projects\centazio3\src\Centazio.Test.Lib\BaseProviderTests\BaseCtlRepoMappingsTests.cs:line 25
   at NUnit.Framework.Internal.TaskAwaitAdapter.GenericAdapter`1.GetResult()
   at NUnit.Framework.Internal.AsyncToSyncAdapter.Await[TResult](Func`1 invoke)
   at NUnit.Framework.Internal.AsyncToSyncAdapter.Await(Func`1 invoke)
   at NUnit.Framework.Internal.Commands.SetUpTearDownItem.RunSetUpOrTearDownMethod(TestExecutionContext context, IMethodInfo method)
   at NUnit.Framework.Internal.Commands.SetUpTearDownItem.RunTearDown(TestExecutionContext context)]]></stack-trace>
                      </failure>
                    </test-case>
                    <test-case id="65-1038" name="Test_creating_duplicates_by_SystemId_throws_error" fullname="Centazio.Providers.Sqlite.Tests.Ctl.SqliteCtlRepoMappingsTests.Test_creating_duplicates_by_SystemId_throws_error" methodname="Test_creating_duplicates_by_SystemId_throws_error" classname="Centazio.Test.Lib.BaseProviderTests.BaseCtlRepoMappingsTests" runstate="Runnable" seed="1822674799" result="Failed" label="Error" start-time="2024-10-27T22:06:16.4217833Z" end-time="2024-10-27T22:06:16.4222821Z" duration="0.000499" asserts="0">
                      <failure>
                        <message><![CDATA[System.MissingMethodException : Method not found: 'System.String System.String.Join(System.String, System.ReadOnlySpan`1<System.Object>)'.
TearDown : System.NullReferenceException : Object reference not set to an instance of an object.]]></message>
                        <stack-trace><![CDATA[   at Microsoft.Extensions.DependencyInjection.ServiceLookup.CallSiteFactory.CreateConstructorCallSite(ResultCache lifetime, ServiceIdentifier serviceIdentifier, Type implementationType, CallSiteChain callSiteChain)
   at Microsoft.Extensions.DependencyInjection.ServiceLookup.CallSiteFactory.TryCreateExact(ServiceDescriptor descriptor, ServiceIdentifier serviceIdentifier, CallSiteChain callSiteChain, Int32 slot)
   at Microsoft.Extensions.DependencyInjection.ServiceLookup.CallSiteFactory.TryCreateExact(ServiceIdentifier serviceIdentifier, CallSiteChain callSiteChain)
   at Microsoft.Extensions.DependencyInjection.ServiceLookup.CallSiteFactory.CreateCallSite(ServiceIdentifier serviceIdentifier, CallSiteChain callSiteChain)
   at Microsoft.Extensions.DependencyInjection.ServiceLookup.CallSiteFactory.GetCallSite(ServiceIdentifier serviceIdentifier, CallSiteChain callSiteChain)
   at Microsoft.Extensions.DependencyInjection.ServiceProvider.CreateServiceAccessor(ServiceIdentifier serviceIdentifier)
   at System.Collections.Concurrent.ConcurrentDictionary`2.GetOrAdd(TKey key, Func`2 valueFactory)
   at Microsoft.Extensions.DependencyInjection.ServiceProvider.GetService(ServiceIdentifier serviceIdentifier, ServiceProviderEngineScope serviceProviderEngineScope)
   at Microsoft.Extensions.DependencyInjection.ServiceProvider.GetService(Type serviceType)
   at Microsoft.Extensions.DependencyInjection.ServiceProviderServiceExtensions.GetRequiredService(IServiceProvider provider, Type serviceType)
   at Microsoft.Extensions.DependencyInjection.ServiceProviderServiceExtensions.GetRequiredService[T](IServiceProvider provider)
   at Microsoft.EntityFrameworkCore.DbContext..ctor(DbContextOptions options)
   at Microsoft.EntityFrameworkCore.DbContext..ctor()
   at Centazio.Providers.EF.CentazioDbContext..ctor()
   at Centazio.Providers.EF.AbstractCtlRepositoryDbContext..ctor(String schema, String sys_tbl, String obj_tbl, String map_tbl) in C:\dev\projects\internal_projects\centazio3\src\Centazio.Providers\Centazio.Providers.EF\AbstractCtlRepositoryDbContext.cs:line 7
   at Centazio.Providers.Sqlite.Ctl.SqliteCtlContext..ctor() in C:\dev\projects\internal_projects\centazio3\src\Centazio.Providers\Centazio.Providers.Sqlite\Ctl\SqliteCtlContext.cs:line 7
   at Centazio.Providers.Sqlite.Tests.Ctl.TestingSqliteCtlRepository.<>c.<.ctor>b__0_0() in C:\dev\projects\internal_projects\centazio3\tests\Centazio.Providers.Sqlite.Tests\Ctl\SqliteCtlRepositoryTests.cs:line 19
   at Centazio.Providers.EF.EFCoreCtlRepository.Initalise() in C:\dev\projects\internal_projects\centazio3\src\Centazio.Providers\Centazio.Providers.EF\EFCoreCtlRepository.cs:line 11
   at Centazio.Providers.Sqlite.Tests.Ctl.SqliteCtlRepoMappingsTests.GetRepository() in C:\dev\projects\internal_projects\centazio3\tests\Centazio.Providers.Sqlite.Tests\Ctl\SqliteCtlRepositoryTests.cs:line 16
   at Centazio.Test.Lib.BaseProviderTests.BaseCtlRepoMappingsTests.SetUp() in C:\dev\projects\internal_projects\centazio3\src\Centazio.Test.Lib\BaseProviderTests\BaseCtlRepoMappingsTests.cs:line 20
   at NUnit.Framework.Internal.TaskAwaitAdapter.GenericAdapter`1.GetResult()
   at NUnit.Framework.Internal.AsyncToSyncAdapter.Await[TResult](Func`1 invoke)
   at NUnit.Framework.Internal.AsyncToSyncAdapter.Await(Func`1 invoke)
   at NUnit.Framework.Internal.Commands.SetUpTearDownItem.RunSetUpOrTearDownMethod(TestExecutionContext context, IMethodInfo method)
   at NUnit.Framework.Internal.Commands.SetUpTearDownItem.RunSetUp(TestExecutionContext context)
   at NUnit.Framework.Internal.Commands.BeforeAndAfterTestCommand.<>c__DisplayClass1_0.<Execute>b__0()
   at NUnit.Framework.Internal.Commands.DelegatingTestCommand.RunTestMethodInThreadAbortSafeZone(TestExecutionContext context, Action action)
--TearDown
   at Centazio.Test.Lib.BaseProviderTests.BaseCtlRepoMappingsTests.TearDown() in C:\dev\projects\internal_projects\centazio3\src\Centazio.Test.Lib\BaseProviderTests\BaseCtlRepoMappingsTests.cs:line 25
   at NUnit.Framework.Internal.TaskAwaitAdapter.GenericAdapter`1.GetResult()
   at NUnit.Framework.Internal.AsyncToSyncAdapter.Await[TResult](Func`1 invoke)
   at NUnit.Framework.Internal.AsyncToSyncAdapter.Await(Func`1 invoke)
   at NUnit.Framework.Internal.Commands.SetUpTearDownItem.RunSetUpOrTearDownMethod(TestExecutionContext context, IMethodInfo method)
   at NUnit.Framework.Internal.Commands.SetUpTearDownItem.RunTearDown(TestExecutionContext context)]]></stack-trace>
                      </failure>
                    </test-case>
                    <test-case id="65-1037" name="Test_creating_unique_by_SystemId_works" fullname="Centazio.Providers.Sqlite.Tests.Ctl.SqliteCtlRepoMappingsTests.Test_creating_unique_by_SystemId_works" methodname="Test_creating_unique_by_SystemId_works" classname="Centazio.Test.Lib.BaseProviderTests.BaseCtlRepoMappingsTests" runstate="Runnable" seed="290385798" result="Failed" label="Error" start-time="2024-10-27T22:06:16.4222938Z" end-time="2024-10-27T22:06:16.4227733Z" duration="0.000480" asserts="0">
                      <failure>
                        <message><![CDATA[System.MissingMethodException : Method not found: 'System.String System.String.Join(System.String, System.ReadOnlySpan`1<System.Object>)'.
TearDown : System.NullReferenceException : Object reference not set to an instance of an object.]]></message>
                        <stack-trace><![CDATA[   at Microsoft.Extensions.DependencyInjection.ServiceLookup.CallSiteFactory.CreateConstructorCallSite(ResultCache lifetime, ServiceIdentifier serviceIdentifier, Type implementationType, CallSiteChain callSiteChain)
   at Microsoft.Extensions.DependencyInjection.ServiceLookup.CallSiteFactory.TryCreateExact(ServiceDescriptor descriptor, ServiceIdentifier serviceIdentifier, CallSiteChain callSiteChain, Int32 slot)
   at Microsoft.Extensions.DependencyInjection.ServiceLookup.CallSiteFactory.TryCreateExact(ServiceIdentifier serviceIdentifier, CallSiteChain callSiteChain)
   at Microsoft.Extensions.DependencyInjection.ServiceLookup.CallSiteFactory.CreateCallSite(ServiceIdentifier serviceIdentifier, CallSiteChain callSiteChain)
   at Microsoft.Extensions.DependencyInjection.ServiceLookup.CallSiteFactory.GetCallSite(ServiceIdentifier serviceIdentifier, CallSiteChain callSiteChain)
   at Microsoft.Extensions.DependencyInjection.ServiceProvider.CreateServiceAccessor(ServiceIdentifier serviceIdentifier)
   at System.Collections.Concurrent.ConcurrentDictionary`2.GetOrAdd(TKey key, Func`2 valueFactory)
   at Microsoft.Extensions.DependencyInjection.ServiceProvider.GetService(ServiceIdentifier serviceIdentifier, ServiceProviderEngineScope serviceProviderEngineScope)
   at Microsoft.Extensions.DependencyInjection.ServiceProvider.GetService(Type serviceType)
   at Microsoft.Extensions.DependencyInjection.ServiceProviderServiceExtensions.GetRequiredService(IServiceProvider provider, Type serviceType)
   at Microsoft.Extensions.DependencyInjection.ServiceProviderServiceExtensions.GetRequiredService[T](IServiceProvider provider)
   at Microsoft.EntityFrameworkCore.DbContext..ctor(DbContextOptions options)
   at Microsoft.EntityFrameworkCore.DbContext..ctor()
   at Centazio.Providers.EF.CentazioDbContext..ctor()
   at Centazio.Providers.EF.AbstractCtlRepositoryDbContext..ctor(String schema, String sys_tbl, String obj_tbl, String map_tbl) in C:\dev\projects\internal_projects\centazio3\src\Centazio.Providers\Centazio.Providers.EF\AbstractCtlRepositoryDbContext.cs:line 7
   at Centazio.Providers.Sqlite.Ctl.SqliteCtlContext..ctor() in C:\dev\projects\internal_projects\centazio3\src\Centazio.Providers\Centazio.Providers.Sqlite\Ctl\SqliteCtlContext.cs:line 7
   at Centazio.Providers.Sqlite.Tests.Ctl.TestingSqliteCtlRepository.<>c.<.ctor>b__0_0() in C:\dev\projects\internal_projects\centazio3\tests\Centazio.Providers.Sqlite.Tests\Ctl\SqliteCtlRepositoryTests.cs:line 19
   at Centazio.Providers.EF.EFCoreCtlRepository.Initalise() in C:\dev\projects\internal_projects\centazio3\src\Centazio.Providers\Centazio.Providers.EF\EFCoreCtlRepository.cs:line 11
   at Centazio.Providers.Sqlite.Tests.Ctl.SqliteCtlRepoMappingsTests.GetRepository() in C:\dev\projects\internal_projects\centazio3\tests\Centazio.Providers.Sqlite.Tests\Ctl\SqliteCtlRepositoryTests.cs:line 16
   at Centazio.Test.Lib.BaseProviderTests.BaseCtlRepoMappingsTests.SetUp() in C:\dev\projects\internal_projects\centazio3\src\Centazio.Test.Lib\BaseProviderTests\BaseCtlRepoMappingsTests.cs:line 20
   at NUnit.Framework.Internal.TaskAwaitAdapter.GenericAdapter`1.GetResult()
   at NUnit.Framework.Internal.AsyncToSyncAdapter.Await[TResult](Func`1 invoke)
   at NUnit.Framework.Internal.AsyncToSyncAdapter.Await(Func`1 invoke)
   at NUnit.Framework.Internal.Commands.SetUpTearDownItem.RunSetUpOrTearDownMethod(TestExecutionContext context, IMethodInfo method)
   at NUnit.Framework.Internal.Commands.SetUpTearDownItem.RunSetUp(TestExecutionContext context)
   at NUnit.Framework.Internal.Commands.BeforeAndAfterTestCommand.<>c__DisplayClass1_0.<Execute>b__0()
   at NUnit.Framework.Internal.Commands.DelegatingTestCommand.RunTestMethodInThreadAbortSafeZone(TestExecutionContext context, Action action)
--TearDown
   at Centazio.Test.Lib.BaseProviderTests.BaseCtlRepoMappingsTests.TearDown() in C:\dev\projects\internal_projects\centazio3\src\Centazio.Test.Lib\BaseProviderTests\BaseCtlRepoMappingsTests.cs:line 25
   at NUnit.Framework.Internal.TaskAwaitAdapter.GenericAdapter`1.GetResult()
   at NUnit.Framework.Internal.AsyncToSyncAdapter.Await[TResult](Func`1 invoke)
   at NUnit.Framework.Internal.AsyncToSyncAdapter.Await(Func`1 invoke)
   at NUnit.Framework.Internal.Commands.SetUpTearDownItem.RunSetUpOrTearDownMethod(TestExecutionContext context, IMethodInfo method)
   at NUnit.Framework.Internal.Commands.SetUpTearDownItem.RunTearDown(TestExecutionContext context)]]></stack-trace>
                      </failure>
                    </test-case>
                    <test-case id="65-1042" name="Test_duplicate_mappings_found_in_simulation" fullname="Centazio.Providers.Sqlite.Tests.Ctl.SqliteCtlRepoMappingsTests.Test_duplicate_mappings_found_in_simulation" methodname="Test_duplicate_mappings_found_in_simulation" classname="Centazio.Test.Lib.BaseProviderTests.BaseCtlRepoMappingsTests" runstate="Runnable" seed="904166624" result="Failed" label="Error" start-time="2024-10-27T22:06:16.4227852Z" end-time="2024-10-27T22:06:16.4233881Z" duration="0.000603" asserts="0">
                      <failure>
                        <message><![CDATA[System.MissingMethodException : Method not found: 'System.String System.String.Join(System.String, System.ReadOnlySpan`1<System.Object>)'.
TearDown : System.NullReferenceException : Object reference not set to an instance of an object.]]></message>
                        <stack-trace><![CDATA[   at Microsoft.Extensions.DependencyInjection.ServiceLookup.CallSiteFactory.CreateConstructorCallSite(ResultCache lifetime, ServiceIdentifier serviceIdentifier, Type implementationType, CallSiteChain callSiteChain)
   at Microsoft.Extensions.DependencyInjection.ServiceLookup.CallSiteFactory.TryCreateExact(ServiceDescriptor descriptor, ServiceIdentifier serviceIdentifier, CallSiteChain callSiteChain, Int32 slot)
   at Microsoft.Extensions.DependencyInjection.ServiceLookup.CallSiteFactory.TryCreateExact(ServiceIdentifier serviceIdentifier, CallSiteChain callSiteChain)
   at Microsoft.Extensions.DependencyInjection.ServiceLookup.CallSiteFactory.CreateCallSite(ServiceIdentifier serviceIdentifier, CallSiteChain callSiteChain)
   at Microsoft.Extensions.DependencyInjection.ServiceLookup.CallSiteFactory.GetCallSite(ServiceIdentifier serviceIdentifier, CallSiteChain callSiteChain)
   at Microsoft.Extensions.DependencyInjection.ServiceProvider.CreateServiceAccessor(ServiceIdentifier serviceIdentifier)
   at System.Collections.Concurrent.ConcurrentDictionary`2.GetOrAdd(TKey key, Func`2 valueFactory)
   at Microsoft.Extensions.DependencyInjection.ServiceProvider.GetService(ServiceIdentifier serviceIdentifier, ServiceProviderEngineScope serviceProviderEngineScope)
   at Microsoft.Extensions.DependencyInjection.ServiceProvider.GetService(Type serviceType)
   at Microsoft.Extensions.DependencyInjection.ServiceProviderServiceExtensions.GetRequiredService(IServiceProvider provider, Type serviceType)
   at Microsoft.Extensions.DependencyInjection.ServiceProviderServiceExtensions.GetRequiredService[T](IServiceProvider provider)
   at Microsoft.EntityFrameworkCore.DbContext..ctor(DbContextOptions options)
   at Microsoft.EntityFrameworkCore.DbContext..ctor()
   at Centazio.Providers.EF.CentazioDbContext..ctor()
   at Centazio.Providers.EF.AbstractCtlRepositoryDbContext..ctor(String schema, String sys_tbl, String obj_tbl, String map_tbl) in C:\dev\projects\internal_projects\centazio3\src\Centazio.Providers\Centazio.Providers.EF\AbstractCtlRepositoryDbContext.cs:line 7
   at Centazio.Providers.Sqlite.Ctl.SqliteCtlContext..ctor() in C:\dev\projects\internal_projects\centazio3\src\Centazio.Providers\Centazio.Providers.Sqlite\Ctl\SqliteCtlContext.cs:line 7
   at Centazio.Providers.Sqlite.Tests.Ctl.TestingSqliteCtlRepository.<>c.<.ctor>b__0_0() in C:\dev\projects\internal_projects\centazio3\tests\Centazio.Providers.Sqlite.Tests\Ctl\SqliteCtlRepositoryTests.cs:line 19
   at Centazio.Providers.EF.EFCoreCtlRepository.Initalise() in C:\dev\projects\internal_projects\centazio3\src\Centazio.Providers\Centazio.Providers.EF\EFCoreCtlRepository.cs:line 11
   at Centazio.Providers.Sqlite.Tests.Ctl.SqliteCtlRepoMappingsTests.GetRepository() in C:\dev\projects\internal_projects\centazio3\tests\Centazio.Providers.Sqlite.Tests\Ctl\SqliteCtlRepositoryTests.cs:line 16
   at Centazio.Test.Lib.BaseProviderTests.BaseCtlRepoMappingsTests.SetUp() in C:\dev\projects\internal_projects\centazio3\src\Centazio.Test.Lib\BaseProviderTests\BaseCtlRepoMappingsTests.cs:line 20
   at NUnit.Framework.Internal.TaskAwaitAdapter.GenericAdapter`1.GetResult()
   at NUnit.Framework.Internal.AsyncToSyncAdapter.Await[TResult](Func`1 invoke)
   at NUnit.Framework.Internal.AsyncToSyncAdapter.Await(Func`1 invoke)
   at NUnit.Framework.Internal.Commands.SetUpTearDownItem.RunSetUpOrTearDownMethod(TestExecutionContext context, IMethodInfo method)
   at NUnit.Framework.Internal.Commands.SetUpTearDownItem.RunSetUp(TestExecutionContext context)
   at NUnit.Framework.Internal.Commands.BeforeAndAfterTestCommand.<>c__DisplayClass1_0.<Execute>b__0()
   at NUnit.Framework.Internal.Commands.DelegatingTestCommand.RunTestMethodInThreadAbortSafeZone(TestExecutionContext context, Action action)
--TearDown
   at Centazio.Test.Lib.BaseProviderTests.BaseCtlRepoMappingsTests.TearDown() in C:\dev\projects\internal_projects\centazio3\src\Centazio.Test.Lib\BaseProviderTests\BaseCtlRepoMappingsTests.cs:line 25
   at NUnit.Framework.Internal.TaskAwaitAdapter.GenericAdapter`1.GetResult()
   at NUnit.Framework.Internal.AsyncToSyncAdapter.Await[TResult](Func`1 invoke)
   at NUnit.Framework.Internal.AsyncToSyncAdapter.Await(Func`1 invoke)
   at NUnit.Framework.Internal.Commands.SetUpTearDownItem.RunSetUpOrTearDownMethod(TestExecutionContext context, IMethodInfo method)
   at NUnit.Framework.Internal.Commands.SetUpTearDownItem.RunTearDown(TestExecutionContext context)]]></stack-trace>
                      </failure>
                    </test-case>
                    <test-case id="65-1041" name="Test_updating_missing_by_CoreId_throws_error" fullname="Centazio.Providers.Sqlite.Tests.Ctl.SqliteCtlRepoMappingsTests.Test_updating_missing_by_CoreId_throws_error" methodname="Test_updating_missing_by_CoreId_throws_error" classname="Centazio.Test.Lib.BaseProviderTests.BaseCtlRepoMappingsTests" runstate="Runnable" seed="369393127" result="Failed" label="Error" start-time="2024-10-27T22:06:16.4234002Z" end-time="2024-10-27T22:06:16.4239201Z" duration="0.000520" asserts="0">
                      <failure>
                        <message><![CDATA[System.MissingMethodException : Method not found: 'System.String System.String.Join(System.String, System.ReadOnlySpan`1<System.Object>)'.
TearDown : System.NullReferenceException : Object reference not set to an instance of an object.]]></message>
                        <stack-trace><![CDATA[   at Microsoft.Extensions.DependencyInjection.ServiceLookup.CallSiteFactory.CreateConstructorCallSite(ResultCache lifetime, ServiceIdentifier serviceIdentifier, Type implementationType, CallSiteChain callSiteChain)
   at Microsoft.Extensions.DependencyInjection.ServiceLookup.CallSiteFactory.TryCreateExact(ServiceDescriptor descriptor, ServiceIdentifier serviceIdentifier, CallSiteChain callSiteChain, Int32 slot)
   at Microsoft.Extensions.DependencyInjection.ServiceLookup.CallSiteFactory.TryCreateExact(ServiceIdentifier serviceIdentifier, CallSiteChain callSiteChain)
   at Microsoft.Extensions.DependencyInjection.ServiceLookup.CallSiteFactory.CreateCallSite(ServiceIdentifier serviceIdentifier, CallSiteChain callSiteChain)
   at Microsoft.Extensions.DependencyInjection.ServiceLookup.CallSiteFactory.GetCallSite(ServiceIdentifier serviceIdentifier, CallSiteChain callSiteChain)
   at Microsoft.Extensions.DependencyInjection.ServiceProvider.CreateServiceAccessor(ServiceIdentifier serviceIdentifier)
   at System.Collections.Concurrent.ConcurrentDictionary`2.GetOrAdd(TKey key, Func`2 valueFactory)
   at Microsoft.Extensions.DependencyInjection.ServiceProvider.GetService(ServiceIdentifier serviceIdentifier, ServiceProviderEngineScope serviceProviderEngineScope)
   at Microsoft.Extensions.DependencyInjection.ServiceProvider.GetService(Type serviceType)
   at Microsoft.Extensions.DependencyInjection.ServiceProviderServiceExtensions.GetRequiredService(IServiceProvider provider, Type serviceType)
   at Microsoft.Extensions.DependencyInjection.ServiceProviderServiceExtensions.GetRequiredService[T](IServiceProvider provider)
   at Microsoft.EntityFrameworkCore.DbContext..ctor(DbContextOptions options)
   at Microsoft.EntityFrameworkCore.DbContext..ctor()
   at Centazio.Providers.EF.CentazioDbContext..ctor()
   at Centazio.Providers.EF.AbstractCtlRepositoryDbContext..ctor(String schema, String sys_tbl, String obj_tbl, String map_tbl) in C:\dev\projects\internal_projects\centazio3\src\Centazio.Providers\Centazio.Providers.EF\AbstractCtlRepositoryDbContext.cs:line 7
   at Centazio.Providers.Sqlite.Ctl.SqliteCtlContext..ctor() in C:\dev\projects\internal_projects\centazio3\src\Centazio.Providers\Centazio.Providers.Sqlite\Ctl\SqliteCtlContext.cs:line 7
   at Centazio.Providers.Sqlite.Tests.Ctl.TestingSqliteCtlRepository.<>c.<.ctor>b__0_0() in C:\dev\projects\internal_projects\centazio3\tests\Centazio.Providers.Sqlite.Tests\Ctl\SqliteCtlRepositoryTests.cs:line 19
   at Centazio.Providers.EF.EFCoreCtlRepository.Initalise() in C:\dev\projects\internal_projects\centazio3\src\Centazio.Providers\Centazio.Providers.EF\EFCoreCtlRepository.cs:line 11
   at Centazio.Providers.Sqlite.Tests.Ctl.SqliteCtlRepoMappingsTests.GetRepository() in C:\dev\projects\internal_projects\centazio3\tests\Centazio.Providers.Sqlite.Tests\Ctl\SqliteCtlRepositoryTests.cs:line 16
   at Centazio.Test.Lib.BaseProviderTests.BaseCtlRepoMappingsTests.SetUp() in C:\dev\projects\internal_projects\centazio3\src\Centazio.Test.Lib\BaseProviderTests\BaseCtlRepoMappingsTests.cs:line 20
   at NUnit.Framework.Internal.TaskAwaitAdapter.GenericAdapter`1.GetResult()
   at NUnit.Framework.Internal.AsyncToSyncAdapter.Await[TResult](Func`1 invoke)
   at NUnit.Framework.Internal.AsyncToSyncAdapter.Await(Func`1 invoke)
   at NUnit.Framework.Internal.Commands.SetUpTearDownItem.RunSetUpOrTearDownMethod(TestExecutionContext context, IMethodInfo method)
   at NUnit.Framework.Internal.Commands.SetUpTearDownItem.RunSetUp(TestExecutionContext context)
   at NUnit.Framework.Internal.Commands.BeforeAndAfterTestCommand.<>c__DisplayClass1_0.<Execute>b__0()
   at NUnit.Framework.Internal.Commands.DelegatingTestCommand.RunTestMethodInThreadAbortSafeZone(TestExecutionContext context, Action action)
--TearDown
   at Centazio.Test.Lib.BaseProviderTests.BaseCtlRepoMappingsTests.TearDown() in C:\dev\projects\internal_projects\centazio3\src\Centazio.Test.Lib\BaseProviderTests\BaseCtlRepoMappingsTests.cs:line 25
   at NUnit.Framework.Internal.TaskAwaitAdapter.GenericAdapter`1.GetResult()
   at NUnit.Framework.Internal.AsyncToSyncAdapter.Await[TResult](Func`1 invoke)
   at NUnit.Framework.Internal.AsyncToSyncAdapter.Await(Func`1 invoke)
   at NUnit.Framework.Internal.Commands.SetUpTearDownItem.RunSetUpOrTearDownMethod(TestExecutionContext context, IMethodInfo method)
   at NUnit.Framework.Internal.Commands.SetUpTearDownItem.RunTearDown(TestExecutionContext context)]]></stack-trace>
                      </failure>
                    </test-case>
                    <test-case id="65-1040" name="Test_updating_with_no_missing_works" fullname="Centazio.Providers.Sqlite.Tests.Ctl.SqliteCtlRepoMappingsTests.Test_updating_with_no_missing_works" methodname="Test_updating_with_no_missing_works" classname="Centazio.Test.Lib.BaseProviderTests.BaseCtlRepoMappingsTests" runstate="Runnable" seed="517585352" result="Failed" label="Error" start-time="2024-10-27T22:06:16.4239328Z" end-time="2024-10-27T22:06:16.4244987Z" duration="0.000566" asserts="0">
                      <failure>
                        <message><![CDATA[System.MissingMethodException : Method not found: 'System.String System.String.Join(System.String, System.ReadOnlySpan`1<System.Object>)'.
TearDown : System.NullReferenceException : Object reference not set to an instance of an object.]]></message>
                        <stack-trace><![CDATA[   at Microsoft.Extensions.DependencyInjection.ServiceLookup.CallSiteFactory.CreateConstructorCallSite(ResultCache lifetime, ServiceIdentifier serviceIdentifier, Type implementationType, CallSiteChain callSiteChain)
   at Microsoft.Extensions.DependencyInjection.ServiceLookup.CallSiteFactory.TryCreateExact(ServiceDescriptor descriptor, ServiceIdentifier serviceIdentifier, CallSiteChain callSiteChain, Int32 slot)
   at Microsoft.Extensions.DependencyInjection.ServiceLookup.CallSiteFactory.TryCreateExact(ServiceIdentifier serviceIdentifier, CallSiteChain callSiteChain)
   at Microsoft.Extensions.DependencyInjection.ServiceLookup.CallSiteFactory.CreateCallSite(ServiceIdentifier serviceIdentifier, CallSiteChain callSiteChain)
   at Microsoft.Extensions.DependencyInjection.ServiceLookup.CallSiteFactory.GetCallSite(ServiceIdentifier serviceIdentifier, CallSiteChain callSiteChain)
   at Microsoft.Extensions.DependencyInjection.ServiceProvider.CreateServiceAccessor(ServiceIdentifier serviceIdentifier)
   at System.Collections.Concurrent.ConcurrentDictionary`2.GetOrAdd(TKey key, Func`2 valueFactory)
   at Microsoft.Extensions.DependencyInjection.ServiceProvider.GetService(ServiceIdentifier serviceIdentifier, ServiceProviderEngineScope serviceProviderEngineScope)
   at Microsoft.Extensions.DependencyInjection.ServiceProvider.GetService(Type serviceType)
   at Microsoft.Extensions.DependencyInjection.ServiceProviderServiceExtensions.GetRequiredService(IServiceProvider provider, Type serviceType)
   at Microsoft.Extensions.DependencyInjection.ServiceProviderServiceExtensions.GetRequiredService[T](IServiceProvider provider)
   at Microsoft.EntityFrameworkCore.DbContext..ctor(DbContextOptions options)
   at Microsoft.EntityFrameworkCore.DbContext..ctor()
   at Centazio.Providers.EF.CentazioDbContext..ctor()
   at Centazio.Providers.EF.AbstractCtlRepositoryDbContext..ctor(String schema, String sys_tbl, String obj_tbl, String map_tbl) in C:\dev\projects\internal_projects\centazio3\src\Centazio.Providers\Centazio.Providers.EF\AbstractCtlRepositoryDbContext.cs:line 7
   at Centazio.Providers.Sqlite.Ctl.SqliteCtlContext..ctor() in C:\dev\projects\internal_projects\centazio3\src\Centazio.Providers\Centazio.Providers.Sqlite\Ctl\SqliteCtlContext.cs:line 7
   at Centazio.Providers.Sqlite.Tests.Ctl.TestingSqliteCtlRepository.<>c.<.ctor>b__0_0() in C:\dev\projects\internal_projects\centazio3\tests\Centazio.Providers.Sqlite.Tests\Ctl\SqliteCtlRepositoryTests.cs:line 19
   at Centazio.Providers.EF.EFCoreCtlRepository.Initalise() in C:\dev\projects\internal_projects\centazio3\src\Centazio.Providers\Centazio.Providers.EF\EFCoreCtlRepository.cs:line 11
   at Centazio.Providers.Sqlite.Tests.Ctl.SqliteCtlRepoMappingsTests.GetRepository() in C:\dev\projects\internal_projects\centazio3\tests\Centazio.Providers.Sqlite.Tests\Ctl\SqliteCtlRepositoryTests.cs:line 16
   at Centazio.Test.Lib.BaseProviderTests.BaseCtlRepoMappingsTests.SetUp() in C:\dev\projects\internal_projects\centazio3\src\Centazio.Test.Lib\BaseProviderTests\BaseCtlRepoMappingsTests.cs:line 20
   at NUnit.Framework.Internal.TaskAwaitAdapter.GenericAdapter`1.GetResult()
   at NUnit.Framework.Internal.AsyncToSyncAdapter.Await[TResult](Func`1 invoke)
   at NUnit.Framework.Internal.AsyncToSyncAdapter.Await(Func`1 invoke)
   at NUnit.Framework.Internal.Commands.SetUpTearDownItem.RunSetUpOrTearDownMethod(TestExecutionContext context, IMethodInfo method)
   at NUnit.Framework.Internal.Commands.SetUpTearDownItem.RunSetUp(TestExecutionContext context)
   at NUnit.Framework.Internal.Commands.BeforeAndAfterTestCommand.<>c__DisplayClass1_0.<Execute>b__0()
   at NUnit.Framework.Internal.Commands.DelegatingTestCommand.RunTestMethodInThreadAbortSafeZone(TestExecutionContext context, Action action)
--TearDown
   at Centazio.Test.Lib.BaseProviderTests.BaseCtlRepoMappingsTests.TearDown() in C:\dev\projects\internal_projects\centazio3\src\Centazio.Test.Lib\BaseProviderTests\BaseCtlRepoMappingsTests.cs:line 25
   at NUnit.Framework.Internal.TaskAwaitAdapter.GenericAdapter`1.GetResult()
   at NUnit.Framework.Internal.AsyncToSyncAdapter.Await[TResult](Func`1 invoke)
   at NUnit.Framework.Internal.AsyncToSyncAdapter.Await(Func`1 invoke)
   at NUnit.Framework.Internal.Commands.SetUpTearDownItem.RunSetUpOrTearDownMethod(TestExecutionContext context, IMethodInfo method)
   at NUnit.Framework.Internal.Commands.SetUpTearDownItem.RunTearDown(TestExecutionContext context)]]></stack-trace>
                      </failure>
                    </test-case>
                    <test-case id="65-1036" name="Test_upsert_enum" fullname="Centazio.Providers.Sqlite.Tests.Ctl.SqliteCtlRepoMappingsTests.Test_upsert_enum" methodname="Test_upsert_enum" classname="Centazio.Test.Lib.BaseProviderTests.BaseCtlRepoMappingsTests" runstate="Runnable" seed="1936529879" result="Failed" label="Error" start-time="2024-10-27T22:06:16.4245128Z" end-time="2024-10-27T22:06:16.4271524Z" duration="0.002640" asserts="0">
                      <failure>
                        <message><![CDATA[System.MissingMethodException : Method not found: 'System.String System.String.Join(System.String, System.ReadOnlySpan`1<System.Object>)'.
TearDown : System.NullReferenceException : Object reference not set to an instance of an object.]]></message>
                        <stack-trace><![CDATA[   at Microsoft.Extensions.DependencyInjection.ServiceLookup.CallSiteFactory.CreateConstructorCallSite(ResultCache lifetime, ServiceIdentifier serviceIdentifier, Type implementationType, CallSiteChain callSiteChain)
   at Microsoft.Extensions.DependencyInjection.ServiceLookup.CallSiteFactory.TryCreateExact(ServiceDescriptor descriptor, ServiceIdentifier serviceIdentifier, CallSiteChain callSiteChain, Int32 slot)
   at Microsoft.Extensions.DependencyInjection.ServiceLookup.CallSiteFactory.TryCreateExact(ServiceIdentifier serviceIdentifier, CallSiteChain callSiteChain)
   at Microsoft.Extensions.DependencyInjection.ServiceLookup.CallSiteFactory.CreateCallSite(ServiceIdentifier serviceIdentifier, CallSiteChain callSiteChain)
   at Microsoft.Extensions.DependencyInjection.ServiceLookup.CallSiteFactory.GetCallSite(ServiceIdentifier serviceIdentifier, CallSiteChain callSiteChain)
   at Microsoft.Extensions.DependencyInjection.ServiceProvider.CreateServiceAccessor(ServiceIdentifier serviceIdentifier)
   at System.Collections.Concurrent.ConcurrentDictionary`2.GetOrAdd(TKey key, Func`2 valueFactory)
   at Microsoft.Extensions.DependencyInjection.ServiceProvider.GetService(ServiceIdentifier serviceIdentifier, ServiceProviderEngineScope serviceProviderEngineScope)
   at Microsoft.Extensions.DependencyInjection.ServiceProvider.GetService(Type serviceType)
   at Microsoft.Extensions.DependencyInjection.ServiceProviderServiceExtensions.GetRequiredService(IServiceProvider provider, Type serviceType)
   at Microsoft.Extensions.DependencyInjection.ServiceProviderServiceExtensions.GetRequiredService[T](IServiceProvider provider)
   at Microsoft.EntityFrameworkCore.DbContext..ctor(DbContextOptions options)
   at Microsoft.EntityFrameworkCore.DbContext..ctor()
   at Centazio.Providers.EF.CentazioDbContext..ctor()
   at Centazio.Providers.EF.AbstractCtlRepositoryDbContext..ctor(String schema, String sys_tbl, String obj_tbl, String map_tbl) in C:\dev\projects\internal_projects\centazio3\src\Centazio.Providers\Centazio.Providers.EF\AbstractCtlRepositoryDbContext.cs:line 7
   at Centazio.Providers.Sqlite.Ctl.SqliteCtlContext..ctor() in C:\dev\projects\internal_projects\centazio3\src\Centazio.Providers\Centazio.Providers.Sqlite\Ctl\SqliteCtlContext.cs:line 7
   at Centazio.Providers.Sqlite.Tests.Ctl.TestingSqliteCtlRepository.<>c.<.ctor>b__0_0() in C:\dev\projects\internal_projects\centazio3\tests\Centazio.Providers.Sqlite.Tests\Ctl\SqliteCtlRepositoryTests.cs:line 19
   at Centazio.Providers.EF.EFCoreCtlRepository.Initalise() in C:\dev\projects\internal_projects\centazio3\src\Centazio.Providers\Centazio.Providers.EF\EFCoreCtlRepository.cs:line 11
   at Centazio.Providers.Sqlite.Tests.Ctl.SqliteCtlRepoMappingsTests.GetRepository() in C:\dev\projects\internal_projects\centazio3\tests\Centazio.Providers.Sqlite.Tests\Ctl\SqliteCtlRepositoryTests.cs:line 16
   at Centazio.Test.Lib.BaseProviderTests.BaseCtlRepoMappingsTests.SetUp() in C:\dev\projects\internal_projects\centazio3\src\Centazio.Test.Lib\BaseProviderTests\BaseCtlRepoMappingsTests.cs:line 20
   at NUnit.Framework.Internal.TaskAwaitAdapter.GenericAdapter`1.GetResult()
   at NUnit.Framework.Internal.AsyncToSyncAdapter.Await[TResult](Func`1 invoke)
   at NUnit.Framework.Internal.AsyncToSyncAdapter.Await(Func`1 invoke)
   at NUnit.Framework.Internal.Commands.SetUpTearDownItem.RunSetUpOrTearDownMethod(TestExecutionContext context, IMethodInfo method)
   at NUnit.Framework.Internal.Commands.SetUpTearDownItem.RunSetUp(TestExecutionContext context)
   at NUnit.Framework.Internal.Commands.BeforeAndAfterTestCommand.<>c__DisplayClass1_0.<Execute>b__0()
   at NUnit.Framework.Internal.Commands.DelegatingTestCommand.RunTestMethodInThreadAbortSafeZone(TestExecutionContext context, Action action)
--TearDown
   at Centazio.Test.Lib.BaseProviderTests.BaseCtlRepoMappingsTests.TearDown() in C:\dev\projects\internal_projects\centazio3\src\Centazio.Test.Lib\BaseProviderTests\BaseCtlRepoMappingsTests.cs:line 25
   at NUnit.Framework.Internal.TaskAwaitAdapter.GenericAdapter`1.GetResult()
   at NUnit.Framework.Internal.AsyncToSyncAdapter.Await[TResult](Func`1 invoke)
   at NUnit.Framework.Internal.AsyncToSyncAdapter.Await(Func`1 invoke)
   at NUnit.Framework.Internal.Commands.SetUpTearDownItem.RunSetUpOrTearDownMethod(TestExecutionContext context, IMethodInfo method)
   at NUnit.Framework.Internal.Commands.SetUpTearDownItem.RunTearDown(TestExecutionContext context)]]></stack-trace>
                      </failure>
                    </test-case>
                    <test-case id="65-1035" name="Test_upsert_single" fullname="Centazio.Providers.Sqlite.Tests.Ctl.SqliteCtlRepoMappingsTests.Test_upsert_single" methodname="Test_upsert_single" classname="Centazio.Test.Lib.BaseProviderTests.BaseCtlRepoMappingsTests" runstate="Runnable" seed="1830575278" result="Failed" label="Error" start-time="2024-10-27T22:06:16.4271725Z" end-time="2024-10-27T22:06:16.4277011Z" duration="0.000529" asserts="0">
                      <failure>
                        <message><![CDATA[System.MissingMethodException : Method not found: 'System.String System.String.Join(System.String, System.ReadOnlySpan`1<System.Object>)'.
TearDown : System.NullReferenceException : Object reference not set to an instance of an object.]]></message>
                        <stack-trace><![CDATA[   at Microsoft.Extensions.DependencyInjection.ServiceLookup.CallSiteFactory.CreateConstructorCallSite(ResultCache lifetime, ServiceIdentifier serviceIdentifier, Type implementationType, CallSiteChain callSiteChain)
   at Microsoft.Extensions.DependencyInjection.ServiceLookup.CallSiteFactory.TryCreateExact(ServiceDescriptor descriptor, ServiceIdentifier serviceIdentifier, CallSiteChain callSiteChain, Int32 slot)
   at Microsoft.Extensions.DependencyInjection.ServiceLookup.CallSiteFactory.TryCreateExact(ServiceIdentifier serviceIdentifier, CallSiteChain callSiteChain)
   at Microsoft.Extensions.DependencyInjection.ServiceLookup.CallSiteFactory.CreateCallSite(ServiceIdentifier serviceIdentifier, CallSiteChain callSiteChain)
   at Microsoft.Extensions.DependencyInjection.ServiceLookup.CallSiteFactory.GetCallSite(ServiceIdentifier serviceIdentifier, CallSiteChain callSiteChain)
   at Microsoft.Extensions.DependencyInjection.ServiceProvider.CreateServiceAccessor(ServiceIdentifier serviceIdentifier)
   at System.Collections.Concurrent.ConcurrentDictionary`2.GetOrAdd(TKey key, Func`2 valueFactory)
   at Microsoft.Extensions.DependencyInjection.ServiceProvider.GetService(ServiceIdentifier serviceIdentifier, ServiceProviderEngineScope serviceProviderEngineScope)
   at Microsoft.Extensions.DependencyInjection.ServiceProvider.GetService(Type serviceType)
   at Microsoft.Extensions.DependencyInjection.ServiceProviderServiceExtensions.GetRequiredService(IServiceProvider provider, Type serviceType)
   at Microsoft.Extensions.DependencyInjection.ServiceProviderServiceExtensions.GetRequiredService[T](IServiceProvider provider)
   at Microsoft.EntityFrameworkCore.DbContext..ctor(DbContextOptions options)
   at Microsoft.EntityFrameworkCore.DbContext..ctor()
   at Centazio.Providers.EF.CentazioDbContext..ctor()
   at Centazio.Providers.EF.AbstractCtlRepositoryDbContext..ctor(String schema, String sys_tbl, String obj_tbl, String map_tbl) in C:\dev\projects\internal_projects\centazio3\src\Centazio.Providers\Centazio.Providers.EF\AbstractCtlRepositoryDbContext.cs:line 7
   at Centazio.Providers.Sqlite.Ctl.SqliteCtlContext..ctor() in C:\dev\projects\internal_projects\centazio3\src\Centazio.Providers\Centazio.Providers.Sqlite\Ctl\SqliteCtlContext.cs:line 7
   at Centazio.Providers.Sqlite.Tests.Ctl.TestingSqliteCtlRepository.<>c.<.ctor>b__0_0() in C:\dev\projects\internal_projects\centazio3\tests\Centazio.Providers.Sqlite.Tests\Ctl\SqliteCtlRepositoryTests.cs:line 19
   at Centazio.Providers.EF.EFCoreCtlRepository.Initalise() in C:\dev\projects\internal_projects\centazio3\src\Centazio.Providers\Centazio.Providers.EF\EFCoreCtlRepository.cs:line 11
   at Centazio.Providers.Sqlite.Tests.Ctl.SqliteCtlRepoMappingsTests.GetRepository() in C:\dev\projects\internal_projects\centazio3\tests\Centazio.Providers.Sqlite.Tests\Ctl\SqliteCtlRepositoryTests.cs:line 16
   at Centazio.Test.Lib.BaseProviderTests.BaseCtlRepoMappingsTests.SetUp() in C:\dev\projects\internal_projects\centazio3\src\Centazio.Test.Lib\BaseProviderTests\BaseCtlRepoMappingsTests.cs:line 20
   at NUnit.Framework.Internal.TaskAwaitAdapter.GenericAdapter`1.GetResult()
   at NUnit.Framework.Internal.AsyncToSyncAdapter.Await[TResult](Func`1 invoke)
   at NUnit.Framework.Internal.AsyncToSyncAdapter.Await(Func`1 invoke)
   at NUnit.Framework.Internal.Commands.SetUpTearDownItem.RunSetUpOrTearDownMethod(TestExecutionContext context, IMethodInfo method)
   at NUnit.Framework.Internal.Commands.SetUpTearDownItem.RunSetUp(TestExecutionContext context)
   at NUnit.Framework.Internal.Commands.BeforeAndAfterTestCommand.<>c__DisplayClass1_0.<Execute>b__0()
   at NUnit.Framework.Internal.Commands.DelegatingTestCommand.RunTestMethodInThreadAbortSafeZone(TestExecutionContext context, Action action)
--TearDown
   at Centazio.Test.Lib.BaseProviderTests.BaseCtlRepoMappingsTests.TearDown() in C:\dev\projects\internal_projects\centazio3\src\Centazio.Test.Lib\BaseProviderTests\BaseCtlRepoMappingsTests.cs:line 25
   at NUnit.Framework.Internal.TaskAwaitAdapter.GenericAdapter`1.GetResult()
   at NUnit.Framework.Internal.AsyncToSyncAdapter.Await[TResult](Func`1 invoke)
   at NUnit.Framework.Internal.AsyncToSyncAdapter.Await(Func`1 invoke)
   at NUnit.Framework.Internal.Commands.SetUpTearDownItem.RunSetUpOrTearDownMethod(TestExecutionContext context, IMethodInfo method)
   at NUnit.Framework.Internal.Commands.SetUpTearDownItem.RunTearDown(TestExecutionContext context)]]></stack-trace>
                      </failure>
                    </test-case>
                  </test-suite>
                  <test-suite type="TestFixture" id="65-1021" name="SqliteCtlRepositoryTests" fullname="Centazio.Providers.Sqlite.Tests.Ctl.SqliteCtlRepositoryTests" classname="Centazio.Providers.Sqlite.Tests.Ctl.SqliteCtlRepositoryTests" runstate="Runnable" testcasecount="12" result="Failed" site="Child" start-time="2024-10-27T22:06:16.4277479Z" end-time="2024-10-27T22:06:16.4351870Z" duration="0.007439" total="12" passed="0" failed="12" warnings="0" inconclusive="0" skipped="0" asserts="0">
                    <failure>
                      <message><![CDATA[One or more child tests had errors]]></message>
                    </failure>
                    <test-case id="65-1030" name="Test_CreateObjectState_fails_for_existing_object" fullname="Centazio.Providers.Sqlite.Tests.Ctl.SqliteCtlRepositoryTests.Test_CreateObjectState_fails_for_existing_object" methodname="Test_CreateObjectState_fails_for_existing_object" classname="Centazio.Test.Lib.BaseProviderTests.CtlRepositoryDefaultTests" runstate="Runnable" seed="1982571594" result="Failed" label="Error" start-time="2024-10-27T22:06:16.4278794Z" end-time="2024-10-27T22:06:16.4293278Z" duration="0.001449" asserts="0">
                      <failure>
                        <message><![CDATA[System.MissingMethodException : Method not found: 'System.String System.String.Join(System.String, System.ReadOnlySpan`1<System.Object>)'.
TearDown : System.NullReferenceException : Object reference not set to an instance of an object.]]></message>
                        <stack-trace><![CDATA[   at Microsoft.Extensions.DependencyInjection.ServiceLookup.CallSiteFactory.CreateConstructorCallSite(ResultCache lifetime, ServiceIdentifier serviceIdentifier, Type implementationType, CallSiteChain callSiteChain)
   at Microsoft.Extensions.DependencyInjection.ServiceLookup.CallSiteFactory.TryCreateExact(ServiceDescriptor descriptor, ServiceIdentifier serviceIdentifier, CallSiteChain callSiteChain, Int32 slot)
   at Microsoft.Extensions.DependencyInjection.ServiceLookup.CallSiteFactory.TryCreateExact(ServiceIdentifier serviceIdentifier, CallSiteChain callSiteChain)
   at Microsoft.Extensions.DependencyInjection.ServiceLookup.CallSiteFactory.CreateCallSite(ServiceIdentifier serviceIdentifier, CallSiteChain callSiteChain)
   at Microsoft.Extensions.DependencyInjection.ServiceLookup.CallSiteFactory.GetCallSite(ServiceIdentifier serviceIdentifier, CallSiteChain callSiteChain)
   at Microsoft.Extensions.DependencyInjection.ServiceProvider.CreateServiceAccessor(ServiceIdentifier serviceIdentifier)
   at System.Collections.Concurrent.ConcurrentDictionary`2.GetOrAdd(TKey key, Func`2 valueFactory)
   at Microsoft.Extensions.DependencyInjection.ServiceProvider.GetService(ServiceIdentifier serviceIdentifier, ServiceProviderEngineScope serviceProviderEngineScope)
   at Microsoft.Extensions.DependencyInjection.ServiceProvider.GetService(Type serviceType)
   at Microsoft.Extensions.DependencyInjection.ServiceProviderServiceExtensions.GetRequiredService(IServiceProvider provider, Type serviceType)
   at Microsoft.Extensions.DependencyInjection.ServiceProviderServiceExtensions.GetRequiredService[T](IServiceProvider provider)
   at Microsoft.EntityFrameworkCore.DbContext..ctor(DbContextOptions options)
   at Microsoft.EntityFrameworkCore.DbContext..ctor()
   at Centazio.Providers.EF.CentazioDbContext..ctor()
   at Centazio.Providers.EF.AbstractCtlRepositoryDbContext..ctor(String schema, String sys_tbl, String obj_tbl, String map_tbl) in C:\dev\projects\internal_projects\centazio3\src\Centazio.Providers\Centazio.Providers.EF\AbstractCtlRepositoryDbContext.cs:line 7
   at Centazio.Providers.Sqlite.Ctl.SqliteCtlContext..ctor() in C:\dev\projects\internal_projects\centazio3\src\Centazio.Providers\Centazio.Providers.Sqlite\Ctl\SqliteCtlContext.cs:line 7
   at Centazio.Providers.Sqlite.Tests.Ctl.TestingSqliteCtlRepository.<>c.<.ctor>b__0_0() in C:\dev\projects\internal_projects\centazio3\tests\Centazio.Providers.Sqlite.Tests\Ctl\SqliteCtlRepositoryTests.cs:line 19
   at Centazio.Providers.EF.EFCoreCtlRepository.Initalise() in C:\dev\projects\internal_projects\centazio3\src\Centazio.Providers\Centazio.Providers.EF\EFCoreCtlRepository.cs:line 11
   at Centazio.Providers.Sqlite.Tests.Ctl.SqliteCtlRepositoryTests.GetRepository() in C:\dev\projects\internal_projects\centazio3\tests\Centazio.Providers.Sqlite.Tests\Ctl\SqliteCtlRepositoryTests.cs:line 12
   at Centazio.Test.Lib.BaseProviderTests.CtlRepositoryDefaultTests.SetUp() in C:\dev\projects\internal_projects\centazio3\src\Centazio.Test.Lib\BaseProviderTests\BaseCtlRepositoryTests.cs:line 14
   at NUnit.Framework.Internal.TaskAwaitAdapter.GenericAdapter`1.GetResult()
   at NUnit.Framework.Internal.AsyncToSyncAdapter.Await[TResult](Func`1 invoke)
   at NUnit.Framework.Internal.AsyncToSyncAdapter.Await(Func`1 invoke)
   at NUnit.Framework.Internal.Commands.SetUpTearDownItem.RunSetUpOrTearDownMethod(TestExecutionContext context, IMethodInfo method)
   at NUnit.Framework.Internal.Commands.SetUpTearDownItem.RunSetUp(TestExecutionContext context)
   at NUnit.Framework.Internal.Commands.BeforeAndAfterTestCommand.<>c__DisplayClass1_0.<Execute>b__0()
   at NUnit.Framework.Internal.Commands.DelegatingTestCommand.RunTestMethodInThreadAbortSafeZone(TestExecutionContext context, Action action)
--TearDown
   at Centazio.Test.Lib.BaseProviderTests.CtlRepositoryDefaultTests.TearDown() in C:\dev\projects\internal_projects\centazio3\src\Centazio.Test.Lib\BaseProviderTests\BaseCtlRepositoryTests.cs:line 15
   at NUnit.Framework.Internal.TaskAwaitAdapter.GenericAdapter`1.GetResult()
   at NUnit.Framework.Internal.AsyncToSyncAdapter.Await[TResult](Func`1 invoke)
   at NUnit.Framework.Internal.AsyncToSyncAdapter.Await(Func`1 invoke)
   at NUnit.Framework.Internal.Commands.SetUpTearDownItem.RunSetUpOrTearDownMethod(TestExecutionContext context, IMethodInfo method)
   at NUnit.Framework.Internal.Commands.SetUpTearDownItem.RunTearDown(TestExecutionContext context)]]></stack-trace>
                      </failure>
                    </test-case>
                    <test-case id="65-1024" name="Test_CreateSystemState_fails_for_existing_systems" fullname="Centazio.Providers.Sqlite.Tests.Ctl.SqliteCtlRepositoryTests.Test_CreateSystemState_fails_for_existing_systems" methodname="Test_CreateSystemState_fails_for_existing_systems" classname="Centazio.Test.Lib.BaseProviderTests.CtlRepositoryDefaultTests" runstate="Runnable" seed="1741487655" result="Failed" label="Error" start-time="2024-10-27T22:06:16.4293454Z" end-time="2024-10-27T22:06:16.4300060Z" duration="0.000661" asserts="0">
                      <failure>
                        <message><![CDATA[System.MissingMethodException : Method not found: 'System.String System.String.Join(System.String, System.ReadOnlySpan`1<System.Object>)'.
TearDown : System.NullReferenceException : Object reference not set to an instance of an object.]]></message>
                        <stack-trace><![CDATA[   at Microsoft.Extensions.DependencyInjection.ServiceLookup.CallSiteFactory.CreateConstructorCallSite(ResultCache lifetime, ServiceIdentifier serviceIdentifier, Type implementationType, CallSiteChain callSiteChain)
   at Microsoft.Extensions.DependencyInjection.ServiceLookup.CallSiteFactory.TryCreateExact(ServiceDescriptor descriptor, ServiceIdentifier serviceIdentifier, CallSiteChain callSiteChain, Int32 slot)
   at Microsoft.Extensions.DependencyInjection.ServiceLookup.CallSiteFactory.TryCreateExact(ServiceIdentifier serviceIdentifier, CallSiteChain callSiteChain)
   at Microsoft.Extensions.DependencyInjection.ServiceLookup.CallSiteFactory.CreateCallSite(ServiceIdentifier serviceIdentifier, CallSiteChain callSiteChain)
   at Microsoft.Extensions.DependencyInjection.ServiceLookup.CallSiteFactory.GetCallSite(ServiceIdentifier serviceIdentifier, CallSiteChain callSiteChain)
   at Microsoft.Extensions.DependencyInjection.ServiceProvider.CreateServiceAccessor(ServiceIdentifier serviceIdentifier)
   at System.Collections.Concurrent.ConcurrentDictionary`2.GetOrAdd(TKey key, Func`2 valueFactory)
   at Microsoft.Extensions.DependencyInjection.ServiceProvider.GetService(ServiceIdentifier serviceIdentifier, ServiceProviderEngineScope serviceProviderEngineScope)
   at Microsoft.Extensions.DependencyInjection.ServiceProvider.GetService(Type serviceType)
   at Microsoft.Extensions.DependencyInjection.ServiceProviderServiceExtensions.GetRequiredService(IServiceProvider provider, Type serviceType)
   at Microsoft.Extensions.DependencyInjection.ServiceProviderServiceExtensions.GetRequiredService[T](IServiceProvider provider)
   at Microsoft.EntityFrameworkCore.DbContext..ctor(DbContextOptions options)
   at Microsoft.EntityFrameworkCore.DbContext..ctor()
   at Centazio.Providers.EF.CentazioDbContext..ctor()
   at Centazio.Providers.EF.AbstractCtlRepositoryDbContext..ctor(String schema, String sys_tbl, String obj_tbl, String map_tbl) in C:\dev\projects\internal_projects\centazio3\src\Centazio.Providers\Centazio.Providers.EF\AbstractCtlRepositoryDbContext.cs:line 7
   at Centazio.Providers.Sqlite.Ctl.SqliteCtlContext..ctor() in C:\dev\projects\internal_projects\centazio3\src\Centazio.Providers\Centazio.Providers.Sqlite\Ctl\SqliteCtlContext.cs:line 7
   at Centazio.Providers.Sqlite.Tests.Ctl.TestingSqliteCtlRepository.<>c.<.ctor>b__0_0() in C:\dev\projects\internal_projects\centazio3\tests\Centazio.Providers.Sqlite.Tests\Ctl\SqliteCtlRepositoryTests.cs:line 19
   at Centazio.Providers.EF.EFCoreCtlRepository.Initalise() in C:\dev\projects\internal_projects\centazio3\src\Centazio.Providers\Centazio.Providers.EF\EFCoreCtlRepository.cs:line 11
   at Centazio.Providers.Sqlite.Tests.Ctl.SqliteCtlRepositoryTests.GetRepository() in C:\dev\projects\internal_projects\centazio3\tests\Centazio.Providers.Sqlite.Tests\Ctl\SqliteCtlRepositoryTests.cs:line 12
   at Centazio.Test.Lib.BaseProviderTests.CtlRepositoryDefaultTests.SetUp() in C:\dev\projects\internal_projects\centazio3\src\Centazio.Test.Lib\BaseProviderTests\BaseCtlRepositoryTests.cs:line 14
   at NUnit.Framework.Internal.TaskAwaitAdapter.GenericAdapter`1.GetResult()
   at NUnit.Framework.Internal.AsyncToSyncAdapter.Await[TResult](Func`1 invoke)
   at NUnit.Framework.Internal.AsyncToSyncAdapter.Await(Func`1 invoke)
   at NUnit.Framework.Internal.Commands.SetUpTearDownItem.RunSetUpOrTearDownMethod(TestExecutionContext context, IMethodInfo method)
   at NUnit.Framework.Internal.Commands.SetUpTearDownItem.RunSetUp(TestExecutionContext context)
   at NUnit.Framework.Internal.Commands.BeforeAndAfterTestCommand.<>c__DisplayClass1_0.<Execute>b__0()
   at NUnit.Framework.Internal.Commands.DelegatingTestCommand.RunTestMethodInThreadAbortSafeZone(TestExecutionContext context, Action action)
--TearDown
   at Centazio.Test.Lib.BaseProviderTests.CtlRepositoryDefaultTests.TearDown() in C:\dev\projects\internal_projects\centazio3\src\Centazio.Test.Lib\BaseProviderTests\BaseCtlRepositoryTests.cs:line 15
   at NUnit.Framework.Internal.TaskAwaitAdapter.GenericAdapter`1.GetResult()
   at NUnit.Framework.Internal.AsyncToSyncAdapter.Await[TResult](Func`1 invoke)
   at NUnit.Framework.Internal.AsyncToSyncAdapter.Await(Func`1 invoke)
   at NUnit.Framework.Internal.Commands.SetUpTearDownItem.RunSetUpOrTearDownMethod(TestExecutionContext context, IMethodInfo method)
   at NUnit.Framework.Internal.Commands.SetUpTearDownItem.RunTearDown(TestExecutionContext context)]]></stack-trace>
                      </failure>
                    </test-case>
                    <test-case id="65-1029" name="Test_GetObjectState_returns_correct_state_for_known_system" fullname="Centazio.Providers.Sqlite.Tests.Ctl.SqliteCtlRepositoryTests.Test_GetObjectState_returns_correct_state_for_known_system" methodname="Test_GetObjectState_returns_correct_state_for_known_system" classname="Centazio.Test.Lib.BaseProviderTests.CtlRepositoryDefaultTests" runstate="Runnable" seed="20507421" result="Failed" label="Error" start-time="2024-10-27T22:06:16.4300226Z" end-time="2024-10-27T22:06:16.4305345Z" duration="0.000512" asserts="0">
                      <failure>
                        <message><![CDATA[System.MissingMethodException : Method not found: 'System.String System.String.Join(System.String, System.ReadOnlySpan`1<System.Object>)'.
TearDown : System.NullReferenceException : Object reference not set to an instance of an object.]]></message>
                        <stack-trace><![CDATA[   at Microsoft.Extensions.DependencyInjection.ServiceLookup.CallSiteFactory.CreateConstructorCallSite(ResultCache lifetime, ServiceIdentifier serviceIdentifier, Type implementationType, CallSiteChain callSiteChain)
   at Microsoft.Extensions.DependencyInjection.ServiceLookup.CallSiteFactory.TryCreateExact(ServiceDescriptor descriptor, ServiceIdentifier serviceIdentifier, CallSiteChain callSiteChain, Int32 slot)
   at Microsoft.Extensions.DependencyInjection.ServiceLookup.CallSiteFactory.TryCreateExact(ServiceIdentifier serviceIdentifier, CallSiteChain callSiteChain)
   at Microsoft.Extensions.DependencyInjection.ServiceLookup.CallSiteFactory.CreateCallSite(ServiceIdentifier serviceIdentifier, CallSiteChain callSiteChain)
   at Microsoft.Extensions.DependencyInjection.ServiceLookup.CallSiteFactory.GetCallSite(ServiceIdentifier serviceIdentifier, CallSiteChain callSiteChain)
   at Microsoft.Extensions.DependencyInjection.ServiceProvider.CreateServiceAccessor(ServiceIdentifier serviceIdentifier)
   at System.Collections.Concurrent.ConcurrentDictionary`2.GetOrAdd(TKey key, Func`2 valueFactory)
   at Microsoft.Extensions.DependencyInjection.ServiceProvider.GetService(ServiceIdentifier serviceIdentifier, ServiceProviderEngineScope serviceProviderEngineScope)
   at Microsoft.Extensions.DependencyInjection.ServiceProvider.GetService(Type serviceType)
   at Microsoft.Extensions.DependencyInjection.ServiceProviderServiceExtensions.GetRequiredService(IServiceProvider provider, Type serviceType)
   at Microsoft.Extensions.DependencyInjection.ServiceProviderServiceExtensions.GetRequiredService[T](IServiceProvider provider)
   at Microsoft.EntityFrameworkCore.DbContext..ctor(DbContextOptions options)
   at Microsoft.EntityFrameworkCore.DbContext..ctor()
   at Centazio.Providers.EF.CentazioDbContext..ctor()
   at Centazio.Providers.EF.AbstractCtlRepositoryDbContext..ctor(String schema, String sys_tbl, String obj_tbl, String map_tbl) in C:\dev\projects\internal_projects\centazio3\src\Centazio.Providers\Centazio.Providers.EF\AbstractCtlRepositoryDbContext.cs:line 7
   at Centazio.Providers.Sqlite.Ctl.SqliteCtlContext..ctor() in C:\dev\projects\internal_projects\centazio3\src\Centazio.Providers\Centazio.Providers.Sqlite\Ctl\SqliteCtlContext.cs:line 7
   at Centazio.Providers.Sqlite.Tests.Ctl.TestingSqliteCtlRepository.<>c.<.ctor>b__0_0() in C:\dev\projects\internal_projects\centazio3\tests\Centazio.Providers.Sqlite.Tests\Ctl\SqliteCtlRepositoryTests.cs:line 19
   at Centazio.Providers.EF.EFCoreCtlRepository.Initalise() in C:\dev\projects\internal_projects\centazio3\src\Centazio.Providers\Centazio.Providers.EF\EFCoreCtlRepository.cs:line 11
   at Centazio.Providers.Sqlite.Tests.Ctl.SqliteCtlRepositoryTests.GetRepository() in C:\dev\projects\internal_projects\centazio3\tests\Centazio.Providers.Sqlite.Tests\Ctl\SqliteCtlRepositoryTests.cs:line 12
   at Centazio.Test.Lib.BaseProviderTests.CtlRepositoryDefaultTests.SetUp() in C:\dev\projects\internal_projects\centazio3\src\Centazio.Test.Lib\BaseProviderTests\BaseCtlRepositoryTests.cs:line 14
   at NUnit.Framework.Internal.TaskAwaitAdapter.GenericAdapter`1.GetResult()
   at NUnit.Framework.Internal.AsyncToSyncAdapter.Await[TResult](Func`1 invoke)
   at NUnit.Framework.Internal.AsyncToSyncAdapter.Await(Func`1 invoke)
   at NUnit.Framework.Internal.Commands.SetUpTearDownItem.RunSetUpOrTearDownMethod(TestExecutionContext context, IMethodInfo method)
   at NUnit.Framework.Internal.Commands.SetUpTearDownItem.RunSetUp(TestExecutionContext context)
   at NUnit.Framework.Internal.Commands.BeforeAndAfterTestCommand.<>c__DisplayClass1_0.<Execute>b__0()
   at NUnit.Framework.Internal.Commands.DelegatingTestCommand.RunTestMethodInThreadAbortSafeZone(TestExecutionContext context, Action action)
--TearDown
   at Centazio.Test.Lib.BaseProviderTests.CtlRepositoryDefaultTests.TearDown() in C:\dev\projects\internal_projects\centazio3\src\Centazio.Test.Lib\BaseProviderTests\BaseCtlRepositoryTests.cs:line 15
   at NUnit.Framework.Internal.TaskAwaitAdapter.GenericAdapter`1.GetResult()
   at NUnit.Framework.Internal.AsyncToSyncAdapter.Await[TResult](Func`1 invoke)
   at NUnit.Framework.Internal.AsyncToSyncAdapter.Await(Func`1 invoke)
   at NUnit.Framework.Internal.Commands.SetUpTearDownItem.RunSetUpOrTearDownMethod(TestExecutionContext context, IMethodInfo method)
   at NUnit.Framework.Internal.Commands.SetUpTearDownItem.RunTearDown(TestExecutionContext context)]]></stack-trace>
                      </failure>
                    </test-case>
                    <test-case id="65-1028" name="Test_GetObjectState_returns_null_on_unknown_systems" fullname="Centazio.Providers.Sqlite.Tests.Ctl.SqliteCtlRepositoryTests.Test_GetObjectState_returns_null_on_unknown_systems" methodname="Test_GetObjectState_returns_null_on_unknown_systems" classname="Centazio.Test.Lib.BaseProviderTests.CtlRepositoryDefaultTests" runstate="Runnable" seed="1650397789" result="Failed" label="Error" start-time="2024-10-27T22:06:16.4305533Z" end-time="2024-10-27T22:06:16.4310793Z" duration="0.000526" asserts="0">
                      <failure>
                        <message><![CDATA[System.MissingMethodException : Method not found: 'System.String System.String.Join(System.String, System.ReadOnlySpan`1<System.Object>)'.
TearDown : System.NullReferenceException : Object reference not set to an instance of an object.]]></message>
                        <stack-trace><![CDATA[   at Microsoft.Extensions.DependencyInjection.ServiceLookup.CallSiteFactory.CreateConstructorCallSite(ResultCache lifetime, ServiceIdentifier serviceIdentifier, Type implementationType, CallSiteChain callSiteChain)
   at Microsoft.Extensions.DependencyInjection.ServiceLookup.CallSiteFactory.TryCreateExact(ServiceDescriptor descriptor, ServiceIdentifier serviceIdentifier, CallSiteChain callSiteChain, Int32 slot)
   at Microsoft.Extensions.DependencyInjection.ServiceLookup.CallSiteFactory.TryCreateExact(ServiceIdentifier serviceIdentifier, CallSiteChain callSiteChain)
   at Microsoft.Extensions.DependencyInjection.ServiceLookup.CallSiteFactory.CreateCallSite(ServiceIdentifier serviceIdentifier, CallSiteChain callSiteChain)
   at Microsoft.Extensions.DependencyInjection.ServiceLookup.CallSiteFactory.GetCallSite(ServiceIdentifier serviceIdentifier, CallSiteChain callSiteChain)
   at Microsoft.Extensions.DependencyInjection.ServiceProvider.CreateServiceAccessor(ServiceIdentifier serviceIdentifier)
   at System.Collections.Concurrent.ConcurrentDictionary`2.GetOrAdd(TKey key, Func`2 valueFactory)
   at Microsoft.Extensions.DependencyInjection.ServiceProvider.GetService(ServiceIdentifier serviceIdentifier, ServiceProviderEngineScope serviceProviderEngineScope)
   at Microsoft.Extensions.DependencyInjection.ServiceProvider.GetService(Type serviceType)
   at Microsoft.Extensions.DependencyInjection.ServiceProviderServiceExtensions.GetRequiredService(IServiceProvider provider, Type serviceType)
   at Microsoft.Extensions.DependencyInjection.ServiceProviderServiceExtensions.GetRequiredService[T](IServiceProvider provider)
   at Microsoft.EntityFrameworkCore.DbContext..ctor(DbContextOptions options)
   at Microsoft.EntityFrameworkCore.DbContext..ctor()
   at Centazio.Providers.EF.CentazioDbContext..ctor()
   at Centazio.Providers.EF.AbstractCtlRepositoryDbContext..ctor(String schema, String sys_tbl, String obj_tbl, String map_tbl) in C:\dev\projects\internal_projects\centazio3\src\Centazio.Providers\Centazio.Providers.EF\AbstractCtlRepositoryDbContext.cs:line 7
   at Centazio.Providers.Sqlite.Ctl.SqliteCtlContext..ctor() in C:\dev\projects\internal_projects\centazio3\src\Centazio.Providers\Centazio.Providers.Sqlite\Ctl\SqliteCtlContext.cs:line 7
   at Centazio.Providers.Sqlite.Tests.Ctl.TestingSqliteCtlRepository.<>c.<.ctor>b__0_0() in C:\dev\projects\internal_projects\centazio3\tests\Centazio.Providers.Sqlite.Tests\Ctl\SqliteCtlRepositoryTests.cs:line 19
   at Centazio.Providers.EF.EFCoreCtlRepository.Initalise() in C:\dev\projects\internal_projects\centazio3\src\Centazio.Providers\Centazio.Providers.EF\EFCoreCtlRepository.cs:line 11
   at Centazio.Providers.Sqlite.Tests.Ctl.SqliteCtlRepositoryTests.GetRepository() in C:\dev\projects\internal_projects\centazio3\tests\Centazio.Providers.Sqlite.Tests\Ctl\SqliteCtlRepositoryTests.cs:line 12
   at Centazio.Test.Lib.BaseProviderTests.CtlRepositoryDefaultTests.SetUp() in C:\dev\projects\internal_projects\centazio3\src\Centazio.Test.Lib\BaseProviderTests\BaseCtlRepositoryTests.cs:line 14
   at NUnit.Framework.Internal.TaskAwaitAdapter.GenericAdapter`1.GetResult()
   at NUnit.Framework.Internal.AsyncToSyncAdapter.Await[TResult](Func`1 invoke)
   at NUnit.Framework.Internal.AsyncToSyncAdapter.Await(Func`1 invoke)
   at NUnit.Framework.Internal.Commands.SetUpTearDownItem.RunSetUpOrTearDownMethod(TestExecutionContext context, IMethodInfo method)
   at NUnit.Framework.Internal.Commands.SetUpTearDownItem.RunSetUp(TestExecutionContext context)
   at NUnit.Framework.Internal.Commands.BeforeAndAfterTestCommand.<>c__DisplayClass1_0.<Execute>b__0()
   at NUnit.Framework.Internal.Commands.DelegatingTestCommand.RunTestMethodInThreadAbortSafeZone(TestExecutionContext context, Action action)
--TearDown
   at Centazio.Test.Lib.BaseProviderTests.CtlRepositoryDefaultTests.TearDown() in C:\dev\projects\internal_projects\centazio3\src\Centazio.Test.Lib\BaseProviderTests\BaseCtlRepositoryTests.cs:line 15
   at NUnit.Framework.Internal.TaskAwaitAdapter.GenericAdapter`1.GetResult()
   at NUnit.Framework.Internal.AsyncToSyncAdapter.Await[TResult](Func`1 invoke)
   at NUnit.Framework.Internal.AsyncToSyncAdapter.Await(Func`1 invoke)
   at NUnit.Framework.Internal.Commands.SetUpTearDownItem.RunSetUpOrTearDownMethod(TestExecutionContext context, IMethodInfo method)
   at NUnit.Framework.Internal.Commands.SetUpTearDownItem.RunTearDown(TestExecutionContext context)]]></stack-trace>
                      </failure>
                    </test-case>
                    <test-case id="65-1033" name="Test_GetOrCreateObjectState_creates_if_not_existing" fullname="Centazio.Providers.Sqlite.Tests.Ctl.SqliteCtlRepositoryTests.Test_GetOrCreateObjectState_creates_if_not_existing" methodname="Test_GetOrCreateObjectState_creates_if_not_existing" classname="Centazio.Test.Lib.BaseProviderTests.CtlRepositoryDefaultTests" runstate="Runnable" seed="1933129998" result="Failed" label="Error" start-time="2024-10-27T22:06:16.4310957Z" end-time="2024-10-27T22:06:16.4315952Z" duration="0.000500" asserts="0">
                      <failure>
                        <message><![CDATA[System.MissingMethodException : Method not found: 'System.String System.String.Join(System.String, System.ReadOnlySpan`1<System.Object>)'.
TearDown : System.NullReferenceException : Object reference not set to an instance of an object.]]></message>
                        <stack-trace><![CDATA[   at Microsoft.Extensions.DependencyInjection.ServiceLookup.CallSiteFactory.CreateConstructorCallSite(ResultCache lifetime, ServiceIdentifier serviceIdentifier, Type implementationType, CallSiteChain callSiteChain)
   at Microsoft.Extensions.DependencyInjection.ServiceLookup.CallSiteFactory.TryCreateExact(ServiceDescriptor descriptor, ServiceIdentifier serviceIdentifier, CallSiteChain callSiteChain, Int32 slot)
   at Microsoft.Extensions.DependencyInjection.ServiceLookup.CallSiteFactory.TryCreateExact(ServiceIdentifier serviceIdentifier, CallSiteChain callSiteChain)
   at Microsoft.Extensions.DependencyInjection.ServiceLookup.CallSiteFactory.CreateCallSite(ServiceIdentifier serviceIdentifier, CallSiteChain callSiteChain)
   at Microsoft.Extensions.DependencyInjection.ServiceLookup.CallSiteFactory.GetCallSite(ServiceIdentifier serviceIdentifier, CallSiteChain callSiteChain)
   at Microsoft.Extensions.DependencyInjection.ServiceProvider.CreateServiceAccessor(ServiceIdentifier serviceIdentifier)
   at System.Collections.Concurrent.ConcurrentDictionary`2.GetOrAdd(TKey key, Func`2 valueFactory)
   at Microsoft.Extensions.DependencyInjection.ServiceProvider.GetService(ServiceIdentifier serviceIdentifier, ServiceProviderEngineScope serviceProviderEngineScope)
   at Microsoft.Extensions.DependencyInjection.ServiceProvider.GetService(Type serviceType)
   at Microsoft.Extensions.DependencyInjection.ServiceProviderServiceExtensions.GetRequiredService(IServiceProvider provider, Type serviceType)
   at Microsoft.Extensions.DependencyInjection.ServiceProviderServiceExtensions.GetRequiredService[T](IServiceProvider provider)
   at Microsoft.EntityFrameworkCore.DbContext..ctor(DbContextOptions options)
   at Microsoft.EntityFrameworkCore.DbContext..ctor()
   at Centazio.Providers.EF.CentazioDbContext..ctor()
   at Centazio.Providers.EF.AbstractCtlRepositoryDbContext..ctor(String schema, String sys_tbl, String obj_tbl, String map_tbl) in C:\dev\projects\internal_projects\centazio3\src\Centazio.Providers\Centazio.Providers.EF\AbstractCtlRepositoryDbContext.cs:line 7
   at Centazio.Providers.Sqlite.Ctl.SqliteCtlContext..ctor() in C:\dev\projects\internal_projects\centazio3\src\Centazio.Providers\Centazio.Providers.Sqlite\Ctl\SqliteCtlContext.cs:line 7
   at Centazio.Providers.Sqlite.Tests.Ctl.TestingSqliteCtlRepository.<>c.<.ctor>b__0_0() in C:\dev\projects\internal_projects\centazio3\tests\Centazio.Providers.Sqlite.Tests\Ctl\SqliteCtlRepositoryTests.cs:line 19
   at Centazio.Providers.EF.EFCoreCtlRepository.Initalise() in C:\dev\projects\internal_projects\centazio3\src\Centazio.Providers\Centazio.Providers.EF\EFCoreCtlRepository.cs:line 11
   at Centazio.Providers.Sqlite.Tests.Ctl.SqliteCtlRepositoryTests.GetRepository() in C:\dev\projects\internal_projects\centazio3\tests\Centazio.Providers.Sqlite.Tests\Ctl\SqliteCtlRepositoryTests.cs:line 12
   at Centazio.Test.Lib.BaseProviderTests.CtlRepositoryDefaultTests.SetUp() in C:\dev\projects\internal_projects\centazio3\src\Centazio.Test.Lib\BaseProviderTests\BaseCtlRepositoryTests.cs:line 14
   at NUnit.Framework.Internal.TaskAwaitAdapter.GenericAdapter`1.GetResult()
   at NUnit.Framework.Internal.AsyncToSyncAdapter.Await[TResult](Func`1 invoke)
   at NUnit.Framework.Internal.AsyncToSyncAdapter.Await(Func`1 invoke)
   at NUnit.Framework.Internal.Commands.SetUpTearDownItem.RunSetUpOrTearDownMethod(TestExecutionContext context, IMethodInfo method)
   at NUnit.Framework.Internal.Commands.SetUpTearDownItem.RunSetUp(TestExecutionContext context)
   at NUnit.Framework.Internal.Commands.BeforeAndAfterTestCommand.<>c__DisplayClass1_0.<Execute>b__0()
   at NUnit.Framework.Internal.Commands.DelegatingTestCommand.RunTestMethodInThreadAbortSafeZone(TestExecutionContext context, Action action)
--TearDown
   at Centazio.Test.Lib.BaseProviderTests.CtlRepositoryDefaultTests.TearDown() in C:\dev\projects\internal_projects\centazio3\src\Centazio.Test.Lib\BaseProviderTests\BaseCtlRepositoryTests.cs:line 15
   at NUnit.Framework.Internal.TaskAwaitAdapter.GenericAdapter`1.GetResult()
   at NUnit.Framework.Internal.AsyncToSyncAdapter.Await[TResult](Func`1 invoke)
   at NUnit.Framework.Internal.AsyncToSyncAdapter.Await(Func`1 invoke)
   at NUnit.Framework.Internal.Commands.SetUpTearDownItem.RunSetUpOrTearDownMethod(TestExecutionContext context, IMethodInfo method)
   at NUnit.Framework.Internal.Commands.SetUpTearDownItem.RunTearDown(TestExecutionContext context)]]></stack-trace>
                      </failure>
                    </test-case>
                    <test-case id="65-1027" name="Test_GetOrCreateSystemState_creates_if_not_existing" fullname="Centazio.Providers.Sqlite.Tests.Ctl.SqliteCtlRepositoryTests.Test_GetOrCreateSystemState_creates_if_not_existing" methodname="Test_GetOrCreateSystemState_creates_if_not_existing" classname="Centazio.Test.Lib.BaseProviderTests.CtlRepositoryDefaultTests" runstate="Runnable" seed="929849256" result="Failed" label="Error" start-time="2024-10-27T22:06:16.4316128Z" end-time="2024-10-27T22:06:16.4321166Z" duration="0.000504" asserts="0">
                      <failure>
                        <message><![CDATA[System.MissingMethodException : Method not found: 'System.String System.String.Join(System.String, System.ReadOnlySpan`1<System.Object>)'.
TearDown : System.NullReferenceException : Object reference not set to an instance of an object.]]></message>
                        <stack-trace><![CDATA[   at Microsoft.Extensions.DependencyInjection.ServiceLookup.CallSiteFactory.CreateConstructorCallSite(ResultCache lifetime, ServiceIdentifier serviceIdentifier, Type implementationType, CallSiteChain callSiteChain)
   at Microsoft.Extensions.DependencyInjection.ServiceLookup.CallSiteFactory.TryCreateExact(ServiceDescriptor descriptor, ServiceIdentifier serviceIdentifier, CallSiteChain callSiteChain, Int32 slot)
   at Microsoft.Extensions.DependencyInjection.ServiceLookup.CallSiteFactory.TryCreateExact(ServiceIdentifier serviceIdentifier, CallSiteChain callSiteChain)
   at Microsoft.Extensions.DependencyInjection.ServiceLookup.CallSiteFactory.CreateCallSite(ServiceIdentifier serviceIdentifier, CallSiteChain callSiteChain)
   at Microsoft.Extensions.DependencyInjection.ServiceLookup.CallSiteFactory.GetCallSite(ServiceIdentifier serviceIdentifier, CallSiteChain callSiteChain)
   at Microsoft.Extensions.DependencyInjection.ServiceProvider.CreateServiceAccessor(ServiceIdentifier serviceIdentifier)
   at System.Collections.Concurrent.ConcurrentDictionary`2.GetOrAdd(TKey key, Func`2 valueFactory)
   at Microsoft.Extensions.DependencyInjection.ServiceProvider.GetService(ServiceIdentifier serviceIdentifier, ServiceProviderEngineScope serviceProviderEngineScope)
   at Microsoft.Extensions.DependencyInjection.ServiceProvider.GetService(Type serviceType)
   at Microsoft.Extensions.DependencyInjection.ServiceProviderServiceExtensions.GetRequiredService(IServiceProvider provider, Type serviceType)
   at Microsoft.Extensions.DependencyInjection.ServiceProviderServiceExtensions.GetRequiredService[T](IServiceProvider provider)
   at Microsoft.EntityFrameworkCore.DbContext..ctor(DbContextOptions options)
   at Microsoft.EntityFrameworkCore.DbContext..ctor()
   at Centazio.Providers.EF.CentazioDbContext..ctor()
   at Centazio.Providers.EF.AbstractCtlRepositoryDbContext..ctor(String schema, String sys_tbl, String obj_tbl, String map_tbl) in C:\dev\projects\internal_projects\centazio3\src\Centazio.Providers\Centazio.Providers.EF\AbstractCtlRepositoryDbContext.cs:line 7
   at Centazio.Providers.Sqlite.Ctl.SqliteCtlContext..ctor() in C:\dev\projects\internal_projects\centazio3\src\Centazio.Providers\Centazio.Providers.Sqlite\Ctl\SqliteCtlContext.cs:line 7
   at Centazio.Providers.Sqlite.Tests.Ctl.TestingSqliteCtlRepository.<>c.<.ctor>b__0_0() in C:\dev\projects\internal_projects\centazio3\tests\Centazio.Providers.Sqlite.Tests\Ctl\SqliteCtlRepositoryTests.cs:line 19
   at Centazio.Providers.EF.EFCoreCtlRepository.Initalise() in C:\dev\projects\internal_projects\centazio3\src\Centazio.Providers\Centazio.Providers.EF\EFCoreCtlRepository.cs:line 11
   at Centazio.Providers.Sqlite.Tests.Ctl.SqliteCtlRepositoryTests.GetRepository() in C:\dev\projects\internal_projects\centazio3\tests\Centazio.Providers.Sqlite.Tests\Ctl\SqliteCtlRepositoryTests.cs:line 12
   at Centazio.Test.Lib.BaseProviderTests.CtlRepositoryDefaultTests.SetUp() in C:\dev\projects\internal_projects\centazio3\src\Centazio.Test.Lib\BaseProviderTests\BaseCtlRepositoryTests.cs:line 14
   at NUnit.Framework.Internal.TaskAwaitAdapter.GenericAdapter`1.GetResult()
   at NUnit.Framework.Internal.AsyncToSyncAdapter.Await[TResult](Func`1 invoke)
   at NUnit.Framework.Internal.AsyncToSyncAdapter.Await(Func`1 invoke)
   at NUnit.Framework.Internal.Commands.SetUpTearDownItem.RunSetUpOrTearDownMethod(TestExecutionContext context, IMethodInfo method)
   at NUnit.Framework.Internal.Commands.SetUpTearDownItem.RunSetUp(TestExecutionContext context)
   at NUnit.Framework.Internal.Commands.BeforeAndAfterTestCommand.<>c__DisplayClass1_0.<Execute>b__0()
   at NUnit.Framework.Internal.Commands.DelegatingTestCommand.RunTestMethodInThreadAbortSafeZone(TestExecutionContext context, Action action)
--TearDown
   at Centazio.Test.Lib.BaseProviderTests.CtlRepositoryDefaultTests.TearDown() in C:\dev\projects\internal_projects\centazio3\src\Centazio.Test.Lib\BaseProviderTests\BaseCtlRepositoryTests.cs:line 15
   at NUnit.Framework.Internal.TaskAwaitAdapter.GenericAdapter`1.GetResult()
   at NUnit.Framework.Internal.AsyncToSyncAdapter.Await[TResult](Func`1 invoke)
   at NUnit.Framework.Internal.AsyncToSyncAdapter.Await(Func`1 invoke)
   at NUnit.Framework.Internal.Commands.SetUpTearDownItem.RunSetUpOrTearDownMethod(TestExecutionContext context, IMethodInfo method)
   at NUnit.Framework.Internal.Commands.SetUpTearDownItem.RunTearDown(TestExecutionContext context)]]></stack-trace>
                      </failure>
                    </test-case>
                    <test-case id="65-1023" name="Test_GetSystemState_returns_correct_state_for_known_system" fullname="Centazio.Providers.Sqlite.Tests.Ctl.SqliteCtlRepositoryTests.Test_GetSystemState_returns_correct_state_for_known_system" methodname="Test_GetSystemState_returns_correct_state_for_known_system" classname="Centazio.Test.Lib.BaseProviderTests.CtlRepositoryDefaultTests" runstate="Runnable" seed="1912167119" result="Failed" label="Error" start-time="2024-10-27T22:06:16.4321322Z" end-time="2024-10-27T22:06:16.4326222Z" duration="0.000490" asserts="0">
                      <failure>
                        <message><![CDATA[System.MissingMethodException : Method not found: 'System.String System.String.Join(System.String, System.ReadOnlySpan`1<System.Object>)'.
TearDown : System.NullReferenceException : Object reference not set to an instance of an object.]]></message>
                        <stack-trace><![CDATA[   at Microsoft.Extensions.DependencyInjection.ServiceLookup.CallSiteFactory.CreateConstructorCallSite(ResultCache lifetime, ServiceIdentifier serviceIdentifier, Type implementationType, CallSiteChain callSiteChain)
   at Microsoft.Extensions.DependencyInjection.ServiceLookup.CallSiteFactory.TryCreateExact(ServiceDescriptor descriptor, ServiceIdentifier serviceIdentifier, CallSiteChain callSiteChain, Int32 slot)
   at Microsoft.Extensions.DependencyInjection.ServiceLookup.CallSiteFactory.TryCreateExact(ServiceIdentifier serviceIdentifier, CallSiteChain callSiteChain)
   at Microsoft.Extensions.DependencyInjection.ServiceLookup.CallSiteFactory.CreateCallSite(ServiceIdentifier serviceIdentifier, CallSiteChain callSiteChain)
   at Microsoft.Extensions.DependencyInjection.ServiceLookup.CallSiteFactory.GetCallSite(ServiceIdentifier serviceIdentifier, CallSiteChain callSiteChain)
   at Microsoft.Extensions.DependencyInjection.ServiceProvider.CreateServiceAccessor(ServiceIdentifier serviceIdentifier)
   at System.Collections.Concurrent.ConcurrentDictionary`2.GetOrAdd(TKey key, Func`2 valueFactory)
   at Microsoft.Extensions.DependencyInjection.ServiceProvider.GetService(ServiceIdentifier serviceIdentifier, ServiceProviderEngineScope serviceProviderEngineScope)
   at Microsoft.Extensions.DependencyInjection.ServiceProvider.GetService(Type serviceType)
   at Microsoft.Extensions.DependencyInjection.ServiceProviderServiceExtensions.GetRequiredService(IServiceProvider provider, Type serviceType)
   at Microsoft.Extensions.DependencyInjection.ServiceProviderServiceExtensions.GetRequiredService[T](IServiceProvider provider)
   at Microsoft.EntityFrameworkCore.DbContext..ctor(DbContextOptions options)
   at Microsoft.EntityFrameworkCore.DbContext..ctor()
   at Centazio.Providers.EF.CentazioDbContext..ctor()
   at Centazio.Providers.EF.AbstractCtlRepositoryDbContext..ctor(String schema, String sys_tbl, String obj_tbl, String map_tbl) in C:\dev\projects\internal_projects\centazio3\src\Centazio.Providers\Centazio.Providers.EF\AbstractCtlRepositoryDbContext.cs:line 7
   at Centazio.Providers.Sqlite.Ctl.SqliteCtlContext..ctor() in C:\dev\projects\internal_projects\centazio3\src\Centazio.Providers\Centazio.Providers.Sqlite\Ctl\SqliteCtlContext.cs:line 7
   at Centazio.Providers.Sqlite.Tests.Ctl.TestingSqliteCtlRepository.<>c.<.ctor>b__0_0() in C:\dev\projects\internal_projects\centazio3\tests\Centazio.Providers.Sqlite.Tests\Ctl\SqliteCtlRepositoryTests.cs:line 19
   at Centazio.Providers.EF.EFCoreCtlRepository.Initalise() in C:\dev\projects\internal_projects\centazio3\src\Centazio.Providers\Centazio.Providers.EF\EFCoreCtlRepository.cs:line 11
   at Centazio.Providers.Sqlite.Tests.Ctl.SqliteCtlRepositoryTests.GetRepository() in C:\dev\projects\internal_projects\centazio3\tests\Centazio.Providers.Sqlite.Tests\Ctl\SqliteCtlRepositoryTests.cs:line 12
   at Centazio.Test.Lib.BaseProviderTests.CtlRepositoryDefaultTests.SetUp() in C:\dev\projects\internal_projects\centazio3\src\Centazio.Test.Lib\BaseProviderTests\BaseCtlRepositoryTests.cs:line 14
   at NUnit.Framework.Internal.TaskAwaitAdapter.GenericAdapter`1.GetResult()
   at NUnit.Framework.Internal.AsyncToSyncAdapter.Await[TResult](Func`1 invoke)
   at NUnit.Framework.Internal.AsyncToSyncAdapter.Await(Func`1 invoke)
   at NUnit.Framework.Internal.Commands.SetUpTearDownItem.RunSetUpOrTearDownMethod(TestExecutionContext context, IMethodInfo method)
   at NUnit.Framework.Internal.Commands.SetUpTearDownItem.RunSetUp(TestExecutionContext context)
   at NUnit.Framework.Internal.Commands.BeforeAndAfterTestCommand.<>c__DisplayClass1_0.<Execute>b__0()
   at NUnit.Framework.Internal.Commands.DelegatingTestCommand.RunTestMethodInThreadAbortSafeZone(TestExecutionContext context, Action action)
--TearDown
   at Centazio.Test.Lib.BaseProviderTests.CtlRepositoryDefaultTests.TearDown() in C:\dev\projects\internal_projects\centazio3\src\Centazio.Test.Lib\BaseProviderTests\BaseCtlRepositoryTests.cs:line 15
   at NUnit.Framework.Internal.TaskAwaitAdapter.GenericAdapter`1.GetResult()
   at NUnit.Framework.Internal.AsyncToSyncAdapter.Await[TResult](Func`1 invoke)
   at NUnit.Framework.Internal.AsyncToSyncAdapter.Await(Func`1 invoke)
   at NUnit.Framework.Internal.Commands.SetUpTearDownItem.RunSetUpOrTearDownMethod(TestExecutionContext context, IMethodInfo method)
   at NUnit.Framework.Internal.Commands.SetUpTearDownItem.RunTearDown(TestExecutionContext context)]]></stack-trace>
                      </failure>
                    </test-case>
                    <test-case id="65-1022" name="Test_GetSystemState_returns_null_on_unknown_systems" fullname="Centazio.Providers.Sqlite.Tests.Ctl.SqliteCtlRepositoryTests.Test_GetSystemState_returns_null_on_unknown_systems" methodname="Test_GetSystemState_returns_null_on_unknown_systems" classname="Centazio.Test.Lib.BaseProviderTests.CtlRepositoryDefaultTests" runstate="Runnable" seed="427707806" result="Failed" label="Error" start-time="2024-10-27T22:06:16.4326379Z" end-time="2024-10-27T22:06:16.4331361Z" duration="0.000498" asserts="0">
                      <failure>
                        <message><![CDATA[System.MissingMethodException : Method not found: 'System.String System.String.Join(System.String, System.ReadOnlySpan`1<System.Object>)'.
TearDown : System.NullReferenceException : Object reference not set to an instance of an object.]]></message>
                        <stack-trace><![CDATA[   at Microsoft.Extensions.DependencyInjection.ServiceLookup.CallSiteFactory.CreateConstructorCallSite(ResultCache lifetime, ServiceIdentifier serviceIdentifier, Type implementationType, CallSiteChain callSiteChain)
   at Microsoft.Extensions.DependencyInjection.ServiceLookup.CallSiteFactory.TryCreateExact(ServiceDescriptor descriptor, ServiceIdentifier serviceIdentifier, CallSiteChain callSiteChain, Int32 slot)
   at Microsoft.Extensions.DependencyInjection.ServiceLookup.CallSiteFactory.TryCreateExact(ServiceIdentifier serviceIdentifier, CallSiteChain callSiteChain)
   at Microsoft.Extensions.DependencyInjection.ServiceLookup.CallSiteFactory.CreateCallSite(ServiceIdentifier serviceIdentifier, CallSiteChain callSiteChain)
   at Microsoft.Extensions.DependencyInjection.ServiceLookup.CallSiteFactory.GetCallSite(ServiceIdentifier serviceIdentifier, CallSiteChain callSiteChain)
   at Microsoft.Extensions.DependencyInjection.ServiceProvider.CreateServiceAccessor(ServiceIdentifier serviceIdentifier)
   at System.Collections.Concurrent.ConcurrentDictionary`2.GetOrAdd(TKey key, Func`2 valueFactory)
   at Microsoft.Extensions.DependencyInjection.ServiceProvider.GetService(ServiceIdentifier serviceIdentifier, ServiceProviderEngineScope serviceProviderEngineScope)
   at Microsoft.Extensions.DependencyInjection.ServiceProvider.GetService(Type serviceType)
   at Microsoft.Extensions.DependencyInjection.ServiceProviderServiceExtensions.GetRequiredService(IServiceProvider provider, Type serviceType)
   at Microsoft.Extensions.DependencyInjection.ServiceProviderServiceExtensions.GetRequiredService[T](IServiceProvider provider)
   at Microsoft.EntityFrameworkCore.DbContext..ctor(DbContextOptions options)
   at Microsoft.EntityFrameworkCore.DbContext..ctor()
   at Centazio.Providers.EF.CentazioDbContext..ctor()
   at Centazio.Providers.EF.AbstractCtlRepositoryDbContext..ctor(String schema, String sys_tbl, String obj_tbl, String map_tbl) in C:\dev\projects\internal_projects\centazio3\src\Centazio.Providers\Centazio.Providers.EF\AbstractCtlRepositoryDbContext.cs:line 7
   at Centazio.Providers.Sqlite.Ctl.SqliteCtlContext..ctor() in C:\dev\projects\internal_projects\centazio3\src\Centazio.Providers\Centazio.Providers.Sqlite\Ctl\SqliteCtlContext.cs:line 7
   at Centazio.Providers.Sqlite.Tests.Ctl.TestingSqliteCtlRepository.<>c.<.ctor>b__0_0() in C:\dev\projects\internal_projects\centazio3\tests\Centazio.Providers.Sqlite.Tests\Ctl\SqliteCtlRepositoryTests.cs:line 19
   at Centazio.Providers.EF.EFCoreCtlRepository.Initalise() in C:\dev\projects\internal_projects\centazio3\src\Centazio.Providers\Centazio.Providers.EF\EFCoreCtlRepository.cs:line 11
   at Centazio.Providers.Sqlite.Tests.Ctl.SqliteCtlRepositoryTests.GetRepository() in C:\dev\projects\internal_projects\centazio3\tests\Centazio.Providers.Sqlite.Tests\Ctl\SqliteCtlRepositoryTests.cs:line 12
   at Centazio.Test.Lib.BaseProviderTests.CtlRepositoryDefaultTests.SetUp() in C:\dev\projects\internal_projects\centazio3\src\Centazio.Test.Lib\BaseProviderTests\BaseCtlRepositoryTests.cs:line 14
   at NUnit.Framework.Internal.TaskAwaitAdapter.GenericAdapter`1.GetResult()
   at NUnit.Framework.Internal.AsyncToSyncAdapter.Await[TResult](Func`1 invoke)
   at NUnit.Framework.Internal.AsyncToSyncAdapter.Await(Func`1 invoke)
   at NUnit.Framework.Internal.Commands.SetUpTearDownItem.RunSetUpOrTearDownMethod(TestExecutionContext context, IMethodInfo method)
   at NUnit.Framework.Internal.Commands.SetUpTearDownItem.RunSetUp(TestExecutionContext context)
   at NUnit.Framework.Internal.Commands.BeforeAndAfterTestCommand.<>c__DisplayClass1_0.<Execute>b__0()
   at NUnit.Framework.Internal.Commands.DelegatingTestCommand.RunTestMethodInThreadAbortSafeZone(TestExecutionContext context, Action action)
--TearDown
   at Centazio.Test.Lib.BaseProviderTests.CtlRepositoryDefaultTests.TearDown() in C:\dev\projects\internal_projects\centazio3\src\Centazio.Test.Lib\BaseProviderTests\BaseCtlRepositoryTests.cs:line 15
   at NUnit.Framework.Internal.TaskAwaitAdapter.GenericAdapter`1.GetResult()
   at NUnit.Framework.Internal.AsyncToSyncAdapter.Await[TResult](Func`1 invoke)
   at NUnit.Framework.Internal.AsyncToSyncAdapter.Await(Func`1 invoke)
   at NUnit.Framework.Internal.Commands.SetUpTearDownItem.RunSetUpOrTearDownMethod(TestExecutionContext context, IMethodInfo method)
   at NUnit.Framework.Internal.Commands.SetUpTearDownItem.RunTearDown(TestExecutionContext context)]]></stack-trace>
                      </failure>
                    </test-case>
                    <test-case id="65-1032" name="Test_SaveObjectState_fails_if_SystemState_does_not_exist" fullname="Centazio.Providers.Sqlite.Tests.Ctl.SqliteCtlRepositoryTests.Test_SaveObjectState_fails_if_SystemState_does_not_exist" methodname="Test_SaveObjectState_fails_if_SystemState_does_not_exist" classname="Centazio.Test.Lib.BaseProviderTests.CtlRepositoryDefaultTests" runstate="Runnable" seed="1673896409" result="Failed" label="Error" start-time="2024-10-27T22:06:16.4331520Z" end-time="2024-10-27T22:06:16.4336381Z" duration="0.000486" asserts="0">
                      <failure>
                        <message><![CDATA[System.MissingMethodException : Method not found: 'System.String System.String.Join(System.String, System.ReadOnlySpan`1<System.Object>)'.
TearDown : System.NullReferenceException : Object reference not set to an instance of an object.]]></message>
                        <stack-trace><![CDATA[   at Microsoft.Extensions.DependencyInjection.ServiceLookup.CallSiteFactory.CreateConstructorCallSite(ResultCache lifetime, ServiceIdentifier serviceIdentifier, Type implementationType, CallSiteChain callSiteChain)
   at Microsoft.Extensions.DependencyInjection.ServiceLookup.CallSiteFactory.TryCreateExact(ServiceDescriptor descriptor, ServiceIdentifier serviceIdentifier, CallSiteChain callSiteChain, Int32 slot)
   at Microsoft.Extensions.DependencyInjection.ServiceLookup.CallSiteFactory.TryCreateExact(ServiceIdentifier serviceIdentifier, CallSiteChain callSiteChain)
   at Microsoft.Extensions.DependencyInjection.ServiceLookup.CallSiteFactory.CreateCallSite(ServiceIdentifier serviceIdentifier, CallSiteChain callSiteChain)
   at Microsoft.Extensions.DependencyInjection.ServiceLookup.CallSiteFactory.GetCallSite(ServiceIdentifier serviceIdentifier, CallSiteChain callSiteChain)
   at Microsoft.Extensions.DependencyInjection.ServiceProvider.CreateServiceAccessor(ServiceIdentifier serviceIdentifier)
   at System.Collections.Concurrent.ConcurrentDictionary`2.GetOrAdd(TKey key, Func`2 valueFactory)
   at Microsoft.Extensions.DependencyInjection.ServiceProvider.GetService(ServiceIdentifier serviceIdentifier, ServiceProviderEngineScope serviceProviderEngineScope)
   at Microsoft.Extensions.DependencyInjection.ServiceProvider.GetService(Type serviceType)
   at Microsoft.Extensions.DependencyInjection.ServiceProviderServiceExtensions.GetRequiredService(IServiceProvider provider, Type serviceType)
   at Microsoft.Extensions.DependencyInjection.ServiceProviderServiceExtensions.GetRequiredService[T](IServiceProvider provider)
   at Microsoft.EntityFrameworkCore.DbContext..ctor(DbContextOptions options)
   at Microsoft.EntityFrameworkCore.DbContext..ctor()
   at Centazio.Providers.EF.CentazioDbContext..ctor()
   at Centazio.Providers.EF.AbstractCtlRepositoryDbContext..ctor(String schema, String sys_tbl, String obj_tbl, String map_tbl) in C:\dev\projects\internal_projects\centazio3\src\Centazio.Providers\Centazio.Providers.EF\AbstractCtlRepositoryDbContext.cs:line 7
   at Centazio.Providers.Sqlite.Ctl.SqliteCtlContext..ctor() in C:\dev\projects\internal_projects\centazio3\src\Centazio.Providers\Centazio.Providers.Sqlite\Ctl\SqliteCtlContext.cs:line 7
   at Centazio.Providers.Sqlite.Tests.Ctl.TestingSqliteCtlRepository.<>c.<.ctor>b__0_0() in C:\dev\projects\internal_projects\centazio3\tests\Centazio.Providers.Sqlite.Tests\Ctl\SqliteCtlRepositoryTests.cs:line 19
   at Centazio.Providers.EF.EFCoreCtlRepository.Initalise() in C:\dev\projects\internal_projects\centazio3\src\Centazio.Providers\Centazio.Providers.EF\EFCoreCtlRepository.cs:line 11
   at Centazio.Providers.Sqlite.Tests.Ctl.SqliteCtlRepositoryTests.GetRepository() in C:\dev\projects\internal_projects\centazio3\tests\Centazio.Providers.Sqlite.Tests\Ctl\SqliteCtlRepositoryTests.cs:line 12
   at Centazio.Test.Lib.BaseProviderTests.CtlRepositoryDefaultTests.SetUp() in C:\dev\projects\internal_projects\centazio3\src\Centazio.Test.Lib\BaseProviderTests\BaseCtlRepositoryTests.cs:line 14
   at NUnit.Framework.Internal.TaskAwaitAdapter.GenericAdapter`1.GetResult()
   at NUnit.Framework.Internal.AsyncToSyncAdapter.Await[TResult](Func`1 invoke)
   at NUnit.Framework.Internal.AsyncToSyncAdapter.Await(Func`1 invoke)
   at NUnit.Framework.Internal.Commands.SetUpTearDownItem.RunSetUpOrTearDownMethod(TestExecutionContext context, IMethodInfo method)
   at NUnit.Framework.Internal.Commands.SetUpTearDownItem.RunSetUp(TestExecutionContext context)
   at NUnit.Framework.Internal.Commands.BeforeAndAfterTestCommand.<>c__DisplayClass1_0.<Execute>b__0()
   at NUnit.Framework.Internal.Commands.DelegatingTestCommand.RunTestMethodInThreadAbortSafeZone(TestExecutionContext context, Action action)
--TearDown
   at Centazio.Test.Lib.BaseProviderTests.CtlRepositoryDefaultTests.TearDown() in C:\dev\projects\internal_projects\centazio3\src\Centazio.Test.Lib\BaseProviderTests\BaseCtlRepositoryTests.cs:line 15
   at NUnit.Framework.Internal.TaskAwaitAdapter.GenericAdapter`1.GetResult()
   at NUnit.Framework.Internal.AsyncToSyncAdapter.Await[TResult](Func`1 invoke)
   at NUnit.Framework.Internal.AsyncToSyncAdapter.Await(Func`1 invoke)
   at NUnit.Framework.Internal.Commands.SetUpTearDownItem.RunSetUpOrTearDownMethod(TestExecutionContext context, IMethodInfo method)
   at NUnit.Framework.Internal.Commands.SetUpTearDownItem.RunTearDown(TestExecutionContext context)]]></stack-trace>
                      </failure>
                    </test-case>
                    <test-case id="65-1031" name="Test_SaveObjectState_updates_existing_state" fullname="Centazio.Providers.Sqlite.Tests.Ctl.SqliteCtlRepositoryTests.Test_SaveObjectState_updates_existing_state" methodname="Test_SaveObjectState_updates_existing_state" classname="Centazio.Test.Lib.BaseProviderTests.CtlRepositoryDefaultTests" runstate="Runnable" seed="964559098" result="Failed" label="Error" start-time="2024-10-27T22:06:16.4336537Z" end-time="2024-10-27T22:06:16.4341526Z" duration="0.000499" asserts="0">
                      <failure>
                        <message><![CDATA[System.MissingMethodException : Method not found: 'System.String System.String.Join(System.String, System.ReadOnlySpan`1<System.Object>)'.
TearDown : System.NullReferenceException : Object reference not set to an instance of an object.]]></message>
                        <stack-trace><![CDATA[   at Microsoft.Extensions.DependencyInjection.ServiceLookup.CallSiteFactory.CreateConstructorCallSite(ResultCache lifetime, ServiceIdentifier serviceIdentifier, Type implementationType, CallSiteChain callSiteChain)
   at Microsoft.Extensions.DependencyInjection.ServiceLookup.CallSiteFactory.TryCreateExact(ServiceDescriptor descriptor, ServiceIdentifier serviceIdentifier, CallSiteChain callSiteChain, Int32 slot)
   at Microsoft.Extensions.DependencyInjection.ServiceLookup.CallSiteFactory.TryCreateExact(ServiceIdentifier serviceIdentifier, CallSiteChain callSiteChain)
   at Microsoft.Extensions.DependencyInjection.ServiceLookup.CallSiteFactory.CreateCallSite(ServiceIdentifier serviceIdentifier, CallSiteChain callSiteChain)
   at Microsoft.Extensions.DependencyInjection.ServiceLookup.CallSiteFactory.GetCallSite(ServiceIdentifier serviceIdentifier, CallSiteChain callSiteChain)
   at Microsoft.Extensions.DependencyInjection.ServiceProvider.CreateServiceAccessor(ServiceIdentifier serviceIdentifier)
   at System.Collections.Concurrent.ConcurrentDictionary`2.GetOrAdd(TKey key, Func`2 valueFactory)
   at Microsoft.Extensions.DependencyInjection.ServiceProvider.GetService(ServiceIdentifier serviceIdentifier, ServiceProviderEngineScope serviceProviderEngineScope)
   at Microsoft.Extensions.DependencyInjection.ServiceProvider.GetService(Type serviceType)
   at Microsoft.Extensions.DependencyInjection.ServiceProviderServiceExtensions.GetRequiredService(IServiceProvider provider, Type serviceType)
   at Microsoft.Extensions.DependencyInjection.ServiceProviderServiceExtensions.GetRequiredService[T](IServiceProvider provider)
   at Microsoft.EntityFrameworkCore.DbContext..ctor(DbContextOptions options)
   at Microsoft.EntityFrameworkCore.DbContext..ctor()
   at Centazio.Providers.EF.CentazioDbContext..ctor()
   at Centazio.Providers.EF.AbstractCtlRepositoryDbContext..ctor(String schema, String sys_tbl, String obj_tbl, String map_tbl) in C:\dev\projects\internal_projects\centazio3\src\Centazio.Providers\Centazio.Providers.EF\AbstractCtlRepositoryDbContext.cs:line 7
   at Centazio.Providers.Sqlite.Ctl.SqliteCtlContext..ctor() in C:\dev\projects\internal_projects\centazio3\src\Centazio.Providers\Centazio.Providers.Sqlite\Ctl\SqliteCtlContext.cs:line 7
   at Centazio.Providers.Sqlite.Tests.Ctl.TestingSqliteCtlRepository.<>c.<.ctor>b__0_0() in C:\dev\projects\internal_projects\centazio3\tests\Centazio.Providers.Sqlite.Tests\Ctl\SqliteCtlRepositoryTests.cs:line 19
   at Centazio.Providers.EF.EFCoreCtlRepository.Initalise() in C:\dev\projects\internal_projects\centazio3\src\Centazio.Providers\Centazio.Providers.EF\EFCoreCtlRepository.cs:line 11
   at Centazio.Providers.Sqlite.Tests.Ctl.SqliteCtlRepositoryTests.GetRepository() in C:\dev\projects\internal_projects\centazio3\tests\Centazio.Providers.Sqlite.Tests\Ctl\SqliteCtlRepositoryTests.cs:line 12
   at Centazio.Test.Lib.BaseProviderTests.CtlRepositoryDefaultTests.SetUp() in C:\dev\projects\internal_projects\centazio3\src\Centazio.Test.Lib\BaseProviderTests\BaseCtlRepositoryTests.cs:line 14
   at NUnit.Framework.Internal.TaskAwaitAdapter.GenericAdapter`1.GetResult()
   at NUnit.Framework.Internal.AsyncToSyncAdapter.Await[TResult](Func`1 invoke)
   at NUnit.Framework.Internal.AsyncToSyncAdapter.Await(Func`1 invoke)
   at NUnit.Framework.Internal.Commands.SetUpTearDownItem.RunSetUpOrTearDownMethod(TestExecutionContext context, IMethodInfo method)
   at NUnit.Framework.Internal.Commands.SetUpTearDownItem.RunSetUp(TestExecutionContext context)
   at NUnit.Framework.Internal.Commands.BeforeAndAfterTestCommand.<>c__DisplayClass1_0.<Execute>b__0()
   at NUnit.Framework.Internal.Commands.DelegatingTestCommand.RunTestMethodInThreadAbortSafeZone(TestExecutionContext context, Action action)
--TearDown
   at Centazio.Test.Lib.BaseProviderTests.CtlRepositoryDefaultTests.TearDown() in C:\dev\projects\internal_projects\centazio3\src\Centazio.Test.Lib\BaseProviderTests\BaseCtlRepositoryTests.cs:line 15
   at NUnit.Framework.Internal.TaskAwaitAdapter.GenericAdapter`1.GetResult()
   at NUnit.Framework.Internal.AsyncToSyncAdapter.Await[TResult](Func`1 invoke)
   at NUnit.Framework.Internal.AsyncToSyncAdapter.Await(Func`1 invoke)
   at NUnit.Framework.Internal.Commands.SetUpTearDownItem.RunSetUpOrTearDownMethod(TestExecutionContext context, IMethodInfo method)
   at NUnit.Framework.Internal.Commands.SetUpTearDownItem.RunTearDown(TestExecutionContext context)]]></stack-trace>
                      </failure>
                    </test-case>
                    <test-case id="65-1026" name="Test_SaveSystemState_fails_if_state_does_not_exist" fullname="Centazio.Providers.Sqlite.Tests.Ctl.SqliteCtlRepositoryTests.Test_SaveSystemState_fails_if_state_does_not_exist" methodname="Test_SaveSystemState_fails_if_state_does_not_exist" classname="Centazio.Test.Lib.BaseProviderTests.CtlRepositoryDefaultTests" runstate="Runnable" seed="1548112675" result="Failed" label="Error" start-time="2024-10-27T22:06:16.4341685Z" end-time="2024-10-27T22:06:16.4346571Z" duration="0.000489" asserts="0">
                      <failure>
                        <message><![CDATA[System.MissingMethodException : Method not found: 'System.String System.String.Join(System.String, System.ReadOnlySpan`1<System.Object>)'.
TearDown : System.NullReferenceException : Object reference not set to an instance of an object.]]></message>
                        <stack-trace><![CDATA[   at Microsoft.Extensions.DependencyInjection.ServiceLookup.CallSiteFactory.CreateConstructorCallSite(ResultCache lifetime, ServiceIdentifier serviceIdentifier, Type implementationType, CallSiteChain callSiteChain)
   at Microsoft.Extensions.DependencyInjection.ServiceLookup.CallSiteFactory.TryCreateExact(ServiceDescriptor descriptor, ServiceIdentifier serviceIdentifier, CallSiteChain callSiteChain, Int32 slot)
   at Microsoft.Extensions.DependencyInjection.ServiceLookup.CallSiteFactory.TryCreateExact(ServiceIdentifier serviceIdentifier, CallSiteChain callSiteChain)
   at Microsoft.Extensions.DependencyInjection.ServiceLookup.CallSiteFactory.CreateCallSite(ServiceIdentifier serviceIdentifier, CallSiteChain callSiteChain)
   at Microsoft.Extensions.DependencyInjection.ServiceLookup.CallSiteFactory.GetCallSite(ServiceIdentifier serviceIdentifier, CallSiteChain callSiteChain)
   at Microsoft.Extensions.DependencyInjection.ServiceProvider.CreateServiceAccessor(ServiceIdentifier serviceIdentifier)
   at System.Collections.Concurrent.ConcurrentDictionary`2.GetOrAdd(TKey key, Func`2 valueFactory)
   at Microsoft.Extensions.DependencyInjection.ServiceProvider.GetService(ServiceIdentifier serviceIdentifier, ServiceProviderEngineScope serviceProviderEngineScope)
   at Microsoft.Extensions.DependencyInjection.ServiceProvider.GetService(Type serviceType)
   at Microsoft.Extensions.DependencyInjection.ServiceProviderServiceExtensions.GetRequiredService(IServiceProvider provider, Type serviceType)
   at Microsoft.Extensions.DependencyInjection.ServiceProviderServiceExtensions.GetRequiredService[T](IServiceProvider provider)
   at Microsoft.EntityFrameworkCore.DbContext..ctor(DbContextOptions options)
   at Microsoft.EntityFrameworkCore.DbContext..ctor()
   at Centazio.Providers.EF.CentazioDbContext..ctor()
   at Centazio.Providers.EF.AbstractCtlRepositoryDbContext..ctor(String schema, String sys_tbl, String obj_tbl, String map_tbl) in C:\dev\projects\internal_projects\centazio3\src\Centazio.Providers\Centazio.Providers.EF\AbstractCtlRepositoryDbContext.cs:line 7
   at Centazio.Providers.Sqlite.Ctl.SqliteCtlContext..ctor() in C:\dev\projects\internal_projects\centazio3\src\Centazio.Providers\Centazio.Providers.Sqlite\Ctl\SqliteCtlContext.cs:line 7
   at Centazio.Providers.Sqlite.Tests.Ctl.TestingSqliteCtlRepository.<>c.<.ctor>b__0_0() in C:\dev\projects\internal_projects\centazio3\tests\Centazio.Providers.Sqlite.Tests\Ctl\SqliteCtlRepositoryTests.cs:line 19
   at Centazio.Providers.EF.EFCoreCtlRepository.Initalise() in C:\dev\projects\internal_projects\centazio3\src\Centazio.Providers\Centazio.Providers.EF\EFCoreCtlRepository.cs:line 11
   at Centazio.Providers.Sqlite.Tests.Ctl.SqliteCtlRepositoryTests.GetRepository() in C:\dev\projects\internal_projects\centazio3\tests\Centazio.Providers.Sqlite.Tests\Ctl\SqliteCtlRepositoryTests.cs:line 12
   at Centazio.Test.Lib.BaseProviderTests.CtlRepositoryDefaultTests.SetUp() in C:\dev\projects\internal_projects\centazio3\src\Centazio.Test.Lib\BaseProviderTests\BaseCtlRepositoryTests.cs:line 14
   at NUnit.Framework.Internal.TaskAwaitAdapter.GenericAdapter`1.GetResult()
   at NUnit.Framework.Internal.AsyncToSyncAdapter.Await[TResult](Func`1 invoke)
   at NUnit.Framework.Internal.AsyncToSyncAdapter.Await(Func`1 invoke)
   at NUnit.Framework.Internal.Commands.SetUpTearDownItem.RunSetUpOrTearDownMethod(TestExecutionContext context, IMethodInfo method)
   at NUnit.Framework.Internal.Commands.SetUpTearDownItem.RunSetUp(TestExecutionContext context)
   at NUnit.Framework.Internal.Commands.BeforeAndAfterTestCommand.<>c__DisplayClass1_0.<Execute>b__0()
   at NUnit.Framework.Internal.Commands.DelegatingTestCommand.RunTestMethodInThreadAbortSafeZone(TestExecutionContext context, Action action)
--TearDown
   at Centazio.Test.Lib.BaseProviderTests.CtlRepositoryDefaultTests.TearDown() in C:\dev\projects\internal_projects\centazio3\src\Centazio.Test.Lib\BaseProviderTests\BaseCtlRepositoryTests.cs:line 15
   at NUnit.Framework.Internal.TaskAwaitAdapter.GenericAdapter`1.GetResult()
   at NUnit.Framework.Internal.AsyncToSyncAdapter.Await[TResult](Func`1 invoke)
   at NUnit.Framework.Internal.AsyncToSyncAdapter.Await(Func`1 invoke)
   at NUnit.Framework.Internal.Commands.SetUpTearDownItem.RunSetUpOrTearDownMethod(TestExecutionContext context, IMethodInfo method)
   at NUnit.Framework.Internal.Commands.SetUpTearDownItem.RunTearDown(TestExecutionContext context)]]></stack-trace>
                      </failure>
                    </test-case>
                    <test-case id="65-1025" name="Test_SaveSystemtState_updates_existing_state" fullname="Centazio.Providers.Sqlite.Tests.Ctl.SqliteCtlRepositoryTests.Test_SaveSystemtState_updates_existing_state" methodname="Test_SaveSystemtState_updates_existing_state" classname="Centazio.Test.Lib.BaseProviderTests.CtlRepositoryDefaultTests" runstate="Runnable" seed="173560239" result="Failed" label="Error" start-time="2024-10-27T22:06:16.4346742Z" end-time="2024-10-27T22:06:16.4351658Z" duration="0.000492" asserts="0">
                      <failure>
                        <message><![CDATA[System.MissingMethodException : Method not found: 'System.String System.String.Join(System.String, System.ReadOnlySpan`1<System.Object>)'.
TearDown : System.NullReferenceException : Object reference not set to an instance of an object.]]></message>
                        <stack-trace><![CDATA[   at Microsoft.Extensions.DependencyInjection.ServiceLookup.CallSiteFactory.CreateConstructorCallSite(ResultCache lifetime, ServiceIdentifier serviceIdentifier, Type implementationType, CallSiteChain callSiteChain)
   at Microsoft.Extensions.DependencyInjection.ServiceLookup.CallSiteFactory.TryCreateExact(ServiceDescriptor descriptor, ServiceIdentifier serviceIdentifier, CallSiteChain callSiteChain, Int32 slot)
   at Microsoft.Extensions.DependencyInjection.ServiceLookup.CallSiteFactory.TryCreateExact(ServiceIdentifier serviceIdentifier, CallSiteChain callSiteChain)
   at Microsoft.Extensions.DependencyInjection.ServiceLookup.CallSiteFactory.CreateCallSite(ServiceIdentifier serviceIdentifier, CallSiteChain callSiteChain)
   at Microsoft.Extensions.DependencyInjection.ServiceLookup.CallSiteFactory.GetCallSite(ServiceIdentifier serviceIdentifier, CallSiteChain callSiteChain)
   at Microsoft.Extensions.DependencyInjection.ServiceProvider.CreateServiceAccessor(ServiceIdentifier serviceIdentifier)
   at System.Collections.Concurrent.ConcurrentDictionary`2.GetOrAdd(TKey key, Func`2 valueFactory)
   at Microsoft.Extensions.DependencyInjection.ServiceProvider.GetService(ServiceIdentifier serviceIdentifier, ServiceProviderEngineScope serviceProviderEngineScope)
   at Microsoft.Extensions.DependencyInjection.ServiceProvider.GetService(Type serviceType)
   at Microsoft.Extensions.DependencyInjection.ServiceProviderServiceExtensions.GetRequiredService(IServiceProvider provider, Type serviceType)
   at Microsoft.Extensions.DependencyInjection.ServiceProviderServiceExtensions.GetRequiredService[T](IServiceProvider provider)
   at Microsoft.EntityFrameworkCore.DbContext..ctor(DbContextOptions options)
   at Microsoft.EntityFrameworkCore.DbContext..ctor()
   at Centazio.Providers.EF.CentazioDbContext..ctor()
   at Centazio.Providers.EF.AbstractCtlRepositoryDbContext..ctor(String schema, String sys_tbl, String obj_tbl, String map_tbl) in C:\dev\projects\internal_projects\centazio3\src\Centazio.Providers\Centazio.Providers.EF\AbstractCtlRepositoryDbContext.cs:line 7
   at Centazio.Providers.Sqlite.Ctl.SqliteCtlContext..ctor() in C:\dev\projects\internal_projects\centazio3\src\Centazio.Providers\Centazio.Providers.Sqlite\Ctl\SqliteCtlContext.cs:line 7
   at Centazio.Providers.Sqlite.Tests.Ctl.TestingSqliteCtlRepository.<>c.<.ctor>b__0_0() in C:\dev\projects\internal_projects\centazio3\tests\Centazio.Providers.Sqlite.Tests\Ctl\SqliteCtlRepositoryTests.cs:line 19
   at Centazio.Providers.EF.EFCoreCtlRepository.Initalise() in C:\dev\projects\internal_projects\centazio3\src\Centazio.Providers\Centazio.Providers.EF\EFCoreCtlRepository.cs:line 11
   at Centazio.Providers.Sqlite.Tests.Ctl.SqliteCtlRepositoryTests.GetRepository() in C:\dev\projects\internal_projects\centazio3\tests\Centazio.Providers.Sqlite.Tests\Ctl\SqliteCtlRepositoryTests.cs:line 12
   at Centazio.Test.Lib.BaseProviderTests.CtlRepositoryDefaultTests.SetUp() in C:\dev\projects\internal_projects\centazio3\src\Centazio.Test.Lib\BaseProviderTests\BaseCtlRepositoryTests.cs:line 14
   at NUnit.Framework.Internal.TaskAwaitAdapter.GenericAdapter`1.GetResult()
   at NUnit.Framework.Internal.AsyncToSyncAdapter.Await[TResult](Func`1 invoke)
   at NUnit.Framework.Internal.AsyncToSyncAdapter.Await(Func`1 invoke)
   at NUnit.Framework.Internal.Commands.SetUpTearDownItem.RunSetUpOrTearDownMethod(TestExecutionContext context, IMethodInfo method)
   at NUnit.Framework.Internal.Commands.SetUpTearDownItem.RunSetUp(TestExecutionContext context)
   at NUnit.Framework.Internal.Commands.BeforeAndAfterTestCommand.<>c__DisplayClass1_0.<Execute>b__0()
   at NUnit.Framework.Internal.Commands.DelegatingTestCommand.RunTestMethodInThreadAbortSafeZone(TestExecutionContext context, Action action)
--TearDown
   at Centazio.Test.Lib.BaseProviderTests.CtlRepositoryDefaultTests.TearDown() in C:\dev\projects\internal_projects\centazio3\src\Centazio.Test.Lib\BaseProviderTests\BaseCtlRepositoryTests.cs:line 15
   at NUnit.Framework.Internal.TaskAwaitAdapter.GenericAdapter`1.GetResult()
   at NUnit.Framework.Internal.AsyncToSyncAdapter.Await[TResult](Func`1 invoke)
   at NUnit.Framework.Internal.AsyncToSyncAdapter.Await(Func`1 invoke)
   at NUnit.Framework.Internal.Commands.SetUpTearDownItem.RunSetUpOrTearDownMethod(TestExecutionContext context, IMethodInfo method)
   at NUnit.Framework.Internal.Commands.SetUpTearDownItem.RunTearDown(TestExecutionContext context)]]></stack-trace>
                      </failure>
                    </test-case>
                  </test-suite>
                </test-suite>
                <test-suite type="TestSuite" id="65-1055" name="E2E" fullname="Centazio.Providers.Sqlite.Tests.E2E" runstate="Runnable" testcasecount="1" result="Failed" site="Child" start-time="2024-10-27T22:06:15.7573771Z" end-time="2024-10-27T22:06:16.4434787Z" duration="0.686102" total="1" passed="0" failed="1" warnings="0" inconclusive="0" skipped="0" asserts="0">
                  <failure>
                    <message><![CDATA[One or more child tests had errors]]></message>
                  </failure>
                  <test-suite type="TestFixture" id="65-1019" name="SqliteE2ETests" fullname="Centazio.Providers.Sqlite.Tests.E2E.SqliteE2ETests" classname="Centazio.Providers.Sqlite.Tests.E2E.SqliteE2ETests" runstate="Runnable" testcasecount="1" result="Failed" site="Child" start-time="2024-10-27T22:06:16.4352176Z" end-time="2024-10-27T22:06:16.4434708Z" duration="0.008253" total="1" passed="0" failed="1" warnings="0" inconclusive="0" skipped="0" asserts="0">
                    <failure>
                      <message><![CDATA[One or more child tests had errors]]></message>
                    </failure>
                    <test-case id="65-1020" name="Run_e2e_simulation_and_tests" fullname="Centazio.Providers.Sqlite.Tests.E2E.SqliteE2ETests.Run_e2e_simulation_and_tests" methodname="Run_e2e_simulation_and_tests" classname="Centazio.Providers.Sqlite.Tests.E2E.SqliteE2ETests" runstate="Runnable" seed="168496863" result="Failed" label="Error" start-time="2024-10-27T22:06:16.4352987Z" end-time="2024-10-27T22:06:16.4434398Z" duration="0.008141" asserts="0">
                      <failure>
                        <message><![CDATA[System.MissingMethodException : Method not found: 'System.String System.String.Join(System.String, System.ReadOnlySpan`1<System.Object>)'.]]></message>
                        <stack-trace><![CDATA[   at Microsoft.Extensions.DependencyInjection.ServiceLookup.CallSiteFactory.CreateConstructorCallSite(ResultCache lifetime, ServiceIdentifier serviceIdentifier, Type implementationType, CallSiteChain callSiteChain)
   at Microsoft.Extensions.DependencyInjection.ServiceLookup.CallSiteFactory.TryCreateExact(ServiceDescriptor descriptor, ServiceIdentifier serviceIdentifier, CallSiteChain callSiteChain, Int32 slot)
   at Microsoft.Extensions.DependencyInjection.ServiceLookup.CallSiteFactory.TryCreateExact(ServiceIdentifier serviceIdentifier, CallSiteChain callSiteChain)
   at Microsoft.Extensions.DependencyInjection.ServiceLookup.CallSiteFactory.CreateCallSite(ServiceIdentifier serviceIdentifier, CallSiteChain callSiteChain)
   at Microsoft.Extensions.DependencyInjection.ServiceLookup.CallSiteFactory.GetCallSite(ServiceIdentifier serviceIdentifier, CallSiteChain callSiteChain)
   at Microsoft.Extensions.DependencyInjection.ServiceProvider.CreateServiceAccessor(ServiceIdentifier serviceIdentifier)
   at System.Collections.Concurrent.ConcurrentDictionary`2.GetOrAdd(TKey key, Func`2 valueFactory)
   at Microsoft.Extensions.DependencyInjection.ServiceProvider.GetService(ServiceIdentifier serviceIdentifier, ServiceProviderEngineScope serviceProviderEngineScope)
   at Microsoft.Extensions.DependencyInjection.ServiceProvider.GetService(Type serviceType)
   at Microsoft.Extensions.DependencyInjection.ServiceProviderServiceExtensions.GetRequiredService(IServiceProvider provider, Type serviceType)
   at Microsoft.Extensions.DependencyInjection.ServiceProviderServiceExtensions.GetRequiredService[T](IServiceProvider provider)
   at Microsoft.EntityFrameworkCore.DbContext..ctor(DbContextOptions options)
   at Microsoft.EntityFrameworkCore.DbContext..ctor()
   at Centazio.Providers.EF.CentazioDbContext..ctor()
   at Centazio.Providers.EF.AbstractCtlRepositoryDbContext..ctor(String schema, String sys_tbl, String obj_tbl, String map_tbl) in C:\dev\projects\internal_projects\centazio3\src\Centazio.Providers\Centazio.Providers.EF\AbstractCtlRepositoryDbContext.cs:line 7
   at Centazio.Providers.Sqlite.Ctl.SqliteCtlContext..ctor() in C:\dev\projects\internal_projects\centazio3\src\Centazio.Providers\Centazio.Providers.Sqlite\Ctl\SqliteCtlContext.cs:line 7
   at Centazio.Providers.Sqlite.Tests.E2E.SqliteSimulationProvider.<>c.<Initialise>b__12_0() in C:\dev\projects\internal_projects\centazio3\tests\Centazio.Providers.Sqlite.Tests\E2E\SqliteE2ETests.cs:line 30
   at Centazio.Providers.EF.EFCoreCtlRepository.Initalise() in C:\dev\projects\internal_projects\centazio3\src\Centazio.Providers\Centazio.Providers.EF\EFCoreCtlRepository.cs:line 11
   at Centazio.Providers.Sqlite.Tests.E2E.SqliteSimulationProvider.Initialise(SimulationCtx ctx) in C:\dev\projects\internal_projects\centazio3\tests\Centazio.Providers.Sqlite.Tests\E2E\SqliteE2ETests.cs:line 30
   at Centazio.Test.Lib.E2E.SimulationCtx.Initialise() in C:\dev\projects\internal_projects\centazio3\src\Centazio.Test.Lib\E2E\SimulationCtx.cs:line 31
   at Centazio.Test.Lib.E2E.E2EEnvironment.Initialise() in C:\dev\projects\internal_projects\centazio3\src\Centazio.Test.Lib\E2E\E2EEnvironment.cs:line 30
   at Centazio.Test.Lib.E2E.E2EEnvironment.RunSimulation() in C:\dev\projects\internal_projects\centazio3\src\Centazio.Test.Lib\E2E\E2EEnvironment.cs:line 57
   at Centazio.Providers.Sqlite.Tests.E2E.SqliteE2ETests.Run_e2e_simulation_and_tests() in C:\dev\projects\internal_projects\centazio3\tests\Centazio.Providers.Sqlite.Tests\E2E\SqliteE2ETests.cs:line 18
   at NUnit.Framework.Internal.TaskAwaitAdapter.GenericAdapter`1.GetResult()
   at NUnit.Framework.Internal.AsyncToSyncAdapter.Await[TResult](Func`1 invoke)
   at NUnit.Framework.Internal.AsyncToSyncAdapter.Await(Func`1 invoke)
   at NUnit.Framework.Internal.Commands.TestMethodCommand.RunTestMethod(TestExecutionContext context)
   at NUnit.Framework.Internal.Commands.TestMethodCommand.Execute(TestExecutionContext context)
   at NUnit.Framework.Internal.Execution.SimpleWorkItem.<>c__DisplayClass3_0.<PerformWork>b__0()
   at NUnit.Framework.Internal.ContextUtils.<>c__DisplayClass1_0`1.<DoIsolated>b__0(Object _)
   at System.Threading.ExecutionContext.RunInternal(ExecutionContext executionContext, ContextCallback callback, Object state)
--- End of stack trace from previous location ---
   at System.Threading.ExecutionContext.RunInternal(ExecutionContext executionContext, ContextCallback callback, Object state)
   at NUnit.Framework.Internal.ContextUtils.DoIsolated(ContextCallback callback, Object state)
   at NUnit.Framework.Internal.ContextUtils.DoIsolated[T](Func`1 func)
   at NUnit.Framework.Internal.Execution.SimpleWorkItem.PerformWork()]]></stack-trace>
                      </failure>
                    </test-case>
                  </test-suite>
                </test-suite>
                <test-suite type="TestSuite" id="65-1054" name="Stage" fullname="Centazio.Providers.Sqlite.Tests.Stage" runstate="Runnable" testcasecount="17" result="Failed" site="Child" start-time="2024-10-27T22:06:15.7573855Z" end-time="2024-10-27T22:06:16.4574637Z" duration="0.700078" total="17" passed="0" failed="17" warnings="0" inconclusive="0" skipped="0" asserts="0">
                  <failure>
                    <message><![CDATA[One or more child tests had errors]]></message>
                  </failure>
                  <test-suite type="TestFixture" id="65-1001" name="SqliteStagedEntityRepositoryTests" fullname="Centazio.Providers.Sqlite.Tests.Stage.SqliteStagedEntityRepositoryTests" classname="Centazio.Providers.Sqlite.Tests.Stage.SqliteStagedEntityRepositoryTests" runstate="Runnable" testcasecount="17" result="Failed" site="Child" start-time="2024-10-27T22:06:16.4435036Z" end-time="2024-10-27T22:06:16.4574564Z" duration="0.013953" total="17" passed="0" failed="17" warnings="0" inconclusive="0" skipped="0" asserts="0">
                    <failure>
                      <message><![CDATA[One or more child tests had errors]]></message>
                    </failure>
                    <test-case id="65-1014" name="Test_delete_large_batch" fullname="Centazio.Providers.Sqlite.Tests.Stage.SqliteStagedEntityRepositoryTests.Test_delete_large_batch" methodname="Test_delete_large_batch" classname="Centazio.Test.Lib.BaseProviderTests.BaseStagedEntityRepositoryTests" runstate="Runnable" seed="927394000" result="Failed" label="Error" start-time="2024-10-27T22:06:16.4449969Z" end-time="2024-10-27T22:06:16.4480436Z" duration="0.003047" asserts="0">
                      <failure>
                        <message><![CDATA[System.MissingMethodException : Method not found: 'System.String System.String.Join(System.String, System.ReadOnlySpan`1<System.Object>)'.
TearDown : System.NullReferenceException : Object reference not set to an instance of an object.]]></message>
                        <stack-trace><![CDATA[   at Microsoft.Extensions.DependencyInjection.ServiceLookup.CallSiteFactory.CreateConstructorCallSite(ResultCache lifetime, ServiceIdentifier serviceIdentifier, Type implementationType, CallSiteChain callSiteChain)
   at Microsoft.Extensions.DependencyInjection.ServiceLookup.CallSiteFactory.TryCreateExact(ServiceDescriptor descriptor, ServiceIdentifier serviceIdentifier, CallSiteChain callSiteChain, Int32 slot)
   at Microsoft.Extensions.DependencyInjection.ServiceLookup.CallSiteFactory.TryCreateExact(ServiceIdentifier serviceIdentifier, CallSiteChain callSiteChain)
   at Microsoft.Extensions.DependencyInjection.ServiceLookup.CallSiteFactory.CreateCallSite(ServiceIdentifier serviceIdentifier, CallSiteChain callSiteChain)
   at Microsoft.Extensions.DependencyInjection.ServiceLookup.CallSiteFactory.GetCallSite(ServiceIdentifier serviceIdentifier, CallSiteChain callSiteChain)
   at Microsoft.Extensions.DependencyInjection.ServiceProvider.CreateServiceAccessor(ServiceIdentifier serviceIdentifier)
   at System.Collections.Concurrent.ConcurrentDictionary`2.GetOrAdd(TKey key, Func`2 valueFactory)
   at Microsoft.Extensions.DependencyInjection.ServiceProvider.GetService(ServiceIdentifier serviceIdentifier, ServiceProviderEngineScope serviceProviderEngineScope)
   at Microsoft.Extensions.DependencyInjection.ServiceProvider.GetService(Type serviceType)
   at Microsoft.Extensions.DependencyInjection.ServiceProviderServiceExtensions.GetRequiredService(IServiceProvider provider, Type serviceType)
   at Microsoft.Extensions.DependencyInjection.ServiceProviderServiceExtensions.GetRequiredService[T](IServiceProvider provider)
   at Microsoft.EntityFrameworkCore.DbContext..ctor(DbContextOptions options)
   at Microsoft.EntityFrameworkCore.DbContext..ctor()
   at Centazio.Providers.EF.CentazioDbContext..ctor()
   at Centazio.Providers.EF.AbstractStagedEntityRepositoryDbContext..ctor(String schema, String table) in C:\dev\projects\internal_projects\centazio3\src\Centazio.Providers\Centazio.Providers.EF\AbstractStagedEntityRepositoryDbContext.cs:line 7
   at Centazio.Providers.Sqlite.Stage.SqliteStagedEntityContext..ctor() in C:\dev\projects\internal_projects\centazio3\src\Centazio.Providers\Centazio.Providers.Sqlite\Stage\SqliteStagedEntityContext.cs:line 7
   at Centazio.Providers.Sqlite.Tests.Stage.SqliteStagedEntityRepositoryTests.<>c.<GetRepository>b__0_0() in C:\dev\projects\internal_projects\centazio3\tests\Centazio.Providers.Sqlite.Tests\Stage\SqliteStagedEntityRepositoryTests.cs:line 11
   at Centazio.Providers.EF.EFCoreStagedEntityRepository.Initialise() in C:\dev\projects\internal_projects\centazio3\src\Centazio.Providers\Centazio.Providers.EF\EFCoreStagedEntityRepository.cs:line 58
   at Centazio.Providers.Sqlite.Tests.Stage.SqliteStagedEntityRepositoryTests.GetRepository(Int32 limit, Func`2 checksum) in C:\dev\projects\internal_projects\centazio3\tests\Centazio.Providers.Sqlite.Tests\Stage\SqliteStagedEntityRepositoryTests.cs:line 11
   at Centazio.Test.Lib.BaseProviderTests.BaseStagedEntityRepositoryTests.SetUp() in C:\dev\projects\internal_projects\centazio3\src\Centazio.Test.Lib\BaseProviderTests\BaseStagedEntityRepositoryTests.cs:line 20
   at NUnit.Framework.Internal.TaskAwaitAdapter.GenericAdapter`1.GetResult()
   at NUnit.Framework.Internal.AsyncToSyncAdapter.Await[TResult](Func`1 invoke)
   at NUnit.Framework.Internal.AsyncToSyncAdapter.Await(Func`1 invoke)
   at NUnit.Framework.Internal.Commands.SetUpTearDownItem.RunSetUpOrTearDownMethod(TestExecutionContext context, IMethodInfo method)
   at NUnit.Framework.Internal.Commands.SetUpTearDownItem.RunSetUp(TestExecutionContext context)
   at NUnit.Framework.Internal.Commands.BeforeAndAfterTestCommand.<>c__DisplayClass1_0.<Execute>b__0()
   at NUnit.Framework.Internal.Commands.DelegatingTestCommand.RunTestMethodInThreadAbortSafeZone(TestExecutionContext context, Action action)
--TearDown
   at Centazio.Test.Lib.BaseProviderTests.BaseStagedEntityRepositoryTests.TearDown() in C:\dev\projects\internal_projects\centazio3\src\Centazio.Test.Lib\BaseProviderTests\BaseStagedEntityRepositoryTests.cs:line 24
   at NUnit.Framework.Internal.TaskAwaitAdapter.GenericAdapter`1.GetResult()
   at NUnit.Framework.Internal.AsyncToSyncAdapter.Await[TResult](Func`1 invoke)
   at NUnit.Framework.Internal.AsyncToSyncAdapter.Await(Func`1 invoke)
   at NUnit.Framework.Internal.Commands.SetUpTearDownItem.RunSetUpOrTearDownMethod(TestExecutionContext context, IMethodInfo method)
   at NUnit.Framework.Internal.Commands.SetUpTearDownItem.RunTearDown(TestExecutionContext context)]]></stack-trace>
                      </failure>
                    </test-case>
                    <test-case id="65-1015" name="Test_delete_promoted_before" fullname="Centazio.Providers.Sqlite.Tests.Stage.SqliteStagedEntityRepositoryTests.Test_delete_promoted_before" methodname="Test_delete_promoted_before" classname="Centazio.Test.Lib.BaseProviderTests.BaseStagedEntityRepositoryTests" runstate="Runnable" seed="595464599" result="Failed" label="Error" start-time="2024-10-27T22:06:16.4480645Z" end-time="2024-10-27T22:06:16.4487470Z" duration="0.000683" asserts="0">
                      <failure>
                        <message><![CDATA[System.MissingMethodException : Method not found: 'System.String System.String.Join(System.String, System.ReadOnlySpan`1<System.Object>)'.
TearDown : System.NullReferenceException : Object reference not set to an instance of an object.]]></message>
                        <stack-trace><![CDATA[   at Microsoft.Extensions.DependencyInjection.ServiceLookup.CallSiteFactory.CreateConstructorCallSite(ResultCache lifetime, ServiceIdentifier serviceIdentifier, Type implementationType, CallSiteChain callSiteChain)
   at Microsoft.Extensions.DependencyInjection.ServiceLookup.CallSiteFactory.TryCreateExact(ServiceDescriptor descriptor, ServiceIdentifier serviceIdentifier, CallSiteChain callSiteChain, Int32 slot)
   at Microsoft.Extensions.DependencyInjection.ServiceLookup.CallSiteFactory.TryCreateExact(ServiceIdentifier serviceIdentifier, CallSiteChain callSiteChain)
   at Microsoft.Extensions.DependencyInjection.ServiceLookup.CallSiteFactory.CreateCallSite(ServiceIdentifier serviceIdentifier, CallSiteChain callSiteChain)
   at Microsoft.Extensions.DependencyInjection.ServiceLookup.CallSiteFactory.GetCallSite(ServiceIdentifier serviceIdentifier, CallSiteChain callSiteChain)
   at Microsoft.Extensions.DependencyInjection.ServiceProvider.CreateServiceAccessor(ServiceIdentifier serviceIdentifier)
   at System.Collections.Concurrent.ConcurrentDictionary`2.GetOrAdd(TKey key, Func`2 valueFactory)
   at Microsoft.Extensions.DependencyInjection.ServiceProvider.GetService(ServiceIdentifier serviceIdentifier, ServiceProviderEngineScope serviceProviderEngineScope)
   at Microsoft.Extensions.DependencyInjection.ServiceProvider.GetService(Type serviceType)
   at Microsoft.Extensions.DependencyInjection.ServiceProviderServiceExtensions.GetRequiredService(IServiceProvider provider, Type serviceType)
   at Microsoft.Extensions.DependencyInjection.ServiceProviderServiceExtensions.GetRequiredService[T](IServiceProvider provider)
   at Microsoft.EntityFrameworkCore.DbContext..ctor(DbContextOptions options)
   at Microsoft.EntityFrameworkCore.DbContext..ctor()
   at Centazio.Providers.EF.CentazioDbContext..ctor()
   at Centazio.Providers.EF.AbstractStagedEntityRepositoryDbContext..ctor(String schema, String table) in C:\dev\projects\internal_projects\centazio3\src\Centazio.Providers\Centazio.Providers.EF\AbstractStagedEntityRepositoryDbContext.cs:line 7
   at Centazio.Providers.Sqlite.Stage.SqliteStagedEntityContext..ctor() in C:\dev\projects\internal_projects\centazio3\src\Centazio.Providers\Centazio.Providers.Sqlite\Stage\SqliteStagedEntityContext.cs:line 7
   at Centazio.Providers.Sqlite.Tests.Stage.SqliteStagedEntityRepositoryTests.<>c.<GetRepository>b__0_0() in C:\dev\projects\internal_projects\centazio3\tests\Centazio.Providers.Sqlite.Tests\Stage\SqliteStagedEntityRepositoryTests.cs:line 11
   at Centazio.Providers.EF.EFCoreStagedEntityRepository.Initialise() in C:\dev\projects\internal_projects\centazio3\src\Centazio.Providers\Centazio.Providers.EF\EFCoreStagedEntityRepository.cs:line 58
   at Centazio.Providers.Sqlite.Tests.Stage.SqliteStagedEntityRepositoryTests.GetRepository(Int32 limit, Func`2 checksum) in C:\dev\projects\internal_projects\centazio3\tests\Centazio.Providers.Sqlite.Tests\Stage\SqliteStagedEntityRepositoryTests.cs:line 11
   at Centazio.Test.Lib.BaseProviderTests.BaseStagedEntityRepositoryTests.SetUp() in C:\dev\projects\internal_projects\centazio3\src\Centazio.Test.Lib\BaseProviderTests\BaseStagedEntityRepositoryTests.cs:line 20
   at NUnit.Framework.Internal.TaskAwaitAdapter.GenericAdapter`1.GetResult()
   at NUnit.Framework.Internal.AsyncToSyncAdapter.Await[TResult](Func`1 invoke)
   at NUnit.Framework.Internal.AsyncToSyncAdapter.Await(Func`1 invoke)
   at NUnit.Framework.Internal.Commands.SetUpTearDownItem.RunSetUpOrTearDownMethod(TestExecutionContext context, IMethodInfo method)
   at NUnit.Framework.Internal.Commands.SetUpTearDownItem.RunSetUp(TestExecutionContext context)
   at NUnit.Framework.Internal.Commands.BeforeAndAfterTestCommand.<>c__DisplayClass1_0.<Execute>b__0()
   at NUnit.Framework.Internal.Commands.DelegatingTestCommand.RunTestMethodInThreadAbortSafeZone(TestExecutionContext context, Action action)
--TearDown
   at Centazio.Test.Lib.BaseProviderTests.BaseStagedEntityRepositoryTests.TearDown() in C:\dev\projects\internal_projects\centazio3\src\Centazio.Test.Lib\BaseProviderTests\BaseStagedEntityRepositoryTests.cs:line 24
   at NUnit.Framework.Internal.TaskAwaitAdapter.GenericAdapter`1.GetResult()
   at NUnit.Framework.Internal.AsyncToSyncAdapter.Await[TResult](Func`1 invoke)
   at NUnit.Framework.Internal.AsyncToSyncAdapter.Await(Func`1 invoke)
   at NUnit.Framework.Internal.Commands.SetUpTearDownItem.RunSetUpOrTearDownMethod(TestExecutionContext context, IMethodInfo method)
   at NUnit.Framework.Internal.Commands.SetUpTearDownItem.RunTearDown(TestExecutionContext context)]]></stack-trace>
                      </failure>
                    </test-case>
                    <test-case id="65-1013" name="Test_delete_staged_before" fullname="Centazio.Providers.Sqlite.Tests.Stage.SqliteStagedEntityRepositoryTests.Test_delete_staged_before" methodname="Test_delete_staged_before" classname="Centazio.Test.Lib.BaseProviderTests.BaseStagedEntityRepositoryTests" runstate="Runnable" seed="881517627" result="Failed" label="Error" start-time="2024-10-27T22:06:16.4487637Z" end-time="2024-10-27T22:06:16.4492769Z" duration="0.000513" asserts="0">
                      <failure>
                        <message><![CDATA[System.MissingMethodException : Method not found: 'System.String System.String.Join(System.String, System.ReadOnlySpan`1<System.Object>)'.
TearDown : System.NullReferenceException : Object reference not set to an instance of an object.]]></message>
                        <stack-trace><![CDATA[   at Microsoft.Extensions.DependencyInjection.ServiceLookup.CallSiteFactory.CreateConstructorCallSite(ResultCache lifetime, ServiceIdentifier serviceIdentifier, Type implementationType, CallSiteChain callSiteChain)
   at Microsoft.Extensions.DependencyInjection.ServiceLookup.CallSiteFactory.TryCreateExact(ServiceDescriptor descriptor, ServiceIdentifier serviceIdentifier, CallSiteChain callSiteChain, Int32 slot)
   at Microsoft.Extensions.DependencyInjection.ServiceLookup.CallSiteFactory.TryCreateExact(ServiceIdentifier serviceIdentifier, CallSiteChain callSiteChain)
   at Microsoft.Extensions.DependencyInjection.ServiceLookup.CallSiteFactory.CreateCallSite(ServiceIdentifier serviceIdentifier, CallSiteChain callSiteChain)
   at Microsoft.Extensions.DependencyInjection.ServiceLookup.CallSiteFactory.GetCallSite(ServiceIdentifier serviceIdentifier, CallSiteChain callSiteChain)
   at Microsoft.Extensions.DependencyInjection.ServiceProvider.CreateServiceAccessor(ServiceIdentifier serviceIdentifier)
   at System.Collections.Concurrent.ConcurrentDictionary`2.GetOrAdd(TKey key, Func`2 valueFactory)
   at Microsoft.Extensions.DependencyInjection.ServiceProvider.GetService(ServiceIdentifier serviceIdentifier, ServiceProviderEngineScope serviceProviderEngineScope)
   at Microsoft.Extensions.DependencyInjection.ServiceProvider.GetService(Type serviceType)
   at Microsoft.Extensions.DependencyInjection.ServiceProviderServiceExtensions.GetRequiredService(IServiceProvider provider, Type serviceType)
   at Microsoft.Extensions.DependencyInjection.ServiceProviderServiceExtensions.GetRequiredService[T](IServiceProvider provider)
   at Microsoft.EntityFrameworkCore.DbContext..ctor(DbContextOptions options)
   at Microsoft.EntityFrameworkCore.DbContext..ctor()
   at Centazio.Providers.EF.CentazioDbContext..ctor()
   at Centazio.Providers.EF.AbstractStagedEntityRepositoryDbContext..ctor(String schema, String table) in C:\dev\projects\internal_projects\centazio3\src\Centazio.Providers\Centazio.Providers.EF\AbstractStagedEntityRepositoryDbContext.cs:line 7
   at Centazio.Providers.Sqlite.Stage.SqliteStagedEntityContext..ctor() in C:\dev\projects\internal_projects\centazio3\src\Centazio.Providers\Centazio.Providers.Sqlite\Stage\SqliteStagedEntityContext.cs:line 7
   at Centazio.Providers.Sqlite.Tests.Stage.SqliteStagedEntityRepositoryTests.<>c.<GetRepository>b__0_0() in C:\dev\projects\internal_projects\centazio3\tests\Centazio.Providers.Sqlite.Tests\Stage\SqliteStagedEntityRepositoryTests.cs:line 11
   at Centazio.Providers.EF.EFCoreStagedEntityRepository.Initialise() in C:\dev\projects\internal_projects\centazio3\src\Centazio.Providers\Centazio.Providers.EF\EFCoreStagedEntityRepository.cs:line 58
   at Centazio.Providers.Sqlite.Tests.Stage.SqliteStagedEntityRepositoryTests.GetRepository(Int32 limit, Func`2 checksum) in C:\dev\projects\internal_projects\centazio3\tests\Centazio.Providers.Sqlite.Tests\Stage\SqliteStagedEntityRepositoryTests.cs:line 11
   at Centazio.Test.Lib.BaseProviderTests.BaseStagedEntityRepositoryTests.SetUp() in C:\dev\projects\internal_projects\centazio3\src\Centazio.Test.Lib\BaseProviderTests\BaseStagedEntityRepositoryTests.cs:line 20
   at NUnit.Framework.Internal.TaskAwaitAdapter.GenericAdapter`1.GetResult()
   at NUnit.Framework.Internal.AsyncToSyncAdapter.Await[TResult](Func`1 invoke)
   at NUnit.Framework.Internal.AsyncToSyncAdapter.Await(Func`1 invoke)
   at NUnit.Framework.Internal.Commands.SetUpTearDownItem.RunSetUpOrTearDownMethod(TestExecutionContext context, IMethodInfo method)
   at NUnit.Framework.Internal.Commands.SetUpTearDownItem.RunSetUp(TestExecutionContext context)
   at NUnit.Framework.Internal.Commands.BeforeAndAfterTestCommand.<>c__DisplayClass1_0.<Execute>b__0()
   at NUnit.Framework.Internal.Commands.DelegatingTestCommand.RunTestMethodInThreadAbortSafeZone(TestExecutionContext context, Action action)
--TearDown
   at Centazio.Test.Lib.BaseProviderTests.BaseStagedEntityRepositoryTests.TearDown() in C:\dev\projects\internal_projects\centazio3\src\Centazio.Test.Lib\BaseProviderTests\BaseStagedEntityRepositoryTests.cs:line 24
   at NUnit.Framework.Internal.TaskAwaitAdapter.GenericAdapter`1.GetResult()
   at NUnit.Framework.Internal.AsyncToSyncAdapter.Await[TResult](Func`1 invoke)
   at NUnit.Framework.Internal.AsyncToSyncAdapter.Await(Func`1 invoke)
   at NUnit.Framework.Internal.Commands.SetUpTearDownItem.RunSetUpOrTearDownMethod(TestExecutionContext context, IMethodInfo method)
   at NUnit.Framework.Internal.Commands.SetUpTearDownItem.RunTearDown(TestExecutionContext context)]]></stack-trace>
                      </failure>
                    </test-case>
                    <test-case id="65-1009" name="Test_get_returns_expected" fullname="Centazio.Providers.Sqlite.Tests.Stage.SqliteStagedEntityRepositoryTests.Test_get_returns_expected" methodname="Test_get_returns_expected" classname="Centazio.Test.Lib.BaseProviderTests.BaseStagedEntityRepositoryTests" runstate="Runnable" seed="1490809506" result="Failed" label="Error" start-time="2024-10-27T22:06:16.4492942Z" end-time="2024-10-27T22:06:16.4497950Z" duration="0.000501" asserts="0">
                      <failure>
                        <message><![CDATA[System.MissingMethodException : Method not found: 'System.String System.String.Join(System.String, System.ReadOnlySpan`1<System.Object>)'.
TearDown : System.NullReferenceException : Object reference not set to an instance of an object.]]></message>
                        <stack-trace><![CDATA[   at Microsoft.Extensions.DependencyInjection.ServiceLookup.CallSiteFactory.CreateConstructorCallSite(ResultCache lifetime, ServiceIdentifier serviceIdentifier, Type implementationType, CallSiteChain callSiteChain)
   at Microsoft.Extensions.DependencyInjection.ServiceLookup.CallSiteFactory.TryCreateExact(ServiceDescriptor descriptor, ServiceIdentifier serviceIdentifier, CallSiteChain callSiteChain, Int32 slot)
   at Microsoft.Extensions.DependencyInjection.ServiceLookup.CallSiteFactory.TryCreateExact(ServiceIdentifier serviceIdentifier, CallSiteChain callSiteChain)
   at Microsoft.Extensions.DependencyInjection.ServiceLookup.CallSiteFactory.CreateCallSite(ServiceIdentifier serviceIdentifier, CallSiteChain callSiteChain)
   at Microsoft.Extensions.DependencyInjection.ServiceLookup.CallSiteFactory.GetCallSite(ServiceIdentifier serviceIdentifier, CallSiteChain callSiteChain)
   at Microsoft.Extensions.DependencyInjection.ServiceProvider.CreateServiceAccessor(ServiceIdentifier serviceIdentifier)
   at System.Collections.Concurrent.ConcurrentDictionary`2.GetOrAdd(TKey key, Func`2 valueFactory)
   at Microsoft.Extensions.DependencyInjection.ServiceProvider.GetService(ServiceIdentifier serviceIdentifier, ServiceProviderEngineScope serviceProviderEngineScope)
   at Microsoft.Extensions.DependencyInjection.ServiceProvider.GetService(Type serviceType)
   at Microsoft.Extensions.DependencyInjection.ServiceProviderServiceExtensions.GetRequiredService(IServiceProvider provider, Type serviceType)
   at Microsoft.Extensions.DependencyInjection.ServiceProviderServiceExtensions.GetRequiredService[T](IServiceProvider provider)
   at Microsoft.EntityFrameworkCore.DbContext..ctor(DbContextOptions options)
   at Microsoft.EntityFrameworkCore.DbContext..ctor()
   at Centazio.Providers.EF.CentazioDbContext..ctor()
   at Centazio.Providers.EF.AbstractStagedEntityRepositoryDbContext..ctor(String schema, String table) in C:\dev\projects\internal_projects\centazio3\src\Centazio.Providers\Centazio.Providers.EF\AbstractStagedEntityRepositoryDbContext.cs:line 7
   at Centazio.Providers.Sqlite.Stage.SqliteStagedEntityContext..ctor() in C:\dev\projects\internal_projects\centazio3\src\Centazio.Providers\Centazio.Providers.Sqlite\Stage\SqliteStagedEntityContext.cs:line 7
   at Centazio.Providers.Sqlite.Tests.Stage.SqliteStagedEntityRepositoryTests.<>c.<GetRepository>b__0_0() in C:\dev\projects\internal_projects\centazio3\tests\Centazio.Providers.Sqlite.Tests\Stage\SqliteStagedEntityRepositoryTests.cs:line 11
   at Centazio.Providers.EF.EFCoreStagedEntityRepository.Initialise() in C:\dev\projects\internal_projects\centazio3\src\Centazio.Providers\Centazio.Providers.EF\EFCoreStagedEntityRepository.cs:line 58
   at Centazio.Providers.Sqlite.Tests.Stage.SqliteStagedEntityRepositoryTests.GetRepository(Int32 limit, Func`2 checksum) in C:\dev\projects\internal_projects\centazio3\tests\Centazio.Providers.Sqlite.Tests\Stage\SqliteStagedEntityRepositoryTests.cs:line 11
   at Centazio.Test.Lib.BaseProviderTests.BaseStagedEntityRepositoryTests.SetUp() in C:\dev\projects\internal_projects\centazio3\src\Centazio.Test.Lib\BaseProviderTests\BaseStagedEntityRepositoryTests.cs:line 20
   at NUnit.Framework.Internal.TaskAwaitAdapter.GenericAdapter`1.GetResult()
   at NUnit.Framework.Internal.AsyncToSyncAdapter.Await[TResult](Func`1 invoke)
   at NUnit.Framework.Internal.AsyncToSyncAdapter.Await(Func`1 invoke)
   at NUnit.Framework.Internal.Commands.SetUpTearDownItem.RunSetUpOrTearDownMethod(TestExecutionContext context, IMethodInfo method)
   at NUnit.Framework.Internal.Commands.SetUpTearDownItem.RunSetUp(TestExecutionContext context)
   at NUnit.Framework.Internal.Commands.BeforeAndAfterTestCommand.<>c__DisplayClass1_0.<Execute>b__0()
   at NUnit.Framework.Internal.Commands.DelegatingTestCommand.RunTestMethodInThreadAbortSafeZone(TestExecutionContext context, Action action)
--TearDown
   at Centazio.Test.Lib.BaseProviderTests.BaseStagedEntityRepositoryTests.TearDown() in C:\dev\projects\internal_projects\centazio3\src\Centazio.Test.Lib\BaseProviderTests\BaseStagedEntityRepositoryTests.cs:line 24
   at NUnit.Framework.Internal.TaskAwaitAdapter.GenericAdapter`1.GetResult()
   at NUnit.Framework.Internal.AsyncToSyncAdapter.Await[TResult](Func`1 invoke)
   at NUnit.Framework.Internal.AsyncToSyncAdapter.Await(Func`1 invoke)
   at NUnit.Framework.Internal.Commands.SetUpTearDownItem.RunSetUpOrTearDownMethod(TestExecutionContext context, IMethodInfo method)
   at NUnit.Framework.Internal.Commands.SetUpTearDownItem.RunTearDown(TestExecutionContext context)]]></stack-trace>
                      </failure>
                    </test-case>
                    <test-case id="65-1011" name="Test_get_returns_expected_with_ignores" fullname="Centazio.Providers.Sqlite.Tests.Stage.SqliteStagedEntityRepositoryTests.Test_get_returns_expected_with_ignores" methodname="Test_get_returns_expected_with_ignores" classname="Centazio.Test.Lib.BaseProviderTests.BaseStagedEntityRepositoryTests" runstate="Runnable" seed="666065524" result="Failed" label="Error" start-time="2024-10-27T22:06:16.4498108Z" end-time="2024-10-27T22:06:16.4503833Z" duration="0.000573" asserts="0">
                      <failure>
                        <message><![CDATA[System.MissingMethodException : Method not found: 'System.String System.String.Join(System.String, System.ReadOnlySpan`1<System.Object>)'.
TearDown : System.NullReferenceException : Object reference not set to an instance of an object.]]></message>
                        <stack-trace><![CDATA[   at Microsoft.Extensions.DependencyInjection.ServiceLookup.CallSiteFactory.CreateConstructorCallSite(ResultCache lifetime, ServiceIdentifier serviceIdentifier, Type implementationType, CallSiteChain callSiteChain)
   at Microsoft.Extensions.DependencyInjection.ServiceLookup.CallSiteFactory.TryCreateExact(ServiceDescriptor descriptor, ServiceIdentifier serviceIdentifier, CallSiteChain callSiteChain, Int32 slot)
   at Microsoft.Extensions.DependencyInjection.ServiceLookup.CallSiteFactory.TryCreateExact(ServiceIdentifier serviceIdentifier, CallSiteChain callSiteChain)
   at Microsoft.Extensions.DependencyInjection.ServiceLookup.CallSiteFactory.CreateCallSite(ServiceIdentifier serviceIdentifier, CallSiteChain callSiteChain)
   at Microsoft.Extensions.DependencyInjection.ServiceLookup.CallSiteFactory.GetCallSite(ServiceIdentifier serviceIdentifier, CallSiteChain callSiteChain)
   at Microsoft.Extensions.DependencyInjection.ServiceProvider.CreateServiceAccessor(ServiceIdentifier serviceIdentifier)
   at System.Collections.Concurrent.ConcurrentDictionary`2.GetOrAdd(TKey key, Func`2 valueFactory)
   at Microsoft.Extensions.DependencyInjection.ServiceProvider.GetService(ServiceIdentifier serviceIdentifier, ServiceProviderEngineScope serviceProviderEngineScope)
   at Microsoft.Extensions.DependencyInjection.ServiceProvider.GetService(Type serviceType)
   at Microsoft.Extensions.DependencyInjection.ServiceProviderServiceExtensions.GetRequiredService(IServiceProvider provider, Type serviceType)
   at Microsoft.Extensions.DependencyInjection.ServiceProviderServiceExtensions.GetRequiredService[T](IServiceProvider provider)
   at Microsoft.EntityFrameworkCore.DbContext..ctor(DbContextOptions options)
   at Microsoft.EntityFrameworkCore.DbContext..ctor()
   at Centazio.Providers.EF.CentazioDbContext..ctor()
   at Centazio.Providers.EF.AbstractStagedEntityRepositoryDbContext..ctor(String schema, String table) in C:\dev\projects\internal_projects\centazio3\src\Centazio.Providers\Centazio.Providers.EF\AbstractStagedEntityRepositoryDbContext.cs:line 7
   at Centazio.Providers.Sqlite.Stage.SqliteStagedEntityContext..ctor() in C:\dev\projects\internal_projects\centazio3\src\Centazio.Providers\Centazio.Providers.Sqlite\Stage\SqliteStagedEntityContext.cs:line 7
   at Centazio.Providers.Sqlite.Tests.Stage.SqliteStagedEntityRepositoryTests.<>c.<GetRepository>b__0_0() in C:\dev\projects\internal_projects\centazio3\tests\Centazio.Providers.Sqlite.Tests\Stage\SqliteStagedEntityRepositoryTests.cs:line 11
   at Centazio.Providers.EF.EFCoreStagedEntityRepository.Initialise() in C:\dev\projects\internal_projects\centazio3\src\Centazio.Providers\Centazio.Providers.EF\EFCoreStagedEntityRepository.cs:line 58
   at Centazio.Providers.Sqlite.Tests.Stage.SqliteStagedEntityRepositoryTests.GetRepository(Int32 limit, Func`2 checksum) in C:\dev\projects\internal_projects\centazio3\tests\Centazio.Providers.Sqlite.Tests\Stage\SqliteStagedEntityRepositoryTests.cs:line 11
   at Centazio.Test.Lib.BaseProviderTests.BaseStagedEntityRepositoryTests.SetUp() in C:\dev\projects\internal_projects\centazio3\src\Centazio.Test.Lib\BaseProviderTests\BaseStagedEntityRepositoryTests.cs:line 20
   at NUnit.Framework.Internal.TaskAwaitAdapter.GenericAdapter`1.GetResult()
   at NUnit.Framework.Internal.AsyncToSyncAdapter.Await[TResult](Func`1 invoke)
   at NUnit.Framework.Internal.AsyncToSyncAdapter.Await(Func`1 invoke)
   at NUnit.Framework.Internal.Commands.SetUpTearDownItem.RunSetUpOrTearDownMethod(TestExecutionContext context, IMethodInfo method)
   at NUnit.Framework.Internal.Commands.SetUpTearDownItem.RunSetUp(TestExecutionContext context)
   at NUnit.Framework.Internal.Commands.BeforeAndAfterTestCommand.<>c__DisplayClass1_0.<Execute>b__0()
   at NUnit.Framework.Internal.Commands.DelegatingTestCommand.RunTestMethodInThreadAbortSafeZone(TestExecutionContext context, Action action)
--TearDown
   at Centazio.Test.Lib.BaseProviderTests.BaseStagedEntityRepositoryTests.TearDown() in C:\dev\projects\internal_projects\centazio3\src\Centazio.Test.Lib\BaseProviderTests\BaseStagedEntityRepositoryTests.cs:line 24
   at NUnit.Framework.Internal.TaskAwaitAdapter.GenericAdapter`1.GetResult()
   at NUnit.Framework.Internal.AsyncToSyncAdapter.Await[TResult](Func`1 invoke)
   at NUnit.Framework.Internal.AsyncToSyncAdapter.Await(Func`1 invoke)
   at NUnit.Framework.Internal.Commands.SetUpTearDownItem.RunSetUpOrTearDownMethod(TestExecutionContext context, IMethodInfo method)
   at NUnit.Framework.Internal.Commands.SetUpTearDownItem.RunTearDown(TestExecutionContext context)]]></stack-trace>
                      </failure>
                    </test-case>
                    <test-case id="65-1005" name="Test_get_returns_in_sorted_order" fullname="Centazio.Providers.Sqlite.Tests.Stage.SqliteStagedEntityRepositoryTests.Test_get_returns_in_sorted_order" methodname="Test_get_returns_in_sorted_order" classname="Centazio.Test.Lib.BaseProviderTests.BaseStagedEntityRepositoryTests" runstate="Runnable" seed="1426415287" result="Failed" label="Error" start-time="2024-10-27T22:06:16.4503998Z" end-time="2024-10-27T22:06:16.4509051Z" duration="0.000505" asserts="0">
                      <failure>
                        <message><![CDATA[System.MissingMethodException : Method not found: 'System.String System.String.Join(System.String, System.ReadOnlySpan`1<System.Object>)'.
TearDown : System.NullReferenceException : Object reference not set to an instance of an object.]]></message>
                        <stack-trace><![CDATA[   at Microsoft.Extensions.DependencyInjection.ServiceLookup.CallSiteFactory.CreateConstructorCallSite(ResultCache lifetime, ServiceIdentifier serviceIdentifier, Type implementationType, CallSiteChain callSiteChain)
   at Microsoft.Extensions.DependencyInjection.ServiceLookup.CallSiteFactory.TryCreateExact(ServiceDescriptor descriptor, ServiceIdentifier serviceIdentifier, CallSiteChain callSiteChain, Int32 slot)
   at Microsoft.Extensions.DependencyInjection.ServiceLookup.CallSiteFactory.TryCreateExact(ServiceIdentifier serviceIdentifier, CallSiteChain callSiteChain)
   at Microsoft.Extensions.DependencyInjection.ServiceLookup.CallSiteFactory.CreateCallSite(ServiceIdentifier serviceIdentifier, CallSiteChain callSiteChain)
   at Microsoft.Extensions.DependencyInjection.ServiceLookup.CallSiteFactory.GetCallSite(ServiceIdentifier serviceIdentifier, CallSiteChain callSiteChain)
   at Microsoft.Extensions.DependencyInjection.ServiceProvider.CreateServiceAccessor(ServiceIdentifier serviceIdentifier)
   at System.Collections.Concurrent.ConcurrentDictionary`2.GetOrAdd(TKey key, Func`2 valueFactory)
   at Microsoft.Extensions.DependencyInjection.ServiceProvider.GetService(ServiceIdentifier serviceIdentifier, ServiceProviderEngineScope serviceProviderEngineScope)
   at Microsoft.Extensions.DependencyInjection.ServiceProvider.GetService(Type serviceType)
   at Microsoft.Extensions.DependencyInjection.ServiceProviderServiceExtensions.GetRequiredService(IServiceProvider provider, Type serviceType)
   at Microsoft.Extensions.DependencyInjection.ServiceProviderServiceExtensions.GetRequiredService[T](IServiceProvider provider)
   at Microsoft.EntityFrameworkCore.DbContext..ctor(DbContextOptions options)
   at Microsoft.EntityFrameworkCore.DbContext..ctor()
   at Centazio.Providers.EF.CentazioDbContext..ctor()
   at Centazio.Providers.EF.AbstractStagedEntityRepositoryDbContext..ctor(String schema, String table) in C:\dev\projects\internal_projects\centazio3\src\Centazio.Providers\Centazio.Providers.EF\AbstractStagedEntityRepositoryDbContext.cs:line 7
   at Centazio.Providers.Sqlite.Stage.SqliteStagedEntityContext..ctor() in C:\dev\projects\internal_projects\centazio3\src\Centazio.Providers\Centazio.Providers.Sqlite\Stage\SqliteStagedEntityContext.cs:line 7
   at Centazio.Providers.Sqlite.Tests.Stage.SqliteStagedEntityRepositoryTests.<>c.<GetRepository>b__0_0() in C:\dev\projects\internal_projects\centazio3\tests\Centazio.Providers.Sqlite.Tests\Stage\SqliteStagedEntityRepositoryTests.cs:line 11
   at Centazio.Providers.EF.EFCoreStagedEntityRepository.Initialise() in C:\dev\projects\internal_projects\centazio3\src\Centazio.Providers\Centazio.Providers.EF\EFCoreStagedEntityRepository.cs:line 58
   at Centazio.Providers.Sqlite.Tests.Stage.SqliteStagedEntityRepositoryTests.GetRepository(Int32 limit, Func`2 checksum) in C:\dev\projects\internal_projects\centazio3\tests\Centazio.Providers.Sqlite.Tests\Stage\SqliteStagedEntityRepositoryTests.cs:line 11
   at Centazio.Test.Lib.BaseProviderTests.BaseStagedEntityRepositoryTests.SetUp() in C:\dev\projects\internal_projects\centazio3\src\Centazio.Test.Lib\BaseProviderTests\BaseStagedEntityRepositoryTests.cs:line 20
   at NUnit.Framework.Internal.TaskAwaitAdapter.GenericAdapter`1.GetResult()
   at NUnit.Framework.Internal.AsyncToSyncAdapter.Await[TResult](Func`1 invoke)
   at NUnit.Framework.Internal.AsyncToSyncAdapter.Await(Func`1 invoke)
   at NUnit.Framework.Internal.Commands.SetUpTearDownItem.RunSetUpOrTearDownMethod(TestExecutionContext context, IMethodInfo method)
   at NUnit.Framework.Internal.Commands.SetUpTearDownItem.RunSetUp(TestExecutionContext context)
   at NUnit.Framework.Internal.Commands.BeforeAndAfterTestCommand.<>c__DisplayClass1_0.<Execute>b__0()
   at NUnit.Framework.Internal.Commands.DelegatingTestCommand.RunTestMethodInThreadAbortSafeZone(TestExecutionContext context, Action action)
--TearDown
   at Centazio.Test.Lib.BaseProviderTests.BaseStagedEntityRepositoryTests.TearDown() in C:\dev\projects\internal_projects\centazio3\src\Centazio.Test.Lib\BaseProviderTests\BaseStagedEntityRepositoryTests.cs:line 24
   at NUnit.Framework.Internal.TaskAwaitAdapter.GenericAdapter`1.GetResult()
   at NUnit.Framework.Internal.AsyncToSyncAdapter.Await[TResult](Func`1 invoke)
   at NUnit.Framework.Internal.AsyncToSyncAdapter.Await(Func`1 invoke)
   at NUnit.Framework.Internal.Commands.SetUpTearDownItem.RunSetUpOrTearDownMethod(TestExecutionContext context, IMethodInfo method)
   at NUnit.Framework.Internal.Commands.SetUpTearDownItem.RunTearDown(TestExecutionContext context)]]></stack-trace>
                      </failure>
                    </test-case>
                    <test-case id="65-1006" name="Test_get_returns_in_sorted_order_with_limit" fullname="Centazio.Providers.Sqlite.Tests.Stage.SqliteStagedEntityRepositoryTests.Test_get_returns_in_sorted_order_with_limit" methodname="Test_get_returns_in_sorted_order_with_limit" classname="Centazio.Test.Lib.BaseProviderTests.BaseStagedEntityRepositoryTests" runstate="Runnable" seed="573842617" result="Failed" label="Error" start-time="2024-10-27T22:06:16.4509208Z" end-time="2024-10-27T22:06:16.4514202Z" duration="0.000500" asserts="0">
                      <failure>
                        <message><![CDATA[System.MissingMethodException : Method not found: 'System.String System.String.Join(System.String, System.ReadOnlySpan`1<System.Object>)'.
TearDown : System.NullReferenceException : Object reference not set to an instance of an object.]]></message>
                        <stack-trace><![CDATA[   at Microsoft.Extensions.DependencyInjection.ServiceLookup.CallSiteFactory.CreateConstructorCallSite(ResultCache lifetime, ServiceIdentifier serviceIdentifier, Type implementationType, CallSiteChain callSiteChain)
   at Microsoft.Extensions.DependencyInjection.ServiceLookup.CallSiteFactory.TryCreateExact(ServiceDescriptor descriptor, ServiceIdentifier serviceIdentifier, CallSiteChain callSiteChain, Int32 slot)
   at Microsoft.Extensions.DependencyInjection.ServiceLookup.CallSiteFactory.TryCreateExact(ServiceIdentifier serviceIdentifier, CallSiteChain callSiteChain)
   at Microsoft.Extensions.DependencyInjection.ServiceLookup.CallSiteFactory.CreateCallSite(ServiceIdentifier serviceIdentifier, CallSiteChain callSiteChain)
   at Microsoft.Extensions.DependencyInjection.ServiceLookup.CallSiteFactory.GetCallSite(ServiceIdentifier serviceIdentifier, CallSiteChain callSiteChain)
   at Microsoft.Extensions.DependencyInjection.ServiceProvider.CreateServiceAccessor(ServiceIdentifier serviceIdentifier)
   at System.Collections.Concurrent.ConcurrentDictionary`2.GetOrAdd(TKey key, Func`2 valueFactory)
   at Microsoft.Extensions.DependencyInjection.ServiceProvider.GetService(ServiceIdentifier serviceIdentifier, ServiceProviderEngineScope serviceProviderEngineScope)
   at Microsoft.Extensions.DependencyInjection.ServiceProvider.GetService(Type serviceType)
   at Microsoft.Extensions.DependencyInjection.ServiceProviderServiceExtensions.GetRequiredService(IServiceProvider provider, Type serviceType)
   at Microsoft.Extensions.DependencyInjection.ServiceProviderServiceExtensions.GetRequiredService[T](IServiceProvider provider)
   at Microsoft.EntityFrameworkCore.DbContext..ctor(DbContextOptions options)
   at Microsoft.EntityFrameworkCore.DbContext..ctor()
   at Centazio.Providers.EF.CentazioDbContext..ctor()
   at Centazio.Providers.EF.AbstractStagedEntityRepositoryDbContext..ctor(String schema, String table) in C:\dev\projects\internal_projects\centazio3\src\Centazio.Providers\Centazio.Providers.EF\AbstractStagedEntityRepositoryDbContext.cs:line 7
   at Centazio.Providers.Sqlite.Stage.SqliteStagedEntityContext..ctor() in C:\dev\projects\internal_projects\centazio3\src\Centazio.Providers\Centazio.Providers.Sqlite\Stage\SqliteStagedEntityContext.cs:line 7
   at Centazio.Providers.Sqlite.Tests.Stage.SqliteStagedEntityRepositoryTests.<>c.<GetRepository>b__0_0() in C:\dev\projects\internal_projects\centazio3\tests\Centazio.Providers.Sqlite.Tests\Stage\SqliteStagedEntityRepositoryTests.cs:line 11
   at Centazio.Providers.EF.EFCoreStagedEntityRepository.Initialise() in C:\dev\projects\internal_projects\centazio3\src\Centazio.Providers\Centazio.Providers.EF\EFCoreStagedEntityRepository.cs:line 58
   at Centazio.Providers.Sqlite.Tests.Stage.SqliteStagedEntityRepositoryTests.GetRepository(Int32 limit, Func`2 checksum) in C:\dev\projects\internal_projects\centazio3\tests\Centazio.Providers.Sqlite.Tests\Stage\SqliteStagedEntityRepositoryTests.cs:line 11
   at Centazio.Test.Lib.BaseProviderTests.BaseStagedEntityRepositoryTests.SetUp() in C:\dev\projects\internal_projects\centazio3\src\Centazio.Test.Lib\BaseProviderTests\BaseStagedEntityRepositoryTests.cs:line 20
   at NUnit.Framework.Internal.TaskAwaitAdapter.GenericAdapter`1.GetResult()
   at NUnit.Framework.Internal.AsyncToSyncAdapter.Await[TResult](Func`1 invoke)
   at NUnit.Framework.Internal.AsyncToSyncAdapter.Await(Func`1 invoke)
   at NUnit.Framework.Internal.Commands.SetUpTearDownItem.RunSetUpOrTearDownMethod(TestExecutionContext context, IMethodInfo method)
   at NUnit.Framework.Internal.Commands.SetUpTearDownItem.RunSetUp(TestExecutionContext context)
   at NUnit.Framework.Internal.Commands.BeforeAndAfterTestCommand.<>c__DisplayClass1_0.<Execute>b__0()
   at NUnit.Framework.Internal.Commands.DelegatingTestCommand.RunTestMethodInThreadAbortSafeZone(TestExecutionContext context, Action action)
--TearDown
   at Centazio.Test.Lib.BaseProviderTests.BaseStagedEntityRepositoryTests.TearDown() in C:\dev\projects\internal_projects\centazio3\src\Centazio.Test.Lib\BaseProviderTests\BaseStagedEntityRepositoryTests.cs:line 24
   at NUnit.Framework.Internal.TaskAwaitAdapter.GenericAdapter`1.GetResult()
   at NUnit.Framework.Internal.AsyncToSyncAdapter.Await[TResult](Func`1 invoke)
   at NUnit.Framework.Internal.AsyncToSyncAdapter.Await(Func`1 invoke)
   at NUnit.Framework.Internal.Commands.SetUpTearDownItem.RunSetUpOrTearDownMethod(TestExecutionContext context, IMethodInfo method)
   at NUnit.Framework.Internal.Commands.SetUpTearDownItem.RunTearDown(TestExecutionContext context)]]></stack-trace>
                      </failure>
                    </test-case>
                    <test-case id="65-1012" name="Test_get_returns_oldest_first_page_as_expected" fullname="Centazio.Providers.Sqlite.Tests.Stage.SqliteStagedEntityRepositoryTests.Test_get_returns_oldest_first_page_as_expected" methodname="Test_get_returns_oldest_first_page_as_expected" classname="Centazio.Test.Lib.BaseProviderTests.BaseStagedEntityRepositoryTests" runstate="Runnable" seed="656380281" result="Failed" label="Error" start-time="2024-10-27T22:06:16.4514399Z" end-time="2024-10-27T22:06:16.4519453Z" duration="0.000506" asserts="0">
                      <failure>
                        <message><![CDATA[System.MissingMethodException : Method not found: 'System.String System.String.Join(System.String, System.ReadOnlySpan`1<System.Object>)'.
TearDown : System.NullReferenceException : Object reference not set to an instance of an object.]]></message>
                        <stack-trace><![CDATA[   at Microsoft.Extensions.DependencyInjection.ServiceLookup.CallSiteFactory.CreateConstructorCallSite(ResultCache lifetime, ServiceIdentifier serviceIdentifier, Type implementationType, CallSiteChain callSiteChain)
   at Microsoft.Extensions.DependencyInjection.ServiceLookup.CallSiteFactory.TryCreateExact(ServiceDescriptor descriptor, ServiceIdentifier serviceIdentifier, CallSiteChain callSiteChain, Int32 slot)
   at Microsoft.Extensions.DependencyInjection.ServiceLookup.CallSiteFactory.TryCreateExact(ServiceIdentifier serviceIdentifier, CallSiteChain callSiteChain)
   at Microsoft.Extensions.DependencyInjection.ServiceLookup.CallSiteFactory.CreateCallSite(ServiceIdentifier serviceIdentifier, CallSiteChain callSiteChain)
   at Microsoft.Extensions.DependencyInjection.ServiceLookup.CallSiteFactory.GetCallSite(ServiceIdentifier serviceIdentifier, CallSiteChain callSiteChain)
   at Microsoft.Extensions.DependencyInjection.ServiceProvider.CreateServiceAccessor(ServiceIdentifier serviceIdentifier)
   at System.Collections.Concurrent.ConcurrentDictionary`2.GetOrAdd(TKey key, Func`2 valueFactory)
   at Microsoft.Extensions.DependencyInjection.ServiceProvider.GetService(ServiceIdentifier serviceIdentifier, ServiceProviderEngineScope serviceProviderEngineScope)
   at Microsoft.Extensions.DependencyInjection.ServiceProvider.GetService(Type serviceType)
   at Microsoft.Extensions.DependencyInjection.ServiceProviderServiceExtensions.GetRequiredService(IServiceProvider provider, Type serviceType)
   at Microsoft.Extensions.DependencyInjection.ServiceProviderServiceExtensions.GetRequiredService[T](IServiceProvider provider)
   at Microsoft.EntityFrameworkCore.DbContext..ctor(DbContextOptions options)
   at Microsoft.EntityFrameworkCore.DbContext..ctor()
   at Centazio.Providers.EF.CentazioDbContext..ctor()
   at Centazio.Providers.EF.AbstractStagedEntityRepositoryDbContext..ctor(String schema, String table) in C:\dev\projects\internal_projects\centazio3\src\Centazio.Providers\Centazio.Providers.EF\AbstractStagedEntityRepositoryDbContext.cs:line 7
   at Centazio.Providers.Sqlite.Stage.SqliteStagedEntityContext..ctor() in C:\dev\projects\internal_projects\centazio3\src\Centazio.Providers\Centazio.Providers.Sqlite\Stage\SqliteStagedEntityContext.cs:line 7
   at Centazio.Providers.Sqlite.Tests.Stage.SqliteStagedEntityRepositoryTests.<>c.<GetRepository>b__0_0() in C:\dev\projects\internal_projects\centazio3\tests\Centazio.Providers.Sqlite.Tests\Stage\SqliteStagedEntityRepositoryTests.cs:line 11
   at Centazio.Providers.EF.EFCoreStagedEntityRepository.Initialise() in C:\dev\projects\internal_projects\centazio3\src\Centazio.Providers\Centazio.Providers.EF\EFCoreStagedEntityRepository.cs:line 58
   at Centazio.Providers.Sqlite.Tests.Stage.SqliteStagedEntityRepositoryTests.GetRepository(Int32 limit, Func`2 checksum) in C:\dev\projects\internal_projects\centazio3\tests\Centazio.Providers.Sqlite.Tests\Stage\SqliteStagedEntityRepositoryTests.cs:line 11
   at Centazio.Test.Lib.BaseProviderTests.BaseStagedEntityRepositoryTests.SetUp() in C:\dev\projects\internal_projects\centazio3\src\Centazio.Test.Lib\BaseProviderTests\BaseStagedEntityRepositoryTests.cs:line 20
   at NUnit.Framework.Internal.TaskAwaitAdapter.GenericAdapter`1.GetResult()
   at NUnit.Framework.Internal.AsyncToSyncAdapter.Await[TResult](Func`1 invoke)
   at NUnit.Framework.Internal.AsyncToSyncAdapter.Await(Func`1 invoke)
   at NUnit.Framework.Internal.Commands.SetUpTearDownItem.RunSetUpOrTearDownMethod(TestExecutionContext context, IMethodInfo method)
   at NUnit.Framework.Internal.Commands.SetUpTearDownItem.RunSetUp(TestExecutionContext context)
   at NUnit.Framework.Internal.Commands.BeforeAndAfterTestCommand.<>c__DisplayClass1_0.<Execute>b__0()
   at NUnit.Framework.Internal.Commands.DelegatingTestCommand.RunTestMethodInThreadAbortSafeZone(TestExecutionContext context, Action action)
--TearDown
   at Centazio.Test.Lib.BaseProviderTests.BaseStagedEntityRepositoryTests.TearDown() in C:\dev\projects\internal_projects\centazio3\src\Centazio.Test.Lib\BaseProviderTests\BaseStagedEntityRepositoryTests.cs:line 24
   at NUnit.Framework.Internal.TaskAwaitAdapter.GenericAdapter`1.GetResult()
   at NUnit.Framework.Internal.AsyncToSyncAdapter.Await[TResult](Func`1 invoke)
   at NUnit.Framework.Internal.AsyncToSyncAdapter.Await(Func`1 invoke)
   at NUnit.Framework.Internal.Commands.SetUpTearDownItem.RunSetUpOrTearDownMethod(TestExecutionContext context, IMethodInfo method)
   at NUnit.Framework.Internal.Commands.SetUpTearDownItem.RunTearDown(TestExecutionContext context)]]></stack-trace>
                      </failure>
                    </test-case>
                    <test-case id="65-1018" name="Test_GetAll_GetUnpromoted_respect_DatePromoted_state" fullname="Centazio.Providers.Sqlite.Tests.Stage.SqliteStagedEntityRepositoryTests.Test_GetAll_GetUnpromoted_respect_DatePromoted_state" methodname="Test_GetAll_GetUnpromoted_respect_DatePromoted_state" classname="Centazio.Test.Lib.BaseProviderTests.BaseStagedEntityRepositoryTests" runstate="Runnable" seed="987337651" result="Failed" label="Error" start-time="2024-10-27T22:06:16.4519612Z" end-time="2024-10-27T22:06:16.4524596Z" duration="0.000499" asserts="0">
                      <failure>
                        <message><![CDATA[System.MissingMethodException : Method not found: 'System.String System.String.Join(System.String, System.ReadOnlySpan`1<System.Object>)'.
TearDown : System.NullReferenceException : Object reference not set to an instance of an object.]]></message>
                        <stack-trace><![CDATA[   at Microsoft.Extensions.DependencyInjection.ServiceLookup.CallSiteFactory.CreateConstructorCallSite(ResultCache lifetime, ServiceIdentifier serviceIdentifier, Type implementationType, CallSiteChain callSiteChain)
   at Microsoft.Extensions.DependencyInjection.ServiceLookup.CallSiteFactory.TryCreateExact(ServiceDescriptor descriptor, ServiceIdentifier serviceIdentifier, CallSiteChain callSiteChain, Int32 slot)
   at Microsoft.Extensions.DependencyInjection.ServiceLookup.CallSiteFactory.TryCreateExact(ServiceIdentifier serviceIdentifier, CallSiteChain callSiteChain)
   at Microsoft.Extensions.DependencyInjection.ServiceLookup.CallSiteFactory.CreateCallSite(ServiceIdentifier serviceIdentifier, CallSiteChain callSiteChain)
   at Microsoft.Extensions.DependencyInjection.ServiceLookup.CallSiteFactory.GetCallSite(ServiceIdentifier serviceIdentifier, CallSiteChain callSiteChain)
   at Microsoft.Extensions.DependencyInjection.ServiceProvider.CreateServiceAccessor(ServiceIdentifier serviceIdentifier)
   at System.Collections.Concurrent.ConcurrentDictionary`2.GetOrAdd(TKey key, Func`2 valueFactory)
   at Microsoft.Extensions.DependencyInjection.ServiceProvider.GetService(ServiceIdentifier serviceIdentifier, ServiceProviderEngineScope serviceProviderEngineScope)
   at Microsoft.Extensions.DependencyInjection.ServiceProvider.GetService(Type serviceType)
   at Microsoft.Extensions.DependencyInjection.ServiceProviderServiceExtensions.GetRequiredService(IServiceProvider provider, Type serviceType)
   at Microsoft.Extensions.DependencyInjection.ServiceProviderServiceExtensions.GetRequiredService[T](IServiceProvider provider)
   at Microsoft.EntityFrameworkCore.DbContext..ctor(DbContextOptions options)
   at Microsoft.EntityFrameworkCore.DbContext..ctor()
   at Centazio.Providers.EF.CentazioDbContext..ctor()
   at Centazio.Providers.EF.AbstractStagedEntityRepositoryDbContext..ctor(String schema, String table) in C:\dev\projects\internal_projects\centazio3\src\Centazio.Providers\Centazio.Providers.EF\AbstractStagedEntityRepositoryDbContext.cs:line 7
   at Centazio.Providers.Sqlite.Stage.SqliteStagedEntityContext..ctor() in C:\dev\projects\internal_projects\centazio3\src\Centazio.Providers\Centazio.Providers.Sqlite\Stage\SqliteStagedEntityContext.cs:line 7
   at Centazio.Providers.Sqlite.Tests.Stage.SqliteStagedEntityRepositoryTests.<>c.<GetRepository>b__0_0() in C:\dev\projects\internal_projects\centazio3\tests\Centazio.Providers.Sqlite.Tests\Stage\SqliteStagedEntityRepositoryTests.cs:line 11
   at Centazio.Providers.EF.EFCoreStagedEntityRepository.Initialise() in C:\dev\projects\internal_projects\centazio3\src\Centazio.Providers\Centazio.Providers.EF\EFCoreStagedEntityRepository.cs:line 58
   at Centazio.Providers.Sqlite.Tests.Stage.SqliteStagedEntityRepositoryTests.GetRepository(Int32 limit, Func`2 checksum) in C:\dev\projects\internal_projects\centazio3\tests\Centazio.Providers.Sqlite.Tests\Stage\SqliteStagedEntityRepositoryTests.cs:line 11
   at Centazio.Test.Lib.BaseProviderTests.BaseStagedEntityRepositoryTests.SetUp() in C:\dev\projects\internal_projects\centazio3\src\Centazio.Test.Lib\BaseProviderTests\BaseStagedEntityRepositoryTests.cs:line 20
   at NUnit.Framework.Internal.TaskAwaitAdapter.GenericAdapter`1.GetResult()
   at NUnit.Framework.Internal.AsyncToSyncAdapter.Await[TResult](Func`1 invoke)
   at NUnit.Framework.Internal.AsyncToSyncAdapter.Await(Func`1 invoke)
   at NUnit.Framework.Internal.Commands.SetUpTearDownItem.RunSetUpOrTearDownMethod(TestExecutionContext context, IMethodInfo method)
   at NUnit.Framework.Internal.Commands.SetUpTearDownItem.RunSetUp(TestExecutionContext context)
   at NUnit.Framework.Internal.Commands.BeforeAndAfterTestCommand.<>c__DisplayClass1_0.<Execute>b__0()
   at NUnit.Framework.Internal.Commands.DelegatingTestCommand.RunTestMethodInThreadAbortSafeZone(TestExecutionContext context, Action action)
--TearDown
   at Centazio.Test.Lib.BaseProviderTests.BaseStagedEntityRepositoryTests.TearDown() in C:\dev\projects\internal_projects\centazio3\src\Centazio.Test.Lib\BaseProviderTests\BaseStagedEntityRepositoryTests.cs:line 24
   at NUnit.Framework.Internal.TaskAwaitAdapter.GenericAdapter`1.GetResult()
   at NUnit.Framework.Internal.AsyncToSyncAdapter.Await[TResult](Func`1 invoke)
   at NUnit.Framework.Internal.AsyncToSyncAdapter.Await(Func`1 invoke)
   at NUnit.Framework.Internal.Commands.SetUpTearDownItem.RunSetUpOrTearDownMethod(TestExecutionContext context, IMethodInfo method)
   at NUnit.Framework.Internal.Commands.SetUpTearDownItem.RunTearDown(TestExecutionContext context)]]></stack-trace>
                      </failure>
                    </test-case>
                    <test-case id="65-1004" name="Test_saving_multiple_entities" fullname="Centazio.Providers.Sqlite.Tests.Stage.SqliteStagedEntityRepositoryTests.Test_saving_multiple_entities" methodname="Test_saving_multiple_entities" classname="Centazio.Test.Lib.BaseProviderTests.BaseStagedEntityRepositoryTests" runstate="Runnable" seed="801544117" result="Failed" label="Error" start-time="2024-10-27T22:06:16.4524755Z" end-time="2024-10-27T22:06:16.4529700Z" duration="0.000495" asserts="0">
                      <failure>
                        <message><![CDATA[System.MissingMethodException : Method not found: 'System.String System.String.Join(System.String, System.ReadOnlySpan`1<System.Object>)'.
TearDown : System.NullReferenceException : Object reference not set to an instance of an object.]]></message>
                        <stack-trace><![CDATA[   at Microsoft.Extensions.DependencyInjection.ServiceLookup.CallSiteFactory.CreateConstructorCallSite(ResultCache lifetime, ServiceIdentifier serviceIdentifier, Type implementationType, CallSiteChain callSiteChain)
   at Microsoft.Extensions.DependencyInjection.ServiceLookup.CallSiteFactory.TryCreateExact(ServiceDescriptor descriptor, ServiceIdentifier serviceIdentifier, CallSiteChain callSiteChain, Int32 slot)
   at Microsoft.Extensions.DependencyInjection.ServiceLookup.CallSiteFactory.TryCreateExact(ServiceIdentifier serviceIdentifier, CallSiteChain callSiteChain)
   at Microsoft.Extensions.DependencyInjection.ServiceLookup.CallSiteFactory.CreateCallSite(ServiceIdentifier serviceIdentifier, CallSiteChain callSiteChain)
   at Microsoft.Extensions.DependencyInjection.ServiceLookup.CallSiteFactory.GetCallSite(ServiceIdentifier serviceIdentifier, CallSiteChain callSiteChain)
   at Microsoft.Extensions.DependencyInjection.ServiceProvider.CreateServiceAccessor(ServiceIdentifier serviceIdentifier)
   at System.Collections.Concurrent.ConcurrentDictionary`2.GetOrAdd(TKey key, Func`2 valueFactory)
   at Microsoft.Extensions.DependencyInjection.ServiceProvider.GetService(ServiceIdentifier serviceIdentifier, ServiceProviderEngineScope serviceProviderEngineScope)
   at Microsoft.Extensions.DependencyInjection.ServiceProvider.GetService(Type serviceType)
   at Microsoft.Extensions.DependencyInjection.ServiceProviderServiceExtensions.GetRequiredService(IServiceProvider provider, Type serviceType)
   at Microsoft.Extensions.DependencyInjection.ServiceProviderServiceExtensions.GetRequiredService[T](IServiceProvider provider)
   at Microsoft.EntityFrameworkCore.DbContext..ctor(DbContextOptions options)
   at Microsoft.EntityFrameworkCore.DbContext..ctor()
   at Centazio.Providers.EF.CentazioDbContext..ctor()
   at Centazio.Providers.EF.AbstractStagedEntityRepositoryDbContext..ctor(String schema, String table) in C:\dev\projects\internal_projects\centazio3\src\Centazio.Providers\Centazio.Providers.EF\AbstractStagedEntityRepositoryDbContext.cs:line 7
   at Centazio.Providers.Sqlite.Stage.SqliteStagedEntityContext..ctor() in C:\dev\projects\internal_projects\centazio3\src\Centazio.Providers\Centazio.Providers.Sqlite\Stage\SqliteStagedEntityContext.cs:line 7
   at Centazio.Providers.Sqlite.Tests.Stage.SqliteStagedEntityRepositoryTests.<>c.<GetRepository>b__0_0() in C:\dev\projects\internal_projects\centazio3\tests\Centazio.Providers.Sqlite.Tests\Stage\SqliteStagedEntityRepositoryTests.cs:line 11
   at Centazio.Providers.EF.EFCoreStagedEntityRepository.Initialise() in C:\dev\projects\internal_projects\centazio3\src\Centazio.Providers\Centazio.Providers.EF\EFCoreStagedEntityRepository.cs:line 58
   at Centazio.Providers.Sqlite.Tests.Stage.SqliteStagedEntityRepositoryTests.GetRepository(Int32 limit, Func`2 checksum) in C:\dev\projects\internal_projects\centazio3\tests\Centazio.Providers.Sqlite.Tests\Stage\SqliteStagedEntityRepositoryTests.cs:line 11
   at Centazio.Test.Lib.BaseProviderTests.BaseStagedEntityRepositoryTests.SetUp() in C:\dev\projects\internal_projects\centazio3\src\Centazio.Test.Lib\BaseProviderTests\BaseStagedEntityRepositoryTests.cs:line 20
   at NUnit.Framework.Internal.TaskAwaitAdapter.GenericAdapter`1.GetResult()
   at NUnit.Framework.Internal.AsyncToSyncAdapter.Await[TResult](Func`1 invoke)
   at NUnit.Framework.Internal.AsyncToSyncAdapter.Await(Func`1 invoke)
   at NUnit.Framework.Internal.Commands.SetUpTearDownItem.RunSetUpOrTearDownMethod(TestExecutionContext context, IMethodInfo method)
   at NUnit.Framework.Internal.Commands.SetUpTearDownItem.RunSetUp(TestExecutionContext context)
   at NUnit.Framework.Internal.Commands.BeforeAndAfterTestCommand.<>c__DisplayClass1_0.<Execute>b__0()
   at NUnit.Framework.Internal.Commands.DelegatingTestCommand.RunTestMethodInThreadAbortSafeZone(TestExecutionContext context, Action action)
--TearDown
   at Centazio.Test.Lib.BaseProviderTests.BaseStagedEntityRepositoryTests.TearDown() in C:\dev\projects\internal_projects\centazio3\src\Centazio.Test.Lib\BaseProviderTests\BaseStagedEntityRepositoryTests.cs:line 24
   at NUnit.Framework.Internal.TaskAwaitAdapter.GenericAdapter`1.GetResult()
   at NUnit.Framework.Internal.AsyncToSyncAdapter.Await[TResult](Func`1 invoke)
   at NUnit.Framework.Internal.AsyncToSyncAdapter.Await(Func`1 invoke)
   at NUnit.Framework.Internal.Commands.SetUpTearDownItem.RunSetUpOrTearDownMethod(TestExecutionContext context, IMethodInfo method)
   at NUnit.Framework.Internal.Commands.SetUpTearDownItem.RunTearDown(TestExecutionContext context)]]></stack-trace>
                      </failure>
                    </test-case>
                    <test-case id="65-1008" name="Test_saving_multiple_large_entities" fullname="Centazio.Providers.Sqlite.Tests.Stage.SqliteStagedEntityRepositoryTests.Test_saving_multiple_large_entities" methodname="Test_saving_multiple_large_entities" classname="Centazio.Test.Lib.BaseProviderTests.BaseStagedEntityRepositoryTests" runstate="Runnable" seed="502550389" result="Failed" label="Error" start-time="2024-10-27T22:06:16.4529859Z" end-time="2024-10-27T22:06:16.4534835Z" duration="0.000498" asserts="0">
                      <failure>
                        <message><![CDATA[System.MissingMethodException : Method not found: 'System.String System.String.Join(System.String, System.ReadOnlySpan`1<System.Object>)'.
TearDown : System.NullReferenceException : Object reference not set to an instance of an object.]]></message>
                        <stack-trace><![CDATA[   at Microsoft.Extensions.DependencyInjection.ServiceLookup.CallSiteFactory.CreateConstructorCallSite(ResultCache lifetime, ServiceIdentifier serviceIdentifier, Type implementationType, CallSiteChain callSiteChain)
   at Microsoft.Extensions.DependencyInjection.ServiceLookup.CallSiteFactory.TryCreateExact(ServiceDescriptor descriptor, ServiceIdentifier serviceIdentifier, CallSiteChain callSiteChain, Int32 slot)
   at Microsoft.Extensions.DependencyInjection.ServiceLookup.CallSiteFactory.TryCreateExact(ServiceIdentifier serviceIdentifier, CallSiteChain callSiteChain)
   at Microsoft.Extensions.DependencyInjection.ServiceLookup.CallSiteFactory.CreateCallSite(ServiceIdentifier serviceIdentifier, CallSiteChain callSiteChain)
   at Microsoft.Extensions.DependencyInjection.ServiceLookup.CallSiteFactory.GetCallSite(ServiceIdentifier serviceIdentifier, CallSiteChain callSiteChain)
   at Microsoft.Extensions.DependencyInjection.ServiceProvider.CreateServiceAccessor(ServiceIdentifier serviceIdentifier)
   at System.Collections.Concurrent.ConcurrentDictionary`2.GetOrAdd(TKey key, Func`2 valueFactory)
   at Microsoft.Extensions.DependencyInjection.ServiceProvider.GetService(ServiceIdentifier serviceIdentifier, ServiceProviderEngineScope serviceProviderEngineScope)
   at Microsoft.Extensions.DependencyInjection.ServiceProvider.GetService(Type serviceType)
   at Microsoft.Extensions.DependencyInjection.ServiceProviderServiceExtensions.GetRequiredService(IServiceProvider provider, Type serviceType)
   at Microsoft.Extensions.DependencyInjection.ServiceProviderServiceExtensions.GetRequiredService[T](IServiceProvider provider)
   at Microsoft.EntityFrameworkCore.DbContext..ctor(DbContextOptions options)
   at Microsoft.EntityFrameworkCore.DbContext..ctor()
   at Centazio.Providers.EF.CentazioDbContext..ctor()
   at Centazio.Providers.EF.AbstractStagedEntityRepositoryDbContext..ctor(String schema, String table) in C:\dev\projects\internal_projects\centazio3\src\Centazio.Providers\Centazio.Providers.EF\AbstractStagedEntityRepositoryDbContext.cs:line 7
   at Centazio.Providers.Sqlite.Stage.SqliteStagedEntityContext..ctor() in C:\dev\projects\internal_projects\centazio3\src\Centazio.Providers\Centazio.Providers.Sqlite\Stage\SqliteStagedEntityContext.cs:line 7
   at Centazio.Providers.Sqlite.Tests.Stage.SqliteStagedEntityRepositoryTests.<>c.<GetRepository>b__0_0() in C:\dev\projects\internal_projects\centazio3\tests\Centazio.Providers.Sqlite.Tests\Stage\SqliteStagedEntityRepositoryTests.cs:line 11
   at Centazio.Providers.EF.EFCoreStagedEntityRepository.Initialise() in C:\dev\projects\internal_projects\centazio3\src\Centazio.Providers\Centazio.Providers.EF\EFCoreStagedEntityRepository.cs:line 58
   at Centazio.Providers.Sqlite.Tests.Stage.SqliteStagedEntityRepositoryTests.GetRepository(Int32 limit, Func`2 checksum) in C:\dev\projects\internal_projects\centazio3\tests\Centazio.Providers.Sqlite.Tests\Stage\SqliteStagedEntityRepositoryTests.cs:line 11
   at Centazio.Test.Lib.BaseProviderTests.BaseStagedEntityRepositoryTests.SetUp() in C:\dev\projects\internal_projects\centazio3\src\Centazio.Test.Lib\BaseProviderTests\BaseStagedEntityRepositoryTests.cs:line 20
   at NUnit.Framework.Internal.TaskAwaitAdapter.GenericAdapter`1.GetResult()
   at NUnit.Framework.Internal.AsyncToSyncAdapter.Await[TResult](Func`1 invoke)
   at NUnit.Framework.Internal.AsyncToSyncAdapter.Await(Func`1 invoke)
   at NUnit.Framework.Internal.Commands.SetUpTearDownItem.RunSetUpOrTearDownMethod(TestExecutionContext context, IMethodInfo method)
   at NUnit.Framework.Internal.Commands.SetUpTearDownItem.RunSetUp(TestExecutionContext context)
   at NUnit.Framework.Internal.Commands.BeforeAndAfterTestCommand.<>c__DisplayClass1_0.<Execute>b__0()
   at NUnit.Framework.Internal.Commands.DelegatingTestCommand.RunTestMethodInThreadAbortSafeZone(TestExecutionContext context, Action action)
--TearDown
   at Centazio.Test.Lib.BaseProviderTests.BaseStagedEntityRepositoryTests.TearDown() in C:\dev\projects\internal_projects\centazio3\src\Centazio.Test.Lib\BaseProviderTests\BaseStagedEntityRepositoryTests.cs:line 24
   at NUnit.Framework.Internal.TaskAwaitAdapter.GenericAdapter`1.GetResult()
   at NUnit.Framework.Internal.AsyncToSyncAdapter.Await[TResult](Func`1 invoke)
   at NUnit.Framework.Internal.AsyncToSyncAdapter.Await(Func`1 invoke)
   at NUnit.Framework.Internal.Commands.SetUpTearDownItem.RunSetUpOrTearDownMethod(TestExecutionContext context, IMethodInfo method)
   at NUnit.Framework.Internal.Commands.SetUpTearDownItem.RunTearDown(TestExecutionContext context)]]></stack-trace>
                      </failure>
                    </test-case>
                    <test-case id="65-1002" name="Test_saving_single_entity" fullname="Centazio.Providers.Sqlite.Tests.Stage.SqliteStagedEntityRepositoryTests.Test_saving_single_entity" methodname="Test_saving_single_entity" classname="Centazio.Test.Lib.BaseProviderTests.BaseStagedEntityRepositoryTests" runstate="Runnable" seed="1729631901" result="Failed" label="Error" start-time="2024-10-27T22:06:16.4534992Z" end-time="2024-10-27T22:06:16.4539911Z" duration="0.000492" asserts="0">
                      <failure>
                        <message><![CDATA[System.MissingMethodException : Method not found: 'System.String System.String.Join(System.String, System.ReadOnlySpan`1<System.Object>)'.
TearDown : System.NullReferenceException : Object reference not set to an instance of an object.]]></message>
                        <stack-trace><![CDATA[   at Microsoft.Extensions.DependencyInjection.ServiceLookup.CallSiteFactory.CreateConstructorCallSite(ResultCache lifetime, ServiceIdentifier serviceIdentifier, Type implementationType, CallSiteChain callSiteChain)
   at Microsoft.Extensions.DependencyInjection.ServiceLookup.CallSiteFactory.TryCreateExact(ServiceDescriptor descriptor, ServiceIdentifier serviceIdentifier, CallSiteChain callSiteChain, Int32 slot)
   at Microsoft.Extensions.DependencyInjection.ServiceLookup.CallSiteFactory.TryCreateExact(ServiceIdentifier serviceIdentifier, CallSiteChain callSiteChain)
   at Microsoft.Extensions.DependencyInjection.ServiceLookup.CallSiteFactory.CreateCallSite(ServiceIdentifier serviceIdentifier, CallSiteChain callSiteChain)
   at Microsoft.Extensions.DependencyInjection.ServiceLookup.CallSiteFactory.GetCallSite(ServiceIdentifier serviceIdentifier, CallSiteChain callSiteChain)
   at Microsoft.Extensions.DependencyInjection.ServiceProvider.CreateServiceAccessor(ServiceIdentifier serviceIdentifier)
   at System.Collections.Concurrent.ConcurrentDictionary`2.GetOrAdd(TKey key, Func`2 valueFactory)
   at Microsoft.Extensions.DependencyInjection.ServiceProvider.GetService(ServiceIdentifier serviceIdentifier, ServiceProviderEngineScope serviceProviderEngineScope)
   at Microsoft.Extensions.DependencyInjection.ServiceProvider.GetService(Type serviceType)
   at Microsoft.Extensions.DependencyInjection.ServiceProviderServiceExtensions.GetRequiredService(IServiceProvider provider, Type serviceType)
   at Microsoft.Extensions.DependencyInjection.ServiceProviderServiceExtensions.GetRequiredService[T](IServiceProvider provider)
   at Microsoft.EntityFrameworkCore.DbContext..ctor(DbContextOptions options)
   at Microsoft.EntityFrameworkCore.DbContext..ctor()
   at Centazio.Providers.EF.CentazioDbContext..ctor()
   at Centazio.Providers.EF.AbstractStagedEntityRepositoryDbContext..ctor(String schema, String table) in C:\dev\projects\internal_projects\centazio3\src\Centazio.Providers\Centazio.Providers.EF\AbstractStagedEntityRepositoryDbContext.cs:line 7
   at Centazio.Providers.Sqlite.Stage.SqliteStagedEntityContext..ctor() in C:\dev\projects\internal_projects\centazio3\src\Centazio.Providers\Centazio.Providers.Sqlite\Stage\SqliteStagedEntityContext.cs:line 7
   at Centazio.Providers.Sqlite.Tests.Stage.SqliteStagedEntityRepositoryTests.<>c.<GetRepository>b__0_0() in C:\dev\projects\internal_projects\centazio3\tests\Centazio.Providers.Sqlite.Tests\Stage\SqliteStagedEntityRepositoryTests.cs:line 11
   at Centazio.Providers.EF.EFCoreStagedEntityRepository.Initialise() in C:\dev\projects\internal_projects\centazio3\src\Centazio.Providers\Centazio.Providers.EF\EFCoreStagedEntityRepository.cs:line 58
   at Centazio.Providers.Sqlite.Tests.Stage.SqliteStagedEntityRepositoryTests.GetRepository(Int32 limit, Func`2 checksum) in C:\dev\projects\internal_projects\centazio3\tests\Centazio.Providers.Sqlite.Tests\Stage\SqliteStagedEntityRepositoryTests.cs:line 11
   at Centazio.Test.Lib.BaseProviderTests.BaseStagedEntityRepositoryTests.SetUp() in C:\dev\projects\internal_projects\centazio3\src\Centazio.Test.Lib\BaseProviderTests\BaseStagedEntityRepositoryTests.cs:line 20
   at NUnit.Framework.Internal.TaskAwaitAdapter.GenericAdapter`1.GetResult()
   at NUnit.Framework.Internal.AsyncToSyncAdapter.Await[TResult](Func`1 invoke)
   at NUnit.Framework.Internal.AsyncToSyncAdapter.Await(Func`1 invoke)
   at NUnit.Framework.Internal.Commands.SetUpTearDownItem.RunSetUpOrTearDownMethod(TestExecutionContext context, IMethodInfo method)
   at NUnit.Framework.Internal.Commands.SetUpTearDownItem.RunSetUp(TestExecutionContext context)
   at NUnit.Framework.Internal.Commands.BeforeAndAfterTestCommand.<>c__DisplayClass1_0.<Execute>b__0()
   at NUnit.Framework.Internal.Commands.DelegatingTestCommand.RunTestMethodInThreadAbortSafeZone(TestExecutionContext context, Action action)
--TearDown
   at Centazio.Test.Lib.BaseProviderTests.BaseStagedEntityRepositoryTests.TearDown() in C:\dev\projects\internal_projects\centazio3\src\Centazio.Test.Lib\BaseProviderTests\BaseStagedEntityRepositoryTests.cs:line 24
   at NUnit.Framework.Internal.TaskAwaitAdapter.GenericAdapter`1.GetResult()
   at NUnit.Framework.Internal.AsyncToSyncAdapter.Await[TResult](Func`1 invoke)
   at NUnit.Framework.Internal.AsyncToSyncAdapter.Await(Func`1 invoke)
   at NUnit.Framework.Internal.Commands.SetUpTearDownItem.RunSetUpOrTearDownMethod(TestExecutionContext context, IMethodInfo method)
   at NUnit.Framework.Internal.Commands.SetUpTearDownItem.RunTearDown(TestExecutionContext context)]]></stack-trace>
                      </failure>
                    </test-case>
                    <test-case id="65-1010" name="Test_single_ignore_update" fullname="Centazio.Providers.Sqlite.Tests.Stage.SqliteStagedEntityRepositoryTests.Test_single_ignore_update" methodname="Test_single_ignore_update" classname="Centazio.Test.Lib.BaseProviderTests.BaseStagedEntityRepositoryTests" runstate="Runnable" seed="752945802" result="Failed" label="Error" start-time="2024-10-27T22:06:16.4540069Z" end-time="2024-10-27T22:06:16.4545084Z" duration="0.000502" asserts="0">
                      <failure>
                        <message><![CDATA[System.MissingMethodException : Method not found: 'System.String System.String.Join(System.String, System.ReadOnlySpan`1<System.Object>)'.
TearDown : System.NullReferenceException : Object reference not set to an instance of an object.]]></message>
                        <stack-trace><![CDATA[   at Microsoft.Extensions.DependencyInjection.ServiceLookup.CallSiteFactory.CreateConstructorCallSite(ResultCache lifetime, ServiceIdentifier serviceIdentifier, Type implementationType, CallSiteChain callSiteChain)
   at Microsoft.Extensions.DependencyInjection.ServiceLookup.CallSiteFactory.TryCreateExact(ServiceDescriptor descriptor, ServiceIdentifier serviceIdentifier, CallSiteChain callSiteChain, Int32 slot)
   at Microsoft.Extensions.DependencyInjection.ServiceLookup.CallSiteFactory.TryCreateExact(ServiceIdentifier serviceIdentifier, CallSiteChain callSiteChain)
   at Microsoft.Extensions.DependencyInjection.ServiceLookup.CallSiteFactory.CreateCallSite(ServiceIdentifier serviceIdentifier, CallSiteChain callSiteChain)
   at Microsoft.Extensions.DependencyInjection.ServiceLookup.CallSiteFactory.GetCallSite(ServiceIdentifier serviceIdentifier, CallSiteChain callSiteChain)
   at Microsoft.Extensions.DependencyInjection.ServiceProvider.CreateServiceAccessor(ServiceIdentifier serviceIdentifier)
   at System.Collections.Concurrent.ConcurrentDictionary`2.GetOrAdd(TKey key, Func`2 valueFactory)
   at Microsoft.Extensions.DependencyInjection.ServiceProvider.GetService(ServiceIdentifier serviceIdentifier, ServiceProviderEngineScope serviceProviderEngineScope)
   at Microsoft.Extensions.DependencyInjection.ServiceProvider.GetService(Type serviceType)
   at Microsoft.Extensions.DependencyInjection.ServiceProviderServiceExtensions.GetRequiredService(IServiceProvider provider, Type serviceType)
   at Microsoft.Extensions.DependencyInjection.ServiceProviderServiceExtensions.GetRequiredService[T](IServiceProvider provider)
   at Microsoft.EntityFrameworkCore.DbContext..ctor(DbContextOptions options)
   at Microsoft.EntityFrameworkCore.DbContext..ctor()
   at Centazio.Providers.EF.CentazioDbContext..ctor()
   at Centazio.Providers.EF.AbstractStagedEntityRepositoryDbContext..ctor(String schema, String table) in C:\dev\projects\internal_projects\centazio3\src\Centazio.Providers\Centazio.Providers.EF\AbstractStagedEntityRepositoryDbContext.cs:line 7
   at Centazio.Providers.Sqlite.Stage.SqliteStagedEntityContext..ctor() in C:\dev\projects\internal_projects\centazio3\src\Centazio.Providers\Centazio.Providers.Sqlite\Stage\SqliteStagedEntityContext.cs:line 7
   at Centazio.Providers.Sqlite.Tests.Stage.SqliteStagedEntityRepositoryTests.<>c.<GetRepository>b__0_0() in C:\dev\projects\internal_projects\centazio3\tests\Centazio.Providers.Sqlite.Tests\Stage\SqliteStagedEntityRepositoryTests.cs:line 11
   at Centazio.Providers.EF.EFCoreStagedEntityRepository.Initialise() in C:\dev\projects\internal_projects\centazio3\src\Centazio.Providers\Centazio.Providers.EF\EFCoreStagedEntityRepository.cs:line 58
   at Centazio.Providers.Sqlite.Tests.Stage.SqliteStagedEntityRepositoryTests.GetRepository(Int32 limit, Func`2 checksum) in C:\dev\projects\internal_projects\centazio3\tests\Centazio.Providers.Sqlite.Tests\Stage\SqliteStagedEntityRepositoryTests.cs:line 11
   at Centazio.Test.Lib.BaseProviderTests.BaseStagedEntityRepositoryTests.SetUp() in C:\dev\projects\internal_projects\centazio3\src\Centazio.Test.Lib\BaseProviderTests\BaseStagedEntityRepositoryTests.cs:line 20
   at NUnit.Framework.Internal.TaskAwaitAdapter.GenericAdapter`1.GetResult()
   at NUnit.Framework.Internal.AsyncToSyncAdapter.Await[TResult](Func`1 invoke)
   at NUnit.Framework.Internal.AsyncToSyncAdapter.Await(Func`1 invoke)
   at NUnit.Framework.Internal.Commands.SetUpTearDownItem.RunSetUpOrTearDownMethod(TestExecutionContext context, IMethodInfo method)
   at NUnit.Framework.Internal.Commands.SetUpTearDownItem.RunSetUp(TestExecutionContext context)
   at NUnit.Framework.Internal.Commands.BeforeAndAfterTestCommand.<>c__DisplayClass1_0.<Execute>b__0()
   at NUnit.Framework.Internal.Commands.DelegatingTestCommand.RunTestMethodInThreadAbortSafeZone(TestExecutionContext context, Action action)
--TearDown
   at Centazio.Test.Lib.BaseProviderTests.BaseStagedEntityRepositoryTests.TearDown() in C:\dev\projects\internal_projects\centazio3\src\Centazio.Test.Lib\BaseProviderTests\BaseStagedEntityRepositoryTests.cs:line 24
   at NUnit.Framework.Internal.TaskAwaitAdapter.GenericAdapter`1.GetResult()
   at NUnit.Framework.Internal.AsyncToSyncAdapter.Await[TResult](Func`1 invoke)
   at NUnit.Framework.Internal.AsyncToSyncAdapter.Await(Func`1 invoke)
   at NUnit.Framework.Internal.Commands.SetUpTearDownItem.RunSetUpOrTearDownMethod(TestExecutionContext context, IMethodInfo method)
   at NUnit.Framework.Internal.Commands.SetUpTearDownItem.RunTearDown(TestExecutionContext context)]]></stack-trace>
                      </failure>
                    </test-case>
                    <test-case id="65-1016" name="Test_stage_single_ignores_duplicates" fullname="Centazio.Providers.Sqlite.Tests.Stage.SqliteStagedEntityRepositoryTests.Test_stage_single_ignores_duplicates" methodname="Test_stage_single_ignores_duplicates" classname="Centazio.Test.Lib.BaseProviderTests.BaseStagedEntityRepositoryTests" runstate="Runnable" seed="1323219264" result="Failed" label="Error" start-time="2024-10-27T22:06:16.4545240Z" end-time="2024-10-27T22:06:16.4550190Z" duration="0.000495" asserts="0">
                      <failure>
                        <message><![CDATA[System.MissingMethodException : Method not found: 'System.String System.String.Join(System.String, System.ReadOnlySpan`1<System.Object>)'.
TearDown : System.NullReferenceException : Object reference not set to an instance of an object.]]></message>
                        <stack-trace><![CDATA[   at Microsoft.Extensions.DependencyInjection.ServiceLookup.CallSiteFactory.CreateConstructorCallSite(ResultCache lifetime, ServiceIdentifier serviceIdentifier, Type implementationType, CallSiteChain callSiteChain)
   at Microsoft.Extensions.DependencyInjection.ServiceLookup.CallSiteFactory.TryCreateExact(ServiceDescriptor descriptor, ServiceIdentifier serviceIdentifier, CallSiteChain callSiteChain, Int32 slot)
   at Microsoft.Extensions.DependencyInjection.ServiceLookup.CallSiteFactory.TryCreateExact(ServiceIdentifier serviceIdentifier, CallSiteChain callSiteChain)
   at Microsoft.Extensions.DependencyInjection.ServiceLookup.CallSiteFactory.CreateCallSite(ServiceIdentifier serviceIdentifier, CallSiteChain callSiteChain)
   at Microsoft.Extensions.DependencyInjection.ServiceLookup.CallSiteFactory.GetCallSite(ServiceIdentifier serviceIdentifier, CallSiteChain callSiteChain)
   at Microsoft.Extensions.DependencyInjection.ServiceProvider.CreateServiceAccessor(ServiceIdentifier serviceIdentifier)
   at System.Collections.Concurrent.ConcurrentDictionary`2.GetOrAdd(TKey key, Func`2 valueFactory)
   at Microsoft.Extensions.DependencyInjection.ServiceProvider.GetService(ServiceIdentifier serviceIdentifier, ServiceProviderEngineScope serviceProviderEngineScope)
   at Microsoft.Extensions.DependencyInjection.ServiceProvider.GetService(Type serviceType)
   at Microsoft.Extensions.DependencyInjection.ServiceProviderServiceExtensions.GetRequiredService(IServiceProvider provider, Type serviceType)
   at Microsoft.Extensions.DependencyInjection.ServiceProviderServiceExtensions.GetRequiredService[T](IServiceProvider provider)
   at Microsoft.EntityFrameworkCore.DbContext..ctor(DbContextOptions options)
   at Microsoft.EntityFrameworkCore.DbContext..ctor()
   at Centazio.Providers.EF.CentazioDbContext..ctor()
   at Centazio.Providers.EF.AbstractStagedEntityRepositoryDbContext..ctor(String schema, String table) in C:\dev\projects\internal_projects\centazio3\src\Centazio.Providers\Centazio.Providers.EF\AbstractStagedEntityRepositoryDbContext.cs:line 7
   at Centazio.Providers.Sqlite.Stage.SqliteStagedEntityContext..ctor() in C:\dev\projects\internal_projects\centazio3\src\Centazio.Providers\Centazio.Providers.Sqlite\Stage\SqliteStagedEntityContext.cs:line 7
   at Centazio.Providers.Sqlite.Tests.Stage.SqliteStagedEntityRepositoryTests.<>c.<GetRepository>b__0_0() in C:\dev\projects\internal_projects\centazio3\tests\Centazio.Providers.Sqlite.Tests\Stage\SqliteStagedEntityRepositoryTests.cs:line 11
   at Centazio.Providers.EF.EFCoreStagedEntityRepository.Initialise() in C:\dev\projects\internal_projects\centazio3\src\Centazio.Providers\Centazio.Providers.EF\EFCoreStagedEntityRepository.cs:line 58
   at Centazio.Providers.Sqlite.Tests.Stage.SqliteStagedEntityRepositoryTests.GetRepository(Int32 limit, Func`2 checksum) in C:\dev\projects\internal_projects\centazio3\tests\Centazio.Providers.Sqlite.Tests\Stage\SqliteStagedEntityRepositoryTests.cs:line 11
   at Centazio.Test.Lib.BaseProviderTests.BaseStagedEntityRepositoryTests.SetUp() in C:\dev\projects\internal_projects\centazio3\src\Centazio.Test.Lib\BaseProviderTests\BaseStagedEntityRepositoryTests.cs:line 20
   at NUnit.Framework.Internal.TaskAwaitAdapter.GenericAdapter`1.GetResult()
   at NUnit.Framework.Internal.AsyncToSyncAdapter.Await[TResult](Func`1 invoke)
   at NUnit.Framework.Internal.AsyncToSyncAdapter.Await(Func`1 invoke)
   at NUnit.Framework.Internal.Commands.SetUpTearDownItem.RunSetUpOrTearDownMethod(TestExecutionContext context, IMethodInfo method)
   at NUnit.Framework.Internal.Commands.SetUpTearDownItem.RunSetUp(TestExecutionContext context)
   at NUnit.Framework.Internal.Commands.BeforeAndAfterTestCommand.<>c__DisplayClass1_0.<Execute>b__0()
   at NUnit.Framework.Internal.Commands.DelegatingTestCommand.RunTestMethodInThreadAbortSafeZone(TestExecutionContext context, Action action)
--TearDown
   at Centazio.Test.Lib.BaseProviderTests.BaseStagedEntityRepositoryTests.TearDown() in C:\dev\projects\internal_projects\centazio3\src\Centazio.Test.Lib\BaseProviderTests\BaseStagedEntityRepositoryTests.cs:line 24
   at NUnit.Framework.Internal.TaskAwaitAdapter.GenericAdapter`1.GetResult()
   at NUnit.Framework.Internal.AsyncToSyncAdapter.Await[TResult](Func`1 invoke)
   at NUnit.Framework.Internal.AsyncToSyncAdapter.Await(Func`1 invoke)
   at NUnit.Framework.Internal.Commands.SetUpTearDownItem.RunSetUpOrTearDownMethod(TestExecutionContext context, IMethodInfo method)
   at NUnit.Framework.Internal.Commands.SetUpTearDownItem.RunTearDown(TestExecutionContext context)]]></stack-trace>
                      </failure>
                    </test-case>
                    <test-case id="65-1017" name="Test_staging_multiple_entities_ignores_duplicates" fullname="Centazio.Providers.Sqlite.Tests.Stage.SqliteStagedEntityRepositoryTests.Test_staging_multiple_entities_ignores_duplicates" methodname="Test_staging_multiple_entities_ignores_duplicates" classname="Centazio.Test.Lib.BaseProviderTests.BaseStagedEntityRepositoryTests" runstate="Runnable" seed="181906678" result="Failed" label="Error" start-time="2024-10-27T22:06:16.4550346Z" end-time="2024-10-27T22:06:16.4555312Z" duration="0.000497" asserts="0">
                      <failure>
                        <message><![CDATA[System.MissingMethodException : Method not found: 'System.String System.String.Join(System.String, System.ReadOnlySpan`1<System.Object>)'.
TearDown : System.NullReferenceException : Object reference not set to an instance of an object.]]></message>
                        <stack-trace><![CDATA[   at Microsoft.Extensions.DependencyInjection.ServiceLookup.CallSiteFactory.CreateConstructorCallSite(ResultCache lifetime, ServiceIdentifier serviceIdentifier, Type implementationType, CallSiteChain callSiteChain)
   at Microsoft.Extensions.DependencyInjection.ServiceLookup.CallSiteFactory.TryCreateExact(ServiceDescriptor descriptor, ServiceIdentifier serviceIdentifier, CallSiteChain callSiteChain, Int32 slot)
   at Microsoft.Extensions.DependencyInjection.ServiceLookup.CallSiteFactory.TryCreateExact(ServiceIdentifier serviceIdentifier, CallSiteChain callSiteChain)
   at Microsoft.Extensions.DependencyInjection.ServiceLookup.CallSiteFactory.CreateCallSite(ServiceIdentifier serviceIdentifier, CallSiteChain callSiteChain)
   at Microsoft.Extensions.DependencyInjection.ServiceLookup.CallSiteFactory.GetCallSite(ServiceIdentifier serviceIdentifier, CallSiteChain callSiteChain)
   at Microsoft.Extensions.DependencyInjection.ServiceProvider.CreateServiceAccessor(ServiceIdentifier serviceIdentifier)
   at System.Collections.Concurrent.ConcurrentDictionary`2.GetOrAdd(TKey key, Func`2 valueFactory)
   at Microsoft.Extensions.DependencyInjection.ServiceProvider.GetService(ServiceIdentifier serviceIdentifier, ServiceProviderEngineScope serviceProviderEngineScope)
   at Microsoft.Extensions.DependencyInjection.ServiceProvider.GetService(Type serviceType)
   at Microsoft.Extensions.DependencyInjection.ServiceProviderServiceExtensions.GetRequiredService(IServiceProvider provider, Type serviceType)
   at Microsoft.Extensions.DependencyInjection.ServiceProviderServiceExtensions.GetRequiredService[T](IServiceProvider provider)
   at Microsoft.EntityFrameworkCore.DbContext..ctor(DbContextOptions options)
   at Microsoft.EntityFrameworkCore.DbContext..ctor()
   at Centazio.Providers.EF.CentazioDbContext..ctor()
   at Centazio.Providers.EF.AbstractStagedEntityRepositoryDbContext..ctor(String schema, String table) in C:\dev\projects\internal_projects\centazio3\src\Centazio.Providers\Centazio.Providers.EF\AbstractStagedEntityRepositoryDbContext.cs:line 7
   at Centazio.Providers.Sqlite.Stage.SqliteStagedEntityContext..ctor() in C:\dev\projects\internal_projects\centazio3\src\Centazio.Providers\Centazio.Providers.Sqlite\Stage\SqliteStagedEntityContext.cs:line 7
   at Centazio.Providers.Sqlite.Tests.Stage.SqliteStagedEntityRepositoryTests.<>c.<GetRepository>b__0_0() in C:\dev\projects\internal_projects\centazio3\tests\Centazio.Providers.Sqlite.Tests\Stage\SqliteStagedEntityRepositoryTests.cs:line 11
   at Centazio.Providers.EF.EFCoreStagedEntityRepository.Initialise() in C:\dev\projects\internal_projects\centazio3\src\Centazio.Providers\Centazio.Providers.EF\EFCoreStagedEntityRepository.cs:line 58
   at Centazio.Providers.Sqlite.Tests.Stage.SqliteStagedEntityRepositoryTests.GetRepository(Int32 limit, Func`2 checksum) in C:\dev\projects\internal_projects\centazio3\tests\Centazio.Providers.Sqlite.Tests\Stage\SqliteStagedEntityRepositoryTests.cs:line 11
   at Centazio.Test.Lib.BaseProviderTests.BaseStagedEntityRepositoryTests.SetUp() in C:\dev\projects\internal_projects\centazio3\src\Centazio.Test.Lib\BaseProviderTests\BaseStagedEntityRepositoryTests.cs:line 20
   at NUnit.Framework.Internal.TaskAwaitAdapter.GenericAdapter`1.GetResult()
   at NUnit.Framework.Internal.AsyncToSyncAdapter.Await[TResult](Func`1 invoke)
   at NUnit.Framework.Internal.AsyncToSyncAdapter.Await(Func`1 invoke)
   at NUnit.Framework.Internal.Commands.SetUpTearDownItem.RunSetUpOrTearDownMethod(TestExecutionContext context, IMethodInfo method)
   at NUnit.Framework.Internal.Commands.SetUpTearDownItem.RunSetUp(TestExecutionContext context)
   at NUnit.Framework.Internal.Commands.BeforeAndAfterTestCommand.<>c__DisplayClass1_0.<Execute>b__0()
   at NUnit.Framework.Internal.Commands.DelegatingTestCommand.RunTestMethodInThreadAbortSafeZone(TestExecutionContext context, Action action)
--TearDown
   at Centazio.Test.Lib.BaseProviderTests.BaseStagedEntityRepositoryTests.TearDown() in C:\dev\projects\internal_projects\centazio3\src\Centazio.Test.Lib\BaseProviderTests\BaseStagedEntityRepositoryTests.cs:line 24
   at NUnit.Framework.Internal.TaskAwaitAdapter.GenericAdapter`1.GetResult()
   at NUnit.Framework.Internal.AsyncToSyncAdapter.Await[TResult](Func`1 invoke)
   at NUnit.Framework.Internal.AsyncToSyncAdapter.Await(Func`1 invoke)
   at NUnit.Framework.Internal.Commands.SetUpTearDownItem.RunSetUpOrTearDownMethod(TestExecutionContext context, IMethodInfo method)
   at NUnit.Framework.Internal.Commands.SetUpTearDownItem.RunTearDown(TestExecutionContext context)]]></stack-trace>
                      </failure>
                    </test-case>
                    <test-case id="65-1007" name="Test_updating_multiple_entities" fullname="Centazio.Providers.Sqlite.Tests.Stage.SqliteStagedEntityRepositoryTests.Test_updating_multiple_entities" methodname="Test_updating_multiple_entities" classname="Centazio.Test.Lib.BaseProviderTests.BaseStagedEntityRepositoryTests" runstate="Runnable" seed="1050927433" result="Failed" label="Error" start-time="2024-10-27T22:06:16.4555469Z" end-time="2024-10-27T22:06:16.4568997Z" duration="0.001353" asserts="0">
                      <failure>
                        <message><![CDATA[System.MissingMethodException : Method not found: 'System.String System.String.Join(System.String, System.ReadOnlySpan`1<System.Object>)'.
TearDown : System.NullReferenceException : Object reference not set to an instance of an object.]]></message>
                        <stack-trace><![CDATA[   at Microsoft.Extensions.DependencyInjection.ServiceLookup.CallSiteFactory.CreateConstructorCallSite(ResultCache lifetime, ServiceIdentifier serviceIdentifier, Type implementationType, CallSiteChain callSiteChain)
   at Microsoft.Extensions.DependencyInjection.ServiceLookup.CallSiteFactory.TryCreateExact(ServiceDescriptor descriptor, ServiceIdentifier serviceIdentifier, CallSiteChain callSiteChain, Int32 slot)
   at Microsoft.Extensions.DependencyInjection.ServiceLookup.CallSiteFactory.TryCreateExact(ServiceIdentifier serviceIdentifier, CallSiteChain callSiteChain)
   at Microsoft.Extensions.DependencyInjection.ServiceLookup.CallSiteFactory.CreateCallSite(ServiceIdentifier serviceIdentifier, CallSiteChain callSiteChain)
   at Microsoft.Extensions.DependencyInjection.ServiceLookup.CallSiteFactory.GetCallSite(ServiceIdentifier serviceIdentifier, CallSiteChain callSiteChain)
   at Microsoft.Extensions.DependencyInjection.ServiceProvider.CreateServiceAccessor(ServiceIdentifier serviceIdentifier)
   at System.Collections.Concurrent.ConcurrentDictionary`2.GetOrAdd(TKey key, Func`2 valueFactory)
   at Microsoft.Extensions.DependencyInjection.ServiceProvider.GetService(ServiceIdentifier serviceIdentifier, ServiceProviderEngineScope serviceProviderEngineScope)
   at Microsoft.Extensions.DependencyInjection.ServiceProvider.GetService(Type serviceType)
   at Microsoft.Extensions.DependencyInjection.ServiceProviderServiceExtensions.GetRequiredService(IServiceProvider provider, Type serviceType)
   at Microsoft.Extensions.DependencyInjection.ServiceProviderServiceExtensions.GetRequiredService[T](IServiceProvider provider)
   at Microsoft.EntityFrameworkCore.DbContext..ctor(DbContextOptions options)
   at Microsoft.EntityFrameworkCore.DbContext..ctor()
   at Centazio.Providers.EF.CentazioDbContext..ctor()
   at Centazio.Providers.EF.AbstractStagedEntityRepositoryDbContext..ctor(String schema, String table) in C:\dev\projects\internal_projects\centazio3\src\Centazio.Providers\Centazio.Providers.EF\AbstractStagedEntityRepositoryDbContext.cs:line 7
   at Centazio.Providers.Sqlite.Stage.SqliteStagedEntityContext..ctor() in C:\dev\projects\internal_projects\centazio3\src\Centazio.Providers\Centazio.Providers.Sqlite\Stage\SqliteStagedEntityContext.cs:line 7
   at Centazio.Providers.Sqlite.Tests.Stage.SqliteStagedEntityRepositoryTests.<>c.<GetRepository>b__0_0() in C:\dev\projects\internal_projects\centazio3\tests\Centazio.Providers.Sqlite.Tests\Stage\SqliteStagedEntityRepositoryTests.cs:line 11
   at Centazio.Providers.EF.EFCoreStagedEntityRepository.Initialise() in C:\dev\projects\internal_projects\centazio3\src\Centazio.Providers\Centazio.Providers.EF\EFCoreStagedEntityRepository.cs:line 58
   at Centazio.Providers.Sqlite.Tests.Stage.SqliteStagedEntityRepositoryTests.GetRepository(Int32 limit, Func`2 checksum) in C:\dev\projects\internal_projects\centazio3\tests\Centazio.Providers.Sqlite.Tests\Stage\SqliteStagedEntityRepositoryTests.cs:line 11
   at Centazio.Test.Lib.BaseProviderTests.BaseStagedEntityRepositoryTests.SetUp() in C:\dev\projects\internal_projects\centazio3\src\Centazio.Test.Lib\BaseProviderTests\BaseStagedEntityRepositoryTests.cs:line 20
   at NUnit.Framework.Internal.TaskAwaitAdapter.GenericAdapter`1.GetResult()
   at NUnit.Framework.Internal.AsyncToSyncAdapter.Await[TResult](Func`1 invoke)
   at NUnit.Framework.Internal.AsyncToSyncAdapter.Await(Func`1 invoke)
   at NUnit.Framework.Internal.Commands.SetUpTearDownItem.RunSetUpOrTearDownMethod(TestExecutionContext context, IMethodInfo method)
   at NUnit.Framework.Internal.Commands.SetUpTearDownItem.RunSetUp(TestExecutionContext context)
   at NUnit.Framework.Internal.Commands.BeforeAndAfterTestCommand.<>c__DisplayClass1_0.<Execute>b__0()
   at NUnit.Framework.Internal.Commands.DelegatingTestCommand.RunTestMethodInThreadAbortSafeZone(TestExecutionContext context, Action action)
--TearDown
   at Centazio.Test.Lib.BaseProviderTests.BaseStagedEntityRepositoryTests.TearDown() in C:\dev\projects\internal_projects\centazio3\src\Centazio.Test.Lib\BaseProviderTests\BaseStagedEntityRepositoryTests.cs:line 24
   at NUnit.Framework.Internal.TaskAwaitAdapter.GenericAdapter`1.GetResult()
   at NUnit.Framework.Internal.AsyncToSyncAdapter.Await[TResult](Func`1 invoke)
   at NUnit.Framework.Internal.AsyncToSyncAdapter.Await(Func`1 invoke)
   at NUnit.Framework.Internal.Commands.SetUpTearDownItem.RunSetUpOrTearDownMethod(TestExecutionContext context, IMethodInfo method)
   at NUnit.Framework.Internal.Commands.SetUpTearDownItem.RunTearDown(TestExecutionContext context)]]></stack-trace>
                      </failure>
                    </test-case>
                    <test-case id="65-1003" name="Test_updating_single_entity" fullname="Centazio.Providers.Sqlite.Tests.Stage.SqliteStagedEntityRepositoryTests.Test_updating_single_entity" methodname="Test_updating_single_entity" classname="Centazio.Test.Lib.BaseProviderTests.BaseStagedEntityRepositoryTests" runstate="Runnable" seed="1146903487" result="Failed" label="Error" start-time="2024-10-27T22:06:16.4569156Z" end-time="2024-10-27T22:06:16.4574330Z" duration="0.000518" asserts="0">
                      <failure>
                        <message><![CDATA[System.MissingMethodException : Method not found: 'System.String System.String.Join(System.String, System.ReadOnlySpan`1<System.Object>)'.
TearDown : System.NullReferenceException : Object reference not set to an instance of an object.]]></message>
                        <stack-trace><![CDATA[   at Microsoft.Extensions.DependencyInjection.ServiceLookup.CallSiteFactory.CreateConstructorCallSite(ResultCache lifetime, ServiceIdentifier serviceIdentifier, Type implementationType, CallSiteChain callSiteChain)
   at Microsoft.Extensions.DependencyInjection.ServiceLookup.CallSiteFactory.TryCreateExact(ServiceDescriptor descriptor, ServiceIdentifier serviceIdentifier, CallSiteChain callSiteChain, Int32 slot)
   at Microsoft.Extensions.DependencyInjection.ServiceLookup.CallSiteFactory.TryCreateExact(ServiceIdentifier serviceIdentifier, CallSiteChain callSiteChain)
   at Microsoft.Extensions.DependencyInjection.ServiceLookup.CallSiteFactory.CreateCallSite(ServiceIdentifier serviceIdentifier, CallSiteChain callSiteChain)
   at Microsoft.Extensions.DependencyInjection.ServiceLookup.CallSiteFactory.GetCallSite(ServiceIdentifier serviceIdentifier, CallSiteChain callSiteChain)
   at Microsoft.Extensions.DependencyInjection.ServiceProvider.CreateServiceAccessor(ServiceIdentifier serviceIdentifier)
   at System.Collections.Concurrent.ConcurrentDictionary`2.GetOrAdd(TKey key, Func`2 valueFactory)
   at Microsoft.Extensions.DependencyInjection.ServiceProvider.GetService(ServiceIdentifier serviceIdentifier, ServiceProviderEngineScope serviceProviderEngineScope)
   at Microsoft.Extensions.DependencyInjection.ServiceProvider.GetService(Type serviceType)
   at Microsoft.Extensions.DependencyInjection.ServiceProviderServiceExtensions.GetRequiredService(IServiceProvider provider, Type serviceType)
   at Microsoft.Extensions.DependencyInjection.ServiceProviderServiceExtensions.GetRequiredService[T](IServiceProvider provider)
   at Microsoft.EntityFrameworkCore.DbContext..ctor(DbContextOptions options)
   at Microsoft.EntityFrameworkCore.DbContext..ctor()
   at Centazio.Providers.EF.CentazioDbContext..ctor()
   at Centazio.Providers.EF.AbstractStagedEntityRepositoryDbContext..ctor(String schema, String table) in C:\dev\projects\internal_projects\centazio3\src\Centazio.Providers\Centazio.Providers.EF\AbstractStagedEntityRepositoryDbContext.cs:line 7
   at Centazio.Providers.Sqlite.Stage.SqliteStagedEntityContext..ctor() in C:\dev\projects\internal_projects\centazio3\src\Centazio.Providers\Centazio.Providers.Sqlite\Stage\SqliteStagedEntityContext.cs:line 7
   at Centazio.Providers.Sqlite.Tests.Stage.SqliteStagedEntityRepositoryTests.<>c.<GetRepository>b__0_0() in C:\dev\projects\internal_projects\centazio3\tests\Centazio.Providers.Sqlite.Tests\Stage\SqliteStagedEntityRepositoryTests.cs:line 11
   at Centazio.Providers.EF.EFCoreStagedEntityRepository.Initialise() in C:\dev\projects\internal_projects\centazio3\src\Centazio.Providers\Centazio.Providers.EF\EFCoreStagedEntityRepository.cs:line 58
   at Centazio.Providers.Sqlite.Tests.Stage.SqliteStagedEntityRepositoryTests.GetRepository(Int32 limit, Func`2 checksum) in C:\dev\projects\internal_projects\centazio3\tests\Centazio.Providers.Sqlite.Tests\Stage\SqliteStagedEntityRepositoryTests.cs:line 11
   at Centazio.Test.Lib.BaseProviderTests.BaseStagedEntityRepositoryTests.SetUp() in C:\dev\projects\internal_projects\centazio3\src\Centazio.Test.Lib\BaseProviderTests\BaseStagedEntityRepositoryTests.cs:line 20
   at NUnit.Framework.Internal.TaskAwaitAdapter.GenericAdapter`1.GetResult()
   at NUnit.Framework.Internal.AsyncToSyncAdapter.Await[TResult](Func`1 invoke)
   at NUnit.Framework.Internal.AsyncToSyncAdapter.Await(Func`1 invoke)
   at NUnit.Framework.Internal.Commands.SetUpTearDownItem.RunSetUpOrTearDownMethod(TestExecutionContext context, IMethodInfo method)
   at NUnit.Framework.Internal.Commands.SetUpTearDownItem.RunSetUp(TestExecutionContext context)
   at NUnit.Framework.Internal.Commands.BeforeAndAfterTestCommand.<>c__DisplayClass1_0.<Execute>b__0()
   at NUnit.Framework.Internal.Commands.DelegatingTestCommand.RunTestMethodInThreadAbortSafeZone(TestExecutionContext context, Action action)
--TearDown
   at Centazio.Test.Lib.BaseProviderTests.BaseStagedEntityRepositoryTests.TearDown() in C:\dev\projects\internal_projects\centazio3\src\Centazio.Test.Lib\BaseProviderTests\BaseStagedEntityRepositoryTests.cs:line 24
   at NUnit.Framework.Internal.TaskAwaitAdapter.GenericAdapter`1.GetResult()
   at NUnit.Framework.Internal.AsyncToSyncAdapter.Await[TResult](Func`1 invoke)
   at NUnit.Framework.Internal.AsyncToSyncAdapter.Await(Func`1 invoke)
   at NUnit.Framework.Internal.Commands.SetUpTearDownItem.RunSetUpOrTearDownMethod(TestExecutionContext context, IMethodInfo method)
   at NUnit.Framework.Internal.Commands.SetUpTearDownItem.RunTearDown(TestExecutionContext context)]]></stack-trace>
                      </failure>
                    </test-case>
                  </test-suite>
                </test-suite>
              </test-suite>
            </test-suite>
          </test-suite>
        </test-suite>
      </test-suite>
    </test-suite>
    <test-suite type="Assembly" id="66-1" name="Centazio.Providers.EF.dll" fullname="C:\dev\projects\internal_projects\centazio3\src\Centazio.Providers\Centazio.Providers.EF\bin\Debug\net9.0\Centazio.Providers.EF.dll" testcasecount="0" runstate="Runnable" result="Skipped" label="NoTests">
      <properties>
        <property name="_SKIPREASON" value="Skipping non-test assembly" />
      </properties>
      <reason>
        <message>Skipping non-test assembly</message>
      </reason>
    </test-suite>
    <test-suite type="Assembly" id="67-1" name="Centazio.Providers.EF.Tests.dll" fullname="C:\dev\projects\internal_projects\centazio3\tests\Centazio.Providers.EF.Tests\bin\Debug\net9.0\Centazio.Providers.EF.Tests.dll" testcasecount="0" runstate="Runnable" result="Skipped" label="NoTests">
      <properties>
        <property name="_SKIPREASON" value="Skipping non-test assembly" />
      </properties>
      <reason>
        <message>Skipping non-test assembly</message>
      </reason>
    </test-suite>
  </test-suite>
</test-run>